/home/willy/install/manipulation/lib/python3.10/site-packages/manipulation/marker_pose.py
/home/willy/install/manipulation/lib/python3.10/site-packages/manipulation/grasper.py
/home/willy/install/manipulation/lib/python3.10/site-packages/manipulation/home.py
/home/willy/install/manipulation/lib/python3.10/site-packages/manipulation/__init__.py
/home/willy/install/manipulation/lib/python3.10/site-packages/manipulation/__pycache__/marker_pose.cpython-310.pyc
/home/willy/install/manipulation/lib/python3.10/site-packages/manipulation/__pycache__/grasper.cpython-310.pyc
/home/willy/install/manipulation/lib/python3.10/site-packages/manipulation/__pycache__/home.cpython-310.pyc
/home/willy/install/manipulation/lib/python3.10/site-packages/manipulation/__pycache__/__init__.cpython-310.pyc
/home/willy/install/manipulation/share/ament_index/resource_index/packages/manipulation
/home/willy/install/manipulation/share/manipulation/package.xml
/home/willy/install/manipulation/share/manipulation/config
/home/willy/install/manipulation/share/manipulation/launch
/home/willy/install/manipulation/lib/python3.10/site-packages/manipulation-0.0.0-py3.10.egg-info/SOURCES.txt
/home/willy/install/manipulation/lib/python3.10/site-packages/manipulation-0.0.0-py3.10.egg-info/zip-safe
/home/willy/install/manipulation/lib/python3.10/site-packages/manipulation-0.0.0-py3.10.egg-info/requires.txt
/home/willy/install/manipulation/lib/python3.10/site-packages/manipulation-0.0.0-py3.10.egg-info/entry_points.txt
/home/willy/install/manipulation/lib/python3.10/site-packages/manipulation-0.0.0-py3.10.egg-info/dependency_links.txt
/home/willy/install/manipulation/lib/python3.10/site-packages/manipulation-0.0.0-py3.10.egg-info/top_level.txt
/home/willy/install/manipulation/lib/python3.10/site-packages/manipulation-0.0.0-py3.10.egg-info/PKG-INFO
/home/willy/install/manipulation/lib/manipulation/grasper
