=== dock_grab.sh started at Mon Apr  6 03:55:40 PM EDT 2026 ===
Freeing robot process...
Done!
=== Launching all nodes ===
Waiting for Nav2 action server...
[INFO] [launch]: All log files can be found below /home/willy/.ros/log/2026-04-06-15-55-41-231778-stretch-re2-2204-39208
[INFO] [launch]: Default logging verbosity is set to INFO
[INFO] [launch]: All log files can be found below /home/willy/.ros/log/2026-04-06-15-55-41-248824-stretch-re2-2204-39209
[INFO] [launch]: Default logging verbosity is set to INFO
[INFO] [launch.user]: D435i launched in high resolution
[INFO] [realsense2_camera_node-1]: process started with pid [39274]
[INFO] [d435i_accel_correction-2]: process started with pid [39276]
Nav2 is up!
Setting initial pose...
[realsense2_camera_node-1] [0m[INFO] [1775505341.584831474] [camera]: RealSense ROS v4.55.1[0m
[realsense2_camera_node-1] [0m[INFO] [1775505341.584955560] [camera]: Built with LibRealSense v2.56.4[0m
[realsense2_camera_node-1] [0m[INFO] [1775505341.584990479] [camera]: Running with LibRealSense v2.56.4[0m
[realsense2_camera_node-1] [0m[INFO] [1775505341.608422683] [camera]: Device with serial number 218622278011 was found.
[realsense2_camera_node-1] [0m
[realsense2_camera_node-1] [0m[INFO] [1775505341.608583960] [camera]: Device with physical ID /sys/devices/pci0000:00/0000:00:14.0/usb3/3-2/3-2.3/3-2.3.3/3-2.3.3.1/3-2.3.3.1:1.0/video4linux/video6 was found.[0m
[realsense2_camera_node-1] [0m[INFO] [1775505341.608621139] [camera]: Device with name Intel RealSense D405 was found.[0m
[realsense2_camera_node-1] [0m[INFO] [1775505341.608835715] [camera]: Device with port number 3-2.3.3.1 was found.[0m
[realsense2_camera_node-1] [31m[ERROR] [1775505341.608913529] [camera]: The requested device with device name containing d435 is NOT found. Will Try again.[0m
[INFO] [1775505341.880832227] [aruco_base_frame_estimator]: aruco_base_frame_estimator started
[d435i_accel_correction-2] [INFO] [1775505341.903343842] [d435i_accel_correction_node]: d435i_accel_correction_node started
[INFO] [stretch_driver-3]: process started with pid [39424]
[INFO] [joint_state_publisher-1]: process started with pid [39420]
[INFO] [robot_state_publisher-2]: process started with pid [39422]
[INFO] [sllidar_node-4]: process started with pid [39426]
[INFO] [scan_to_scan_filter_chain-5]: process started with pid [39428]
[INFO] [joy_node-6]: process started with pid [39430]
[INFO] [teleop_node-7]: process started with pid [39432]
[INFO] [map_server-8]: process started with pid [39434]
[INFO] [amcl-9]: process started with pid [39436]
[INFO] [lifecycle_manager-10]: process started with pid [39438]
[INFO] [controller_server-11]: process started with pid [39440]
[INFO] [planner_server-12]: process started with pid [39442]
[INFO] [behavior_server-13]: process started with pid [39444]
[INFO] [bt_navigator-14]: process started with pid [39448]
[INFO] [waypoint_follower-15]: process started with pid [39450]
[INFO] [lifecycle_manager-16]: process started with pid [39579]
[INFO] [rviz2-17]: process started with pid [39581]
[sllidar_node-4] [INFO] [1775505342.298817383] [sllidar_node]: SLLidar running on ROS2 package SLLidar.ROS2 SDK Version:1.0.1, SLLIDAR SDK Version:2.1.0
[teleop_node-7] [INFO] [1775505342.363611150] [TeleopTwistJoy]: Teleop enable button 4.
[teleop_node-7] [INFO] [1775505342.363703657] [TeleopTwistJoy]: Linear axis x on 4 at scale 0.500000.
[teleop_node-7] [INFO] [1775505342.363720443] [TeleopTwistJoy]: Angular axis yaw on 3 at scale 0.500000.
[map_server-8] [INFO] [1775505342.363527356] [map_server]: 
[map_server-8] 	map_server lifecycle node launched. 
[map_server-8] 	Waiting on external lifecycle transitions to activate
[map_server-8] 	See https://design.ros2.org/articles/node_lifecycle.html for more information.
[map_server-8] [INFO] [1775505342.363709359] [map_server]: Creating
[amcl-9] [INFO] [1775505342.336571401] [amcl]: 
[amcl-9] 	amcl lifecycle node launched. 
[amcl-9] 	Waiting on external lifecycle transitions to activate
[amcl-9] 	See https://design.ros2.org/articles/node_lifecycle.html for more information.
[amcl-9] [INFO] [1775505342.343847191] [amcl]: Creating
[lifecycle_manager-10] [INFO] [1775505342.335972732] [lifecycle_manager_localization]: Creating
[lifecycle_manager-10] [INFO] [1775505342.338756470] [lifecycle_manager_localization]: [34m[1mCreating and initializing lifecycle service clients[0m[0m
[controller_server-11] [INFO] [1775505342.327005269] [controller_server]: 
[controller_server-11] 	controller_server lifecycle node launched. 
[controller_server-11] 	Waiting on external lifecycle transitions to activate
[controller_server-11] 	See https://design.ros2.org/articles/node_lifecycle.html for more information.
[controller_server-11] [INFO] [1775505342.366126788] [controller_server]: Creating controller server
[planner_server-12] [INFO] [1775505342.356558362] [planner_server]: 
[planner_server-12] 	planner_server lifecycle node launched. 
[planner_server-12] 	Waiting on external lifecycle transitions to activate
[planner_server-12] 	See https://design.ros2.org/articles/node_lifecycle.html for more information.
[planner_server-12] [INFO] [1775505342.370656449] [planner_server]: Creating
[planner_server-12] [INFO] [1775505342.406316420] [global_costmap.global_costmap]: 
[planner_server-12] 	global_costmap lifecycle node launched. 
[planner_server-12] 	Waiting on external lifecycle transitions to activate
[planner_server-12] 	See https://design.ros2.org/articles/node_lifecycle.html for more information.
[planner_server-12] [INFO] [1775505342.412289044] [global_costmap.global_costmap]: Creating Costmap
[behavior_server-13] [INFO] [1775505342.407269871] [behavior_server]: 
[behavior_server-13] 	behavior_server lifecycle node launched. 
[behavior_server-13] 	Waiting on external lifecycle transitions to activate
[behavior_server-13] 	See https://design.ros2.org/articles/node_lifecycle.html for more information.
[bt_navigator-14] [INFO] [1775505342.340488378] [bt_navigator]: 
[bt_navigator-14] 	bt_navigator lifecycle node launched. 
[bt_navigator-14] 	Waiting on external lifecycle transitions to activate
[bt_navigator-14] 	See https://design.ros2.org/articles/node_lifecycle.html for more information.
[bt_navigator-14] [INFO] [1775505342.348178034] [bt_navigator]: Creating
[waypoint_follower-15] [INFO] [1775505342.411329732] [waypoint_follower]: 
[waypoint_follower-15] 	waypoint_follower lifecycle node launched. 
[waypoint_follower-15] 	Waiting on external lifecycle transitions to activate
[waypoint_follower-15] 	See https://design.ros2.org/articles/node_lifecycle.html for more information.
[waypoint_follower-15] [INFO] [1775505342.412502002] [waypoint_follower]: Creating
[controller_server-11] [INFO] [1775505342.413007441] [local_costmap.local_costmap]: 
[controller_server-11] 	local_costmap lifecycle node launched. 
[controller_server-11] 	Waiting on external lifecycle transitions to activate
[controller_server-11] 	See https://design.ros2.org/articles/node_lifecycle.html for more information.
[controller_server-11] [INFO] [1775505342.414412112] [local_costmap.local_costmap]: Creating Costmap
[scan_to_scan_filter_chain-5] [INFO] [1775505342.422288279] [laser_filter]: In shadow configure done
[scan_to_scan_filter_chain-5] [WARN] [1775505342.427682897] [rcl.logging_rosout]: Publisher already registered for provided node name. If this is due to multiple nodes with the same name then all logs for that logger name will go out over the existing publisher. As soon as any node with that name is destructed it will unregister the publisher, preventing any further logs for that name from being published on the rosout topic.
[lifecycle_manager-10] [INFO] [1775505342.495060818] [lifecycle_manager_localization]: [34m[1mStarting managed nodes bringup...[0m[0m
[lifecycle_manager-10] [INFO] [1775505342.495196288] [lifecycle_manager_localization]: [34m[1mConfiguring map_server[0m[0m
[lifecycle_manager-16] [INFO] [1775505342.499843975] [lifecycle_manager_navigation]: Creating
[lifecycle_manager-16] [INFO] [1775505342.510681121] [lifecycle_manager_navigation]: [34m[1mCreating and initializing lifecycle service clients[0m[0m
[map_server-8] [INFO] [1775505342.524384472] [map_server]: Configuring
[map_server-8] [INFO] [1775505342.528826713] [map_io]: Loading yaml file: /home/willy/stretch_user/maps/testing_map.yaml
[map_server-8] [INFO] [1775505342.530410130] [map_io]: resolution: 0.05
[map_server-8] [INFO] [1775505342.530459198] [map_io]: origin[0]: -11.5
[map_server-8] [INFO] [1775505342.530467248] [map_io]: origin[1]: -1.71
[map_server-8] [INFO] [1775505342.530471924] [map_io]: origin[2]: 0
[map_server-8] [INFO] [1775505342.530476672] [map_io]: free_thresh: 0.25
[map_server-8] [INFO] [1775505342.530480978] [map_io]: occupied_thresh: 0.65
[map_server-8] [INFO] [1775505342.530487363] [map_io]: mode: trinary
[map_server-8] [INFO] [1775505342.530566942] [map_io]: negate: 0
[map_server-8] [INFO] [1775505342.530927225] [map_io]: Loading image_file: /home/willy/stretch_user/maps/testing_map.pgm
[map_server-8] [INFO] [1775505342.568255965] [map_io]: Read map /home/willy/stretch_user/maps/testing_map.pgm: 416 X 249 map @ 0.05 m/cell
[lifecycle_manager-10] [INFO] [1775505342.667717232] [lifecycle_manager_localization]: [34m[1mConfiguring amcl[0m[0m
[amcl-9] [INFO] [1775505342.672610146] [amcl]: Configuring
[amcl-9] [INFO] [1775505342.672831723] [amcl]: initTransforms
[amcl-9] [INFO] [1775505342.748936322] [amcl]: initPubSub
[amcl-9] [INFO] [1775505342.761594376] [amcl]: Subscribed to map topic.
[amcl-9] [INFO] [1775505342.770918277] [amcl]: Received a 416 X 249 map @ 0.050 m/pix
[lifecycle_manager-10] [INFO] [1775505342.774058479] [lifecycle_manager_localization]: [34m[1mActivating map_server[0m[0m
[map_server-8] [INFO] [1775505342.774568748] [map_server]: Activating
[map_server-8] [INFO] [1775505342.774940300] [map_server]: Creating bond (map_server) to lifecycle manager.
[amcl-9] [INFO] [1775505342.775097395] [amcl]: Received a 416 X 249 map @ 0.050 m/pix
[lifecycle_manager-10] [INFO] [1775505342.883675615] [lifecycle_manager_localization]: Server map_server connected with bond.
[lifecycle_manager-10] [INFO] [1775505342.883869350] [lifecycle_manager_localization]: [34m[1mActivating amcl[0m[0m
[amcl-9] [INFO] [1775505342.884867870] [amcl]: Activating
[amcl-9] [INFO] [1775505342.884922939] [amcl]: Creating bond (amcl) to lifecycle manager.
[lifecycle_manager-10] [INFO] [1775505343.006455386] [lifecycle_manager_localization]: Server amcl connected with bond.
[lifecycle_manager-10] [INFO] [1775505343.006532885] [lifecycle_manager_localization]: [34m[1mManaged nodes are active[0m[0m
[lifecycle_manager-10] [INFO] [1775505343.006543165] [lifecycle_manager_localization]: [34m[1mCreating bond timer...[0m[0m
publisher: beginning loop
publishing #1: geometry_msgs.msg.PoseWithCovarianceStamped(header=std_msgs.msg.Header(stamp=builtin_interfaces.msg.Time(sec=0, nanosec=0), frame_id='map'), pose=geometry_msgs.msg.PoseWithCovariance(pose=geometry_msgs.msg.Pose(position=geometry_msgs.msg.Point(x=0.0, y=0.0, z=0.0), orientation=geometry_msgs.msg.Quaternion(x=0.0, y=0.0, z=0.0, w=1.0)), covariance=array([0.25, 0.  , 0.  , 0.  , 0.  , 0.  , 0.  , 0.25, 0.  , 0.  , 0.  ,
       0.  , 0.  , 0.  , 0.  , 0.  , 0.  , 0.  , 0.  , 0.  , 0.  , 0.  ,
       0.  , 0.  , 0.  , 0.  , 0.  , 0.  , 0.  , 0.  , 0.  , 0.  , 0.  ,
       0.  , 0.  , 0.07])))

[amcl-9] [INFO] [1775505343.198229344] [amcl]: initialPoseReceived
[amcl-9] [INFO] [1775505343.198422827] [amcl]: Setting pose (1775505343.198423): 0.000 0.000 0.000
[joy_node-6] [INFO] [1775505343.210535340] [joy_node]: Opened joystick: Controller 1.05.  deadzone: 0.050000
[scan_to_scan_filter_chain-5] [WARN] [1775505343.391384720] [laser_filter]: diagnostic_updater: No HW_ID was set. This is probably a bug. Please report it. For devices that do not have a HW_ID, set this value to 'none'. This warning only occurs once all diagnostics are OK. It is okay to wait until the device is open before calling setHardwareID.
[INFO] [1775505343.492094646] [object_grasper]: object_grasper started
[rviz2-17] [INFO] [1775505343.538799109] [rviz2]: Stereo is NOT SUPPORTED
[rviz2-17] [INFO] [1775505343.539064777] [rviz2]: OpenGl version: 4.5 (GLSL 4.5)
[lifecycle_manager-16] [INFO] [1775505343.542369003] [lifecycle_manager_navigation]: [34m[1mStarting managed nodes bringup...[0m[0m
[lifecycle_manager-16] [INFO] [1775505343.542466357] [lifecycle_manager_navigation]: [34m[1mConfiguring controller_server[0m[0m
[controller_server-11] [INFO] [1775505343.542809053] [controller_server]: Configuring controller interface
[controller_server-11] [INFO] [1775505343.543394381] [controller_server]: getting goal checker plugins..
[controller_server-11] [INFO] [1775505343.543830983] [controller_server]: Controller frequency set to 20.0000Hz
[controller_server-11] [INFO] [1775505343.543926373] [local_costmap.local_costmap]: Configuring
[controller_server-11] [INFO] [1775505343.556572832] [local_costmap.local_costmap]: Using plugin "obstacle_layer"
[controller_server-11] [INFO] [1775505343.563397654] [local_costmap.local_costmap]: Subscribed to Topics: scan
[controller_server-11] [INFO] [1775505343.570775909] [local_costmap.local_costmap]: Initialized plugin "obstacle_layer"
[controller_server-11] [INFO] [1775505343.570850768] [local_costmap.local_costmap]: Using plugin "voxel_layer"
[controller_server-11] [INFO] [1775505343.572997497] [local_costmap.local_costmap]: Subscribed to Topics: scan
[controller_server-11] [INFO] [1775505343.582942542] [local_costmap.local_costmap]: Initialized plugin "voxel_layer"
[controller_server-11] [INFO] [1775505343.583048059] [local_costmap.local_costmap]: Using plugin "inflation_layer"
[controller_server-11] [INFO] [1775505343.585028262] [local_costmap.local_costmap]: Initialized plugin "inflation_layer"
[controller_server-11] [INFO] [1775505343.598142076] [controller_server]: Created progress_checker : progress_checker of type nav2_controller::SimpleProgressChecker
[controller_server-11] [INFO] [1775505343.600158495] [controller_server]: Created goal checker : general_goal_checker of type nav2_controller::SimpleGoalChecker
[controller_server-11] [INFO] [1775505343.601099092] [controller_server]: Controller Server has general_goal_checker  goal checkers available.
[controller_server-11] [INFO] [1775505343.603418109] [controller_server]: Created controller : FollowPath of type dwb_core::DWBLocalPlanner
[controller_server-11] [INFO] [1775505343.607330095] [controller_server]: Setting transform_tolerance to 0.200000
[controller_server-11] [INFO] [1775505343.625586511] [controller_server]: Using critic "RotateToGoal" (dwb_critics::RotateToGoalCritic)
[controller_server-11] [INFO] [1775505343.627283251] [controller_server]: Critic plugin initialized
[controller_server-11] [INFO] [1775505343.627701474] [controller_server]: Using critic "Oscillation" (dwb_critics::OscillationCritic)
[controller_server-11] [INFO] [1775505343.629909459] [controller_server]: Critic plugin initialized
[controller_server-11] [INFO] [1775505343.630329173] [controller_server]: Using critic "BaseObstacle" (dwb_critics::BaseObstacleCritic)
[controller_server-11] [INFO] [1775505343.631064449] [controller_server]: Critic plugin initialized
[controller_server-11] [INFO] [1775505343.631475457] [controller_server]: Using critic "GoalAlign" (dwb_critics::GoalAlignCritic)
[controller_server-11] [INFO] [1775505343.632524993] [controller_server]: Critic plugin initialized
[controller_server-11] [INFO] [1775505343.632895420] [controller_server]: Using critic "PathAlign" (dwb_critics::PathAlignCritic)
[controller_server-11] [INFO] [1775505343.633925172] [controller_server]: Critic plugin initialized
[controller_server-11] [INFO] [1775505343.634313194] [controller_server]: Using critic "PathDist" (dwb_critics::PathDistCritic)
[controller_server-11] [INFO] [1775505343.634956593] [controller_server]: Critic plugin initialized
[controller_server-11] [INFO] [1775505343.635331981] [controller_server]: Using critic "GoalDist" (dwb_critics::GoalDistCritic)
[controller_server-11] [INFO] [1775505343.636076524] [controller_server]: Critic plugin initialized
[controller_server-11] [INFO] [1775505343.636513708] [controller_server]: Using critic "PreferForward" (dwb_critics::PreferForwardCritic)
[controller_server-11] [INFO] [1775505343.638237397] [controller_server]: Critic plugin initialized
[controller_server-11] [INFO] [1775505343.638294286] [controller_server]: Controller Server has FollowPath  controllers available.
[lifecycle_manager-16] [INFO] [1775505343.650676090] [lifecycle_manager_navigation]: [34m[1mConfiguring planner_server[0m[0m
[planner_server-12] [INFO] [1775505343.651016883] [planner_server]: Configuring
[planner_server-12] [INFO] [1775505343.651071623] [global_costmap.global_costmap]: Configuring
[planner_server-12] [INFO] [1775505343.662367004] [global_costmap.global_costmap]: Using plugin "static_layer"
[planner_server-12] [INFO] [1775505343.668046983] [global_costmap.global_costmap]: Subscribing to the map topic (/map) with transient local durability
[planner_server-12] [INFO] [1775505343.669930773] [global_costmap.global_costmap]: Initialized plugin "static_layer"
[planner_server-12] [INFO] [1775505343.670029536] [global_costmap.global_costmap]: Using plugin "obstacle_layer"
[planner_server-12] [INFO] [1775505343.672387263] [global_costmap.global_costmap]: Subscribed to Topics: scan
[planner_server-12] [INFO] [1775505343.678935185] [global_costmap.global_costmap]: Initialized plugin "obstacle_layer"
[planner_server-12] [INFO] [1775505343.679037556] [global_costmap.global_costmap]: Using plugin "voxel_layer"
[planner_server-12] [INFO] [1775505343.681940432] [global_costmap.global_costmap]: Subscribed to Topics: scan
[planner_server-12] [INFO] [1775505343.692023491] [global_costmap.global_costmap]: Initialized plugin "voxel_layer"
[planner_server-12] [INFO] [1775505343.692088057] [global_costmap.global_costmap]: Using plugin "inflation_layer"
[planner_server-12] [INFO] [1775505343.694130931] [global_costmap.global_costmap]: Initialized plugin "inflation_layer"
[rviz2-17] [INFO] [1775505343.695758820] [rviz2]: Stereo is NOT SUPPORTED
[planner_server-12] [INFO] [1775505343.709101240] [global_costmap.global_costmap]: StaticLayer: Resizing costmap to 416 X 249 at 0.050000 m/pix
[planner_server-12] [INFO] [1775505343.709667287] [planner_server]: Created global planner plugin GridBased of type nav2_navfn_planner/NavfnPlanner
[planner_server-12] [INFO] [1775505343.709708301] [planner_server]: Configuring plugin GridBased of type NavfnPlanner
[planner_server-12] [INFO] [1775505343.712125188] [planner_server]: Planner Server has GridBased  planners available.
[lifecycle_manager-16] [INFO] [1775505343.728441272] [lifecycle_manager_navigation]: [34m[1mConfiguring behavior_server[0m[0m
[behavior_server-13] [INFO] [1775505343.728925887] [behavior_server]: Configuring
[behavior_server-13] [INFO] [1775505343.741414584] [behavior_server]: Creating behavior plugin spin of type nav2_behaviors/Spin
[behavior_server-13] [INFO] [1775505343.742843096] [behavior_server]: Configuring spin
[behavior_server-13] [INFO] [1775505343.754566588] [behavior_server]: Creating behavior plugin backup of type nav2_behaviors/BackUp
[behavior_server-13] [INFO] [1775505343.756271545] [behavior_server]: Configuring backup
[behavior_server-13] [INFO] [1775505343.770796727] [behavior_server]: Creating behavior plugin drive_on_heading of type nav2_behaviors/DriveOnHeading
[behavior_server-13] [INFO] [1775505343.772279683] [behavior_server]: Configuring drive_on_heading
[behavior_server-13] [INFO] [1775505343.784232559] [behavior_server]: Creating behavior plugin assisted_teleop of type nav2_behaviors/AssistedTeleop
[behavior_server-13] [INFO] [1775505343.785944565] [behavior_server]: Configuring assisted_teleop
[behavior_server-13] [INFO] [1775505343.798225926] [behavior_server]: Creating behavior plugin wait of type nav2_behaviors/Wait
[behavior_server-13] [INFO] [1775505343.799144210] [behavior_server]: Configuring wait
[lifecycle_manager-16] [INFO] [1775505343.808025222] [lifecycle_manager_navigation]: [34m[1mConfiguring bt_navigator[0m[0m
[bt_navigator-14] [INFO] [1775505343.808434313] [bt_navigator]: Configuring
[amcl-9] [WARN] [1775505343.853712648] [amcl]: New subscription discovered on topic '/particle_cloud', requesting incompatible QoS. No messages will be sent to it. Last incompatible policy: RELIABILITY_QOS_POLICY
[lifecycle_manager-16] [INFO] [1775505343.965872749] [lifecycle_manager_navigation]: [34m[1mConfiguring waypoint_follower[0m[0m
[waypoint_follower-15] [INFO] [1775505343.966290109] [waypoint_follower]: Configuring
[waypoint_follower-15] [INFO] [1775505343.995164709] [waypoint_follower]: Created waypoint_task_executor : wait_at_waypoint of type nav2_waypoint_follower::WaitAtWaypoint
[lifecycle_manager-16] [INFO] [1775505343.999097243] [lifecycle_manager_navigation]: [34m[1mActivating controller_server[0m[0m
[controller_server-11] [INFO] [1775505344.000520811] [controller_server]: Activating
[controller_server-11] [INFO] [1775505344.000640753] [local_costmap.local_costmap]: Activating
[controller_server-11] [INFO] [1775505344.000676757] [local_costmap.local_costmap]: Checking transform
[controller_server-11] [INFO] [1775505344.000809104] [local_costmap.local_costmap]: Timed out waiting for transform from base_link to odom to become available, tf error: Invalid frame ID "odom" passed to canTransform argument target_frame - frame does not exist
[rviz2-17] [INFO] [1775505344.230324137] [rviz2]: Trying to create a map of size 416 x 249 using 1 swatches
[rviz2-17] [ERROR] [1775505344.236714444] [rviz2]: Vertex Program:rviz/glsl120/indexed_8bit_image.vert Fragment Program:rviz/glsl120/indexed_8bit_image.frag GLSL link result : 
[rviz2-17] active samplers with a different type refer to the same texture image unit
[stretch_driver-3] [0m[INFO] [1775505344.403557345] [stretch_driver]: For use with S T R E T C H (TM) RESEARCH EDITION from Hello Robot Inc.[0m
[stretch_driver-3] [0m[INFO] [1775505344.403845173] [stretch_driver]: stretch_driver started[0m
Waiting for AMCL to localize...
[controller_server-11] [INFO] [1775505344.500810185] [local_costmap.local_costmap]: Timed out waiting for transform from base_link to odom to become available, tf error: Invalid frame ID "odom" passed to canTransform argument target_frame - frame does not exist
[sllidar_node-4] [ERROR] [1775505344.802435563] [sllidar_node]: Error, operation time out. SL_RESULT_OPERATION_TIMEOUT! 
[controller_server-11] [INFO] [1775505345.000842292] [local_costmap.local_costmap]: Timed out waiting for transform from base_link to odom to become available, tf error: Invalid frame ID "odom" passed to canTransform argument target_frame - frame does not exist
[stretch_driver-3] Key mapped to End-Of-Arm Tool: tool_stretch_dex_wrist
[stretch_driver-3] Unable to load URDF: /home/willy/.local/lib/python3.10/site-packages/stretch_urdf/RE2V0/stretch_description_RE2V0_tool_stretch_dex_wrist.urdf. Disabling collision system.
[controller_server-11] [INFO] [1775505345.500849141] [local_costmap.local_costmap]: Timed out waiting for transform from base_link to odom to become available, tf error: Invalid frame ID "odom" passed to canTransform argument target_frame - frame does not exist
[ERROR] [sllidar_node-4]: process has died [pid 39426, exit code 255, cmd '/home/willy/ament_ws/install/sllidar_ros2/lib/sllidar_ros2/sllidar_node --ros-args -r __node:=sllidar_node --params-file /tmp/launch_params_zhwy88ud'].
[controller_server-11] [INFO] [1775505346.000867651] [local_costmap.local_costmap]: Timed out waiting for transform from base_link to odom to become available, tf error: Invalid frame ID "odom" passed to canTransform argument target_frame - frame does not exist
[stretch_driver-3] [0m[INFO] [1775505346.198074112] [stretch_driver]: broadcast_odom_tf = True[0m
[stretch_driver-3] [0m[INFO] [1775505346.250134275] [stretch_driver]: rate = 30.0 Hz[0m
[stretch_driver-3] [0m[INFO] [1775505346.250507784] [stretch_driver]: twist timeout = 0.5 s[0m
[stretch_driver-3] [0m[INFO] [1775505346.251059099] [stretch_driver]: base_frame_id = base_link[0m
[stretch_driver-3] [0m[INFO] [1775505346.251599620] [stretch_driver]: odom_frame_id = odom[0m
[stretch_driver-3] [0m[INFO] [1775505346.339159972] [stretch_driver]: Changed to mode = navigation[0m
[controller_server-11] [INFO] [1775505346.501283000] [local_costmap.local_costmap]: start
[INFO] [1775505346.527783742] [aruco_base_frame_estimator]: Node aruco_base_frame_estimator connected to /home_the_robot service.
[INFO] [1775505346.532397513] [aruco_base_frame_estimator]: Node aruco_base_frame_estimator connected to /stow_the_robot service.
[INFO] [1775505346.535370822] [aruco_base_frame_estimator]: Node aruco_base_frame_estimator connected to /stop_the_robot service.
[INFO] [1775505346.538160896] [aruco_base_frame_estimator]: Node aruco_base_frame_estimator connected to /switch_to_trajectory_mode service.
[INFO] [1775505346.545670445] [aruco_base_frame_estimator]: Node aruco_base_frame_estimator connected to /switch_to_position_mode service.
[INFO] [1775505346.554106718] [aruco_base_frame_estimator]: Node aruco_base_frame_estimator connected to /switch_to_navigation_mode service.
[INFO] [1775505346.554931637] [aruco_base_frame_estimator]: Moving head camera to detection orientation...
[WARN] [1775505346.555468545] [aruco_base_frame_estimator]: Currently in navigation mode. Recommend switching either to position or trajectory mode
[WARN] [1775505346.555877104] [aruco_base_frame_estimator]: Commanding joint trajectory server in position mode
[stretch_driver-3] [0m[INFO] [1775505346.570607919] [stretch_driver]: Received goal request[0m
[stretch_driver-3] [0m[INFO] [1775505346.584441298] [stretch_driver]: stretch_driver joint_traj action: New trajectory received with joint_names = ['joint_head_pan', 'joint_head_tilt'][0m
[INFO] [1775505346.590385392] [object_grasper]: Node object_grasper connected to /home_the_robot service.
[INFO] [1775505346.595442668] [object_grasper]: Node object_grasper connected to /stow_the_robot service.
[INFO] [1775505346.598746317] [object_grasper]: Node object_grasper connected to /stop_the_robot service.
[INFO] [1775505346.601194423] [object_grasper]: Node object_grasper connected to /switch_to_trajectory_mode service.
[INFO] [1775505346.606766415] [object_grasper]: Node object_grasper connected to /switch_to_position_mode service.
[stretch_driver-3] -------------------------------------------
[stretch_driver-3] Finished goal
[stretch_driver-3] [0m[INFO] [1775505346.613831301] [stretch_driver]: stretch_driver joint_traj action: Achieved all target points.[0m
[INFO] [1775505346.621843502] [aruco_base_frame_estimator]: Head camera at detection pose — starting ArUco detection.
[INFO] [1775505346.624862180] [object_grasper]: Node object_grasper connected to /switch_to_navigation_mode service.
[INFO] [1775505346.635042494] [aruco_base_frame_estimator]: Waiting for camera TF (base_link -> camera_color_optical_frame)...
[INFO] [1775505346.662631805] [aruco_base_frame_estimator]: Camera pose acquired:
[INFO] [1775505346.663480266] [aruco_base_frame_estimator]:   Position  : X=+0.0062  Y=-0.0517  Z=+1.2870  (m)
[INFO] [1775505346.664136116] [aruco_base_frame_estimator]:   RPY (deg) : R=-179.03  P=+59.78  Y=+89.23
[INFO] [1775505346.668893355] [aruco_base_frame_estimator]: ============================================================
[INFO] [1775505346.669412265] [aruco_base_frame_estimator]: ArUco Base Frame Estimator Started
[INFO] [1775505346.669835007] [aruco_base_frame_estimator]: Target Marker ID: 202
[INFO] [1775505346.670275053] [aruco_base_frame_estimator]: Marker size: 2.8 cm
[INFO] [1775505346.670709304] [aruco_base_frame_estimator]: Marker offset (cam frame): X=0.0  Y=0.0  Z=0.0
[INFO] [1775505346.671172290] [aruco_base_frame_estimator]: Publishing target on: /aruco/target_base_link
[INFO] [1775505346.671406428] [aruco_base_frame_estimator]: ============================================================
[controller_server-11] [INFO] [1775505346.706589851] [controller_server]: Creating bond (controller_server) to lifecycle manager.
/home/willy/.local/lib/python3.10/site-packages/ikpy/urdf/URDF.py:261: UserWarning: Joint joint_mast is of type: fixed, but has an 'axis' attribute defined. This is not in the URDF spec and thus this axis is ignored
  warnings.warn("Joint {} is of type: fixed, but has an 'axis' attribute defined. This is not in the URDF spec and thus this axis is ignored".format(joint.attrib["name"]))
/home/willy/.local/lib/python3.10/site-packages/ikpy/urdf/URDF.py:261: UserWarning: Joint joint_arm_l4 is of type: fixed, but has an 'axis' attribute defined. This is not in the URDF spec and thus this axis is ignored
  warnings.warn("Joint {} is of type: fixed, but has an 'axis' attribute defined. This is not in the URDF spec and thus this axis is ignored".format(joint.attrib["name"]))
[lifecycle_manager-16] [INFO] [1775505346.815485205] [lifecycle_manager_navigation]: Server controller_server connected with bond.
[lifecycle_manager-16] [INFO] [1775505346.815585638] [lifecycle_manager_navigation]: [34m[1mActivating planner_server[0m[0m
[planner_server-12] [INFO] [1775505346.817317747] [planner_server]: Activating
[planner_server-12] [INFO] [1775505346.817468939] [global_costmap.global_costmap]: Activating
[planner_server-12] [INFO] [1775505346.817523596] [global_costmap.global_costmap]: Checking transform
[planner_server-12] [INFO] [1775505346.817626829] [global_costmap.global_costmap]: Timed out waiting for transform from base_link to map to become available, tf error: Invalid frame ID "map" passed to canTransform argument target_frame - frame does not exist
/home/willy/.local/lib/python3.10/site-packages/ikpy/urdf/URDF.py:261: UserWarning: Joint joint_wrist_yaw_bottom is of type: fixed, but has an 'axis' attribute defined. This is not in the URDF spec and thus this axis is ignored
  warnings.warn("Joint {} is of type: fixed, but has an 'axis' attribute defined. This is not in the URDF spec and thus this axis is ignored".format(joint.attrib["name"]))
/home/willy/.local/lib/python3.10/site-packages/ikpy/urdf/URDF.py:261: UserWarning: Joint joint_gripper_s3_body is of type: fixed, but has an 'axis' attribute defined. This is not in the URDF spec and thus this axis is ignored
  warnings.warn("Joint {} is of type: fixed, but has an 'axis' attribute defined. This is not in the URDF spec and thus this axis is ignored".format(joint.attrib["name"]))
/home/willy/.local/lib/python3.10/site-packages/ikpy/urdf/URDF.py:261: UserWarning: Joint joint_grasp_center is of type: fixed, but has an 'axis' attribute defined. This is not in the URDF spec and thus this axis is ignored
  warnings.warn("Joint {} is of type: fixed, but has an 'axis' attribute defined. This is not in the URDF spec and thus this axis is ignored".format(joint.attrib["name"]))
/home/willy/.local/lib/python3.10/site-packages/ikpy/chain.py:60: UserWarning: Link Base link (index: 0) is of type 'fixed' but set as active in the active_links_mask. In practice, this fixed link doesn't provide any transformation so is as it were inactive
  warnings.warn("Link {} (index: {}) is of type 'fixed' but set as active in the active_links_mask. In practice, this fixed link doesn't provide any transformation so is as it were inactive".format(link.name, link_index))
/home/willy/.local/lib/python3.10/site-packages/ikpy/chain.py:60: UserWarning: Link joint_mast (index: 2) is of type 'fixed' but set as active in the active_links_mask. In practice, this fixed link doesn't provide any transformation so is as it were inactive
  warnings.warn("Link {} (index: {}) is of type 'fixed' but set as active in the active_links_mask. In practice, this fixed link doesn't provide any transformation so is as it were inactive".format(link.name, link_index))
/home/willy/.local/lib/python3.10/site-packages/ikpy/chain.py:60: UserWarning: Link joint_arm_l4 (index: 4) is of type 'fixed' but set as active in the active_links_mask. In practice, this fixed link doesn't provide any transformation so is as it were inactive
  warnings.warn("Link {} (index: {}) is of type 'fixed' but set as active in the active_links_mask. In practice, this fixed link doesn't provide any transformation so is as it were inactive".format(link.name, link_index))
/home/willy/.local/lib/python3.10/site-packages/ikpy/chain.py:60: UserWarning: Link joint_wrist_yaw_bottom (index: 10) is of type 'fixed' but set as active in the active_links_mask. In practice, this fixed link doesn't provide any transformation so is as it were inactive
  warnings.warn("Link {} (index: {}) is of type 'fixed' but set as active in the active_links_mask. In practice, this fixed link doesn't provide any transformation so is as it were inactive".format(link.name, link_index))
/home/willy/.local/lib/python3.10/site-packages/ikpy/chain.py:60: UserWarning: Link joint_gripper_s3_body (index: 13) is of type 'fixed' but set as active in the active_links_mask. In practice, this fixed link doesn't provide any transformation so is as it were inactive
  warnings.warn("Link {} (index: {}) is of type 'fixed' but set as active in the active_links_mask. In practice, this fixed link doesn't provide any transformation so is as it were inactive".format(link.name, link_index))
/home/willy/.local/lib/python3.10/site-packages/ikpy/chain.py:60: UserWarning: Link joint_grasp_center (index: 14) is of type 'fixed' but set as active in the active_links_mask. In practice, this fixed link doesn't provide any transformation so is as it were inactive
  warnings.warn("Link {} (index: {}) is of type 'fixed' but set as active in the active_links_mask. In practice, this fixed link doesn't provide any transformation so is as it were inactive".format(link.name, link_index))
[INFO] [1775505346.932195879] [object_grasper]: ============================================================
[INFO] [1775505346.934191186] [object_grasper]: ObjectGrasper ready — waiting for ArUco detections
[INFO] [1775505346.935949906] [object_grasper]: Listening on: /aruco/target_base_link
[INFO] [1775505346.937723359] [object_grasper]: Call service: ros2 service call /grasp_object std_srvs/srv/Trigger {}
[INFO] [1775505346.943826598] [object_grasper]: ============================================================
[planner_server-12] [INFO] [1775505347.317664246] [global_costmap.global_costmap]: Timed out waiting for transform from base_link to map to become available, tf error: Invalid frame ID "map" passed to canTransform argument target_frame - frame does not exist
[realsense2_camera_node-1] [0m[INFO] [1775505347.680396052] [camera]: Device with serial number 218622278011 was found.
[realsense2_camera_node-1] [0m
[realsense2_camera_node-1] [0m[INFO] [1775505347.680461004] [camera]: Device with physical ID /sys/devices/pci0000:00/0000:00:14.0/usb3/3-2/3-2.3/3-2.3.3/3-2.3.3.1/3-2.3.3.1:1.0/video4linux/video6 was found.[0m
[realsense2_camera_node-1] [0m[INFO] [1775505347.680486946] [camera]: Device with name Intel RealSense D405 was found.[0m
[realsense2_camera_node-1] [0m[INFO] [1775505347.680666363] [camera]: Device with port number 3-2.3.3.1 was found.[0m
[realsense2_camera_node-1] [31m[ERROR] [1775505347.680690483] [camera]: The requested device with device name containing d435 is NOT found. Will Try again.[0m
[planner_server-12] [INFO] [1775505347.817678651] [global_costmap.global_costmap]: Timed out waiting for transform from base_link to map to become available, tf error: Invalid frame ID "map" passed to canTransform argument target_frame - frame does not exist
[planner_server-12] [INFO] [1775505348.317652393] [global_costmap.global_costmap]: Timed out waiting for transform from base_link to map to become available, tf error: Invalid frame ID "map" passed to canTransform argument target_frame - frame does not exist
[rviz2-17] [INFO] [1775505348.756044991] [rviz]: Message Filter dropping message: frame 'odom' at time 1775505346.674 for reason 'discarding message because the queue is full'
[planner_server-12] [INFO] [1775505348.817632636] [global_costmap.global_costmap]: Timed out waiting for transform from base_link to map to become available, tf error: Invalid frame ID "map" passed to canTransform argument target_frame - frame does not exist
[planner_server-12] [INFO] [1775505349.317646799] [global_costmap.global_costmap]: Timed out waiting for transform from base_link to map to become available, tf error: Invalid frame ID "map" passed to canTransform argument target_frame - frame does not exist
[planner_server-12] [INFO] [1775505349.817636168] [global_costmap.global_costmap]: Timed out waiting for transform from base_link to map to become available, tf error: Invalid frame ID "map" passed to canTransform argument target_frame - frame does not exist
[planner_server-12] [INFO] [1775505350.317908455] [global_costmap.global_costmap]: Timed out waiting for transform from base_link to map to become available, tf error: Invalid frame ID "map" passed to canTransform argument target_frame - frame does not exist
[planner_server-12] [INFO] [1775505350.817689202] [global_costmap.global_costmap]: Timed out waiting for transform from base_link to map to become available, tf error: Invalid frame ID "map" passed to canTransform argument target_frame - frame does not exist
[planner_server-12] [INFO] [1775505351.317637772] [global_costmap.global_costmap]: Timed out waiting for transform from base_link to map to become available, tf error: Invalid frame ID "map" passed to canTransform argument target_frame - frame does not exist
[rviz2-17] [INFO] [1775505351.333361926] [rviz]: Message Filter dropping message: frame 'odom' at time 1775505349.273 for reason 'discarding message because the queue is full'
[planner_server-12] [INFO] [1775505351.817627524] [global_costmap.global_costmap]: Timed out waiting for transform from base_link to map to become available, tf error: Invalid frame ID "map" passed to canTransform argument target_frame - frame does not exist
[planner_server-12] [INFO] [1775505352.317628120] [global_costmap.global_costmap]: Timed out waiting for transform from base_link to map to become available, tf error: Invalid frame ID "map" passed to canTransform argument target_frame - frame does not exist
[rviz2-17] [INFO] [1775505352.728981813] [rviz]: Message Filter dropping message: frame 'odom' at time 1775505346.706 for reason 'discarding message because the queue is full'
[planner_server-12] [INFO] [1775505352.817631538] [global_costmap.global_costmap]: Timed out waiting for transform from base_link to map to become available, tf error: Invalid frame ID "map" passed to canTransform argument target_frame - frame does not exist
[planner_server-12] [INFO] [1775505353.319073071] [global_costmap.global_costmap]: Timed out waiting for transform from base_link to map to become available, tf error: Invalid frame ID "map" passed to canTransform argument target_frame - frame does not exist
[realsense2_camera_node-1] [0m[INFO] [1775505353.748921091] [camera]: Device with serial number 218622278011 was found.
[realsense2_camera_node-1] [0m
[realsense2_camera_node-1] [0m[INFO] [1775505353.749000988] [camera]: Device with physical ID /sys/devices/pci0000:00/0000:00:14.0/usb3/3-2/3-2.3/3-2.3.3/3-2.3.3.1/3-2.3.3.1:1.0/video4linux/video6 was found.[0m
[realsense2_camera_node-1] [0m[INFO] [1775505353.749021603] [camera]: Device with name Intel RealSense D405 was found.[0m
[realsense2_camera_node-1] [0m[INFO] [1775505353.749209865] [camera]: Device with port number 3-2.3.3.1 was found.[0m
[realsense2_camera_node-1] [31m[ERROR] [1775505353.749236351] [camera]: The requested device with device name containing d435 is NOT found. Will Try again.[0m
[planner_server-12] [INFO] [1775505353.817636946] [global_costmap.global_costmap]: Timed out waiting for transform from base_link to map to become available, tf error: Invalid frame ID "map" passed to canTransform argument target_frame - frame does not exist
[rviz2-17] [INFO] [1775505353.920692563] [rviz]: Message Filter dropping message: frame 'odom' at time 1775505351.873 for reason 'discarding message because the queue is full'
[planner_server-12] [INFO] [1775505354.317632363] [global_costmap.global_costmap]: Timed out waiting for transform from base_link to map to become available, tf error: Invalid frame ID "map" passed to canTransform argument target_frame - frame does not exist
[planner_server-12] [INFO] [1775505354.817638997] [global_costmap.global_costmap]: Timed out waiting for transform from base_link to map to become available, tf error: Invalid frame ID "map" passed to canTransform argument target_frame - frame does not exist
[planner_server-12] [INFO] [1775505355.317631648] [global_costmap.global_costmap]: Timed out waiting for transform from base_link to map to become available, tf error: Invalid frame ID "map" passed to canTransform argument target_frame - frame does not exist
[rviz2-17] [INFO] [1775505355.751136818] [rviz]: Message Filter dropping message: frame 'odom' at time 1775505349.705 for reason 'discarding message because the queue is full'
[planner_server-12] [INFO] [1775505355.817672730] [global_costmap.global_costmap]: Timed out waiting for transform from base_link to map to become available, tf error: Invalid frame ID "map" passed to canTransform argument target_frame - frame does not exist
[planner_server-12] [INFO] [1775505356.317629645] [global_costmap.global_costmap]: Timed out waiting for transform from base_link to map to become available, tf error: Invalid frame ID "map" passed to canTransform argument target_frame - frame does not exist
[rviz2-17] [INFO] [1775505356.566237702] [rviz]: Message Filter dropping message: frame 'odom' at time 1775505354.474 for reason 'discarding message because the queue is full'
[planner_server-12] [INFO] [1775505356.820424554] [global_costmap.global_costmap]: Timed out waiting for transform from base_link to map to become available, tf error: Invalid frame ID "map" passed to canTransform argument target_frame - frame does not exist
[planner_server-12] [INFO] [1775505357.317636380] [global_costmap.global_costmap]: Timed out waiting for transform from base_link to map to become available, tf error: Invalid frame ID "map" passed to canTransform argument target_frame - frame does not exist
[planner_server-12] [INFO] [1775505357.817642814] [global_costmap.global_costmap]: Timed out waiting for transform from base_link to map to become available, tf error: Invalid frame ID "map" passed to canTransform argument target_frame - frame does not exist
[planner_server-12] [INFO] [1775505358.317656423] [global_costmap.global_costmap]: Timed out waiting for transform from base_link to map to become available, tf error: Invalid frame ID "map" passed to canTransform argument target_frame - frame does not exist
[rviz2-17] [INFO] [1775505358.805111593] [rviz]: Message Filter dropping message: frame 'odom' at time 1775505352.706 for reason 'discarding message because the queue is full'
[planner_server-12] [INFO] [1775505358.817638542] [global_costmap.global_costmap]: Timed out waiting for transform from base_link to map to become available, tf error: Invalid frame ID "map" passed to canTransform argument target_frame - frame does not exist
[rviz2-17] [INFO] [1775505359.176168167] [rviz]: Message Filter dropping message: frame 'odom' at time 1775505357.074 for reason 'discarding message because the queue is full'
[planner_server-12] [INFO] [1775505359.317658490] [global_costmap.global_costmap]: Timed out waiting for transform from base_link to map to become available, tf error: Invalid frame ID "map" passed to canTransform argument target_frame - frame does not exist
[planner_server-12] [INFO] [1775505359.817715655] [global_costmap.global_costmap]: Timed out waiting for transform from base_link to map to become available, tf error: Invalid frame ID "map" passed to canTransform argument target_frame - frame does not exist
[realsense2_camera_node-1] [0m[INFO] [1775505359.821447650] [camera]: Device with serial number 218622278011 was found.
[realsense2_camera_node-1] [0m
[realsense2_camera_node-1] [0m[INFO] [1775505359.821515964] [camera]: Device with physical ID /sys/devices/pci0000:00/0000:00:14.0/usb3/3-2/3-2.3/3-2.3.3/3-2.3.3.1/3-2.3.3.1:1.0/video4linux/video6 was found.[0m
[realsense2_camera_node-1] [0m[INFO] [1775505359.821525177] [camera]: Device with name Intel RealSense D405 was found.[0m
[realsense2_camera_node-1] [0m[INFO] [1775505359.821677107] [camera]: Device with port number 3-2.3.3.1 was found.[0m
[realsense2_camera_node-1] [31m[ERROR] [1775505359.821690467] [camera]: The requested device with device name containing d435 is NOT found. Will Try again.[0m
[planner_server-12] [INFO] [1775505360.317633604] [global_costmap.global_costmap]: Timed out waiting for transform from base_link to map to become available, tf error: Invalid frame ID "map" passed to canTransform argument target_frame - frame does not exist
[planner_server-12] [INFO] [1775505360.817630806] [global_costmap.global_costmap]: Timed out waiting for transform from base_link to map to become available, tf error: Invalid frame ID "map" passed to canTransform argument target_frame - frame does not exist
[planner_server-12] [INFO] [1775505361.317630071] [global_costmap.global_costmap]: Timed out waiting for transform from base_link to map to become available, tf error: Invalid frame ID "map" passed to canTransform argument target_frame - frame does not exist
[rviz2-17] [INFO] [1775505361.770744992] [rviz]: Message Filter dropping message: frame 'odom' at time 1775505359.674 for reason 'discarding message because the queue is full'
[rviz2-17] [INFO] [1775505361.770833877] [rviz]: Message Filter dropping message: frame 'odom' at time 1775505355.705 for reason 'discarding message because the queue is full'
[planner_server-12] [INFO] [1775505361.817671437] [global_costmap.global_costmap]: Timed out waiting for transform from base_link to map to become available, tf error: Invalid frame ID "map" passed to canTransform argument target_frame - frame does not exist
[planner_server-12] [INFO] [1775505362.317627111] [global_costmap.global_costmap]: Timed out waiting for transform from base_link to map to become available, tf error: Invalid frame ID "map" passed to canTransform argument target_frame - frame does not exist
[realsense2_camera_node-1] [0m[INFO] [1775505362.663846151] [rclcpp]: signal_handler(SIGINT/SIGTERM)[0m
[realsense2_camera_node-1] [0m[INFO] [1775505362.818644627] [rclcpp]: signal_handler(SIGINT/SIGTERM)[0m
[d435i_accel_correction-2] Traceback (most recent call last):
[d435i_accel_correction-2]   File "/home/willy/ament_ws/install/stretch_core/lib/stretch_core/d435i_accel_correction", line 33, in <module>
[d435i_accel_correction-2]     sys.exit(load_entry_point('stretch-core==0.2.0', 'console_scripts', 'd435i_accel_correction')())
[d435i_accel_correction-2]   File "/home/willy/ament_ws/install/stretch_core/lib/python3.10/site-packages/stretch_core/d435i_accel_correction.py", line 47, in main
[d435i_accel_correction-2]     rclpy.spin(node)
[d435i_accel_correction-2]   File "/opt/ros/humble/local/lib/python3.10/dist-packages/rclpy/__init__.py", line 229, in spin
[d435i_accel_correction-2]     executor.spin_once()
[d435i_accel_correction-2]   File "/opt/ros/humble/local/lib/python3.10/dist-packages/rclpy/executors.py", line 808, in spin_once
[d435i_accel_correction-2]     self._spin_once_impl(timeout_sec)
[d435i_accel_correction-2]   File "/opt/ros/humble/local/lib/python3.10/dist-packages/rclpy/executors.py", line 797, in _spin_once_impl
[d435i_accel_correction-2]     handler, entity, node = self.wait_for_ready_callbacks(timeout_sec=timeout_sec)
[d435i_accel_correction-2]   File "/opt/ros/humble/local/lib/python3.10/dist-packages/rclpy/executors.py", line 780, in wait_for_ready_callbacks
[d435i_accel_correction-2]     return next(self._cb_iter)
[d435i_accel_correction-2]   File "/opt/ros/humble/local/lib/python3.10/dist-packages/rclpy/executors.py", line 681, in _wait_for_ready_callbacks
[d435i_accel_correction-2]     raise ExternalShutdownException()
[d435i_accel_correction-2] rclpy.executors.ExternalShutdownException
[realsense2_camera_node-1] [0m[INFO] [1775505363.004991738] [rclcpp]: signal_handler(SIGINT/SIGTERM)[0m
Traceback (most recent call last):
  File "/home/willy/tf.py", line 299, in main
    rclpy.spin(node)
  File "/opt/ros/humble/local/lib/python3.10/dist-packages/rclpy/__init__.py", line 229, in spin
    executor.spin_once()
  File "/opt/ros/humble/local/lib/python3.10/dist-packages/rclpy/executors.py", line 808, in spin_once
    self._spin_once_impl(timeout_sec)
  File "/opt/ros/humble/local/lib/python3.10/dist-packages/rclpy/executors.py", line 797, in _spin_once_impl
    handler, entity, node = self.wait_for_ready_callbacks(timeout_sec=timeout_sec)
  File "/opt/ros/humble/local/lib/python3.10/dist-packages/rclpy/executors.py", line 780, in wait_for_ready_callbacks
    return next(self._cb_iter)
  File "/opt/ros/humble/local/lib/python3.10/dist-packages/rclpy/executors.py", line 681, in _wait_for_ready_callbacks
    raise ExternalShutdownException()
rclpy.executors.ExternalShutdownException

During handling of the above exception, another exception occurred:

Traceback (most recent call last):
  File "/home/willy/tf.py", line 307, in <module>
    main()
  File "/home/willy/tf.py", line 304, in main
    rclpy.shutdown()
  File "/opt/ros/humble/local/lib/python3.10/dist-packages/rclpy/__init__.py", line 130, in shutdown
    _shutdown(context=context)
  File "/opt/ros/humble/local/lib/python3.10/dist-packages/rclpy/utilities.py", line 58, in shutdown
    return context.shutdown()
  File "/opt/ros/humble/local/lib/python3.10/dist-packages/rclpy/context.py", line 102, in shutdown
    self.__context.shutdown()
rclpy._rclpy_pybind11.RCLError: failed to shutdown: rcl_shutdown already called on the given context, at ./src/rcl/init.c:241
[realsense2_camera_node-1] [0m[INFO] [1775505363.247757294] [rclcpp]: signal_handler(SIGINT/SIGTERM)[0m
[realsense2_camera_node-1] [0m[INFO] [1775505363.308896996] [rclcpp]: signal_handler(SIGINT/SIGTERM)[0m
[ERROR] [d435i_accel_correction-2]: process has died [pid 39276, exit code 1, cmd '/home/willy/ament_ws/install/stretch_core/lib/stretch_core/d435i_accel_correction --ros-args'].
[INFO] [realsense2_camera_node-1]: process has finished cleanly [pid 39274]
