=== dock_grab.sh started at Tue Apr  7 02:35:05 PM EDT 2026 ===
Freeing robot process...
Done!
=== Launching all nodes ===
Waiting for Nav2 action server...
[INFO] [launch]: All log files can be found below /home/willy/.ros/log/2026-04-07-14-35-06-088364-stretch-re2-2204-20760
[INFO] [launch]: Default logging verbosity is set to INFO
[INFO] [launch]: All log files can be found below /home/willy/.ros/log/2026-04-07-14-35-06-114481-stretch-re2-2204-20761
[INFO] [launch]: Default logging verbosity is set to INFO
[INFO] [launch.user]: D435i launched in high resolution
[INFO] [realsense2_camera_node-1]: process started with pid [20842]
[INFO] [d435i_accel_correction-2]: process started with pid [20844]
[d435i_accel_correction-2] [INFO] [1775586906.615332303] [d435i_accel_correction_node]: d435i_accel_correction_node started
[INFO] [1775586906.616453917] [aruco_base_frame_estimator]: aruco_base_frame_estimator started
[realsense2_camera_node-1] [0m[INFO] [1775586906.774161202] [camera]: RealSense ROS v4.55.1[0m
[realsense2_camera_node-1] [0m[INFO] [1775586906.774282344] [camera]: Built with LibRealSense v2.56.4[0m
[realsense2_camera_node-1] [0m[INFO] [1775586906.774300165] [camera]: Running with LibRealSense v2.56.4[0m
[realsense2_camera_node-1] [0m[INFO] [1775586906.808989825] [camera]: Device with serial number 239722071445 was found.
[realsense2_camera_node-1] [0m
[realsense2_camera_node-1] [0m[INFO] [1775586906.809053365] [camera]: Device with physical ID /sys/devices/pci0000:00/0000:00:0d.0/usb2/2-1/2-1:1.0/video4linux/video0 was found.[0m
[realsense2_camera_node-1] [0m[INFO] [1775586906.809060298] [camera]: Device with name Intel RealSense D435I was found.[0m
[realsense2_camera_node-1] [0m[INFO] [1775586906.809181389] [camera]: Device with port number 2-1 was found.[0m
[realsense2_camera_node-1] [0m[INFO] [1775586906.809190979] [camera]: Device USB type: 3.2[0m
[realsense2_camera_node-1] [0m[INFO] [1775586906.809196061] [camera]: Resetting device...[0m
[INFO] [stretch_driver-3]: process started with pid [20996]
[INFO] [joint_state_publisher-1]: process started with pid [20992]
[INFO] [robot_state_publisher-2]: process started with pid [20994]
[INFO] [sllidar_node-4]: process started with pid [20998]
[INFO] [scan_to_scan_filter_chain-5]: process started with pid [21000]
[INFO] [joy_node-6]: process started with pid [21002]
[INFO] [teleop_node-7]: process started with pid [21004]
[INFO] [map_server-8]: process started with pid [21006]
[INFO] [amcl-9]: process started with pid [21008]
[INFO] [lifecycle_manager-10]: process started with pid [21010]
[INFO] [controller_server-11]: process started with pid [21012]
[INFO] [planner_server-12]: process started with pid [21014]
[INFO] [behavior_server-13]: process started with pid [21016]
[INFO] [bt_navigator-14]: process started with pid [21018]
[INFO] [waypoint_follower-15]: process started with pid [21028]
[INFO] [lifecycle_manager-16]: process started with pid [21140]
[INFO] [rviz2-17]: process started with pid [21144]
[sllidar_node-4] [INFO] [1775586906.963274513] [sllidar_node]: SLLidar running on ROS2 package SLLidar.ROS2 SDK Version:1.0.1, SLLIDAR SDK Version:2.1.0
[sllidar_node-4] [INFO] [1775586906.975051022] [sllidar_node]: SLLidar S/N: C394ED93C0EA98C9A5E698F2564A4669
[sllidar_node-4] [INFO] [1775586906.975150405] [sllidar_node]: Firmware Ver: 1.29
[sllidar_node-4] [INFO] [1775586906.975162189] [sllidar_node]: Hardware Rev: 7
[sllidar_node-4] [INFO] [1775586906.982375732] [sllidar_node]: SLLidar health status : 0
[sllidar_node-4] [INFO] [1775586906.982445094] [sllidar_node]: SLLidar health status : OK.
[scan_to_scan_filter_chain-5] [INFO] [1775586906.986112747] [laser_filter]: In shadow configure done
[scan_to_scan_filter_chain-5] [WARN] [1775586906.986423196] [rcl.logging_rosout]: Publisher already registered for provided node name. If this is due to multiple nodes with the same name then all logs for that logger name will go out over the existing publisher. As soon as any node with that name is destructed it will unregister the publisher, preventing any further logs for that name from being published on the rosout topic.
[teleop_node-7] [INFO] [1775586906.971743610] [TeleopTwistJoy]: Teleop enable button 4.
[teleop_node-7] [INFO] [1775586906.971813748] [TeleopTwistJoy]: Linear axis x on 4 at scale 0.500000.
[teleop_node-7] [INFO] [1775586906.971828029] [TeleopTwistJoy]: Angular axis yaw on 3 at scale 0.500000.
[amcl-9] [INFO] [1775586906.999736510] [amcl]: 
[amcl-9] 	amcl lifecycle node launched. 
[amcl-9] 	Waiting on external lifecycle transitions to activate
[amcl-9] 	See https://design.ros2.org/articles/node_lifecycle.html for more information.
[amcl-9] [INFO] [1775586907.000829778] [amcl]: Creating
[lifecycle_manager-10] [INFO] [1775586906.985778548] [lifecycle_manager_localization]: Creating
[lifecycle_manager-10] [INFO] [1775586906.990306847] [lifecycle_manager_localization]: [34m[1mCreating and initializing lifecycle service clients[0m[0m
[controller_server-11] [INFO] [1775586906.984430124] [controller_server]: 
[controller_server-11] 	controller_server lifecycle node launched. 
[controller_server-11] 	Waiting on external lifecycle transitions to activate
[controller_server-11] 	See https://design.ros2.org/articles/node_lifecycle.html for more information.
[controller_server-11] [INFO] [1775586906.995827326] [controller_server]: Creating controller server
[planner_server-12] [INFO] [1775586906.980812023] [planner_server]: 
[planner_server-12] 	planner_server lifecycle node launched. 
[planner_server-12] 	Waiting on external lifecycle transitions to activate
[planner_server-12] 	See https://design.ros2.org/articles/node_lifecycle.html for more information.
[planner_server-12] [INFO] [1775586907.003218440] [planner_server]: Creating
[bt_navigator-14] [INFO] [1775586907.002202505] [bt_navigator]: 
[bt_navigator-14] 	bt_navigator lifecycle node launched. 
[bt_navigator-14] 	Waiting on external lifecycle transitions to activate
[bt_navigator-14] 	See https://design.ros2.org/articles/node_lifecycle.html for more information.
[bt_navigator-14] [INFO] [1775586907.002419329] [bt_navigator]: Creating
[waypoint_follower-15] [INFO] [1775586907.002426760] [waypoint_follower]: 
[waypoint_follower-15] 	waypoint_follower lifecycle node launched. 
[waypoint_follower-15] 	Waiting on external lifecycle transitions to activate
[waypoint_follower-15] 	See https://design.ros2.org/articles/node_lifecycle.html for more information.
[waypoint_follower-15] [INFO] [1775586907.003700458] [waypoint_follower]: Creating
[behavior_server-13] [INFO] [1775586907.013188095] [behavior_server]: 
[behavior_server-13] 	behavior_server lifecycle node launched. 
[behavior_server-13] 	Waiting on external lifecycle transitions to activate
[behavior_server-13] 	See https://design.ros2.org/articles/node_lifecycle.html for more information.
[map_server-8] [INFO] [1775586907.015708669] [map_server]: 
[map_server-8] 	map_server lifecycle node launched. 
[map_server-8] 	Waiting on external lifecycle transitions to activate
[map_server-8] 	See https://design.ros2.org/articles/node_lifecycle.html for more information.
[map_server-8] [INFO] [1775586907.015907779] [map_server]: Creating
[controller_server-11] [INFO] [1775586907.017209226] [local_costmap.local_costmap]: 
[controller_server-11] 	local_costmap lifecycle node launched. 
[controller_server-11] 	Waiting on external lifecycle transitions to activate
[controller_server-11] 	See https://design.ros2.org/articles/node_lifecycle.html for more information.
[controller_server-11] [INFO] [1775586907.018722979] [local_costmap.local_costmap]: Creating Costmap
[lifecycle_manager-10] [INFO] [1775586907.020490660] [lifecycle_manager_localization]: [34m[1mStarting managed nodes bringup...[0m[0m
[lifecycle_manager-10] [INFO] [1775586907.020572068] [lifecycle_manager_localization]: [34m[1mConfiguring map_server[0m[0m
[planner_server-12] [INFO] [1775586907.023741337] [global_costmap.global_costmap]: 
[planner_server-12] 	global_costmap lifecycle node launched. 
[planner_server-12] 	Waiting on external lifecycle transitions to activate
[planner_server-12] 	See https://design.ros2.org/articles/node_lifecycle.html for more information.
[planner_server-12] [INFO] [1775586907.025098959] [global_costmap.global_costmap]: Creating Costmap
[lifecycle_manager-16] [INFO] [1775586907.036309383] [lifecycle_manager_navigation]: Creating
[lifecycle_manager-16] [INFO] [1775586907.039195544] [lifecycle_manager_navigation]: [34m[1mCreating and initializing lifecycle service clients[0m[0m
[lifecycle_manager-16] [INFO] [1775586907.054380352] [lifecycle_manager_navigation]: [34m[1mStarting managed nodes bringup...[0m[0m
[lifecycle_manager-16] [INFO] [1775586907.054485224] [lifecycle_manager_navigation]: [34m[1mConfiguring controller_server[0m[0m
[controller_server-11] [INFO] [1775586907.055759496] [controller_server]: Configuring controller interface
[controller_server-11] [INFO] [1775586907.056274457] [controller_server]: getting goal checker plugins..
[controller_server-11] [INFO] [1775586907.056439369] [controller_server]: Controller frequency set to 20.0000Hz
[controller_server-11] [INFO] [1775586907.056474412] [local_costmap.local_costmap]: Configuring
[rviz2-17] qt.qpa.xcb: could not connect to display 192.168.1.20:0.0
[rviz2-17] qt.qpa.plugin: Could not load the Qt platform plugin "xcb" in "/usr/lib/x86_64-linux-gnu/qt5/plugins/platforms/libqxcb.so" even though it was found.
[rviz2-17] This application failed to start because no Qt platform plugin could be initialized. Reinstalling the application may fix this problem.
[rviz2-17] 
[rviz2-17] Available platform plugins are: eglfs, linuxfb, minimal, minimalegl, offscreen, vnc, xcb.
[rviz2-17] 
[controller_server-11] [INFO] [1775586907.061927231] [local_costmap.local_costmap]: Using plugin "obstacle_layer"
[controller_server-11] [INFO] [1775586907.065325784] [local_costmap.local_costmap]: Subscribed to Topics: scan
[controller_server-11] [INFO] [1775586907.068504233] [local_costmap.local_costmap]: Initialized plugin "obstacle_layer"
[controller_server-11] [INFO] [1775586907.068589990] [local_costmap.local_costmap]: Using plugin "voxel_layer"
[controller_server-11] [INFO] [1775586907.069232138] [local_costmap.local_costmap]: Subscribed to Topics: scan
[controller_server-11] [INFO] [1775586907.072283521] [local_costmap.local_costmap]: Initialized plugin "voxel_layer"
[controller_server-11] [INFO] [1775586907.072460097] [local_costmap.local_costmap]: Using plugin "inflation_layer"
[controller_server-11] [INFO] [1775586907.073427603] [local_costmap.local_costmap]: Initialized plugin "inflation_layer"
[controller_server-11] [INFO] [1775586907.080266753] [controller_server]: Created progress_checker : progress_checker of type nav2_controller::SimpleProgressChecker
[controller_server-11] [INFO] [1775586907.081377705] [controller_server]: Created goal checker : general_goal_checker of type nav2_controller::SimpleGoalChecker
[controller_server-11] [INFO] [1775586907.081822785] [controller_server]: Controller Server has general_goal_checker  goal checkers available.
[controller_server-11] [INFO] [1775586907.085301079] [controller_server]: Created controller : FollowPath of type dwb_core::DWBLocalPlanner
[controller_server-11] [INFO] [1775586907.086735459] [controller_server]: Setting transform_tolerance to 0.200000
Nav2 is up!
Setting initial pose...
[controller_server-11] [INFO] [1775586907.094598366] [controller_server]: Using critic "RotateToGoal" (dwb_critics::RotateToGoalCritic)
[controller_server-11] [INFO] [1775586907.095243642] [controller_server]: Critic plugin initialized
[controller_server-11] [INFO] [1775586907.095405785] [controller_server]: Using critic "Oscillation" (dwb_critics::OscillationCritic)
[controller_server-11] [INFO] [1775586907.095919842] [controller_server]: Critic plugin initialized
[controller_server-11] [INFO] [1775586907.096071545] [controller_server]: Using critic "BaseObstacle" (dwb_critics::BaseObstacleCritic)
[controller_server-11] [INFO] [1775586907.096312076] [controller_server]: Critic plugin initialized
[controller_server-11] [INFO] [1775586907.096698202] [controller_server]: Using critic "GoalAlign" (dwb_critics::GoalAlignCritic)
[controller_server-11] [INFO] [1775586907.097096081] [controller_server]: Critic plugin initialized
[controller_server-11] [INFO] [1775586907.097250790] [controller_server]: Using critic "PathAlign" (dwb_critics::PathAlignCritic)
[controller_server-11] [INFO] [1775586907.097623367] [controller_server]: Critic plugin initialized
[controller_server-11] [INFO] [1775586907.097760979] [controller_server]: Using critic "PathDist" (dwb_critics::PathDistCritic)
[controller_server-11] [INFO] [1775586907.097999970] [controller_server]: Critic plugin initialized
[controller_server-11] [INFO] [1775586907.098132631] [controller_server]: Using critic "GoalDist" (dwb_critics::GoalDistCritic)
[controller_server-11] [INFO] [1775586907.098441644] [controller_server]: Critic plugin initialized
[controller_server-11] [INFO] [1775586907.098574583] [controller_server]: Using critic "PreferForward" (dwb_critics::PreferForwardCritic)
[controller_server-11] [INFO] [1775586907.099061336] [controller_server]: Critic plugin initialized
[controller_server-11] [INFO] [1775586907.099090546] [controller_server]: Controller Server has FollowPath  controllers available.
[lifecycle_manager-16] [INFO] [1775586907.103655963] [lifecycle_manager_navigation]: [34m[1mConfiguring planner_server[0m[0m
[planner_server-12] [INFO] [1775586907.103896757] [planner_server]: Configuring
[planner_server-12] [INFO] [1775586907.103938404] [global_costmap.global_costmap]: Configuring
[planner_server-12] [INFO] [1775586907.111143881] [global_costmap.global_costmap]: Using plugin "static_layer"
[planner_server-12] [INFO] [1775586907.120243801] [global_costmap.global_costmap]: Subscribing to the map topic (/map) with transient local durability
[planner_server-12] [INFO] [1775586907.122963456] [global_costmap.global_costmap]: Initialized plugin "static_layer"
[planner_server-12] [INFO] [1775586907.123400504] [global_costmap.global_costmap]: Using plugin "obstacle_layer"
[planner_server-12] [INFO] [1775586907.126645192] [global_costmap.global_costmap]: Subscribed to Topics: scan
[planner_server-12] [INFO] [1775586907.133785908] [global_costmap.global_costmap]: Initialized plugin "obstacle_layer"
[planner_server-12] [INFO] [1775586907.133834771] [global_costmap.global_costmap]: Using plugin "voxel_layer"
[planner_server-12] [INFO] [1775586907.138164830] [global_costmap.global_costmap]: Subscribed to Topics: scan
[planner_server-12] [INFO] [1775586907.151141538] [global_costmap.global_costmap]: Initialized plugin "voxel_layer"
[planner_server-12] [INFO] [1775586907.151186878] [global_costmap.global_costmap]: Using plugin "inflation_layer"
[planner_server-12] [INFO] [1775586907.152036131] [global_costmap.global_costmap]: Initialized plugin "inflation_layer"
[planner_server-12] [INFO] [1775586907.171117141] [planner_server]: Created global planner plugin GridBased of type nav2_navfn_planner/NavfnPlanner
[planner_server-12] [INFO] [1775586907.171168074] [planner_server]: Configuring plugin GridBased of type NavfnPlanner
[planner_server-12] [INFO] [1775586907.171605049] [planner_server]: Planner Server has GridBased  planners available.
[sllidar_node-4] [INFO] [1775586907.182471432] [sllidar_node]: current scan mode: Boost, sample rate: 8 Khz, max_distance: 12.0 m, scan frequency:10.0 Hz, 
[lifecycle_manager-16] [INFO] [1775586907.184743374] [lifecycle_manager_navigation]: [34m[1mConfiguring behavior_server[0m[0m
[behavior_server-13] [INFO] [1775586907.185023513] [behavior_server]: Configuring
[behavior_server-13] [INFO] [1775586907.200134283] [behavior_server]: Creating behavior plugin spin of type nav2_behaviors/Spin
[behavior_server-13] [INFO] [1775586907.201206803] [behavior_server]: Configuring spin
[map_server-8] [INFO] [1775586907.211455138] [map_server]: Configuring
[map_server-8] [INFO] [1775586907.211539461] [map_io]: Loading yaml file: /home/willy/stretch_user/maps/testing_map.yaml
[map_server-8] [INFO] [1775586907.211850847] [map_io]: resolution: 0.05
[map_server-8] [INFO] [1775586907.211865369] [map_io]: origin[0]: -11.5
[map_server-8] [INFO] [1775586907.211873309] [map_io]: origin[1]: -1.71
[map_server-8] [INFO] [1775586907.211880200] [map_io]: origin[2]: 0
[map_server-8] [INFO] [1775586907.211887287] [map_io]: free_thresh: 0.25
[map_server-8] [INFO] [1775586907.211894586] [map_io]: occupied_thresh: 0.65
[map_server-8] [INFO] [1775586907.211902014] [map_io]: mode: trinary
[map_server-8] [INFO] [1775586907.211909496] [map_io]: negate: 0
[map_server-8] [INFO] [1775586907.212106868] [map_io]: Loading image_file: /home/willy/stretch_user/maps/testing_map.pgm
[behavior_server-13] [INFO] [1775586907.213805307] [behavior_server]: Creating behavior plugin backup of type nav2_behaviors/BackUp
[behavior_server-13] [INFO] [1775586907.215410122] [behavior_server]: Configuring backup
[behavior_server-13] [INFO] [1775586907.226935747] [behavior_server]: Creating behavior plugin drive_on_heading of type nav2_behaviors/DriveOnHeading
[behavior_server-13] [INFO] [1775586907.227986304] [behavior_server]: Configuring drive_on_heading
[map_server-8] [INFO] [1775586907.235235314] [map_io]: Read map /home/willy/stretch_user/maps/testing_map.pgm: 416 X 249 map @ 0.05 m/cell
[behavior_server-13] [INFO] [1775586907.236943503] [behavior_server]: Creating behavior plugin assisted_teleop of type nav2_behaviors/AssistedTeleop
[behavior_server-13] [INFO] [1775586907.239911254] [behavior_server]: Configuring assisted_teleop
[lifecycle_manager-10] [INFO] [1775586907.247173042] [lifecycle_manager_localization]: [34m[1mConfiguring amcl[0m[0m
[amcl-9] [INFO] [1775586907.247461457] [amcl]: Configuring
[amcl-9] [INFO] [1775586907.247542718] [amcl]: initTransforms
[behavior_server-13] [INFO] [1775586907.252045518] [behavior_server]: Creating behavior plugin wait of type nav2_behaviors/Wait
[behavior_server-13] [INFO] [1775586907.253749162] [behavior_server]: Configuring wait
[lifecycle_manager-16] [INFO] [1775586907.261714503] [lifecycle_manager_navigation]: [34m[1mConfiguring bt_navigator[0m[0m
[bt_navigator-14] [INFO] [1775586907.262062166] [bt_navigator]: Configuring
[amcl-9] [INFO] [1775586907.263414067] [amcl]: initPubSub
[amcl-9] [INFO] [1775586907.269168256] [amcl]: Subscribed to map topic.
[lifecycle_manager-10] [INFO] [1775586907.278812929] [lifecycle_manager_localization]: [34m[1mActivating map_server[0m[0m
[map_server-8] [INFO] [1775586907.278985208] [map_server]: Activating
[map_server-8] [INFO] [1775586907.279798153] [map_server]: Creating bond (map_server) to lifecycle manager.
[amcl-9] [INFO] [1775586907.279867920] [amcl]: Received a 416 X 249 map @ 0.050 m/pix
[planner_server-12] [INFO] [1775586907.279874785] [global_costmap.global_costmap]: StaticLayer: Resizing costmap to 416 X 249 at 0.050000 m/pix
[lifecycle_manager-16] [INFO] [1775586907.339111091] [lifecycle_manager_navigation]: [34m[1mConfiguring waypoint_follower[0m[0m
[waypoint_follower-15] [INFO] [1775586907.339350347] [waypoint_follower]: Configuring
[waypoint_follower-15] [INFO] [1775586907.345244053] [waypoint_follower]: Created waypoint_task_executor : wait_at_waypoint of type nav2_waypoint_follower::WaitAtWaypoint
[lifecycle_manager-16] [INFO] [1775586907.346554764] [lifecycle_manager_navigation]: [34m[1mActivating controller_server[0m[0m
[controller_server-11] [INFO] [1775586907.346820563] [controller_server]: Activating
[controller_server-11] [INFO] [1775586907.346884777] [local_costmap.local_costmap]: Activating
[controller_server-11] [INFO] [1775586907.346900512] [local_costmap.local_costmap]: Checking transform
[controller_server-11] [INFO] [1775586907.346990610] [local_costmap.local_costmap]: Timed out waiting for transform from base_link to odom to become available, tf error: Invalid frame ID "odom" passed to canTransform argument target_frame - frame does not exist
[lifecycle_manager-10] [INFO] [1775586907.389674565] [lifecycle_manager_localization]: Server map_server connected with bond.
[lifecycle_manager-10] [INFO] [1775586907.389725208] [lifecycle_manager_localization]: [34m[1mActivating amcl[0m[0m
[amcl-9] [INFO] [1775586907.389986819] [amcl]: Activating
[amcl-9] [INFO] [1775586907.390030219] [amcl]: Creating bond (amcl) to lifecycle manager.
[lifecycle_manager-10] [INFO] [1775586907.493483546] [lifecycle_manager_localization]: Server amcl connected with bond.
[lifecycle_manager-10] [INFO] [1775586907.493533254] [lifecycle_manager_localization]: [34m[1mManaged nodes are active[0m[0m
[lifecycle_manager-10] [INFO] [1775586907.493551853] [lifecycle_manager_localization]: [34m[1mCreating bond timer...[0m[0m
[INFO] [1775586907.622899827] [object_grasper]: object_grasper started
[joy_node-6] [INFO] [1775586907.706320455] [joy_node]: Opened joystick: Controller 1.05.  deadzone: 0.050000
[controller_server-11] [INFO] [1775586907.847039329] [local_costmap.local_costmap]: Timed out waiting for transform from base_link to odom to become available, tf error: Invalid frame ID "odom" passed to canTransform argument target_frame - frame does not exist
[scan_to_scan_filter_chain-5] [WARN] [1775586907.980109916] [laser_filter]: diagnostic_updater: No HW_ID was set. This is probably a bug. Please report it. For devices that do not have a HW_ID, set this value to 'none'. This warning only occurs once all diagnostics are OK. It is okay to wait until the device is open before calling setHardwareID.
[stretch_driver-3] [0m[INFO] [1775586908.167306043] [stretch_driver]: For use with S T R E T C H (TM) RESEARCH EDITION from Hello Robot Inc.[0m
[stretch_driver-3] [0m[INFO] [1775586908.167554264] [stretch_driver]: stretch_driver started[0m
[ERROR] [rviz2-17]: process has died [pid 21144, exit code -6, cmd '/opt/ros/humble/lib/rviz2/rviz2 -d /opt/ros/humble/share/nav2_bringup/rviz/nav2_default_view.rviz --ros-args'].
[INFO] [lifecycle_manager-16]: sending signal 'SIGINT' to process[lifecycle_manager-16]
[INFO] [waypoint_follower-15]: sending signal 'SIGINT' to process[waypoint_follower-15]
[INFO] [bt_navigator-14]: sending signal 'SIGINT' to process[bt_navigator-14]
[INFO] [behavior_server-13]: sending signal 'SIGINT' to process[behavior_server-13]
[INFO] [planner_server-12]: sending signal 'SIGINT' to process[planner_server-12]
[INFO] [controller_server-11]: sending signal 'SIGINT' to process[controller_server-11]
[INFO] [lifecycle_manager-10]: sending signal 'SIGINT' to process[lifecycle_manager-10]
[INFO] [amcl-9]: sending signal 'SIGINT' to process[amcl-9]
[INFO] [map_server-8]: sending signal 'SIGINT' to process[map_server-8]
[INFO] [teleop_node-7]: sending signal 'SIGINT' to process[teleop_node-7]
[INFO] [joy_node-6]: sending signal 'SIGINT' to process[joy_node-6]
[INFO] [scan_to_scan_filter_chain-5]: sending signal 'SIGINT' to process[scan_to_scan_filter_chain-5]
[INFO] [sllidar_node-4]: sending signal 'SIGINT' to process[sllidar_node-4]
[INFO] [stretch_driver-3]: sending signal 'SIGINT' to process[stretch_driver-3]
[INFO] [robot_state_publisher-2]: sending signal 'SIGINT' to process[robot_state_publisher-2]
[INFO] [joint_state_publisher-1]: sending signal 'SIGINT' to process[joint_state_publisher-1]
[lifecycle_manager-16] [INFO] [1775586908.188058755] [rclcpp]: signal_handler(SIGINT/SIGTERM)
[lifecycle_manager-16] [INFO] [1775586908.188127319] [lifecycle_manager_navigation]: Running Nav2 LifecycleManager rcl preshutdown (lifecycle_manager_navigation)
[waypoint_follower-15] [INFO] [1775586908.189133361] [rclcpp]: signal_handler(SIGINT/SIGTERM)
[waypoint_follower-15] [INFO] [1775586908.189213944] [waypoint_follower]: Running Nav2 LifecycleNode rcl preshutdown (waypoint_follower)
[waypoint_follower-15] [INFO] [1775586908.189258084] [waypoint_follower]: Cleaning up
[bt_navigator-14] [INFO] [1775586908.190855986] [rclcpp]: signal_handler(SIGINT/SIGTERM)
[bt_navigator-14] [INFO] [1775586908.190992033] [bt_navigator]: Running Nav2 LifecycleNode rcl preshutdown (bt_navigator)
[bt_navigator-14] [INFO] [1775586908.191145840] [bt_navigator]: Cleaning up
[behavior_server-13] [INFO] [1775586908.193279688] [rclcpp]: signal_handler(SIGINT/SIGTERM)
[behavior_server-13] [INFO] [1775586908.193430154] [behavior_server]: Running Nav2 LifecycleNode rcl preshutdown (behavior_server)
[behavior_server-13] [INFO] [1775586908.193478009] [behavior_server]: Cleaning up
[planner_server-12] [INFO] [1775586908.195285888] [rclcpp]: signal_handler(SIGINT/SIGTERM)
[planner_server-12] [INFO] [1775586908.195362638] [planner_server]: Running Nav2 LifecycleNode rcl preshutdown (planner_server)
[planner_server-12] [INFO] [1775586908.195424803] [planner_server]: Cleaning up
[waypoint_follower-15] [INFO] [1775586908.197753130] [waypoint_follower]: Destroying bond (waypoint_follower) to lifecycle manager.
[controller_server-11] [INFO] [1775586908.197985337] [rclcpp]: signal_handler(SIGINT/SIGTERM)
[controller_server-11] [INFO] [1775586908.198070890] [controller_server]: Running Nav2 LifecycleNode rcl preshutdown (controller_server)
[controller_server-11] [INFO] [1775586908.198125097] [controller_server]: Destroying bond (controller_server) to lifecycle manager.
[controller_server-11] [INFO] [1775586908.198560252] [local_costmap.local_costmap]: start
[controller_server-11] [ERROR] [1775586908.198988723] [local_costmap.local_costmap]: Caught exception in callback for transition 13
[controller_server-11] [ERROR] [1775586908.198999961] [local_costmap.local_costmap]: Original error: could not create subscription: rcl node's context is invalid, at ./src/rcl/node.c:428
[controller_server-11] [ERROR] [1775586908.199023841] [local_costmap.local_costmap]: Failed to finish transition 3. Current state is now: errorprocessing (Could not publish transition: publisher's context is invalid, at ./src/rcl/publisher.c:389, at ./src/rcl_lifecycle.c:368)
[controller_server-11] [INFO] [1775586908.199049599] [controller_server]: Creating bond (controller_server) to lifecycle manager.
[controller_server-11] [ERROR] [1775586908.199205258] [controller_server]: Caught exception in callback for transition 13
[controller_server-11] [ERROR] [1775586908.199208911] [controller_server]: Original error: could not create publisher: rcl node's context is invalid, at ./src/rcl/node.c:428
[controller_server-11] [ERROR] [1775586908.199214981] [controller_server]: Failed to finish transition 3. Current state is now: errorprocessing (Could not publish transition: publisher's context is invalid, at ./src/rcl/publisher.c:389, at ./src/rcl_lifecycle.c:368)
[behavior_server-13] [INFO] [1775586908.199626609] [behavior_server]: Destroying bond (behavior_server) to lifecycle manager.
[lifecycle_manager-10] [INFO] [1775586908.200893181] [rclcpp]: signal_handler(SIGINT/SIGTERM)
[lifecycle_manager-10] [INFO] [1775586908.200996771] [lifecycle_manager_localization]: Running Nav2 LifecycleManager rcl preshutdown (lifecycle_manager_localization)
[lifecycle_manager-10] [INFO] [1775586908.201047079] [lifecycle_manager_localization]: [34m[1mTerminating bond timer...[0m[0m
[amcl-9] [INFO] [1775586908.204420104] [rclcpp]: signal_handler(SIGINT/SIGTERM)
[amcl-9] [INFO] [1775586908.204556334] [amcl]: Running Nav2 LifecycleNode rcl preshutdown (amcl)
[amcl-9] [INFO] [1775586908.204639916] [amcl]: Deactivating
[amcl-9] [INFO] [1775586908.204662145] [amcl]: Destroying bond (amcl) to lifecycle manager.
[map_server-8] [INFO] [1775586908.207383879] [rclcpp]: signal_handler(SIGINT/SIGTERM)
[map_server-8] [INFO] [1775586908.207518024] [map_server]: Running Nav2 LifecycleNode rcl preshutdown (map_server)
[map_server-8] [INFO] [1775586908.207598388] [map_server]: Deactivating
[map_server-8] [INFO] [1775586908.207618406] [map_server]: Destroying bond (map_server) to lifecycle manager.
[waypoint_follower-15] [INFO] [1775586908.207866853] [waypoint_follower]: Destroying
[teleop_node-7] [INFO] [1775586908.209900651] [rclcpp]: signal_handler(SIGINT/SIGTERM)
[joy_node-6] [INFO] [1775586908.212401527] [rclcpp]: signal_handler(SIGINT/SIGTERM)
[planner_server-12] [INFO] [1775586908.214108235] [global_costmap.global_costmap]: Cleaning up
[scan_to_scan_filter_chain-5] [INFO] [1775586908.214817886] [rclcpp]: signal_handler(SIGINT/SIGTERM)
[amcl-9] [INFO] [1775586908.214949167] [amcl]: Cleaning up
[map_server-8] [INFO] [1775586908.218149892] [map_server]: Cleaning up
[map_server-8] [INFO] [1775586908.218221306] [map_server]: Destroying bond (map_server) to lifecycle manager.
[planner_server-12] [INFO] [1775586908.219626112] [planner_server]: Cleaning up plugin GridBased of type NavfnPlanner
[planner_server-12] [INFO] [1775586908.219903559] [planner_server]: Destroying plugin GridBased of type NavfnPlanner
[controller_server-11] Warning: class_loader.ClassLoader: SEVERE WARNING!!! Attempting to unload library while objects created by this loader exist in the heap! You should delete your objects before attempting to unload the library or destroying the ClassLoader. The library will NOT be unloaded.
[controller_server-11]          at line 127 in ./src/class_loader.cpp
[controller_server-11] terminate called without an active exception
[amcl-9] [INFO] [1775586908.222092800] [amcl]: Destroying bond (amcl) to lifecycle manager.
[bt_navigator-14] [INFO] [1775586908.224976337] [bt_navigator]: Completed Cleaning up
[bt_navigator-14] [INFO] [1775586908.225077807] [bt_navigator]: Destroying bond (bt_navigator) to lifecycle manager.
[planner_server-12] [INFO] [1775586908.239572270] [planner_server]: Destroying bond (planner_server) to lifecycle manager.
[planner_server-12] [INFO] [1775586908.241935216] [global_costmap.global_costmap]: Destroying
[bt_navigator-14] [INFO] [1775586908.245323224] [bt_navigator]: Destroying
[behavior_server-13] [INFO] [1775586908.258573196] [behavior_server]: Destroying
[planner_server-12] [INFO] [1775586908.268445845] [planner_server]: Destroying
[joint_state_publisher-1] Traceback (most recent call last):
[joint_state_publisher-1]   File "/opt/ros/humble/lib/joint_state_publisher/joint_state_publisher", line 33, in <module>
[joint_state_publisher-1]     sys.exit(load_entry_point('joint-state-publisher==2.4.0', 'console_scripts', 'joint_state_publisher')())
[joint_state_publisher-1]   File "/opt/ros/humble/lib/python3.10/site-packages/joint_state_publisher/joint_state_publisher.py", line 466, in main
[joint_state_publisher-1]     rclpy.spin(jsp)
[joint_state_publisher-1]   File "/opt/ros/humble/local/lib/python3.10/dist-packages/rclpy/__init__.py", line 229, in spin
[joint_state_publisher-1]     executor.spin_once()
[joint_state_publisher-1]   File "/opt/ros/humble/local/lib/python3.10/dist-packages/rclpy/executors.py", line 808, in spin_once
[joint_state_publisher-1]     self._spin_once_impl(timeout_sec)
[joint_state_publisher-1]   File "/opt/ros/humble/local/lib/python3.10/dist-packages/rclpy/executors.py", line 797, in _spin_once_impl
[joint_state_publisher-1]     handler, entity, node = self.wait_for_ready_callbacks(timeout_sec=timeout_sec)
[joint_state_publisher-1]   File "/opt/ros/humble/local/lib/python3.10/dist-packages/rclpy/executors.py", line 780, in wait_for_ready_callbacks
[joint_state_publisher-1]     return next(self._cb_iter)
[joint_state_publisher-1]   File "/opt/ros/humble/local/lib/python3.10/dist-packages/rclpy/executors.py", line 681, in _wait_for_ready_callbacks
[joint_state_publisher-1]     raise ExternalShutdownException()
[joint_state_publisher-1] rclpy.executors.ExternalShutdownException
[amcl-9] [INFO] [1775586908.306211895] [amcl]: Destroying
[map_server-8] [INFO] [1775586908.310158954] [map_server]: Destroying
[lifecycle_manager-10] [INFO] [1775586908.313731850] [lifecycle_manager_localization]: Destroying lifecycle_manager_localization
Waiting for at least 1 matching subscription(s)...
[sllidar_node-4] [INFO] [1775586908.716540243] [sllidar_node]: Stop motor
[stretch_driver-3] Key mapped to End-Of-Arm Tool: tool_stretch_dex_wrist
[stretch_driver-3] Unable to load URDF: /home/willy/.local/lib/python3.10/site-packages/stretch_urdf/RE2V0/stretch_description_RE2V0_tool_stretch_dex_wrist.urdf. Disabling collision system.
[INFO] [teleop_node-7]: process has finished cleanly [pid 21004]
[INFO] [waypoint_follower-15]: process has finished cleanly [pid 21028]
[INFO] [scan_to_scan_filter_chain-5]: process has finished cleanly [pid 21000]
[INFO] [bt_navigator-14]: process has finished cleanly [pid 21018]
[INFO] [behavior_server-13]: process has finished cleanly [pid 21016]
[INFO] [planner_server-12]: process has finished cleanly [pid 21014]
[INFO] [joy_node-6]: process has finished cleanly [pid 21002]
[ERROR] [controller_server-11]: process has died [pid 21012, exit code -6, cmd '/opt/ros/humble/lib/nav2_controller/controller_server --ros-args --params-file /tmp/tmpd7mk1v5o -r /tf:=tf -r /tf_static:=tf_static -r /cmd_vel:=/stretch/cmd_vel'].
[INFO] [amcl-9]: process has finished cleanly [pid 21008]
[INFO] [lifecycle_manager-10]: process has finished cleanly [pid 21010]
[INFO] [map_server-8]: process has finished cleanly [pid 21006]
[ERROR] [joint_state_publisher-1]: process has died [pid 20992, exit code 1, cmd '/opt/ros/humble/lib/joint_state_publisher/joint_state_publisher --ros-args --log-level error --ros-args --params-file /tmp/launch_params_tu13o7rr --params-file /tmp/launch_params_3wpz4m59'].
Waiting for at least 1 matching subscription(s)...
[INFO] [sllidar_node-4]: process has finished cleanly [pid 20998]
[stretch_driver-3] Traceback (most recent call last):
[stretch_driver-3]   File "/home/willy/ament_ws/install/stretch_core/lib/stretch_core/stretch_driver", line 33, in <module>
[stretch_driver-3]     sys.exit(load_entry_point('stretch-core==0.2.0', 'console_scripts', 'stretch_driver')())
[stretch_driver-3]   File "/home/willy/ament_ws/install/stretch_core/lib/python3.10/site-packages/stretch_core/stretch_driver.py", line 1116, in main
[stretch_driver-3]     node = StretchDriver()
[stretch_driver-3]   File "/home/willy/ament_ws/install/stretch_core/lib/python3.10/site-packages/stretch_core/stretch_driver.py", line 90, in __init__
[stretch_driver-3]     self.ros_setup()
[stretch_driver-3]   File "/home/willy/ament_ws/install/stretch_core/lib/python3.10/site-packages/stretch_core/stretch_driver.py", line 893, in ros_setup
[stretch_driver-3]     self.declare_parameter('mode', "position")
[stretch_driver-3]   File "/opt/ros/humble/local/lib/python3.10/dist-packages/rclpy/node.py", line 367, in declare_parameter
[stretch_driver-3]     return self.declare_parameters('', [args], ignore_override)[0]
[stretch_driver-3]   File "/opt/ros/humble/local/lib/python3.10/dist-packages/rclpy/node.py", line 493, in declare_parameters
[stretch_driver-3]     self._set_parameters(
[stretch_driver-3]   File "/opt/ros/humble/local/lib/python3.10/dist-packages/rclpy/node.py", line 731, in _set_parameters
[stretch_driver-3]     result = self._set_parameters_atomically(
[stretch_driver-3]   File "/opt/ros/humble/local/lib/python3.10/dist-packages/rclpy/node.py", line 880, in _set_parameters_atomically
[stretch_driver-3]     self._parameter_event_publisher.publish(parameter_event)
[stretch_driver-3]   File "/opt/ros/humble/local/lib/python3.10/dist-packages/rclpy/publisher.py", line 70, in publish
[stretch_driver-3]     self.__publisher.publish(msg)
[stretch_driver-3] rclpy._rclpy_pybind11.RCLError: Failed to publish: publisher's context is invalid, at ./src/rcl/publisher.c:389
[lifecycle_manager-16] [ERROR] [1775586910.199864799] [lifecycle_manager_navigation]: Failed to change state for node: controller_server. Exception: controller_server/get_state service client: async_send_request failed.
[lifecycle_manager-16] [ERROR] [1775586910.200139059] [lifecycle_manager_navigation]: Failed to bring up all requested nodes. Aborting bringup.
[lifecycle_manager-16] [INFO] [1775586910.221600208] [lifecycle_manager_navigation]: Destroying lifecycle_manager_navigation
[INFO] [robot_state_publisher-2]: process has finished cleanly [pid 20994]
Waiting for at least 1 matching subscription(s)...
[INFO] [lifecycle_manager-16]: process has finished cleanly [pid 21140]
[ERROR] [stretch_driver-3]: process has died [pid 20996, exit code 1, cmd '/home/willy/ament_ws/install/stretch_core/lib/stretch_core/stretch_driver --ros-args --params-file /tmp/launch_params_2gho_j3y -r cmd_vel:=/stretch/cmd_vel -r joint_states:=/stretch/joint_states'].
Waiting for at least 1 matching subscription(s)...
Waiting for at least 1 matching subscription(s)...
[realsense2_camera_node-1] [0m[INFO] [1775586912.855677357] [camera]: Device with serial number 239722071445 was found.
[realsense2_camera_node-1] [0m
[realsense2_camera_node-1] [0m[INFO] [1775586912.855819442] [camera]: Device with physical ID /sys/devices/pci0000:00/0000:00:0d.0/usb2/2-1/2-1:1.0/video4linux/video0 was found.[0m
[realsense2_camera_node-1] [0m[INFO] [1775586912.855846791] [camera]: Device with name Intel RealSense D435I was found.[0m
[realsense2_camera_node-1] [0m[INFO] [1775586912.856281663] [camera]: Device with port number 2-1 was found.[0m
[realsense2_camera_node-1] [0m[INFO] [1775586912.856317331] [camera]: Device USB type: 3.2[0m
[realsense2_camera_node-1] [0m[INFO] [1775586912.856482660] [camera]: getParameters...[0m
[realsense2_camera_node-1] [0m[INFO] [1775586913.186775364] [camera]: JSON file is loaded! (/home/willy/ament_ws/install/stretch_core/share/stretch_core/config/HighAccuracyPreset.json)[0m
[realsense2_camera_node-1] [0m[INFO] [1775586913.186988085] [camera]: Device Name: Intel RealSense D435I[0m
[realsense2_camera_node-1] [0m[INFO] [1775586913.187029650] [camera]: Device Serial No: 239722071445[0m
[realsense2_camera_node-1] [0m[INFO] [1775586913.187068010] [camera]: Device physical port: /sys/devices/pci0000:00/0000:00:0d.0/usb2/2-1/2-1:1.0/video4linux/video0[0m
[realsense2_camera_node-1] [0m[INFO] [1775586913.187102182] [camera]: Device FW version: 5.16.0.1[0m
[realsense2_camera_node-1] [0m[INFO] [1775586913.187135894] [camera]: Device Product ID: 0x0B3A[0m
[realsense2_camera_node-1] [0m[INFO] [1775586913.187168102] [camera]: Sync Mode: On[0m
[realsense2_camera_node-1] [33m[WARN] [1775586913.328872725] [camera]: re-enable the stream for the change to take effect.[0m
[realsense2_camera_node-1] [33m[WARN] [1775586913.329160049] [camera]: re-enable the stream for the change to take effect.[0m
[realsense2_camera_node-1] [33m[WARN] [1775586913.332786805] [camera]: re-enable the stream for the change to take effect.[0m
[realsense2_camera_node-1] [31m[ERROR] [1775586913.333157515] [camera]: Given value, 63 is invalid. Set ROS param back to: 100[0m
[realsense2_camera_node-1] [0m[INFO] [1775586913.335711225] [camera]: Stopping Sensor: Depth Module[0m
[realsense2_camera_node-1] [0m[INFO] [1775586913.335769557] [camera]: Stopping Sensor: RGB Camera[0m
[realsense2_camera_node-1] [0m[INFO] [1775586913.335782830] [camera]: Stopping Sensor: Motion Module[0m
[realsense2_camera_node-1] [0m[INFO] [1775586913.343621130] [camera]: Starting Sensor: Depth Module[0m
[realsense2_camera_node-1] [0m[INFO] [1775586913.346124852] [camera]: Open profile: stream_type: Depth(0), Format: Z16, Width: 1280, Height: 720, FPS: 15[0m
[realsense2_camera_node-1] [0m[INFO] [1775586913.347737328] [camera]: Starting Sensor: RGB Camera[0m
[realsense2_camera_node-1] [0m[INFO] [1775586913.349853533] [camera]: Open profile: stream_type: Color(0), Format: RGB8, Width: 1280, Height: 720, FPS: 15[0m
[realsense2_camera_node-1] [0m[INFO] [1775586913.368128180] [camera]: Starting Sensor: Motion Module[0m
[realsense2_camera_node-1] [0m[INFO] [1775586913.369140956] [camera]: Open profile: stream_type: Accel(0)Format: MOTION_XYZ32F, FPS: 100[0m
[realsense2_camera_node-1] [0m[INFO] [1775586913.369162217] [camera]: Open profile: stream_type: Gyro(0)Format: MOTION_XYZ32F, FPS: 200[0m
[realsense2_camera_node-1] [0m[INFO] [1775586913.370054134] [camera]: RealSense Node Is Up![0m
Waiting for at least 1 matching subscription(s)...
[realsense2_camera_node-1] [33m[WARN] [1775586914.344536651] [camera]: XXX Hardware Notification:Motion Module failure,1.77559e+12,Error,Hardware Error[0m
[realsense2_camera_node-1] [33m[WARN] [1775586914.344598836] [camera]: Hardware Notification:Motion Module failure,1.77559e+12,Error,Hardware Error[0m
Waiting for at least 1 matching subscription(s)...
Waiting for at least 1 matching subscription(s)...
Waiting for at least 1 matching subscription(s)...
Waiting for at least 1 matching subscription(s)...
Waiting for at least 1 matching subscription(s)...
Waiting for at least 1 matching subscription(s)...
Waiting for at least 1 matching subscription(s)...
Waiting for at least 1 matching subscription(s)...
Waiting for at least 1 matching subscription(s)...
Waiting for at least 1 matching subscription(s)...
Waiting for at least 1 matching subscription(s)...
Waiting for at least 1 matching subscription(s)...
Waiting for at least 1 matching subscription(s)...
Waiting for at least 1 matching subscription(s)...
Waiting for at least 1 matching subscription(s)...
Waiting for at least 1 matching subscription(s)...
Waiting for at least 1 matching subscription(s)...
Waiting for at least 1 matching subscription(s)...
Waiting for at least 1 matching subscription(s)...
Waiting for at least 1 matching subscription(s)...
Waiting for at least 1 matching subscription(s)...
Waiting for at least 1 matching subscription(s)...
Waiting for at least 1 matching subscription(s)...
Waiting for at least 1 matching subscription(s)...
Waiting for at least 1 matching subscription(s)...
Waiting for at least 1 matching subscription(s)...
Waiting for at least 1 matching subscription(s)...
Waiting for at least 1 matching subscription(s)...
Waiting for at least 1 matching subscription(s)...
Waiting for at least 1 matching subscription(s)...
Waiting for at least 1 matching subscription(s)...
Waiting for at least 1 matching subscription(s)...
Waiting for at least 1 matching subscription(s)...
Waiting for at least 1 matching subscription(s)...
Waiting for at least 1 matching subscription(s)...
Waiting for at least 1 matching subscription(s)...
Waiting for at least 1 matching subscription(s)...
Waiting for at least 1 matching subscription(s)...
[realsense2_camera_node-1] [0m[INFO] [1775586951.663334477] [rclcpp]: signal_handler(SIGINT/SIGTERM)[0m
[realsense2_camera_node-1] [0m[INFO] [1775586951.664429838] [camera]: Stop Sensor: Depth Module[0m
[realsense2_camera_node-1] [0m[INFO] [1775586951.664527574] [camera]: Close Sensor. [0m
[realsense2_camera_node-1] [0m[INFO] [1775586951.668349538] [camera]: Close Sensor - Done. [0m
[realsense2_camera_node-1] [0m[INFO] [1775586951.668389486] [camera]: Stop Sensor: RGB Camera[0m
[realsense2_camera_node-1] [0m[INFO] [1775586951.668400579] [camera]: Close Sensor. [0m
[realsense2_camera_node-1] [0m[INFO] [1775586951.670662307] [camera]: Close Sensor - Done. [0m
[realsense2_camera_node-1] [0m[INFO] [1775586951.670671108] [camera]: Stop Sensor: Motion Module[0m
[realsense2_camera_node-1] [0m[INFO] [1775586951.670828160] [camera]: Close Sensor. [0m
[d435i_accel_correction-2] Traceback (most recent call last):
[d435i_accel_correction-2]   File "/home/willy/ament_ws/install/stretch_core/lib/stretch_core/d435i_accel_correction", line 33, in <module>
[d435i_accel_correction-2]     sys.exit(load_entry_point('stretch-core==0.2.0', 'console_scripts', 'd435i_accel_correction')())
[d435i_accel_correction-2]   File "/home/willy/ament_ws/install/stretch_core/lib/python3.10/site-packages/stretch_core/d435i_accel_correction.py", line 47, in main
[d435i_accel_correction-2]     rclpy.spin(node)
[d435i_accel_correction-2]   File "/opt/ros/humble/local/lib/python3.10/dist-packages/rclpy/__init__.py", line 229, in spin
[d435i_accel_correction-2]     executor.spin_once()
[d435i_accel_correction-2]   File "/opt/ros/humble/local/lib/python3.10/dist-packages/rclpy/executors.py", line 808, in spin_once
[d435i_accel_correction-2]     self._spin_once_impl(timeout_sec)
[d435i_accel_correction-2]   File "/opt/ros/humble/local/lib/python3.10/dist-packages/rclpy/executors.py", line 797, in _spin_once_impl
[d435i_accel_correction-2]     handler, entity, node = self.wait_for_ready_callbacks(timeout_sec=timeout_sec)
[d435i_accel_correction-2]   File "/opt/ros/humble/local/lib/python3.10/dist-packages/rclpy/executors.py", line 780, in wait_for_ready_callbacks
[d435i_accel_correction-2]     return next(self._cb_iter)
[d435i_accel_correction-2]   File "/opt/ros/humble/local/lib/python3.10/dist-packages/rclpy/executors.py", line 681, in _wait_for_ready_callbacks
[d435i_accel_correction-2]     raise ExternalShutdownException()
[d435i_accel_correction-2] rclpy.executors.ExternalShutdownException
Traceback (most recent call last):
  File "/home/willy/tf.py", line 307, in <module>
    main()
  File "/home/willy/tf.py", line 297, in main
    node = ArUcoBaseFrameEstimator()
  File "/home/willy/tf.py", line 29, in __init__
    super().main('aruco_base_frame_estimator', 'aruco_base_frame_estimator', wait_for_first_pointcloud=False)
  File "/home/willy/ament_ws/build/hello_helpers/src/hello_helpers/hello_misc.py", line 302, in main
    server_reached = self.trajectory_client.wait_for_server(timeout_sec=60.0)
  File "/opt/ros/humble/local/lib/python3.10/dist-packages/rclpy/action/client.py", line 606, in wait_for_server
    return self.server_is_ready()
  File "/opt/ros/humble/local/lib/python3.10/dist-packages/rclpy/action/client.py", line 585, in server_is_ready
    return self._client_handle.is_action_server_available()
rclpy._rclpy_pybind11.RCLError: Failed to check if action server is available: rcl node's context is invalid, at ./src/rcl/node.c:428
Traceback (most recent call last):
  File "/home/willy/ament_ws/install/stretch_perception/lib/stretch_perception/altobject", line 33, in <module>
    sys.exit(load_entry_point('stretch-perception==0.0.0', 'console_scripts', 'altobject')())
  File "/home/willy/ament_ws/install/stretch_perception/lib/python3.10/site-packages/stretch_perception/altobject.py", line 267, in main
    node = ObjectGrasper()
  File "/home/willy/ament_ws/install/stretch_perception/lib/python3.10/site-packages/stretch_perception/altobject.py", line 34, in __init__
    super().main('object_grasper', 'object_grasper', wait_for_first_pointcloud=False)
  File "/home/willy/ament_ws/build/hello_helpers/src/hello_helpers/hello_misc.py", line 302, in main
    server_reached = self.trajectory_client.wait_for_server(timeout_sec=60.0)
  File "/opt/ros/humble/local/lib/python3.10/dist-packages/rclpy/action/client.py", line 606, in wait_for_server
    return self.server_is_ready()
  File "/opt/ros/humble/local/lib/python3.10/dist-packages/rclpy/action/client.py", line 585, in server_is_ready
    return self._client_handle.is_action_server_available()
rclpy._rclpy_pybind11.RCLError: Failed to check if action server is available: rcl node's context is invalid, at ./src/rcl/node.c:428
[realsense2_camera_node-1] [0m[INFO] [1775586951.837515345] [rclcpp]: signal_handler(SIGINT/SIGTERM)[0m
[ERROR] [d435i_accel_correction-2]: process has died [pid 20844, exit code 1, cmd '/home/willy/ament_ws/install/stretch_core/lib/stretch_core/d435i_accel_correction --ros-args'].
[realsense2_camera_node-1] [0m[INFO] [1775586951.944657898] [camera]: Close Sensor - Done. [0m
[ros2run]: Process exited with failure 1
[INFO] [realsense2_camera_node-1]: process has finished cleanly [pid 20842]
