=== dock_to_origin.sh started at Mon Apr  6 03:21:46 PM EDT 2026 ===
Freeing robot process...
Done!
Launching Nav2...
Waiting for Nav2 action server...
[INFO] [launch]: All log files can be found below /home/willy/.ros/log/2026-04-06-15-21-46-957549-stretch-re2-2204-27535
[INFO] [launch]: Default logging verbosity is set to INFO
Nav2 is up!
Setting initial pose...
[INFO] [stretch_driver-3]: process started with pid [27599]
[INFO] [joint_state_publisher-1]: process started with pid [27595]
[INFO] [robot_state_publisher-2]: process started with pid [27597]
[INFO] [sllidar_node-4]: process started with pid [27601]
[INFO] [scan_to_scan_filter_chain-5]: process started with pid [27603]
[INFO] [joy_node-6]: process started with pid [27605]
[INFO] [teleop_node-7]: process started with pid [27607]
[INFO] [map_server-8]: process started with pid [27609]
[INFO] [amcl-9]: process started with pid [27611]
[INFO] [lifecycle_manager-10]: process started with pid [27613]
[INFO] [controller_server-11]: process started with pid [27615]
[INFO] [planner_server-12]: process started with pid [27617]
[INFO] [behavior_server-13]: process started with pid [27619]
[INFO] [bt_navigator-14]: process started with pid [27621]
[INFO] [waypoint_follower-15]: process started with pid [27623]
[INFO] [lifecycle_manager-16]: process started with pid [27730]
[INFO] [rviz2-17]: process started with pid [27732]
[sllidar_node-4] [INFO] [1775503307.626131607] [sllidar_node]: SLLidar running on ROS2 package SLLidar.ROS2 SDK Version:1.0.1, SLLIDAR SDK Version:2.1.0
[scan_to_scan_filter_chain-5] [INFO] [1775503307.654231468] [laser_filter]: In shadow configure done
[scan_to_scan_filter_chain-5] [WARN] [1775503307.657108968] [rcl.logging_rosout]: Publisher already registered for provided node name. If this is due to multiple nodes with the same name then all logs for that logger name will go out over the existing publisher. As soon as any node with that name is destructed it will unregister the publisher, preventing any further logs for that name from being published on the rosout topic.
[teleop_node-7] [INFO] [1775503307.644378456] [TeleopTwistJoy]: Teleop enable button 4.
[teleop_node-7] [INFO] [1775503307.644480646] [TeleopTwistJoy]: Linear axis x on 4 at scale 0.500000.
[teleop_node-7] [INFO] [1775503307.644500427] [TeleopTwistJoy]: Angular axis yaw on 3 at scale 0.500000.
[map_server-8] [INFO] [1775503307.678903561] [map_server]: 
[map_server-8] 	map_server lifecycle node launched. 
[map_server-8] 	Waiting on external lifecycle transitions to activate
[map_server-8] 	See https://design.ros2.org/articles/node_lifecycle.html for more information.
[map_server-8] [INFO] [1775503307.679153564] [map_server]: Creating
[amcl-9] [INFO] [1775503307.661940976] [amcl]: 
[amcl-9] 	amcl lifecycle node launched. 
[amcl-9] 	Waiting on external lifecycle transitions to activate
[amcl-9] 	See https://design.ros2.org/articles/node_lifecycle.html for more information.
[amcl-9] [INFO] [1775503307.663041036] [amcl]: Creating
[lifecycle_manager-10] [INFO] [1775503307.673113862] [lifecycle_manager_localization]: Creating
[lifecycle_manager-10] [INFO] [1775503307.677051035] [lifecycle_manager_localization]: [34m[1mCreating and initializing lifecycle service clients[0m[0m
[controller_server-11] [INFO] [1775503307.659000415] [controller_server]: 
[controller_server-11] 	controller_server lifecycle node launched. 
[controller_server-11] 	Waiting on external lifecycle transitions to activate
[controller_server-11] 	See https://design.ros2.org/articles/node_lifecycle.html for more information.
[controller_server-11] [INFO] [1775503307.682551402] [controller_server]: Creating controller server
[planner_server-12] [INFO] [1775503307.638695067] [planner_server]: 
[planner_server-12] 	planner_server lifecycle node launched. 
[planner_server-12] 	Waiting on external lifecycle transitions to activate
[planner_server-12] 	See https://design.ros2.org/articles/node_lifecycle.html for more information.
[planner_server-12] [INFO] [1775503307.645211313] [planner_server]: Creating
[planner_server-12] [INFO] [1775503307.671281426] [global_costmap.global_costmap]: 
[planner_server-12] 	global_costmap lifecycle node launched. 
[planner_server-12] 	Waiting on external lifecycle transitions to activate
[planner_server-12] 	See https://design.ros2.org/articles/node_lifecycle.html for more information.
[planner_server-12] [INFO] [1775503307.673294739] [global_costmap.global_costmap]: Creating Costmap
[behavior_server-13] [INFO] [1775503307.657446341] [behavior_server]: 
[behavior_server-13] 	behavior_server lifecycle node launched. 
[behavior_server-13] 	Waiting on external lifecycle transitions to activate
[behavior_server-13] 	See https://design.ros2.org/articles/node_lifecycle.html for more information.
[bt_navigator-14] [INFO] [1775503307.651085585] [bt_navigator]: 
[bt_navigator-14] 	bt_navigator lifecycle node launched. 
[bt_navigator-14] 	Waiting on external lifecycle transitions to activate
[bt_navigator-14] 	See https://design.ros2.org/articles/node_lifecycle.html for more information.
[bt_navigator-14] [INFO] [1775503307.651265356] [bt_navigator]: Creating
[waypoint_follower-15] [INFO] [1775503307.628842176] [waypoint_follower]: 
[waypoint_follower-15] 	waypoint_follower lifecycle node launched. 
[waypoint_follower-15] 	Waiting on external lifecycle transitions to activate
[waypoint_follower-15] 	See https://design.ros2.org/articles/node_lifecycle.html for more information.
[waypoint_follower-15] [INFO] [1775503307.630093637] [waypoint_follower]: Creating
[lifecycle_manager-16] [INFO] [1775503307.681184843] [lifecycle_manager_navigation]: Creating
[lifecycle_manager-16] [INFO] [1775503307.684712041] [lifecycle_manager_navigation]: [34m[1mCreating and initializing lifecycle service clients[0m[0m
[controller_server-11] [INFO] [1775503307.704792960] [local_costmap.local_costmap]: 
[controller_server-11] 	local_costmap lifecycle node launched. 
[controller_server-11] 	Waiting on external lifecycle transitions to activate
[controller_server-11] 	See https://design.ros2.org/articles/node_lifecycle.html for more information.
[controller_server-11] [INFO] [1775503307.709487386] [local_costmap.local_costmap]: Creating Costmap
[lifecycle_manager-10] [INFO] [1775503307.724834806] [lifecycle_manager_localization]: [34m[1mStarting managed nodes bringup...[0m[0m
[lifecycle_manager-10] [INFO] [1775503307.724925193] [lifecycle_manager_localization]: [34m[1mConfiguring map_server[0m[0m
[map_server-8] [INFO] [1775503307.725425677] [map_server]: Configuring
[map_server-8] [INFO] [1775503307.725535316] [map_io]: Loading yaml file: /home/willy/stretch_user/maps/testing_map.yaml
[map_server-8] [INFO] [1775503307.725918911] [map_io]: resolution: 0.05
[map_server-8] [INFO] [1775503307.725933560] [map_io]: origin[0]: -11.5
[map_server-8] [INFO] [1775503307.725940039] [map_io]: origin[1]: -1.71
[map_server-8] [INFO] [1775503307.725945705] [map_io]: origin[2]: 0
[map_server-8] [INFO] [1775503307.725951365] [map_io]: free_thresh: 0.25
[map_server-8] [INFO] [1775503307.725956472] [map_io]: occupied_thresh: 0.65
[map_server-8] [INFO] [1775503307.725970215] [map_io]: mode: trinary
[map_server-8] [INFO] [1775503307.725979221] [map_io]: negate: 0
[map_server-8] [INFO] [1775503307.726207385] [map_io]: Loading image_file: /home/willy/stretch_user/maps/testing_map.pgm
[map_server-8] [INFO] [1775503307.738987395] [map_io]: Read map /home/willy/stretch_user/maps/testing_map.pgm: 416 X 249 map @ 0.05 m/cell
[lifecycle_manager-10] [INFO] [1775503307.744671248] [lifecycle_manager_localization]: [34m[1mConfiguring amcl[0m[0m
[amcl-9] [INFO] [1775503307.745054029] [amcl]: Configuring
[amcl-9] [INFO] [1775503307.745192867] [amcl]: initTransforms
[lifecycle_manager-16] [INFO] [1775503307.748277046] [lifecycle_manager_navigation]: [34m[1mStarting managed nodes bringup...[0m[0m
[lifecycle_manager-16] [INFO] [1775503307.748382993] [lifecycle_manager_navigation]: [34m[1mConfiguring controller_server[0m[0m
[amcl-9] [INFO] [1775503307.757099088] [amcl]: initPubSub
[amcl-9] [INFO] [1775503307.760352610] [amcl]: Subscribed to map topic.
[lifecycle_manager-10] [INFO] [1775503307.763645713] [lifecycle_manager_localization]: [34m[1mActivating map_server[0m[0m
[map_server-8] [INFO] [1775503307.763866216] [map_server]: Activating
[map_server-8] [INFO] [1775503307.764334350] [map_server]: Creating bond (map_server) to lifecycle manager.
[amcl-9] [INFO] [1775503307.764591709] [amcl]: Received a 416 X 249 map @ 0.050 m/pix
[controller_server-11] [INFO] [1775503307.849003991] [controller_server]: Configuring controller interface
[controller_server-11] [INFO] [1775503307.849451355] [controller_server]: getting goal checker plugins..
[controller_server-11] [INFO] [1775503307.850402436] [controller_server]: Controller frequency set to 20.0000Hz
[controller_server-11] [INFO] [1775503307.850479056] [local_costmap.local_costmap]: Configuring
[controller_server-11] [INFO] [1775503307.862836143] [local_costmap.local_costmap]: Using plugin "obstacle_layer"
[lifecycle_manager-10] [INFO] [1775503307.867476296] [lifecycle_manager_localization]: Server map_server connected with bond.
[lifecycle_manager-10] [INFO] [1775503307.868292306] [lifecycle_manager_localization]: [34m[1mActivating amcl[0m[0m
[amcl-9] [INFO] [1775503307.868647216] [amcl]: Activating
[amcl-9] [INFO] [1775503307.868697282] [amcl]: Creating bond (amcl) to lifecycle manager.
[controller_server-11] [INFO] [1775503307.878002275] [local_costmap.local_costmap]: Subscribed to Topics: scan
[controller_server-11] [INFO] [1775503307.889660314] [local_costmap.local_costmap]: Initialized plugin "obstacle_layer"
[controller_server-11] [INFO] [1775503307.889724599] [local_costmap.local_costmap]: Using plugin "voxel_layer"
[controller_server-11] [INFO] [1775503307.890792032] [local_costmap.local_costmap]: Subscribed to Topics: scan
[controller_server-11] [INFO] [1775503307.906757697] [local_costmap.local_costmap]: Initialized plugin "voxel_layer"
[controller_server-11] [INFO] [1775503307.906809624] [local_costmap.local_costmap]: Using plugin "inflation_layer"
[controller_server-11] [INFO] [1775503307.912615614] [local_costmap.local_costmap]: Initialized plugin "inflation_layer"
[controller_server-11] [INFO] [1775503307.928201340] [controller_server]: Created progress_checker : progress_checker of type nav2_controller::SimpleProgressChecker
[controller_server-11] [INFO] [1775503307.931808012] [controller_server]: Created goal checker : general_goal_checker of type nav2_controller::SimpleGoalChecker
[controller_server-11] [INFO] [1775503307.933646722] [controller_server]: Controller Server has general_goal_checker  goal checkers available.
[controller_server-11] [INFO] [1775503307.936859613] [controller_server]: Created controller : FollowPath of type dwb_core::DWBLocalPlanner
[controller_server-11] [INFO] [1775503307.943894590] [controller_server]: Setting transform_tolerance to 0.200000
[controller_server-11] [INFO] [1775503307.973879644] [controller_server]: Using critic "RotateToGoal" (dwb_critics::RotateToGoalCritic)
[controller_server-11] [INFO] [1775503307.977248828] [controller_server]: Critic plugin initialized
[controller_server-11] [INFO] [1775503307.977851724] [controller_server]: Using critic "Oscillation" (dwb_critics::OscillationCritic)
[lifecycle_manager-10] [INFO] [1775503307.977898662] [lifecycle_manager_localization]: Server amcl connected with bond.
[lifecycle_manager-10] [INFO] [1775503307.977941376] [lifecycle_manager_localization]: [34m[1mManaged nodes are active[0m[0m
[lifecycle_manager-10] [INFO] [1775503307.977961369] [lifecycle_manager_localization]: [34m[1mCreating bond timer...[0m[0m
[controller_server-11] [INFO] [1775503307.980445981] [controller_server]: Critic plugin initialized
[controller_server-11] [INFO] [1775503307.981000607] [controller_server]: Using critic "BaseObstacle" (dwb_critics::BaseObstacleCritic)
[controller_server-11] [INFO] [1775503307.981951563] [controller_server]: Critic plugin initialized
[controller_server-11] [INFO] [1775503307.982585658] [controller_server]: Using critic "GoalAlign" (dwb_critics::GoalAlignCritic)
[controller_server-11] [INFO] [1775503307.984164046] [controller_server]: Critic plugin initialized
[controller_server-11] [INFO] [1775503307.984711182] [controller_server]: Using critic "PathAlign" (dwb_critics::PathAlignCritic)
[controller_server-11] [INFO] [1775503307.986252347] [controller_server]: Critic plugin initialized
[controller_server-11] [INFO] [1775503307.986763348] [controller_server]: Using critic "PathDist" (dwb_critics::PathDistCritic)
[controller_server-11] [INFO] [1775503307.987818316] [controller_server]: Critic plugin initialized
[controller_server-11] [INFO] [1775503307.988345041] [controller_server]: Using critic "GoalDist" (dwb_critics::GoalDistCritic)
[controller_server-11] [INFO] [1775503307.989469718] [controller_server]: Critic plugin initialized
[controller_server-11] [INFO] [1775503307.990173856] [controller_server]: Using critic "PreferForward" (dwb_critics::PreferForwardCritic)
[controller_server-11] [INFO] [1775503307.992551799] [controller_server]: Critic plugin initialized
[controller_server-11] [INFO] [1775503307.992597132] [controller_server]: Controller Server has FollowPath  controllers available.
[lifecycle_manager-16] [INFO] [1775503308.005023855] [lifecycle_manager_navigation]: [34m[1mConfiguring planner_server[0m[0m
[planner_server-12] [INFO] [1775503308.005333868] [planner_server]: Configuring
[planner_server-12] [INFO] [1775503308.005394770] [global_costmap.global_costmap]: Configuring
[planner_server-12] [INFO] [1775503308.016524393] [global_costmap.global_costmap]: Using plugin "static_layer"
[planner_server-12] [INFO] [1775503308.026603560] [global_costmap.global_costmap]: Subscribing to the map topic (/map) with transient local durability
[planner_server-12] [INFO] [1775503308.029159967] [global_costmap.global_costmap]: Initialized plugin "static_layer"
[planner_server-12] [INFO] [1775503308.029210075] [global_costmap.global_costmap]: Using plugin "obstacle_layer"
[planner_server-12] [INFO] [1775503308.030194944] [global_costmap.global_costmap]: Subscribed to Topics: scan
[planner_server-12] [INFO] [1775503308.039728029] [global_costmap.global_costmap]: Initialized plugin "obstacle_layer"
[planner_server-12] [INFO] [1775503308.039777587] [global_costmap.global_costmap]: Using plugin "voxel_layer"
[planner_server-12] [INFO] [1775503308.040928241] [global_costmap.global_costmap]: Subscribed to Topics: scan
[planner_server-12] [INFO] [1775503308.066129436] [global_costmap.global_costmap]: Initialized plugin "voxel_layer"
[planner_server-12] [INFO] [1775503308.066213449] [global_costmap.global_costmap]: Using plugin "inflation_layer"
[planner_server-12] [INFO] [1775503308.071004301] [global_costmap.global_costmap]: Initialized plugin "inflation_layer"
[planner_server-12] [INFO] [1775503308.082959775] [global_costmap.global_costmap]: StaticLayer: Resizing costmap to 416 X 249 at 0.050000 m/pix
[planner_server-12] [INFO] [1775503308.083659842] [planner_server]: Created global planner plugin GridBased of type nav2_navfn_planner/NavfnPlanner
[planner_server-12] [INFO] [1775503308.083706840] [planner_server]: Configuring plugin GridBased of type NavfnPlanner
[planner_server-12] [INFO] [1775503308.085266462] [planner_server]: Planner Server has GridBased  planners available.
[lifecycle_manager-16] [INFO] [1775503308.096690752] [lifecycle_manager_navigation]: [34m[1mConfiguring behavior_server[0m[0m
[behavior_server-13] [INFO] [1775503308.097152637] [behavior_server]: Configuring
[behavior_server-13] [INFO] [1775503308.105459301] [behavior_server]: Creating behavior plugin spin of type nav2_behaviors/Spin
[behavior_server-13] [INFO] [1775503308.106803965] [behavior_server]: Configuring spin
[behavior_server-13] [INFO] [1775503308.113568495] [behavior_server]: Creating behavior plugin backup of type nav2_behaviors/BackUp
[behavior_server-13] [INFO] [1775503308.114768581] [behavior_server]: Configuring backup
publisher: beginning loop
publishing #1: geometry_msgs.msg.PoseWithCovarianceStamped(header=std_msgs.msg.Header(stamp=builtin_interfaces.msg.Time(sec=0, nanosec=0), frame_id='map'), pose=geometry_msgs.msg.PoseWithCovariance(pose=geometry_msgs.msg.Pose(position=geometry_msgs.msg.Point(x=0.5688, y=1.6601, z=0.0), orientation=geometry_msgs.msg.Quaternion(x=0.0, y=0.0, z=-0.707, w=0.707)), covariance=array([0.25, 0.  , 0.  , 0.  , 0.  , 0.  , 0.  , 0.25, 0.  , 0.  , 0.  ,
       0.  , 0.  , 0.  , 0.  , 0.  , 0.  , 0.  , 0.  , 0.  , 0.  , 0.  ,
       0.  , 0.  , 0.  , 0.  , 0.  , 0.  , 0.  , 0.  , 0.  , 0.  , 0.  ,
       0.  , 0.  , 0.07])))

[amcl-9] [INFO] [1775503308.117561185] [amcl]: initialPoseReceived
[amcl-9] [ERROR] [1775503308.117671059] [amcl]: Received initialpose message is malformed. Rejecting.
[behavior_server-13] [INFO] [1775503308.119729998] [behavior_server]: Creating behavior plugin drive_on_heading of type nav2_behaviors/DriveOnHeading
[behavior_server-13] [INFO] [1775503308.120935520] [behavior_server]: Configuring drive_on_heading
[behavior_server-13] [INFO] [1775503308.125298426] [behavior_server]: Creating behavior plugin assisted_teleop of type nav2_behaviors/AssistedTeleop
[behavior_server-13] [INFO] [1775503308.127330554] [behavior_server]: Configuring assisted_teleop
[behavior_server-13] [INFO] [1775503308.132676093] [behavior_server]: Creating behavior plugin wait of type nav2_behaviors/Wait
[behavior_server-13] [INFO] [1775503308.133695462] [behavior_server]: Configuring wait
[lifecycle_manager-16] [INFO] [1775503308.138024902] [lifecycle_manager_navigation]: [34m[1mConfiguring bt_navigator[0m[0m
[bt_navigator-14] [INFO] [1775503308.138271065] [bt_navigator]: Configuring
[lifecycle_manager-16] [INFO] [1775503308.208937544] [lifecycle_manager_navigation]: [34m[1mConfiguring waypoint_follower[0m[0m
[waypoint_follower-15] [INFO] [1775503308.209601507] [waypoint_follower]: Configuring
[waypoint_follower-15] [INFO] [1775503308.218940212] [waypoint_follower]: Created waypoint_task_executor : wait_at_waypoint of type nav2_waypoint_follower::WaitAtWaypoint
[lifecycle_manager-16] [INFO] [1775503308.220866725] [lifecycle_manager_navigation]: [34m[1mActivating controller_server[0m[0m
[controller_server-11] [INFO] [1775503308.221109935] [controller_server]: Activating
[controller_server-11] [INFO] [1775503308.221168520] [local_costmap.local_costmap]: Activating
[controller_server-11] [INFO] [1775503308.221186464] [local_costmap.local_costmap]: Checking transform
[controller_server-11] [INFO] [1775503308.221264339] [local_costmap.local_costmap]: Timed out waiting for transform from base_link to odom to become available, tf error: Invalid frame ID "odom" passed to canTransform argument target_frame - frame does not exist
[joy_node-6] [INFO] [1775503308.296516769] [joy_node]: Opened joystick: Controller 1.05.  deadzone: 0.050000
Waiting for AMCL to localize...
[rviz2-17] [INFO] [1775503308.609654541] [rviz2]: Stereo is NOT SUPPORTED
[rviz2-17] [INFO] [1775503308.609727571] [rviz2]: OpenGl version: 4.5 (GLSL 4.5)
[scan_to_scan_filter_chain-5] [WARN] [1775503308.636092582] [laser_filter]: diagnostic_updater: No HW_ID was set. This is probably a bug. Please report it. For devices that do not have a HW_ID, set this value to 'none'. This warning only occurs once all diagnostics are OK. It is okay to wait until the device is open before calling setHardwareID.
[controller_server-11] [INFO] [1775503308.721429435] [local_costmap.local_costmap]: Timed out waiting for transform from base_link to odom to become available, tf error: Invalid frame ID "odom" passed to canTransform argument target_frame - frame does not exist
[rviz2-17] [INFO] [1775503308.768188007] [rviz2]: Stereo is NOT SUPPORTED
[amcl-9] [WARN] [1775503308.864010888] [amcl]: New subscription discovered on topic '/particle_cloud', requesting incompatible QoS. No messages will be sent to it. Last incompatible policy: RELIABILITY_QOS_POLICY
[stretch_driver-3] [0m[INFO] [1775503309.095816906] [stretch_driver]: For use with S T R E T C H (TM) RESEARCH EDITION from Hello Robot Inc.[0m
[stretch_driver-3] [0m[INFO] [1775503309.096077360] [stretch_driver]: stretch_driver started[0m
[rviz2-17] [INFO] [1775503309.187232386] [rviz2]: Trying to create a map of size 416 x 249 using 1 swatches
[rviz2-17] [ERROR] [1775503309.199854552] [rviz2]: Vertex Program:rviz/glsl120/indexed_8bit_image.vert Fragment Program:rviz/glsl120/indexed_8bit_image.frag GLSL link result : 
[rviz2-17] active samplers with a different type refer to the same texture image unit
[controller_server-11] [INFO] [1775503309.221313290] [local_costmap.local_costmap]: Timed out waiting for transform from base_link to odom to become available, tf error: Invalid frame ID "odom" passed to canTransform argument target_frame - frame does not exist
[sllidar_node-4] [ERROR] [1775503309.635041193] [sllidar_node]: Error, operation time out. SL_RESULT_OPERATION_TIMEOUT! 
[controller_server-11] [INFO] [1775503309.721332900] [local_costmap.local_costmap]: Timed out waiting for transform from base_link to odom to become available, tf error: Invalid frame ID "odom" passed to canTransform argument target_frame - frame does not exist
[ERROR] [sllidar_node-4]: process has died [pid 27601, exit code 255, cmd '/home/willy/ament_ws/install/sllidar_ros2/lib/sllidar_ros2/sllidar_node --ros-args -r __node:=sllidar_node --params-file /tmp/launch_params_h1wxkw8s'].
[stretch_driver-3] Key mapped to End-Of-Arm Tool: tool_stretch_dex_wrist
[stretch_driver-3] Unable to load URDF: /home/willy/.local/lib/python3.10/site-packages/stretch_urdf/RE2V0/stretch_description_RE2V0_tool_stretch_dex_wrist.urdf. Disabling collision system.
[controller_server-11] [INFO] [1775503310.221312274] [local_costmap.local_costmap]: Timed out waiting for transform from base_link to odom to become available, tf error: Invalid frame ID "odom" passed to canTransform argument target_frame - frame does not exist
[controller_server-11] [INFO] [1775503310.721314259] [local_costmap.local_costmap]: Timed out waiting for transform from base_link to odom to become available, tf error: Invalid frame ID "odom" passed to canTransform argument target_frame - frame does not exist
[stretch_driver-3] [0m[INFO] [1775503310.876926797] [stretch_driver]: broadcast_odom_tf = True[0m
[stretch_driver-3] [0m[INFO] [1775503310.925586773] [stretch_driver]: rate = 30.0 Hz[0m
[stretch_driver-3] [0m[INFO] [1775503310.926129417] [stretch_driver]: twist timeout = 0.5 s[0m
[stretch_driver-3] [0m[INFO] [1775503310.926715250] [stretch_driver]: base_frame_id = base_link[0m
[stretch_driver-3] [0m[INFO] [1775503310.927148143] [stretch_driver]: odom_frame_id = odom[0m
[stretch_driver-3] [0m[INFO] [1775503310.989286936] [stretch_driver]: Changed to mode = navigation[0m
[controller_server-11] [INFO] [1775503311.221453894] [local_costmap.local_costmap]: start
[controller_server-11] [INFO] [1775503311.423954093] [controller_server]: Creating bond (controller_server) to lifecycle manager.
[lifecycle_manager-16] [INFO] [1775503311.529594170] [lifecycle_manager_navigation]: Server controller_server connected with bond.
[lifecycle_manager-16] [INFO] [1775503311.529691344] [lifecycle_manager_navigation]: [34m[1mActivating planner_server[0m[0m
[planner_server-12] [INFO] [1775503311.530156838] [planner_server]: Activating
[planner_server-12] [INFO] [1775503311.530259492] [global_costmap.global_costmap]: Activating
[planner_server-12] [INFO] [1775503311.530295993] [global_costmap.global_costmap]: Checking transform
[planner_server-12] [INFO] [1775503311.530356917] [global_costmap.global_costmap]: Timed out waiting for transform from base_link to map to become available, tf error: Invalid frame ID "map" passed to canTransform argument target_frame - frame does not exist
[planner_server-12] [INFO] [1775503312.030421322] [global_costmap.global_costmap]: Timed out waiting for transform from base_link to map to become available, tf error: Invalid frame ID "map" passed to canTransform argument target_frame - frame does not exist
[planner_server-12] [INFO] [1775503312.530409984] [global_costmap.global_costmap]: Timed out waiting for transform from base_link to map to become available, tf error: Invalid frame ID "map" passed to canTransform argument target_frame - frame does not exist
[planner_server-12] [INFO] [1775503313.030415345] [global_costmap.global_costmap]: Timed out waiting for transform from base_link to map to become available, tf error: Invalid frame ID "map" passed to canTransform argument target_frame - frame does not exist
[rviz2-17] [INFO] [1775503313.448175474] [rviz]: Message Filter dropping message: frame 'odom' at time 1775503311.391 for reason 'discarding message because the queue is full'
[planner_server-12] [INFO] [1775503313.530394514] [global_costmap.global_costmap]: Timed out waiting for transform from base_link to map to become available, tf error: Invalid frame ID "map" passed to canTransform argument target_frame - frame does not exist
[planner_server-12] [INFO] [1775503314.030418429] [global_costmap.global_costmap]: Timed out waiting for transform from base_link to map to become available, tf error: Invalid frame ID "map" passed to canTransform argument target_frame - frame does not exist
[planner_server-12] [INFO] [1775503314.530410283] [global_costmap.global_costmap]: Timed out waiting for transform from base_link to map to become available, tf error: Invalid frame ID "map" passed to canTransform argument target_frame - frame does not exist
[planner_server-12] [INFO] [1775503315.030467358] [global_costmap.global_costmap]: Timed out waiting for transform from base_link to map to become available, tf error: Invalid frame ID "map" passed to canTransform argument target_frame - frame does not exist
[planner_server-12] [INFO] [1775503315.530412574] [global_costmap.global_costmap]: Timed out waiting for transform from base_link to map to become available, tf error: Invalid frame ID "map" passed to canTransform argument target_frame - frame does not exist
[planner_server-12] [INFO] [1775503316.030358156] [global_costmap.global_costmap]: Timed out waiting for transform from base_link to map to become available, tf error: Invalid frame ID "map" passed to canTransform argument target_frame - frame does not exist
[rviz2-17] [INFO] [1775503316.046537530] [rviz]: Message Filter dropping message: frame 'odom' at time 1775503313.990 for reason 'discarding message because the queue is full'
[planner_server-12] [INFO] [1775503316.530403621] [global_costmap.global_costmap]: Timed out waiting for transform from base_link to map to become available, tf error: Invalid frame ID "map" passed to canTransform argument target_frame - frame does not exist
[planner_server-12] [INFO] [1775503317.030390532] [global_costmap.global_costmap]: Timed out waiting for transform from base_link to map to become available, tf error: Invalid frame ID "map" passed to canTransform argument target_frame - frame does not exist
[rviz2-17] [INFO] [1775503317.433459622] [rviz]: Message Filter dropping message: frame 'odom' at time 1775503311.422 for reason 'discarding message because the queue is full'
[planner_server-12] [INFO] [1775503317.530404445] [global_costmap.global_costmap]: Timed out waiting for transform from base_link to map to become available, tf error: Invalid frame ID "map" passed to canTransform argument target_frame - frame does not exist
[planner_server-12] [INFO] [1775503318.030427910] [global_costmap.global_costmap]: Timed out waiting for transform from base_link to map to become available, tf error: Invalid frame ID "map" passed to canTransform argument target_frame - frame does not exist
[planner_server-12] [INFO] [1775503318.530406936] [global_costmap.global_costmap]: Timed out waiting for transform from base_link to map to become available, tf error: Invalid frame ID "map" passed to canTransform argument target_frame - frame does not exist
[rviz2-17] [INFO] [1775503318.713533187] [rviz]: Message Filter dropping message: frame 'odom' at time 1775503316.592 for reason 'discarding message because the queue is full'
[planner_server-12] [INFO] [1775503319.030390164] [global_costmap.global_costmap]: Timed out waiting for transform from base_link to map to become available, tf error: Invalid frame ID "map" passed to canTransform argument target_frame - frame does not exist
[planner_server-12] [INFO] [1775503319.530420891] [global_costmap.global_costmap]: Timed out waiting for transform from base_link to map to become available, tf error: Invalid frame ID "map" passed to canTransform argument target_frame - frame does not exist
[planner_server-12] [INFO] [1775503320.030428420] [global_costmap.global_costmap]: Timed out waiting for transform from base_link to map to become available, tf error: Invalid frame ID "map" passed to canTransform argument target_frame - frame does not exist
[rviz2-17] [INFO] [1775503320.489319960] [rviz]: Message Filter dropping message: frame 'odom' at time 1775503314.422 for reason 'discarding message because the queue is full'
[planner_server-12] [INFO] [1775503320.530411462] [global_costmap.global_costmap]: Timed out waiting for transform from base_link to map to become available, tf error: Invalid frame ID "map" passed to canTransform argument target_frame - frame does not exist
[planner_server-12] [INFO] [1775503321.030405861] [global_costmap.global_costmap]: Timed out waiting for transform from base_link to map to become available, tf error: Invalid frame ID "map" passed to canTransform argument target_frame - frame does not exist
[rviz2-17] [INFO] [1775503321.280192990] [rviz]: Message Filter dropping message: frame 'odom' at time 1775503319.190 for reason 'discarding message because the queue is full'
[planner_server-12] [INFO] [1775503321.530414774] [global_costmap.global_costmap]: Timed out waiting for transform from base_link to map to become available, tf error: Invalid frame ID "map" passed to canTransform argument target_frame - frame does not exist
[planner_server-12] [INFO] [1775503322.030405531] [global_costmap.global_costmap]: Timed out waiting for transform from base_link to map to become available, tf error: Invalid frame ID "map" passed to canTransform argument target_frame - frame does not exist
[planner_server-12] [INFO] [1775503322.530436025] [global_costmap.global_costmap]: Timed out waiting for transform from base_link to map to become available, tf error: Invalid frame ID "map" passed to canTransform argument target_frame - frame does not exist
[planner_server-12] [INFO] [1775503323.030416760] [global_costmap.global_costmap]: Timed out waiting for transform from base_link to map to become available, tf error: Invalid frame ID "map" passed to canTransform argument target_frame - frame does not exist
[planner_server-12] [INFO] [1775503323.530389471] [global_costmap.global_costmap]: Timed out waiting for transform from base_link to map to become available, tf error: Invalid frame ID "map" passed to canTransform argument target_frame - frame does not exist
[rviz2-17] [INFO] [1775503323.535826614] [rviz]: Message Filter dropping message: frame 'odom' at time 1775503317.422 for reason 'discarding message because the queue is full'
[rviz2-17] [INFO] [1775503323.827750885] [rviz]: Message Filter dropping message: frame 'odom' at time 1775503321.790 for reason 'discarding message because the queue is full'
[planner_server-12] [INFO] [1775503324.030425471] [global_costmap.global_costmap]: Timed out waiting for transform from base_link to map to become available, tf error: Invalid frame ID "map" passed to canTransform argument target_frame - frame does not exist
[planner_server-12] [INFO] [1775503324.530437166] [global_costmap.global_costmap]: Timed out waiting for transform from base_link to map to become available, tf error: Invalid frame ID "map" passed to canTransform argument target_frame - frame does not exist
[planner_server-12] [INFO] [1775503325.030423692] [global_costmap.global_costmap]: Timed out waiting for transform from base_link to map to become available, tf error: Invalid frame ID "map" passed to canTransform argument target_frame - frame does not exist
[planner_server-12] [INFO] [1775503325.531054459] [global_costmap.global_costmap]: Timed out waiting for transform from base_link to map to become available, tf error: Invalid frame ID "map" passed to canTransform argument target_frame - frame does not exist
