=== dock_pos.sh started at Wed Apr  8 02:44:59 PM EDT 2026 ===
Waiting for nodes to be ready (launch_nodes.sh)...
Nodes are ready!
requester: making request: std_srvs.srv.Trigger_Request()

response:
std_srvs.srv.Trigger_Response(success=True, message='Now in navigation mode.')

Waiting for controller_server...
Set parameter successful
Yaw tolerance set.
Resetting arm position...
requester: making request: std_srvs.srv.Trigger_Request()

response:
std_srvs.srv.Trigger_Response(success=True, message='Now in position mode.')

[INFO] [1775673904.930828903] [reset_pose]: reset_pose started
[INFO] [1775673904.992088133] [reset_pose]: Node reset_pose connected to /home_the_robot service.
[INFO] [1775673904.994576312] [reset_pose]: Node reset_pose connected to /stow_the_robot service.
[INFO] [1775673904.996847838] [reset_pose]: Node reset_pose connected to /stop_the_robot service.
[INFO] [1775673904.999799471] [reset_pose]: Node reset_pose connected to /switch_to_trajectory_mode service.
[INFO] [1775673905.003383670] [reset_pose]: Node reset_pose connected to /switch_to_position_mode service.
[INFO] [1775673905.009870652] [reset_pose]: Node reset_pose connected to /switch_to_navigation_mode service.
[INFO] [1775673905.010950489] [reset_pose]: Moving to default pose...
[INFO] [1775673905.094529600] [reset_pose]: Arm reset done.
[INFO] [1775673905.095031658] [reset_pose]: Skipping rotation (ROTATE_DEG=0).
[INFO] [1775673905.095512214] [reset_pose]: Done.
Arm reset complete (exit 0).
requester: making request: std_srvs.srv.Trigger_Request()

response:
std_srvs.srv.Trigger_Response(success=True, message='Now in navigation mode.')

=== Navigating to table ===
requester: making request: std_srvs.srv.Trigger_Request()

response:
std_srvs.srv.Trigger_Response(success=True, message='Now in navigation mode.')

Set parameter successful
Waiting for an action server to become available...
Sending goal:
     pose:
  header:
    stamp:
      sec: 0
      nanosec: 0
    frame_id: map
  pose:
    position:
      x: 0.5688
      y: 1.6601
      z: 0.0
    orientation:
      x: 0.0
      y: 0.0
      z: -0.707
      w: 0.707
behavior_tree: ''

Goal accepted with ID: fafd649b83a04916838a9054dad9663b

Result:
    result: {}

Goal finished with status: SUCCEEDED
Navigation succeeded!
=== dock_pos.sh finished at Wed Apr  8 02:45:30 PM EDT 2026 ===
