=== dock_grab.sh started at Mon Apr  6 06:37:37 PM EDT 2026 ===
Freeing robot process...
Done!
=== Launching all nodes ===
Waiting for Nav2 action server...
[INFO] [launch]: All log files can be found below /home/willy/.ros/log/2026-04-06-18-37-38-090174-stretch-re2-2204-7074
[INFO] [launch]: Default logging verbosity is set to INFO
[INFO] [launch]: All log files can be found below /home/willy/.ros/log/2026-04-06-18-37-38-095513-stretch-re2-2204-7073
[INFO] [launch]: Default logging verbosity is set to INFO
[INFO] [launch.user]: D435i launched in high resolution
[INFO] [realsense2_camera_node-1]: process started with pid [7139]
[INFO] [d435i_accel_correction-2]: process started with pid [7141]
[d435i_accel_correction-2] [INFO] [1775515058.659980450] [d435i_accel_correction_node]: d435i_accel_correction_node started
[INFO] [1775515058.673873859] [aruco_base_frame_estimator]: aruco_base_frame_estimator started
[realsense2_camera_node-1] [0m[INFO] [1775515058.867198158] [camera]: RealSense ROS v4.55.1[0m
[realsense2_camera_node-1] [0m[INFO] [1775515058.867278507] [camera]: Built with LibRealSense v2.56.4[0m
[realsense2_camera_node-1] [0m[INFO] [1775515058.867290951] [camera]: Running with LibRealSense v2.56.4[0m
[realsense2_camera_node-1] [0m[INFO] [1775515058.897840907] [camera]: Device with serial number 239722071445 was found.
[realsense2_camera_node-1] [0m
[realsense2_camera_node-1] [0m[INFO] [1775515058.897910335] [camera]: Device with physical ID /sys/devices/pci0000:00/0000:00:0d.0/usb2/2-1/2-1:1.0/video4linux/video0 was found.[0m
[realsense2_camera_node-1] [0m[INFO] [1775515058.897918049] [camera]: Device with name Intel RealSense D435I was found.[0m
[realsense2_camera_node-1] [0m[INFO] [1775515058.898056437] [camera]: Device with port number 2-1 was found.[0m
[realsense2_camera_node-1] [0m[INFO] [1775515058.898067151] [camera]: Device USB type: 3.2[0m
[realsense2_camera_node-1] [0m[INFO] [1775515058.898073907] [camera]: Resetting device...[0m
[INFO] [stretch_driver-3]: process started with pid [7305]
[INFO] [joint_state_publisher-1]: process started with pid [7301]
[INFO] [robot_state_publisher-2]: process started with pid [7303]
[INFO] [sllidar_node-4]: process started with pid [7307]
[INFO] [scan_to_scan_filter_chain-5]: process started with pid [7309]
[INFO] [joy_node-6]: process started with pid [7311]
[INFO] [teleop_node-7]: process started with pid [7313]
[INFO] [map_server-8]: process started with pid [7315]
[INFO] [amcl-9]: process started with pid [7317]
[INFO] [lifecycle_manager-10]: process started with pid [7319]
[INFO] [controller_server-11]: process started with pid [7321]
[INFO] [planner_server-12]: process started with pid [7324]
[INFO] [behavior_server-13]: process started with pid [7329]
[INFO] [bt_navigator-14]: process started with pid [7331]
[INFO] [waypoint_follower-15]: process started with pid [7333]
[INFO] [lifecycle_manager-16]: process started with pid [7450]
[INFO] [rviz2-17]: process started with pid [7452]
[sllidar_node-4] [INFO] [1775515059.048350801] [sllidar_node]: SLLidar running on ROS2 package SLLidar.ROS2 SDK Version:1.0.1, SLLIDAR SDK Version:2.1.0
[sllidar_node-4] [INFO] [1775515059.058042161] [sllidar_node]: SLLidar S/N: C394ED93C0EA98C9A5E698F2564A4669
[sllidar_node-4] [INFO] [1775515059.058135847] [sllidar_node]: Firmware Ver: 1.29
[sllidar_node-4] [INFO] [1775515059.058154733] [sllidar_node]: Hardware Rev: 7
[sllidar_node-4] [INFO] [1775515059.059770429] [sllidar_node]: SLLidar health status : 0
[sllidar_node-4] [INFO] [1775515059.059858565] [sllidar_node]: SLLidar health status : OK.
[scan_to_scan_filter_chain-5] [INFO] [1775515059.071451729] [laser_filter]: In shadow configure done
[scan_to_scan_filter_chain-5] [WARN] [1775515059.073221906] [rcl.logging_rosout]: Publisher already registered for provided node name. If this is due to multiple nodes with the same name then all logs for that logger name will go out over the existing publisher. As soon as any node with that name is destructed it will unregister the publisher, preventing any further logs for that name from being published on the rosout topic.
[teleop_node-7] [INFO] [1775515059.056028051] [TeleopTwistJoy]: Teleop enable button 4.
[teleop_node-7] [INFO] [1775515059.056123541] [TeleopTwistJoy]: Linear axis x on 4 at scale 0.500000.
[teleop_node-7] [INFO] [1775515059.056143432] [TeleopTwistJoy]: Angular axis yaw on 3 at scale 0.500000.
[map_server-8] [INFO] [1775515059.091392048] [map_server]: 
[map_server-8] 	map_server lifecycle node launched. 
[map_server-8] 	Waiting on external lifecycle transitions to activate
[map_server-8] 	See https://design.ros2.org/articles/node_lifecycle.html for more information.
[map_server-8] [INFO] [1775515059.091527325] [map_server]: Creating
[amcl-9] [INFO] [1775515059.060694882] [amcl]: 
[amcl-9] 	amcl lifecycle node launched. 
[amcl-9] 	Waiting on external lifecycle transitions to activate
[amcl-9] 	See https://design.ros2.org/articles/node_lifecycle.html for more information.
[amcl-9] [INFO] [1775515059.066544082] [amcl]: Creating
[lifecycle_manager-10] [INFO] [1775515059.073378281] [lifecycle_manager_localization]: Creating
Nav2 is up!
Setting initial pose...
[controller_server-11] [INFO] [1775515059.062965514] [controller_server]: 
[controller_server-11] 	controller_server lifecycle node launched. 
[controller_server-11] 	Waiting on external lifecycle transitions to activate
[controller_server-11] 	See https://design.ros2.org/articles/node_lifecycle.html for more information.
[controller_server-11] [INFO] [1775515059.081146243] [controller_server]: Creating controller server
[planner_server-12] [INFO] [1775515059.088433792] [planner_server]: 
[planner_server-12] 	planner_server lifecycle node launched. 
[planner_server-12] 	Waiting on external lifecycle transitions to activate
[planner_server-12] 	See https://design.ros2.org/articles/node_lifecycle.html for more information.
[planner_server-12] [INFO] [1775515059.098919547] [planner_server]: Creating
[behavior_server-13] [INFO] [1775515059.085074322] [behavior_server]: 
[behavior_server-13] 	behavior_server lifecycle node launched. 
[behavior_server-13] 	Waiting on external lifecycle transitions to activate
[behavior_server-13] 	See https://design.ros2.org/articles/node_lifecycle.html for more information.
[bt_navigator-14] [INFO] [1775515059.075611948] [bt_navigator]: 
[bt_navigator-14] 	bt_navigator lifecycle node launched. 
[bt_navigator-14] 	Waiting on external lifecycle transitions to activate
[bt_navigator-14] 	See https://design.ros2.org/articles/node_lifecycle.html for more information.
[bt_navigator-14] [INFO] [1775515059.075756436] [bt_navigator]: Creating
[waypoint_follower-15] [INFO] [1775515059.067153671] [waypoint_follower]: 
[waypoint_follower-15] 	waypoint_follower lifecycle node launched. 
[waypoint_follower-15] 	Waiting on external lifecycle transitions to activate
[waypoint_follower-15] 	See https://design.ros2.org/articles/node_lifecycle.html for more information.
[waypoint_follower-15] [INFO] [1775515059.069248609] [waypoint_follower]: Creating
[lifecycle_manager-10] [INFO] [1775515059.102296513] [lifecycle_manager_localization]: [34m[1mCreating and initializing lifecycle service clients[0m[0m
[controller_server-11] [INFO] [1775515059.118686048] [local_costmap.local_costmap]: 
[controller_server-11] 	local_costmap lifecycle node launched. 
[controller_server-11] 	Waiting on external lifecycle transitions to activate
[controller_server-11] 	See https://design.ros2.org/articles/node_lifecycle.html for more information.
[lifecycle_manager-16] [INFO] [1775515059.120673170] [lifecycle_manager_navigation]: Creating
[controller_server-11] [INFO] [1775515059.123031639] [local_costmap.local_costmap]: Creating Costmap
[lifecycle_manager-16] [INFO] [1775515059.123317016] [lifecycle_manager_navigation]: [34m[1mCreating and initializing lifecycle service clients[0m[0m
[planner_server-12] [INFO] [1775515059.124558875] [global_costmap.global_costmap]: 
[planner_server-12] 	global_costmap lifecycle node launched. 
[planner_server-12] 	Waiting on external lifecycle transitions to activate
[planner_server-12] 	See https://design.ros2.org/articles/node_lifecycle.html for more information.
[planner_server-12] [INFO] [1775515059.125939934] [global_costmap.global_costmap]: Creating Costmap
[lifecycle_manager-16] [INFO] [1775515059.138243623] [lifecycle_manager_navigation]: [34m[1mStarting managed nodes bringup...[0m[0m
[lifecycle_manager-16] [INFO] [1775515059.138301675] [lifecycle_manager_navigation]: [34m[1mConfiguring controller_server[0m[0m
[controller_server-11] [INFO] [1775515059.138704455] [controller_server]: Configuring controller interface
[controller_server-11] [INFO] [1775515059.138994371] [controller_server]: getting goal checker plugins..
[controller_server-11] [INFO] [1775515059.139157077] [controller_server]: Controller frequency set to 20.0000Hz
[controller_server-11] [INFO] [1775515059.139220597] [local_costmap.local_costmap]: Configuring
[controller_server-11] [INFO] [1775515059.143963882] [local_costmap.local_costmap]: Using plugin "obstacle_layer"
[controller_server-11] [INFO] [1775515059.151369825] [local_costmap.local_costmap]: Subscribed to Topics: scan
[controller_server-11] [INFO] [1775515059.155914646] [local_costmap.local_costmap]: Initialized plugin "obstacle_layer"
[controller_server-11] [INFO] [1775515059.155995882] [local_costmap.local_costmap]: Using plugin "voxel_layer"
[controller_server-11] [INFO] [1775515059.156734124] [local_costmap.local_costmap]: Subscribed to Topics: scan
[controller_server-11] [INFO] [1775515059.159383438] [local_costmap.local_costmap]: Initialized plugin "voxel_layer"
[controller_server-11] [INFO] [1775515059.159432699] [local_costmap.local_costmap]: Using plugin "inflation_layer"
[controller_server-11] [INFO] [1775515059.159989028] [local_costmap.local_costmap]: Initialized plugin "inflation_layer"
[controller_server-11] [INFO] [1775515059.169339170] [controller_server]: Created progress_checker : progress_checker of type nav2_controller::SimpleProgressChecker
[controller_server-11] [INFO] [1775515059.170744354] [controller_server]: Created goal checker : general_goal_checker of type nav2_controller::SimpleGoalChecker
[controller_server-11] [INFO] [1775515059.171258540] [controller_server]: Controller Server has general_goal_checker  goal checkers available.
[controller_server-11] [INFO] [1775515059.176067947] [controller_server]: Created controller : FollowPath of type dwb_core::DWBLocalPlanner
[controller_server-11] [INFO] [1775515059.177106082] [controller_server]: Setting transform_tolerance to 0.200000
[controller_server-11] [INFO] [1775515059.185426836] [controller_server]: Using critic "RotateToGoal" (dwb_critics::RotateToGoalCritic)
[controller_server-11] [INFO] [1775515059.186005319] [controller_server]: Critic plugin initialized
[controller_server-11] [INFO] [1775515059.186136145] [controller_server]: Using critic "Oscillation" (dwb_critics::OscillationCritic)
[controller_server-11] [INFO] [1775515059.186521578] [controller_server]: Critic plugin initialized
[controller_server-11] [INFO] [1775515059.186625967] [controller_server]: Using critic "BaseObstacle" (dwb_critics::BaseObstacleCritic)
[controller_server-11] [INFO] [1775515059.186789616] [controller_server]: Critic plugin initialized
[controller_server-11] [INFO] [1775515059.186885404] [controller_server]: Using critic "GoalAlign" (dwb_critics::GoalAlignCritic)
[controller_server-11] [INFO] [1775515059.187179430] [controller_server]: Critic plugin initialized
[controller_server-11] [INFO] [1775515059.187289546] [controller_server]: Using critic "PathAlign" (dwb_critics::PathAlignCritic)
[controller_server-11] [INFO] [1775515059.187574255] [controller_server]: Critic plugin initialized
[controller_server-11] [INFO] [1775515059.187682663] [controller_server]: Using critic "PathDist" (dwb_critics::PathDistCritic)
[controller_server-11] [INFO] [1775515059.187876811] [controller_server]: Critic plugin initialized
[controller_server-11] [INFO] [1775515059.187979457] [controller_server]: Using critic "GoalDist" (dwb_critics::GoalDistCritic)
[controller_server-11] [INFO] [1775515059.188246731] [controller_server]: Critic plugin initialized
[controller_server-11] [INFO] [1775515059.188425459] [controller_server]: Using critic "PreferForward" (dwb_critics::PreferForwardCritic)
[controller_server-11] [INFO] [1775515059.188941673] [controller_server]: Critic plugin initialized
[controller_server-11] [INFO] [1775515059.188969796] [controller_server]: Controller Server has FollowPath  controllers available.
[lifecycle_manager-16] [INFO] [1775515059.192662244] [lifecycle_manager_navigation]: [34m[1mConfiguring planner_server[0m[0m
[planner_server-12] [INFO] [1775515059.192824995] [planner_server]: Configuring
[planner_server-12] [INFO] [1775515059.192887766] [global_costmap.global_costmap]: Configuring
[planner_server-12] [INFO] [1775515059.196361260] [global_costmap.global_costmap]: Using plugin "static_layer"
[planner_server-12] [INFO] [1775515059.200370868] [global_costmap.global_costmap]: Subscribing to the map topic (/map) with transient local durability
[planner_server-12] [INFO] [1775515059.201966639] [global_costmap.global_costmap]: Initialized plugin "static_layer"
[planner_server-12] [INFO] [1775515059.202007593] [global_costmap.global_costmap]: Using plugin "obstacle_layer"
[planner_server-12] [INFO] [1775515059.204745195] [global_costmap.global_costmap]: Subscribed to Topics: scan
[planner_server-12] [INFO] [1775515059.214175193] [global_costmap.global_costmap]: Initialized plugin "obstacle_layer"
[planner_server-12] [INFO] [1775515059.214225665] [global_costmap.global_costmap]: Using plugin "voxel_layer"
[lifecycle_manager-10] [INFO] [1775515059.218213230] [lifecycle_manager_localization]: [34m[1mStarting managed nodes bringup...[0m[0m
[lifecycle_manager-10] [INFO] [1775515059.218271779] [lifecycle_manager_localization]: [34m[1mConfiguring map_server[0m[0m
[planner_server-12] [INFO] [1775515059.218515379] [global_costmap.global_costmap]: Subscribed to Topics: scan
[map_server-8] [INFO] [1775515059.221038064] [map_server]: Configuring
[map_server-8] [INFO] [1775515059.221129944] [map_io]: Loading yaml file: /home/willy/stretch_user/maps/testing_map.yaml
[map_server-8] [INFO] [1775515059.222260746] [map_io]: resolution: 0.05
[map_server-8] [INFO] [1775515059.222279571] [map_io]: origin[0]: -11.5
[map_server-8] [INFO] [1775515059.222287457] [map_io]: origin[1]: -1.71
[map_server-8] [INFO] [1775515059.222293737] [map_io]: origin[2]: 0
[map_server-8] [INFO] [1775515059.222300249] [map_io]: free_thresh: 0.25
[map_server-8] [INFO] [1775515059.222306695] [map_io]: occupied_thresh: 0.65
[map_server-8] [INFO] [1775515059.222313274] [map_io]: mode: trinary
[map_server-8] [INFO] [1775515059.222320369] [map_io]: negate: 0
[map_server-8] [INFO] [1775515059.226299294] [map_io]: Loading image_file: /home/willy/stretch_user/maps/testing_map.pgm
[planner_server-12] [INFO] [1775515059.231633992] [global_costmap.global_costmap]: Initialized plugin "voxel_layer"
[planner_server-12] [INFO] [1775515059.231678708] [global_costmap.global_costmap]: Using plugin "inflation_layer"
[planner_server-12] [INFO] [1775515059.233965593] [global_costmap.global_costmap]: Initialized plugin "inflation_layer"
[planner_server-12] [INFO] [1775515059.243736550] [planner_server]: Created global planner plugin GridBased of type nav2_navfn_planner/NavfnPlanner
[planner_server-12] [INFO] [1775515059.243787777] [planner_server]: Configuring plugin GridBased of type NavfnPlanner
[planner_server-12] [INFO] [1775515059.245240355] [planner_server]: Planner Server has GridBased  planners available.
[map_server-8] [INFO] [1775515059.253244297] [map_io]: Read map /home/willy/stretch_user/maps/testing_map.pgm: 416 X 249 map @ 0.05 m/cell
[lifecycle_manager-10] [INFO] [1775515059.265816997] [lifecycle_manager_localization]: [34m[1mConfiguring amcl[0m[0m
[lifecycle_manager-16] [INFO] [1775515059.266033866] [lifecycle_manager_navigation]: [34m[1mConfiguring behavior_server[0m[0m
[amcl-9] [INFO] [1775515059.266067985] [amcl]: Configuring
[amcl-9] [INFO] [1775515059.266162600] [amcl]: initTransforms
[behavior_server-13] [INFO] [1775515059.266260206] [behavior_server]: Configuring
[sllidar_node-4] [INFO] [1775515059.268756863] [sllidar_node]: current scan mode: Boost, sample rate: 8 Khz, max_distance: 12.0 m, scan frequency:10.0 Hz, 
[amcl-9] [INFO] [1775515059.285101710] [amcl]: initPubSub
[behavior_server-13] [INFO] [1775515059.285213526] [behavior_server]: Creating behavior plugin spin of type nav2_behaviors/Spin
[behavior_server-13] [INFO] [1775515059.289668474] [behavior_server]: Configuring spin
[amcl-9] [INFO] [1775515059.293166570] [amcl]: Subscribed to map topic.
[lifecycle_manager-10] [INFO] [1775515059.300479908] [lifecycle_manager_localization]: [34m[1mActivating map_server[0m[0m
[map_server-8] [INFO] [1775515059.300685557] [map_server]: Activating
[planner_server-12] [INFO] [1775515059.301601215] [global_costmap.global_costmap]: StaticLayer: Resizing costmap to 416 X 249 at 0.050000 m/pix
[map_server-8] [INFO] [1775515059.301816450] [map_server]: Creating bond (map_server) to lifecycle manager.
[amcl-9] [INFO] [1775515059.302346857] [amcl]: Received a 416 X 249 map @ 0.050 m/pix
[behavior_server-13] [INFO] [1775515059.305803684] [behavior_server]: Creating behavior plugin backup of type nav2_behaviors/BackUp
[behavior_server-13] [INFO] [1775515059.308961858] [behavior_server]: Configuring backup
[behavior_server-13] [INFO] [1775515059.322213084] [behavior_server]: Creating behavior plugin drive_on_heading of type nav2_behaviors/DriveOnHeading
[behavior_server-13] [INFO] [1775515059.324914936] [behavior_server]: Configuring drive_on_heading
[behavior_server-13] [INFO] [1775515059.333092683] [behavior_server]: Creating behavior plugin assisted_teleop of type nav2_behaviors/AssistedTeleop
[behavior_server-13] [INFO] [1775515059.339867907] [behavior_server]: Configuring assisted_teleop
[behavior_server-13] [INFO] [1775515059.352536555] [behavior_server]: Creating behavior plugin wait of type nav2_behaviors/Wait
[behavior_server-13] [INFO] [1775515059.355341957] [behavior_server]: Configuring wait
[lifecycle_manager-16] [INFO] [1775515059.364242554] [lifecycle_manager_navigation]: [34m[1mConfiguring bt_navigator[0m[0m
[bt_navigator-14] [INFO] [1775515059.364523978] [bt_navigator]: Configuring
[lifecycle_manager-10] [INFO] [1775515059.413152697] [lifecycle_manager_localization]: Server map_server connected with bond.
[lifecycle_manager-10] [INFO] [1775515059.413229163] [lifecycle_manager_localization]: [34m[1mActivating amcl[0m[0m
[amcl-9] [INFO] [1775515059.413650122] [amcl]: Activating
[amcl-9] [INFO] [1775515059.413701784] [amcl]: Creating bond (amcl) to lifecycle manager.
[lifecycle_manager-16] [INFO] [1775515059.470937505] [lifecycle_manager_navigation]: [34m[1mConfiguring waypoint_follower[0m[0m
[waypoint_follower-15] [INFO] [1775515059.471605141] [waypoint_follower]: Configuring
[waypoint_follower-15] [INFO] [1775515059.483022469] [waypoint_follower]: Created waypoint_task_executor : wait_at_waypoint of type nav2_waypoint_follower::WaitAtWaypoint
[lifecycle_manager-16] [INFO] [1775515059.484463187] [lifecycle_manager_navigation]: [34m[1mActivating controller_server[0m[0m
[controller_server-11] [INFO] [1775515059.484790410] [controller_server]: Activating
[controller_server-11] [INFO] [1775515059.484855315] [local_costmap.local_costmap]: Activating
[controller_server-11] [INFO] [1775515059.484878736] [local_costmap.local_costmap]: Checking transform
[controller_server-11] [INFO] [1775515059.484979159] [local_costmap.local_costmap]: Timed out waiting for transform from base_link to odom to become available, tf error: Invalid frame ID "odom" passed to canTransform argument target_frame - frame does not exist
[lifecycle_manager-10] [INFO] [1775515059.516284777] [lifecycle_manager_localization]: Server amcl connected with bond.
[lifecycle_manager-10] [INFO] [1775515059.516347483] [lifecycle_manager_localization]: [34m[1mManaged nodes are active[0m[0m
[lifecycle_manager-10] [INFO] [1775515059.516367935] [lifecycle_manager_localization]: [34m[1mCreating bond timer...[0m[0m
[joy_node-6] [INFO] [1775515059.720302751] [joy_node]: Opened joystick: Controller 1.05.  deadzone: 0.050000
[INFO] [1775515059.791948597] [object_grasper]: object_grasper started
[controller_server-11] [INFO] [1775515059.985171549] [local_costmap.local_costmap]: Timed out waiting for transform from base_link to odom to become available, tf error: Invalid frame ID "odom" passed to canTransform argument target_frame - frame does not exist
[rviz2-17] [INFO] [1775515060.009323377] [rviz2]: Stereo is NOT SUPPORTED
[rviz2-17] [INFO] [1775515060.009409916] [rviz2]: OpenGl version: 4.5 (GLSL 4.5)
[scan_to_scan_filter_chain-5] [WARN] [1775515060.061395444] [laser_filter]: diagnostic_updater: No HW_ID was set. This is probably a bug. Please report it. For devices that do not have a HW_ID, set this value to 'none'. This warning only occurs once all diagnostics are OK. It is okay to wait until the device is open before calling setHardwareID.
[rviz2-17] [INFO] [1775515060.112666506] [rviz2]: Stereo is NOT SUPPORTED
[amcl-9] [WARN] [1775515060.193846872] [amcl]: New subscription discovered on topic '/particle_cloud', requesting incompatible QoS. No messages will be sent to it. Last incompatible policy: RELIABILITY_QOS_POLICY
[stretch_driver-3] [0m[INFO] [1775515060.349721499] [stretch_driver]: For use with S T R E T C H (TM) RESEARCH EDITION from Hello Robot Inc.[0m
[stretch_driver-3] [0m[INFO] [1775515060.350147277] [stretch_driver]: stretch_driver started[0m
[rviz2-17] [INFO] [1775515060.418344182] [rviz2]: Trying to create a map of size 416 x 249 using 1 swatches
[rviz2-17] [ERROR] [1775515060.423724624] [rviz2]: Vertex Program:rviz/glsl120/indexed_8bit_image.vert Fragment Program:rviz/glsl120/indexed_8bit_image.frag GLSL link result : 
[rviz2-17] active samplers with a different type refer to the same texture image unit
[controller_server-11] [INFO] [1775515060.485061917] [local_costmap.local_costmap]: Timed out waiting for transform from base_link to odom to become available, tf error: Invalid frame ID "odom" passed to canTransform argument target_frame - frame does not exist
publisher: beginning loop
publishing #1: geometry_msgs.msg.PoseWithCovarianceStamped(header=std_msgs.msg.Header(stamp=builtin_interfaces.msg.Time(sec=0, nanosec=0), frame_id='map'), pose=geometry_msgs.msg.PoseWithCovariance(pose=geometry_msgs.msg.Pose(position=geometry_msgs.msg.Point(x=0.0, y=0.0, z=0.0), orientation=geometry_msgs.msg.Quaternion(x=0.0, y=0.0, z=0.0, w=1.0)), covariance=array([0.25, 0.  , 0.  , 0.  , 0.  , 0.  , 0.  , 0.25, 0.  , 0.  , 0.  ,
       0.  , 0.  , 0.  , 0.  , 0.  , 0.  , 0.  , 0.  , 0.  , 0.  , 0.  ,
       0.  , 0.  , 0.  , 0.  , 0.  , 0.  , 0.  , 0.  , 0.  , 0.  , 0.  ,
       0.  , 0.  , 0.07])))

[amcl-9] [INFO] [1775515060.544266671] [amcl]: initialPoseReceived
[amcl-9] [INFO] [1775515060.544604691] [amcl]: Setting pose (1775515060.544604): 0.000 0.000 0.000
Waiting for AMCL to localize...
[controller_server-11] [INFO] [1775515060.985053385] [local_costmap.local_costmap]: Timed out waiting for transform from base_link to odom to become available, tf error: Invalid frame ID "odom" passed to canTransform argument target_frame - frame does not exist
[stretch_driver-3] Key mapped to End-Of-Arm Tool: tool_stretch_dex_wrist
[stretch_driver-3] Unable to load URDF: /home/willy/.local/lib/python3.10/site-packages/stretch_urdf/RE2V0/stretch_description_RE2V0_tool_stretch_dex_wrist.urdf. Disabling collision system.
[stretch_driver-3] [INFO] [robot_monitor]: Runstop activated
[controller_server-11] [INFO] [1775515061.485142880] [local_costmap.local_costmap]: Timed out waiting for transform from base_link to odom to become available, tf error: Invalid frame ID "odom" passed to canTransform argument target_frame - frame does not exist
[amcl-9] [INFO] [1775515061.713431256] [amcl]: Message Filter dropping message: frame 'laser' at time 1775515059.269 for reason 'the timestamp on the message is earlier than all the data in the transform cache'
[controller_server-11] [INFO] [1775515061.985160901] [local_costmap.local_costmap]: Timed out waiting for transform from base_link to odom to become available, tf error: Invalid frame ID "odom" passed to canTransform argument target_frame - frame does not exist
[stretch_driver-3] [0m[INFO] [1775515062.093853450] [stretch_driver]: broadcast_odom_tf = True[0m
[stretch_driver-3] [0m[INFO] [1775515062.137284159] [stretch_driver]: rate = 30.0 Hz[0m
[stretch_driver-3] [0m[INFO] [1775515062.137741261] [stretch_driver]: twist timeout = 0.5 s[0m
[stretch_driver-3] [0m[INFO] [1775515062.138274143] [stretch_driver]: base_frame_id = base_link[0m
[stretch_driver-3] [0m[INFO] [1775515062.138834693] [stretch_driver]: odom_frame_id = odom[0m
[rviz2-17] [INFO] [1775515062.139830300] [rviz]: Message Filter dropping message: frame 'laser' at time 1775515059.269 for reason 'discarding message because the queue is full'
[stretch_driver-3] [0m[INFO] [1775515062.193703916] [stretch_driver]: Changed to mode = navigation[0m
[stretch_driver-3] [0m[INFO] [1775515062.230638947] [stretch_driver]: Changed to mode = runstopped[0m
[INFO] [1775515062.248568955] [aruco_base_frame_estimator]: Node aruco_base_frame_estimator connected to /home_the_robot service.
[INFO] [1775515062.250077437] [aruco_base_frame_estimator]: Node aruco_base_frame_estimator connected to /stow_the_robot service.
[INFO] [1775515062.251375969] [aruco_base_frame_estimator]: Node aruco_base_frame_estimator connected to /stop_the_robot service.
[INFO] [1775515062.253300640] [aruco_base_frame_estimator]: Node aruco_base_frame_estimator connected to /switch_to_trajectory_mode service.
[INFO] [1775515062.254491445] [aruco_base_frame_estimator]: Node aruco_base_frame_estimator connected to /switch_to_position_mode service.
[INFO] [1775515062.255824792] [aruco_base_frame_estimator]: Node aruco_base_frame_estimator connected to /switch_to_navigation_mode service.
[INFO] [1775515062.256353007] [aruco_base_frame_estimator]: Moving head camera to detection orientation...
[WARN] [1775515062.256637430] [aruco_base_frame_estimator]: Currently in  mode. Recommend switching either to position or trajectory mode
[WARN] [1775515062.257085767] [aruco_base_frame_estimator]: Commanding joint trajectory server in position mode
[stretch_driver-3] [0m[INFO] [1775515062.269922275] [stretch_driver]: Received goal request[0m
[stretch_driver-3] -------------------------------------------
[stretch_driver-3] Errored goal
[stretch_driver-3] [0m[INFO] [1775515062.276984891] [stretch_driver]: stretch_driver joint_traj action: Cannot execute goals while in mode=runstopped[0m
[INFO] [1775515062.279617062] [aruco_base_frame_estimator]: Head camera at detection pose — starting ArUco detection.
[INFO] [1775515062.282385667] [aruco_base_frame_estimator]: Waiting for camera TF (base_link -> camera_color_optical_frame)...
[INFO] [1775515062.323807937] [aruco_base_frame_estimator]: Camera pose acquired:
[INFO] [1775515062.324050266] [aruco_base_frame_estimator]:   Position  : X=+0.0433  Y=-0.0073  Z=+1.3103  (m)
[INFO] [1775515062.324224954] [aruco_base_frame_estimator]:   RPY (deg) : R=+1.30  P=+89.02  Y=+4.39
[INFO] [1775515062.326912512] [aruco_base_frame_estimator]: ============================================================
[INFO] [1775515062.327126527] [aruco_base_frame_estimator]: ArUco Base Frame Estimator Started
[INFO] [1775515062.327291399] [aruco_base_frame_estimator]: Target Marker ID: 202
[INFO] [1775515062.327446285] [aruco_base_frame_estimator]: Marker size: 2.8 cm
[INFO] [1775515062.327602387] [aruco_base_frame_estimator]: Marker offset (cam frame): X=0.0  Y=0.0  Z=0.0
[INFO] [1775515062.327757971] [aruco_base_frame_estimator]: Publishing target on: /aruco/target_base_link
[INFO] [1775515062.327910349] [aruco_base_frame_estimator]: ============================================================
[INFO] [1775515062.337935399] [object_grasper]: Node object_grasper connected to /home_the_robot service.
[INFO] [1775515062.338998394] [object_grasper]: Node object_grasper connected to /stow_the_robot service.
[INFO] [1775515062.340030277] [object_grasper]: Node object_grasper connected to /stop_the_robot service.
[INFO] [1775515062.341103953] [object_grasper]: Node object_grasper connected to /switch_to_trajectory_mode service.
[INFO] [1775515062.349994981] [object_grasper]: Node object_grasper connected to /switch_to_position_mode service.
[INFO] [1775515062.352268824] [object_grasper]: Node object_grasper connected to /switch_to_navigation_mode service.
/home/willy/.local/lib/python3.10/site-packages/ikpy/urdf/URDF.py:261: UserWarning: Joint joint_mast is of type: fixed, but has an 'axis' attribute defined. This is not in the URDF spec and thus this axis is ignored
  warnings.warn("Joint {} is of type: fixed, but has an 'axis' attribute defined. This is not in the URDF spec and thus this axis is ignored".format(joint.attrib["name"]))
/home/willy/.local/lib/python3.10/site-packages/ikpy/urdf/URDF.py:261: UserWarning: Joint joint_arm_l4 is of type: fixed, but has an 'axis' attribute defined. This is not in the URDF spec and thus this axis is ignored
  warnings.warn("Joint {} is of type: fixed, but has an 'axis' attribute defined. This is not in the URDF spec and thus this axis is ignored".format(joint.attrib["name"]))
[amcl-9] [INFO] [1775515062.469247451] [amcl]: createLaserObject
[controller_server-11] [INFO] [1775515062.485152824] [local_costmap.local_costmap]: start
/home/willy/.local/lib/python3.10/site-packages/ikpy/urdf/URDF.py:261: UserWarning: Joint joint_wrist_yaw_bottom is of type: fixed, but has an 'axis' attribute defined. This is not in the URDF spec and thus this axis is ignored
  warnings.warn("Joint {} is of type: fixed, but has an 'axis' attribute defined. This is not in the URDF spec and thus this axis is ignored".format(joint.attrib["name"]))
/home/willy/.local/lib/python3.10/site-packages/ikpy/urdf/URDF.py:261: UserWarning: Joint joint_gripper_s3_body is of type: fixed, but has an 'axis' attribute defined. This is not in the URDF spec and thus this axis is ignored
  warnings.warn("Joint {} is of type: fixed, but has an 'axis' attribute defined. This is not in the URDF spec and thus this axis is ignored".format(joint.attrib["name"]))
/home/willy/.local/lib/python3.10/site-packages/ikpy/urdf/URDF.py:261: UserWarning: Joint joint_grasp_center is of type: fixed, but has an 'axis' attribute defined. This is not in the URDF spec and thus this axis is ignored
  warnings.warn("Joint {} is of type: fixed, but has an 'axis' attribute defined. This is not in the URDF spec and thus this axis is ignored".format(joint.attrib["name"]))
/home/willy/.local/lib/python3.10/site-packages/ikpy/chain.py:60: UserWarning: Link Base link (index: 0) is of type 'fixed' but set as active in the active_links_mask. In practice, this fixed link doesn't provide any transformation so is as it were inactive
  warnings.warn("Link {} (index: {}) is of type 'fixed' but set as active in the active_links_mask. In practice, this fixed link doesn't provide any transformation so is as it were inactive".format(link.name, link_index))
/home/willy/.local/lib/python3.10/site-packages/ikpy/chain.py:60: UserWarning: Link joint_mast (index: 2) is of type 'fixed' but set as active in the active_links_mask. In practice, this fixed link doesn't provide any transformation so is as it were inactive
  warnings.warn("Link {} (index: {}) is of type 'fixed' but set as active in the active_links_mask. In practice, this fixed link doesn't provide any transformation so is as it were inactive".format(link.name, link_index))
/home/willy/.local/lib/python3.10/site-packages/ikpy/chain.py:60: UserWarning: Link joint_arm_l4 (index: 4) is of type 'fixed' but set as active in the active_links_mask. In practice, this fixed link doesn't provide any transformation so is as it were inactive
  warnings.warn("Link {} (index: {}) is of type 'fixed' but set as active in the active_links_mask. In practice, this fixed link doesn't provide any transformation so is as it were inactive".format(link.name, link_index))
/home/willy/.local/lib/python3.10/site-packages/ikpy/chain.py:60: UserWarning: Link joint_wrist_yaw_bottom (index: 10) is of type 'fixed' but set as active in the active_links_mask. In practice, this fixed link doesn't provide any transformation so is as it were inactive
  warnings.warn("Link {} (index: {}) is of type 'fixed' but set as active in the active_links_mask. In practice, this fixed link doesn't provide any transformation so is as it were inactive".format(link.name, link_index))
/home/willy/.local/lib/python3.10/site-packages/ikpy/chain.py:60: UserWarning: Link joint_gripper_s3_body (index: 13) is of type 'fixed' but set as active in the active_links_mask. In practice, this fixed link doesn't provide any transformation so is as it were inactive
  warnings.warn("Link {} (index: {}) is of type 'fixed' but set as active in the active_links_mask. In practice, this fixed link doesn't provide any transformation so is as it were inactive".format(link.name, link_index))
/home/willy/.local/lib/python3.10/site-packages/ikpy/chain.py:60: UserWarning: Link joint_grasp_center (index: 14) is of type 'fixed' but set as active in the active_links_mask. In practice, this fixed link doesn't provide any transformation so is as it were inactive
  warnings.warn("Link {} (index: {}) is of type 'fixed' but set as active in the active_links_mask. In practice, this fixed link doesn't provide any transformation so is as it were inactive".format(link.name, link_index))
[INFO] [1775515062.549199798] [object_grasper]: ============================================================
[INFO] [1775515062.549466243] [object_grasper]: ObjectGrasper ready — waiting for ArUco detections
[INFO] [1775515062.549658275] [object_grasper]: Listening on: /aruco/target_base_link
[INFO] [1775515062.549828047] [object_grasper]: Call service: ros2 service call /grasp_object std_srvs/srv/Trigger {}
[INFO] [1775515062.549995235] [object_grasper]: ============================================================
[controller_server-11] [INFO] [1775515062.686335450] [controller_server]: Creating bond (controller_server) to lifecycle manager.
AMCL localized!
Waiting for D435i camera...
[lifecycle_manager-16] [INFO] [1775515062.790101855] [lifecycle_manager_navigation]: Server controller_server connected with bond.
[lifecycle_manager-16] [INFO] [1775515062.790176732] [lifecycle_manager_navigation]: [34m[1mActivating planner_server[0m[0m
[planner_server-12] [INFO] [1775515062.790389948] [planner_server]: Activating
[planner_server-12] [INFO] [1775515062.790439962] [global_costmap.global_costmap]: Activating
[planner_server-12] [INFO] [1775515062.790477516] [global_costmap.global_costmap]: Checking transform
[planner_server-12] [INFO] [1775515062.790558954] [global_costmap.global_costmap]: Timed out waiting for transform from base_link to map to become available, tf error: Lookup would require extrapolation into the past.  Requested time 1775515062.761076 but the earliest data is at time 1775515063.334255, when looking up transform from frame [base_link] to frame [map]
[planner_server-12] [INFO] [1775515063.290609105] [global_costmap.global_costmap]: Timed out waiting for transform from base_link to map to become available, tf error: Lookup would require extrapolation into the past.  Requested time 1775515063.261205 but the earliest data is at time 1775515063.334255, when looking up transform from frame [base_link] to frame [map]
[planner_server-12] [INFO] [1775515063.790684204] [global_costmap.global_costmap]: start
[rviz2-17] [INFO] [1775515064.039198564] [rviz2]: Trying to create a map of size 60 x 60 using 1 swatches
[planner_server-12] [INFO] [1775515064.841988477] [planner_server]: Activating plugin GridBased of type NavfnPlanner
[planner_server-12] [INFO] [1775515064.844213801] [planner_server]: Creating bond (planner_server) to lifecycle manager.
[rviz2-17] [INFO] [1775515064.895891252] [rviz2]: Trying to create a map of size 416 x 249 using 1 swatches
[lifecycle_manager-16] [INFO] [1775515064.950139738] [lifecycle_manager_navigation]: Server planner_server connected with bond.
[lifecycle_manager-16] [INFO] [1775515064.950222053] [lifecycle_manager_navigation]: [34m[1mActivating behavior_server[0m[0m
[behavior_server-13] [INFO] [1775515064.950592466] [behavior_server]: Activating
[behavior_server-13] [INFO] [1775515064.950644301] [behavior_server]: Activating spin
[behavior_server-13] [INFO] [1775515064.950663296] [behavior_server]: Activating backup
[behavior_server-13] [INFO] [1775515064.950679600] [behavior_server]: Activating drive_on_heading
[behavior_server-13] [INFO] [1775515064.950693464] [behavior_server]: Activating assisted_teleop
[behavior_server-13] [INFO] [1775515064.950708029] [behavior_server]: Activating wait
[behavior_server-13] [INFO] [1775515064.950726688] [behavior_server]: Creating bond (behavior_server) to lifecycle manager.
[realsense2_camera_node-1] [0m[INFO] [1775515064.986367055] [camera]: Device with serial number 239722071445 was found.
[realsense2_camera_node-1] [0m
[realsense2_camera_node-1] [0m[INFO] [1775515064.986414665] [camera]: Device with physical ID /sys/devices/pci0000:00/0000:00:0d.0/usb2/2-1/2-1:1.0/video4linux/video0 was found.[0m
[realsense2_camera_node-1] [0m[INFO] [1775515064.986422001] [camera]: Device with name Intel RealSense D435I was found.[0m
[realsense2_camera_node-1] [0m[INFO] [1775515064.986547135] [camera]: Device with port number 2-1 was found.[0m
[realsense2_camera_node-1] [0m[INFO] [1775515064.986558742] [camera]: Device USB type: 3.2[0m
[realsense2_camera_node-1] [0m[INFO] [1775515064.993799825] [camera]: getParameters...[0m
[lifecycle_manager-16] [INFO] [1775515065.054644403] [lifecycle_manager_navigation]: Server behavior_server connected with bond.
[lifecycle_manager-16] [INFO] [1775515065.054700824] [lifecycle_manager_navigation]: [34m[1mActivating bt_navigator[0m[0m
[bt_navigator-14] [INFO] [1775515065.054914001] [bt_navigator]: Activating
[bt_navigator-14] [INFO] [1775515065.113223569] [bt_navigator]: Creating bond (bt_navigator) to lifecycle manager.
[lifecycle_manager-16] [INFO] [1775515065.216403223] [lifecycle_manager_navigation]: Server bt_navigator connected with bond.
[lifecycle_manager-16] [INFO] [1775515065.216451872] [lifecycle_manager_navigation]: [34m[1mActivating waypoint_follower[0m[0m
[waypoint_follower-15] [INFO] [1775515065.216679575] [waypoint_follower]: Activating
[waypoint_follower-15] [INFO] [1775515065.216709888] [waypoint_follower]: Creating bond (waypoint_follower) to lifecycle manager.
[lifecycle_manager-16] [INFO] [1775515065.319819339] [lifecycle_manager_navigation]: Server waypoint_follower connected with bond.
[lifecycle_manager-16] [INFO] [1775515065.319868489] [lifecycle_manager_navigation]: [34m[1mManaged nodes are active[0m[0m
[lifecycle_manager-16] [INFO] [1775515065.319888345] [lifecycle_manager_navigation]: [34m[1mCreating bond timer...[0m[0m
[realsense2_camera_node-1] [0m[INFO] [1775515065.328215884] [camera]: JSON file is loaded! (/home/willy/ament_ws/install/stretch_core/share/stretch_core/config/HighAccuracyPreset.json)[0m
[realsense2_camera_node-1] [0m[INFO] [1775515065.328283276] [camera]: Device Name: Intel RealSense D435I[0m
[realsense2_camera_node-1] [0m[INFO] [1775515065.328295811] [camera]: Device Serial No: 239722071445[0m
[realsense2_camera_node-1] [0m[INFO] [1775515065.328306144] [camera]: Device physical port: /sys/devices/pci0000:00/0000:00:0d.0/usb2/2-1/2-1:1.0/video4linux/video0[0m
[realsense2_camera_node-1] [0m[INFO] [1775515065.328316170] [camera]: Device FW version: 5.16.0.1[0m
[realsense2_camera_node-1] [0m[INFO] [1775515065.328325713] [camera]: Device Product ID: 0x0B3A[0m
[realsense2_camera_node-1] [0m[INFO] [1775515065.328334238] [camera]: Sync Mode: On[0m
[realsense2_camera_node-1] [33m[WARN] [1775515065.431338303] [camera]: re-enable the stream for the change to take effect.[0m
[realsense2_camera_node-1] [33m[WARN] [1775515065.431736967] [camera]: re-enable the stream for the change to take effect.[0m
[realsense2_camera_node-1] [33m[WARN] [1775515065.441939663] [camera]: re-enable the stream for the change to take effect.[0m
[realsense2_camera_node-1] [31m[ERROR] [1775515065.443174461] [camera]: Given value, 63 is invalid. Set ROS param back to: 100[0m
[realsense2_camera_node-1] [0m[INFO] [1775515065.454535862] [camera]: Stopping Sensor: Depth Module[0m
[realsense2_camera_node-1] [0m[INFO] [1775515065.454608383] [camera]: Stopping Sensor: RGB Camera[0m
[realsense2_camera_node-1] [0m[INFO] [1775515065.454625000] [camera]: Stopping Sensor: Motion Module[0m
[realsense2_camera_node-1] [0m[INFO] [1775515065.472226744] [camera]: Starting Sensor: Depth Module[0m
[realsense2_camera_node-1] [0m[INFO] [1775515065.474564265] [camera]: Open profile: stream_type: Depth(0), Format: Z16, Width: 1280, Height: 720, FPS: 15[0m
[realsense2_camera_node-1] [0m[INFO] [1775515065.481763974] [camera]: Starting Sensor: RGB Camera[0m
[realsense2_camera_node-1] [0m[INFO] [1775515065.485048055] [camera]: Open profile: stream_type: Color(0), Format: RGB8, Width: 1280, Height: 720, FPS: 15[0m
[realsense2_camera_node-1] [0m[INFO] [1775515065.501847001] [camera]: Starting Sensor: Motion Module[0m
[realsense2_camera_node-1] [0m[INFO] [1775515065.504821639] [camera]: Open profile: stream_type: Accel(0)Format: MOTION_XYZ32F, FPS: 100[0m
[realsense2_camera_node-1] [0m[INFO] [1775515065.504867712] [camera]: Open profile: stream_type: Gyro(0)Format: MOTION_XYZ32F, FPS: 200[0m
[realsense2_camera_node-1] [0m[INFO] [1775515065.506678995] [camera]: RealSense Node Is Up![0m
[INFO] [1775515066.239869140] [aruco_base_frame_estimator]: Saved: base_detections/frame_1775515066.jpg
Camera ready!
requester: making request: std_srvs.srv.Trigger_Request()

[stretch_driver-3] [0m[INFO] [1775515066.944395367] [stretch_driver]: Changed to mode = navigation[0m
response:
std_srvs.srv.Trigger_Response(success=True, message='Now in navigation mode.')

Waiting for controller_server...
Set parameter successful
Yaw tolerance set.
Resetting arm position...
[INFO] [1775515069.811527754] [aruco_base_frame_estimator]: Saved: base_detections/frame_1775515069.jpg
requester: making request: std_srvs.srv.Trigger_Request()

[stretch_driver-3] [0m[INFO] [1775515070.121184108] [stretch_driver]: Changed to mode = position[0m
response:
std_srvs.srv.Trigger_Response(success=True, message='Now in position mode.')

[rviz2-17] [INFO] [1775515071.829435830] [rviz]: Message Filter dropping message: frame 'odom' at time 1775515062.661 for reason 'the timestamp on the message is earlier than all the data in the transform cache'
[rviz2-17] [INFO] [1775515071.829855328] [rviz]: Message Filter dropping message: frame 'odom' at time 1775515062.686 for reason 'the timestamp on the message is earlier than all the data in the transform cache'
[INFO] [1775515071.876647942] [reset_pose]: reset_pose started
[INFO] [1775515071.924079866] [reset_pose]: Node reset_pose connected to /home_the_robot service.
[INFO] [1775515071.925557195] [reset_pose]: Node reset_pose connected to /stow_the_robot service.
[INFO] [1775515071.926772010] [reset_pose]: Node reset_pose connected to /stop_the_robot service.
[INFO] [1775515071.928587164] [reset_pose]: Node reset_pose connected to /switch_to_trajectory_mode service.
[INFO] [1775515071.933746423] [reset_pose]: Node reset_pose connected to /switch_to_position_mode service.
[INFO] [1775515071.936484191] [reset_pose]: Node reset_pose connected to /switch_to_navigation_mode service.
[INFO] [1775515071.937018024] [reset_pose]: Moving to default pose...
[stretch_driver-3] [0m[INFO] [1775515071.942069522] [stretch_driver]: Received goal request[0m
[stretch_driver-3] [0m[INFO] [1775515071.956101120] [stretch_driver]: stretch_driver joint_traj action: New trajectory received with joint_names = ['joint_lift', 'joint_arm', 'joint_wrist_yaw', 'joint_wrist_pitch', 'joint_wrist_roll', 'joint_gripper_finger_left'][0m
[INFO] [1775515072.842463665] [aruco_base_frame_estimator]: Saved: base_detections/frame_1775515072.jpg
[INFO] [1775515075.838967927] [aruco_base_frame_estimator]: Saved: base_detections/frame_1775515075.jpg
[INFO] [1775515078.910716883] [aruco_base_frame_estimator]: Saved: base_detections/frame_1775515078.jpg
[stretch_driver-3] -------------------------------------------
[stretch_driver-3] Errored goal
[stretch_driver-3] [0m[INFO] [1775515081.982387010] [stretch_driver]: stretch_driver joint_traj action: Time to execute the current goal point = <trajectory_msgs.msg.JointTrajectoryPoint(positions=[0.5, 0.0, 0.0, 0.0, 0.0, 0.0], velocities=[], accelerations=[], effort=[], time_from_start=builtin_interfaces.msg.Duration(sec=0, nanosec=0))> exceeded the default_goal_timeout = 10.0[0m
[INFO] [1775515081.985471777] [reset_pose]: Arm reset done.
[INFO] [1775515081.985911967] [reset_pose]: Skipping rotation (ROTATE_DEG=0).
[INFO] [1775515081.986907735] [reset_pose]: Done.
[INFO] [1775515082.111105708] [aruco_base_frame_estimator]: Saved: base_detections/frame_1775515082.jpg
Arm reset complete (exit 0).
requester: making request: std_srvs.srv.Trigger_Request()

[stretch_driver-3] [0m[INFO] [1775515082.725261485] [stretch_driver]: Changed to mode = navigation[0m
response:
std_srvs.srv.Trigger_Response(success=True, message='Now in navigation mode.')

=== Docking to table ===
[stretch_driver-3] [0m[INFO] [1775515083.775817645] [stretch_driver]: Changed to mode = navigation[0m
[INFO] [1775515085.169742441] [aruco_base_frame_estimator]: Saved: base_detections/frame_1775515085.jpg
[INFO] [1775515088.185886594] [aruco_base_frame_estimator]: Saved: base_detections/frame_1775515088.jpg
[bt_navigator-14] [INFO] [1775515088.912814298] [bt_navigator]: Begin navigating from current location (0.02, 0.00) to (0.57, 1.66)
[controller_server-11] [INFO] [1775515088.933669760] [controller_server]: Received a goal, begin computing control effort.
[controller_server-11] [WARN] [1775515088.933747490] [controller_server]: No goal checker was specified in parameter 'current_goal_checker'. Server will use only plugin loaded general_goal_checker . This warning will appear once.
[controller_server-11] [INFO] [1775515089.983995219] [controller_server]: Passing new path to controller.
[controller_server-11] [INFO] [1775515091.034010117] [controller_server]: Passing new path to controller.
[INFO] [1775515091.188784169] [aruco_base_frame_estimator]: Saved: base_detections/frame_1775515091.jpg
[controller_server-11] [INFO] [1775515092.033993913] [controller_server]: Passing new path to controller.
[controller_server-11] [INFO] [1775515093.083999310] [controller_server]: Passing new path to controller.
[controller_server-11] [INFO] [1775515094.084004758] [controller_server]: Passing new path to controller.
[INFO] [1775515094.243268701] [aruco_base_frame_estimator]: Saved: base_detections/frame_1775515094.jpg
[controller_server-11] [INFO] [1775515095.134053697] [controller_server]: Passing new path to controller.
[controller_server-11] [INFO] [1775515096.184040889] [controller_server]: Passing new path to controller.
[controller_server-11] [INFO] [1775515097.184001112] [controller_server]: Passing new path to controller.
[INFO] [1775515097.244404176] [aruco_base_frame_estimator]: Saved: base_detections/frame_1775515097.jpg
[controller_server-11] [INFO] [1775515098.234067413] [controller_server]: Passing new path to controller.
[controller_server-11] [ERROR] [1775515098.934136368] [controller_server]: Failed to make progress
[controller_server-11] [WARN] [1775515098.934263977] [controller_server]: [follow_path] [ActionServer] Aborting handle.
[controller_server-11] [INFO] [1775515098.953224463] [local_costmap.local_costmap]: Received request to clear entirely the local_costmap
[controller_server-11] [INFO] [1775515098.954411744] [controller_server]: Received a goal, begin computing control effort.
[controller_server-11] [WARN] [1775515099.098489181] [controller_server]: Control loop missed its desired rate of 20.0000Hz
[controller_server-11] [INFO] [1775515099.258711423] [controller_server]: Passing new path to controller.
[INFO] [1775515100.259527983] [aruco_base_frame_estimator]: Saved: base_detections/frame_1775515100.jpg
[controller_server-11] [INFO] [1775515100.298563227] [controller_server]: Passing new path to controller.
[controller_server-11] [INFO] [1775515101.298553566] [controller_server]: Passing new path to controller.
[controller_server-11] [INFO] [1775515102.348622876] [controller_server]: Passing new path to controller.
[INFO] [1775515103.316897595] [aruco_base_frame_estimator]: Saved: base_detections/frame_1775515103.jpg
[controller_server-11] [INFO] [1775515103.398604180] [controller_server]: Passing new path to controller.
[controller_server-11] [INFO] [1775515104.398555857] [controller_server]: Passing new path to controller.
[controller_server-11] [INFO] [1775515105.448557351] [controller_server]: Passing new path to controller.
[INFO] [1775515106.324896224] [aruco_base_frame_estimator]: Saved: base_detections/frame_1775515106.jpg
[controller_server-11] [INFO] [1775515106.498563103] [controller_server]: Passing new path to controller.
[controller_server-11] [INFO] [1775515107.498564468] [controller_server]: Passing new path to controller.
[controller_server-11] [INFO] [1775515108.548599078] [controller_server]: Passing new path to controller.
[controller_server-11] [ERROR] [1775515109.098632772] [controller_server]: Failed to make progress
[controller_server-11] [WARN] [1775515109.098746978] [controller_server]: [follow_path] [ActionServer] Aborting handle.
[controller_server-11] [INFO] [1775515109.113162324] [local_costmap.local_costmap]: Received request to clear entirely the local_costmap
[planner_server-12] [INFO] [1775515109.113622212] [global_costmap.global_costmap]: Received request to clear entirely the global_costmap
[INFO] [1775515109.385430938] [aruco_base_frame_estimator]: Saved: base_detections/frame_1775515109.jpg
[planner_server-12] [WARN] [1775515109.795495141] [planner_server]: Planner loop missed its desired rate of 20.0000 Hz. Current loop rate is 1.4687 Hz
[controller_server-11] [INFO] [1775515109.813460753] [controller_server]: Received a goal, begin computing control effort.
[controller_server-11] [INFO] [1775515110.863770156] [controller_server]: Passing new path to controller.
[controller_server-11] [INFO] [1775515111.913780534] [controller_server]: Passing new path to controller.
[INFO] [1775515112.399504242] [aruco_base_frame_estimator]: Saved: base_detections/frame_1775515112.jpg
[controller_server-11] [INFO] [1775515112.913767007] [controller_server]: Passing new path to controller.
[controller_server-11] [INFO] [1775515113.963776804] [controller_server]: Passing new path to controller.
[controller_server-11] [INFO] [1775515114.963784168] [controller_server]: Passing new path to controller.
[INFO] [1775515115.460327091] [aruco_base_frame_estimator]: Saved: base_detections/frame_1775515115.jpg
[controller_server-11] [INFO] [1775515116.013815610] [controller_server]: Passing new path to controller.
[controller_server-11] [INFO] [1775515117.063764724] [controller_server]: Passing new path to controller.
[controller_server-11] [INFO] [1775515118.063768916] [controller_server]: Passing new path to controller.
[INFO] [1775515118.462206050] [aruco_base_frame_estimator]: Saved: base_detections/frame_1775515118.jpg
[controller_server-11] [INFO] [1775515119.113793934] [controller_server]: Passing new path to controller.
[controller_server-11] [ERROR] [1775515119.813850716] [controller_server]: Failed to make progress
[controller_server-11] [WARN] [1775515119.813970866] [controller_server]: [follow_path] [ActionServer] Aborting handle.
[controller_server-11] [INFO] [1775515119.833226930] [local_costmap.local_costmap]: Received request to clear entirely the local_costmap
[controller_server-11] [INFO] [1775515119.833921798] [controller_server]: Received a goal, begin computing control effort.
[controller_server-11] [WARN] [1775515119.899010757] [controller_server]: Control loop missed its desired rate of 20.0000Hz
[controller_server-11] [INFO] [1775515120.134278960] [controller_server]: Passing new path to controller.
[controller_server-11] [INFO] [1775515121.134283216] [controller_server]: Passing new path to controller.
[INFO] [1775515121.468180721] [aruco_base_frame_estimator]: Saved: base_detections/frame_1775515121.jpg
[controller_server-11] [INFO] [1775515122.184293503] [controller_server]: Passing new path to controller.
[controller_server-11] [INFO] [1775515123.184286634] [controller_server]: Passing new path to controller.
[controller_server-11] [INFO] [1775515124.234284079] [controller_server]: Passing new path to controller.
[INFO] [1775515124.466349928] [aruco_base_frame_estimator]: Saved: base_detections/frame_1775515124.jpg
[controller_server-11] [INFO] [1775515125.284280165] [controller_server]: Passing new path to controller.
[controller_server-11] [INFO] [1775515126.284284367] [controller_server]: Passing new path to controller.
[controller_server-11] [INFO] [1775515127.334279500] [controller_server]: Passing new path to controller.
[INFO] [1775515127.470367684] [aruco_base_frame_estimator]: Saved: base_detections/frame_1775515127.jpg
[controller_server-11] [INFO] [1775515128.334284250] [controller_server]: Passing new path to controller.
[controller_server-11] [INFO] [1775515129.384303144] [controller_server]: Passing new path to controller.
[controller_server-11] [ERROR] [1775515129.934328999] [controller_server]: Failed to make progress
[controller_server-11] [WARN] [1775515129.934411779] [controller_server]: [follow_path] [ActionServer] Aborting handle.
[behavior_server-13] [INFO] [1775515129.953688447] [behavior_server]: Running spin
[behavior_server-13] [INFO] [1775515129.953901278] [behavior_server]: Turning 1.57 for spin behavior.
[INFO] [1775515130.621689274] [aruco_base_frame_estimator]: Saved: base_detections/frame_1775515130.jpg
Exception in thread Thread-1 (spin_thread):
Traceback (most recent call last):
  File "/usr/lib/python3.10/threading.py", line 1016, in _bootstrap_inner
    self.run()
  File "/usr/lib/python3.10/threading.py", line 953, in run
    self._target(*self._args, **self._kwargs)
  File "/home/willy/ament_ws/build/hello_helpers/src/hello_helpers/hello_misc.py", line 125, in spin_thread
    executor.spin()
  File "/opt/ros/humble/local/lib/python3.10/dist-packages/rclpy/executors.py", line 323, in spin
[realsense2_camera_node-1] [0m[INFO] [1775515130.833203647] [rclcpp]: signal_handler(SIGINT/SIGTERM)[0m
[realsense2_camera_node-1] [0m[INFO] [1775515130.836979443] [camera]: Stop Sensor: Depth Module[0m
[realsense2_camera_node-1] [0m[INFO] [1775515130.837033174] [camera]: Close Sensor. [0m
[realsense2_camera_node-1] [0m[INFO] [1775515130.845370012] [camera]: Close Sensor - Done. [0m
[realsense2_camera_node-1] [0m[INFO] [1775515130.845435385] [camera]: Stop Sensor: RGB Camera[0m
[realsense2_camera_node-1] [0m[INFO] [1775515130.845457548] [camera]: Close Sensor. [0m
[realsense2_camera_node-1] [0m[INFO] [1775515130.848402237] [camera]: Close Sensor - Done. [0m
[realsense2_camera_node-1] [0m[INFO] [1775515130.848598125] [camera]: Stop Sensor: Motion Module[0m
[realsense2_camera_node-1] [0m[INFO] [1775515130.849499738] [camera]: Close Sensor. [0m
    self.spin_once()
  File "/opt/ros/humble/local/lib/python3.10/dist-packages/rclpy/executors.py", line 863, in spin_once
    self._spin_once_impl(timeout_sec)
  File "/opt/ros/humble/local/lib/python3.10/dist-packages/rclpy/executors.py", line 844, in _spin_once_impl
    handler, entity, node = self.wait_for_ready_callbacks(
  File "/opt/ros/humble/local/lib/python3.10/dist-packages/rclpy/executors.py", line 780, in wait_for_ready_callbacks
    return next(self._cb_iter)
  File "/opt/ros/humble/local/lib/python3.10/dist-packages/rclpy/executors.py", line 653, in _wait_for_ready_callbacks
    wait_set = _rclpy.WaitSet(
rclpy._rclpy_pybind11.RCLError: failed to initialize wait set: the given context is not valid, either rcl_init() was not called or rcl_shutdown() was called., at ./src/rcl/wait.c:130
Traceback (most recent call last):
  File "/home/willy/tf.py", line 299, in main
    rclpy.spin(node)
  File "/opt/ros/humble/local/lib/python3.10/dist-packages/rclpy/__init__.py", line 229, in spin
    executor.spin_once()
  File "/opt/ros/humble/local/lib/python3.10/dist-packages/rclpy/executors.py", line 808, in spin_once
    self._spin_once_impl(timeout_sec)
  File "/opt/ros/humble/local/lib/python3.10/dist-packages/rclpy/executors.py", line 797, in _spin_once_impl
    handler, entity, node = self.wait_for_ready_callbacks(timeout_sec=timeout_sec)
  File "/opt/ros/humble/local/lib/python3.10/dist-packages/rclpy/executors.py", line 780, in wait_for_ready_callbacks
    return next(self._cb_iter)
  File "/opt/ros/humble/local/lib/python3.10/dist-packages/rclpy/executors.py", line 681, in _wait_for_ready_callbacks
    raise ExternalShutdownException()
rclpy.executors.ExternalShutdownException

During handling of the above exception, another exception occurred:

Traceback (most recent call last):
  File "/home/willy/tf.py", line 307, in <module>
    main()
  File "/home/willy/tf.py", line 304, in main
    rclpy.shutdown()
  File "/opt/ros/humble/local/lib/python3.10/dist-packages/rclpy/__init__.py", line 130, in shutdown
    _shutdown(context=context)
  File "/opt/ros/humble/local/lib/python3.10/dist-packages/rclpy/utilities.py", line 58, in shutdown
    return context.shutdown()
  File "/opt/ros/humble/local/lib/python3.10/dist-packages/rclpy/context.py", line 102, in shutdown
    self.__context.shutdown()
rclpy._rclpy_pybind11.RCLError: failed to shutdown: rcl_shutdown already called on the given context, at ./src/rcl/init.c:241
[realsense2_camera_node-1] [0m[INFO] [1775515131.026711344] [camera]: Close Sensor - Done. [0m
[d435i_accel_correction-2] Traceback (most recent call last):
[d435i_accel_correction-2]   File "/home/willy/ament_ws/install/stretch_core/lib/stretch_core/d435i_accel_correction", line 33, in <module>
[d435i_accel_correction-2]     sys.exit(load_entry_point('stretch-core==0.2.0', 'console_scripts', 'd435i_accel_correction')())
[d435i_accel_correction-2]   File "/home/willy/ament_ws/install/stretch_core/lib/python3.10/site-packages/stretch_core/d435i_accel_correction.py", line 47, in main
[d435i_accel_correction-2]     rclpy.spin(node)
[d435i_accel_correction-2]   File "/opt/ros/humble/local/lib/python3.10/dist-packages/rclpy/__init__.py", line 229, in spin
[d435i_accel_correction-2]     executor.spin_once()
[d435i_accel_correction-2]   File "/opt/ros/humble/local/lib/python3.10/dist-packages/rclpy/executors.py", line 808, in spin_once
[d435i_accel_correction-2]     self._spin_once_impl(timeout_sec)
[d435i_accel_correction-2]   File "/opt/ros/humble/local/lib/python3.10/dist-packages/rclpy/executors.py", line 797, in _spin_once_impl
[d435i_accel_correction-2]     handler, entity, node = self.wait_for_ready_callbacks(timeout_sec=timeout_sec)
[d435i_accel_correction-2]   File "/opt/ros/humble/local/lib/python3.10/dist-packages/rclpy/executors.py", line 780, in wait_for_ready_callbacks
[d435i_accel_correction-2]     return next(self._cb_iter)
[d435i_accel_correction-2]   File "/opt/ros/humble/local/lib/python3.10/dist-packages/rclpy/executors.py", line 681, in _wait_for_ready_callbacks
[d435i_accel_correction-2]     raise ExternalShutdownException()
[d435i_accel_correction-2] rclpy.executors.ExternalShutdownException
[ERROR] [d435i_accel_correction-2]: process has died [pid 7141, exit code 1, cmd '/home/willy/ament_ws/install/stretch_core/lib/stretch_core/d435i_accel_correction --ros-args'].
[INFO] [realsense2_camera_node-1]: process has finished cleanly [pid 7139]
