=== dock_grab.sh started at Mon Apr  6 02:33:07 PM EDT 2026 ===
Freeing robot process...
Done!
=== Launching all nodes ===
Waiting for Nav2 action server...
[INFO] [launch]: All log files can be found below /home/willy/.ros/log/2026-04-06-14-33-08-284658-stretch-re2-2204-8016
[INFO] [launch]: Default logging verbosity is set to INFO
[INFO] [launch]: All log files can be found below /home/willy/.ros/log/2026-04-06-14-33-08-296421-stretch-re2-2204-8015
[INFO] [launch]: Default logging verbosity is set to INFO
[INFO] [launch.user]: D435i launched in high resolution
[INFO] [realsense2_camera_node-1]: process started with pid [8107]
[INFO] [d435i_accel_correction-2]: process started with pid [8109]
[INFO] [1775500388.911753566] [aruco_base_frame_estimator]: aruco_base_frame_estimator started
[d435i_accel_correction-2] [INFO] [1775500388.912348351] [d435i_accel_correction_node]: d435i_accel_correction_node started
Nav2 is up!
Setting initial pose...
[realsense2_camera_node-1] [0m[INFO] [1775500389.124764128] [camera]: RealSense ROS v4.55.1[0m
[realsense2_camera_node-1] [0m[INFO] [1775500389.124878904] [camera]: Built with LibRealSense v2.56.4[0m
[realsense2_camera_node-1] [0m[INFO] [1775500389.124898555] [camera]: Running with LibRealSense v2.56.4[0m
[realsense2_camera_node-1] [0m[INFO] [1775500389.153835505] [camera]: Device with serial number 239722071445 was found.
[realsense2_camera_node-1] [0m
[realsense2_camera_node-1] [0m[INFO] [1775500389.153904835] [camera]: Device with physical ID /sys/devices/pci0000:00/0000:00:0d.0/usb2/2-1/2-1:1.0/video4linux/video0 was found.[0m
[realsense2_camera_node-1] [0m[INFO] [1775500389.153911353] [camera]: Device with name Intel RealSense D435I was found.[0m
[realsense2_camera_node-1] [0m[INFO] [1775500389.154109705] [camera]: Device with port number 2-1 was found.[0m
[realsense2_camera_node-1] [0m[INFO] [1775500389.154131738] [camera]: Device USB type: 3.2[0m
[realsense2_camera_node-1] [0m[INFO] [1775500389.154138377] [camera]: Resetting device...[0m
[INFO] [stretch_driver-3]: process started with pid [8258]
[INFO] [joint_state_publisher-1]: process started with pid [8254]
[INFO] [robot_state_publisher-2]: process started with pid [8256]
[INFO] [sllidar_node-4]: process started with pid [8260]
[INFO] [scan_to_scan_filter_chain-5]: process started with pid [8262]
[INFO] [joy_node-6]: process started with pid [8264]
[INFO] [teleop_node-7]: process started with pid [8266]
[INFO] [map_server-8]: process started with pid [8268]
[INFO] [amcl-9]: process started with pid [8270]
[INFO] [lifecycle_manager-10]: process started with pid [8274]
[INFO] [controller_server-11]: process started with pid [8276]
[INFO] [planner_server-12]: process started with pid [8278]
[INFO] [behavior_server-13]: process started with pid [8282]
[INFO] [bt_navigator-14]: process started with pid [8286]
[INFO] [waypoint_follower-15]: process started with pid [8290]
[INFO] [lifecycle_manager-16]: process started with pid [8372]
[INFO] [rviz2-17]: process started with pid [8374]
[sllidar_node-4] [INFO] [1775500389.296268999] [sllidar_node]: SLLidar running on ROS2 package SLLidar.ROS2 SDK Version:1.0.1, SLLIDAR SDK Version:2.1.0
[sllidar_node-4] [INFO] [1775500389.309053147] [sllidar_node]: SLLidar S/N: C394ED93C0EA98C9A5E698F2564A4669
[sllidar_node-4] [INFO] [1775500389.309142443] [sllidar_node]: Firmware Ver: 1.29
[sllidar_node-4] [INFO] [1775500389.309161258] [sllidar_node]: Hardware Rev: 7
[sllidar_node-4] [INFO] [1775500389.310739795] [sllidar_node]: SLLidar health status : 0
[sllidar_node-4] [INFO] [1775500389.310800358] [sllidar_node]: SLLidar health status : OK.
[teleop_node-7] [INFO] [1775500389.296795776] [TeleopTwistJoy]: Teleop enable button 4.
[teleop_node-7] [INFO] [1775500389.296857450] [TeleopTwistJoy]: Linear axis x on 4 at scale 0.500000.
[teleop_node-7] [INFO] [1775500389.296872568] [TeleopTwistJoy]: Angular axis yaw on 3 at scale 0.500000.
[lifecycle_manager-10] [INFO] [1775500389.308813988] [lifecycle_manager_localization]: Creating
[lifecycle_manager-10] [INFO] [1775500389.314595537] [lifecycle_manager_localization]: [34m[1mCreating and initializing lifecycle service clients[0m[0m
[controller_server-11] [INFO] [1775500389.324597196] [controller_server]: 
[controller_server-11] 	controller_server lifecycle node launched. 
[controller_server-11] 	Waiting on external lifecycle transitions to activate
[controller_server-11] 	See https://design.ros2.org/articles/node_lifecycle.html for more information.
[scan_to_scan_filter_chain-5] [INFO] [1775500389.336402917] [laser_filter]: In shadow configure done
[scan_to_scan_filter_chain-5] [WARN] [1775500389.340467428] [rcl.logging_rosout]: Publisher already registered for provided node name. If this is due to multiple nodes with the same name then all logs for that logger name will go out over the existing publisher. As soon as any node with that name is destructed it will unregister the publisher, preventing any further logs for that name from being published on the rosout topic.
[bt_navigator-14] [INFO] [1775500389.340703456] [bt_navigator]: 
[bt_navigator-14] 	bt_navigator lifecycle node launched. 
[bt_navigator-14] 	Waiting on external lifecycle transitions to activate
[bt_navigator-14] 	See https://design.ros2.org/articles/node_lifecycle.html for more information.
[bt_navigator-14] [INFO] [1775500389.340854061] [bt_navigator]: Creating
[lifecycle_manager-16] [INFO] [1775500389.341454962] [lifecycle_manager_navigation]: Creating
[waypoint_follower-15] [INFO] [1775500389.342408766] [waypoint_follower]: 
[waypoint_follower-15] 	waypoint_follower lifecycle node launched. 
[waypoint_follower-15] 	Waiting on external lifecycle transitions to activate
[waypoint_follower-15] 	See https://design.ros2.org/articles/node_lifecycle.html for more information.
[behavior_server-13] [INFO] [1775500389.343101644] [behavior_server]: 
[behavior_server-13] 	behavior_server lifecycle node launched. 
[behavior_server-13] 	Waiting on external lifecycle transitions to activate
[behavior_server-13] 	See https://design.ros2.org/articles/node_lifecycle.html for more information.
[lifecycle_manager-16] [INFO] [1775500389.343292200] [lifecycle_manager_navigation]: [34m[1mCreating and initializing lifecycle service clients[0m[0m
[planner_server-12] [INFO] [1775500389.347720125] [planner_server]: 
[planner_server-12] 	planner_server lifecycle node launched. 
[planner_server-12] 	Waiting on external lifecycle transitions to activate
[planner_server-12] 	See https://design.ros2.org/articles/node_lifecycle.html for more information.
[map_server-8] [INFO] [1775500389.349088899] [map_server]: 
[map_server-8] 	map_server lifecycle node launched. 
[map_server-8] 	Waiting on external lifecycle transitions to activate
[map_server-8] 	See https://design.ros2.org/articles/node_lifecycle.html for more information.
[map_server-8] [INFO] [1775500389.349226133] [map_server]: Creating
[lifecycle_manager-10] [INFO] [1775500389.350653698] [lifecycle_manager_localization]: [34m[1mStarting managed nodes bringup...[0m[0m
[lifecycle_manager-10] [INFO] [1775500389.350704481] [lifecycle_manager_localization]: [34m[1mConfiguring map_server[0m[0m
[amcl-9] [INFO] [1775500389.353486972] [amcl]: 
[amcl-9] 	amcl lifecycle node launched. 
[amcl-9] 	Waiting on external lifecycle transitions to activate
[amcl-9] 	See https://design.ros2.org/articles/node_lifecycle.html for more information.
[waypoint_follower-15] [INFO] [1775500389.358700439] [waypoint_follower]: Creating
[planner_server-12] [INFO] [1775500389.365338395] [planner_server]: Creating
[amcl-9] [INFO] [1775500389.371103383] [amcl]: Creating
[controller_server-11] [INFO] [1775500389.373988823] [controller_server]: Creating controller server
[map_server-8] [INFO] [1775500389.378656520] [map_server]: Configuring
[map_server-8] [INFO] [1775500389.378763132] [map_io]: Loading yaml file: /home/willy/stretch_user/maps/testing_map.yaml
[map_server-8] [INFO] [1775500389.380171026] [map_io]: resolution: 0.05
[map_server-8] [INFO] [1775500389.380200387] [map_io]: origin[0]: -11.5
[map_server-8] [INFO] [1775500389.380209796] [map_io]: origin[1]: -1.71
[map_server-8] [INFO] [1775500389.380217392] [map_io]: origin[2]: 0
[map_server-8] [INFO] [1775500389.380225520] [map_io]: free_thresh: 0.25
[map_server-8] [INFO] [1775500389.380233457] [map_io]: occupied_thresh: 0.65
[map_server-8] [INFO] [1775500389.380242435] [map_io]: mode: trinary
[map_server-8] [INFO] [1775500389.380251115] [map_io]: negate: 0
[planner_server-12] [INFO] [1775500389.390334037] [global_costmap.global_costmap]: 
[planner_server-12] 	global_costmap lifecycle node launched. 
[planner_server-12] 	Waiting on external lifecycle transitions to activate
[planner_server-12] 	See https://design.ros2.org/articles/node_lifecycle.html for more information.
[controller_server-11] [INFO] [1775500389.390803987] [local_costmap.local_costmap]: 
[controller_server-11] 	local_costmap lifecycle node launched. 
[controller_server-11] 	Waiting on external lifecycle transitions to activate
[controller_server-11] 	See https://design.ros2.org/articles/node_lifecycle.html for more information.
[map_server-8] [INFO] [1775500389.395010392] [map_io]: Loading image_file: /home/willy/stretch_user/maps/testing_map.pgm
[planner_server-12] [INFO] [1775500389.398516174] [global_costmap.global_costmap]: Creating Costmap
[controller_server-11] [INFO] [1775500389.398516169] [local_costmap.local_costmap]: Creating Costmap
[map_server-8] [INFO] [1775500389.407788373] [map_io]: Read map /home/willy/stretch_user/maps/testing_map.pgm: 416 X 249 map @ 0.05 m/cell
[lifecycle_manager-10] [INFO] [1775500389.412092791] [lifecycle_manager_localization]: [34m[1mConfiguring amcl[0m[0m
[amcl-9] [INFO] [1775500389.412349414] [amcl]: Configuring
[amcl-9] [INFO] [1775500389.412449135] [amcl]: initTransforms
[amcl-9] [INFO] [1775500389.421338592] [amcl]: initPubSub
[amcl-9] [INFO] [1775500389.424161710] [amcl]: Subscribed to map topic.
[lifecycle_manager-10] [INFO] [1775500389.428637541] [lifecycle_manager_localization]: [34m[1mActivating map_server[0m[0m
[map_server-8] [INFO] [1775500389.428900426] [map_server]: Activating
[map_server-8] [INFO] [1775500389.429150746] [map_server]: Creating bond (map_server) to lifecycle manager.
[amcl-9] [INFO] [1775500389.429450856] [amcl]: Received a 416 X 249 map @ 0.050 m/pix
[lifecycle_manager-16] [INFO] [1775500389.474625838] [lifecycle_manager_navigation]: [34m[1mStarting managed nodes bringup...[0m[0m
[lifecycle_manager-16] [INFO] [1775500389.475427066] [lifecycle_manager_navigation]: [34m[1mConfiguring controller_server[0m[0m
[controller_server-11] [INFO] [1775500389.477534808] [controller_server]: Configuring controller interface
[controller_server-11] [INFO] [1775500389.478705438] [controller_server]: getting goal checker plugins..
[controller_server-11] [INFO] [1775500389.478856323] [controller_server]: Controller frequency set to 20.0000Hz
[controller_server-11] [INFO] [1775500389.478909389] [local_costmap.local_costmap]: Configuring
[controller_server-11] [INFO] [1775500389.488453606] [local_costmap.local_costmap]: Using plugin "obstacle_layer"
[rviz2-17] qt.qpa.xcb: could not connect to display 
[rviz2-17] qt.qpa.plugin: Could not load the Qt platform plugin "xcb" in "/usr/lib/x86_64-linux-gnu/qt5/plugins/platforms/libqxcb.so" even though it was found.
[rviz2-17] This application failed to start because no Qt platform plugin could be initialized. Reinstalling the application may fix this problem.
[rviz2-17] 
[rviz2-17] Available platform plugins are: eglfs, linuxfb, minimal, minimalegl, offscreen, vnc, xcb.
[rviz2-17] 
[controller_server-11] [INFO] [1775500389.506916581] [local_costmap.local_costmap]: Subscribed to Topics: scan
[sllidar_node-4] [INFO] [1775500389.508398345] [sllidar_node]: current scan mode: Boost, sample rate: 8 Khz, max_distance: 12.0 m, scan frequency:10.0 Hz, 
[controller_server-11] [INFO] [1775500389.519917591] [local_costmap.local_costmap]: Initialized plugin "obstacle_layer"
[controller_server-11] [INFO] [1775500389.519961286] [local_costmap.local_costmap]: Using plugin "voxel_layer"
[controller_server-11] [INFO] [1775500389.523881871] [local_costmap.local_costmap]: Subscribed to Topics: scan
[lifecycle_manager-10] [INFO] [1775500389.533328128] [lifecycle_manager_localization]: Server map_server connected with bond.
[lifecycle_manager-10] [INFO] [1775500389.533379248] [lifecycle_manager_localization]: [34m[1mActivating amcl[0m[0m
[amcl-9] [INFO] [1775500389.533640240] [amcl]: Activating
[amcl-9] [INFO] [1775500389.533685315] [amcl]: Creating bond (amcl) to lifecycle manager.
[controller_server-11] [INFO] [1775500389.536015782] [local_costmap.local_costmap]: Initialized plugin "voxel_layer"
[controller_server-11] [INFO] [1775500389.536056281] [local_costmap.local_costmap]: Using plugin "inflation_layer"
[controller_server-11] [INFO] [1775500389.536716496] [local_costmap.local_costmap]: Initialized plugin "inflation_layer"
[controller_server-11] [INFO] [1775500389.560587969] [controller_server]: Created progress_checker : progress_checker of type nav2_controller::SimpleProgressChecker
[controller_server-11] [INFO] [1775500389.564216180] [controller_server]: Created goal checker : general_goal_checker of type nav2_controller::SimpleGoalChecker
[controller_server-11] [INFO] [1775500389.565824838] [controller_server]: Controller Server has general_goal_checker  goal checkers available.
[controller_server-11] [INFO] [1775500389.582660152] [controller_server]: Created controller : FollowPath of type dwb_core::DWBLocalPlanner
[controller_server-11] [INFO] [1775500389.583877878] [controller_server]: Setting transform_tolerance to 0.200000
[controller_server-11] [INFO] [1775500389.605298180] [controller_server]: Using critic "RotateToGoal" (dwb_critics::RotateToGoalCritic)
[controller_server-11] [INFO] [1775500389.606197217] [controller_server]: Critic plugin initialized
[controller_server-11] [INFO] [1775500389.606397574] [controller_server]: Using critic "Oscillation" (dwb_critics::OscillationCritic)
[controller_server-11] [INFO] [1775500389.607028474] [controller_server]: Critic plugin initialized
[controller_server-11] [INFO] [1775500389.607194155] [controller_server]: Using critic "BaseObstacle" (dwb_critics::BaseObstacleCritic)
[controller_server-11] [INFO] [1775500389.607453659] [controller_server]: Critic plugin initialized
[controller_server-11] [INFO] [1775500389.607601524] [controller_server]: Using critic "GoalAlign" (dwb_critics::GoalAlignCritic)
[controller_server-11] [INFO] [1775500389.608031542] [controller_server]: Critic plugin initialized
[controller_server-11] [INFO] [1775500389.608180506] [controller_server]: Using critic "PathAlign" (dwb_critics::PathAlignCritic)
[controller_server-11] [INFO] [1775500389.608574664] [controller_server]: Critic plugin initialized
[controller_server-11] [INFO] [1775500389.608741626] [controller_server]: Using critic "PathDist" (dwb_critics::PathDistCritic)
[controller_server-11] [INFO] [1775500389.609105654] [controller_server]: Critic plugin initialized
[controller_server-11] [INFO] [1775500389.609266457] [controller_server]: Using critic "GoalDist" (dwb_critics::GoalDistCritic)
[controller_server-11] [INFO] [1775500389.609533595] [controller_server]: Critic plugin initialized
[controller_server-11] [INFO] [1775500389.609691113] [controller_server]: Using critic "PreferForward" (dwb_critics::PreferForwardCritic)
[controller_server-11] [INFO] [1775500389.610321539] [controller_server]: Critic plugin initialized
[controller_server-11] [INFO] [1775500389.610365892] [controller_server]: Controller Server has FollowPath  controllers available.
[lifecycle_manager-16] [INFO] [1775500389.619899412] [lifecycle_manager_navigation]: [34m[1mConfiguring planner_server[0m[0m
[planner_server-12] [INFO] [1775500389.620135756] [planner_server]: Configuring
[planner_server-12] [INFO] [1775500389.620182939] [global_costmap.global_costmap]: Configuring
[planner_server-12] [INFO] [1775500389.630229240] [global_costmap.global_costmap]: Using plugin "static_layer"
[planner_server-12] [INFO] [1775500389.637754725] [global_costmap.global_costmap]: Subscribing to the map topic (/map) with transient local durability
[planner_server-12] [INFO] [1775500389.639218451] [global_costmap.global_costmap]: Initialized plugin "static_layer"
[planner_server-12] [INFO] [1775500389.640720141] [global_costmap.global_costmap]: Using plugin "obstacle_layer"
[planner_server-12] [INFO] [1775500389.641262050] [global_costmap.global_costmap]: Subscribed to Topics: scan
[lifecycle_manager-10] [INFO] [1775500389.641672438] [lifecycle_manager_localization]: Server amcl connected with bond.
[lifecycle_manager-10] [INFO] [1775500389.641722549] [lifecycle_manager_localization]: [34m[1mManaged nodes are active[0m[0m
[lifecycle_manager-10] [INFO] [1775500389.641741209] [lifecycle_manager_localization]: [34m[1mCreating bond timer...[0m[0m
[planner_server-12] [INFO] [1775500389.653453191] [global_costmap.global_costmap]: Initialized plugin "obstacle_layer"
[planner_server-12] [INFO] [1775500389.653499618] [global_costmap.global_costmap]: Using plugin "voxel_layer"
[planner_server-12] [INFO] [1775500389.654097598] [global_costmap.global_costmap]: Subscribed to Topics: scan
[planner_server-12] [INFO] [1775500389.666382465] [global_costmap.global_costmap]: Initialized plugin "voxel_layer"
[planner_server-12] [INFO] [1775500389.667177294] [global_costmap.global_costmap]: Using plugin "inflation_layer"
[planner_server-12] [INFO] [1775500389.667869311] [global_costmap.global_costmap]: Initialized plugin "inflation_layer"
[planner_server-12] [INFO] [1775500389.680102092] [global_costmap.global_costmap]: StaticLayer: Resizing costmap to 416 X 249 at 0.050000 m/pix
[planner_server-12] [INFO] [1775500389.682677738] [planner_server]: Created global planner plugin GridBased of type nav2_navfn_planner/NavfnPlanner
[planner_server-12] [INFO] [1775500389.682773670] [planner_server]: Configuring plugin GridBased of type NavfnPlanner
[planner_server-12] [INFO] [1775500389.684245793] [planner_server]: Planner Server has GridBased  planners available.
[lifecycle_manager-16] [INFO] [1775500389.708100831] [lifecycle_manager_navigation]: [34m[1mConfiguring behavior_server[0m[0m
[behavior_server-13] [INFO] [1775500389.709412739] [behavior_server]: Configuring
[behavior_server-13] [INFO] [1775500389.735570361] [behavior_server]: Creating behavior plugin spin of type nav2_behaviors/Spin
[behavior_server-13] [INFO] [1775500389.738864921] [behavior_server]: Configuring spin
[behavior_server-13] [INFO] [1775500389.744853020] [behavior_server]: Creating behavior plugin backup of type nav2_behaviors/BackUp
[behavior_server-13] [INFO] [1775500389.747720955] [behavior_server]: Configuring backup
[behavior_server-13] [INFO] [1775500389.750337107] [behavior_server]: Creating behavior plugin drive_on_heading of type nav2_behaviors/DriveOnHeading
[behavior_server-13] [INFO] [1775500389.753093379] [behavior_server]: Configuring drive_on_heading
[behavior_server-13] [INFO] [1775500389.756532420] [behavior_server]: Creating behavior plugin assisted_teleop of type nav2_behaviors/AssistedTeleop
[behavior_server-13] [INFO] [1775500389.761859302] [behavior_server]: Configuring assisted_teleop
[behavior_server-13] [INFO] [1775500389.765356625] [behavior_server]: Creating behavior plugin wait of type nav2_behaviors/Wait
[behavior_server-13] [INFO] [1775500389.768095946] [behavior_server]: Configuring wait
[lifecycle_manager-16] [INFO] [1775500389.770936659] [lifecycle_manager_navigation]: [34m[1mConfiguring bt_navigator[0m[0m
[bt_navigator-14] [INFO] [1775500389.771251101] [bt_navigator]: Configuring
[lifecycle_manager-16] [INFO] [1775500389.891263736] [lifecycle_manager_navigation]: [34m[1mConfiguring waypoint_follower[0m[0m
[waypoint_follower-15] [INFO] [1775500389.891436076] [waypoint_follower]: Configuring
[waypoint_follower-15] [INFO] [1775500389.898608169] [waypoint_follower]: Created waypoint_task_executor : wait_at_waypoint of type nav2_waypoint_follower::WaitAtWaypoint
[lifecycle_manager-16] [INFO] [1775500389.899367658] [lifecycle_manager_navigation]: [34m[1mActivating controller_server[0m[0m
[controller_server-11] [INFO] [1775500389.899564343] [controller_server]: Activating
[controller_server-11] [INFO] [1775500389.899623172] [local_costmap.local_costmap]: Activating
[controller_server-11] [INFO] [1775500389.899639716] [local_costmap.local_costmap]: Checking transform
[controller_server-11] [INFO] [1775500389.899699607] [local_costmap.local_costmap]: Timed out waiting for transform from base_link to odom to become available, tf error: Invalid frame ID "odom" passed to canTransform argument target_frame - frame does not exist
[joy_node-6] [INFO] [1775500390.057451811] [joy_node]: Opened joystick: Controller 1.05.  deadzone: 0.050000
[INFO] [1775500390.220052242] [object_grasper]: object_grasper started
[scan_to_scan_filter_chain-5] [WARN] [1775500390.318058303] [laser_filter]: diagnostic_updater: No HW_ID was set. This is probably a bug. Please report it. For devices that do not have a HW_ID, set this value to 'none'. This warning only occurs once all diagnostics are OK. It is okay to wait until the device is open before calling setHardwareID.
publisher: beginning loop
publishing #1: geometry_msgs.msg.PoseWithCovarianceStamped(header=std_msgs.msg.Header(stamp=builtin_interfaces.msg.Time(sec=0, nanosec=0), frame_id='map'), pose=geometry_msgs.msg.PoseWithCovariance(pose=geometry_msgs.msg.Pose(position=geometry_msgs.msg.Point(x=0.0, y=0.0, z=0.0), orientation=geometry_msgs.msg.Quaternion(x=0.0, y=0.0, z=0.0, w=1.0)), covariance=array([0.25, 0.  , 0.  , 0.  , 0.  , 0.  , 0.  , 0.25, 0.  , 0.  , 0.  ,
       0.  , 0.  , 0.  , 0.  , 0.  , 0.  , 0.  , 0.  , 0.  , 0.  , 0.  ,
       0.  , 0.  , 0.  , 0.  , 0.  , 0.  , 0.  , 0.  , 0.  , 0.  , 0.  ,
       0.  , 0.  , 0.07])))

[amcl-9] [INFO] [1775500390.371518463] [amcl]: initialPoseReceived
[amcl-9] [INFO] [1775500390.372283750] [amcl]: Setting pose (1775500390.372283): 0.000 0.000 0.000
[controller_server-11] [INFO] [1775500390.399865280] [local_costmap.local_costmap]: Timed out waiting for transform from base_link to odom to become available, tf error: Invalid frame ID "odom" passed to canTransform argument target_frame - frame does not exist
[stretch_driver-3] [0m[INFO] [1775500390.547070204] [stretch_driver]: For use with S T R E T C H (TM) RESEARCH EDITION from Hello Robot Inc.[0m
[stretch_driver-3] [0m[INFO] [1775500390.547408904] [stretch_driver]: stretch_driver started[0m
[ERROR] [rviz2-17]: process has died [pid 8374, exit code -6, cmd '/opt/ros/humble/lib/rviz2/rviz2 -d /opt/ros/humble/share/nav2_bringup/rviz/nav2_default_view.rviz --ros-args'].
[INFO] [lifecycle_manager-16]: sending signal 'SIGINT' to process[lifecycle_manager-16]
[INFO] [waypoint_follower-15]: sending signal 'SIGINT' to process[waypoint_follower-15]
[INFO] [bt_navigator-14]: sending signal 'SIGINT' to process[bt_navigator-14]
[INFO] [behavior_server-13]: sending signal 'SIGINT' to process[behavior_server-13]
[INFO] [planner_server-12]: sending signal 'SIGINT' to process[planner_server-12]
[INFO] [controller_server-11]: sending signal 'SIGINT' to process[controller_server-11]
[INFO] [lifecycle_manager-10]: sending signal 'SIGINT' to process[lifecycle_manager-10]
[INFO] [amcl-9]: sending signal 'SIGINT' to process[amcl-9]
[INFO] [map_server-8]: sending signal 'SIGINT' to process[map_server-8]
[INFO] [teleop_node-7]: sending signal 'SIGINT' to process[teleop_node-7]
[INFO] [joy_node-6]: sending signal 'SIGINT' to process[joy_node-6]
[INFO] [scan_to_scan_filter_chain-5]: sending signal 'SIGINT' to process[scan_to_scan_filter_chain-5]
[INFO] [sllidar_node-4]: sending signal 'SIGINT' to process[sllidar_node-4]
[INFO] [stretch_driver-3]: sending signal 'SIGINT' to process[stretch_driver-3]
[INFO] [robot_state_publisher-2]: sending signal 'SIGINT' to process[robot_state_publisher-2]
[INFO] [joint_state_publisher-1]: sending signal 'SIGINT' to process[joint_state_publisher-1]
[lifecycle_manager-16] [INFO] [1775500390.620633590] [rclcpp]: signal_handler(SIGINT/SIGTERM)
[lifecycle_manager-16] [INFO] [1775500390.620706870] [lifecycle_manager_navigation]: Running Nav2 LifecycleManager rcl preshutdown (lifecycle_manager_navigation)
[waypoint_follower-15] [INFO] [1775500390.622024572] [rclcpp]: signal_handler(SIGINT/SIGTERM)
[waypoint_follower-15] [INFO] [1775500390.622077981] [waypoint_follower]: Running Nav2 LifecycleNode rcl preshutdown (waypoint_follower)
[waypoint_follower-15] [INFO] [1775500390.622121759] [waypoint_follower]: Cleaning up
[bt_navigator-14] [INFO] [1775500390.623898448] [rclcpp]: signal_handler(SIGINT/SIGTERM)
[bt_navigator-14] [INFO] [1775500390.624010176] [bt_navigator]: Running Nav2 LifecycleNode rcl preshutdown (bt_navigator)
[bt_navigator-14] [INFO] [1775500390.624062556] [bt_navigator]: Cleaning up
[behavior_server-13] [INFO] [1775500390.625950381] [rclcpp]: signal_handler(SIGINT/SIGTERM)
[behavior_server-13] [INFO] [1775500390.626109561] [behavior_server]: Running Nav2 LifecycleNode rcl preshutdown (behavior_server)
[behavior_server-13] [INFO] [1775500390.626187107] [behavior_server]: Cleaning up
[planner_server-12] [INFO] [1775500390.627926400] [rclcpp]: signal_handler(SIGINT/SIGTERM)
[planner_server-12] [INFO] [1775500390.628036992] [planner_server]: Running Nav2 LifecycleNode rcl preshutdown (planner_server)
[planner_server-12] [INFO] [1775500390.628114846] [planner_server]: Cleaning up
[controller_server-11] [INFO] [1775500390.629909395] [rclcpp]: signal_handler(SIGINT/SIGTERM)
[controller_server-11] [INFO] [1775500390.630032172] [controller_server]: Running Nav2 LifecycleNode rcl preshutdown (controller_server)
[controller_server-11] [INFO] [1775500390.630102923] [controller_server]: Destroying bond (controller_server) to lifecycle manager.
[controller_server-11] [INFO] [1775500390.630351389] [local_costmap.local_costmap]: start
[behavior_server-13] [INFO] [1775500390.630600497] [behavior_server]: Destroying bond (behavior_server) to lifecycle manager.
[waypoint_follower-15] [INFO] [1775500390.631451502] [waypoint_follower]: Destroying bond (waypoint_follower) to lifecycle manager.
[controller_server-11] [ERROR] [1775500390.631926537] [local_costmap.local_costmap]: Caught exception in callback for transition 13
[controller_server-11] [ERROR] [1775500390.631945485] [local_costmap.local_costmap]: Original error: could not create subscription: rcl node's context is invalid, at ./src/rcl/node.c:428
[controller_server-11] [ERROR] [1775500390.632008918] [local_costmap.local_costmap]: Failed to finish transition 3. Current state is now: errorprocessing (Could not publish transition: publisher's context is invalid, at ./src/rcl/publisher.c:389, at ./src/rcl_lifecycle.c:368)
[controller_server-11] [INFO] [1775500390.632051961] [controller_server]: Creating bond (controller_server) to lifecycle manager.
[controller_server-11] [ERROR] [1775500390.632262249] [controller_server]: Caught exception in callback for transition 13
[controller_server-11] [ERROR] [1775500390.632272218] [controller_server]: Original error: could not create publisher: rcl node's context is invalid, at ./src/rcl/node.c:428
[controller_server-11] [ERROR] [1775500390.632281433] [controller_server]: Failed to finish transition 3. Current state is now: errorprocessing (Could not publish transition: publisher's context is invalid, at ./src/rcl/publisher.c:389, at ./src/rcl_lifecycle.c:368)
[lifecycle_manager-10] [INFO] [1775500390.634038218] [rclcpp]: signal_handler(SIGINT/SIGTERM)
[lifecycle_manager-10] [INFO] [1775500390.634151216] [lifecycle_manager_localization]: Running Nav2 LifecycleManager rcl preshutdown (lifecycle_manager_localization)
[lifecycle_manager-10] [INFO] [1775500390.634331168] [lifecycle_manager_localization]: [34m[1mTerminating bond timer...[0m[0m
[amcl-9] [INFO] [1775500390.636011531] [rclcpp]: signal_handler(SIGINT/SIGTERM)
[amcl-9] [INFO] [1775500390.636292500] [amcl]: Running Nav2 LifecycleNode rcl preshutdown (amcl)
[amcl-9] [INFO] [1775500390.636371725] [amcl]: Deactivating
[amcl-9] [INFO] [1775500390.636391442] [amcl]: Destroying bond (amcl) to lifecycle manager.
[map_server-8] [INFO] [1775500390.638992015] [rclcpp]: signal_handler(SIGINT/SIGTERM)
[map_server-8] [INFO] [1775500390.639108398] [map_server]: Running Nav2 LifecycleNode rcl preshutdown (map_server)
[map_server-8] [INFO] [1775500390.639183166] [map_server]: Deactivating
[map_server-8] [INFO] [1775500390.639204556] [map_server]: Destroying bond (map_server) to lifecycle manager.
[waypoint_follower-15] [INFO] [1775500390.640557626] [waypoint_follower]: Destroying
[teleop_node-7] [INFO] [1775500390.644042917] [rclcpp]: signal_handler(SIGINT/SIGTERM)
[joy_node-6] [INFO] [1775500390.644732596] [rclcpp]: signal_handler(SIGINT/SIGTERM)
[amcl-9] [INFO] [1775500390.646659788] [amcl]: Cleaning up
[planner_server-12] [INFO] [1775500390.647798920] [global_costmap.global_costmap]: Cleaning up
[scan_to_scan_filter_chain-5] [INFO] [1775500390.647957633] [rclcpp]: signal_handler(SIGINT/SIGTERM)
[map_server-8] [INFO] [1775500390.649793396] [map_server]: Cleaning up
[map_server-8] [INFO] [1775500390.650175691] [map_server]: Destroying bond (map_server) to lifecycle manager.
[controller_server-11] Warning: class_loader.ClassLoader: SEVERE WARNING!!! Attempting to unload library while objects created by this loader exist in the heap! You should delete your objects before attempting to unload the library or destroying the ClassLoader. The library will NOT be unloaded.
[controller_server-11]          at line 127 in ./src/class_loader.cpp
[controller_server-11] terminate called without an active exception
[planner_server-12] [INFO] [1775500390.655141569] [planner_server]: Cleaning up plugin GridBased of type NavfnPlanner
[planner_server-12] [INFO] [1775500390.655450398] [planner_server]: Destroying plugin GridBased of type NavfnPlanner
[amcl-9] [INFO] [1775500390.660537207] [amcl]: Destroying bond (amcl) to lifecycle manager.
[bt_navigator-14] [INFO] [1775500390.664713796] [bt_navigator]: Completed Cleaning up
[bt_navigator-14] [INFO] [1775500390.664801995] [bt_navigator]: Destroying bond (bt_navigator) to lifecycle manager.
[amcl-9] [INFO] [1775500390.665369318] [amcl]: Destroying
[bt_navigator-14] [INFO] [1775500390.675538322] [bt_navigator]: Destroying
[planner_server-12] [INFO] [1775500390.676208023] [planner_server]: Destroying bond (planner_server) to lifecycle manager.
[planner_server-12] [INFO] [1775500390.679387168] [global_costmap.global_costmap]: Destroying
[stretch_driver-3] Traceback (most recent call last):
[stretch_driver-3]   File "/home/willy/ament_ws/install/stretch_core/lib/stretch_core/stretch_driver", line 33, in <module>
[stretch_driver-3]     sys.exit(load_entry_point('stretch-core==0.2.0', 'console_scripts', 'stretch_driver')())
[stretch_driver-3]   File "/home/willy/ament_ws/install/stretch_core/lib/python3.10/site-packages/stretch_core/stretch_driver.py", line 1116, in main
[stretch_driver-3]     node = StretchDriver()
[stretch_driver-3]   File "/home/willy/ament_ws/install/stretch_core/lib/python3.10/site-packages/stretch_core/stretch_driver.py", line 90, in __init__
[stretch_driver-3]     self.ros_setup()
[stretch_driver-3]   File "/home/willy/ament_ws/install/stretch_core/lib/python3.10/site-packages/stretch_core/stretch_driver.py", line 880, in ros_setup
[stretch_driver-3]     if not self.robot.startup(start_non_dxl_thread=False,
[stretch_driver-3]   File "/home/willy/.local/lib/python3.10/site-packages/stretch_body/robot.py", line 299, in startup
[stretch_driver-3]     if not self.devices[k].startup(threaded=False):
[stretch_driver-3]   File "/home/willy/.local/lib/python3.10/site-packages/stretch_body/head.py", line 24, in startup
[stretch_driver-3]     return DynamixelXChain.startup(self, threaded=threaded)
[stretch_driver-3]   File "/home/willy/.local/lib/python3.10/site-packages/stretch_body/dynamixel_X_chain.py", line 87, in startup
[stretch_driver-3]     if not self.motors[mk].startup(threaded=False):
[stretch_driver-3]   File "/home/willy/.local/lib/python3.10/site-packages/stretch_body/dynamixel_hello_XL430.py", line 207, in startup
[stretch_driver-3]     self.motor.set_temperature_limit(self.params['temperature_limit'])
[stretch_driver-3]   File "/home/willy/.local/lib/python3.10/site-packages/stretch_body/dynamixel_XL430.py", line 859, in set_temperature_limit
[stretch_driver-3]     with DelayedKeyboardInterrupt():
[stretch_driver-3]   File "/home/willy/.local/lib/python3.10/site-packages/stretch_body/dynamixel_XL430.py", line 129, in __exit__
[stretch_driver-3]     self.old_handler(*self.signal_received)
[stretch_driver-3] TypeError: 'Handlers' object is not callable
[behavior_server-13] [INFO] [1775500390.691327508] [behavior_server]: Destroying
[planner_server-12] [INFO] [1775500390.706789952] [planner_server]: Destroying
[joint_state_publisher-1] Traceback (most recent call last):
[joint_state_publisher-1]   File "/opt/ros/humble/lib/joint_state_publisher/joint_state_publisher", line 33, in <module>
[joint_state_publisher-1]     sys.exit(load_entry_point('joint-state-publisher==2.4.0', 'console_scripts', 'joint_state_publisher')())
[joint_state_publisher-1]   File "/opt/ros/humble/lib/python3.10/site-packages/joint_state_publisher/joint_state_publisher.py", line 466, in main
[joint_state_publisher-1]     rclpy.spin(jsp)
[joint_state_publisher-1]   File "/opt/ros/humble/local/lib/python3.10/dist-packages/rclpy/__init__.py", line 229, in spin
[joint_state_publisher-1]     executor.spin_once()
[joint_state_publisher-1]   File "/opt/ros/humble/local/lib/python3.10/dist-packages/rclpy/executors.py", line 808, in spin_once
[joint_state_publisher-1]     self._spin_once_impl(timeout_sec)
[joint_state_publisher-1]   File "/opt/ros/humble/local/lib/python3.10/dist-packages/rclpy/executors.py", line 797, in _spin_once_impl
[joint_state_publisher-1]     handler, entity, node = self.wait_for_ready_callbacks(timeout_sec=timeout_sec)
[joint_state_publisher-1]   File "/opt/ros/humble/local/lib/python3.10/dist-packages/rclpy/executors.py", line 780, in wait_for_ready_callbacks
[joint_state_publisher-1]     return next(self._cb_iter)
[joint_state_publisher-1]   File "/opt/ros/humble/local/lib/python3.10/dist-packages/rclpy/executors.py", line 681, in _wait_for_ready_callbacks
[joint_state_publisher-1]     raise ExternalShutdownException()
[joint_state_publisher-1] rclpy.executors.ExternalShutdownException
[map_server-8] [INFO] [1775500390.832629842] [map_server]: Destroying
[lifecycle_manager-10] [INFO] [1775500390.837013646] [lifecycle_manager_localization]: Destroying lifecycle_manager_localization
[sllidar_node-4] [INFO] [1775500391.123688640] [sllidar_node]: Stop motor
Waiting for AMCL to localize...
[INFO] [teleop_node-7]: process has finished cleanly [pid 8266]
[INFO] [waypoint_follower-15]: process has finished cleanly [pid 8290]
[INFO] [amcl-9]: process has finished cleanly [pid 8270]
[INFO] [scan_to_scan_filter_chain-5]: process has finished cleanly [pid 8262]
[INFO] [bt_navigator-14]: process has finished cleanly [pid 8286]
[INFO] [joy_node-6]: process has finished cleanly [pid 8264]
[INFO] [behavior_server-13]: process has finished cleanly [pid 8282]
[INFO] [planner_server-12]: process has finished cleanly [pid 8278]
[ERROR] [controller_server-11]: process has died [pid 8276, exit code -6, cmd '/opt/ros/humble/lib/nav2_controller/controller_server --ros-args --params-file /tmp/tmp26yze8fi -r /tf:=tf -r /tf_static:=tf_static -r /cmd_vel:=/stretch/cmd_vel'].
[ERROR] [joint_state_publisher-1]: process has died [pid 8254, exit code 1, cmd '/opt/ros/humble/lib/joint_state_publisher/joint_state_publisher --ros-args --log-level error --ros-args --params-file /tmp/launch_params_dc7qy565 --params-file /tmp/launch_params_r7ewltk6'].
[INFO] [lifecycle_manager-10]: process has finished cleanly [pid 8274]
[INFO] [map_server-8]: process has finished cleanly [pid 8268]
[ERROR] [stretch_driver-3]: process has died [pid 8258, exit code 1, cmd '/home/willy/ament_ws/install/stretch_core/lib/stretch_core/stretch_driver --ros-args --params-file /tmp/launch_params_4e15f22o -r cmd_vel:=/stretch/cmd_vel -r joint_states:=/stretch/joint_states'].
[INFO] [sllidar_node-4]: process has finished cleanly [pid 8260]
[lifecycle_manager-16] [ERROR] [1775500392.633439670] [lifecycle_manager_navigation]: Failed to change state for node: controller_server. Exception: controller_server/get_state service client: async_send_request failed.
[lifecycle_manager-16] [ERROR] [1775500392.633710891] [lifecycle_manager_navigation]: Failed to bring up all requested nodes. Aborting bringup.
[lifecycle_manager-16] [INFO] [1775500392.655954107] [lifecycle_manager_navigation]: Destroying lifecycle_manager_navigation
[INFO] [robot_state_publisher-2]: process has finished cleanly [pid 8256]
[INFO] [lifecycle_manager-16]: process has finished cleanly [pid 8372]
[realsense2_camera_node-1] [0m[INFO] [1775500395.230225353] [camera]: Device with serial number 239722071445 was found.
[realsense2_camera_node-1] [0m
[realsense2_camera_node-1] [0m[INFO] [1775500395.230328041] [camera]: Device with physical ID /sys/devices/pci0000:00/0000:00:0d.0/usb2/2-1/2-1:1.0/video4linux/video0 was found.[0m
[realsense2_camera_node-1] [0m[INFO] [1775500395.230347883] [camera]: Device with name Intel RealSense D435I was found.[0m
[realsense2_camera_node-1] [0m[INFO] [1775500395.230682157] [camera]: Device with port number 2-1 was found.[0m
[realsense2_camera_node-1] [0m[INFO] [1775500395.230718386] [camera]: Device USB type: 3.2[0m
[realsense2_camera_node-1] [0m[INFO] [1775500395.231159631] [camera]: getParameters...[0m
[realsense2_camera_node-1] [0m[INFO] [1775500395.518082058] [camera]: JSON file is loaded! (/home/willy/ament_ws/install/stretch_core/share/stretch_core/config/HighAccuracyPreset.json)[0m
[realsense2_camera_node-1] [0m[INFO] [1775500395.518141085] [camera]: Device Name: Intel RealSense D435I[0m
[realsense2_camera_node-1] [0m[INFO] [1775500395.518150166] [camera]: Device Serial No: 239722071445[0m
[realsense2_camera_node-1] [0m[INFO] [1775500395.518158235] [camera]: Device physical port: /sys/devices/pci0000:00/0000:00:0d.0/usb2/2-1/2-1:1.0/video4linux/video0[0m
[realsense2_camera_node-1] [0m[INFO] [1775500395.518165891] [camera]: Device FW version: 5.16.0.1[0m
[realsense2_camera_node-1] [0m[INFO] [1775500395.518173109] [camera]: Device Product ID: 0x0B3A[0m
[realsense2_camera_node-1] [0m[INFO] [1775500395.518180222] [camera]: Sync Mode: On[0m
[realsense2_camera_node-1] [33m[WARN] [1775500395.609989107] [camera]: re-enable the stream for the change to take effect.[0m
[realsense2_camera_node-1] [33m[WARN] [1775500395.610267209] [camera]: re-enable the stream for the change to take effect.[0m
[realsense2_camera_node-1] [33m[WARN] [1775500395.613774532] [camera]: re-enable the stream for the change to take effect.[0m
[realsense2_camera_node-1] [31m[ERROR] [1775500395.614145164] [camera]: Given value, 63 is invalid. Set ROS param back to: 100[0m
[realsense2_camera_node-1] [0m[INFO] [1775500395.616796022] [camera]: Stopping Sensor: Depth Module[0m
[realsense2_camera_node-1] [0m[INFO] [1775500395.616872317] [camera]: Stopping Sensor: RGB Camera[0m
[realsense2_camera_node-1] [0m[INFO] [1775500395.616889190] [camera]: Stopping Sensor: Motion Module[0m
[realsense2_camera_node-1] [0m[INFO] [1775500395.646187987] [camera]: Starting Sensor: Depth Module[0m
[realsense2_camera_node-1] [0m[INFO] [1775500395.650028290] [camera]: Open profile: stream_type: Depth(0), Format: Z16, Width: 1280, Height: 720, FPS: 15[0m
[realsense2_camera_node-1] [0m[INFO] [1775500395.655590186] [camera]: Starting Sensor: RGB Camera[0m
[realsense2_camera_node-1] [0m[INFO] [1775500395.659029361] [camera]: Open profile: stream_type: Color(0), Format: RGB8, Width: 1280, Height: 720, FPS: 15[0m
[realsense2_camera_node-1] [0m[INFO] [1775500395.674649754] [camera]: Starting Sensor: Motion Module[0m
[realsense2_camera_node-1] [0m[INFO] [1775500395.676519234] [camera]: Open profile: stream_type: Accel(0)Format: MOTION_XYZ32F, FPS: 100[0m
[realsense2_camera_node-1] [0m[INFO] [1775500395.676570438] [camera]: Open profile: stream_type: Gyro(0)Format: MOTION_XYZ32F, FPS: 200[0m
[realsense2_camera_node-1] [0m[INFO] [1775500395.677607087] [camera]: RealSense Node Is Up![0m
ERROR: AMCL failed to localize after 30s. Is stretch_driver running? Aborting.
=== Cleaning up... ===
Traceback (most recent call last):
  File "/home/willy/tf.py", line 307, in <module>
    main()
  File "/home/willy/tf.py", line 297, in main
    node = ArUcoBaseFrameEstimator()
  File "/home/willy/tf.py", line 29, in __init__
    super().main('aruco_base_frame_estimator', 'aruco_base_frame_estimator', wait_for_first_pointcloud=False)
  File "/home/willy/ament_ws/build/hello_helpers/src/hello_helpers/hello_misc.py", line 302, in main
    server_reached = self.trajectory_client.wait_for_server(timeout_sec=60.0)
  File "/opt/ros/humble/local/lib/python3.10/dist-packages/rclpy/action/client.py", line 606, in wait_for_server
    return self.server_is_ready()
  File "/opt/ros/humble/local/lib/python3.10/dist-packages/rclpy/action/client.py", line 585, in server_is_ready
    return self._client_handle.is_action_server_available()
rclpy._rclpy_pybind11.RCLError: Failed to check if action server is available: rcl node's context is invalid, at ./src/rcl/node.c:428
Done!
Traceback (most recent call last):
  File "/home/willy/ament_ws/install/stretch_perception/lib/stretch_perception/altobject", line 33, in <module>
    sys.exit(load_entry_point('stretch-perception==0.0.0', 'console_scripts', 'altobject')())
  File "/home/willy/ament_ws/install/stretch_perception/lib/python3.10/site-packages/stretch_perception/altobject.py", line 267, in main
    node = ObjectGrasper()
  File "/home/willy/ament_ws/install/stretch_perception/lib/python3.10/site-packages/stretch_perception/altobject.py", line 34, in __init__
    super().main('object_grasper', 'object_grasper', wait_for_first_pointcloud=False)
  File "/home/willy/ament_ws/build/hello_helpers/src/hello_helpers/hello_misc.py", line 302, in main
    server_reached = self.trajectory_client.wait_for_server(timeout_sec=60.0)
  File "/opt/ros/humble/local/lib/python3.10/dist-packages/rclpy/action/client.py", line 606, in wait_for_server
    return self.server_is_ready()
  File "/opt/ros/humble/local/lib/python3.10/dist-packages/rclpy/action/client.py", line 585, in server_is_ready
    return self._client_handle.is_action_server_available()
rclpy._rclpy_pybind11.RCLError: Failed to check if action server is available: rcl node's context is invalid, at ./src/rcl/node.c:428
=== Cleanup done ===
