=== dock_to_origin.sh started at Mon Apr  6 03:41:34 PM EDT 2026 ===
Freeing robot process...
Done!
Releasing LiDAR port...
 32426Launching Nav2...
Waiting for Nav2 action server...
[INFO] [launch]: All log files can be found below /home/willy/.ros/log/2026-04-06-15-41-41-052122-stretch-re2-2204-32816
[INFO] [launch]: Default logging verbosity is set to INFO
[INFO] [stretch_driver-3]: process started with pid [32889]
[INFO] [joint_state_publisher-1]: process started with pid [32885]
[INFO] [robot_state_publisher-2]: process started with pid [32887]
[INFO] [sllidar_node-4]: process started with pid [32891]
[INFO] [scan_to_scan_filter_chain-5]: process started with pid [32893]
[INFO] [joy_node-6]: process started with pid [32895]
[INFO] [teleop_node-7]: process started with pid [32897]
[INFO] [map_server-8]: process started with pid [32899]
[INFO] [amcl-9]: process started with pid [32901]
[INFO] [lifecycle_manager-10]: process started with pid [32903]
[INFO] [controller_server-11]: process started with pid [32905]
[INFO] [planner_server-12]: process started with pid [32907]
[INFO] [behavior_server-13]: process started with pid [32909]
[INFO] [bt_navigator-14]: process started with pid [32911]
[INFO] [waypoint_follower-15]: process started with pid [32913]
[INFO] [lifecycle_manager-16]: process started with pid [33036]
[INFO] [rviz2-17]: process started with pid [33038]
[sllidar_node-4] [INFO] [1775504501.814494233] [sllidar_node]: SLLidar running on ROS2 package SLLidar.ROS2 SDK Version:1.0.1, SLLIDAR SDK Version:2.1.0
[sllidar_node-4] [INFO] [1775504501.929594341] [sllidar_node]: SLLidar S/N: C394ED93C0EA98C9A5E698F2564A4669
[sllidar_node-4] [INFO] [1775504501.929674543] [sllidar_node]: Firmware Ver: 1.29
[sllidar_node-4] [INFO] [1775504501.929696600] [sllidar_node]: Hardware Rev: 7
[sllidar_node-4] [INFO] [1775504501.932857894] [sllidar_node]: SLLidar health status : 0
[sllidar_node-4] [INFO] [1775504501.932943429] [sllidar_node]: SLLidar health status : OK.
[scan_to_scan_filter_chain-5] [INFO] [1775504501.818341249] [laser_filter]: In shadow configure done
[scan_to_scan_filter_chain-5] [WARN] [1775504501.818692656] [rcl.logging_rosout]: Publisher already registered for provided node name. If this is due to multiple nodes with the same name then all logs for that logger name will go out over the existing publisher. As soon as any node with that name is destructed it will unregister the publisher, preventing any further logs for that name from being published on the rosout topic.
[teleop_node-7] [INFO] [1775504501.840813000] [TeleopTwistJoy]: Teleop enable button 4.
[teleop_node-7] [INFO] [1775504501.844383753] [TeleopTwistJoy]: Linear axis x on 4 at scale 0.500000.
[teleop_node-7] [INFO] [1775504501.844425871] [TeleopTwistJoy]: Angular axis yaw on 3 at scale 0.500000.
[map_server-8] [INFO] [1775504501.841950393] [map_server]: 
[map_server-8] 	map_server lifecycle node launched. 
[map_server-8] 	Waiting on external lifecycle transitions to activate
[map_server-8] 	See https://design.ros2.org/articles/node_lifecycle.html for more information.
[map_server-8] [INFO] [1775504501.842113041] [map_server]: Creating
[amcl-9] [INFO] [1775504501.838954490] [amcl]: 
[amcl-9] 	amcl lifecycle node launched. 
[amcl-9] 	Waiting on external lifecycle transitions to activate
[amcl-9] 	See https://design.ros2.org/articles/node_lifecycle.html for more information.
[amcl-9] [INFO] [1775504501.840372703] [amcl]: Creating
[lifecycle_manager-10] [INFO] [1775504501.844707030] [lifecycle_manager_localization]: Creating
[lifecycle_manager-10] [INFO] [1775504501.913721096] [lifecycle_manager_localization]: [34m[1mCreating and initializing lifecycle service clients[0m[0m
[lifecycle_manager-10] [INFO] [1775504501.954742776] [lifecycle_manager_localization]: [34m[1mStarting managed nodes bringup...[0m[0m
[lifecycle_manager-10] [INFO] [1775504501.954875615] [lifecycle_manager_localization]: [34m[1mConfiguring map_server[0m[0m
[controller_server-11] [INFO] [1775504501.853065051] [controller_server]: 
[controller_server-11] 	controller_server lifecycle node launched. 
[controller_server-11] 	Waiting on external lifecycle transitions to activate
[controller_server-11] 	See https://design.ros2.org/articles/node_lifecycle.html for more information.
[controller_server-11] [INFO] [1775504501.890556763] [controller_server]: Creating controller server
[controller_server-11] [INFO] [1775504501.921193415] [local_costmap.local_costmap]: 
[controller_server-11] 	local_costmap lifecycle node launched. 
[controller_server-11] 	Waiting on external lifecycle transitions to activate
[controller_server-11] 	See https://design.ros2.org/articles/node_lifecycle.html for more information.
[controller_server-11] [INFO] [1775504501.923983023] [local_costmap.local_costmap]: Creating Costmap
[planner_server-12] [INFO] [1775504501.847245641] [planner_server]: 
[planner_server-12] 	planner_server lifecycle node launched. 
[planner_server-12] 	Waiting on external lifecycle transitions to activate
[planner_server-12] 	See https://design.ros2.org/articles/node_lifecycle.html for more information.
[planner_server-12] [INFO] [1775504501.872998122] [planner_server]: Creating
[planner_server-12] [INFO] [1775504501.901075143] [global_costmap.global_costmap]: 
[planner_server-12] 	global_costmap lifecycle node launched. 
[planner_server-12] 	Waiting on external lifecycle transitions to activate
[planner_server-12] 	See https://design.ros2.org/articles/node_lifecycle.html for more information.
[planner_server-12] [INFO] [1775504501.907502247] [global_costmap.global_costmap]: Creating Costmap
[behavior_server-13] [INFO] [1775504501.845553225] [behavior_server]: 
[behavior_server-13] 	behavior_server lifecycle node launched. 
[behavior_server-13] 	Waiting on external lifecycle transitions to activate
[behavior_server-13] 	See https://design.ros2.org/articles/node_lifecycle.html for more information.
[bt_navigator-14] [INFO] [1775504501.865356546] [bt_navigator]: 
[bt_navigator-14] 	bt_navigator lifecycle node launched. 
[bt_navigator-14] 	Waiting on external lifecycle transitions to activate
[bt_navigator-14] 	See https://design.ros2.org/articles/node_lifecycle.html for more information.
[bt_navigator-14] [INFO] [1775504501.865567124] [bt_navigator]: Creating
[waypoint_follower-15] [INFO] [1775504501.861417659] [waypoint_follower]: 
[waypoint_follower-15] 	waypoint_follower lifecycle node launched. 
[waypoint_follower-15] 	Waiting on external lifecycle transitions to activate
[waypoint_follower-15] 	See https://design.ros2.org/articles/node_lifecycle.html for more information.
[waypoint_follower-15] [INFO] [1775504501.863835522] [waypoint_follower]: Creating
[lifecycle_manager-16] [INFO] [1775504502.104761477] [lifecycle_manager_navigation]: Creating
[lifecycle_manager-16] [INFO] [1775504502.114383978] [lifecycle_manager_navigation]: [34m[1mCreating and initializing lifecycle service clients[0m[0m
[map_server-8] [INFO] [1775504502.118269937] [map_server]: Configuring
[map_server-8] [INFO] [1775504502.118363134] [map_io]: Loading yaml file: /home/willy/stretch_user/maps/testing_map.yaml
[map_server-8] [INFO] [1775504502.118689794] [map_io]: resolution: 0.05
[map_server-8] [INFO] [1775504502.118703925] [map_io]: origin[0]: -11.5
[map_server-8] [INFO] [1775504502.118712059] [map_io]: origin[1]: -1.71
[map_server-8] [INFO] [1775504502.118718729] [map_io]: origin[2]: 0
[map_server-8] [INFO] [1775504502.118726053] [map_io]: free_thresh: 0.25
[map_server-8] [INFO] [1775504502.118733215] [map_io]: occupied_thresh: 0.65
[map_server-8] [INFO] [1775504502.118740605] [map_io]: mode: trinary
[map_server-8] [INFO] [1775504502.118748790] [map_io]: negate: 0
[map_server-8] [INFO] [1775504502.118939033] [map_io]: Loading image_file: /home/willy/stretch_user/maps/testing_map.pgm
[rviz2-17] qt.qpa.xcb: could not connect to display 
[rviz2-17] qt.qpa.plugin: Could not load the Qt platform plugin "xcb" in "/usr/lib/x86_64-linux-gnu/qt5/plugins/platforms/libqxcb.so" even though it was found.
[rviz2-17] This application failed to start because no Qt platform plugin could be initialized. Reinstalling the application may fix this problem.
[rviz2-17] 
[rviz2-17] Available platform plugins are: eglfs, linuxfb, minimal, minimalegl, offscreen, vnc, xcb.
[rviz2-17] 
[sllidar_node-4] [INFO] [1775504502.140092074] [sllidar_node]: current scan mode: Boost, sample rate: 8 Khz, max_distance: 12.0 m, scan frequency:10.0 Hz, 
[map_server-8] [INFO] [1775504502.142538705] [map_io]: Read map /home/willy/stretch_user/maps/testing_map.pgm: 416 X 249 map @ 0.05 m/cell
[lifecycle_manager-10] [ERROR] [1775504502.165088042] [lifecycle_manager_localization]: Failed to change state for node: map_server
[lifecycle_manager-10] [ERROR] [1775504502.165338756] [lifecycle_manager_localization]: Failed to bring up all requested nodes. Aborting bringup.
[lifecycle_manager-16] [INFO] [1775504502.234776759] [lifecycle_manager_navigation]: [34m[1mStarting managed nodes bringup...[0m[0m
[lifecycle_manager-16] [INFO] [1775504502.234900855] [lifecycle_manager_navigation]: [34m[1mConfiguring controller_server[0m[0m
[lifecycle_manager-16] [ERROR] [1775504502.237086078] [lifecycle_manager_navigation]: Failed to change state for node: controller_server
[lifecycle_manager-16] [ERROR] [1775504502.237265987] [lifecycle_manager_navigation]: Failed to bring up all requested nodes. Aborting bringup.
[controller_server-11] [INFO] [1775504502.248069199] [controller_server]: Configuring controller interface
[controller_server-11] [INFO] [1775504502.248574037] [controller_server]: getting goal checker plugins..
[controller_server-11] [INFO] [1775504502.248932530] [controller_server]: Controller frequency set to 20.0000Hz
[controller_server-11] [INFO] [1775504502.249029510] [local_costmap.local_costmap]: Configuring
Nav2 is up!
Checking LiDAR...
[controller_server-11] [INFO] [1775504502.258413553] [local_costmap.local_costmap]: Using plugin "obstacle_layer"
[controller_server-11] [INFO] [1775504502.264733394] [local_costmap.local_costmap]: Subscribed to Topics: scan
[controller_server-11] [INFO] [1775504502.269929184] [local_costmap.local_costmap]: Initialized plugin "obstacle_layer"
[controller_server-11] [INFO] [1775504502.270045119] [local_costmap.local_costmap]: Using plugin "voxel_layer"
[controller_server-11] [INFO] [1775504502.272548914] [local_costmap.local_costmap]: Subscribed to Topics: scan
[controller_server-11] [INFO] [1775504502.280829383] [local_costmap.local_costmap]: Initialized plugin "voxel_layer"
[controller_server-11] [INFO] [1775504502.280924629] [local_costmap.local_costmap]: Using plugin "inflation_layer"
[controller_server-11] [INFO] [1775504502.282928416] [local_costmap.local_costmap]: Initialized plugin "inflation_layer"
[controller_server-11] [INFO] [1775504502.301780454] [controller_server]: Created progress_checker : progress_checker of type nav2_controller::SimpleProgressChecker
[controller_server-11] [INFO] [1775504502.304359748] [controller_server]: Created goal checker : general_goal_checker of type nav2_controller::SimpleGoalChecker
[controller_server-11] [INFO] [1775504502.305452405] [controller_server]: Controller Server has general_goal_checker  goal checkers available.
[controller_server-11] [INFO] [1775504502.308767848] [controller_server]: Created controller : FollowPath of type dwb_core::DWBLocalPlanner
[controller_server-11] [INFO] [1775504502.312277158] [controller_server]: Setting transform_tolerance to 0.200000
[controller_server-11] [INFO] [1775504502.329039706] [controller_server]: Using critic "RotateToGoal" (dwb_critics::RotateToGoalCritic)
[controller_server-11] [INFO] [1775504502.330559106] [controller_server]: Critic plugin initialized
[controller_server-11] [INFO] [1775504502.330914332] [controller_server]: Using critic "Oscillation" (dwb_critics::OscillationCritic)
[controller_server-11] [INFO] [1775504502.332807000] [controller_server]: Critic plugin initialized
[controller_server-11] [INFO] [1775504502.333262361] [controller_server]: Using critic "BaseObstacle" (dwb_critics::BaseObstacleCritic)
[controller_server-11] [INFO] [1775504502.334035970] [controller_server]: Critic plugin initialized
[controller_server-11] [INFO] [1775504502.334401167] [controller_server]: Using critic "GoalAlign" (dwb_critics::GoalAlignCritic)
[controller_server-11] [INFO] [1775504502.335435124] [controller_server]: Critic plugin initialized
[controller_server-11] [INFO] [1775504502.335795830] [controller_server]: Using critic "PathAlign" (dwb_critics::PathAlignCritic)
[controller_server-11] [INFO] [1775504502.336678601] [controller_server]: Critic plugin initialized
[controller_server-11] [INFO] [1775504502.337038699] [controller_server]: Using critic "PathDist" (dwb_critics::PathDistCritic)
[controller_server-11] [INFO] [1775504502.337678429] [controller_server]: Critic plugin initialized
[controller_server-11] [INFO] [1775504502.338091000] [controller_server]: Using critic "GoalDist" (dwb_critics::GoalDistCritic)
[controller_server-11] [INFO] [1775504502.338732580] [controller_server]: Critic plugin initialized
[controller_server-11] [INFO] [1775504502.339089956] [controller_server]: Using critic "PreferForward" (dwb_critics::PreferForwardCritic)
[controller_server-11] [INFO] [1775504502.340685854] [controller_server]: Critic plugin initialized
[controller_server-11] [INFO] [1775504502.340739301] [controller_server]: Controller Server has FollowPath  controllers available.
[joy_node-6] [INFO] [1775504502.595703477] [joy_node]: Opened joystick: Controller 1.05.  deadzone: 0.050000
[scan_to_scan_filter_chain-5] [WARN] [1775504502.814287306] [laser_filter]: diagnostic_updater: No HW_ID was set. This is probably a bug. Please report it. For devices that do not have a HW_ID, set this value to 'none'. This warning only occurs once all diagnostics are OK. It is okay to wait until the device is open before calling setHardwareID.
[ERROR] [rviz2-17]: process has died [pid 33038, exit code -6, cmd '/opt/ros/humble/lib/rviz2/rviz2 -d /opt/ros/humble/share/nav2_bringup/rviz/nav2_default_view.rviz --ros-args'].
[INFO] [lifecycle_manager-16]: sending signal 'SIGINT' to process[lifecycle_manager-16]
[INFO] [waypoint_follower-15]: sending signal 'SIGINT' to process[waypoint_follower-15]
[INFO] [bt_navigator-14]: sending signal 'SIGINT' to process[bt_navigator-14]
[INFO] [behavior_server-13]: sending signal 'SIGINT' to process[behavior_server-13]
[INFO] [planner_server-12]: sending signal 'SIGINT' to process[planner_server-12]
[INFO] [controller_server-11]: sending signal 'SIGINT' to process[controller_server-11]
[INFO] [lifecycle_manager-10]: sending signal 'SIGINT' to process[lifecycle_manager-10]
[INFO] [amcl-9]: sending signal 'SIGINT' to process[amcl-9]
[INFO] [map_server-8]: sending signal 'SIGINT' to process[map_server-8]
[INFO] [teleop_node-7]: sending signal 'SIGINT' to process[teleop_node-7]
[INFO] [joy_node-6]: sending signal 'SIGINT' to process[joy_node-6]
[INFO] [scan_to_scan_filter_chain-5]: sending signal 'SIGINT' to process[scan_to_scan_filter_chain-5]
[INFO] [sllidar_node-4]: sending signal 'SIGINT' to process[sllidar_node-4]
[INFO] [stretch_driver-3]: sending signal 'SIGINT' to process[stretch_driver-3]
[INFO] [robot_state_publisher-2]: sending signal 'SIGINT' to process[robot_state_publisher-2]
[INFO] [joint_state_publisher-1]: sending signal 'SIGINT' to process[joint_state_publisher-1]
[lifecycle_manager-16] [INFO] [1775504503.301198929] [rclcpp]: signal_handler(SIGINT/SIGTERM)
[lifecycle_manager-16] [INFO] [1775504503.301310784] [lifecycle_manager_navigation]: Running Nav2 LifecycleManager rcl preshutdown (lifecycle_manager_navigation)
[waypoint_follower-15] [INFO] [1775504503.303449140] [rclcpp]: signal_handler(SIGINT/SIGTERM)
[waypoint_follower-15] [INFO] [1775504503.303650602] [waypoint_follower]: Running Nav2 LifecycleNode rcl preshutdown (waypoint_follower)
[waypoint_follower-15] [INFO] [1775504503.303745668] [waypoint_follower]: Destroying bond (waypoint_follower) to lifecycle manager.
[waypoint_follower-15] [INFO] [1775504503.306478191] [waypoint_follower]: Destroying
[bt_navigator-14] [INFO] [1775504503.308085579] [rclcpp]: signal_handler(SIGINT/SIGTERM)
[bt_navigator-14] [INFO] [1775504503.308327142] [bt_navigator]: Running Nav2 LifecycleNode rcl preshutdown (bt_navigator)
[bt_navigator-14] [INFO] [1775504503.308455007] [bt_navigator]: Destroying bond (bt_navigator) to lifecycle manager.
[bt_navigator-14] [INFO] [1775504503.310340478] [bt_navigator]: Destroying
[behavior_server-13] [INFO] [1775504503.314057026] [rclcpp]: signal_handler(SIGINT/SIGTERM)
[behavior_server-13] [INFO] [1775504503.314226329] [behavior_server]: Running Nav2 LifecycleNode rcl preshutdown (behavior_server)
[behavior_server-13] [INFO] [1775504503.314322053] [behavior_server]: Destroying bond (behavior_server) to lifecycle manager.
[behavior_server-13] [INFO] [1775504503.317309196] [behavior_server]: Destroying
[planner_server-12] [INFO] [1775504503.322309822] [rclcpp]: signal_handler(SIGINT/SIGTERM)
[planner_server-12] [INFO] [1775504503.322485736] [planner_server]: Running Nav2 LifecycleNode rcl preshutdown (planner_server)
[planner_server-12] [INFO] [1775504503.322580345] [planner_server]: Destroying bond (planner_server) to lifecycle manager.
[planner_server-12] [INFO] [1775504503.330767574] [global_costmap.global_costmap]: Destroying
[controller_server-11] [INFO] [1775504503.330855068] [rclcpp]: signal_handler(SIGINT/SIGTERM)
[controller_server-11] [INFO] [1775504503.331358247] [controller_server]: Running Nav2 LifecycleNode rcl preshutdown (controller_server)
[controller_server-11] [INFO] [1775504503.331514072] [controller_server]: Cleaning up
[controller_server-11] [INFO] [1775504503.331824171] [local_costmap.local_costmap]: Cleaning up
[lifecycle_manager-16] [INFO] [1775504503.336321708] [lifecycle_manager_navigation]: Destroying lifecycle_manager_navigation
[lifecycle_manager-10] [INFO] [1775504503.344626599] [rclcpp]: signal_handler(SIGINT/SIGTERM)
[lifecycle_manager-10] [INFO] [1775504503.345015465] [lifecycle_manager_localization]: Running Nav2 LifecycleManager rcl preshutdown (lifecycle_manager_localization)
[lifecycle_manager-10] [INFO] [1775504503.367921531] [lifecycle_manager_localization]: Destroying lifecycle_manager_localization
[amcl-9] [INFO] [1775504503.368019715] [rclcpp]: signal_handler(SIGINT/SIGTERM)
[amcl-9] [INFO] [1775504503.368157033] [amcl]: Running Nav2 LifecycleNode rcl preshutdown (amcl)
[amcl-9] [INFO] [1775504503.368240046] [amcl]: Destroying bond (amcl) to lifecycle manager.
[amcl-9] [INFO] [1775504503.372902627] [amcl]: Destroying
[map_server-8] [INFO] [1775504503.383842596] [rclcpp]: signal_handler(SIGINT/SIGTERM)
[map_server-8] [INFO] [1775504503.384021815] [map_server]: Running Nav2 LifecycleNode rcl preshutdown (map_server)
[map_server-8] [INFO] [1775504503.384144832] [map_server]: Cleaning up
[map_server-8] [INFO] [1775504503.384193049] [map_server]: Destroying bond (map_server) to lifecycle manager.
[planner_server-12] [INFO] [1775504503.396522966] [planner_server]: Destroying
[teleop_node-7] [INFO] [1775504503.399010335] [rclcpp]: signal_handler(SIGINT/SIGTERM)
[map_server-8] [INFO] [1775504503.399777784] [map_server]: Destroying
[joy_node-6] [INFO] [1775504503.410147135] [rclcpp]: signal_handler(SIGINT/SIGTERM)
[scan_to_scan_filter_chain-5] [INFO] [1775504503.417960533] [rclcpp]: signal_handler(SIGINT/SIGTERM)
[controller_server-11] [INFO] [1775504503.422061451] [controller_server]: Destroying bond (controller_server) to lifecycle manager.
[controller_server-11] [INFO] [1775504503.447943608] [local_costmap.local_costmap]: Destroying
[stretch_driver-3] [0m[INFO] [1775504503.455786901] [stretch_driver]: For use with S T R E T C H (TM) RESEARCH EDITION from Hello Robot Inc.[0m
[stretch_driver-3] Failed to publish log message to rosout: publisher's context is invalid, at ./src/rcl/publisher.c:389
[stretch_driver-3] [0m[INFO] [1775504503.457276199] [stretch_driver]: stretch_driver started[0m
[stretch_driver-3] Failed to publish log message to rosout: publisher's context is invalid, at ./src/rcl/publisher.c:389
[controller_server-11] [INFO] [1775504503.488460975] [controller_server]: Destroying
[INFO] [lifecycle_manager-16]: process has finished cleanly [pid 33036]
[joint_state_publisher-1] Traceback (most recent call last):
[joint_state_publisher-1]   File "/opt/ros/humble/lib/joint_state_publisher/joint_state_publisher", line 33, in <module>
[joint_state_publisher-1]     sys.exit(load_entry_point('joint-state-publisher==2.4.0', 'console_scripts', 'joint_state_publisher')())
[joint_state_publisher-1]   File "/opt/ros/humble/lib/python3.10/site-packages/joint_state_publisher/joint_state_publisher.py", line 466, in main
[joint_state_publisher-1]     rclpy.spin(jsp)
[joint_state_publisher-1]   File "/opt/ros/humble/local/lib/python3.10/dist-packages/rclpy/__init__.py", line 229, in spin
[joint_state_publisher-1]     executor.spin_once()
[joint_state_publisher-1]   File "/opt/ros/humble/local/lib/python3.10/dist-packages/rclpy/executors.py", line 808, in spin_once
[joint_state_publisher-1]     self._spin_once_impl(timeout_sec)
[joint_state_publisher-1]   File "/opt/ros/humble/local/lib/python3.10/dist-packages/rclpy/executors.py", line 797, in _spin_once_impl
[joint_state_publisher-1]     handler, entity, node = self.wait_for_ready_callbacks(timeout_sec=timeout_sec)
[joint_state_publisher-1]   File "/opt/ros/humble/local/lib/python3.10/dist-packages/rclpy/executors.py", line 780, in wait_for_ready_callbacks
[joint_state_publisher-1]     return next(self._cb_iter)
[joint_state_publisher-1]   File "/opt/ros/humble/local/lib/python3.10/dist-packages/rclpy/executors.py", line 681, in _wait_for_ready_callbacks
[joint_state_publisher-1]     raise ExternalShutdownException()
[joint_state_publisher-1] rclpy.executors.ExternalShutdownException
[INFO] [bt_navigator-14]: process has finished cleanly [pid 32911]
[INFO] [waypoint_follower-15]: process has finished cleanly [pid 32913]
[INFO] [amcl-9]: process has finished cleanly [pid 32901]
[INFO] [planner_server-12]: process has finished cleanly [pid 32907]
[INFO] [behavior_server-13]: process has finished cleanly [pid 32909]
[sllidar_node-4] [INFO] [1775504503.625837106] [sllidar_node]: Stop motor
[INFO] [lifecycle_manager-10]: process has finished cleanly [pid 32903]
[INFO] [map_server-8]: process has finished cleanly [pid 32899]
[INFO] [teleop_node-7]: process has finished cleanly [pid 32897]
[INFO] [scan_to_scan_filter_chain-5]: process has finished cleanly [pid 32893]
[INFO] [controller_server-11]: process has finished cleanly [pid 32905]
[INFO] [joy_node-6]: process has finished cleanly [pid 32895]
[INFO] [robot_state_publisher-2]: process has finished cleanly [pid 32887]
[INFO] [sllidar_node-4]: process has finished cleanly [pid 32891]
[ERROR] [joint_state_publisher-1]: process has died [pid 32885, exit code 1, cmd '/opt/ros/humble/lib/joint_state_publisher/joint_state_publisher --ros-args --log-level error --ros-args --params-file /tmp/launch_params_rhxcpnbu --params-file /tmp/launch_params_ga68r_ou'].
LiDAR OK!
Waiting for AMCL service...
[stretch_driver-3] Key mapped to End-Of-Arm Tool: tool_stretch_dex_wrist
[stretch_driver-3] Unable to load URDF: /home/willy/.local/lib/python3.10/site-packages/stretch_urdf/RE2V0/stretch_description_RE2V0_tool_stretch_dex_wrist.urdf. Disabling collision system.
[stretch_driver-3] Traceback (most recent call last):
[stretch_driver-3]   File "/home/willy/ament_ws/install/stretch_core/lib/stretch_core/stretch_driver", line 33, in <module>
[stretch_driver-3]     sys.exit(load_entry_point('stretch-core==0.2.0', 'console_scripts', 'stretch_driver')())
[stretch_driver-3]   File "/home/willy/ament_ws/install/stretch_core/lib/python3.10/site-packages/stretch_core/stretch_driver.py", line 1116, in main
[stretch_driver-3]     node = StretchDriver()
[stretch_driver-3]   File "/home/willy/ament_ws/install/stretch_core/lib/python3.10/site-packages/stretch_core/stretch_driver.py", line 90, in __init__
[stretch_driver-3]     self.ros_setup()
[stretch_driver-3]   File "/home/willy/ament_ws/install/stretch_core/lib/python3.10/site-packages/stretch_core/stretch_driver.py", line 893, in ros_setup
[stretch_driver-3]     self.declare_parameter('mode', "position")
[stretch_driver-3]   File "/opt/ros/humble/local/lib/python3.10/dist-packages/rclpy/node.py", line 367, in declare_parameter
[stretch_driver-3]     return self.declare_parameters('', [args], ignore_override)[0]
[stretch_driver-3]   File "/opt/ros/humble/local/lib/python3.10/dist-packages/rclpy/node.py", line 493, in declare_parameters
[stretch_driver-3]     self._set_parameters(
[stretch_driver-3]   File "/opt/ros/humble/local/lib/python3.10/dist-packages/rclpy/node.py", line 731, in _set_parameters
[stretch_driver-3]     result = self._set_parameters_atomically(
[stretch_driver-3]   File "/opt/ros/humble/local/lib/python3.10/dist-packages/rclpy/node.py", line 880, in _set_parameters_atomically
[stretch_driver-3]     self._parameter_event_publisher.publish(parameter_event)
[stretch_driver-3]   File "/opt/ros/humble/local/lib/python3.10/dist-packages/rclpy/publisher.py", line 70, in publish
[stretch_driver-3]     self.__publisher.publish(msg)
[stretch_driver-3] rclpy._rclpy_pybind11.RCLError: Failed to publish: publisher's context is invalid, at ./src/rcl/publisher.c:389
[ERROR] [stretch_driver-3]: process has died [pid 32889, exit code 1, cmd '/home/willy/ament_ws/install/stretch_core/lib/stretch_core/stretch_driver --ros-args --params-file /tmp/launch_params_0q89y915 -r cmd_vel:=/stretch/cmd_vel -r joint_states:=/stretch/joint_states'].
Setting initial pose...
publisher: beginning loop
publishing #1: geometry_msgs.msg.PoseWithCovarianceStamped(header=std_msgs.msg.Header(stamp=builtin_interfaces.msg.Time(sec=0, nanosec=0), frame_id='map'), pose=geometry_msgs.msg.PoseWithCovariance(pose=geometry_msgs.msg.Pose(position=geometry_msgs.msg.Point(x=0.5688, y=1.6601, z=0.0), orientation=geometry_msgs.msg.Quaternion(x=0.0, y=0.0, z=-0.707, w=0.707)), covariance=array([0.25, 0.  , 0.  , 0.  , 0.  , 0.  , 0.  , 0.25, 0.  , 0.  , 0.  ,
       0.  , 0.  , 0.  , 0.  , 0.  , 0.  , 0.  , 0.  , 0.  , 0.  , 0.  ,
       0.  , 0.  , 0.  , 0.  , 0.  , 0.  , 0.  , 0.  , 0.  , 0.  , 0.  ,
       0.  , 0.  , 0.07])))

