=== dock_to_origin.sh started at Tue Apr  7 03:41:56 PM EDT 2026 ===
Freeing robot process...
Done!
Releasing LiDAR port...
 47354Launching Nav2...
Waiting for Nav2 action server...
[INFO] [launch]: All log files can be found below /home/willy/.ros/log/2026-04-07-15-41-59-635025-stretch-re2-2204-48920
[INFO] [launch]: Default logging verbosity is set to INFO
Nav2 is up!
Checking LiDAR...
[INFO] [stretch_driver-3]: process started with pid [48985]
[INFO] [joint_state_publisher-1]: process started with pid [48981]
[INFO] [robot_state_publisher-2]: process started with pid [48983]
[INFO] [sllidar_node-4]: process started with pid [48987]
[INFO] [scan_to_scan_filter_chain-5]: process started with pid [48989]
[INFO] [joy_node-6]: process started with pid [48991]
[INFO] [teleop_node-7]: process started with pid [48993]
[INFO] [map_server-8]: process started with pid [48995]
[INFO] [amcl-9]: process started with pid [48997]
[INFO] [lifecycle_manager-10]: process started with pid [48999]
[INFO] [controller_server-11]: process started with pid [49001]
[INFO] [planner_server-12]: process started with pid [49003]
[INFO] [behavior_server-13]: process started with pid [49013]
[INFO] [bt_navigator-14]: process started with pid [49015]
[INFO] [waypoint_follower-15]: process started with pid [49017]
[INFO] [lifecycle_manager-16]: process started with pid [49058]
[INFO] [rviz2-17]: process started with pid [49067]
[sllidar_node-4] [INFO] [1775590920.508538280] [sllidar_node]: SLLidar running on ROS2 package SLLidar.ROS2 SDK Version:1.0.1, SLLIDAR SDK Version:2.1.0
[teleop_node-7] [INFO] [1775590920.486537171] [TeleopTwistJoy]: Teleop enable button 4.
[teleop_node-7] [INFO] [1775590920.486582321] [TeleopTwistJoy]: Linear axis x on 4 at scale 0.500000.
[teleop_node-7] [INFO] [1775590920.486591124] [TeleopTwistJoy]: Angular axis yaw on 3 at scale 0.500000.
[map_server-8] [INFO] [1775590920.506885172] [map_server]: 
[map_server-8] 	map_server lifecycle node launched. 
[map_server-8] 	Waiting on external lifecycle transitions to activate
[map_server-8] 	See https://design.ros2.org/articles/node_lifecycle.html for more information.
[map_server-8] [INFO] [1775590920.507064941] [map_server]: Creating
[planner_server-12] [INFO] [1775590920.520731016] [planner_server]: 
[planner_server-12] 	planner_server lifecycle node launched. 
[planner_server-12] 	Waiting on external lifecycle transitions to activate
[planner_server-12] 	See https://design.ros2.org/articles/node_lifecycle.html for more information.
[scan_to_scan_filter_chain-5] [INFO] [1775590920.521684006] [laser_filter]: In shadow configure done
[scan_to_scan_filter_chain-5] [WARN] [1775590920.521993785] [rcl.logging_rosout]: Publisher already registered for provided node name. If this is due to multiple nodes with the same name then all logs for that logger name will go out over the existing publisher. As soon as any node with that name is destructed it will unregister the publisher, preventing any further logs for that name from being published on the rosout topic.
[planner_server-12] [INFO] [1775590920.524087575] [planner_server]: Creating
[planner_server-12] [INFO] [1775590920.529052708] [global_costmap.global_costmap]: 
[planner_server-12] 	global_costmap lifecycle node launched. 
[planner_server-12] 	Waiting on external lifecycle transitions to activate
[planner_server-12] 	See https://design.ros2.org/articles/node_lifecycle.html for more information.
[lifecycle_manager-10] [INFO] [1775590920.541181522] [lifecycle_manager_localization]: Creating
[planner_server-12] [INFO] [1775590920.542433114] [global_costmap.global_costmap]: Creating Costmap
[waypoint_follower-15] [INFO] [1775590920.545614376] [waypoint_follower]: 
[waypoint_follower-15] 	waypoint_follower lifecycle node launched. 
[waypoint_follower-15] 	Waiting on external lifecycle transitions to activate
[waypoint_follower-15] 	See https://design.ros2.org/articles/node_lifecycle.html for more information.
[waypoint_follower-15] [INFO] [1775590920.556176375] [waypoint_follower]: Creating
[lifecycle_manager-10] [INFO] [1775590920.556563054] [lifecycle_manager_localization]: [34m[1mCreating and initializing lifecycle service clients[0m[0m
[bt_navigator-14] [INFO] [1775590920.561074651] [bt_navigator]: 
[bt_navigator-14] 	bt_navigator lifecycle node launched. 
[bt_navigator-14] 	Waiting on external lifecycle transitions to activate
[bt_navigator-14] 	See https://design.ros2.org/articles/node_lifecycle.html for more information.
[bt_navigator-14] [INFO] [1775590920.561252923] [bt_navigator]: Creating
[controller_server-11] [INFO] [1775590920.568269281] [controller_server]: 
[controller_server-11] 	controller_server lifecycle node launched. 
[controller_server-11] 	Waiting on external lifecycle transitions to activate
[controller_server-11] 	See https://design.ros2.org/articles/node_lifecycle.html for more information.
[lifecycle_manager-16] [INFO] [1775590920.570694461] [lifecycle_manager_navigation]: Creating
[behavior_server-13] [INFO] [1775590920.575440252] [behavior_server]: 
[behavior_server-13] 	behavior_server lifecycle node launched. 
[behavior_server-13] 	Waiting on external lifecycle transitions to activate
[behavior_server-13] 	See https://design.ros2.org/articles/node_lifecycle.html for more information.
[lifecycle_manager-16] [INFO] [1775590920.579167541] [lifecycle_manager_navigation]: [34m[1mCreating and initializing lifecycle service clients[0m[0m
[controller_server-11] [INFO] [1775590920.606200837] [controller_server]: Creating controller server
[amcl-9] [INFO] [1775590920.614516202] [amcl]: 
[amcl-9] 	amcl lifecycle node launched. 
[amcl-9] 	Waiting on external lifecycle transitions to activate
[amcl-9] 	See https://design.ros2.org/articles/node_lifecycle.html for more information.
[amcl-9] [INFO] [1775590920.615608020] [amcl]: Creating
[rviz2-17] qt.qpa.xcb: could not connect to display 192.168.1.20:0.0
[rviz2-17] qt.qpa.plugin: Could not load the Qt platform plugin "xcb" in "/usr/lib/x86_64-linux-gnu/qt5/plugins/platforms/libqxcb.so" even though it was found.
[rviz2-17] This application failed to start because no Qt platform plugin could be initialized. Reinstalling the application may fix this problem.
[rviz2-17] 
[rviz2-17] Available platform plugins are: eglfs, linuxfb, minimal, minimalegl, offscreen, vnc, xcb.
[rviz2-17] 
[sllidar_node-4] [INFO] [1775590920.619723990] [sllidar_node]: SLLidar S/N: C394ED93C0EA98C9A5E698F2564A4669
[sllidar_node-4] [INFO] [1775590920.620213429] [sllidar_node]: Firmware Ver: 1.29
[sllidar_node-4] [INFO] [1775590920.620262689] [sllidar_node]: Hardware Rev: 7
[sllidar_node-4] [INFO] [1775590920.621782123] [sllidar_node]: SLLidar health status : 0
[sllidar_node-4] [INFO] [1775590920.621854419] [sllidar_node]: SLLidar health status : OK.
[controller_server-11] [INFO] [1775590920.686318339] [local_costmap.local_costmap]: 
[controller_server-11] 	local_costmap lifecycle node launched. 
[controller_server-11] 	Waiting on external lifecycle transitions to activate
[controller_server-11] 	See https://design.ros2.org/articles/node_lifecycle.html for more information.
[controller_server-11] [INFO] [1775590920.690205451] [local_costmap.local_costmap]: Creating Costmap
[lifecycle_manager-10] [INFO] [1775590920.701035551] [lifecycle_manager_localization]: [34m[1mStarting managed nodes bringup...[0m[0m
[lifecycle_manager-10] [INFO] [1775590920.701168938] [lifecycle_manager_localization]: [34m[1mConfiguring map_server[0m[0m
[lifecycle_manager-10] [ERROR] [1775590920.706440347] [lifecycle_manager_localization]: Failed to change state for node: map_server
[lifecycle_manager-10] [ERROR] [1775590920.706608536] [lifecycle_manager_localization]: Failed to bring up all requested nodes. Aborting bringup.
[lifecycle_manager-16] [INFO] [1775590920.726979312] [lifecycle_manager_navigation]: [34m[1mStarting managed nodes bringup...[0m[0m
[lifecycle_manager-16] [INFO] [1775590920.727071987] [lifecycle_manager_navigation]: [34m[1mConfiguring controller_server[0m[0m
[lifecycle_manager-16] [ERROR] [1775590920.730455846] [lifecycle_manager_navigation]: Failed to change state for node: controller_server
[lifecycle_manager-16] [ERROR] [1775590920.730654130] [lifecycle_manager_navigation]: Failed to bring up all requested nodes. Aborting bringup.
[controller_server-11] [INFO] [1775590920.789220022] [controller_server]: Configuring controller interface
[controller_server-11] [INFO] [1775590920.789569774] [controller_server]: getting goal checker plugins..
[controller_server-11] [INFO] [1775590920.793474246] [controller_server]: Controller frequency set to 20.0000Hz
[controller_server-11] [INFO] [1775590920.793602643] [local_costmap.local_costmap]: Configuring
[controller_server-11] [INFO] [1775590920.821437186] [local_costmap.local_costmap]: Using plugin "obstacle_layer"
[controller_server-11] [INFO] [1775590920.826878124] [local_costmap.local_costmap]: Subscribed to Topics: scan
[sllidar_node-4] [INFO] [1775590920.833982876] [sllidar_node]: current scan mode: Boost, sample rate: 8 Khz, max_distance: 12.0 m, scan frequency:10.0 Hz, 
[controller_server-11] [INFO] [1775590920.835219512] [local_costmap.local_costmap]: Initialized plugin "obstacle_layer"
[controller_server-11] [INFO] [1775590920.835258660] [local_costmap.local_costmap]: Using plugin "voxel_layer"
[controller_server-11] [INFO] [1775590920.838075447] [local_costmap.local_costmap]: Subscribed to Topics: scan
[controller_server-11] [INFO] [1775590920.858448503] [local_costmap.local_costmap]: Initialized plugin "voxel_layer"
[controller_server-11] [INFO] [1775590920.858505626] [local_costmap.local_costmap]: Using plugin "inflation_layer"
[controller_server-11] [INFO] [1775590920.863827435] [local_costmap.local_costmap]: Initialized plugin "inflation_layer"
[controller_server-11] [INFO] [1775590920.883258560] [controller_server]: Created progress_checker : progress_checker of type nav2_controller::SimpleProgressChecker
[controller_server-11] [INFO] [1775590920.885709240] [controller_server]: Created goal checker : general_goal_checker of type nav2_controller::SimpleGoalChecker
[controller_server-11] [INFO] [1775590920.890203766] [controller_server]: Controller Server has general_goal_checker  goal checkers available.
[controller_server-11] [INFO] [1775590920.894072262] [controller_server]: Created controller : FollowPath of type dwb_core::DWBLocalPlanner
[controller_server-11] [INFO] [1775590920.901465744] [controller_server]: Setting transform_tolerance to 0.200000
[controller_server-11] [INFO] [1775590920.927010827] [controller_server]: Using critic "RotateToGoal" (dwb_critics::RotateToGoalCritic)
[controller_server-11] [INFO] [1775590920.929483594] [controller_server]: Critic plugin initialized
[controller_server-11] [INFO] [1775590920.929931547] [controller_server]: Using critic "Oscillation" (dwb_critics::OscillationCritic)
[controller_server-11] [INFO] [1775590920.931907529] [controller_server]: Critic plugin initialized
[controller_server-11] [INFO] [1775590920.932393996] [controller_server]: Using critic "BaseObstacle" (dwb_critics::BaseObstacleCritic)
[controller_server-11] [INFO] [1775590920.932793795] [controller_server]: Critic plugin initialized
[controller_server-11] [INFO] [1775590920.932990106] [controller_server]: Using critic "GoalAlign" (dwb_critics::GoalAlignCritic)
[controller_server-11] [INFO] [1775590920.934541464] [controller_server]: Critic plugin initialized
[controller_server-11] [INFO] [1775590920.935019891] [controller_server]: Using critic "PathAlign" (dwb_critics::PathAlignCritic)
[controller_server-11] [INFO] [1775590920.936447011] [controller_server]: Critic plugin initialized
[controller_server-11] [INFO] [1775590920.936854987] [controller_server]: Using critic "PathDist" (dwb_critics::PathDistCritic)
[controller_server-11] [INFO] [1775590920.941495057] [controller_server]: Critic plugin initialized
[controller_server-11] [INFO] [1775590920.942702110] [controller_server]: Using critic "GoalDist" (dwb_critics::GoalDistCritic)
[controller_server-11] [INFO] [1775590920.943114731] [controller_server]: Critic plugin initialized
[controller_server-11] [INFO] [1775590920.943320483] [controller_server]: Using critic "PreferForward" (dwb_critics::PreferForwardCritic)
[controller_server-11] [INFO] [1775590920.944229525] [controller_server]: Critic plugin initialized
[controller_server-11] [INFO] [1775590920.944272790] [controller_server]: Controller Server has FollowPath  controllers available.
[joy_node-6] [INFO] [1775590921.185780787] [joy_node]: Opened joystick: Controller 1.05.  deadzone: 0.050000
[scan_to_scan_filter_chain-5] [WARN] [1775590921.513102982] [laser_filter]: diagnostic_updater: No HW_ID was set. This is probably a bug. Please report it. For devices that do not have a HW_ID, set this value to 'none'. This warning only occurs once all diagnostics are OK. It is okay to wait until the device is open before calling setHardwareID.
[ERROR] [rviz2-17]: process has died [pid 49067, exit code -6, cmd '/opt/ros/humble/lib/rviz2/rviz2 -d /opt/ros/humble/share/nav2_bringup/rviz/nav2_default_view.rviz --ros-args'].
[INFO] [lifecycle_manager-16]: sending signal 'SIGINT' to process[lifecycle_manager-16]
[INFO] [waypoint_follower-15]: sending signal 'SIGINT' to process[waypoint_follower-15]
[INFO] [bt_navigator-14]: sending signal 'SIGINT' to process[bt_navigator-14]
[INFO] [behavior_server-13]: sending signal 'SIGINT' to process[behavior_server-13]
[INFO] [planner_server-12]: sending signal 'SIGINT' to process[planner_server-12]
[INFO] [controller_server-11]: sending signal 'SIGINT' to process[controller_server-11]
[INFO] [lifecycle_manager-10]: sending signal 'SIGINT' to process[lifecycle_manager-10]
[INFO] [amcl-9]: sending signal 'SIGINT' to process[amcl-9]
[INFO] [map_server-8]: sending signal 'SIGINT' to process[map_server-8]
[INFO] [teleop_node-7]: sending signal 'SIGINT' to process[teleop_node-7]
[INFO] [joy_node-6]: sending signal 'SIGINT' to process[joy_node-6]
[INFO] [scan_to_scan_filter_chain-5]: sending signal 'SIGINT' to process[scan_to_scan_filter_chain-5]
[INFO] [sllidar_node-4]: sending signal 'SIGINT' to process[sllidar_node-4]
[INFO] [stretch_driver-3]: sending signal 'SIGINT' to process[stretch_driver-3]
[INFO] [robot_state_publisher-2]: sending signal 'SIGINT' to process[robot_state_publisher-2]
[INFO] [joint_state_publisher-1]: sending signal 'SIGINT' to process[joint_state_publisher-1]
[lifecycle_manager-16] [INFO] [1775590921.811300639] [rclcpp]: signal_handler(SIGINT/SIGTERM)
[lifecycle_manager-16] [INFO] [1775590921.811368065] [lifecycle_manager_navigation]: Running Nav2 LifecycleManager rcl preshutdown (lifecycle_manager_navigation)
[waypoint_follower-15] [INFO] [1775590921.813387759] [rclcpp]: signal_handler(SIGINT/SIGTERM)
[waypoint_follower-15] [INFO] [1775590921.813545537] [waypoint_follower]: Running Nav2 LifecycleNode rcl preshutdown (waypoint_follower)
[waypoint_follower-15] [INFO] [1775590921.813619289] [waypoint_follower]: Destroying bond (waypoint_follower) to lifecycle manager.
[waypoint_follower-15] [INFO] [1775590921.815107023] [waypoint_follower]: Destroying
[bt_navigator-14] [INFO] [1775590921.816138678] [rclcpp]: signal_handler(SIGINT/SIGTERM)
[bt_navigator-14] [INFO] [1775590921.816265777] [bt_navigator]: Running Nav2 LifecycleNode rcl preshutdown (bt_navigator)
[bt_navigator-14] [INFO] [1775590921.816348797] [bt_navigator]: Destroying bond (bt_navigator) to lifecycle manager.
[bt_navigator-14] [INFO] [1775590921.817467931] [bt_navigator]: Destroying
[behavior_server-13] [INFO] [1775590921.819692666] [rclcpp]: signal_handler(SIGINT/SIGTERM)
[behavior_server-13] [INFO] [1775590921.819860056] [behavior_server]: Running Nav2 LifecycleNode rcl preshutdown (behavior_server)
[behavior_server-13] [INFO] [1775590921.819928124] [behavior_server]: Destroying bond (behavior_server) to lifecycle manager.
[behavior_server-13] [INFO] [1775590921.821877053] [behavior_server]: Destroying
[planner_server-12] [INFO] [1775590921.822577404] [rclcpp]: signal_handler(SIGINT/SIGTERM)
[planner_server-12] [INFO] [1775590921.822691080] [planner_server]: Running Nav2 LifecycleNode rcl preshutdown (planner_server)
[planner_server-12] [INFO] [1775590921.822758034] [planner_server]: Destroying bond (planner_server) to lifecycle manager.
[controller_server-11] [INFO] [1775590921.825402144] [rclcpp]: signal_handler(SIGINT/SIGTERM)
[controller_server-11] [INFO] [1775590921.825712864] [controller_server]: Running Nav2 LifecycleNode rcl preshutdown (controller_server)
[controller_server-11] [INFO] [1775590921.825846418] [controller_server]: Cleaning up
[controller_server-11] [INFO] [1775590921.826152691] [local_costmap.local_costmap]: Cleaning up
[planner_server-12] [INFO] [1775590921.830035025] [global_costmap.global_costmap]: Destroying
[lifecycle_manager-10] [INFO] [1775590921.830428237] [rclcpp]: signal_handler(SIGINT/SIGTERM)
[lifecycle_manager-10] [INFO] [1775590921.830595102] [lifecycle_manager_localization]: Running Nav2 LifecycleManager rcl preshutdown (lifecycle_manager_localization)
[amcl-9] [INFO] [1775590921.834408990] [rclcpp]: signal_handler(SIGINT/SIGTERM)
[amcl-9] [INFO] [1775590921.834635175] [amcl]: Running Nav2 LifecycleNode rcl preshutdown (amcl)
[amcl-9] [INFO] [1775590921.834742294] [amcl]: Destroying bond (amcl) to lifecycle manager.
[map_server-8] [INFO] [1775590921.835890172] [rclcpp]: signal_handler(SIGINT/SIGTERM)
[map_server-8] [INFO] [1775590921.836637638] [map_server]: Running Nav2 LifecycleNode rcl preshutdown (map_server)
[map_server-8] [INFO] [1775590921.836739809] [map_server]: Destroying bond (map_server) to lifecycle manager.
[teleop_node-7] [INFO] [1775590921.838644749] [rclcpp]: signal_handler(SIGINT/SIGTERM)
[joy_node-6] [INFO] [1775590921.841878808] [rclcpp]: signal_handler(SIGINT/SIGTERM)
[amcl-9] [INFO] [1775590921.843615559] [amcl]: Destroying
[scan_to_scan_filter_chain-5] [INFO] [1775590921.845801676] [rclcpp]: signal_handler(SIGINT/SIGTERM)
[map_server-8] [INFO] [1775590921.846968649] [map_server]: Destroying
[lifecycle_manager-16] [INFO] [1775590921.849477693] [lifecycle_manager_navigation]: Destroying lifecycle_manager_navigation
[lifecycle_manager-10] [INFO] [1775590921.874761855] [lifecycle_manager_localization]: Destroying lifecycle_manager_localization
LiDAR OK!
Waiting for AMCL service...
[planner_server-12] [INFO] [1775590921.922147132] [planner_server]: Destroying
[controller_server-11] [INFO] [1775590921.928322493] [controller_server]: Destroying bond (controller_server) to lifecycle manager.
[controller_server-11] [INFO] [1775590921.953297475] [local_costmap.local_costmap]: Destroying
[controller_server-11] [INFO] [1775590921.996207819] [controller_server]: Destroying
[joint_state_publisher-1] Traceback (most recent call last):
[joint_state_publisher-1]   File "/opt/ros/humble/lib/joint_state_publisher/joint_state_publisher", line 33, in <module>
[joint_state_publisher-1]     sys.exit(load_entry_point('joint-state-publisher==2.4.0', 'console_scripts', 'joint_state_publisher')())
[joint_state_publisher-1]   File "/opt/ros/humble/lib/python3.10/site-packages/joint_state_publisher/joint_state_publisher.py", line 466, in main
[joint_state_publisher-1]     rclpy.spin(jsp)
[joint_state_publisher-1]   File "/opt/ros/humble/local/lib/python3.10/dist-packages/rclpy/__init__.py", line 229, in spin
[joint_state_publisher-1]     executor.spin_once()
[joint_state_publisher-1]   File "/opt/ros/humble/local/lib/python3.10/dist-packages/rclpy/executors.py", line 808, in spin_once
[joint_state_publisher-1]     self._spin_once_impl(timeout_sec)
[joint_state_publisher-1]   File "/opt/ros/humble/local/lib/python3.10/dist-packages/rclpy/executors.py", line 797, in _spin_once_impl
[joint_state_publisher-1]     handler, entity, node = self.wait_for_ready_callbacks(timeout_sec=timeout_sec)
[joint_state_publisher-1]   File "/opt/ros/humble/local/lib/python3.10/dist-packages/rclpy/executors.py", line 780, in wait_for_ready_callbacks
[joint_state_publisher-1]     return next(self._cb_iter)
[joint_state_publisher-1]   File "/opt/ros/humble/local/lib/python3.10/dist-packages/rclpy/executors.py", line 681, in _wait_for_ready_callbacks
[joint_state_publisher-1]     raise ExternalShutdownException()
[joint_state_publisher-1] rclpy.executors.ExternalShutdownException
[INFO] [lifecycle_manager-16]: process has finished cleanly [pid 49058]
[INFO] [waypoint_follower-15]: process has finished cleanly [pid 49017]
[INFO] [behavior_server-13]: process has finished cleanly [pid 49013]
[INFO] [lifecycle_manager-10]: process has finished cleanly [pid 48999]
[INFO] [teleop_node-7]: process has finished cleanly [pid 48993]
[INFO] [bt_navigator-14]: process has finished cleanly [pid 49015]
[INFO] [map_server-8]: process has finished cleanly [pid 48995]
[INFO] [amcl-9]: process has finished cleanly [pid 48997]
[INFO] [planner_server-12]: process has finished cleanly [pid 49003]
[INFO] [joy_node-6]: process has finished cleanly [pid 48991]
[INFO] [controller_server-11]: process has finished cleanly [pid 49001]
[INFO] [scan_to_scan_filter_chain-5]: process has finished cleanly [pid 48989]
[INFO] [robot_state_publisher-2]: process has finished cleanly [pid 48983]
[ERROR] [joint_state_publisher-1]: process has died [pid 48981, exit code 1, cmd '/opt/ros/humble/lib/joint_state_publisher/joint_state_publisher --ros-args --log-level error --ros-args --params-file /tmp/launch_params_iywmfmc3 --params-file /tmp/launch_params_8i6_s7hl'].
[sllidar_node-4] [INFO] [1775590922.412513566] [sllidar_node]: Stop motor
[stretch_driver-3] [0m[INFO] [1775590922.421542950] [stretch_driver]: For use with S T R E T C H (TM) RESEARCH EDITION from Hello Robot Inc.[0m
[stretch_driver-3] [0m[INFO] [1775590922.422447468] [stretch_driver]: stretch_driver started[0m
[INFO] [sllidar_node-4]: process has finished cleanly [pid 48987]
[stretch_driver-3] Key mapped to End-Of-Arm Tool: tool_stretch_dex_wrist
[stretch_driver-3] Unable to load URDF: /home/willy/.local/lib/python3.10/site-packages/stretch_urdf/RE2V0/stretch_description_RE2V0_tool_stretch_dex_wrist.urdf. Disabling collision system.
[stretch_driver-3] [0m[INFO] [1775590924.207191836] [stretch_driver]: broadcast_odom_tf = True[0m
[stretch_driver-3] [0m[INFO] [1775590924.230706711] [stretch_driver]: rate = 30.0 Hz[0m
[stretch_driver-3] [0m[INFO] [1775590924.232626711] [stretch_driver]: twist timeout = 0.5 s[0m
[stretch_driver-3] [0m[INFO] [1775590924.233957157] [stretch_driver]: base_frame_id = base_link[0m
[stretch_driver-3] [0m[INFO] [1775590924.234715482] [stretch_driver]: odom_frame_id = odom[0m
[stretch_driver-3] [0m[INFO] [1775590924.290774921] [stretch_driver]: Changed to mode = navigation[0m
Setting initial pose...
publisher: beginning loop
publishing #1: geometry_msgs.msg.PoseWithCovarianceStamped(header=std_msgs.msg.Header(stamp=builtin_interfaces.msg.Time(sec=0, nanosec=0), frame_id='map'), pose=geometry_msgs.msg.PoseWithCovariance(pose=geometry_msgs.msg.Pose(position=geometry_msgs.msg.Point(x=0.5688, y=1.6601, z=0.0), orientation=geometry_msgs.msg.Quaternion(x=0.0, y=0.0, z=-0.707, w=0.707)), covariance=array([0.25, 0.  , 0.  , 0.  , 0.  , 0.  , 0.  , 0.25, 0.  , 0.  , 0.  ,
       0.  , 0.  , 0.  , 0.  , 0.  , 0.  , 0.  , 0.  , 0.  , 0.  , 0.  ,
       0.  , 0.  , 0.  , 0.  , 0.  , 0.  , 0.  , 0.  , 0.  , 0.  , 0.  ,
       0.  , 0.  , 0.07])))

[ERROR] [stretch_driver-3]: process[stretch_driver-3] failed to terminate '5' seconds after receiving 'SIGINT', escalating to 'SIGTERM'
[INFO] [stretch_driver-3]: sending signal 'SIGTERM' to process[stretch_driver-3]
[stretch_driver-3] Caught signal 15
AMCL localized!
Waiting for controller_server...
[INFO] [stretch_driver-3]: process has finished cleanly [pid 48985]
Set parameter successful
Yaw tolerance set.
waiting for service to become available...
