=== dock_pos.sh started at Mon Apr 13 06:31:01 PM EDT 2026 ===
Using named pose 'center': x=1.1141 y=1.191 yaw=0°
Goal: x=1.1141  y=1.191  yaw=0° (z=0.0, w=1.0)
Waiting for nodes to be ready (launch_nodes.sh)...
Nodes are ready!
requester: making request: std_srvs.srv.Trigger_Request()

response:
std_srvs.srv.Trigger_Response(success=True, message='Now in navigation mode.')

Waiting for controller_server...
Set parameter successful
Yaw tolerance set.
Resetting arm position...
requester: making request: std_srvs.srv.Trigger_Request()

response:
std_srvs.srv.Trigger_Response(success=True, message='Now in position mode.')

[INFO] [1776119466.708304399] [reset_pose]: reset_pose started
[INFO] [1776119466.750119811] [reset_pose]: Node reset_pose connected to /home_the_robot service.
[INFO] [1776119466.751572094] [reset_pose]: Node reset_pose connected to /stow_the_robot service.
[INFO] [1776119466.752660120] [reset_pose]: Node reset_pose connected to /stop_the_robot service.
[INFO] [1776119466.753880824] [reset_pose]: Node reset_pose connected to /switch_to_trajectory_mode service.
[INFO] [1776119466.755154995] [reset_pose]: Node reset_pose connected to /switch_to_position_mode service.
[INFO] [1776119466.756399544] [reset_pose]: Node reset_pose connected to /switch_to_navigation_mode service.
[INFO] [1776119466.756815099] [reset_pose]: Moving to default pose...
[WARN] [1776119466.757128771] [reset_pose]: Currently in  mode. Recommend switching either to position or trajectory mode
[WARN] [1776119466.757429384] [reset_pose]: Commanding joint trajectory server in position mode
[INFO] [1776119468.258571192] [reset_pose]: Arm reset done.
[INFO] [1776119468.258797913] [reset_pose]: Skipping rotation (ROTATE_DEG=0).
[INFO] [1776119468.258978741] [reset_pose]: Done.
Arm reset complete (exit 0).
requester: making request: std_srvs.srv.Trigger_Request()

response:
std_srvs.srv.Trigger_Response(success=True, message='Now in navigation mode.')

=== Navigating to x=1.1141 y=1.191 yaw=0° ===
Waiting for an action server to become available...
Sending goal:
     pose:
  header:
    stamp:
      sec: 0
      nanosec: 0
    frame_id: map
  pose:
    position:
      x: 1.1141
      y: 1.191
      z: 0.0
    orientation:
      x: 0.0
      y: 0.0
      z: 0.0
      w: 1.0
behavior_tree: ''

Goal accepted with ID: 77a523d68f544b0fb1e106a3b6e99d03

Result:
    result: {}

Goal finished with status: SUCCEEDED
Navigation succeeded!
=== dock_pos.sh finished at Mon Apr 13 06:31:21 PM EDT 2026 ===
