=== dock_pos.sh started at Sun Apr 12 06:30:04 PM EDT 2026 ===
Using named pose 'stationA': x=0.5542 y=2.0357 yaw=-86.53°
Goal: x=0.5542  y=2.0357  yaw=-86.53° (z=-0.685373653917336, w=0.7281915644361721)
Waiting for nodes to be ready (launch_nodes.sh)...
Nodes are ready!
requester: making request: std_srvs.srv.Trigger_Request()

response:
std_srvs.srv.Trigger_Response(success=True, message='Now in navigation mode.')

Waiting for controller_server...
Set parameter successful
Yaw tolerance set.
Resetting arm position...
requester: making request: std_srvs.srv.Trigger_Request()

response:
std_srvs.srv.Trigger_Response(success=True, message='Now in position mode.')

[INFO] [1776033010.157735438] [reset_pose]: reset_pose started
[INFO] [1776033010.207214286] [reset_pose]: Node reset_pose connected to /home_the_robot service.
[INFO] [1776033010.209169634] [reset_pose]: Node reset_pose connected to /stow_the_robot service.
[INFO] [1776033010.211127290] [reset_pose]: Node reset_pose connected to /stop_the_robot service.
[INFO] [1776033010.215495108] [reset_pose]: Node reset_pose connected to /switch_to_trajectory_mode service.
[INFO] [1776033010.217405622] [reset_pose]: Node reset_pose connected to /switch_to_position_mode service.
[INFO] [1776033010.219276138] [reset_pose]: Node reset_pose connected to /switch_to_navigation_mode service.
[INFO] [1776033010.219849691] [reset_pose]: Moving to default pose...
[WARN] [1776033010.220585831] [reset_pose]: Currently in  mode. Recommend switching either to position or trajectory mode
[WARN] [1776033010.221245558] [reset_pose]: Commanding joint trajectory server in position mode
[INFO] [1776033010.307099349] [reset_pose]: Arm reset done.
[INFO] [1776033010.307543105] [reset_pose]: Skipping rotation (ROTATE_DEG=0).
[INFO] [1776033010.307789293] [reset_pose]: Done.
./dock_pos.sh: line 81: 13609 Segmentation fault      (core dumped) python3 ~/test1.py
Arm reset complete (exit 139).
requester: making request: std_srvs.srv.Trigger_Request()

response:
std_srvs.srv.Trigger_Response(success=True, message='Now in navigation mode.')

=== Navigating to x=0.5542 y=2.0357 yaw=-86.53° ===
Waiting for an action server to become available...
Sending goal:
     pose:
  header:
    stamp:
      sec: 0
      nanosec: 0
    frame_id: map
  pose:
    position:
      x: 0.5542
      y: 2.0357
      z: 0.0
    orientation:
      x: 0.0
      y: 0.0
      z: -0.685373653917336
      w: 0.7281915644361721
behavior_tree: ''

Goal accepted with ID: 4702eb57e7b5482f9dd146b4d3d04e93

Result:
    result: {}

Goal finished with status: SUCCEEDED
Navigation succeeded!
=== dock_pos.sh finished at Sun Apr 12 06:30:27 PM EDT 2026 ===
