=== dock_grab.sh started at Mon Apr  6 06:12:43 PM EDT 2026 ===
Freeing robot process...
Done!
=== Launching all nodes ===
Waiting for Nav2 action server...
[INFO] [launch]: All log files can be found below /home/willy/.ros/log/2026-04-06-18-12-43-503749-stretch-re2-2204-27448
[INFO] [launch]: Default logging verbosity is set to INFO
[INFO] [launch]: All log files can be found below /home/willy/.ros/log/2026-04-06-18-12-43-622959-stretch-re2-2204-27447
[INFO] [launch]: Default logging verbosity is set to INFO
[INFO] [launch.user]: D435i launched in high resolution
[INFO] [realsense2_camera_node-1]: process started with pid [27508]
[INFO] [d435i_accel_correction-2]: process started with pid [27510]
[realsense2_camera_node-1] [0m[INFO] [1775513563.977707700] [camera]: RealSense ROS v4.55.1[0m
[realsense2_camera_node-1] [0m[INFO] [1775513563.979181172] [camera]: Built with LibRealSense v2.56.4[0m
[realsense2_camera_node-1] [0m[INFO] [1775513563.979401638] [camera]: Running with LibRealSense v2.56.4[0m
[d435i_accel_correction-2] [INFO] [1775513564.135729148] [d435i_accel_correction_node]: d435i_accel_correction_node started
[INFO] [1775513564.166856946] [aruco_base_frame_estimator]: aruco_base_frame_estimator started
Nav2 is up!
Setting initial pose...
[INFO] [stretch_driver-3]: process started with pid [27680]
[INFO] [joint_state_publisher-1]: process started with pid [27676]
[INFO] [robot_state_publisher-2]: process started with pid [27678]
[INFO] [sllidar_node-4]: process started with pid [27682]
[INFO] [scan_to_scan_filter_chain-5]: process started with pid [27684]
[INFO] [joy_node-6]: process started with pid [27686]
[INFO] [teleop_node-7]: process started with pid [27688]
[INFO] [map_server-8]: process started with pid [27690]
[INFO] [amcl-9]: process started with pid [27693]
[INFO] [lifecycle_manager-10]: process started with pid [27695]
[INFO] [controller_server-11]: process started with pid [27697]
[INFO] [planner_server-12]: process started with pid [27699]
[INFO] [behavior_server-13]: process started with pid [27703]
[INFO] [bt_navigator-14]: process started with pid [27705]
[INFO] [waypoint_follower-15]: process started with pid [27707]
[INFO] [lifecycle_manager-16]: process started with pid [27826]
[INFO] [rviz2-17]: process started with pid [27828]
[sllidar_node-4] [INFO] [1775513564.628565091] [sllidar_node]: SLLidar running on ROS2 package SLLidar.ROS2 SDK Version:1.0.1, SLLIDAR SDK Version:2.1.0
[scan_to_scan_filter_chain-5] [INFO] [1775513564.699886426] [laser_filter]: In shadow configure done
[scan_to_scan_filter_chain-5] [WARN] [1775513564.705212986] [rcl.logging_rosout]: Publisher already registered for provided node name. If this is due to multiple nodes with the same name then all logs for that logger name will go out over the existing publisher. As soon as any node with that name is destructed it will unregister the publisher, preventing any further logs for that name from being published on the rosout topic.
[teleop_node-7] [INFO] [1775513564.680832836] [TeleopTwistJoy]: Teleop enable button 4.
[teleop_node-7] [INFO] [1775513564.680923102] [TeleopTwistJoy]: Linear axis x on 4 at scale 0.500000.
[teleop_node-7] [INFO] [1775513564.680938368] [TeleopTwistJoy]: Angular axis yaw on 3 at scale 0.500000.
[map_server-8] [INFO] [1775513564.687482293] [map_server]: 
[map_server-8] 	map_server lifecycle node launched. 
[map_server-8] 	Waiting on external lifecycle transitions to activate
[map_server-8] 	See https://design.ros2.org/articles/node_lifecycle.html for more information.
[map_server-8] [INFO] [1775513564.687673527] [map_server]: Creating
[amcl-9] [INFO] [1775513564.658717027] [amcl]: 
[amcl-9] 	amcl lifecycle node launched. 
[amcl-9] 	Waiting on external lifecycle transitions to activate
[amcl-9] 	See https://design.ros2.org/articles/node_lifecycle.html for more information.
[amcl-9] [INFO] [1775513564.661614266] [amcl]: Creating
[lifecycle_manager-10] [INFO] [1775513564.651280967] [lifecycle_manager_localization]: Creating
[lifecycle_manager-10] [INFO] [1775513564.675412582] [lifecycle_manager_localization]: [34m[1mCreating and initializing lifecycle service clients[0m[0m
[controller_server-11] [INFO] [1775513564.654023531] [controller_server]: 
[controller_server-11] 	controller_server lifecycle node launched. 
[controller_server-11] 	Waiting on external lifecycle transitions to activate
[controller_server-11] 	See https://design.ros2.org/articles/node_lifecycle.html for more information.
[controller_server-11] [INFO] [1775513564.665016229] [controller_server]: Creating controller server
[controller_server-11] [INFO] [1775513564.685032143] [local_costmap.local_costmap]: 
[controller_server-11] 	local_costmap lifecycle node launched. 
[controller_server-11] 	Waiting on external lifecycle transitions to activate
[controller_server-11] 	See https://design.ros2.org/articles/node_lifecycle.html for more information.
[controller_server-11] [INFO] [1775513564.688260274] [local_costmap.local_costmap]: Creating Costmap
[planner_server-12] [INFO] [1775513564.651491746] [planner_server]: 
[planner_server-12] 	planner_server lifecycle node launched. 
[planner_server-12] 	Waiting on external lifecycle transitions to activate
[planner_server-12] 	See https://design.ros2.org/articles/node_lifecycle.html for more information.
[planner_server-12] [INFO] [1775513564.655902014] [planner_server]: Creating
[planner_server-12] [INFO] [1775513564.665252452] [global_costmap.global_costmap]: 
[planner_server-12] 	global_costmap lifecycle node launched. 
[planner_server-12] 	Waiting on external lifecycle transitions to activate
[planner_server-12] 	See https://design.ros2.org/articles/node_lifecycle.html for more information.
[planner_server-12] [INFO] [1775513564.667088214] [global_costmap.global_costmap]: Creating Costmap
[bt_navigator-14] [INFO] [1775513564.697958550] [bt_navigator]: 
[bt_navigator-14] 	bt_navigator lifecycle node launched. 
[bt_navigator-14] 	Waiting on external lifecycle transitions to activate
[bt_navigator-14] 	See https://design.ros2.org/articles/node_lifecycle.html for more information.
[bt_navigator-14] [INFO] [1775513564.698106145] [bt_navigator]: Creating
[waypoint_follower-15] [INFO] [1775513564.658739830] [waypoint_follower]: 
[waypoint_follower-15] 	waypoint_follower lifecycle node launched. 
[waypoint_follower-15] 	Waiting on external lifecycle transitions to activate
[waypoint_follower-15] 	See https://design.ros2.org/articles/node_lifecycle.html for more information.
[waypoint_follower-15] [INFO] [1775513564.696184453] [waypoint_follower]: Creating
[sllidar_node-4] [INFO] [1775513564.737112848] [sllidar_node]: SLLidar S/N: C394ED93C0EA98C9A5E698F2564A4669
[sllidar_node-4] [INFO] [1775513564.737188437] [sllidar_node]: Firmware Ver: 1.29
[sllidar_node-4] [INFO] [1775513564.737198451] [sllidar_node]: Hardware Rev: 7
[sllidar_node-4] [INFO] [1775513564.739336041] [sllidar_node]: SLLidar health status : 0
[sllidar_node-4] [INFO] [1775513564.739550898] [sllidar_node]: SLLidar health status : OK.
[behavior_server-13] [INFO] [1775513564.737350061] [behavior_server]: 
[behavior_server-13] 	behavior_server lifecycle node launched. 
[behavior_server-13] 	Waiting on external lifecycle transitions to activate
[behavior_server-13] 	See https://design.ros2.org/articles/node_lifecycle.html for more information.
[lifecycle_manager-16] [INFO] [1775513564.789445040] [lifecycle_manager_navigation]: Creating
[lifecycle_manager-16] [INFO] [1775513564.801448398] [lifecycle_manager_navigation]: [34m[1mCreating and initializing lifecycle service clients[0m[0m
[lifecycle_manager-10] [INFO] [1775513564.806996547] [lifecycle_manager_localization]: [34m[1mStarting managed nodes bringup...[0m[0m
[lifecycle_manager-10] [INFO] [1775513564.807072781] [lifecycle_manager_localization]: [34m[1mConfiguring map_server[0m[0m
[lifecycle_manager-16] [INFO] [1775513564.819630818] [lifecycle_manager_navigation]: [34m[1mStarting managed nodes bringup...[0m[0m
[lifecycle_manager-16] [INFO] [1775513564.819976374] [lifecycle_manager_navigation]: [34m[1mConfiguring controller_server[0m[0m
[controller_server-11] [INFO] [1775513564.820331409] [controller_server]: Configuring controller interface
[controller_server-11] [INFO] [1775513564.820985400] [controller_server]: getting goal checker plugins..
[controller_server-11] [INFO] [1775513564.821570224] [controller_server]: Controller frequency set to 20.0000Hz
[controller_server-11] [INFO] [1775513564.821639855] [local_costmap.local_costmap]: Configuring
[controller_server-11] [INFO] [1775513564.830842239] [local_costmap.local_costmap]: Using plugin "obstacle_layer"
[controller_server-11] [INFO] [1775513564.837185687] [local_costmap.local_costmap]: Subscribed to Topics: scan
[controller_server-11] [INFO] [1775513564.847804861] [local_costmap.local_costmap]: Initialized plugin "obstacle_layer"
[controller_server-11] [INFO] [1775513564.847850963] [local_costmap.local_costmap]: Using plugin "voxel_layer"
[controller_server-11] [INFO] [1775513564.849486215] [local_costmap.local_costmap]: Subscribed to Topics: scan
[controller_server-11] [INFO] [1775513564.860981519] [local_costmap.local_costmap]: Initialized plugin "voxel_layer"
[controller_server-11] [INFO] [1775513564.861025092] [local_costmap.local_costmap]: Using plugin "inflation_layer"
[controller_server-11] [INFO] [1775513564.862732119] [local_costmap.local_costmap]: Initialized plugin "inflation_layer"
[controller_server-11] [INFO] [1775513564.874044590] [controller_server]: Created progress_checker : progress_checker of type nav2_controller::SimpleProgressChecker
[controller_server-11] [INFO] [1775513564.878180432] [controller_server]: Created goal checker : general_goal_checker of type nav2_controller::SimpleGoalChecker
[controller_server-11] [INFO] [1775513564.879858997] [controller_server]: Controller Server has general_goal_checker  goal checkers available.
[controller_server-11] [INFO] [1775513564.885356743] [controller_server]: Created controller : FollowPath of type dwb_core::DWBLocalPlanner
[controller_server-11] [INFO] [1775513564.889907279] [controller_server]: Setting transform_tolerance to 0.200000
[controller_server-11] [INFO] [1775513564.901267115] [controller_server]: Using critic "RotateToGoal" (dwb_critics::RotateToGoalCritic)
[controller_server-11] [INFO] [1775513564.902282708] [controller_server]: Critic plugin initialized
[controller_server-11] [INFO] [1775513564.902732303] [controller_server]: Using critic "Oscillation" (dwb_critics::OscillationCritic)
[controller_server-11] [INFO] [1775513564.903515520] [controller_server]: Critic plugin initialized
[controller_server-11] [INFO] [1775513564.903704432] [controller_server]: Using critic "BaseObstacle" (dwb_critics::BaseObstacleCritic)
[controller_server-11] [INFO] [1775513564.903994627] [controller_server]: Critic plugin initialized
[controller_server-11] [INFO] [1775513564.904173416] [controller_server]: Using critic "GoalAlign" (dwb_critics::GoalAlignCritic)
[controller_server-11] [INFO] [1775513564.904666140] [controller_server]: Critic plugin initialized
[controller_server-11] [INFO] [1775513564.904857893] [controller_server]: Using critic "PathAlign" (dwb_critics::PathAlignCritic)
[controller_server-11] [INFO] [1775513564.905572680] [controller_server]: Critic plugin initialized
[controller_server-11] [INFO] [1775513564.905793994] [controller_server]: Using critic "PathDist" (dwb_critics::PathDistCritic)
[controller_server-11] [INFO] [1775513564.906119954] [controller_server]: Critic plugin initialized
[controller_server-11] [INFO] [1775513564.906297045] [controller_server]: Using critic "GoalDist" (dwb_critics::GoalDistCritic)
[controller_server-11] [INFO] [1775513564.906666266] [controller_server]: Critic plugin initialized
[controller_server-11] [INFO] [1775513564.906840687] [controller_server]: Using critic "PreferForward" (dwb_critics::PreferForwardCritic)
[controller_server-11] [INFO] [1775513564.907624517] [controller_server]: Critic plugin initialized
[controller_server-11] [INFO] [1775513564.907660112] [controller_server]: Controller Server has FollowPath  controllers available.
[lifecycle_manager-16] [INFO] [1775513564.915023480] [lifecycle_manager_navigation]: [34m[1mConfiguring planner_server[0m[0m
[planner_server-12] [INFO] [1775513564.927774167] [planner_server]: Configuring
[planner_server-12] [INFO] [1775513564.927832114] [global_costmap.global_costmap]: Configuring
[planner_server-12] [INFO] [1775513564.934275574] [global_costmap.global_costmap]: Using plugin "static_layer"
[planner_server-12] [INFO] [1775513564.938181447] [global_costmap.global_costmap]: Subscribing to the map topic (/map) with transient local durability
[planner_server-12] [INFO] [1775513564.939256917] [global_costmap.global_costmap]: Initialized plugin "static_layer"
[planner_server-12] [INFO] [1775513564.939338225] [global_costmap.global_costmap]: Using plugin "obstacle_layer"
[planner_server-12] [INFO] [1775513564.940570208] [global_costmap.global_costmap]: Subscribed to Topics: scan
[planner_server-12] [INFO] [1775513564.944235268] [global_costmap.global_costmap]: Initialized plugin "obstacle_layer"
[planner_server-12] [INFO] [1775513564.944321727] [global_costmap.global_costmap]: Using plugin "voxel_layer"
[sllidar_node-4] [INFO] [1775513564.944832402] [sllidar_node]: current scan mode: Boost, sample rate: 8 Khz, max_distance: 12.0 m, scan frequency:10.0 Hz, 
[planner_server-12] [INFO] [1775513564.945944826] [global_costmap.global_costmap]: Subscribed to Topics: scan
[planner_server-12] [INFO] [1775513564.952870251] [global_costmap.global_costmap]: Initialized plugin "voxel_layer"
[planner_server-12] [INFO] [1775513564.952916126] [global_costmap.global_costmap]: Using plugin "inflation_layer"
[planner_server-12] [INFO] [1775513564.957524463] [global_costmap.global_costmap]: Initialized plugin "inflation_layer"
[planner_server-12] [INFO] [1775513564.974399137] [planner_server]: Created global planner plugin GridBased of type nav2_navfn_planner/NavfnPlanner
[planner_server-12] [INFO] [1775513564.974449445] [planner_server]: Configuring plugin GridBased of type NavfnPlanner
[planner_server-12] [INFO] [1775513564.978863470] [planner_server]: Planner Server has GridBased  planners available.
[lifecycle_manager-16] [INFO] [1775513564.998682636] [lifecycle_manager_navigation]: [34m[1mConfiguring behavior_server[0m[0m
[behavior_server-13] [INFO] [1775513564.998971119] [behavior_server]: Configuring
[behavior_server-13] [INFO] [1775513565.017508210] [behavior_server]: Creating behavior plugin spin of type nav2_behaviors/Spin
[behavior_server-13] [INFO] [1775513565.018989176] [behavior_server]: Configuring spin
[behavior_server-13] [INFO] [1775513565.030096393] [behavior_server]: Creating behavior plugin backup of type nav2_behaviors/BackUp
[behavior_server-13] [INFO] [1775513565.034194736] [behavior_server]: Configuring backup
[behavior_server-13] [INFO] [1775513565.047637771] [behavior_server]: Creating behavior plugin drive_on_heading of type nav2_behaviors/DriveOnHeading
[behavior_server-13] [INFO] [1775513565.048671731] [behavior_server]: Configuring drive_on_heading
[behavior_server-13] [INFO] [1775513565.065111962] [behavior_server]: Creating behavior plugin assisted_teleop of type nav2_behaviors/AssistedTeleop
[behavior_server-13] [INFO] [1775513565.068386015] [behavior_server]: Configuring assisted_teleop
[behavior_server-13] [INFO] [1775513565.082358203] [behavior_server]: Creating behavior plugin wait of type nav2_behaviors/Wait
[behavior_server-13] [INFO] [1775513565.083511808] [behavior_server]: Configuring wait
[lifecycle_manager-16] [INFO] [1775513565.089403828] [lifecycle_manager_navigation]: [34m[1mConfiguring bt_navigator[0m[0m
[bt_navigator-14] [INFO] [1775513565.089730421] [bt_navigator]: Configuring
[lifecycle_manager-16] [INFO] [1775513565.154955469] [lifecycle_manager_navigation]: [34m[1mConfiguring waypoint_follower[0m[0m
[waypoint_follower-15] [INFO] [1775513565.155210550] [waypoint_follower]: Configuring
[waypoint_follower-15] [INFO] [1775513565.162936074] [waypoint_follower]: Created waypoint_task_executor : wait_at_waypoint of type nav2_waypoint_follower::WaitAtWaypoint
[lifecycle_manager-16] [INFO] [1775513565.164021727] [lifecycle_manager_navigation]: [34m[1mActivating controller_server[0m[0m
[controller_server-11] [INFO] [1775513565.164398279] [controller_server]: Activating
[controller_server-11] [INFO] [1775513565.164452622] [local_costmap.local_costmap]: Activating
[controller_server-11] [INFO] [1775513565.164473131] [local_costmap.local_costmap]: Checking transform
[controller_server-11] [INFO] [1775513565.164533823] [local_costmap.local_costmap]: Timed out waiting for transform from base_link to odom to become available, tf error: Invalid frame ID "odom" passed to canTransform argument target_frame - frame does not exist
[INFO] [1775513565.360174971] [object_grasper]: object_grasper started
[joy_node-6] [INFO] [1775513565.438446779] [joy_node]: Opened joystick: Controller 1.05.  deadzone: 0.050000
[rviz2-17] [INFO] [1775513565.553322386] [rviz2]: Stereo is NOT SUPPORTED
[rviz2-17] [INFO] [1775513565.553418944] [rviz2]: OpenGl version: 4.5 (GLSL 4.5)
[rviz2-17] [INFO] [1775513565.640207779] [rviz2]: Stereo is NOT SUPPORTED
[controller_server-11] [INFO] [1775513565.664591097] [local_costmap.local_costmap]: Timed out waiting for transform from base_link to odom to become available, tf error: Invalid frame ID "odom" passed to canTransform argument target_frame - frame does not exist
[scan_to_scan_filter_chain-5] [WARN] [1775513565.672923641] [laser_filter]: diagnostic_updater: No HW_ID was set. This is probably a bug. Please report it. For devices that do not have a HW_ID, set this value to 'none'. This warning only occurs once all diagnostics are OK. It is okay to wait until the device is open before calling setHardwareID.
publisher: beginning loop
publishing #1: geometry_msgs.msg.PoseWithCovarianceStamped(header=std_msgs.msg.Header(stamp=builtin_interfaces.msg.Time(sec=0, nanosec=0), frame_id='map'), pose=geometry_msgs.msg.PoseWithCovariance(pose=geometry_msgs.msg.Pose(position=geometry_msgs.msg.Point(x=0.0, y=0.0, z=0.0), orientation=geometry_msgs.msg.Quaternion(x=0.0, y=0.0, z=0.0, w=1.0)), covariance=array([0.25, 0.  , 0.  , 0.  , 0.  , 0.  , 0.  , 0.25, 0.  , 0.  , 0.  ,
       0.  , 0.  , 0.  , 0.  , 0.  , 0.  , 0.  , 0.  , 0.  , 0.  , 0.  ,
       0.  , 0.  , 0.  , 0.  , 0.  , 0.  , 0.  , 0.  , 0.  , 0.  , 0.  ,
       0.  , 0.  , 0.07])))

[stretch_driver-3] [0m[INFO] [1775513566.043190944] [stretch_driver]: For use with S T R E T C H (TM) RESEARCH EDITION from Hello Robot Inc.[0m
[stretch_driver-3] [0m[INFO] [1775513566.043442761] [stretch_driver]: stretch_driver started[0m
[controller_server-11] [INFO] [1775513566.164612473] [local_costmap.local_costmap]: Timed out waiting for transform from base_link to odom to become available, tf error: Invalid frame ID "odom" passed to canTransform argument target_frame - frame does not exist
[controller_server-11] [INFO] [1775513566.664587660] [local_costmap.local_costmap]: Timed out waiting for transform from base_link to odom to become available, tf error: Invalid frame ID "odom" passed to canTransform argument target_frame - frame does not exist
[stretch_driver-3] Key mapped to End-Of-Arm Tool: tool_stretch_dex_wrist
[stretch_driver-3] Unable to load URDF: /home/willy/.local/lib/python3.10/site-packages/stretch_urdf/RE2V0/stretch_description_RE2V0_tool_stretch_dex_wrist.urdf. Disabling collision system.
[controller_server-11] [INFO] [1775513567.164591369] [local_costmap.local_costmap]: Timed out waiting for transform from base_link to odom to become available, tf error: Invalid frame ID "odom" passed to canTransform argument target_frame - frame does not exist
[controller_server-11] [INFO] [1775513567.664617120] [local_costmap.local_costmap]: Timed out waiting for transform from base_link to odom to become available, tf error: Invalid frame ID "odom" passed to canTransform argument target_frame - frame does not exist
[rviz2-17] [INFO] [1775513567.779142103] [rviz]: Message Filter dropping message: frame 'laser' at time 1775513564.945 for reason 'discarding message because the queue is full'
[stretch_driver-3] [0m[INFO] [1775513567.805330565] [stretch_driver]: broadcast_odom_tf = True[0m
[stretch_driver-3] [0m[INFO] [1775513567.841044167] [stretch_driver]: rate = 30.0 Hz[0m
[stretch_driver-3] [0m[INFO] [1775513567.841684917] [stretch_driver]: twist timeout = 0.5 s[0m
[stretch_driver-3] [0m[INFO] [1775513567.842485787] [stretch_driver]: base_frame_id = base_link[0m
[stretch_driver-3] [0m[INFO] [1775513567.846189321] [stretch_driver]: odom_frame_id = odom[0m
[stretch_driver-3] [0m[INFO] [1775513567.903879253] [stretch_driver]: Changed to mode = navigation[0m
[INFO] [1775513567.930705261] [object_grasper]: Node object_grasper connected to /home_the_robot service.
[INFO] [1775513567.932750953] [object_grasper]: Node object_grasper connected to /stow_the_robot service.
[INFO] [1775513567.934161960] [object_grasper]: Node object_grasper connected to /stop_the_robot service.
[INFO] [1775513567.935967558] [object_grasper]: Node object_grasper connected to /switch_to_trajectory_mode service.
[INFO] [1775513567.938393671] [object_grasper]: Node object_grasper connected to /switch_to_position_mode service.
[INFO] [1775513567.949796624] [object_grasper]: Node object_grasper connected to /switch_to_navigation_mode service.
[INFO] [1775513567.982469409] [aruco_base_frame_estimator]: Node aruco_base_frame_estimator connected to /home_the_robot service.
[INFO] [1775513567.987796592] [aruco_base_frame_estimator]: Node aruco_base_frame_estimator connected to /stow_the_robot service.
[INFO] [1775513567.990083174] [aruco_base_frame_estimator]: Node aruco_base_frame_estimator connected to /stop_the_robot service.
[INFO] [1775513567.991929090] [aruco_base_frame_estimator]: Node aruco_base_frame_estimator connected to /switch_to_trajectory_mode service.
[INFO] [1775513567.994058417] [aruco_base_frame_estimator]: Node aruco_base_frame_estimator connected to /switch_to_position_mode service.
[INFO] [1775513567.996209352] [aruco_base_frame_estimator]: Node aruco_base_frame_estimator connected to /switch_to_navigation_mode service.
[INFO] [1775513567.996836649] [aruco_base_frame_estimator]: Moving head camera to detection orientation...
[WARN] [1775513567.997331042] [aruco_base_frame_estimator]: Currently in navigation mode. Recommend switching either to position or trajectory mode
[WARN] [1775513567.997843848] [aruco_base_frame_estimator]: Commanding joint trajectory server in position mode
[stretch_driver-3] [0m[INFO] [1775513568.000933925] [stretch_driver]: Received goal request[0m
[stretch_driver-3] [0m[INFO] [1775513568.008703287] [stretch_driver]: stretch_driver joint_traj action: New trajectory received with joint_names = ['joint_head_pan', 'joint_head_tilt'][0m
[stretch_driver-3] -------------------------------------------
[stretch_driver-3] Finished goal
[stretch_driver-3] [0m[INFO] [1775513568.034179139] [stretch_driver]: stretch_driver joint_traj action: Achieved all target points.[0m
[INFO] [1775513568.040193813] [aruco_base_frame_estimator]: Head camera at detection pose — starting ArUco detection.
[INFO] [1775513568.049148117] [aruco_base_frame_estimator]: Waiting for camera TF (base_link -> camera_color_optical_frame)...
/home/willy/.local/lib/python3.10/site-packages/ikpy/urdf/URDF.py:261: UserWarning: Joint joint_mast is of type: fixed, but has an 'axis' attribute defined. This is not in the URDF spec and thus this axis is ignored
  warnings.warn("Joint {} is of type: fixed, but has an 'axis' attribute defined. This is not in the URDF spec and thus this axis is ignored".format(joint.attrib["name"]))
[INFO] [1775513568.090664239] [aruco_base_frame_estimator]: Camera pose acquired:
[INFO] [1775513568.091149929] [aruco_base_frame_estimator]:   Position  : X=+0.0062  Y=-0.0517  Z=+1.2870  (m)
[INFO] [1775513568.091541313] [aruco_base_frame_estimator]:   RPY (deg) : R=-179.03  P=+59.78  Y=+89.23
[INFO] [1775513568.094463565] [aruco_base_frame_estimator]: ============================================================
[INFO] [1775513568.094886529] [aruco_base_frame_estimator]: ArUco Base Frame Estimator Started
[INFO] [1775513568.095265737] [aruco_base_frame_estimator]: Target Marker ID: 202
[INFO] [1775513568.095647483] [aruco_base_frame_estimator]: Marker size: 2.8 cm
[INFO] [1775513568.096013041] [aruco_base_frame_estimator]: Marker offset (cam frame): X=0.0  Y=0.0  Z=0.0
[INFO] [1775513568.096345009] [aruco_base_frame_estimator]: Publishing target on: /aruco/target_base_link
/home/willy/.local/lib/python3.10/site-packages/ikpy/urdf/URDF.py:261: UserWarning: Joint joint_arm_l4 is of type: fixed, but has an 'axis' attribute defined. This is not in the URDF spec and thus this axis is ignored
  warnings.warn("Joint {} is of type: fixed, but has an 'axis' attribute defined. This is not in the URDF spec and thus this axis is ignored".format(joint.attrib["name"]))
[INFO] [1775513568.096662466] [aruco_base_frame_estimator]: ============================================================
/home/willy/.local/lib/python3.10/site-packages/ikpy/urdf/URDF.py:261: UserWarning: Joint joint_wrist_yaw_bottom is of type: fixed, but has an 'axis' attribute defined. This is not in the URDF spec and thus this axis is ignored
  warnings.warn("Joint {} is of type: fixed, but has an 'axis' attribute defined. This is not in the URDF spec and thus this axis is ignored".format(joint.attrib["name"]))
Waiting for AMCL to localize...
[controller_server-11] [INFO] [1775513568.166759524] [local_costmap.local_costmap]: start
/home/willy/.local/lib/python3.10/site-packages/ikpy/urdf/URDF.py:261: UserWarning: Joint joint_gripper_s3_body is of type: fixed, but has an 'axis' attribute defined. This is not in the URDF spec and thus this axis is ignored
  warnings.warn("Joint {} is of type: fixed, but has an 'axis' attribute defined. This is not in the URDF spec and thus this axis is ignored".format(joint.attrib["name"]))
/home/willy/.local/lib/python3.10/site-packages/ikpy/urdf/URDF.py:261: UserWarning: Joint joint_grasp_center is of type: fixed, but has an 'axis' attribute defined. This is not in the URDF spec and thus this axis is ignored
  warnings.warn("Joint {} is of type: fixed, but has an 'axis' attribute defined. This is not in the URDF spec and thus this axis is ignored".format(joint.attrib["name"]))
/home/willy/.local/lib/python3.10/site-packages/ikpy/chain.py:60: UserWarning: Link Base link (index: 0) is of type 'fixed' but set as active in the active_links_mask. In practice, this fixed link doesn't provide any transformation so is as it were inactive
  warnings.warn("Link {} (index: {}) is of type 'fixed' but set as active in the active_links_mask. In practice, this fixed link doesn't provide any transformation so is as it were inactive".format(link.name, link_index))
/home/willy/.local/lib/python3.10/site-packages/ikpy/chain.py:60: UserWarning: Link joint_mast (index: 2) is of type 'fixed' but set as active in the active_links_mask. In practice, this fixed link doesn't provide any transformation so is as it were inactive
  warnings.warn("Link {} (index: {}) is of type 'fixed' but set as active in the active_links_mask. In practice, this fixed link doesn't provide any transformation so is as it were inactive".format(link.name, link_index))
/home/willy/.local/lib/python3.10/site-packages/ikpy/chain.py:60: UserWarning: Link joint_arm_l4 (index: 4) is of type 'fixed' but set as active in the active_links_mask. In practice, this fixed link doesn't provide any transformation so is as it were inactive
  warnings.warn("Link {} (index: {}) is of type 'fixed' but set as active in the active_links_mask. In practice, this fixed link doesn't provide any transformation so is as it were inactive".format(link.name, link_index))
/home/willy/.local/lib/python3.10/site-packages/ikpy/chain.py:60: UserWarning: Link joint_wrist_yaw_bottom (index: 10) is of type 'fixed' but set as active in the active_links_mask. In practice, this fixed link doesn't provide any transformation so is as it were inactive
  warnings.warn("Link {} (index: {}) is of type 'fixed' but set as active in the active_links_mask. In practice, this fixed link doesn't provide any transformation so is as it were inactive".format(link.name, link_index))
/home/willy/.local/lib/python3.10/site-packages/ikpy/chain.py:60: UserWarning: Link joint_gripper_s3_body (index: 13) is of type 'fixed' but set as active in the active_links_mask. In practice, this fixed link doesn't provide any transformation so is as it were inactive
  warnings.warn("Link {} (index: {}) is of type 'fixed' but set as active in the active_links_mask. In practice, this fixed link doesn't provide any transformation so is as it were inactive".format(link.name, link_index))
/home/willy/.local/lib/python3.10/site-packages/ikpy/chain.py:60: UserWarning: Link joint_grasp_center (index: 14) is of type 'fixed' but set as active in the active_links_mask. In practice, this fixed link doesn't provide any transformation so is as it were inactive
  warnings.warn("Link {} (index: {}) is of type 'fixed' but set as active in the active_links_mask. In practice, this fixed link doesn't provide any transformation so is as it were inactive".format(link.name, link_index))
[INFO] [1775513568.192590338] [object_grasper]: ============================================================
[INFO] [1775513568.194708389] [object_grasper]: ObjectGrasper ready — waiting for ArUco detections
[INFO] [1775513568.194915376] [object_grasper]: Listening on: /aruco/target_base_link
[INFO] [1775513568.195104233] [object_grasper]: Call service: ros2 service call /grasp_object std_srvs/srv/Trigger {}
[INFO] [1775513568.195292219] [object_grasper]: ============================================================
[controller_server-11] [INFO] [1775513568.368443292] [controller_server]: Creating bond (controller_server) to lifecycle manager.
[lifecycle_manager-16] [INFO] [1775513568.472240180] [lifecycle_manager_navigation]: Server controller_server connected with bond.
[lifecycle_manager-16] [INFO] [1775513568.472295718] [lifecycle_manager_navigation]: [34m[1mActivating planner_server[0m[0m
[planner_server-12] [INFO] [1775513568.473817307] [planner_server]: Activating
[planner_server-12] [INFO] [1775513568.473872070] [global_costmap.global_costmap]: Activating
[planner_server-12] [INFO] [1775513568.473886332] [global_costmap.global_costmap]: Checking transform
[planner_server-12] [INFO] [1775513568.473912160] [global_costmap.global_costmap]: Timed out waiting for transform from base_link to map to become available, tf error: Invalid frame ID "map" passed to canTransform argument target_frame - frame does not exist
[planner_server-12] [INFO] [1775513568.973962240] [global_costmap.global_costmap]: Timed out waiting for transform from base_link to map to become available, tf error: Invalid frame ID "map" passed to canTransform argument target_frame - frame does not exist
[realsense2_camera_node-1] [33m[WARN] [1775513569.310920689] [camera]: Device 1/2 failed with exception: set_xu(...). xioctl(UVCIOC_CTRL_QUERY) failed Last Error: Connection timed out[0m
[realsense2_camera_node-1] [0m[INFO] [1775513569.368876334] [camera]: Device with serial number 218622278011 was found.
[realsense2_camera_node-1] [0m
[realsense2_camera_node-1] [0m[INFO] [1775513569.368942613] [camera]: Device with physical ID /sys/devices/pci0000:00/0000:00:14.0/usb3/3-2/3-2.3/3-2.3.3/3-2.3.3.1/3-2.3.3.1:1.0/video4linux/video6 was found.[0m
[realsense2_camera_node-1] [0m[INFO] [1775513569.368954884] [camera]: Device with name Intel RealSense D405 was found.[0m
[realsense2_camera_node-1] [0m[INFO] [1775513569.369157990] [camera]: Device with port number 3-2.3.3.1 was found.[0m
[realsense2_camera_node-1] [31m[ERROR] [1775513569.369174392] [camera]: The requested device with device name containing d435 is NOT found. Will Try again.[0m
[planner_server-12] [INFO] [1775513569.473964539] [global_costmap.global_costmap]: Timed out waiting for transform from base_link to map to become available, tf error: Invalid frame ID "map" passed to canTransform argument target_frame - frame does not exist
[planner_server-12] [INFO] [1775513569.973961540] [global_costmap.global_costmap]: Timed out waiting for transform from base_link to map to become available, tf error: Invalid frame ID "map" passed to canTransform argument target_frame - frame does not exist
[rviz2-17] [INFO] [1775513570.290670634] [rviz]: Message Filter dropping message: frame 'laser' at time 1775513568.766 for reason 'discarding message because the queue is full'
[rviz2-17] [INFO] [1775513570.391691096] [rviz]: Message Filter dropping message: frame 'odom' at time 1775513568.338 for reason 'discarding message because the queue is full'
[planner_server-12] [INFO] [1775513570.473996670] [global_costmap.global_costmap]: Timed out waiting for transform from base_link to map to become available, tf error: Invalid frame ID "map" passed to canTransform argument target_frame - frame does not exist
[planner_server-12] [INFO] [1775513570.973994727] [global_costmap.global_costmap]: Timed out waiting for transform from base_link to map to become available, tf error: Invalid frame ID "map" passed to canTransform argument target_frame - frame does not exist
[planner_server-12] [INFO] [1775513571.474031117] [global_costmap.global_costmap]: Timed out waiting for transform from base_link to map to become available, tf error: Invalid frame ID "map" passed to canTransform argument target_frame - frame does not exist
[planner_server-12] [INFO] [1775513571.973965764] [global_costmap.global_costmap]: Timed out waiting for transform from base_link to map to become available, tf error: Invalid frame ID "map" passed to canTransform argument target_frame - frame does not exist
[planner_server-12] [INFO] [1775513572.474005066] [global_costmap.global_costmap]: Timed out waiting for transform from base_link to map to become available, tf error: Invalid frame ID "map" passed to canTransform argument target_frame - frame does not exist
[rviz2-17] [INFO] [1775513572.806988748] [rviz]: Message Filter dropping message: frame 'laser' at time 1775513571.237 for reason 'discarding message because the queue is full'
[planner_server-12] [INFO] [1775513572.973989554] [global_costmap.global_costmap]: Timed out waiting for transform from base_link to map to become available, tf error: Invalid frame ID "map" passed to canTransform argument target_frame - frame does not exist
[rviz2-17] [INFO] [1775513573.009661028] [rviz]: Message Filter dropping message: frame 'odom' at time 1775513570.938 for reason 'discarding message because the queue is full'
[planner_server-12] [INFO] [1775513573.474007749] [global_costmap.global_costmap]: Timed out waiting for transform from base_link to map to become available, tf error: Invalid frame ID "map" passed to canTransform argument target_frame - frame does not exist
[planner_server-12] [INFO] [1775513573.973967514] [global_costmap.global_costmap]: Timed out waiting for transform from base_link to map to become available, tf error: Invalid frame ID "map" passed to canTransform argument target_frame - frame does not exist
[rviz2-17] [INFO] [1775513574.396641105] [rviz]: Message Filter dropping message: frame 'odom' at time 1775513568.368 for reason 'discarding message because the queue is full'
[planner_server-12] [INFO] [1775513574.473960586] [global_costmap.global_costmap]: Timed out waiting for transform from base_link to map to become available, tf error: Invalid frame ID "map" passed to canTransform argument target_frame - frame does not exist
[planner_server-12] [INFO] [1775513574.973990522] [global_costmap.global_costmap]: Timed out waiting for transform from base_link to map to become available, tf error: Invalid frame ID "map" passed to canTransform argument target_frame - frame does not exist
[rviz2-17] [INFO] [1775513575.360706698] [rviz]: Message Filter dropping message: frame 'laser' at time 1775513573.815 for reason 'discarding message because the queue is full'
[planner_server-12] [INFO] [1775513575.473968636] [global_costmap.global_costmap]: Timed out waiting for transform from base_link to map to become available, tf error: Invalid frame ID "map" passed to canTransform argument target_frame - frame does not exist
[rviz2-17] [INFO] [1775513575.617722029] [rviz]: Message Filter dropping message: frame 'odom' at time 1775513573.538 for reason 'discarding message because the queue is full'
[planner_server-12] [INFO] [1775513575.973962103] [global_costmap.global_costmap]: Timed out waiting for transform from base_link to map to become available, tf error: Invalid frame ID "map" passed to canTransform argument target_frame - frame does not exist
[planner_server-12] [INFO] [1775513576.473973090] [global_costmap.global_costmap]: Timed out waiting for transform from base_link to map to become available, tf error: Invalid frame ID "map" passed to canTransform argument target_frame - frame does not exist
[planner_server-12] [INFO] [1775513576.973961543] [global_costmap.global_costmap]: Timed out waiting for transform from base_link to map to become available, tf error: Invalid frame ID "map" passed to canTransform argument target_frame - frame does not exist
[planner_server-12] [INFO] [1775513577.473982130] [global_costmap.global_costmap]: Timed out waiting for transform from base_link to map to become available, tf error: Invalid frame ID "map" passed to canTransform argument target_frame - frame does not exist
[rviz2-17] [INFO] [1775513577.495147139] [rviz]: Message Filter dropping message: frame 'odom' at time 1775513571.368 for reason 'discarding message because the queue is full'
[rviz2-17] [INFO] [1775513577.966475660] [rviz]: Message Filter dropping message: frame 'laser' at time 1775513576.394 for reason 'discarding message because the queue is full'
[planner_server-12] [INFO] [1775513577.973956655] [global_costmap.global_costmap]: Timed out waiting for transform from base_link to map to become available, tf error: Invalid frame ID "map" passed to canTransform argument target_frame - frame does not exist
[rviz2-17] [INFO] [1775513578.167863656] [rviz]: Message Filter dropping message: frame 'odom' at time 1775513576.139 for reason 'discarding message because the queue is full'
[planner_server-12] [INFO] [1775513578.473979200] [global_costmap.global_costmap]: Timed out waiting for transform from base_link to map to become available, tf error: Invalid frame ID "map" passed to canTransform argument target_frame - frame does not exist
[planner_server-12] [INFO] [1775513578.973979460] [global_costmap.global_costmap]: Timed out waiting for transform from base_link to map to become available, tf error: Invalid frame ID "map" passed to canTransform argument target_frame - frame does not exist
[planner_server-12] [INFO] [1775513579.474006587] [global_costmap.global_costmap]: Timed out waiting for transform from base_link to map to become available, tf error: Invalid frame ID "map" passed to canTransform argument target_frame - frame does not exist
[planner_server-12] [INFO] [1775513579.973969860] [global_costmap.global_costmap]: Timed out waiting for transform from base_link to map to become available, tf error: Invalid frame ID "map" passed to canTransform argument target_frame - frame does not exist
[rviz2-17] [INFO] [1775513580.376846241] [rviz]: Message Filter dropping message: frame 'odom' at time 1775513574.367 for reason 'discarding message because the queue is full'
[planner_server-12] [INFO] [1775513580.473965842] [global_costmap.global_costmap]: Timed out waiting for transform from base_link to map to become available, tf error: Invalid frame ID "map" passed to canTransform argument target_frame - frame does not exist
[rviz2-17] [INFO] [1775513580.501606204] [rviz]: Message Filter dropping message: frame 'laser' at time 1775513578.973 for reason 'discarding message because the queue is full'
[realsense2_camera_node-1] [33m[WARN] [1775513580.574892888] [camera]: Device 1/2 failed with exception: set_xu(...). xioctl(UVCIOC_CTRL_QUERY) failed Last Error: Connection timed out[0m
[realsense2_camera_node-1] [0m[INFO] [1775513580.632504427] [camera]: Device with serial number 218622278011 was found.
[realsense2_camera_node-1] [0m
[realsense2_camera_node-1] [0m[INFO] [1775513580.632553201] [camera]: Device with physical ID /sys/devices/pci0000:00/0000:00:14.0/usb3/3-2/3-2.3/3-2.3.3/3-2.3.3.1/3-2.3.3.1:1.0/video4linux/video6 was found.[0m
[realsense2_camera_node-1] [0m[INFO] [1775513580.632561687] [camera]: Device with name Intel RealSense D405 was found.[0m
[realsense2_camera_node-1] [0m[INFO] [1775513580.632719370] [camera]: Device with port number 3-2.3.3.1 was found.[0m
[realsense2_camera_node-1] [31m[ERROR] [1775513580.632739535] [camera]: The requested device with device name containing d435 is NOT found. Will Try again.[0m
[rviz2-17] [INFO] [1775513580.812067118] [rviz]: Message Filter dropping message: frame 'odom' at time 1775513578.739 for reason 'discarding message because the queue is full'
[planner_server-12] [INFO] [1775513580.974034382] [global_costmap.global_costmap]: Timed out waiting for transform from base_link to map to become available, tf error: Invalid frame ID "map" passed to canTransform argument target_frame - frame does not exist
[realsense2_camera_node-1] [0m[INFO] [1775513581.218478841] [rclcpp]: signal_handler(SIGINT/SIGTERM)[0m
[d435i_accel_correction-2] Traceback (most recent call last):
[d435i_accel_correction-2]   File "/home/willy/ament_ws/install/stretch_core/lib/stretch_core/d435i_accel_correction", line 33, in <module>
[d435i_accel_correction-2]     sys.exit(load_entry_point('stretch-core==0.2.0', 'console_scripts', 'd435i_accel_correction')())
[d435i_accel_correction-2]   File "/home/willy/ament_ws/install/stretch_core/lib/python3.10/site-packages/stretch_core/d435i_accel_correction.py", line 47, in main
[d435i_accel_correction-2]     rclpy.spin(node)
[d435i_accel_correction-2]   File "/opt/ros/humble/local/lib/python3.10/dist-packages/rclpy/__init__.py", line 229, in spin
[d435i_accel_correction-2]     executor.spin_once()
[d435i_accel_correction-2]   File "/opt/ros/humble/local/lib/python3.10/dist-packages/rclpy/executors.py", line 808, in spin_once
[d435i_accel_correction-2]     self._spin_once_impl(timeout_sec)
[d435i_accel_correction-2]   File "/opt/ros/humble/local/lib/python3.10/dist-packages/rclpy/executors.py", line 797, in _spin_once_impl
[d435i_accel_correction-2]     handler, entity, node = self.wait_for_ready_callbacks(timeout_sec=timeout_sec)
[d435i_accel_correction-2]   File "/opt/ros/humble/local/lib/python3.10/dist-packages/rclpy/executors.py", line 780, in wait_for_ready_callbacks
[d435i_accel_correction-2]     return next(self._cb_iter)
[d435i_accel_correction-2]   File "/opt/ros/humble/local/lib/python3.10/dist-packages/rclpy/executors.py", line 681, in _wait_for_ready_callbacks
[d435i_accel_correction-2]     raise ExternalShutdownException()
[d435i_accel_correction-2] rclpy.executors.ExternalShutdownException
Traceback (most recent call last):
  File "/home/willy/tf.py", line 299, in main
    rclpy.spin(node)
  File "/opt/ros/humble/local/lib/python3.10/dist-packages/rclpy/__init__.py", line 229, in spin
    executor.spin_once()
  File "/opt/ros/humble/local/lib/python3.10/dist-packages/rclpy/executors.py", line 808, in spin_once
    self._spin_once_impl(timeout_sec)
  File "/opt/ros/humble/local/lib/python3.10/dist-packages/rclpy/executors.py", line 797, in _spin_once_impl
    handler, entity, node = self.wait_for_ready_callbacks(timeout_sec=timeout_sec)
  File "/opt/ros/humble/local/lib/python3.10/dist-packages/rclpy/executors.py", line 780, in wait_for_ready_callbacks
    return next(self._cb_iter)
  File "/opt/ros/humble/local/lib/python3.10/dist-packages/rclpy/executors.py", line 681, in _wait_for_ready_callbacks
    raise ExternalShutdownException()
rclpy.executors.ExternalShutdownException

During handling of the above exception, another exception occurred:

Traceback (most recent call last):
  File "/home/willy/tf.py", line 307, in <module>
    main()
  File "/home/willy/tf.py", line 304, in main
    rclpy.shutdown()
  File "/opt/ros/humble/local/lib/python3.10/dist-packages/rclpy/__init__.py", line 130, in shutdown
    _shutdown(context=context)
  File "/opt/ros/humble/local/lib/python3.10/dist-packages/rclpy/utilities.py", line 58, in shutdown
    return context.shutdown()
  File "/opt/ros/humble/local/lib/python3.10/dist-packages/rclpy/context.py", line 102, in shutdown
    self.__context.shutdown()
rclpy._rclpy_pybind11.RCLError: failed to shutdown: rcl_shutdown already called on the given context, at ./src/rcl/init.c:241
[realsense2_camera_node-1] [0m[INFO] [1775513581.477474234] [rclcpp]: signal_handler(SIGINT/SIGTERM)[0m
[realsense2_camera_node-1] [0m[INFO] [1775513581.546544983] [rclcpp]: signal_handler(SIGINT/SIGTERM)[0m
[realsense2_camera_node-1] [0m[INFO] [1775513581.783880960] [rclcpp]: signal_handler(SIGINT/SIGTERM)[0m
[realsense2_camera_node-1] [0m[INFO] [1775513581.882081374] [rclcpp]: signal_handler(SIGINT/SIGTERM)[0m
[ERROR] [d435i_accel_correction-2]: process has died [pid 27510, exit code 1, cmd '/home/willy/ament_ws/install/stretch_core/lib/stretch_core/d435i_accel_correction --ros-args'].
