=== dock_grab.sh started at Fri Apr  3 04:54:01 PM EDT 2026 ===
Freeing robot process...
Done!
=== Launching all nodes ===
Waiting for Nav2 action server...
[INFO] [launch]: All log files can be found below /home/willy/.ros/log/2026-04-03-16-54-02-357189-stretch-re2-2204-8349
[INFO] [launch]: Default logging verbosity is set to INFO
[INFO] [stretch_driver-3]: process started with pid [8433]
[INFO] [joint_state_publisher-1]: process started with pid [8428]
[INFO] [robot_state_publisher-2]: process started with pid [8430]
[INFO] [sllidar_node-4]: process started with pid [8435]
[INFO] [scan_to_scan_filter_chain-5]: process started with pid [8437]
[INFO] [joy_node-6]: process started with pid [8441]
[INFO] [teleop_node-7]: process started with pid [8443]
[INFO] [map_server-8]: process started with pid [8445]
[INFO] [amcl-9]: process started with pid [8447]
[INFO] [lifecycle_manager-10]: process started with pid [8449]
[INFO] [controller_server-11]: process started with pid [8451]
[INFO] [planner_server-12]: process started with pid [8453]
[INFO] [behavior_server-13]: process started with pid [8455]
[INFO] [bt_navigator-14]: process started with pid [8457]
[INFO] [waypoint_follower-15]: process started with pid [8459]
[INFO] [lifecycle_manager-16]: process started with pid [8562]
[INFO] [rviz2-17]: process started with pid [8564]
[sllidar_node-4] [INFO] [1775249643.042167959] [sllidar_node]: SLLidar running on ROS2 package SLLidar.ROS2 SDK Version:1.0.1, SLLIDAR SDK Version:2.1.0
[sllidar_node-4] [INFO] [1775249643.054914406] [sllidar_node]: SLLidar S/N: C394ED93C0EA98C9A5E698F2564A4669
[sllidar_node-4] [INFO] [1775249643.054975376] [sllidar_node]: Firmware Ver: 1.29
[sllidar_node-4] [INFO] [1775249643.054981789] [sllidar_node]: Hardware Rev: 7
[sllidar_node-4] [INFO] [1775249643.056508617] [sllidar_node]: SLLidar health status : 0
[sllidar_node-4] [INFO] [1775249643.056573646] [sllidar_node]: SLLidar health status : OK.
[scan_to_scan_filter_chain-5] [INFO] [1775249643.043087718] [laser_filter]: In shadow configure done
[scan_to_scan_filter_chain-5] [WARN] [1775249643.043584312] [rcl.logging_rosout]: Publisher already registered for provided node name. If this is due to multiple nodes with the same name then all logs for that logger name will go out over the existing publisher. As soon as any node with that name is destructed it will unregister the publisher, preventing any further logs for that name from being published on the rosout topic.
[teleop_node-7] [INFO] [1775249643.042230116] [TeleopTwistJoy]: Teleop enable button 4.
[teleop_node-7] [INFO] [1775249643.042294232] [TeleopTwistJoy]: Linear axis x on 4 at scale 0.500000.
[teleop_node-7] [INFO] [1775249643.042308728] [TeleopTwistJoy]: Angular axis yaw on 3 at scale 0.500000.
[amcl-9] [INFO] [1775249643.050788407] [amcl]: 
[amcl-9] 	amcl lifecycle node launched. 
[amcl-9] 	Waiting on external lifecycle transitions to activate
[amcl-9] 	See https://design.ros2.org/articles/node_lifecycle.html for more information.
[amcl-9] [INFO] [1775249643.052856257] [amcl]: Creating
[lifecycle_manager-10] [INFO] [1775249643.052253305] [lifecycle_manager_localization]: Creating
[lifecycle_manager-10] [INFO] [1775249643.060876306] [lifecycle_manager_localization]: [34m[1mCreating and initializing lifecycle service clients[0m[0m
[planner_server-12] [INFO] [1775249643.046485282] [planner_server]: 
[planner_server-12] 	planner_server lifecycle node launched. 
[planner_server-12] 	Waiting on external lifecycle transitions to activate
[planner_server-12] 	See https://design.ros2.org/articles/node_lifecycle.html for more information.
[planner_server-12] [INFO] [1775249643.055425118] [planner_server]: Creating
[waypoint_follower-15] [INFO] [1775249643.040768338] [waypoint_follower]: 
[waypoint_follower-15] 	waypoint_follower lifecycle node launched. 
[waypoint_follower-15] 	Waiting on external lifecycle transitions to activate
[waypoint_follower-15] 	See https://design.ros2.org/articles/node_lifecycle.html for more information.
[waypoint_follower-15] [INFO] [1775249643.043806017] [waypoint_follower]: Creating
[behavior_server-13] [INFO] [1775249643.060029683] [behavior_server]: 
[behavior_server-13] 	behavior_server lifecycle node launched. 
[behavior_server-13] 	Waiting on external lifecycle transitions to activate
[behavior_server-13] 	See https://design.ros2.org/articles/node_lifecycle.html for more information.
[controller_server-11] [INFO] [1775249643.070331874] [controller_server]: 
[controller_server-11] 	controller_server lifecycle node launched. 
[controller_server-11] 	Waiting on external lifecycle transitions to activate
[controller_server-11] 	See https://design.ros2.org/articles/node_lifecycle.html for more information.
[lifecycle_manager-16] [INFO] [1775249643.071775459] [lifecycle_manager_navigation]: Creating
[lifecycle_manager-16] [INFO] [1775249643.074028741] [lifecycle_manager_navigation]: [34m[1mCreating and initializing lifecycle service clients[0m[0m
[planner_server-12] [INFO] [1775249643.072754465] [global_costmap.global_costmap]: 
[planner_server-12] 	global_costmap lifecycle node launched. 
[planner_server-12] 	Waiting on external lifecycle transitions to activate
[planner_server-12] 	See https://design.ros2.org/articles/node_lifecycle.html for more information.
[planner_server-12] [INFO] [1775249643.077227536] [global_costmap.global_costmap]: Creating Costmap
[controller_server-11] [INFO] [1775249643.091763961] [controller_server]: Creating controller server
[lifecycle_manager-10] [INFO] [1775249643.097720517] [lifecycle_manager_localization]: [34m[1mStarting managed nodes bringup...[0m[0m
[lifecycle_manager-10] [INFO] [1775249643.097811666] [lifecycle_manager_localization]: [34m[1mConfiguring map_server[0m[0m
[map_server-8] [INFO] [1775249643.097999325] [map_server]: 
[map_server-8] 	map_server lifecycle node launched. 
[map_server-8] 	Waiting on external lifecycle transitions to activate
[map_server-8] 	See https://design.ros2.org/articles/node_lifecycle.html for more information.
[map_server-8] [INFO] [1775249643.098203224] [map_server]: Creating
[bt_navigator-14] [INFO] [1775249643.102954517] [bt_navigator]: 
[bt_navigator-14] 	bt_navigator lifecycle node launched. 
[bt_navigator-14] 	Waiting on external lifecycle transitions to activate
[bt_navigator-14] 	See https://design.ros2.org/articles/node_lifecycle.html for more information.
[bt_navigator-14] [INFO] [1775249643.103130172] [bt_navigator]: Creating
[map_server-8] [INFO] [1775249643.113328969] [map_server]: Configuring
[map_server-8] [INFO] [1775249643.113429995] [map_io]: Loading yaml file: /home/willy/stretch_user/maps/testing_map.yaml
[map_server-8] [INFO] [1775249643.114007857] [map_io]: resolution: 0.05
[map_server-8] [INFO] [1775249643.114031468] [map_io]: origin[0]: -11.5
[map_server-8] [INFO] [1775249643.114040210] [map_io]: origin[1]: -1.71
[map_server-8] [INFO] [1775249643.114047319] [map_io]: origin[2]: 0
[map_server-8] [INFO] [1775249643.114054478] [map_io]: free_thresh: 0.25
[map_server-8] [INFO] [1775249643.114061785] [map_io]: occupied_thresh: 0.65
[map_server-8] [INFO] [1775249643.114070310] [map_io]: mode: trinary
[map_server-8] [INFO] [1775249643.114079175] [map_io]: negate: 0
[controller_server-11] [INFO] [1775249643.115557817] [local_costmap.local_costmap]: 
[controller_server-11] 	local_costmap lifecycle node launched. 
[controller_server-11] 	Waiting on external lifecycle transitions to activate
[controller_server-11] 	See https://design.ros2.org/articles/node_lifecycle.html for more information.
[controller_server-11] [INFO] [1775249643.116896525] [local_costmap.local_costmap]: Creating Costmap
[map_server-8] [INFO] [1775249643.117523849] [map_io]: Loading image_file: /home/willy/stretch_user/maps/testing_map.pgm
[map_server-8] [INFO] [1775249643.129835401] [map_io]: Read map /home/willy/stretch_user/maps/testing_map.pgm: 416 X 249 map @ 0.05 m/cell
[lifecycle_manager-10] [INFO] [1775249643.134033579] [lifecycle_manager_localization]: [34m[1mConfiguring amcl[0m[0m
[amcl-9] [INFO] [1775249643.134226186] [amcl]: Configuring
[amcl-9] [INFO] [1775249643.134304515] [amcl]: initTransforms
[amcl-9] [INFO] [1775249643.140524261] [amcl]: initPubSub
[amcl-9] [INFO] [1775249643.143428487] [amcl]: Subscribed to map topic.
[lifecycle_manager-10] [INFO] [1775249643.146247870] [lifecycle_manager_localization]: [34m[1mActivating map_server[0m[0m
[map_server-8] [INFO] [1775249643.146407114] [map_server]: Activating
[map_server-8] [INFO] [1775249643.146698669] [map_server]: Creating bond (map_server) to lifecycle manager.
[amcl-9] [INFO] [1775249643.146930777] [amcl]: Received a 416 X 249 map @ 0.050 m/pix
Nav2 is up!
Setting initial pose...
[lifecycle_manager-16] [INFO] [1775249643.197815032] [lifecycle_manager_navigation]: [34m[1mStarting managed nodes bringup...[0m[0m
[lifecycle_manager-16] [INFO] [1775249643.197879439] [lifecycle_manager_navigation]: [34m[1mConfiguring controller_server[0m[0m
[controller_server-11] [INFO] [1775249643.198273645] [controller_server]: Configuring controller interface
[controller_server-11] [INFO] [1775249643.198496021] [controller_server]: getting goal checker plugins..
[controller_server-11] [INFO] [1775249643.198614773] [controller_server]: Controller frequency set to 20.0000Hz
[controller_server-11] [INFO] [1775249643.198648651] [local_costmap.local_costmap]: Configuring
[controller_server-11] [INFO] [1775249643.208953506] [local_costmap.local_costmap]: Using plugin "obstacle_layer"
[controller_server-11] [INFO] [1775249643.222536969] [local_costmap.local_costmap]: Subscribed to Topics: scan
[controller_server-11] [INFO] [1775249643.232387859] [local_costmap.local_costmap]: Initialized plugin "obstacle_layer"
[controller_server-11] [INFO] [1775249643.232437963] [local_costmap.local_costmap]: Using plugin "voxel_layer"
[controller_server-11] [INFO] [1775249643.235197151] [local_costmap.local_costmap]: Subscribed to Topics: scan
[controller_server-11] [INFO] [1775249643.246729277] [local_costmap.local_costmap]: Initialized plugin "voxel_layer"
[controller_server-11] [INFO] [1775249643.246772642] [local_costmap.local_costmap]: Using plugin "inflation_layer"
[sllidar_node-4] [INFO] [1775249643.248936980] [sllidar_node]: current scan mode: Boost, sample rate: 8 Khz, max_distance: 12.0 m, scan frequency:10.0 Hz, 
[controller_server-11] [INFO] [1775249643.249915439] [local_costmap.local_costmap]: Initialized plugin "inflation_layer"
[lifecycle_manager-10] [INFO] [1775249643.250357244] [lifecycle_manager_localization]: Server map_server connected with bond.
[lifecycle_manager-10] [INFO] [1775249643.250399286] [lifecycle_manager_localization]: [34m[1mActivating amcl[0m[0m
[amcl-9] [INFO] [1775249643.250593588] [amcl]: Activating
[amcl-9] [INFO] [1775249643.250628889] [amcl]: Creating bond (amcl) to lifecycle manager.
[controller_server-11] [INFO] [1775249643.264568752] [controller_server]: Created progress_checker : progress_checker of type nav2_controller::SimpleProgressChecker
[controller_server-11] [INFO] [1775249643.266638675] [controller_server]: Created goal checker : general_goal_checker of type nav2_controller::SimpleGoalChecker
[controller_server-11] [INFO] [1775249643.267735598] [controller_server]: Controller Server has general_goal_checker  goal checkers available.
[controller_server-11] [INFO] [1775249643.275321040] [controller_server]: Created controller : FollowPath of type dwb_core::DWBLocalPlanner
[controller_server-11] [INFO] [1775249643.277212465] [controller_server]: Setting transform_tolerance to 0.200000
[controller_server-11] [INFO] [1775249643.288629130] [controller_server]: Using critic "RotateToGoal" (dwb_critics::RotateToGoalCritic)
[controller_server-11] [INFO] [1775249643.290752343] [controller_server]: Critic plugin initialized
[controller_server-11] [INFO] [1775249643.291135782] [controller_server]: Using critic "Oscillation" (dwb_critics::OscillationCritic)
[controller_server-11] [INFO] [1775249643.292873006] [controller_server]: Critic plugin initialized
[controller_server-11] [INFO] [1775249643.293352132] [controller_server]: Using critic "BaseObstacle" (dwb_critics::BaseObstacleCritic)
[controller_server-11] [INFO] [1775249643.294200249] [controller_server]: Critic plugin initialized
[controller_server-11] [INFO] [1775249643.294660344] [controller_server]: Using critic "GoalAlign" (dwb_critics::GoalAlignCritic)
[controller_server-11] [INFO] [1775249643.295908330] [controller_server]: Critic plugin initialized
[controller_server-11] [INFO] [1775249643.296384753] [controller_server]: Using critic "PathAlign" (dwb_critics::PathAlignCritic)
[controller_server-11] [INFO] [1775249643.297540370] [controller_server]: Critic plugin initialized
[controller_server-11] [INFO] [1775249643.297880435] [controller_server]: Using critic "PathDist" (dwb_critics::PathDistCritic)
[controller_server-11] [INFO] [1775249643.298667601] [controller_server]: Critic plugin initialized
[controller_server-11] [INFO] [1775249643.299200834] [controller_server]: Using critic "GoalDist" (dwb_critics::GoalDistCritic)
[controller_server-11] [INFO] [1775249643.300146708] [controller_server]: Critic plugin initialized
[controller_server-11] [INFO] [1775249643.300587427] [controller_server]: Using critic "PreferForward" (dwb_critics::PreferForwardCritic)
[controller_server-11] [INFO] [1775249643.302530833] [controller_server]: Critic plugin initialized
[controller_server-11] [INFO] [1775249643.302593498] [controller_server]: Controller Server has FollowPath  controllers available.
[lifecycle_manager-16] [INFO] [1775249643.311191591] [lifecycle_manager_navigation]: [34m[1mConfiguring planner_server[0m[0m
[planner_server-12] [INFO] [1775249643.311450135] [planner_server]: Configuring
[planner_server-12] [INFO] [1775249643.311507993] [global_costmap.global_costmap]: Configuring
[planner_server-12] [INFO] [1775249643.322890551] [global_costmap.global_costmap]: Using plugin "static_layer"
[planner_server-12] [INFO] [1775249643.330600169] [global_costmap.global_costmap]: Subscribing to the map topic (/map) with transient local durability
[planner_server-12] [INFO] [1775249643.332672251] [global_costmap.global_costmap]: Initialized plugin "static_layer"
[planner_server-12] [INFO] [1775249643.332717352] [global_costmap.global_costmap]: Using plugin "obstacle_layer"
[planner_server-12] [INFO] [1775249643.338213000] [global_costmap.global_costmap]: Subscribed to Topics: scan
[planner_server-12] [INFO] [1775249643.350772833] [global_costmap.global_costmap]: Initialized plugin "obstacle_layer"
[planner_server-12] [INFO] [1775249643.350819279] [global_costmap.global_costmap]: Using plugin "voxel_layer"
[lifecycle_manager-10] [INFO] [1775249643.355687992] [lifecycle_manager_localization]: Server amcl connected with bond.
[lifecycle_manager-10] [INFO] [1775249643.355736883] [lifecycle_manager_localization]: [34m[1mManaged nodes are active[0m[0m
[lifecycle_manager-10] [INFO] [1775249643.355757447] [lifecycle_manager_localization]: [34m[1mCreating bond timer...[0m[0m
[planner_server-12] [INFO] [1775249643.356536449] [global_costmap.global_costmap]: Subscribed to Topics: scan
[planner_server-12] [INFO] [1775249643.374443899] [global_costmap.global_costmap]: Initialized plugin "voxel_layer"
[planner_server-12] [INFO] [1775249643.374490518] [global_costmap.global_costmap]: Using plugin "inflation_layer"
[planner_server-12] [INFO] [1775249643.375195654] [global_costmap.global_costmap]: Initialized plugin "inflation_layer"
[planner_server-12] [INFO] [1775249643.394964889] [global_costmap.global_costmap]: StaticLayer: Resizing costmap to 416 X 249 at 0.050000 m/pix
[planner_server-12] [INFO] [1775249643.399003799] [planner_server]: Created global planner plugin GridBased of type nav2_navfn_planner/NavfnPlanner
[planner_server-12] [INFO] [1775249643.399065671] [planner_server]: Configuring plugin GridBased of type NavfnPlanner
[planner_server-12] [INFO] [1775249643.399620947] [planner_server]: Planner Server has GridBased  planners available.
[lifecycle_manager-16] [INFO] [1775249643.414701866] [lifecycle_manager_navigation]: [34m[1mConfiguring behavior_server[0m[0m
[behavior_server-13] [INFO] [1775249643.414968870] [behavior_server]: Configuring
[behavior_server-13] [INFO] [1775249643.420281435] [behavior_server]: Creating behavior plugin spin of type nav2_behaviors/Spin
[behavior_server-13] [INFO] [1775249643.422115702] [behavior_server]: Configuring spin
[behavior_server-13] [INFO] [1775249643.425070125] [behavior_server]: Creating behavior plugin backup of type nav2_behaviors/BackUp
[behavior_server-13] [INFO] [1775249643.426775351] [behavior_server]: Configuring backup
[behavior_server-13] [INFO] [1775249643.429288272] [behavior_server]: Creating behavior plugin drive_on_heading of type nav2_behaviors/DriveOnHeading
[behavior_server-13] [INFO] [1775249643.430933207] [behavior_server]: Configuring drive_on_heading
[behavior_server-13] [INFO] [1775249643.433473860] [behavior_server]: Creating behavior plugin assisted_teleop of type nav2_behaviors/AssistedTeleop
[behavior_server-13] [INFO] [1775249643.437137738] [behavior_server]: Configuring assisted_teleop
[behavior_server-13] [INFO] [1775249643.440745608] [behavior_server]: Creating behavior plugin wait of type nav2_behaviors/Wait
[behavior_server-13] [INFO] [1775249643.442351706] [behavior_server]: Configuring wait
[lifecycle_manager-16] [INFO] [1775249643.445142630] [lifecycle_manager_navigation]: [34m[1mConfiguring bt_navigator[0m[0m
[bt_navigator-14] [INFO] [1775249643.445479590] [bt_navigator]: Configuring
[lifecycle_manager-16] [INFO] [1775249643.519206718] [lifecycle_manager_navigation]: [34m[1mConfiguring waypoint_follower[0m[0m
[waypoint_follower-15] [INFO] [1775249643.519435811] [waypoint_follower]: Configuring
[waypoint_follower-15] [INFO] [1775249643.524904497] [waypoint_follower]: Created waypoint_task_executor : wait_at_waypoint of type nav2_waypoint_follower::WaitAtWaypoint
[lifecycle_manager-16] [INFO] [1775249643.525649693] [lifecycle_manager_navigation]: [34m[1mActivating controller_server[0m[0m
[controller_server-11] [INFO] [1775249643.525861362] [controller_server]: Activating
[controller_server-11] [INFO] [1775249643.525906699] [local_costmap.local_costmap]: Activating
[controller_server-11] [INFO] [1775249643.525917610] [local_costmap.local_costmap]: Checking transform
[controller_server-11] [INFO] [1775249643.525970558] [local_costmap.local_costmap]: Timed out waiting for transform from base_link to odom to become available, tf error: Invalid frame ID "odom" passed to canTransform argument target_frame - frame does not exist
[joy_node-6] [INFO] [1775249643.532164290] [joy_node]: Opened joystick: Controller 1.05.  deadzone: 0.050000
[controller_server-11] [INFO] [1775249644.026033401] [local_costmap.local_costmap]: Timed out waiting for transform from base_link to odom to become available, tf error: Invalid frame ID "odom" passed to canTransform argument target_frame - frame does not exist
[scan_to_scan_filter_chain-5] [WARN] [1775249644.038207755] [laser_filter]: diagnostic_updater: No HW_ID was set. This is probably a bug. Please report it. For devices that do not have a HW_ID, set this value to 'none'. This warning only occurs once all diagnostics are OK. It is okay to wait until the device is open before calling setHardwareID.
[stretch_driver-3] [0m[INFO] [1775249644.268059112] [stretch_driver]: For use with S T R E T C H (TM) RESEARCH EDITION from Hello Robot Inc.[0m
[stretch_driver-3] [0m[INFO] [1775249644.268315942] [stretch_driver]: stretch_driver started[0m
[controller_server-11] [INFO] [1775249644.526105726] [local_costmap.local_costmap]: Timed out waiting for transform from base_link to odom to become available, tf error: Invalid frame ID "odom" passed to canTransform argument target_frame - frame does not exist
publisher: beginning loop
publishing #1: geometry_msgs.msg.PoseWithCovarianceStamped(header=std_msgs.msg.Header(stamp=builtin_interfaces.msg.Time(sec=0, nanosec=0), frame_id='map'), pose=geometry_msgs.msg.PoseWithCovariance(pose=geometry_msgs.msg.Pose(position=geometry_msgs.msg.Point(x=0.0, y=0.0, z=0.0), orientation=geometry_msgs.msg.Quaternion(x=0.0, y=0.0, z=0.0, w=1.0)), covariance=array([0.25, 0.  , 0.  , 0.  , 0.  , 0.  , 0.  , 0.25, 0.  , 0.  , 0.  ,
       0.  , 0.  , 0.  , 0.  , 0.  , 0.  , 0.  , 0.  , 0.  , 0.  , 0.  ,
       0.  , 0.  , 0.  , 0.  , 0.  , 0.  , 0.  , 0.  , 0.  , 0.  , 0.  ,
       0.  , 0.  , 0.07])))

[amcl-9] [INFO] [1775249644.582200477] [amcl]: initialPoseReceived
[amcl-9] [INFO] [1775249644.582510198] [amcl]: Setting pose (1775249644.582510): 0.000 0.000 0.000
Waiting for AMCL to localize...
[stretch_driver-3] Key mapped to End-Of-Arm Tool: tool_stretch_dex_wrist
[stretch_driver-3] Unable to load URDF: /home/willy/.local/lib/python3.10/site-packages/stretch_urdf/RE2V0/stretch_description_RE2V0_tool_stretch_dex_wrist.urdf. Disabling collision system.
[controller_server-11] [INFO] [1775249645.026024534] [local_costmap.local_costmap]: Timed out waiting for transform from base_link to odom to become available, tf error: Invalid frame ID "odom" passed to canTransform argument target_frame - frame does not exist
[controller_server-11] [INFO] [1775249645.526111870] [local_costmap.local_costmap]: Timed out waiting for transform from base_link to odom to become available, tf error: Invalid frame ID "odom" passed to canTransform argument target_frame - frame does not exist
[amcl-9] [INFO] [1775249645.716286640] [amcl]: Message Filter dropping message: frame 'laser' at time 1775249643.249 for reason 'the timestamp on the message is earlier than all the data in the transform cache'
[rviz2-17] [INFO] [1775249645.810698730] [rviz2]: Stereo is NOT SUPPORTED
[rviz2-17] [INFO] [1775249645.810760359] [rviz2]: OpenGl version: 4.5 (GLSL 4.5)
[stretch_driver-3] [0m[INFO] [1775249645.998447144] [stretch_driver]: broadcast_odom_tf = True[0m
[controller_server-11] [INFO] [1775249646.026026499] [local_costmap.local_costmap]: Timed out waiting for transform from base_link to odom to become available, tf error: Invalid frame ID "odom" passed to canTransform argument target_frame - frame does not exist
[stretch_driver-3] [0m[INFO] [1775249646.036148492] [stretch_driver]: rate = 30.0 Hz[0m
[stretch_driver-3] [0m[INFO] [1775249646.037037538] [stretch_driver]: twist timeout = 0.5 s[0m
[stretch_driver-3] [0m[INFO] [1775249646.037494513] [stretch_driver]: base_frame_id = base_link[0m
[stretch_driver-3] [0m[INFO] [1775249646.038028103] [stretch_driver]: odom_frame_id = odom[0m
[rviz2-17] [INFO] [1775249646.090184773] [rviz2]: Stereo is NOT SUPPORTED
[stretch_driver-3] [0m[INFO] [1775249646.103348456] [stretch_driver]: Changed to mode = navigation[0m
[amcl-9] [WARN] [1775249646.182033001] [amcl]: New subscription discovered on topic '/particle_cloud', requesting incompatible QoS. No messages will be sent to it. Last incompatible policy: RELIABILITY_QOS_POLICY
[amcl-9] [INFO] [1775249646.411240239] [amcl]: createLaserObject
[rviz2-17] [INFO] [1775249646.465424569] [rviz2]: Trying to create a map of size 416 x 249 using 1 swatches
[rviz2-17] [ERROR] [1775249646.477031083] [rviz2]: Vertex Program:rviz/glsl120/indexed_8bit_image.vert Fragment Program:rviz/glsl120/indexed_8bit_image.frag GLSL link result : 
[rviz2-17] active samplers with a different type refer to the same texture image unit
[controller_server-11] [INFO] [1775249646.526237551] [local_costmap.local_costmap]: start
AMCL localized!
[controller_server-11] [INFO] [1775249646.728295115] [controller_server]: Creating bond (controller_server) to lifecycle manager.
[lifecycle_manager-16] [INFO] [1775249646.832060608] [lifecycle_manager_navigation]: Server controller_server connected with bond.
[lifecycle_manager-16] [INFO] [1775249646.832105985] [lifecycle_manager_navigation]: [34m[1mActivating planner_server[0m[0m
[planner_server-12] [INFO] [1775249646.832298217] [planner_server]: Activating
[planner_server-12] [INFO] [1775249646.832340526] [global_costmap.global_costmap]: Activating
[planner_server-12] [INFO] [1775249646.832353522] [global_costmap.global_costmap]: Checking transform
[planner_server-12] [INFO] [1775249646.832419501] [global_costmap.global_costmap]: Timed out waiting for transform from base_link to map to become available, tf error: Lookup would require extrapolation into the past.  Requested time 1775249646.804209 but the earliest data is at time 1775249647.264334, when looking up transform from frame [base_link] to frame [map]
requester: making request: std_srvs.srv.Trigger_Request()

[stretch_driver-3] [0m[INFO] [1775249647.109549439] [stretch_driver]: Changed to mode = navigation[0m
response:
std_srvs.srv.Trigger_Response(success=True, message='Now in navigation mode.')

[planner_server-12] [INFO] [1775249647.332560525] [global_costmap.global_costmap]: start
Waiting for controller_server...
[planner_server-12] [INFO] [1775249647.695418307] [global_costmap.global_costmap]: Message Filter dropping message: frame 'laser' at time 1775249647.259 for reason 'the timestamp on the message is earlier than all the data in the transform cache'
[rviz2-17] [INFO] [1775249647.741049728] [rviz2]: Trying to create a map of size 60 x 60 using 1 swatches
[planner_server-12] [INFO] [1775249648.384557989] [planner_server]: Activating plugin GridBased of type NavfnPlanner
[planner_server-12] [INFO] [1775249648.385209022] [planner_server]: Creating bond (planner_server) to lifecycle manager.
[rviz2-17] [INFO] [1775249648.467685144] [rviz2]: Trying to create a map of size 416 x 249 using 1 swatches
[lifecycle_manager-16] [INFO] [1775249648.488369764] [lifecycle_manager_navigation]: Server planner_server connected with bond.
[lifecycle_manager-16] [INFO] [1775249648.488428157] [lifecycle_manager_navigation]: [34m[1mActivating behavior_server[0m[0m
[behavior_server-13] [INFO] [1775249648.488742403] [behavior_server]: Activating
[behavior_server-13] [INFO] [1775249648.488776360] [behavior_server]: Activating spin
[behavior_server-13] [INFO] [1775249648.488789873] [behavior_server]: Activating backup
[behavior_server-13] [INFO] [1775249648.488800437] [behavior_server]: Activating drive_on_heading
[behavior_server-13] [INFO] [1775249648.488811624] [behavior_server]: Activating assisted_teleop
[behavior_server-13] [INFO] [1775249648.488822161] [behavior_server]: Activating wait
[behavior_server-13] [INFO] [1775249648.488835270] [behavior_server]: Creating bond (behavior_server) to lifecycle manager.
[lifecycle_manager-16] [INFO] [1775249648.601863599] [lifecycle_manager_navigation]: Server behavior_server connected with bond.
[lifecycle_manager-16] [INFO] [1775249648.601990968] [lifecycle_manager_navigation]: [34m[1mActivating bt_navigator[0m[0m
[bt_navigator-14] [INFO] [1775249648.602580550] [bt_navigator]: Activating
[bt_navigator-14] [INFO] [1775249648.636007646] [bt_navigator]: Creating bond (bt_navigator) to lifecycle manager.
[lifecycle_manager-16] [INFO] [1775249648.738119161] [lifecycle_manager_navigation]: Server bt_navigator connected with bond.
[lifecycle_manager-16] [INFO] [1775249648.738212186] [lifecycle_manager_navigation]: [34m[1mActivating waypoint_follower[0m[0m
[waypoint_follower-15] [INFO] [1775249648.738613897] [waypoint_follower]: Activating
[waypoint_follower-15] [INFO] [1775249648.738676141] [waypoint_follower]: Creating bond (waypoint_follower) to lifecycle manager.
[lifecycle_manager-16] [INFO] [1775249648.841808127] [lifecycle_manager_navigation]: Server waypoint_follower connected with bond.
[lifecycle_manager-16] [INFO] [1775249648.841865896] [lifecycle_manager_navigation]: [34m[1mManaged nodes are active[0m[0m
[lifecycle_manager-16] [INFO] [1775249648.841885402] [lifecycle_manager_navigation]: [34m[1mCreating bond timer...[0m[0m
Set parameter successful
Yaw tolerance set.
=== Docking to table ===
[stretch_driver-3] [0m[INFO] [1775249650.561090164] [stretch_driver]: Changed to mode = navigation[0m
[bt_navigator-14] [INFO] [1775249655.644709030] [bt_navigator]: Begin navigating from current location (0.03, -0.00) to (0.57, 1.66)
[controller_server-11] [INFO] [1775249655.665334834] [controller_server]: Received a goal, begin computing control effort.
[controller_server-11] [WARN] [1775249655.665400508] [controller_server]: No goal checker was specified in parameter 'current_goal_checker'. Server will use only plugin loaded general_goal_checker . This warning will appear once.
[rviz2-17] [INFO] [1775249655.949849418] [rviz]: Message Filter dropping message: frame 'odom' at time 1775249646.704 for reason 'the timestamp on the message is earlier than all the data in the transform cache'
[rviz2-17] [INFO] [1775249655.950376270] [rviz]: Message Filter dropping message: frame 'odom' at time 1775249646.727 for reason 'the timestamp on the message is earlier than all the data in the transform cache'
[controller_server-11] [INFO] [1775249656.715636325] [controller_server]: Passing new path to controller.
[controller_server-11] [INFO] [1775249657.765624294] [controller_server]: Passing new path to controller.
[controller_server-11] [INFO] [1775249658.765626581] [controller_server]: Passing new path to controller.
[controller_server-11] [INFO] [1775249659.815628146] [controller_server]: Passing new path to controller.
[stretch_driver-3] [INFO] [robot_monitor]: Base bump event
[stretch_driver-3] [INFO] [robot_monitor]: Base bump event
[stretch_driver-3] [INFO] [robot_monitor]: Base bump event
[stretch_driver-3] [INFO] [robot_monitor]: Base bump event
[controller_server-11] [INFO] [1775249660.815619793] [controller_server]: Passing new path to controller.
[stretch_driver-3] [INFO] [robot_monitor]: Base bump event
[stretch_driver-3] [INFO] [robot_monitor]: Base bump event
[stretch_driver-3] [INFO] [robot_monitor]: Base bump event
[stretch_driver-3] [INFO] [robot_monitor]: Base bump event
[controller_server-11] [INFO] [1775249661.865633774] [controller_server]: Passing new path to controller.
[stretch_driver-3] [INFO] [robot_monitor]: Base bump event
[stretch_driver-3] [INFO] [robot_monitor]: Base bump event
[stretch_driver-3] [INFO] [robot_monitor]: Base bump event
[stretch_driver-3] [INFO] [robot_monitor]: Base bump event
[stretch_driver-3] [INFO] [robot_monitor]: Base bump event
[stretch_driver-3] [INFO] [robot_monitor]: Base bump event
[controller_server-11] [INFO] [1775249662.915639933] [controller_server]: Passing new path to controller.
[stretch_driver-3] [INFO] [robot_monitor]: Base bump event
[stretch_driver-3] [INFO] [robot_monitor]: Base bump event
[stretch_driver-3] [INFO] [robot_monitor]: Base bump event
[stretch_driver-3] [INFO] [robot_monitor]: Base bump event
[stretch_driver-3] [INFO] [robot_monitor]: Base bump event
[stretch_driver-3] [INFO] [robot_monitor]: Base bump event
[stretch_driver-3] [INFO] [robot_monitor]: Base bump event
[stretch_driver-3] [INFO] [robot_monitor]: Base bump event
[controller_server-11] [INFO] [1775249663.915631951] [controller_server]: Passing new path to controller.
[stretch_driver-3] [INFO] [robot_monitor]: Base bump event
[stretch_driver-3] [INFO] [robot_monitor]: Base bump event
[stretch_driver-3] [INFO] [robot_monitor]: Base bump event
[controller_server-11] [INFO] [1775249664.965624219] [controller_server]: Passing new path to controller.
[stretch_driver-3] [INFO] [robot_monitor]: Base bump event
[controller_server-11] [INFO] [1775249665.965625282] [controller_server]: Passing new path to controller.
[controller_server-11] [INFO] [1775249667.015627219] [controller_server]: Passing new path to controller.
[stretch_driver-3] [INFO] [robot_monitor]: Base bump event
[stretch_driver-3] [INFO] [robot_monitor]: Base bump event
[stretch_driver-3] [INFO] [robot_monitor]: Base bump event
[stretch_driver-3] [INFO] [robot_monitor]: Base bump event
[controller_server-11] [INFO] [1775249668.015628664] [controller_server]: Passing new path to controller.
# Error constructing proxy for org.gnome.Terminal:/org/gnome/Terminal/Factory0: Error calling StartServiceByName for org.gnome.Terminal: Timeout was reached
# Error constructing proxy for org.gnome.Terminal:/org/gnome/Terminal/Factory0: Error calling StartServiceByName for org.gnome.Terminal: Timeout was reached
# Error constructing proxy for org.gnome.Terminal:/org/gnome/Terminal/Factory0: Error calling StartServiceByName for org.gnome.Terminal: Timeout was reached
[stretch_driver-3] [INFO] [robot_monitor]: Wrist single tap: 10
[controller_server-11] [INFO] [1775249669.065644925] [controller_server]: Passing new path to controller.
[controller_server-11] [INFO] [1775249670.065626638] [controller_server]: Passing new path to controller.
[controller_server-11] [INFO] [1775249671.115624298] [controller_server]: Passing new path to controller.
[controller_server-11] [INFO] [1775249672.165645145] [controller_server]: Passing new path to controller.
[controller_server-11] [INFO] [1775249673.165623024] [controller_server]: Passing new path to controller.
[controller_server-11] [INFO] [1775249673.618611013] [controller_server]: Reached the goal!
[bt_navigator-14] [INFO] [1775249673.655208435] [bt_navigator]: Goal succeeded
requester: making request: std_srvs.srv.Trigger_Request()

response:
std_srvs.srv.Trigger_Response(success=True, message='Now in navigation mode.')

Set parameter successful
Waiting for an action server to become available...
Sending goal:
     pose:
  header:
    stamp:
      sec: 0
      nanosec: 0
    frame_id: map
  pose:
    position:
      x: 0.5688
      y: 1.6601
      z: 0.0
    orientation:
      x: 0.0
      y: 0.0
      z: -0.707
      w: 0.707
behavior_tree: ''

Goal accepted with ID: 634cf0f104824e7dbc47c258aefe4bbd

Result:
    result: {}

Goal finished with status: SUCCEEDED
Navigation succeeded!
Waiting for grasp service...
[stretch_driver-3] [INFO] [robot_monitor]: Wrist single tap: 11
