=== dock_pos.sh started at Mon Apr 13 06:37:54 PM EDT 2026 ===
Using named pose 'center': x=1.1141 y=1.191 yaw=0°
Goal: x=1.1141  y=1.191  yaw=0° (z=0.0, w=1.0)
Waiting for nodes to be ready (launch_nodes.sh)...
Nodes are ready!
requester: making request: std_srvs.srv.Trigger_Request()

response:
std_srvs.srv.Trigger_Response(success=True, message='Now in navigation mode.')

Waiting for controller_server...
Set parameter successful
Yaw tolerance set.
Resetting arm position...
requester: making request: std_srvs.srv.Trigger_Request()

response:
std_srvs.srv.Trigger_Response(success=True, message='Now in position mode.')

[INFO] [1776119879.360682849] [reset_pose]: reset_pose started
[INFO] [1776119879.403251128] [reset_pose]: Node reset_pose connected to /home_the_robot service.
[INFO] [1776119879.404653422] [reset_pose]: Node reset_pose connected to /stow_the_robot service.
[INFO] [1776119879.406065390] [reset_pose]: Node reset_pose connected to /stop_the_robot service.
[INFO] [1776119879.407470007] [reset_pose]: Node reset_pose connected to /switch_to_trajectory_mode service.
[INFO] [1776119879.408683670] [reset_pose]: Node reset_pose connected to /switch_to_position_mode service.
[INFO] [1776119879.409890195] [reset_pose]: Node reset_pose connected to /switch_to_navigation_mode service.
[INFO] [1776119879.410210975] [reset_pose]: Moving to default pose...
[INFO] [1776119879.469302403] [reset_pose]: Arm reset done.
[INFO] [1776119879.469514762] [reset_pose]: Skipping rotation (ROTATE_DEG=0).
[INFO] [1776119879.469685790] [reset_pose]: Done.
Arm reset complete (exit 0).
requester: making request: std_srvs.srv.Trigger_Request()

response:
std_srvs.srv.Trigger_Response(success=True, message='Now in navigation mode.')

=== Navigating to x=1.1141 y=1.191 yaw=0° ===
Waiting for an action server to become available...
Sending goal:
     pose:
  header:
    stamp:
      sec: 0
      nanosec: 0
    frame_id: map
  pose:
    position:
      x: 1.1141
      y: 1.191
      z: 0.0
    orientation:
      x: 0.0
      y: 0.0
      z: 0.0
      w: 1.0
behavior_tree: ''

Goal accepted with ID: 00196bf37a3e4edcaf0a58fff737a177

Result:
    result: {}

Goal finished with status: SUCCEEDED
Navigation succeeded!
=== dock_pos.sh finished at Mon Apr 13 06:38:11 PM EDT 2026 ===
