=== dock_grab.sh started at Fri Apr  3 05:17:06 PM EDT 2026 ===
Freeing robot process...
Failed because robot is being used by another user. To force kill the process, try running "sudo -E env PATH=$PATH stretch_free_robot_process.py"
=== Launching all nodes ===
Waiting for Nav2 action server...
[INFO] [launch]: All log files can be found below /home/willy/.ros/log/2026-04-03-17-17-07-940371-stretch-re2-2204-7069
[INFO] [launch]: Default logging verbosity is set to INFO
[INFO] [launch]: All log files can be found below /home/willy/.ros/log/2026-04-03-17-17-07-944003-stretch-re2-2204-7068
[INFO] [launch]: Default logging verbosity is set to INFO
[INFO] [launch.user]: D435i launched in high resolution
[INFO] [realsense2_camera_node-1]: process started with pid [7151]
[INFO] [d435i_accel_correction-2]: process started with pid [7153]
[d435i_accel_correction-2] [INFO] [1775251028.626968187] [d435i_accel_correction_node]: d435i_accel_correction_node started
[INFO] [1775251028.660567625] [aruco_base_frame_estimator]: aruco_base_frame_estimator started
[realsense2_camera_node-1] [0m[INFO] [1775251028.698234604] [camera]: RealSense ROS v4.55.1[0m
[realsense2_camera_node-1] [0m[INFO] [1775251028.698402137] [camera]: Built with LibRealSense v2.56.4[0m
[realsense2_camera_node-1] [0m[INFO] [1775251028.698415151] [camera]: Running with LibRealSense v2.56.4[0m
[realsense2_camera_node-1] [0m[INFO] [1775251028.722613252] [camera]: Device with serial number 239722071445 was found.
[realsense2_camera_node-1] [0m
[realsense2_camera_node-1] [0m[INFO] [1775251028.722741612] [camera]: Device with physical ID /sys/devices/pci0000:00/0000:00:0d.0/usb2/2-1/2-1:1.0/video4linux/video0 was found.[0m
[realsense2_camera_node-1] [0m[INFO] [1775251028.722753101] [camera]: Device with name Intel RealSense D435I was found.[0m
[realsense2_camera_node-1] [0m[INFO] [1775251028.723018480] [camera]: Device with port number 2-1 was found.[0m
[realsense2_camera_node-1] [0m[INFO] [1775251028.723045479] [camera]: Device USB type: 3.2[0m
[realsense2_camera_node-1] [0m[INFO] [1775251028.723052998] [camera]: Resetting device...[0m
Nav2 is up!
Setting initial pose...
[INFO] [stretch_driver-3]: process started with pid [7314]
[INFO] [joint_state_publisher-1]: process started with pid [7310]
[INFO] [robot_state_publisher-2]: process started with pid [7312]
[INFO] [sllidar_node-4]: process started with pid [7316]
[INFO] [scan_to_scan_filter_chain-5]: process started with pid [7318]
[INFO] [joy_node-6]: process started with pid [7320]
[INFO] [teleop_node-7]: process started with pid [7322]
[INFO] [map_server-8]: process started with pid [7324]
[INFO] [amcl-9]: process started with pid [7326]
[INFO] [lifecycle_manager-10]: process started with pid [7328]
[INFO] [controller_server-11]: process started with pid [7334]
[INFO] [planner_server-12]: process started with pid [7336]
[INFO] [behavior_server-13]: process started with pid [7340]
[INFO] [bt_navigator-14]: process started with pid [7342]
[INFO] [waypoint_follower-15]: process started with pid [7344]
[INFO] [lifecycle_manager-16]: process started with pid [7429]
[INFO] [rviz2-17]: process started with pid [7439]
[sllidar_node-4] [INFO] [1775251028.987675552] [sllidar_node]: SLLidar running on ROS2 package SLLidar.ROS2 SDK Version:1.0.1, SLLIDAR SDK Version:2.1.0
[sllidar_node-4] [INFO] [1775251028.996424802] [sllidar_node]: SLLidar S/N: C394ED93C0EA98C9A5E698F2564A4669
[sllidar_node-4] [INFO] [1775251028.996528544] [sllidar_node]: Firmware Ver: 1.29
[sllidar_node-4] [INFO] [1775251028.996547282] [sllidar_node]: Hardware Rev: 7
[sllidar_node-4] [INFO] [1775251028.999964904] [sllidar_node]: SLLidar health status : 0
[sllidar_node-4] [INFO] [1775251029.000064702] [sllidar_node]: SLLidar health status : OK.
[scan_to_scan_filter_chain-5] [INFO] [1775251029.027813784] [laser_filter]: In shadow configure done
[scan_to_scan_filter_chain-5] [WARN] [1775251029.029032241] [rcl.logging_rosout]: Publisher already registered for provided node name. If this is due to multiple nodes with the same name then all logs for that logger name will go out over the existing publisher. As soon as any node with that name is destructed it will unregister the publisher, preventing any further logs for that name from being published on the rosout topic.
[teleop_node-7] [INFO] [1775251029.012193954] [TeleopTwistJoy]: Teleop enable button 4.
[teleop_node-7] [INFO] [1775251029.012294422] [TeleopTwistJoy]: Linear axis x on 4 at scale 0.500000.
[teleop_node-7] [INFO] [1775251029.012316357] [TeleopTwistJoy]: Angular axis yaw on 3 at scale 0.500000.
[map_server-8] [INFO] [1775251029.049260992] [map_server]: 
[map_server-8] 	map_server lifecycle node launched. 
[map_server-8] 	Waiting on external lifecycle transitions to activate
[map_server-8] 	See https://design.ros2.org/articles/node_lifecycle.html for more information.
[map_server-8] [INFO] [1775251029.050019552] [map_server]: Creating
[amcl-9] [INFO] [1775251029.016679844] [amcl]: 
[amcl-9] 	amcl lifecycle node launched. 
[amcl-9] 	Waiting on external lifecycle transitions to activate
[amcl-9] 	See https://design.ros2.org/articles/node_lifecycle.html for more information.
[amcl-9] [INFO] [1775251029.019378697] [amcl]: Creating
[lifecycle_manager-10] [INFO] [1775251029.007497551] [lifecycle_manager_localization]: Creating
[lifecycle_manager-10] [INFO] [1775251029.019032787] [lifecycle_manager_localization]: [34m[1mCreating and initializing lifecycle service clients[0m[0m
[controller_server-11] [INFO] [1775251029.043149837] [controller_server]: 
[controller_server-11] 	controller_server lifecycle node launched. 
[controller_server-11] 	Waiting on external lifecycle transitions to activate
[controller_server-11] 	See https://design.ros2.org/articles/node_lifecycle.html for more information.
[planner_server-12] [INFO] [1775251029.012871810] [planner_server]: 
[planner_server-12] 	planner_server lifecycle node launched. 
[planner_server-12] 	Waiting on external lifecycle transitions to activate
[planner_server-12] 	See https://design.ros2.org/articles/node_lifecycle.html for more information.
[planner_server-12] [INFO] [1775251029.031443588] [planner_server]: Creating
[controller_server-11] [INFO] [1775251029.055656228] [controller_server]: Creating controller server
[planner_server-12] [INFO] [1775251029.056723739] [global_costmap.global_costmap]: 
[planner_server-12] 	global_costmap lifecycle node launched. 
[planner_server-12] 	Waiting on external lifecycle transitions to activate
[planner_server-12] 	See https://design.ros2.org/articles/node_lifecycle.html for more information.
[planner_server-12] [INFO] [1775251029.068049965] [global_costmap.global_costmap]: Creating Costmap
[waypoint_follower-15] [INFO] [1775251029.062773114] [waypoint_follower]: 
[waypoint_follower-15] 	waypoint_follower lifecycle node launched. 
[waypoint_follower-15] 	Waiting on external lifecycle transitions to activate
[waypoint_follower-15] 	See https://design.ros2.org/articles/node_lifecycle.html for more information.
[waypoint_follower-15] [INFO] [1775251029.067937229] [waypoint_follower]: Creating
[lifecycle_manager-10] [INFO] [1775251029.069734405] [lifecycle_manager_localization]: [34m[1mStarting managed nodes bringup...[0m[0m
[lifecycle_manager-10] [INFO] [1775251029.069830537] [lifecycle_manager_localization]: [34m[1mConfiguring map_server[0m[0m
[bt_navigator-14] [INFO] [1775251029.074574276] [bt_navigator]: 
[bt_navigator-14] 	bt_navigator lifecycle node launched. 
[bt_navigator-14] 	Waiting on external lifecycle transitions to activate
[bt_navigator-14] 	See https://design.ros2.org/articles/node_lifecycle.html for more information.
[bt_navigator-14] [INFO] [1775251029.074745819] [bt_navigator]: Creating
[lifecycle_manager-16] [INFO] [1775251029.075843393] [lifecycle_manager_navigation]: Creating
[controller_server-11] [INFO] [1775251029.077553123] [local_costmap.local_costmap]: 
[controller_server-11] 	local_costmap lifecycle node launched. 
[controller_server-11] 	Waiting on external lifecycle transitions to activate
[controller_server-11] 	See https://design.ros2.org/articles/node_lifecycle.html for more information.
[controller_server-11] [INFO] [1775251029.079385923] [local_costmap.local_costmap]: Creating Costmap
[lifecycle_manager-16] [INFO] [1775251029.083157957] [lifecycle_manager_navigation]: [34m[1mCreating and initializing lifecycle service clients[0m[0m
[map_server-8] [INFO] [1775251029.087501335] [map_server]: Configuring
[map_server-8] [INFO] [1775251029.087638667] [map_io]: Loading yaml file: /home/willy/stretch_user/maps/testing_map.yaml
[map_server-8] [INFO] [1775251029.088740510] [map_io]: resolution: 0.05
[map_server-8] [INFO] [1775251029.088779856] [map_io]: origin[0]: -11.5
[map_server-8] [INFO] [1775251029.088798780] [map_io]: origin[1]: -1.71
[map_server-8] [INFO] [1775251029.088807013] [map_io]: origin[2]: 0
[map_server-8] [INFO] [1775251029.088814662] [map_io]: free_thresh: 0.25
[map_server-8] [INFO] [1775251029.088821940] [map_io]: occupied_thresh: 0.65
[map_server-8] [INFO] [1775251029.088830749] [map_io]: mode: trinary
[map_server-8] [INFO] [1775251029.088840680] [map_io]: negate: 0
[map_server-8] [INFO] [1775251029.093206392] [map_io]: Loading image_file: /home/willy/stretch_user/maps/testing_map.pgm
[behavior_server-13] [INFO] [1775251029.106826799] [behavior_server]: 
[behavior_server-13] 	behavior_server lifecycle node launched. 
[behavior_server-13] 	Waiting on external lifecycle transitions to activate
[behavior_server-13] 	See https://design.ros2.org/articles/node_lifecycle.html for more information.
[map_server-8] [INFO] [1775251029.107134223] [map_io]: Read map /home/willy/stretch_user/maps/testing_map.pgm: 416 X 249 map @ 0.05 m/cell
[lifecycle_manager-16] [INFO] [1775251029.107581287] [lifecycle_manager_navigation]: [34m[1mStarting managed nodes bringup...[0m[0m
[lifecycle_manager-16] [INFO] [1775251029.107653021] [lifecycle_manager_navigation]: [34m[1mConfiguring controller_server[0m[0m
[controller_server-11] [INFO] [1775251029.108684251] [controller_server]: Configuring controller interface
[controller_server-11] [INFO] [1775251029.108993417] [controller_server]: getting goal checker plugins..
[controller_server-11] [INFO] [1775251029.109135972] [controller_server]: Controller frequency set to 20.0000Hz
[controller_server-11] [INFO] [1775251029.109208288] [local_costmap.local_costmap]: Configuring
[lifecycle_manager-10] [INFO] [1775251029.114112898] [lifecycle_manager_localization]: [34m[1mConfiguring amcl[0m[0m
[controller_server-11] [INFO] [1775251029.114989986] [local_costmap.local_costmap]: Using plugin "obstacle_layer"
[amcl-9] [INFO] [1775251029.115888855] [amcl]: Configuring
[amcl-9] [INFO] [1775251029.116047148] [amcl]: initTransforms
[amcl-9] [INFO] [1775251029.124381376] [amcl]: initPubSub
[controller_server-11] [INFO] [1775251029.125047766] [local_costmap.local_costmap]: Subscribed to Topics: scan
[amcl-9] [INFO] [1775251029.127050907] [amcl]: Subscribed to map topic.
[controller_server-11] [INFO] [1775251029.130643617] [local_costmap.local_costmap]: Initialized plugin "obstacle_layer"
[controller_server-11] [INFO] [1775251029.130931860] [local_costmap.local_costmap]: Using plugin "voxel_layer"
[controller_server-11] [INFO] [1775251029.131765772] [local_costmap.local_costmap]: Subscribed to Topics: scan
[lifecycle_manager-10] [INFO] [1775251029.134194773] [lifecycle_manager_localization]: [34m[1mActivating map_server[0m[0m
[map_server-8] [INFO] [1775251029.134492044] [map_server]: Activating
[map_server-8] [INFO] [1775251029.134842227] [map_server]: Creating bond (map_server) to lifecycle manager.
[amcl-9] [INFO] [1775251029.135287809] [amcl]: Received a 416 X 249 map @ 0.050 m/pix
[controller_server-11] [INFO] [1775251029.136677512] [local_costmap.local_costmap]: Initialized plugin "voxel_layer"
[controller_server-11] [INFO] [1775251029.136746216] [local_costmap.local_costmap]: Using plugin "inflation_layer"
[controller_server-11] [INFO] [1775251029.137756941] [local_costmap.local_costmap]: Initialized plugin "inflation_layer"
[controller_server-11] [INFO] [1775251029.147342899] [controller_server]: Created progress_checker : progress_checker of type nav2_controller::SimpleProgressChecker
[controller_server-11] [INFO] [1775251029.148970054] [controller_server]: Created goal checker : general_goal_checker of type nav2_controller::SimpleGoalChecker
[controller_server-11] [INFO] [1775251029.149409868] [controller_server]: Controller Server has general_goal_checker  goal checkers available.
[controller_server-11] [INFO] [1775251029.155425807] [controller_server]: Created controller : FollowPath of type dwb_core::DWBLocalPlanner
[controller_server-11] [INFO] [1775251029.156901081] [controller_server]: Setting transform_tolerance to 0.200000
[controller_server-11] [INFO] [1775251029.167066403] [controller_server]: Using critic "RotateToGoal" (dwb_critics::RotateToGoalCritic)
[controller_server-11] [INFO] [1775251029.167622164] [controller_server]: Critic plugin initialized
[controller_server-11] [INFO] [1775251029.167757131] [controller_server]: Using critic "Oscillation" (dwb_critics::OscillationCritic)
[controller_server-11] [INFO] [1775251029.168129223] [controller_server]: Critic plugin initialized
[controller_server-11] [INFO] [1775251029.168243069] [controller_server]: Using critic "BaseObstacle" (dwb_critics::BaseObstacleCritic)
[controller_server-11] [INFO] [1775251029.168382267] [controller_server]: Critic plugin initialized
[controller_server-11] [INFO] [1775251029.168463723] [controller_server]: Using critic "GoalAlign" (dwb_critics::GoalAlignCritic)
[controller_server-11] [INFO] [1775251029.168711851] [controller_server]: Critic plugin initialized
[controller_server-11] [INFO] [1775251029.168795975] [controller_server]: Using critic "PathAlign" (dwb_critics::PathAlignCritic)
[controller_server-11] [INFO] [1775251029.169014087] [controller_server]: Critic plugin initialized
[controller_server-11] [INFO] [1775251029.169091080] [controller_server]: Using critic "PathDist" (dwb_critics::PathDistCritic)
[controller_server-11] [INFO] [1775251029.169229938] [controller_server]: Critic plugin initialized
[controller_server-11] [INFO] [1775251029.169456504] [controller_server]: Using critic "GoalDist" (dwb_critics::GoalDistCritic)
[controller_server-11] [INFO] [1775251029.169772221] [controller_server]: Critic plugin initialized
[controller_server-11] [INFO] [1775251029.169964678] [controller_server]: Using critic "PreferForward" (dwb_critics::PreferForwardCritic)
[controller_server-11] [INFO] [1775251029.170597444] [controller_server]: Critic plugin initialized
[controller_server-11] [INFO] [1775251029.170631934] [controller_server]: Controller Server has FollowPath  controllers available.
[lifecycle_manager-16] [INFO] [1775251029.177089047] [lifecycle_manager_navigation]: [34m[1mConfiguring planner_server[0m[0m
[planner_server-12] [INFO] [1775251029.213867488] [planner_server]: Configuring
[planner_server-12] [INFO] [1775251029.213934201] [global_costmap.global_costmap]: Configuring
[sllidar_node-4] [INFO] [1775251029.214245294] [sllidar_node]: current scan mode: Boost, sample rate: 8 Khz, max_distance: 12.0 m, scan frequency:10.0 Hz, 
[planner_server-12] [INFO] [1775251029.225571218] [global_costmap.global_costmap]: Using plugin "static_layer"
[planner_server-12] [INFO] [1775251029.235474718] [global_costmap.global_costmap]: Subscribing to the map topic (/map) with transient local durability
[planner_server-12] [INFO] [1775251029.237784651] [global_costmap.global_costmap]: Initialized plugin "static_layer"
[planner_server-12] [INFO] [1775251029.237843580] [global_costmap.global_costmap]: Using plugin "obstacle_layer"
[planner_server-12] [INFO] [1775251029.240518748] [global_costmap.global_costmap]: Subscribed to Topics: scan
[lifecycle_manager-10] [INFO] [1775251029.240825808] [lifecycle_manager_localization]: Server map_server connected with bond.
[lifecycle_manager-10] [INFO] [1775251029.240869047] [lifecycle_manager_localization]: [34m[1mActivating amcl[0m[0m
[amcl-9] [INFO] [1775251029.241100250] [amcl]: Activating
[amcl-9] [INFO] [1775251029.241152344] [amcl]: Creating bond (amcl) to lifecycle manager.
[planner_server-12] [INFO] [1775251029.248975930] [global_costmap.global_costmap]: Initialized plugin "obstacle_layer"
[planner_server-12] [INFO] [1775251029.249062727] [global_costmap.global_costmap]: Using plugin "voxel_layer"
[planner_server-12] [INFO] [1775251029.252277996] [global_costmap.global_costmap]: Subscribed to Topics: scan
[planner_server-12] [INFO] [1775251029.264487443] [global_costmap.global_costmap]: Initialized plugin "voxel_layer"
[planner_server-12] [INFO] [1775251029.264537077] [global_costmap.global_costmap]: Using plugin "inflation_layer"
[planner_server-12] [INFO] [1775251029.265258243] [global_costmap.global_costmap]: Initialized plugin "inflation_layer"
[planner_server-12] [INFO] [1775251029.279671020] [global_costmap.global_costmap]: StaticLayer: Resizing costmap to 416 X 249 at 0.050000 m/pix
[planner_server-12] [INFO] [1775251029.281993675] [planner_server]: Created global planner plugin GridBased of type nav2_navfn_planner/NavfnPlanner
[planner_server-12] [INFO] [1775251029.282059155] [planner_server]: Configuring plugin GridBased of type NavfnPlanner
[planner_server-12] [INFO] [1775251029.287905258] [planner_server]: Planner Server has GridBased  planners available.
[lifecycle_manager-16] [INFO] [1775251029.312174552] [lifecycle_manager_navigation]: [34m[1mConfiguring behavior_server[0m[0m
[behavior_server-13] [INFO] [1775251029.312418810] [behavior_server]: Configuring
[behavior_server-13] [INFO] [1775251029.322206189] [behavior_server]: Creating behavior plugin spin of type nav2_behaviors/Spin
[behavior_server-13] [INFO] [1775251029.324887761] [behavior_server]: Configuring spin
[behavior_server-13] [INFO] [1775251029.332083281] [behavior_server]: Creating behavior plugin backup of type nav2_behaviors/BackUp
[behavior_server-13] [INFO] [1775251029.334355029] [behavior_server]: Configuring backup
[behavior_server-13] [INFO] [1775251029.343630469] [behavior_server]: Creating behavior plugin drive_on_heading of type nav2_behaviors/DriveOnHeading
[lifecycle_manager-10] [INFO] [1775251029.346700876] [lifecycle_manager_localization]: Server amcl connected with bond.
[lifecycle_manager-10] [INFO] [1775251029.346759462] [lifecycle_manager_localization]: [34m[1mManaged nodes are active[0m[0m
[lifecycle_manager-10] [INFO] [1775251029.346771641] [lifecycle_manager_localization]: [34m[1mCreating bond timer...[0m[0m
[behavior_server-13] [INFO] [1775251029.347428317] [behavior_server]: Configuring drive_on_heading
[behavior_server-13] [INFO] [1775251029.349152454] [behavior_server]: Creating behavior plugin assisted_teleop of type nav2_behaviors/AssistedTeleop
[behavior_server-13] [INFO] [1775251029.356826900] [behavior_server]: Configuring assisted_teleop
[behavior_server-13] [INFO] [1775251029.359382531] [behavior_server]: Creating behavior plugin wait of type nav2_behaviors/Wait
[behavior_server-13] [INFO] [1775251029.363531588] [behavior_server]: Configuring wait
[lifecycle_manager-16] [INFO] [1775251029.371138946] [lifecycle_manager_navigation]: [34m[1mConfiguring bt_navigator[0m[0m
[bt_navigator-14] [INFO] [1775251029.371562219] [bt_navigator]: Configuring
[lifecycle_manager-16] [INFO] [1775251029.479391805] [lifecycle_manager_navigation]: [34m[1mConfiguring waypoint_follower[0m[0m
[waypoint_follower-15] [INFO] [1775251029.479741575] [waypoint_follower]: Configuring
[joy_node-6] [INFO] [1775251029.483651153] [joy_node]: Opened joystick: Controller 1.05.  deadzone: 0.050000
[waypoint_follower-15] [INFO] [1775251029.488695751] [waypoint_follower]: Created waypoint_task_executor : wait_at_waypoint of type nav2_waypoint_follower::WaitAtWaypoint
[lifecycle_manager-16] [INFO] [1775251029.489508629] [lifecycle_manager_navigation]: [34m[1mActivating controller_server[0m[0m
[controller_server-11] [INFO] [1775251029.489671086] [controller_server]: Activating
[controller_server-11] [INFO] [1775251029.489716267] [local_costmap.local_costmap]: Activating
[controller_server-11] [INFO] [1775251029.489731923] [local_costmap.local_costmap]: Checking transform
[controller_server-11] [INFO] [1775251029.489822704] [local_costmap.local_costmap]: Timed out waiting for transform from base_link to odom to become available, tf error: Invalid frame ID "odom" passed to canTransform argument target_frame - frame does not exist
[INFO] [1775251029.942995073] [object_grasper]: object_grasper started
[controller_server-11] [INFO] [1775251029.989879224] [local_costmap.local_costmap]: Timed out waiting for transform from base_link to odom to become available, tf error: Invalid frame ID "odom" passed to canTransform argument target_frame - frame does not exist
[scan_to_scan_filter_chain-5] [WARN] [1775251030.012195147] [laser_filter]: diagnostic_updater: No HW_ID was set. This is probably a bug. Please report it. For devices that do not have a HW_ID, set this value to 'none'. This warning only occurs once all diagnostics are OK. It is okay to wait until the device is open before calling setHardwareID.
publisher: beginning loop
publishing #1: geometry_msgs.msg.PoseWithCovarianceStamped(header=std_msgs.msg.Header(stamp=builtin_interfaces.msg.Time(sec=0, nanosec=0), frame_id='map'), pose=geometry_msgs.msg.PoseWithCovariance(pose=geometry_msgs.msg.Pose(position=geometry_msgs.msg.Point(x=0.0, y=0.0, z=0.0), orientation=geometry_msgs.msg.Quaternion(x=0.0, y=0.0, z=0.0, w=1.0)), covariance=array([0.25, 0.  , 0.  , 0.  , 0.  , 0.  , 0.  , 0.25, 0.  , 0.  , 0.  ,
       0.  , 0.  , 0.  , 0.  , 0.  , 0.  , 0.  , 0.  , 0.  , 0.  , 0.  ,
       0.  , 0.  , 0.  , 0.  , 0.  , 0.  , 0.  , 0.  , 0.  , 0.  , 0.  ,
       0.  , 0.  , 0.07])))

[amcl-9] [INFO] [1775251030.345591400] [amcl]: initialPoseReceived
[amcl-9] [INFO] [1775251030.345977781] [amcl]: Setting pose (1775251030.345978): 0.000 0.000 0.000
[controller_server-11] [INFO] [1775251030.489876279] [local_costmap.local_costmap]: Timed out waiting for transform from base_link to odom to become available, tf error: Invalid frame ID "odom" passed to canTransform argument target_frame - frame does not exist
[stretch_driver-3] [0m[INFO] [1775251030.555823082] [stretch_driver]: For use with S T R E T C H (TM) RESEARCH EDITION from Hello Robot Inc.[0m
[stretch_driver-3] [0m[INFO] [1775251030.556145212] [stretch_driver]: stretch_driver started[0m
Waiting for AMCL to localize...
[controller_server-11] [INFO] [1775251030.989881113] [local_costmap.local_costmap]: Timed out waiting for transform from base_link to odom to become available, tf error: Invalid frame ID "odom" passed to canTransform argument target_frame - frame does not exist
[controller_server-11] [INFO] [1775251031.489866088] [local_costmap.local_costmap]: Timed out waiting for transform from base_link to odom to become available, tf error: Invalid frame ID "odom" passed to canTransform argument target_frame - frame does not exist
[stretch_driver-3] Another process is already using Stretch. Try running "stretch_free_robot_process.py"
[stretch_driver-3] [31m[FATAL] [1775251031.572164511] [stretch_driver]: Robot startup failed.[0m
[amcl-9] [INFO] [1775251031.596265025] [amcl]: Message Filter dropping message: frame 'laser' at time 1775251029.214 for reason 'the timestamp on the message is earlier than all the data in the transform cache'
[INFO] [stretch_driver-3]: process has finished cleanly [pid 7314]
[controller_server-11] [INFO] [1775251031.989882035] [local_costmap.local_costmap]: Timed out waiting for transform from base_link to odom to become available, tf error: Invalid frame ID "odom" passed to canTransform argument target_frame - frame does not exist
[rviz2-17] [INFO] [1775251032.033868296] [rviz2]: Stereo is NOT SUPPORTED
[rviz2-17] [INFO] [1775251032.033988852] [rviz2]: OpenGl version: 4.5 (GLSL 4.5)
[rviz2-17] [INFO] [1775251032.332641494] [rviz2]: Stereo is NOT SUPPORTED
[amcl-9] [WARN] [1775251032.426335876] [amcl]: New subscription discovered on topic '/particle_cloud', requesting incompatible QoS. No messages will be sent to it. Last incompatible policy: RELIABILITY_QOS_POLICY
[controller_server-11] [INFO] [1775251032.489870374] [local_costmap.local_costmap]: Timed out waiting for transform from base_link to odom to become available, tf error: Invalid frame ID "odom" passed to canTransform argument target_frame - frame does not exist
[rviz2-17] [INFO] [1775251032.683430136] [rviz2]: Trying to create a map of size 416 x 249 using 1 swatches
[rviz2-17] [ERROR] [1775251032.704656739] [rviz2]: Vertex Program:rviz/glsl120/indexed_8bit_image.vert Fragment Program:rviz/glsl120/indexed_8bit_image.frag GLSL link result : 
[rviz2-17] active samplers with a different type refer to the same texture image unit
[controller_server-11] [INFO] [1775251032.989872201] [local_costmap.local_costmap]: Timed out waiting for transform from base_link to odom to become available, tf error: Invalid frame ID "odom" passed to canTransform argument target_frame - frame does not exist
[controller_server-11] [INFO] [1775251033.489864569] [local_costmap.local_costmap]: Timed out waiting for transform from base_link to odom to become available, tf error: Invalid frame ID "odom" passed to canTransform argument target_frame - frame does not exist
[controller_server-11] [INFO] [1775251033.989868503] [local_costmap.local_costmap]: Timed out waiting for transform from base_link to odom to become available, tf error: Invalid frame ID "odom" passed to canTransform argument target_frame - frame does not exist
[amcl-9] [INFO] [1775251034.199827854] [amcl]: Message Filter dropping message: frame 'laser' at time 1775251033.052 for reason 'the timestamp on the message is earlier than all the data in the transform cache'
[controller_server-11] [INFO] [1775251034.489979022] [local_costmap.local_costmap]: Timed out waiting for transform from base_link to odom to become available, tf error: Invalid frame ID "odom" passed to canTransform argument target_frame - frame does not exist
[rviz2-17] [INFO] [1775251034.726617528] [rviz]: Message Filter dropping message: frame 'laser' at time 1775251032.377 for reason 'discarding message because the queue is full'
[realsense2_camera_node-1] [0m[INFO] [1775251034.800076493] [camera]: Device with serial number 239722071445 was found.
[realsense2_camera_node-1] [0m
[realsense2_camera_node-1] [0m[INFO] [1775251034.800129876] [camera]: Device with physical ID /sys/devices/pci0000:00/0000:00:0d.0/usb2/2-1/2-1:1.0/video4linux/video0 was found.[0m
[realsense2_camera_node-1] [0m[INFO] [1775251034.800139169] [camera]: Device with name Intel RealSense D435I was found.[0m
[realsense2_camera_node-1] [0m[INFO] [1775251034.800287742] [camera]: Device with port number 2-1 was found.[0m
[realsense2_camera_node-1] [0m[INFO] [1775251034.800300432] [camera]: Device USB type: 3.2[0m
[realsense2_camera_node-1] [0m[INFO] [1775251034.807557103] [camera]: getParameters...[0m
[controller_server-11] [INFO] [1775251034.989870487] [local_costmap.local_costmap]: Timed out waiting for transform from base_link to odom to become available, tf error: Invalid frame ID "odom" passed to canTransform argument target_frame - frame does not exist
[realsense2_camera_node-1] [0m[INFO] [1775251035.091940109] [camera]: JSON file is loaded! (/home/willy/ament_ws/install/stretch_core/share/stretch_core/config/HighAccuracyPreset.json)[0m
[realsense2_camera_node-1] [0m[INFO] [1775251035.091999251] [camera]: Device Name: Intel RealSense D435I[0m
[realsense2_camera_node-1] [0m[INFO] [1775251035.092008042] [camera]: Device Serial No: 239722071445[0m
[realsense2_camera_node-1] [0m[INFO] [1775251035.092016714] [camera]: Device physical port: /sys/devices/pci0000:00/0000:00:0d.0/usb2/2-1/2-1:1.0/video4linux/video0[0m
[realsense2_camera_node-1] [0m[INFO] [1775251035.092022876] [camera]: Device FW version: 5.16.0.1[0m
[realsense2_camera_node-1] [0m[INFO] [1775251035.092029055] [camera]: Device Product ID: 0x0B3A[0m
[realsense2_camera_node-1] [0m[INFO] [1775251035.092034857] [camera]: Sync Mode: On[0m
[realsense2_camera_node-1] [33m[WARN] [1775251035.181796711] [camera]: re-enable the stream for the change to take effect.[0m
[realsense2_camera_node-1] [33m[WARN] [1775251035.182412296] [camera]: re-enable the stream for the change to take effect.[0m
[realsense2_camera_node-1] [33m[WARN] [1775251035.192859052] [camera]: re-enable the stream for the change to take effect.[0m
[realsense2_camera_node-1] [31m[ERROR] [1775251035.194195329] [camera]: Given value, 63 is invalid. Set ROS param back to: 100[0m
[realsense2_camera_node-1] [0m[INFO] [1775251035.206050615] [camera]: Stopping Sensor: Depth Module[0m
[realsense2_camera_node-1] [0m[INFO] [1775251035.206174257] [camera]: Stopping Sensor: RGB Camera[0m
[realsense2_camera_node-1] [0m[INFO] [1775251035.206211502] [camera]: Stopping Sensor: Motion Module[0m
[realsense2_camera_node-1] [0m[INFO] [1775251035.223879071] [camera]: Starting Sensor: Depth Module[0m
[realsense2_camera_node-1] [0m[INFO] [1775251035.226647988] [camera]: Open profile: stream_type: Depth(0), Format: Z16, Width: 1280, Height: 720, FPS: 15[0m
[realsense2_camera_node-1] [0m[INFO] [1775251035.233083001] [camera]: Starting Sensor: RGB Camera[0m
[realsense2_camera_node-1] [0m[INFO] [1775251035.239944652] [camera]: Open profile: stream_type: Color(0), Format: RGB8, Width: 1280, Height: 720, FPS: 15[0m
[realsense2_camera_node-1] [0m[INFO] [1775251035.260927133] [camera]: Starting Sensor: Motion Module[0m
[realsense2_camera_node-1] [0m[INFO] [1775251035.262139264] [camera]: Open profile: stream_type: Accel(0)Format: MOTION_XYZ32F, FPS: 100[0m
[realsense2_camera_node-1] [0m[INFO] [1775251035.262182218] [camera]: Open profile: stream_type: Gyro(0)Format: MOTION_XYZ32F, FPS: 200[0m
[realsense2_camera_node-1] [0m[INFO] [1775251035.264732821] [camera]: RealSense Node Is Up![0m
[controller_server-11] [INFO] [1775251035.489918099] [local_costmap.local_costmap]: Timed out waiting for transform from base_link to odom to become available, tf error: Invalid frame ID "odom" passed to canTransform argument target_frame - frame does not exist
[controller_server-11] [INFO] [1775251035.989872897] [local_costmap.local_costmap]: Timed out waiting for transform from base_link to odom to become available, tf error: Invalid frame ID "odom" passed to canTransform argument target_frame - frame does not exist
[controller_server-11] [INFO] [1775251036.489867844] [local_costmap.local_costmap]: Timed out waiting for transform from base_link to odom to become available, tf error: Invalid frame ID "odom" passed to canTransform argument target_frame - frame does not exist
[amcl-9] [INFO] [1775251036.803480285] [amcl]: Message Filter dropping message: frame 'laser' at time 1775251035.668 for reason 'the timestamp on the message is earlier than all the data in the transform cache'
[controller_server-11] [INFO] [1775251036.989869859] [local_costmap.local_costmap]: Timed out waiting for transform from base_link to odom to become available, tf error: Invalid frame ID "odom" passed to canTransform argument target_frame - frame does not exist
[rviz2-17] [INFO] [1775251037.348634487] [rviz]: Message Filter dropping message: frame 'laser' at time 1775251035.386 for reason 'discarding message because the queue is full'
[controller_server-11] [INFO] [1775251037.489869900] [local_costmap.local_costmap]: Timed out waiting for transform from base_link to odom to become available, tf error: Invalid frame ID "odom" passed to canTransform argument target_frame - frame does not exist
[controller_server-11] [INFO] [1775251037.989889977] [local_costmap.local_costmap]: Timed out waiting for transform from base_link to odom to become available, tf error: Invalid frame ID "odom" passed to canTransform argument target_frame - frame does not exist
[controller_server-11] [INFO] [1775251038.489869675] [local_costmap.local_costmap]: Timed out waiting for transform from base_link to odom to become available, tf error: Invalid frame ID "odom" passed to canTransform argument target_frame - frame does not exist
[controller_server-11] [INFO] [1775251038.989882892] [local_costmap.local_costmap]: Timed out waiting for transform from base_link to odom to become available, tf error: Invalid frame ID "odom" passed to canTransform argument target_frame - frame does not exist
[amcl-9] [INFO] [1775251039.407461387] [amcl]: Message Filter dropping message: frame 'laser' at time 1775251038.272 for reason 'the timestamp on the message is earlier than all the data in the transform cache'
[controller_server-11] [INFO] [1775251039.489887967] [local_costmap.local_costmap]: Timed out waiting for transform from base_link to odom to become available, tf error: Invalid frame ID "odom" passed to canTransform argument target_frame - frame does not exist
[rviz2-17] [INFO] [1775251039.865897197] [rviz]: Message Filter dropping message: frame 'laser' at time 1775251037.867 for reason 'discarding message because the queue is full'
[controller_server-11] [INFO] [1775251039.989873650] [local_costmap.local_costmap]: Timed out waiting for transform from base_link to odom to become available, tf error: Invalid frame ID "odom" passed to canTransform argument target_frame - frame does not exist
[controller_server-11] [INFO] [1775251040.489868986] [local_costmap.local_costmap]: Timed out waiting for transform from base_link to odom to become available, tf error: Invalid frame ID "odom" passed to canTransform argument target_frame - frame does not exist
[controller_server-11] [INFO] [1775251040.989880702] [local_costmap.local_costmap]: Timed out waiting for transform from base_link to odom to become available, tf error: Invalid frame ID "odom" passed to canTransform argument target_frame - frame does not exist
[controller_server-11] [INFO] [1775251041.489869884] [local_costmap.local_costmap]: Timed out waiting for transform from base_link to odom to become available, tf error: Invalid frame ID "odom" passed to canTransform argument target_frame - frame does not exist
[controller_server-11] [INFO] [1775251041.989879516] [local_costmap.local_costmap]: Timed out waiting for transform from base_link to odom to become available, tf error: Invalid frame ID "odom" passed to canTransform argument target_frame - frame does not exist
[amcl-9] [INFO] [1775251042.023511752] [amcl]: Message Filter dropping message: frame 'laser' at time 1775251040.892 for reason 'the timestamp on the message is earlier than all the data in the transform cache'
[controller_server-11] [INFO] [1775251042.489870242] [local_costmap.local_costmap]: Timed out waiting for transform from base_link to odom to become available, tf error: Invalid frame ID "odom" passed to canTransform argument target_frame - frame does not exist
[rviz2-17] [INFO] [1775251042.513639110] [rviz]: Message Filter dropping message: frame 'laser' at time 1775251040.476 for reason 'discarding message because the queue is full'
[controller_server-11] [INFO] [1775251042.989872997] [local_costmap.local_costmap]: Timed out waiting for transform from base_link to odom to become available, tf error: Invalid frame ID "odom" passed to canTransform argument target_frame - frame does not exist
[controller_server-11] [INFO] [1775251043.489868074] [local_costmap.local_costmap]: Timed out waiting for transform from base_link to odom to become available, tf error: Invalid frame ID "odom" passed to canTransform argument target_frame - frame does not exist
[controller_server-11] [INFO] [1775251043.990348350] [local_costmap.local_costmap]: Timed out waiting for transform from base_link to odom to become available, tf error: Invalid frame ID "odom" passed to canTransform argument target_frame - frame does not exist
[controller_server-11] [INFO] [1775251044.489873058] [local_costmap.local_costmap]: Timed out waiting for transform from base_link to odom to become available, tf error: Invalid frame ID "odom" passed to canTransform argument target_frame - frame does not exist
[amcl-9] [INFO] [1775251044.529355532] [amcl]: Message Filter dropping message: frame 'laser' at time 1775251043.381 for reason 'the timestamp on the message is earlier than all the data in the transform cache'
[controller_server-11] [INFO] [1775251044.989878523] [local_costmap.local_costmap]: Timed out waiting for transform from base_link to odom to become available, tf error: Invalid frame ID "odom" passed to canTransform argument target_frame - frame does not exist
[rviz2-17] [INFO] [1775251045.025214364] [rviz]: Message Filter dropping message: frame 'laser' at time 1775251043.099 for reason 'discarding message because the queue is full'
[controller_server-11] [INFO] [1775251045.489872026] [local_costmap.local_costmap]: Timed out waiting for transform from base_link to odom to become available, tf error: Invalid frame ID "odom" passed to canTransform argument target_frame - frame does not exist
[controller_server-11] [INFO] [1775251045.989913074] [local_costmap.local_costmap]: Timed out waiting for transform from base_link to odom to become available, tf error: Invalid frame ID "odom" passed to canTransform argument target_frame - frame does not exist
[controller_server-11] [INFO] [1775251046.489886593] [local_costmap.local_costmap]: Timed out waiting for transform from base_link to odom to become available, tf error: Invalid frame ID "odom" passed to canTransform argument target_frame - frame does not exist
[controller_server-11] [INFO] [1775251046.989877278] [local_costmap.local_costmap]: Timed out waiting for transform from base_link to odom to become available, tf error: Invalid frame ID "odom" passed to canTransform argument target_frame - frame does not exist
[amcl-9] [INFO] [1775251047.059032218] [amcl]: Message Filter dropping message: frame 'laser' at time 1775251045.911 for reason 'the timestamp on the message is earlier than all the data in the transform cache'
[controller_server-11] [INFO] [1775251047.489881149] [local_costmap.local_costmap]: Timed out waiting for transform from base_link to odom to become available, tf error: Invalid frame ID "odom" passed to canTransform argument target_frame - frame does not exist
[rviz2-17] [INFO] [1775251047.555448143] [rviz]: Message Filter dropping message: frame 'laser' at time 1775251045.629 for reason 'discarding message because the queue is full'
[controller_server-11] [INFO] [1775251047.989875170] [local_costmap.local_costmap]: Timed out waiting for transform from base_link to odom to become available, tf error: Invalid frame ID "odom" passed to canTransform argument target_frame - frame does not exist
[controller_server-11] [INFO] [1775251048.489871640] [local_costmap.local_costmap]: Timed out waiting for transform from base_link to odom to become available, tf error: Invalid frame ID "odom" passed to canTransform argument target_frame - frame does not exist
[controller_server-11] [INFO] [1775251048.989884632] [local_costmap.local_costmap]: Timed out waiting for transform from base_link to odom to become available, tf error: Invalid frame ID "odom" passed to canTransform argument target_frame - frame does not exist
[controller_server-11] [INFO] [1775251049.489867938] [local_costmap.local_costmap]: Timed out waiting for transform from base_link to odom to become available, tf error: Invalid frame ID "odom" passed to canTransform argument target_frame - frame does not exist
[amcl-9] [INFO] [1775251049.588873237] [amcl]: Message Filter dropping message: frame 'laser' at time 1775251048.454 for reason 'the timestamp on the message is earlier than all the data in the transform cache'
[controller_server-11] [INFO] [1775251049.989868615] [local_costmap.local_costmap]: Timed out waiting for transform from base_link to odom to become available, tf error: Invalid frame ID "odom" passed to canTransform argument target_frame - frame does not exist
[rviz2-17] [INFO] [1775251050.108716323] [rviz]: Message Filter dropping message: frame 'laser' at time 1775251048.306 for reason 'discarding message because the queue is full'
[controller_server-11] [INFO] [1775251050.489875354] [local_costmap.local_costmap]: Timed out waiting for transform from base_link to odom to become available, tf error: Invalid frame ID "odom" passed to canTransform argument target_frame - frame does not exist
[controller_server-11] [INFO] [1775251050.989910655] [local_costmap.local_costmap]: Timed out waiting for transform from base_link to odom to become available, tf error: Invalid frame ID "odom" passed to canTransform argument target_frame - frame does not exist
[controller_server-11] [INFO] [1775251051.489876039] [local_costmap.local_costmap]: Timed out waiting for transform from base_link to odom to become available, tf error: Invalid frame ID "odom" passed to canTransform argument target_frame - frame does not exist
[controller_server-11] [INFO] [1775251051.989879046] [local_costmap.local_costmap]: Timed out waiting for transform from base_link to odom to become available, tf error: Invalid frame ID "odom" passed to canTransform argument target_frame - frame does not exist
[amcl-9] [INFO] [1775251052.105533112] [amcl]: Message Filter dropping message: frame 'laser' at time 1775251050.971 for reason 'the timestamp on the message is earlier than all the data in the transform cache'
[controller_server-11] [INFO] [1775251052.489875143] [local_costmap.local_costmap]: Timed out waiting for transform from base_link to odom to become available, tf error: Invalid frame ID "odom" passed to canTransform argument target_frame - frame does not exist
[rviz2-17] [INFO] [1775251052.740650008] [rviz]: Message Filter dropping message: frame 'laser' at time 1775251050.971 for reason 'discarding message because the queue is full'
[controller_server-11] [INFO] [1775251052.989883000] [local_costmap.local_costmap]: Timed out waiting for transform from base_link to odom to become available, tf error: Invalid frame ID "odom" passed to canTransform argument target_frame - frame does not exist
[controller_server-11] [INFO] [1775251053.489872457] [local_costmap.local_costmap]: Timed out waiting for transform from base_link to odom to become available, tf error: Invalid frame ID "odom" passed to canTransform argument target_frame - frame does not exist
[controller_server-11] [INFO] [1775251053.989885515] [local_costmap.local_costmap]: Timed out waiting for transform from base_link to odom to become available, tf error: Invalid frame ID "odom" passed to canTransform argument target_frame - frame does not exist
[controller_server-11] [INFO] [1775251054.491391548] [local_costmap.local_costmap]: Timed out waiting for transform from base_link to odom to become available, tf error: Invalid frame ID "odom" passed to canTransform argument target_frame - frame does not exist
[amcl-9] [INFO] [1775251054.648021218] [amcl]: Message Filter dropping message: frame 'laser' at time 1775251053.513 for reason 'the timestamp on the message is earlier than all the data in the transform cache'
[controller_server-11] [INFO] [1775251054.989904431] [local_costmap.local_costmap]: Timed out waiting for transform from base_link to odom to become available, tf error: Invalid frame ID "odom" passed to canTransform argument target_frame - frame does not exist
[rviz2-17] [INFO] [1775251055.299475046] [rviz]: Message Filter dropping message: frame 'laser' at time 1775251053.648 for reason 'discarding message because the queue is full'
[controller_server-11] [INFO] [1775251055.489880123] [local_costmap.local_costmap]: Timed out waiting for transform from base_link to odom to become available, tf error: Invalid frame ID "odom" passed to canTransform argument target_frame - frame does not exist
[controller_server-11] [INFO] [1775251055.989865661] [local_costmap.local_costmap]: Timed out waiting for transform from base_link to odom to become available, tf error: Invalid frame ID "odom" passed to canTransform argument target_frame - frame does not exist
[controller_server-11] [INFO] [1775251056.489867274] [local_costmap.local_costmap]: Timed out waiting for transform from base_link to odom to become available, tf error: Invalid frame ID "odom" passed to canTransform argument target_frame - frame does not exist
[controller_server-11] [INFO] [1775251056.989869659] [local_costmap.local_costmap]: Timed out waiting for transform from base_link to odom to become available, tf error: Invalid frame ID "odom" passed to canTransform argument target_frame - frame does not exist
[amcl-9] [INFO] [1775251057.201011455] [amcl]: Message Filter dropping message: frame 'laser' at time 1775251056.066 for reason 'the timestamp on the message is earlier than all the data in the transform cache'
[controller_server-11] [INFO] [1775251057.489898088] [local_costmap.local_costmap]: Timed out waiting for transform from base_link to odom to become available, tf error: Invalid frame ID "odom" passed to canTransform argument target_frame - frame does not exist
[rviz2-17] [INFO] [1775251057.854948836] [rviz]: Message Filter dropping message: frame 'laser' at time 1775251056.201 for reason 'discarding message because the queue is full'
[controller_server-11] [INFO] [1775251057.989874272] [local_costmap.local_costmap]: Timed out waiting for transform from base_link to odom to become available, tf error: Invalid frame ID "odom" passed to canTransform argument target_frame - frame does not exist
[controller_server-11] [INFO] [1775251058.489900074] [local_costmap.local_costmap]: Timed out waiting for transform from base_link to odom to become available, tf error: Invalid frame ID "odom" passed to canTransform argument target_frame - frame does not exist
[controller_server-11] [INFO] [1775251058.989931607] [local_costmap.local_costmap]: Timed out waiting for transform from base_link to odom to become available, tf error: Invalid frame ID "odom" passed to canTransform argument target_frame - frame does not exist
[controller_server-11] [INFO] [1775251059.489879464] [local_costmap.local_costmap]: Timed out waiting for transform from base_link to odom to become available, tf error: Invalid frame ID "odom" passed to canTransform argument target_frame - frame does not exist
[amcl-9] [INFO] [1775251059.754866103] [amcl]: Message Filter dropping message: frame 'laser' at time 1775251058.608 for reason 'the timestamp on the message is earlier than all the data in the transform cache'
[controller_server-11] [INFO] [1775251059.989869758] [local_costmap.local_costmap]: Timed out waiting for transform from base_link to odom to become available, tf error: Invalid frame ID "odom" passed to canTransform argument target_frame - frame does not exist
[rviz2-17] [INFO] [1775251060.489127822] [rviz]: Message Filter dropping message: frame 'laser' at time 1775251058.890 for reason 'discarding message because the queue is full'
[controller_server-11] [INFO] [1775251060.489901695] [local_costmap.local_costmap]: Timed out waiting for transform from base_link to odom to become available, tf error: Invalid frame ID "odom" passed to canTransform argument target_frame - frame does not exist
[controller_server-11] [INFO] [1775251060.989875419] [local_costmap.local_costmap]: Timed out waiting for transform from base_link to odom to become available, tf error: Invalid frame ID "odom" passed to canTransform argument target_frame - frame does not exist
[controller_server-11] [INFO] [1775251061.489879957] [local_costmap.local_costmap]: Timed out waiting for transform from base_link to odom to become available, tf error: Invalid frame ID "odom" passed to canTransform argument target_frame - frame does not exist
[controller_server-11] [INFO] [1775251061.989894662] [local_costmap.local_costmap]: Timed out waiting for transform from base_link to odom to become available, tf error: Invalid frame ID "odom" passed to canTransform argument target_frame - frame does not exist
[amcl-9] [INFO] [1775251062.296325573] [amcl]: Message Filter dropping message: frame 'laser' at time 1775251061.149 for reason 'the timestamp on the message is earlier than all the data in the transform cache'
[controller_server-11] [INFO] [1775251062.489874887] [local_costmap.local_costmap]: Timed out waiting for transform from base_link to odom to become available, tf error: Invalid frame ID "odom" passed to canTransform argument target_frame - frame does not exist
[controller_server-11] [INFO] [1775251062.989885147] [local_costmap.local_costmap]: Timed out waiting for transform from base_link to odom to become available, tf error: Invalid frame ID "odom" passed to canTransform argument target_frame - frame does not exist
[rviz2-17] [INFO] [1775251063.107377708] [rviz]: Message Filter dropping message: frame 'laser' at time 1775251061.432 for reason 'discarding message because the queue is full'
[controller_server-11] [INFO] [1775251063.489886508] [local_costmap.local_costmap]: Timed out waiting for transform from base_link to odom to become available, tf error: Invalid frame ID "odom" passed to canTransform argument target_frame - frame does not exist
[controller_server-11] [INFO] [1775251063.989874319] [local_costmap.local_costmap]: Timed out waiting for transform from base_link to odom to become available, tf error: Invalid frame ID "odom" passed to canTransform argument target_frame - frame does not exist
[controller_server-11] [INFO] [1775251064.489889541] [local_costmap.local_costmap]: Timed out waiting for transform from base_link to odom to become available, tf error: Invalid frame ID "odom" passed to canTransform argument target_frame - frame does not exist
[amcl-9] [INFO] [1775251064.826077015] [amcl]: Message Filter dropping message: frame 'laser' at time 1775251063.691 for reason 'the timestamp on the message is earlier than all the data in the transform cache'
[controller_server-11] [INFO] [1775251064.989880979] [local_costmap.local_costmap]: Timed out waiting for transform from base_link to odom to become available, tf error: Invalid frame ID "odom" passed to canTransform argument target_frame - frame does not exist
[controller_server-11] [INFO] [1775251065.489883395] [local_costmap.local_costmap]: Timed out waiting for transform from base_link to odom to become available, tf error: Invalid frame ID "odom" passed to canTransform argument target_frame - frame does not exist
[rviz2-17] [INFO] [1775251065.701476885] [rviz]: Message Filter dropping message: frame 'laser' at time 1775251064.108 for reason 'discarding message because the queue is full'
[controller_server-11] [INFO] [1775251065.990989708] [local_costmap.local_costmap]: Timed out waiting for transform from base_link to odom to become available, tf error: Invalid frame ID "odom" passed to canTransform argument target_frame - frame does not exist
[controller_server-11] [INFO] [1775251066.489907641] [local_costmap.local_costmap]: Timed out waiting for transform from base_link to odom to become available, tf error: Invalid frame ID "odom" passed to canTransform argument target_frame - frame does not exist
[controller_server-11] [INFO] [1775251066.989890009] [local_costmap.local_costmap]: Timed out waiting for transform from base_link to odom to become available, tf error: Invalid frame ID "odom" passed to canTransform argument target_frame - frame does not exist
[amcl-9] [INFO] [1775251067.367484620] [amcl]: Message Filter dropping message: frame 'laser' at time 1775251066.220 for reason 'the timestamp on the message is earlier than all the data in the transform cache'
[controller_server-11] [INFO] [1775251067.489892973] [local_costmap.local_costmap]: Timed out waiting for transform from base_link to odom to become available, tf error: Invalid frame ID "odom" passed to canTransform argument target_frame - frame does not exist
[controller_server-11] [INFO] [1775251067.989880318] [local_costmap.local_costmap]: Timed out waiting for transform from base_link to odom to become available, tf error: Invalid frame ID "odom" passed to canTransform argument target_frame - frame does not exist
[rviz2-17] [INFO] [1775251068.212889985] [rviz]: Message Filter dropping message: frame 'laser' at time 1775251066.649 for reason 'discarding message because the queue is full'
[controller_server-11] [INFO] [1775251068.489879536] [local_costmap.local_costmap]: Timed out waiting for transform from base_link to odom to become available, tf error: Invalid frame ID "odom" passed to canTransform argument target_frame - frame does not exist
[controller_server-11] [INFO] [1775251068.989876749] [local_costmap.local_costmap]: Timed out waiting for transform from base_link to odom to become available, tf error: Invalid frame ID "odom" passed to canTransform argument target_frame - frame does not exist
[controller_server-11] [INFO] [1775251069.489877098] [local_costmap.local_costmap]: Timed out waiting for transform from base_link to odom to become available, tf error: Invalid frame ID "odom" passed to canTransform argument target_frame - frame does not exist
[amcl-9] [INFO] [1775251069.897012574] [amcl]: Message Filter dropping message: frame 'laser' at time 1775251068.762 for reason 'the timestamp on the message is earlier than all the data in the transform cache'
[controller_server-11] [INFO] [1775251069.989875620] [local_costmap.local_costmap]: Timed out waiting for transform from base_link to odom to become available, tf error: Invalid frame ID "odom" passed to canTransform argument target_frame - frame does not exist
[controller_server-11] [INFO] [1775251070.489880236] [local_costmap.local_costmap]: Timed out waiting for transform from base_link to odom to become available, tf error: Invalid frame ID "odom" passed to canTransform argument target_frame - frame does not exist
[rviz2-17] [INFO] [1775251070.782779013] [rviz]: Message Filter dropping message: frame 'laser' at time 1775251069.191 for reason 'discarding message because the queue is full'
[controller_server-11] [INFO] [1775251070.989876396] [local_costmap.local_costmap]: Timed out waiting for transform from base_link to odom to become available, tf error: Invalid frame ID "odom" passed to canTransform argument target_frame - frame does not exist
[controller_server-11] [INFO] [1775251071.489877153] [local_costmap.local_costmap]: Timed out waiting for transform from base_link to odom to become available, tf error: Invalid frame ID "odom" passed to canTransform argument target_frame - frame does not exist
[controller_server-11] [INFO] [1775251071.989872022] [local_costmap.local_costmap]: Timed out waiting for transform from base_link to odom to become available, tf error: Invalid frame ID "odom" passed to canTransform argument target_frame - frame does not exist
[amcl-9] [INFO] [1775251072.450203916] [amcl]: Message Filter dropping message: frame 'laser' at time 1775251071.315 for reason 'the timestamp on the message is earlier than all the data in the transform cache'
[controller_server-11] [INFO] [1775251072.489834383] [local_costmap.local_costmap]: Timed out waiting for transform from base_link to odom to become available, tf error: Invalid frame ID "odom" passed to canTransform argument target_frame - frame does not exist
[controller_server-11] [INFO] [1775251072.989879934] [local_costmap.local_costmap]: Timed out waiting for transform from base_link to odom to become available, tf error: Invalid frame ID "odom" passed to canTransform argument target_frame - frame does not exist
[rviz2-17] [INFO] [1775251073.418593381] [rviz]: Message Filter dropping message: frame 'laser' at time 1775251071.597 for reason 'discarding message because the queue is full'
[controller_server-11] [INFO] [1775251073.489875795] [local_costmap.local_costmap]: Timed out waiting for transform from base_link to odom to become available, tf error: Invalid frame ID "odom" passed to canTransform argument target_frame - frame does not exist
[controller_server-11] [INFO] [1775251073.989913237] [local_costmap.local_costmap]: Timed out waiting for transform from base_link to odom to become available, tf error: Invalid frame ID "odom" passed to canTransform argument target_frame - frame does not exist
[controller_server-11] [INFO] [1775251074.489884084] [local_costmap.local_costmap]: Timed out waiting for transform from base_link to odom to become available, tf error: Invalid frame ID "odom" passed to canTransform argument target_frame - frame does not exist
[controller_server-11] [INFO] [1775251074.989876241] [local_costmap.local_costmap]: Timed out waiting for transform from base_link to odom to become available, tf error: Invalid frame ID "odom" passed to canTransform argument target_frame - frame does not exist
[amcl-9] [INFO] [1775251074.992167791] [amcl]: Message Filter dropping message: frame 'laser' at time 1775251073.847 for reason 'the timestamp on the message is earlier than all the data in the transform cache'
[controller_server-11] [INFO] [1775251075.489915707] [local_costmap.local_costmap]: Timed out waiting for transform from base_link to odom to become available, tf error: Invalid frame ID "odom" passed to canTransform argument target_frame - frame does not exist
[controller_server-11] [INFO] [1775251075.989884718] [local_costmap.local_costmap]: Timed out waiting for transform from base_link to odom to become available, tf error: Invalid frame ID "odom" passed to canTransform argument target_frame - frame does not exist
[rviz2-17] [INFO] [1775251076.035480355] [rviz]: Message Filter dropping message: frame 'laser' at time 1775251074.127 for reason 'discarding message because the queue is full'
[controller_server-11] [INFO] [1775251076.489870451] [local_costmap.local_costmap]: Timed out waiting for transform from base_link to odom to become available, tf error: Invalid frame ID "odom" passed to canTransform argument target_frame - frame does not exist
[controller_server-11] [INFO] [1775251076.989874426] [local_costmap.local_costmap]: Timed out waiting for transform from base_link to odom to become available, tf error: Invalid frame ID "odom" passed to canTransform argument target_frame - frame does not exist
[controller_server-11] [INFO] [1775251077.489884031] [local_costmap.local_costmap]: Timed out waiting for transform from base_link to odom to become available, tf error: Invalid frame ID "odom" passed to canTransform argument target_frame - frame does not exist
[amcl-9] [INFO] [1775251077.533827823] [amcl]: Message Filter dropping message: frame 'laser' at time 1775251076.398 for reason 'the timestamp on the message is earlier than all the data in the transform cache'
[controller_server-11] [INFO] [1775251077.989867042] [local_costmap.local_costmap]: Timed out waiting for transform from base_link to odom to become available, tf error: Invalid frame ID "odom" passed to canTransform argument target_frame - frame does not exist
[controller_server-11] [INFO] [1775251078.489901458] [local_costmap.local_costmap]: Timed out waiting for transform from base_link to odom to become available, tf error: Invalid frame ID "odom" passed to canTransform argument target_frame - frame does not exist
[rviz2-17] [INFO] [1775251078.601100399] [rviz]: Message Filter dropping message: frame 'laser' at time 1775251076.681 for reason 'discarding message because the queue is full'
[controller_server-11] [INFO] [1775251078.989866987] [local_costmap.local_costmap]: Timed out waiting for transform from base_link to odom to become available, tf error: Invalid frame ID "odom" passed to canTransform argument target_frame - frame does not exist
[controller_server-11] [INFO] [1775251079.489872877] [local_costmap.local_costmap]: Timed out waiting for transform from base_link to odom to become available, tf error: Invalid frame ID "odom" passed to canTransform argument target_frame - frame does not exist
[controller_server-11] [INFO] [1775251079.989869216] [local_costmap.local_costmap]: Timed out waiting for transform from base_link to odom to become available, tf error: Invalid frame ID "odom" passed to canTransform argument target_frame - frame does not exist
[amcl-9] [INFO] [1775251080.075671297] [amcl]: Message Filter dropping message: frame 'laser' at time 1775251078.941 for reason 'the timestamp on the message is earlier than all the data in the transform cache'
[controller_server-11] [INFO] [1775251080.490000847] [local_costmap.local_costmap]: Timed out waiting for transform from base_link to odom to become available, tf error: Invalid frame ID "odom" passed to canTransform argument target_frame - frame does not exist
[controller_server-11] [INFO] [1775251080.989873157] [local_costmap.local_costmap]: Timed out waiting for transform from base_link to odom to become available, tf error: Invalid frame ID "odom" passed to canTransform argument target_frame - frame does not exist
[rviz2-17] [INFO] [1775251081.121373895] [rviz]: Message Filter dropping message: frame 'laser' at time 1775251079.222 for reason 'discarding message because the queue is full'
[controller_server-11] [INFO] [1775251081.489872692] [local_costmap.local_costmap]: Timed out waiting for transform from base_link to odom to become available, tf error: Invalid frame ID "odom" passed to canTransform argument target_frame - frame does not exist
[controller_server-11] [INFO] [1775251081.989869475] [local_costmap.local_costmap]: Timed out waiting for transform from base_link to odom to become available, tf error: Invalid frame ID "odom" passed to canTransform argument target_frame - frame does not exist
[controller_server-11] [INFO] [1775251082.489881756] [local_costmap.local_costmap]: Timed out waiting for transform from base_link to odom to become available, tf error: Invalid frame ID "odom" passed to canTransform argument target_frame - frame does not exist
[amcl-9] [INFO] [1775251082.628657488] [amcl]: Message Filter dropping message: frame 'laser' at time 1775251081.482 for reason 'the timestamp on the message is earlier than all the data in the transform cache'
[controller_server-11] [INFO] [1775251082.989963742] [local_costmap.local_costmap]: Timed out waiting for transform from base_link to odom to become available, tf error: Invalid frame ID "odom" passed to canTransform argument target_frame - frame does not exist
[controller_server-11] [INFO] [1775251083.489900917] [local_costmap.local_costmap]: Timed out waiting for transform from base_link to odom to become available, tf error: Invalid frame ID "odom" passed to canTransform argument target_frame - frame does not exist
[rviz2-17] [INFO] [1775251083.640078342] [rviz]: Message Filter dropping message: frame 'laser' at time 1775251081.764 for reason 'discarding message because the queue is full'
[controller_server-11] [INFO] [1775251083.989930666] [local_costmap.local_costmap]: Timed out waiting for transform from base_link to odom to become available, tf error: Invalid frame ID "odom" passed to canTransform argument target_frame - frame does not exist
[controller_server-11] [INFO] [1775251084.490010332] [local_costmap.local_costmap]: Timed out waiting for transform from base_link to odom to become available, tf error: Invalid frame ID "odom" passed to canTransform argument target_frame - frame does not exist
[controller_server-11] [INFO] [1775251084.989877755] [local_costmap.local_costmap]: Timed out waiting for transform from base_link to odom to become available, tf error: Invalid frame ID "odom" passed to canTransform argument target_frame - frame does not exist
[amcl-9] [INFO] [1775251085.171833144] [amcl]: Message Filter dropping message: frame 'laser' at time 1775251084.023 for reason 'the timestamp on the message is earlier than all the data in the transform cache'
[controller_server-11] [INFO] [1775251085.489871156] [local_costmap.local_costmap]: Timed out waiting for transform from base_link to odom to become available, tf error: Invalid frame ID "odom" passed to canTransform argument target_frame - frame does not exist
[controller_server-11] [INFO] [1775251085.989921472] [local_costmap.local_costmap]: Timed out waiting for transform from base_link to odom to become available, tf error: Invalid frame ID "odom" passed to canTransform argument target_frame - frame does not exist
[rviz2-17] [INFO] [1775251086.233056309] [rviz]: Message Filter dropping message: frame 'laser' at time 1775251084.453 for reason 'discarding message because the queue is full'
[controller_server-11] [INFO] [1775251086.489903379] [local_costmap.local_costmap]: Timed out waiting for transform from base_link to odom to become available, tf error: Invalid frame ID "odom" passed to canTransform argument target_frame - frame does not exist
[controller_server-11] [INFO] [1775251086.989867677] [local_costmap.local_costmap]: Timed out waiting for transform from base_link to odom to become available, tf error: Invalid frame ID "odom" passed to canTransform argument target_frame - frame does not exist
[controller_server-11] [INFO] [1775251087.490005468] [local_costmap.local_costmap]: Timed out waiting for transform from base_link to odom to become available, tf error: Invalid frame ID "odom" passed to canTransform argument target_frame - frame does not exist
[amcl-9] [INFO] [1775251087.699431641] [amcl]: Message Filter dropping message: frame 'laser' at time 1775251086.565 for reason 'the timestamp on the message is earlier than all the data in the transform cache'
[controller_server-11] [INFO] [1775251087.989909123] [local_costmap.local_costmap]: Timed out waiting for transform from base_link to odom to become available, tf error: Invalid frame ID "odom" passed to canTransform argument target_frame - frame does not exist
[controller_server-11] [INFO] [1775251088.489885305] [local_costmap.local_costmap]: Timed out waiting for transform from base_link to odom to become available, tf error: Invalid frame ID "odom" passed to canTransform argument target_frame - frame does not exist
[rviz2-17] [INFO] [1775251088.817309952] [rviz]: Message Filter dropping message: frame 'laser' at time 1775251086.982 for reason 'discarding message because the queue is full'
[ERROR] [1775251088.825595120] [aruco_base_frame_estimator]: Unable to connect to arm action server. Timeout exceeded.
[controller_server-11] [INFO] [1775251088.989871406] [local_costmap.local_costmap]: Timed out waiting for transform from base_link to odom to become available, tf error: Invalid frame ID "odom" passed to canTransform argument target_frame - frame does not exist
[controller_server-11] [INFO] [1775251089.489906162] [local_costmap.local_costmap]: Timed out waiting for transform from base_link to odom to become available, tf error: Invalid frame ID "odom" passed to canTransform argument target_frame - frame does not exist
[controller_server-11] [INFO] [1775251089.989926880] [local_costmap.local_costmap]: Timed out waiting for transform from base_link to odom to become available, tf error: Invalid frame ID "odom" passed to canTransform argument target_frame - frame does not exist
[ERROR] [1775251090.071986514] [object_grasper]: Unable to connect to arm action server. Timeout exceeded.
[amcl-9] [INFO] [1775251090.229526558] [amcl]: Message Filter dropping message: frame 'laser' at time 1775251089.099 for reason 'the timestamp on the message is earlier than all the data in the transform cache'
[controller_server-11] [INFO] [1775251090.489886078] [local_costmap.local_costmap]: Timed out waiting for transform from base_link to odom to become available, tf error: Invalid frame ID "odom" passed to canTransform argument target_frame - frame does not exist
[controller_server-11] [INFO] [1775251090.990214156] [local_costmap.local_costmap]: Timed out waiting for transform from base_link to odom to become available, tf error: Invalid frame ID "odom" passed to canTransform argument target_frame - frame does not exist
[rviz2-17] [INFO] [1775251091.424597000] [rviz]: Message Filter dropping message: frame 'laser' at time 1775251089.512 for reason 'discarding message because the queue is full'
[controller_server-11] [INFO] [1775251091.489886743] [local_costmap.local_costmap]: Timed out waiting for transform from base_link to odom to become available, tf error: Invalid frame ID "odom" passed to canTransform argument target_frame - frame does not exist
[controller_server-11] [INFO] [1775251091.989870629] [local_costmap.local_costmap]: Timed out waiting for transform from base_link to odom to become available, tf error: Invalid frame ID "odom" passed to canTransform argument target_frame - frame does not exist
[controller_server-11] [INFO] [1775251092.489881619] [local_costmap.local_costmap]: Timed out waiting for transform from base_link to odom to become available, tf error: Invalid frame ID "odom" passed to canTransform argument target_frame - frame does not exist
[amcl-9] [INFO] [1775251092.771748395] [amcl]: Message Filter dropping message: frame 'laser' at time 1775251091.625 for reason 'the timestamp on the message is earlier than all the data in the transform cache'
[controller_server-11] [INFO] [1775251092.989869686] [local_costmap.local_costmap]: Timed out waiting for transform from base_link to odom to become available, tf error: Invalid frame ID "odom" passed to canTransform argument target_frame - frame does not exist
[controller_server-11] [INFO] [1775251093.489946173] [local_costmap.local_costmap]: Timed out waiting for transform from base_link to odom to become available, tf error: Invalid frame ID "odom" passed to canTransform argument target_frame - frame does not exist
[rviz2-17] [INFO] [1775251093.955967475] [rviz]: Message Filter dropping message: frame 'laser' at time 1775251091.907 for reason 'discarding message because the queue is full'
[controller_server-11] [INFO] [1775251093.989874570] [local_costmap.local_costmap]: Timed out waiting for transform from base_link to odom to become available, tf error: Invalid frame ID "odom" passed to canTransform argument target_frame - frame does not exist
[controller_server-11] [INFO] [1775251094.489935994] [local_costmap.local_costmap]: Timed out waiting for transform from base_link to odom to become available, tf error: Invalid frame ID "odom" passed to canTransform argument target_frame - frame does not exist
[controller_server-11] [INFO] [1775251094.989881147] [local_costmap.local_costmap]: Timed out waiting for transform from base_link to odom to become available, tf error: Invalid frame ID "odom" passed to canTransform argument target_frame - frame does not exist
[amcl-9] [INFO] [1775251095.314216365] [amcl]: Message Filter dropping message: frame 'laser' at time 1775251094.167 for reason 'the timestamp on the message is earlier than all the data in the transform cache'
[controller_server-11] [INFO] [1775251095.489881172] [local_costmap.local_costmap]: Timed out waiting for transform from base_link to odom to become available, tf error: Invalid frame ID "odom" passed to canTransform argument target_frame - frame does not exist
[controller_server-11] [INFO] [1775251095.989876372] [local_costmap.local_costmap]: Timed out waiting for transform from base_link to odom to become available, tf error: Invalid frame ID "odom" passed to canTransform argument target_frame - frame does not exist
[controller_server-11] [INFO] [1775251096.489879845] [local_costmap.local_costmap]: Timed out waiting for transform from base_link to odom to become available, tf error: Invalid frame ID "odom" passed to canTransform argument target_frame - frame does not exist
[rviz2-17] [INFO] [1775251096.650946401] [rviz]: Message Filter dropping message: frame 'laser' at time 1775251094.314 for reason 'discarding message because the queue is full'
[controller_server-11] [INFO] [1775251096.989872258] [local_costmap.local_costmap]: Timed out waiting for transform from base_link to odom to become available, tf error: Invalid frame ID "odom" passed to canTransform argument target_frame - frame does not exist
[controller_server-11] [INFO] [1775251097.489880369] [local_costmap.local_costmap]: Timed out waiting for transform from base_link to odom to become available, tf error: Invalid frame ID "odom" passed to canTransform argument target_frame - frame does not exist
[amcl-9] [INFO] [1775251097.846141278] [amcl]: Message Filter dropping message: frame 'laser' at time 1775251096.697 for reason 'the timestamp on the message is earlier than all the data in the transform cache'
[realsense2_camera_node-1] [0m[INFO] [1775251097.912368909] [rclcpp]: signal_handler(SIGINT/SIGTERM)[0m
[realsense2_camera_node-1] [0m[INFO] [1775251097.914263835] [camera]: Stop Sensor: Depth Module[0m
[realsense2_camera_node-1] [0m[INFO] [1775251097.914330611] [camera]: Close Sensor. [0m
[realsense2_camera_node-1] [0m[INFO] [1775251097.920468035] [camera]: Close Sensor - Done. [0m
[realsense2_camera_node-1] [0m[INFO] [1775251097.920538653] [camera]: Stop Sensor: RGB Camera[0m
[realsense2_camera_node-1] [0m[INFO] [1775251097.921738881] [camera]: Close Sensor. [0m
[realsense2_camera_node-1] [0m[INFO] [1775251097.926528820] [camera]: Close Sensor - Done. [0m
[realsense2_camera_node-1] [0m[INFO] [1775251097.926614742] [camera]: Stop Sensor: Motion Module[0m
[realsense2_camera_node-1] [0m[INFO] [1775251097.927221277] [camera]: Close Sensor. [0m
[d435i_accel_correction-2] Traceback (most recent call last):
[d435i_accel_correction-2]   File "/home/willy/ament_ws/install/stretch_core/lib/stretch_core/d435i_accel_correction", line 33, in <module>
[d435i_accel_correction-2]     sys.exit(load_entry_point('stretch-core==0.2.0', 'console_scripts', 'd435i_accel_correction')())
[d435i_accel_correction-2]   File "/home/willy/ament_ws/install/stretch_core/lib/python3.10/site-packages/stretch_core/d435i_accel_correction.py", line 47, in main
[d435i_accel_correction-2]     rclpy.spin(node)
[d435i_accel_correction-2]   File "/opt/ros/humble/local/lib/python3.10/dist-packages/rclpy/__init__.py", line 229, in spin
[d435i_accel_correction-2]     executor.spin_once()
[d435i_accel_correction-2]   File "/opt/ros/humble/local/lib/python3.10/dist-packages/rclpy/executors.py", line 808, in spin_once
[d435i_accel_correction-2]     self._spin_once_impl(timeout_sec)
[d435i_accel_correction-2]   File "/opt/ros/humble/local/lib/python3.10/dist-packages/rclpy/executors.py", line 797, in _spin_once_impl
[d435i_accel_correction-2]     handler, entity, node = self.wait_for_ready_callbacks(timeout_sec=timeout_sec)
[d435i_accel_correction-2]   File "/opt/ros/humble/local/lib/python3.10/dist-packages/rclpy/executors.py", line 780, in wait_for_ready_callbacks
[d435i_accel_correction-2]     return next(self._cb_iter)
[d435i_accel_correction-2]   File "/opt/ros/humble/local/lib/python3.10/dist-packages/rclpy/executors.py", line 681, in _wait_for_ready_callbacks
[d435i_accel_correction-2]     raise ExternalShutdownException()
[d435i_accel_correction-2] rclpy.executors.ExternalShutdownException
[realsense2_camera_node-1] [0m[INFO] [1775251098.924563964] [camera]: Close Sensor - Done. [0m
[ERROR] [d435i_accel_correction-2]: process has died [pid 7153, exit code 1, cmd '/home/willy/ament_ws/install/stretch_core/lib/stretch_core/d435i_accel_correction --ros-args'].
[INFO] [realsense2_camera_node-1]: process has finished cleanly [pid 7151]
