=== dock_pos.sh started at Sun Apr 12 06:29:25 PM EDT 2026 ===
Using named pose 'center': x=1.1141 y=1.191 yaw=0°
Goal: x=1.1141  y=1.191  yaw=0° (z=0.0, w=1.0)
Waiting for nodes to be ready (launch_nodes.sh)...
Nodes are ready!
requester: making request: std_srvs.srv.Trigger_Request()

response:
std_srvs.srv.Trigger_Response(success=True, message='Now in navigation mode.')

Waiting for controller_server...
Set parameter successful
Yaw tolerance set.
Resetting arm position...
requester: making request: std_srvs.srv.Trigger_Request()

response:
std_srvs.srv.Trigger_Response(success=True, message='Now in position mode.')

[INFO] [1776032970.878107705] [reset_pose]: reset_pose started
[INFO] [1776032970.918415990] [reset_pose]: Node reset_pose connected to /home_the_robot service.
[INFO] [1776032970.919889325] [reset_pose]: Node reset_pose connected to /stow_the_robot service.
[INFO] [1776032970.921272923] [reset_pose]: Node reset_pose connected to /stop_the_robot service.
[INFO] [1776032970.922641118] [reset_pose]: Node reset_pose connected to /switch_to_trajectory_mode service.
[INFO] [1776032970.927353063] [reset_pose]: Node reset_pose connected to /switch_to_position_mode service.
[INFO] [1776032970.929339340] [reset_pose]: Node reset_pose connected to /switch_to_navigation_mode service.
[INFO] [1776032970.929990291] [reset_pose]: Moving to default pose...
[INFO] [1776032970.993955992] [reset_pose]: Arm reset done.
[INFO] [1776032970.994636319] [reset_pose]: Skipping rotation (ROTATE_DEG=0).
[INFO] [1776032970.995103741] [reset_pose]: Done.
Arm reset complete (exit 0).
requester: making request: std_srvs.srv.Trigger_Request()

response:
std_srvs.srv.Trigger_Response(success=True, message='Now in navigation mode.')

=== Navigating to x=1.1141 y=1.191 yaw=0° ===
Waiting for an action server to become available...
Sending goal:
     pose:
  header:
    stamp:
      sec: 0
      nanosec: 0
    frame_id: map
  pose:
    position:
      x: 1.1141
      y: 1.191
      z: 0.0
    orientation:
      x: 0.0
      y: 0.0
      z: 0.0
      w: 1.0
behavior_tree: ''

Goal accepted with ID: bf3176477a56404fa1427e3c2e2a7b46

Result:
    result: {}

Goal finished with status: SUCCEEDED
Navigation succeeded!
=== dock_pos.sh finished at Sun Apr 12 06:29:43 PM EDT 2026 ===
