=== dock_grab.sh started at Mon Apr  6 02:58:23 PM EDT 2026 ===
Freeing robot process...
Done!
=== Launching all nodes ===
Waiting for Nav2 action server...
[INFO] [launch]: All log files can be found below /home/willy/.ros/log/2026-04-06-14-58-23-808776-stretch-re2-2204-20988
[INFO] [launch]: Default logging verbosity is set to INFO
[INFO] [launch]: All log files can be found below /home/willy/.ros/log/2026-04-06-14-58-23-861352-stretch-re2-2204-20989
[INFO] [launch]: Default logging verbosity is set to INFO
Nav2 is up!
Setting initial pose...
[INFO] [launch.user]: D435i launched in high resolution
[INFO] [realsense2_camera_node-1]: process started with pid [21058]
[INFO] [d435i_accel_correction-2]: process started with pid [21060]
[INFO] [1775501904.273200729] [aruco_base_frame_estimator]: aruco_base_frame_estimator started
[realsense2_camera_node-1] [0m[INFO] [1775501904.336193273] [camera]: RealSense ROS v4.55.1[0m
[realsense2_camera_node-1] [0m[INFO] [1775501904.337535149] [camera]: Built with LibRealSense v2.56.4[0m
[realsense2_camera_node-1] [0m[INFO] [1775501904.337557629] [camera]: Running with LibRealSense v2.56.4[0m
[realsense2_camera_node-1] [0m[INFO] [1775501904.386338710] [camera]: Device with serial number 239722071445 was found.
[realsense2_camera_node-1] [0m
[realsense2_camera_node-1] [0m[INFO] [1775501904.386425572] [camera]: Device with physical ID /sys/devices/pci0000:00/0000:00:0d.0/usb2/2-1/2-1:1.0/video4linux/video0 was found.[0m
[realsense2_camera_node-1] [0m[INFO] [1775501904.386449553] [camera]: Device with name Intel RealSense D435I was found.[0m
[realsense2_camera_node-1] [0m[INFO] [1775501904.386636560] [camera]: Device with port number 2-1 was found.[0m
[realsense2_camera_node-1] [0m[INFO] [1775501904.386667714] [camera]: Device USB type: 3.2[0m
[realsense2_camera_node-1] [0m[INFO] [1775501904.386687063] [camera]: Resetting device...[0m
[d435i_accel_correction-2] [INFO] [1775501904.477287004] [d435i_accel_correction_node]: d435i_accel_correction_node started
[INFO] [stretch_driver-3]: process started with pid [21208]
[INFO] [joint_state_publisher-1]: process started with pid [21204]
[INFO] [robot_state_publisher-2]: process started with pid [21206]
[INFO] [sllidar_node-4]: process started with pid [21210]
[INFO] [scan_to_scan_filter_chain-5]: process started with pid [21212]
[INFO] [joy_node-6]: process started with pid [21214]
[INFO] [teleop_node-7]: process started with pid [21216]
[INFO] [map_server-8]: process started with pid [21218]
[INFO] [amcl-9]: process started with pid [21220]
[INFO] [lifecycle_manager-10]: process started with pid [21222]
[INFO] [controller_server-11]: process started with pid [21224]
[INFO] [planner_server-12]: process started with pid [21226]
[INFO] [behavior_server-13]: process started with pid [21228]
[INFO] [bt_navigator-14]: process started with pid [21234]
[INFO] [waypoint_follower-15]: process started with pid [21242]
[INFO] [lifecycle_manager-16]: process started with pid [21341]
[INFO] [rviz2-17]: process started with pid [21354]
[sllidar_node-4] [INFO] [1775501904.819155184] [sllidar_node]: SLLidar running on ROS2 package SLLidar.ROS2 SDK Version:1.0.1, SLLIDAR SDK Version:2.1.0
[sllidar_node-4] [INFO] [1775501904.830632855] [sllidar_node]: SLLidar S/N: C394ED93C0EA98C9A5E698F2564A4669
[sllidar_node-4] [INFO] [1775501904.830692825] [sllidar_node]: Firmware Ver: 1.29
[sllidar_node-4] [INFO] [1775501904.830709013] [sllidar_node]: Hardware Rev: 7
[sllidar_node-4] [INFO] [1775501904.832351505] [sllidar_node]: SLLidar health status : 0
[sllidar_node-4] [INFO] [1775501904.832432432] [sllidar_node]: SLLidar health status : OK.
[scan_to_scan_filter_chain-5] [INFO] [1775501904.840423988] [laser_filter]: In shadow configure done
[scan_to_scan_filter_chain-5] [WARN] [1775501904.842847650] [rcl.logging_rosout]: Publisher already registered for provided node name. If this is due to multiple nodes with the same name then all logs for that logger name will go out over the existing publisher. As soon as any node with that name is destructed it will unregister the publisher, preventing any further logs for that name from being published on the rosout topic.
[teleop_node-7] [INFO] [1775501904.829590077] [TeleopTwistJoy]: Teleop enable button 4.
[teleop_node-7] [INFO] [1775501904.829653702] [TeleopTwistJoy]: Linear axis x on 4 at scale 0.500000.
[teleop_node-7] [INFO] [1775501904.829663902] [TeleopTwistJoy]: Angular axis yaw on 3 at scale 0.500000.
[map_server-8] [INFO] [1775501904.867705640] [map_server]: 
[map_server-8] 	map_server lifecycle node launched. 
[map_server-8] 	Waiting on external lifecycle transitions to activate
[map_server-8] 	See https://design.ros2.org/articles/node_lifecycle.html for more information.
[map_server-8] [INFO] [1775501904.868227409] [map_server]: Creating
[amcl-9] [INFO] [1775501904.837087878] [amcl]: 
[amcl-9] 	amcl lifecycle node launched. 
[amcl-9] 	Waiting on external lifecycle transitions to activate
[amcl-9] 	See https://design.ros2.org/articles/node_lifecycle.html for more information.
[amcl-9] [INFO] [1775501904.838526425] [amcl]: Creating
[lifecycle_manager-10] [INFO] [1775501904.824228938] [lifecycle_manager_localization]: Creating
[lifecycle_manager-10] [INFO] [1775501904.831438800] [lifecycle_manager_localization]: [34m[1mCreating and initializing lifecycle service clients[0m[0m
[controller_server-11] [INFO] [1775501904.840828993] [controller_server]: 
[controller_server-11] 	controller_server lifecycle node launched. 
[controller_server-11] 	Waiting on external lifecycle transitions to activate
[controller_server-11] 	See https://design.ros2.org/articles/node_lifecycle.html for more information.
[controller_server-11] [INFO] [1775501904.868637460] [controller_server]: Creating controller server
[planner_server-12] [INFO] [1775501904.831384116] [planner_server]: 
[planner_server-12] 	planner_server lifecycle node launched. 
[planner_server-12] 	Waiting on external lifecycle transitions to activate
[planner_server-12] 	See https://design.ros2.org/articles/node_lifecycle.html for more information.
[planner_server-12] [INFO] [1775501904.853197738] [planner_server]: Creating
[lifecycle_manager-16] [INFO] [1775501904.873339614] [lifecycle_manager_navigation]: Creating
[waypoint_follower-15] [INFO] [1775501904.875140926] [waypoint_follower]: 
[waypoint_follower-15] 	waypoint_follower lifecycle node launched. 
[waypoint_follower-15] 	Waiting on external lifecycle transitions to activate
[waypoint_follower-15] 	See https://design.ros2.org/articles/node_lifecycle.html for more information.
[lifecycle_manager-16] [INFO] [1775501904.879202169] [lifecycle_manager_navigation]: [34m[1mCreating and initializing lifecycle service clients[0m[0m
[waypoint_follower-15] [INFO] [1775501904.881411625] [waypoint_follower]: Creating
[bt_navigator-14] [INFO] [1775501904.897222306] [bt_navigator]: 
[bt_navigator-14] 	bt_navigator lifecycle node launched. 
[bt_navigator-14] 	Waiting on external lifecycle transitions to activate
[bt_navigator-14] 	See https://design.ros2.org/articles/node_lifecycle.html for more information.
[bt_navigator-14] [INFO] [1775501904.897401645] [bt_navigator]: Creating
[planner_server-12] [INFO] [1775501904.902155726] [global_costmap.global_costmap]: 
[planner_server-12] 	global_costmap lifecycle node launched. 
[planner_server-12] 	Waiting on external lifecycle transitions to activate
[planner_server-12] 	See https://design.ros2.org/articles/node_lifecycle.html for more information.
[planner_server-12] [INFO] [1775501904.907202474] [global_costmap.global_costmap]: Creating Costmap
[behavior_server-13] [INFO] [1775501904.910559493] [behavior_server]: 
[behavior_server-13] 	behavior_server lifecycle node launched. 
[behavior_server-13] 	Waiting on external lifecycle transitions to activate
[behavior_server-13] 	See https://design.ros2.org/articles/node_lifecycle.html for more information.
[controller_server-11] [INFO] [1775501904.917171436] [local_costmap.local_costmap]: 
[controller_server-11] 	local_costmap lifecycle node launched. 
[controller_server-11] 	Waiting on external lifecycle transitions to activate
[controller_server-11] 	See https://design.ros2.org/articles/node_lifecycle.html for more information.
[controller_server-11] [INFO] [1775501904.921115965] [local_costmap.local_costmap]: Creating Costmap
[lifecycle_manager-10] [INFO] [1775501904.933277340] [lifecycle_manager_localization]: [34m[1mStarting managed nodes bringup...[0m[0m
[lifecycle_manager-10] [INFO] [1775501904.933383544] [lifecycle_manager_localization]: [34m[1mConfiguring map_server[0m[0m
[map_server-8] [INFO] [1775501904.935552717] [map_server]: Configuring
[map_server-8] [INFO] [1775501904.937330401] [map_io]: Loading yaml file: /home/willy/stretch_user/maps/testing_map.yaml
[map_server-8] [INFO] [1775501904.937728134] [map_io]: resolution: 0.05
[map_server-8] [INFO] [1775501904.937745669] [map_io]: origin[0]: -11.5
[map_server-8] [INFO] [1775501904.937750759] [map_io]: origin[1]: -1.71
[map_server-8] [INFO] [1775501904.937755296] [map_io]: origin[2]: 0
[map_server-8] [INFO] [1775501904.937759586] [map_io]: free_thresh: 0.25
[map_server-8] [INFO] [1775501904.937763797] [map_io]: occupied_thresh: 0.65
[map_server-8] [INFO] [1775501904.937768645] [map_io]: mode: trinary
[map_server-8] [INFO] [1775501904.937775185] [map_io]: negate: 0
[map_server-8] [INFO] [1775501904.938020885] [map_io]: Loading image_file: /home/willy/stretch_user/maps/testing_map.pgm
[map_server-8] [INFO] [1775501904.953766143] [map_io]: Read map /home/willy/stretch_user/maps/testing_map.pgm: 416 X 249 map @ 0.05 m/cell
[lifecycle_manager-10] [INFO] [1775501904.960387479] [lifecycle_manager_localization]: [34m[1mConfiguring amcl[0m[0m
[amcl-9] [INFO] [1775501904.960627783] [amcl]: Configuring
[amcl-9] [INFO] [1775501904.960724947] [amcl]: initTransforms
[rviz2-17] qt.qpa.xcb: could not connect to display 
[rviz2-17] qt.qpa.plugin: Could not load the Qt platform plugin "xcb" in "/usr/lib/x86_64-linux-gnu/qt5/plugins/platforms/libqxcb.so" even though it was found.
[rviz2-17] This application failed to start because no Qt platform plugin could be initialized. Reinstalling the application may fix this problem.
[rviz2-17] 
[rviz2-17] Available platform plugins are: eglfs, linuxfb, minimal, minimalegl, offscreen, vnc, xcb.
[rviz2-17] 
[amcl-9] [INFO] [1775501904.968161013] [amcl]: initPubSub
[amcl-9] [INFO] [1775501904.970762091] [amcl]: Subscribed to map topic.
[lifecycle_manager-10] [INFO] [1775501904.980013098] [lifecycle_manager_localization]: [34m[1mActivating map_server[0m[0m
[map_server-8] [INFO] [1775501904.980440306] [map_server]: Activating
[map_server-8] [INFO] [1775501904.981186001] [map_server]: Creating bond (map_server) to lifecycle manager.
[amcl-9] [INFO] [1775501904.983224322] [amcl]: Received a 416 X 249 map @ 0.050 m/pix
[lifecycle_manager-16] [INFO] [1775501905.037209340] [lifecycle_manager_navigation]: [34m[1mStarting managed nodes bringup...[0m[0m
[lifecycle_manager-16] [INFO] [1775501905.037277446] [lifecycle_manager_navigation]: [34m[1mConfiguring controller_server[0m[0m
[controller_server-11] [INFO] [1775501905.037550917] [controller_server]: Configuring controller interface
[controller_server-11] [INFO] [1775501905.037760859] [controller_server]: getting goal checker plugins..
[controller_server-11] [INFO] [1775501905.037898914] [controller_server]: Controller frequency set to 20.0000Hz
[controller_server-11] [INFO] [1775501905.037941630] [local_costmap.local_costmap]: Configuring
[sllidar_node-4] [INFO] [1775501905.040930775] [sllidar_node]: current scan mode: Boost, sample rate: 8 Khz, max_distance: 12.0 m, scan frequency:10.0 Hz, 
[controller_server-11] [INFO] [1775501905.044135179] [local_costmap.local_costmap]: Using plugin "obstacle_layer"
[controller_server-11] [INFO] [1775501905.051566430] [local_costmap.local_costmap]: Subscribed to Topics: scan
[controller_server-11] [INFO] [1775501905.059286286] [local_costmap.local_costmap]: Initialized plugin "obstacle_layer"
[controller_server-11] [INFO] [1775501905.059334983] [local_costmap.local_costmap]: Using plugin "voxel_layer"
[controller_server-11] [INFO] [1775501905.063049806] [local_costmap.local_costmap]: Subscribed to Topics: scan
[controller_server-11] [INFO] [1775501905.073087441] [local_costmap.local_costmap]: Initialized plugin "voxel_layer"
[controller_server-11] [INFO] [1775501905.073136458] [local_costmap.local_costmap]: Using plugin "inflation_layer"
[controller_server-11] [INFO] [1775501905.079702647] [local_costmap.local_costmap]: Initialized plugin "inflation_layer"
[controller_server-11] [INFO] [1775501905.093301610] [controller_server]: Created progress_checker : progress_checker of type nav2_controller::SimpleProgressChecker
[lifecycle_manager-10] [INFO] [1775501905.095734251] [lifecycle_manager_localization]: Server map_server connected with bond.
[controller_server-11] [INFO] [1775501905.096128173] [controller_server]: Created goal checker : general_goal_checker of type nav2_controller::SimpleGoalChecker
[lifecycle_manager-10] [INFO] [1775501905.096890599] [lifecycle_manager_localization]: [34m[1mActivating amcl[0m[0m
[amcl-9] [INFO] [1775501905.097372253] [amcl]: Activating
[amcl-9] [INFO] [1775501905.097420061] [amcl]: Creating bond (amcl) to lifecycle manager.
[controller_server-11] [INFO] [1775501905.098911469] [controller_server]: Controller Server has general_goal_checker  goal checkers available.
[controller_server-11] [INFO] [1775501905.104433105] [controller_server]: Created controller : FollowPath of type dwb_core::DWBLocalPlanner
[controller_server-11] [INFO] [1775501905.110371089] [controller_server]: Setting transform_tolerance to 0.200000
[controller_server-11] [INFO] [1775501905.132188306] [controller_server]: Using critic "RotateToGoal" (dwb_critics::RotateToGoalCritic)
[controller_server-11] [INFO] [1775501905.135024062] [controller_server]: Critic plugin initialized
[controller_server-11] [INFO] [1775501905.135393473] [controller_server]: Using critic "Oscillation" (dwb_critics::OscillationCritic)
[controller_server-11] [INFO] [1775501905.136731639] [controller_server]: Critic plugin initialized
[controller_server-11] [INFO] [1775501905.136916394] [controller_server]: Using critic "BaseObstacle" (dwb_critics::BaseObstacleCritic)
[controller_server-11] [INFO] [1775501905.137194019] [controller_server]: Critic plugin initialized
[controller_server-11] [INFO] [1775501905.137678314] [controller_server]: Using critic "GoalAlign" (dwb_critics::GoalAlignCritic)
[controller_server-11] [INFO] [1775501905.138434931] [controller_server]: Critic plugin initialized
[controller_server-11] [INFO] [1775501905.138658990] [controller_server]: Using critic "PathAlign" (dwb_critics::PathAlignCritic)
[controller_server-11] [INFO] [1775501905.139141456] [controller_server]: Critic plugin initialized
[controller_server-11] [INFO] [1775501905.139321128] [controller_server]: Using critic "PathDist" (dwb_critics::PathDistCritic)
[controller_server-11] [INFO] [1775501905.139642397] [controller_server]: Critic plugin initialized
[controller_server-11] [INFO] [1775501905.139800668] [controller_server]: Using critic "GoalDist" (dwb_critics::GoalDistCritic)
[controller_server-11] [INFO] [1775501905.140318728] [controller_server]: Critic plugin initialized
[controller_server-11] [INFO] [1775501905.140538222] [controller_server]: Using critic "PreferForward" (dwb_critics::PreferForwardCritic)
[controller_server-11] [INFO] [1775501905.141506491] [controller_server]: Critic plugin initialized
[controller_server-11] [INFO] [1775501905.141543329] [controller_server]: Controller Server has FollowPath  controllers available.
[lifecycle_manager-16] [INFO] [1775501905.150002592] [lifecycle_manager_navigation]: [34m[1mConfiguring planner_server[0m[0m
[planner_server-12] [INFO] [1775501905.150229417] [planner_server]: Configuring
[planner_server-12] [INFO] [1775501905.150269017] [global_costmap.global_costmap]: Configuring
[planner_server-12] [INFO] [1775501905.161010016] [global_costmap.global_costmap]: Using plugin "static_layer"
[planner_server-12] [INFO] [1775501905.169173043] [global_costmap.global_costmap]: Subscribing to the map topic (/map) with transient local durability
[planner_server-12] [INFO] [1775501905.170975153] [global_costmap.global_costmap]: Initialized plugin "static_layer"
[planner_server-12] [INFO] [1775501905.171019337] [global_costmap.global_costmap]: Using plugin "obstacle_layer"
[planner_server-12] [INFO] [1775501905.174195200] [global_costmap.global_costmap]: Subscribed to Topics: scan
[planner_server-12] [INFO] [1775501905.178393477] [global_costmap.global_costmap]: Initialized plugin "obstacle_layer"
[planner_server-12] [INFO] [1775501905.178469181] [global_costmap.global_costmap]: Using plugin "voxel_layer"
[planner_server-12] [INFO] [1775501905.179453946] [global_costmap.global_costmap]: Subscribed to Topics: scan
[planner_server-12] [INFO] [1775501905.185465707] [global_costmap.global_costmap]: Initialized plugin "voxel_layer"
[planner_server-12] [INFO] [1775501905.185526681] [global_costmap.global_costmap]: Using plugin "inflation_layer"
[planner_server-12] [INFO] [1775501905.186583639] [global_costmap.global_costmap]: Initialized plugin "inflation_layer"
[planner_server-12] [INFO] [1775501905.193263819] [global_costmap.global_costmap]: StaticLayer: Resizing costmap to 416 X 249 at 0.050000 m/pix
[planner_server-12] [INFO] [1775501905.193947747] [planner_server]: Created global planner plugin GridBased of type nav2_navfn_planner/NavfnPlanner
[planner_server-12] [INFO] [1775501905.194036352] [planner_server]: Configuring plugin GridBased of type NavfnPlanner
[planner_server-12] [INFO] [1775501905.194823950] [planner_server]: Planner Server has GridBased  planners available.
[lifecycle_manager-10] [INFO] [1775501905.201511019] [lifecycle_manager_localization]: Server amcl connected with bond.
[lifecycle_manager-10] [INFO] [1775501905.201567313] [lifecycle_manager_localization]: [34m[1mManaged nodes are active[0m[0m
[lifecycle_manager-10] [INFO] [1775501905.201585068] [lifecycle_manager_localization]: [34m[1mCreating bond timer...[0m[0m
[lifecycle_manager-16] [INFO] [1775501905.202423465] [lifecycle_manager_navigation]: [34m[1mConfiguring behavior_server[0m[0m
[behavior_server-13] [INFO] [1775501905.202813953] [behavior_server]: Configuring
[behavior_server-13] [INFO] [1775501905.209623482] [behavior_server]: Creating behavior plugin spin of type nav2_behaviors/Spin
[behavior_server-13] [INFO] [1775501905.210718850] [behavior_server]: Configuring spin
[behavior_server-13] [INFO] [1775501905.214928707] [behavior_server]: Creating behavior plugin backup of type nav2_behaviors/BackUp
[behavior_server-13] [INFO] [1775501905.216438596] [behavior_server]: Configuring backup
[behavior_server-13] [INFO] [1775501905.220094357] [behavior_server]: Creating behavior plugin drive_on_heading of type nav2_behaviors/DriveOnHeading
[behavior_server-13] [INFO] [1775501905.221168818] [behavior_server]: Configuring drive_on_heading
[behavior_server-13] [INFO] [1775501905.224723277] [behavior_server]: Creating behavior plugin assisted_teleop of type nav2_behaviors/AssistedTeleop
[behavior_server-13] [INFO] [1775501905.226317808] [behavior_server]: Configuring assisted_teleop
[behavior_server-13] [INFO] [1775501905.230532416] [behavior_server]: Creating behavior plugin wait of type nav2_behaviors/Wait
[behavior_server-13] [INFO] [1775501905.231540843] [behavior_server]: Configuring wait
[lifecycle_manager-16] [INFO] [1775501905.234520503] [lifecycle_manager_navigation]: [34m[1mConfiguring bt_navigator[0m[0m
[bt_navigator-14] [INFO] [1775501905.234782872] [bt_navigator]: Configuring
[lifecycle_manager-16] [INFO] [1775501905.290841717] [lifecycle_manager_navigation]: [34m[1mConfiguring waypoint_follower[0m[0m
[waypoint_follower-15] [INFO] [1775501905.291204270] [waypoint_follower]: Configuring
[waypoint_follower-15] [INFO] [1775501905.298890812] [waypoint_follower]: Created waypoint_task_executor : wait_at_waypoint of type nav2_waypoint_follower::WaitAtWaypoint
[lifecycle_manager-16] [INFO] [1775501905.300091400] [lifecycle_manager_navigation]: [34m[1mActivating controller_server[0m[0m
[controller_server-11] [INFO] [1775501905.300232764] [controller_server]: Activating
[controller_server-11] [INFO] [1775501905.300274899] [local_costmap.local_costmap]: Activating
[controller_server-11] [INFO] [1775501905.300288889] [local_costmap.local_costmap]: Checking transform
[controller_server-11] [INFO] [1775501905.300350554] [local_costmap.local_costmap]: Timed out waiting for transform from base_link to odom to become available, tf error: Invalid frame ID "odom" passed to canTransform argument target_frame - frame does not exist
publisher: beginning loop
publishing #1: geometry_msgs.msg.PoseWithCovarianceStamped(header=std_msgs.msg.Header(stamp=builtin_interfaces.msg.Time(sec=0, nanosec=0), frame_id='map'), pose=geometry_msgs.msg.PoseWithCovariance(pose=geometry_msgs.msg.Pose(position=geometry_msgs.msg.Point(x=0.0, y=0.0, z=0.0), orientation=geometry_msgs.msg.Quaternion(x=0.0, y=0.0, z=0.0, w=1.0)), covariance=array([0.25, 0.  , 0.  , 0.  , 0.  , 0.  , 0.  , 0.25, 0.  , 0.  , 0.  ,
       0.  , 0.  , 0.  , 0.  , 0.  , 0.  , 0.  , 0.  , 0.  , 0.  , 0.  ,
       0.  , 0.  , 0.  , 0.  , 0.  , 0.  , 0.  , 0.  , 0.  , 0.  , 0.  ,
       0.  , 0.  , 0.07])))

[amcl-9] [INFO] [1775501905.497792114] [amcl]: initialPoseReceived
[amcl-9] [INFO] [1775501905.497947936] [amcl]: Setting pose (1775501905.497948): 0.000 0.000 0.000
[INFO] [1775501905.506121323] [object_grasper]: object_grasper started
[joy_node-6] [INFO] [1775501905.560193463] [joy_node]: Opened joystick: Controller 1.05.  deadzone: 0.050000
[controller_server-11] [INFO] [1775501905.800401983] [local_costmap.local_costmap]: Timed out waiting for transform from base_link to odom to become available, tf error: Invalid frame ID "odom" passed to canTransform argument target_frame - frame does not exist
[scan_to_scan_filter_chain-5] [WARN] [1775501905.826401716] [laser_filter]: diagnostic_updater: No HW_ID was set. This is probably a bug. Please report it. For devices that do not have a HW_ID, set this value to 'none'. This warning only occurs once all diagnostics are OK. It is okay to wait until the device is open before calling setHardwareID.
Waiting for AMCL to localize...
[ERROR] [rviz2-17]: process has died [pid 21354, exit code -6, cmd '/opt/ros/humble/lib/rviz2/rviz2 -d /opt/ros/humble/share/nav2_bringup/rviz/nav2_default_view.rviz --ros-args'].
[INFO] [lifecycle_manager-16]: sending signal 'SIGINT' to process[lifecycle_manager-16]
[INFO] [waypoint_follower-15]: sending signal 'SIGINT' to process[waypoint_follower-15]
[INFO] [bt_navigator-14]: sending signal 'SIGINT' to process[bt_navigator-14]
[INFO] [behavior_server-13]: sending signal 'SIGINT' to process[behavior_server-13]
[INFO] [planner_server-12]: sending signal 'SIGINT' to process[planner_server-12]
[INFO] [controller_server-11]: sending signal 'SIGINT' to process[controller_server-11]
[INFO] [lifecycle_manager-10]: sending signal 'SIGINT' to process[lifecycle_manager-10]
[INFO] [amcl-9]: sending signal 'SIGINT' to process[amcl-9]
[INFO] [map_server-8]: sending signal 'SIGINT' to process[map_server-8]
[INFO] [teleop_node-7]: sending signal 'SIGINT' to process[teleop_node-7]
[INFO] [joy_node-6]: sending signal 'SIGINT' to process[joy_node-6]
[INFO] [scan_to_scan_filter_chain-5]: sending signal 'SIGINT' to process[scan_to_scan_filter_chain-5]
[INFO] [sllidar_node-4]: sending signal 'SIGINT' to process[sllidar_node-4]
[INFO] [stretch_driver-3]: sending signal 'SIGINT' to process[stretch_driver-3]
[INFO] [robot_state_publisher-2]: sending signal 'SIGINT' to process[robot_state_publisher-2]
[INFO] [joint_state_publisher-1]: sending signal 'SIGINT' to process[joint_state_publisher-1]
[lifecycle_manager-16] [INFO] [1775501906.109849472] [rclcpp]: signal_handler(SIGINT/SIGTERM)
[lifecycle_manager-16] [INFO] [1775501906.109929210] [lifecycle_manager_navigation]: Running Nav2 LifecycleManager rcl preshutdown (lifecycle_manager_navigation)
[waypoint_follower-15] [INFO] [1775501906.115306720] [rclcpp]: signal_handler(SIGINT/SIGTERM)
[waypoint_follower-15] [INFO] [1775501906.115375932] [waypoint_follower]: Running Nav2 LifecycleNode rcl preshutdown (waypoint_follower)
[waypoint_follower-15] [INFO] [1775501906.115432075] [waypoint_follower]: Cleaning up
[bt_navigator-14] [INFO] [1775501906.118959818] [rclcpp]: signal_handler(SIGINT/SIGTERM)
[bt_navigator-14] [INFO] [1775501906.119038033] [bt_navigator]: Running Nav2 LifecycleNode rcl preshutdown (bt_navigator)
[bt_navigator-14] [INFO] [1775501906.119093682] [bt_navigator]: Cleaning up
[waypoint_follower-15] [INFO] [1775501906.124723497] [waypoint_follower]: Destroying bond (waypoint_follower) to lifecycle manager.
[stretch_driver-3] [0m[INFO] [1775501906.125251843] [stretch_driver]: For use with S T R E T C H (TM) RESEARCH EDITION from Hello Robot Inc.[0m
[stretch_driver-3] [0m[INFO] [1775501906.125718894] [stretch_driver]: stretch_driver started[0m
[behavior_server-13] [INFO] [1775501906.126615867] [rclcpp]: signal_handler(SIGINT/SIGTERM)
[behavior_server-13] [INFO] [1775501906.126749624] [behavior_server]: Running Nav2 LifecycleNode rcl preshutdown (behavior_server)
[behavior_server-13] [INFO] [1775501906.126814384] [behavior_server]: Cleaning up
[planner_server-12] [INFO] [1775501906.133416494] [rclcpp]: signal_handler(SIGINT/SIGTERM)
[planner_server-12] [INFO] [1775501906.133788032] [planner_server]: Running Nav2 LifecycleNode rcl preshutdown (planner_server)
[planner_server-12] [INFO] [1775501906.133856541] [planner_server]: Cleaning up
[behavior_server-13] [INFO] [1775501906.134499216] [behavior_server]: Destroying bond (behavior_server) to lifecycle manager.
[waypoint_follower-15] [INFO] [1775501906.136411455] [waypoint_follower]: Destroying
[controller_server-11] [INFO] [1775501906.139485909] [rclcpp]: signal_handler(SIGINT/SIGTERM)
[controller_server-11] [INFO] [1775501906.139575696] [controller_server]: Running Nav2 LifecycleNode rcl preshutdown (controller_server)
[controller_server-11] [INFO] [1775501906.139842012] [controller_server]: Destroying bond (controller_server) to lifecycle manager.
[controller_server-11] [INFO] [1775501906.140207428] [local_costmap.local_costmap]: start
[controller_server-11] [ERROR] [1775501906.140469647] [local_costmap.local_costmap]: Caught exception in callback for transition 13
[controller_server-11] [ERROR] [1775501906.140477395] [local_costmap.local_costmap]: Original error: could not create subscription: rcl node's context is invalid, at ./src/rcl/node.c:428
[controller_server-11] [ERROR] [1775501906.140499353] [local_costmap.local_costmap]: Failed to finish transition 3. Current state is now: errorprocessing (Could not publish transition: publisher's context is invalid, at ./src/rcl/publisher.c:389, at ./src/rcl_lifecycle.c:368)
[controller_server-11] [INFO] [1775501906.140525160] [controller_server]: Creating bond (controller_server) to lifecycle manager.
[controller_server-11] [ERROR] [1775501906.140669249] [controller_server]: Caught exception in callback for transition 13
[controller_server-11] [ERROR] [1775501906.140672882] [controller_server]: Original error: could not create publisher: rcl node's context is invalid, at ./src/rcl/node.c:428
[controller_server-11] [ERROR] [1775501906.140678914] [controller_server]: Failed to finish transition 3. Current state is now: errorprocessing (Could not publish transition: publisher's context is invalid, at ./src/rcl/publisher.c:389, at ./src/rcl_lifecycle.c:368)
[lifecycle_manager-10] [INFO] [1775501906.147920023] [rclcpp]: signal_handler(SIGINT/SIGTERM)
[lifecycle_manager-10] [INFO] [1775501906.148055080] [lifecycle_manager_localization]: Running Nav2 LifecycleManager rcl preshutdown (lifecycle_manager_localization)
[lifecycle_manager-10] [INFO] [1775501906.148100422] [lifecycle_manager_localization]: [34m[1mTerminating bond timer...[0m[0m
[amcl-9] [INFO] [1775501906.155286923] [rclcpp]: signal_handler(SIGINT/SIGTERM)
[amcl-9] [INFO] [1775501906.155571119] [amcl]: Running Nav2 LifecycleNode rcl preshutdown (amcl)
[amcl-9] [INFO] [1775501906.155702529] [amcl]: Deactivating
[amcl-9] [INFO] [1775501906.155724957] [amcl]: Destroying bond (amcl) to lifecycle manager.
[map_server-8] [INFO] [1775501906.160320434] [rclcpp]: signal_handler(SIGINT/SIGTERM)
[map_server-8] [INFO] [1775501906.160451543] [map_server]: Running Nav2 LifecycleNode rcl preshutdown (map_server)
[map_server-8] [INFO] [1775501906.160521684] [map_server]: Deactivating
[map_server-8] [INFO] [1775501906.160541330] [map_server]: Destroying bond (map_server) to lifecycle manager.
[planner_server-12] [INFO] [1775501906.164007051] [global_costmap.global_costmap]: Cleaning up
[bt_navigator-14] [INFO] [1775501906.163998561] [bt_navigator]: Completed Cleaning up
[bt_navigator-14] [INFO] [1775501906.164303443] [bt_navigator]: Destroying bond (bt_navigator) to lifecycle manager.
[amcl-9] [INFO] [1775501906.166934381] [amcl]: Cleaning up
[teleop_node-7] [INFO] [1775501906.170729310] [rclcpp]: signal_handler(SIGINT/SIGTERM)
[controller_server-11] Warning: class_loader.ClassLoader: SEVERE WARNING!!! Attempting to unload library while objects created by this loader exist in the heap! You should delete your objects before attempting to unload the library or destroying the ClassLoader. The library will NOT be unloaded.
[controller_server-11]          at line 127 in ./src/class_loader.cpp
[controller_server-11] terminate called without an active exception
[map_server-8] [INFO] [1775501906.171184380] [map_server]: Cleaning up
[map_server-8] [INFO] [1775501906.171243151] [map_server]: Destroying bond (map_server) to lifecycle manager.
[planner_server-12] [INFO] [1775501906.173356396] [planner_server]: Cleaning up plugin GridBased of type NavfnPlanner
[planner_server-12] [INFO] [1775501906.173746557] [planner_server]: Destroying plugin GridBased of type NavfnPlanner
[joy_node-6] [INFO] [1775501906.175451303] [rclcpp]: signal_handler(SIGINT/SIGTERM)
[amcl-9] [INFO] [1775501906.179488435] [amcl]: Destroying bond (amcl) to lifecycle manager.
[scan_to_scan_filter_chain-5] [INFO] [1775501906.184994292] [rclcpp]: signal_handler(SIGINT/SIGTERM)
[bt_navigator-14] [INFO] [1775501906.192768718] [bt_navigator]: Destroying
[planner_server-12] [INFO] [1775501906.196800531] [planner_server]: Destroying bond (planner_server) to lifecycle manager.
[behavior_server-13] [INFO] [1775501906.199819977] [behavior_server]: Destroying
[planner_server-12] [INFO] [1775501906.199930967] [global_costmap.global_costmap]: Destroying
[planner_server-12] [INFO] [1775501906.228607359] [planner_server]: Destroying
[joint_state_publisher-1] Traceback (most recent call last):
[joint_state_publisher-1]   File "/opt/ros/humble/lib/joint_state_publisher/joint_state_publisher", line 33, in <module>
[joint_state_publisher-1]     sys.exit(load_entry_point('joint-state-publisher==2.4.0', 'console_scripts', 'joint_state_publisher')())
[joint_state_publisher-1]   File "/opt/ros/humble/lib/python3.10/site-packages/joint_state_publisher/joint_state_publisher.py", line 466, in main
[joint_state_publisher-1]     rclpy.spin(jsp)
[joint_state_publisher-1]   File "/opt/ros/humble/local/lib/python3.10/dist-packages/rclpy/__init__.py", line 229, in spin
[joint_state_publisher-1]     executor.spin_once()
[joint_state_publisher-1]   File "/opt/ros/humble/local/lib/python3.10/dist-packages/rclpy/executors.py", line 808, in spin_once
[joint_state_publisher-1]     self._spin_once_impl(timeout_sec)
[joint_state_publisher-1]   File "/opt/ros/humble/local/lib/python3.10/dist-packages/rclpy/executors.py", line 797, in _spin_once_impl
[joint_state_publisher-1]     handler, entity, node = self.wait_for_ready_callbacks(timeout_sec=timeout_sec)
[joint_state_publisher-1]   File "/opt/ros/humble/local/lib/python3.10/dist-packages/rclpy/executors.py", line 780, in wait_for_ready_callbacks
[joint_state_publisher-1]     return next(self._cb_iter)
[joint_state_publisher-1]   File "/opt/ros/humble/local/lib/python3.10/dist-packages/rclpy/executors.py", line 681, in _wait_for_ready_callbacks
[joint_state_publisher-1]     raise ExternalShutdownException()
[joint_state_publisher-1] rclpy.executors.ExternalShutdownException
[amcl-9] [INFO] [1775501906.257589901] [amcl]: Destroying
[map_server-8] [INFO] [1775501906.291318315] [map_server]: Destroying
[lifecycle_manager-10] [INFO] [1775501906.293878768] [lifecycle_manager_localization]: Destroying lifecycle_manager_localization
[sllidar_node-4] [INFO] [1775501906.560594660] [sllidar_node]: Stop motor
[stretch_driver-3] Key mapped to End-Of-Arm Tool: tool_stretch_dex_wrist
[stretch_driver-3] Unable to load URDF: /home/willy/.local/lib/python3.10/site-packages/stretch_urdf/RE2V0/stretch_description_RE2V0_tool_stretch_dex_wrist.urdf. Disabling collision system.
[INFO] [waypoint_follower-15]: process has finished cleanly [pid 21242]
[INFO] [teleop_node-7]: process has finished cleanly [pid 21216]
[INFO] [bt_navigator-14]: process has finished cleanly [pid 21234]
[INFO] [behavior_server-13]: process has finished cleanly [pid 21228]
[INFO] [scan_to_scan_filter_chain-5]: process has finished cleanly [pid 21212]
[INFO] [planner_server-12]: process has finished cleanly [pid 21226]
[INFO] [joy_node-6]: process has finished cleanly [pid 21214]
[INFO] [amcl-9]: process has finished cleanly [pid 21220]
[ERROR] [controller_server-11]: process has died [pid 21224, exit code -6, cmd '/opt/ros/humble/lib/nav2_controller/controller_server --ros-args --params-file /tmp/tmp1eut1qqh -r /tf:=tf -r /tf_static:=tf_static -r /cmd_vel:=/stretch/cmd_vel'].
[INFO] [lifecycle_manager-10]: process has finished cleanly [pid 21222]
[INFO] [map_server-8]: process has finished cleanly [pid 21218]
[ERROR] [joint_state_publisher-1]: process has died [pid 21204, exit code 1, cmd '/opt/ros/humble/lib/joint_state_publisher/joint_state_publisher --ros-args --log-level error --ros-args --params-file /tmp/launch_params_o27f4q07 --params-file /tmp/launch_params_1g_imdnu'].
[INFO] [sllidar_node-4]: process has finished cleanly [pid 21210]
[stretch_driver-3] Traceback (most recent call last):
[stretch_driver-3]   File "/home/willy/ament_ws/install/stretch_core/lib/stretch_core/stretch_driver", line 33, in <module>
[stretch_driver-3]     sys.exit(load_entry_point('stretch-core==0.2.0', 'console_scripts', 'stretch_driver')())
[stretch_driver-3]   File "/home/willy/ament_ws/install/stretch_core/lib/python3.10/site-packages/stretch_core/stretch_driver.py", line 1116, in main
[stretch_driver-3]     node = StretchDriver()
[stretch_driver-3]   File "/home/willy/ament_ws/install/stretch_core/lib/python3.10/site-packages/stretch_core/stretch_driver.py", line 90, in __init__
[stretch_driver-3]     self.ros_setup()
[stretch_driver-3]   File "/home/willy/ament_ws/install/stretch_core/lib/python3.10/site-packages/stretch_core/stretch_driver.py", line 893, in ros_setup
[stretch_driver-3]     self.declare_parameter('mode', "position")
[stretch_driver-3]   File "/opt/ros/humble/local/lib/python3.10/dist-packages/rclpy/node.py", line 367, in declare_parameter
[stretch_driver-3]     return self.declare_parameters('', [args], ignore_override)[0]
[stretch_driver-3]   File "/opt/ros/humble/local/lib/python3.10/dist-packages/rclpy/node.py", line 493, in declare_parameters
[stretch_driver-3]     self._set_parameters(
[stretch_driver-3]   File "/opt/ros/humble/local/lib/python3.10/dist-packages/rclpy/node.py", line 731, in _set_parameters
[stretch_driver-3]     result = self._set_parameters_atomically(
[stretch_driver-3]   File "/opt/ros/humble/local/lib/python3.10/dist-packages/rclpy/node.py", line 880, in _set_parameters_atomically
[stretch_driver-3]     self._parameter_event_publisher.publish(parameter_event)
[stretch_driver-3]   File "/opt/ros/humble/local/lib/python3.10/dist-packages/rclpy/publisher.py", line 70, in publish
[stretch_driver-3]     self.__publisher.publish(msg)
[stretch_driver-3] rclpy._rclpy_pybind11.RCLError: Failed to publish: publisher's context is invalid, at ./src/rcl/publisher.c:389
[lifecycle_manager-16] [ERROR] [1775501908.141673280] [lifecycle_manager_navigation]: Failed to change state for node: controller_server. Exception: controller_server/get_state service client: async_send_request failed.
[lifecycle_manager-16] [ERROR] [1775501908.141844131] [lifecycle_manager_navigation]: Failed to bring up all requested nodes. Aborting bringup.
[lifecycle_manager-16] [INFO] [1775501908.164519809] [lifecycle_manager_navigation]: Destroying lifecycle_manager_navigation
[INFO] [robot_state_publisher-2]: process has finished cleanly [pid 21206]
[INFO] [lifecycle_manager-16]: process has finished cleanly [pid 21341]
[ERROR] [stretch_driver-3]: process has died [pid 21208, exit code 1, cmd '/home/willy/ament_ws/install/stretch_core/lib/stretch_core/stretch_driver --ros-args --params-file /tmp/launch_params_49f4af85 -r cmd_vel:=/stretch/cmd_vel -r joint_states:=/stretch/joint_states'].
[realsense2_camera_node-1] [0m[INFO] [1775501910.447142358] [camera]: Device with serial number 239722071445 was found.
[realsense2_camera_node-1] [0m
[realsense2_camera_node-1] [0m[INFO] [1775501910.447207025] [camera]: Device with physical ID /sys/devices/pci0000:00/0000:00:0d.0/usb2/2-1/2-1:1.0/video4linux/video0 was found.[0m
[realsense2_camera_node-1] [0m[INFO] [1775501910.447220722] [camera]: Device with name Intel RealSense D435I was found.[0m
[realsense2_camera_node-1] [0m[INFO] [1775501910.447443764] [camera]: Device with port number 2-1 was found.[0m
[realsense2_camera_node-1] [0m[INFO] [1775501910.447491736] [camera]: Device USB type: 3.2[0m
[realsense2_camera_node-1] [0m[INFO] [1775501910.447573703] [camera]: getParameters...[0m
[realsense2_camera_node-1] [0m[INFO] [1775501910.801996737] [camera]: JSON file is loaded! (/home/willy/ament_ws/install/stretch_core/share/stretch_core/config/HighAccuracyPreset.json)[0m
[realsense2_camera_node-1] [0m[INFO] [1775501910.802210820] [camera]: Device Name: Intel RealSense D435I[0m
[realsense2_camera_node-1] [0m[INFO] [1775501910.802252555] [camera]: Device Serial No: 239722071445[0m
[realsense2_camera_node-1] [0m[INFO] [1775501910.802288516] [camera]: Device physical port: /sys/devices/pci0000:00/0000:00:0d.0/usb2/2-1/2-1:1.0/video4linux/video0[0m
[realsense2_camera_node-1] [0m[INFO] [1775501910.802322745] [camera]: Device FW version: 5.16.0.1[0m
[realsense2_camera_node-1] [0m[INFO] [1775501910.802357133] [camera]: Device Product ID: 0x0B3A[0m
[realsense2_camera_node-1] [0m[INFO] [1775501910.802383510] [camera]: Sync Mode: On[0m
[realsense2_camera_node-1] [33m[WARN] [1775501910.960507747] [camera]: re-enable the stream for the change to take effect.[0m
[realsense2_camera_node-1] [33m[WARN] [1775501910.961317630] [camera]: re-enable the stream for the change to take effect.[0m
[realsense2_camera_node-1] [33m[WARN] [1775501910.967417351] [camera]: re-enable the stream for the change to take effect.[0m
[realsense2_camera_node-1] [31m[ERROR] [1775501910.967925795] [camera]: Given value, 63 is invalid. Set ROS param back to: 100[0m
[realsense2_camera_node-1] [0m[INFO] [1775501910.971182180] [camera]: Stopping Sensor: Depth Module[0m
[realsense2_camera_node-1] [0m[INFO] [1775501910.971239739] [camera]: Stopping Sensor: RGB Camera[0m
[realsense2_camera_node-1] [0m[INFO] [1775501910.971254888] [camera]: Stopping Sensor: Motion Module[0m
[realsense2_camera_node-1] [0m[INFO] [1775501910.989422222] [camera]: Starting Sensor: Depth Module[0m
[realsense2_camera_node-1] [31m[ERROR] [1775501910.989972540] [camera]: /home/willy/ament_ws/src/realsense-ros/realsense2_camera/src/rs_node_setup.cpp:487:An exception has been thrown: xioctl(VIDIOC_S_FMT) failed, errno=16 Last Error: Device or resource busy[0m
[realsense2_camera_node-1] [31m[ERROR] [1775501910.989998262] [camera]: /home/willy/ament_ws/src/realsense-ros/realsense2_camera/src/rs_node_setup.cpp:369:An exception has been thrown: xioctl(VIDIOC_S_FMT) failed, errno=16 Last Error: Device or resource busy[0m
[realsense2_camera_node-1] Failed to start device: xioctl(VIDIOC_S_FMT) failed, errno=16 Last Error: Device or resource busy
[realsense2_camera_node-1] [0m[INFO] [1775501910.990093195] [camera]: Stopping Sensor: Depth Module[0m
[realsense2_camera_node-1] [0m[INFO] [1775501910.990210225] [camera]: Stopping Sensor: RGB Camera[0m
[realsense2_camera_node-1] [0m[INFO] [1775501910.990252772] [camera]: Stopping Sensor: Motion Module[0m
[realsense2_camera_node-1] [0m[INFO] [1775501910.993235364] [camera]: Starting Sensor: Depth Module[0m
[realsense2_camera_node-1] [31m[ERROR] [1775501911.023519813] [camera]: /home/willy/ament_ws/src/realsense-ros/realsense2_camera/src/rs_node_setup.cpp:487:An exception has been thrown: xioctl(VIDIOC_S_FMT) failed, errno=16 Last Error: Device or resource busy[0m
[realsense2_camera_node-1] [31m[ERROR] [1775501911.023653156] [camera]: /home/willy/ament_ws/src/realsense-ros/realsense2_camera/src/rs_node_setup.cpp:369:An exception has been thrown: xioctl(VIDIOC_S_FMT) failed, errno=16 Last Error: Device or resource busy[0m
[realsense2_camera_node-1] [31m[ERROR] [1775501911.023694545] [camera]: Error updating the sensors: xioctl(VIDIOC_S_FMT) failed, errno=16 Last Error: Device or resource busy[0m
[realsense2_camera_node-1] [0m[INFO] [1775501911.048015977] [camera]: Device with serial number 239722071445 was found.
[realsense2_camera_node-1] [0m
[realsense2_camera_node-1] [0m[INFO] [1775501911.048095107] [camera]: Device with physical ID /sys/devices/pci0000:00/0000:00:0d.0/usb2/2-1/2-1:1.0/video4linux/video0 was found.[0m
[realsense2_camera_node-1] [0m[INFO] [1775501911.048129371] [camera]: Device with name Intel RealSense D435I was found.[0m
[realsense2_camera_node-1] [0m[INFO] [1775501911.048541000] [camera]: Device with port number 2-1 was found.[0m
[realsense2_camera_node-1] [0m[INFO] [1775501911.048610482] [camera]: Device USB type: 3.2[0m
[realsense2_camera_node-1] [31m[ERROR] [1775501911.886925305] [camera]: The device has been disconnected![0m
[realsense2_camera_node-1] [31m[ERROR] [1775501911.990444676] [camera]: Error starting device: null pointer passed for argument "dev"[0m
[realsense2_camera_node-1] [0m[INFO] [1775501912.004204472] [camera]: Device with serial number 218622278011 was found.
[realsense2_camera_node-1] [0m
[realsense2_camera_node-1] [0m[INFO] [1775501912.004248569] [camera]: Device with physical ID /sys/devices/pci0000:00/0000:00:14.0/usb3/3-2/3-2.3/3-2.3.3/3-2.3.3.1/3-2.3.3.1:1.0/video4linux/video6 was found.[0m
[realsense2_camera_node-1] [0m[INFO] [1775501912.004264410] [camera]: Device with name Intel RealSense D405 was found.[0m
[realsense2_camera_node-1] [0m[INFO] [1775501912.004407137] [camera]: Device with port number 3-2.3.3.1 was found.[0m
[realsense2_camera_node-1] [31m[ERROR] [1775501912.004427901] [camera]: The requested device with serial number 239722071445 and device name containing d435 is NOT found. Will Try again.[0m
[realsense2_camera_node-1] [0m[INFO] [1775501912.713709680] [camera]: Checking new devices...[0m
[realsense2_camera_node-1] [0m[INFO] [1775501912.770058481] [camera]: Device with serial number 239722071445 was found.
[realsense2_camera_node-1] [0m
[realsense2_camera_node-1] [0m[INFO] [1775501912.770112466] [camera]: Device with physical ID /sys/devices/pci0000:00/0000:00:0d.0/usb2/2-1/2-1:1.0/video4linux/video0 was found.[0m
[realsense2_camera_node-1] [0m[INFO] [1775501912.770121979] [camera]: Device with name Intel RealSense D435I was found.[0m
[realsense2_camera_node-1] [0m[INFO] [1775501912.770261179] [camera]: Device with port number 2-1 was found.[0m
[realsense2_camera_node-1] [0m[INFO] [1775501912.770273715] [camera]: Device USB type: 3.2[0m
[realsense2_camera_node-1] [0m[INFO] [1775501912.770305719] [camera]: getParameters...[0m
[realsense2_camera_node-1] Failed to start device: xioctl(VIDIOC_S_CTRL) failed Last Error: Connection timed out
ERROR: AMCL failed to localize after 30s. Is stretch_driver running? Aborting.
=== Cleaning up... ===
Traceback (most recent call last):
  File "/home/willy/ament_ws/install/stretch_perception/lib/stretch_perception/altobject", line 33, in <module>
    sys.exit(load_entry_point('stretch-perception==0.0.0', 'console_scripts', 'altobject')())
  File "/home/willy/ament_ws/install/stretch_perception/lib/python3.10/site-packages/stretch_perception/altobject.py", line 267, in main
    node = ObjectGrasper()
  File "/home/willy/ament_ws/install/stretch_perception/lib/python3.10/site-packages/stretch_perception/altobject.py", line 34, in __init__
    super().main('object_grasper', 'object_grasper', wait_for_first_pointcloud=False)
  File "/home/willy/ament_ws/build/hello_helpers/src/hello_helpers/hello_misc.py", line 302, in main
    server_reached = self.trajectory_client.wait_for_server(timeout_sec=60.0)
  File "/opt/ros/humble/local/lib/python3.10/dist-packages/rclpy/action/client.py", line 606, in wait_for_server
    return self.server_is_ready()
  File "/opt/ros/humble/local/lib/python3.10/dist-packages/rclpy/action/client.py", line 585, in server_is_ready
    return self._client_handle.is_action_server_available()
rclpy._rclpy_pybind11.RCLError: Failed to check if action server is available: rcl node's context is invalid, at ./src/rcl/node.c:428
Traceback (most recent call last):
  File "/home/willy/tf.py", line 307, in <module>
    main()
  File "/home/willy/tf.py", line 297, in main
    node = ArUcoBaseFrameEstimator()
  File "/home/willy/tf.py", line 29, in __init__
    super().main('aruco_base_frame_estimator', 'aruco_base_frame_estimator', wait_for_first_pointcloud=False)
  File "/home/willy/ament_ws/build/hello_helpers/src/hello_helpers/hello_misc.py", line 302, in main
    server_reached = self.trajectory_client.wait_for_server(timeout_sec=60.0)
  File "/opt/ros/humble/local/lib/python3.10/dist-packages/rclpy/action/client.py", line 606, in wait_for_server
    return self.server_is_ready()
  File "/opt/ros/humble/local/lib/python3.10/dist-packages/rclpy/action/client.py", line 585, in server_is_ready
    return self._client_handle.is_action_server_available()
rclpy._rclpy_pybind11.RCLError: Failed to check if action server is available: rcl node's context is invalid, at ./src/rcl/node.c:428
Done!
=== Cleanup done ===
