=== dock_grab.sh started at Fri Apr  3 05:20:53 PM EDT 2026 ===
Freeing robot process...
Failed because robot is being used by another user. To force kill the process, try running "sudo -E env PATH=$PATH stretch_free_robot_process.py"
=== Launching all nodes ===
Waiting for Nav2 action server...
[INFO] [launch]: All log files can be found below /home/willy/.ros/log/2026-04-03-17-20-54-919546-stretch-re2-2204-9023
[INFO] [launch]: Default logging verbosity is set to INFO
[INFO] [launch]: All log files can be found below /home/willy/.ros/log/2026-04-03-17-20-54-987966-stretch-re2-2204-9024
[INFO] [launch]: Default logging verbosity is set to INFO
[INFO] [launch.user]: D435i launched in high resolution
[INFO] [realsense2_camera_node-1]: process started with pid [9099]
[INFO] [d435i_accel_correction-2]: process started with pid [9101]
[d435i_accel_correction-2] [INFO] [1775251255.673459073] [d435i_accel_correction_node]: d435i_accel_correction_node started
[realsense2_camera_node-1] [0m[INFO] [1775251255.698698027] [camera]: RealSense ROS v4.55.1[0m
[realsense2_camera_node-1] [0m[INFO] [1775251255.698806562] [camera]: Built with LibRealSense v2.56.4[0m
[realsense2_camera_node-1] [0m[INFO] [1775251255.698817363] [camera]: Running with LibRealSense v2.56.4[0m
[INFO] [1775251255.733310450] [aruco_base_frame_estimator]: aruco_base_frame_estimator started
[realsense2_camera_node-1] [0m[INFO] [1775251255.732981407] [camera]: Device with serial number 239722071445 was found.
[realsense2_camera_node-1] [0m
[realsense2_camera_node-1] [0m[INFO] [1775251255.733066743] [camera]: Device with physical ID /sys/devices/pci0000:00/0000:00:0d.0/usb2/2-1/2-1:1.0/video4linux/video0 was found.[0m
[realsense2_camera_node-1] [0m[INFO] [1775251255.733079559] [camera]: Device with name Intel RealSense D435I was found.[0m
[realsense2_camera_node-1] [0m[INFO] [1775251255.733263934] [camera]: Device with port number 2-1 was found.[0m
[realsense2_camera_node-1] [0m[INFO] [1775251255.733280229] [camera]: Device USB type: 3.2[0m
[realsense2_camera_node-1] [0m[INFO] [1775251255.733290570] [camera]: Resetting device...[0m
Nav2 is up!
Setting initial pose...
[INFO] [stretch_driver-3]: process started with pid [9257]
[INFO] [joint_state_publisher-1]: process started with pid [9252]
[INFO] [robot_state_publisher-2]: process started with pid [9254]
[INFO] [sllidar_node-4]: process started with pid [9259]
[INFO] [scan_to_scan_filter_chain-5]: process started with pid [9261]
[INFO] [joy_node-6]: process started with pid [9263]
[INFO] [teleop_node-7]: process started with pid [9265]
[INFO] [map_server-8]: process started with pid [9267]
[INFO] [amcl-9]: process started with pid [9269]
[INFO] [lifecycle_manager-10]: process started with pid [9271]
[INFO] [controller_server-11]: process started with pid [9273]
[INFO] [planner_server-12]: process started with pid [9275]
[INFO] [behavior_server-13]: process started with pid [9277]
[INFO] [bt_navigator-14]: process started with pid [9287]
[INFO] [waypoint_follower-15]: process started with pid [9297]
[INFO] [lifecycle_manager-16]: process started with pid [9404]
[INFO] [rviz2-17]: process started with pid [9406]
[sllidar_node-4] [INFO] [1775251256.018528638] [sllidar_node]: SLLidar running on ROS2 package SLLidar.ROS2 SDK Version:1.0.1, SLLIDAR SDK Version:2.1.0
[sllidar_node-4] [INFO] [1775251256.026443940] [sllidar_node]: SLLidar S/N: C394ED93C0EA98C9A5E698F2564A4669
[sllidar_node-4] [INFO] [1775251256.026532308] [sllidar_node]: Firmware Ver: 1.29
[sllidar_node-4] [INFO] [1775251256.026559370] [sllidar_node]: Hardware Rev: 7
[sllidar_node-4] [INFO] [1775251256.028850755] [sllidar_node]: SLLidar health status : 0
[sllidar_node-4] [INFO] [1775251256.028921108] [sllidar_node]: SLLidar health status : OK.
[scan_to_scan_filter_chain-5] [INFO] [1775251256.038336493] [laser_filter]: In shadow configure done
[scan_to_scan_filter_chain-5] [WARN] [1775251256.038712946] [rcl.logging_rosout]: Publisher already registered for provided node name. If this is due to multiple nodes with the same name then all logs for that logger name will go out over the existing publisher. As soon as any node with that name is destructed it will unregister the publisher, preventing any further logs for that name from being published on the rosout topic.
[teleop_node-7] [INFO] [1775251256.033457551] [TeleopTwistJoy]: Teleop enable button 4.
[teleop_node-7] [INFO] [1775251256.033554858] [TeleopTwistJoy]: Linear axis x on 4 at scale 0.500000.
[teleop_node-7] [INFO] [1775251256.033574511] [TeleopTwistJoy]: Angular axis yaw on 3 at scale 0.500000.
[map_server-8] [INFO] [1775251256.047969129] [map_server]: 
[map_server-8] 	map_server lifecycle node launched. 
[map_server-8] 	Waiting on external lifecycle transitions to activate
[map_server-8] 	See https://design.ros2.org/articles/node_lifecycle.html for more information.
[map_server-8] [INFO] [1775251256.048139199] [map_server]: Creating
[amcl-9] [INFO] [1775251256.045462681] [amcl]: 
[amcl-9] 	amcl lifecycle node launched. 
[amcl-9] 	Waiting on external lifecycle transitions to activate
[amcl-9] 	See https://design.ros2.org/articles/node_lifecycle.html for more information.
[amcl-9] [INFO] [1775251256.047717092] [amcl]: Creating
[lifecycle_manager-10] [INFO] [1775251256.028833459] [lifecycle_manager_localization]: Creating
[lifecycle_manager-10] [INFO] [1775251256.031436968] [lifecycle_manager_localization]: [34m[1mCreating and initializing lifecycle service clients[0m[0m
[controller_server-11] [INFO] [1775251256.045742207] [controller_server]: 
[controller_server-11] 	controller_server lifecycle node launched. 
[controller_server-11] 	Waiting on external lifecycle transitions to activate
[controller_server-11] 	See https://design.ros2.org/articles/node_lifecycle.html for more information.
[controller_server-11] [INFO] [1775251256.086498753] [controller_server]: Creating controller server
[planner_server-12] [INFO] [1775251256.066637031] [planner_server]: 
[planner_server-12] 	planner_server lifecycle node launched. 
[planner_server-12] 	Waiting on external lifecycle transitions to activate
[planner_server-12] 	See https://design.ros2.org/articles/node_lifecycle.html for more information.
[planner_server-12] [INFO] [1775251256.072524188] [planner_server]: Creating
[planner_server-12] [INFO] [1775251256.093910344] [global_costmap.global_costmap]: 
[planner_server-12] 	global_costmap lifecycle node launched. 
[planner_server-12] 	Waiting on external lifecycle transitions to activate
[planner_server-12] 	See https://design.ros2.org/articles/node_lifecycle.html for more information.
[planner_server-12] [INFO] [1775251256.095034432] [global_costmap.global_costmap]: Creating Costmap
[bt_navigator-14] [INFO] [1775251256.053432161] [bt_navigator]: 
[bt_navigator-14] 	bt_navigator lifecycle node launched. 
[bt_navigator-14] 	Waiting on external lifecycle transitions to activate
[bt_navigator-14] 	See https://design.ros2.org/articles/node_lifecycle.html for more information.
[bt_navigator-14] [INFO] [1775251256.053650691] [bt_navigator]: Creating
[waypoint_follower-15] [INFO] [1775251256.048522230] [waypoint_follower]: 
[waypoint_follower-15] 	waypoint_follower lifecycle node launched. 
[waypoint_follower-15] 	Waiting on external lifecycle transitions to activate
[waypoint_follower-15] 	See https://design.ros2.org/articles/node_lifecycle.html for more information.
[waypoint_follower-15] [INFO] [1775251256.050475354] [waypoint_follower]: Creating
[behavior_server-13] [INFO] [1775251256.102361047] [behavior_server]: 
[behavior_server-13] 	behavior_server lifecycle node launched. 
[behavior_server-13] 	Waiting on external lifecycle transitions to activate
[behavior_server-13] 	See https://design.ros2.org/articles/node_lifecycle.html for more information.
[lifecycle_manager-16] [INFO] [1775251256.110286554] [lifecycle_manager_navigation]: Creating
[controller_server-11] [INFO] [1775251256.113863258] [local_costmap.local_costmap]: 
[controller_server-11] 	local_costmap lifecycle node launched. 
[controller_server-11] 	Waiting on external lifecycle transitions to activate
[controller_server-11] 	See https://design.ros2.org/articles/node_lifecycle.html for more information.
[lifecycle_manager-16] [INFO] [1775251256.115463732] [lifecycle_manager_navigation]: [34m[1mCreating and initializing lifecycle service clients[0m[0m
[controller_server-11] [INFO] [1775251256.116260898] [local_costmap.local_costmap]: Creating Costmap
[lifecycle_manager-10] [INFO] [1775251256.213330458] [lifecycle_manager_localization]: [34m[1mStarting managed nodes bringup...[0m[0m
[lifecycle_manager-10] [INFO] [1775251256.213414412] [lifecycle_manager_localization]: [34m[1mConfiguring map_server[0m[0m
[map_server-8] [INFO] [1775251256.213721961] [map_server]: Configuring
[map_server-8] [INFO] [1775251256.213821106] [map_io]: Loading yaml file: /home/willy/stretch_user/maps/testing_map.yaml
[map_server-8] [INFO] [1775251256.214128181] [map_io]: resolution: 0.05
[map_server-8] [INFO] [1775251256.214138996] [map_io]: origin[0]: -11.5
[map_server-8] [INFO] [1775251256.214144567] [map_io]: origin[1]: -1.71
[map_server-8] [INFO] [1775251256.214149183] [map_io]: origin[2]: 0
[map_server-8] [INFO] [1775251256.214154163] [map_io]: free_thresh: 0.25
[map_server-8] [INFO] [1775251256.214159321] [map_io]: occupied_thresh: 0.65
[map_server-8] [INFO] [1775251256.214164049] [map_io]: mode: trinary
[map_server-8] [INFO] [1775251256.214169668] [map_io]: negate: 0
[map_server-8] [INFO] [1775251256.214361198] [map_io]: Loading image_file: /home/willy/stretch_user/maps/testing_map.pgm
[sllidar_node-4] [INFO] [1775251256.226325591] [sllidar_node]: current scan mode: Boost, sample rate: 8 Khz, max_distance: 12.0 m, scan frequency:10.0 Hz, 
[lifecycle_manager-16] [INFO] [1775251256.230661656] [lifecycle_manager_navigation]: [34m[1mStarting managed nodes bringup...[0m[0m
[lifecycle_manager-16] [INFO] [1775251256.230740162] [lifecycle_manager_navigation]: [34m[1mConfiguring controller_server[0m[0m
[controller_server-11] [INFO] [1775251256.233390899] [controller_server]: Configuring controller interface
[controller_server-11] [INFO] [1775251256.234075982] [controller_server]: getting goal checker plugins..
[controller_server-11] [INFO] [1775251256.234539487] [controller_server]: Controller frequency set to 20.0000Hz
[controller_server-11] [INFO] [1775251256.234595383] [local_costmap.local_costmap]: Configuring
[map_server-8] [INFO] [1775251256.241474336] [map_io]: Read map /home/willy/stretch_user/maps/testing_map.pgm: 416 X 249 map @ 0.05 m/cell
[controller_server-11] [INFO] [1775251256.243064183] [local_costmap.local_costmap]: Using plugin "obstacle_layer"
[controller_server-11] [INFO] [1775251256.252604725] [local_costmap.local_costmap]: Subscribed to Topics: scan
[lifecycle_manager-10] [INFO] [1775251256.255937232] [lifecycle_manager_localization]: [34m[1mConfiguring amcl[0m[0m
[amcl-9] [INFO] [1775251256.256181868] [amcl]: Configuring
[amcl-9] [INFO] [1775251256.256281636] [amcl]: initTransforms
[controller_server-11] [INFO] [1775251256.262252257] [local_costmap.local_costmap]: Initialized plugin "obstacle_layer"
[controller_server-11] [INFO] [1775251256.262305817] [local_costmap.local_costmap]: Using plugin "voxel_layer"
[controller_server-11] [INFO] [1775251256.265400511] [local_costmap.local_costmap]: Subscribed to Topics: scan
[amcl-9] [INFO] [1775251256.273243989] [amcl]: initPubSub
[controller_server-11] [INFO] [1775251256.275466663] [local_costmap.local_costmap]: Initialized plugin "voxel_layer"
[controller_server-11] [INFO] [1775251256.275525202] [local_costmap.local_costmap]: Using plugin "inflation_layer"
[controller_server-11] [INFO] [1775251256.278236492] [local_costmap.local_costmap]: Initialized plugin "inflation_layer"
[amcl-9] [INFO] [1775251256.279018580] [amcl]: Subscribed to map topic.
[lifecycle_manager-10] [INFO] [1775251256.282964051] [lifecycle_manager_localization]: [34m[1mActivating map_server[0m[0m
[map_server-8] [INFO] [1775251256.283281049] [map_server]: Activating
[map_server-8] [INFO] [1775251256.283740899] [map_server]: Creating bond (map_server) to lifecycle manager.
[amcl-9] [INFO] [1775251256.284226854] [amcl]: Received a 416 X 249 map @ 0.050 m/pix
[controller_server-11] [INFO] [1775251256.288619296] [controller_server]: Created progress_checker : progress_checker of type nav2_controller::SimpleProgressChecker
[controller_server-11] [INFO] [1775251256.290638152] [controller_server]: Created goal checker : general_goal_checker of type nav2_controller::SimpleGoalChecker
[controller_server-11] [INFO] [1775251256.291420189] [controller_server]: Controller Server has general_goal_checker  goal checkers available.
[controller_server-11] [INFO] [1775251256.294577997] [controller_server]: Created controller : FollowPath of type dwb_core::DWBLocalPlanner
[controller_server-11] [INFO] [1775251256.301239539] [controller_server]: Setting transform_tolerance to 0.200000
[controller_server-11] [INFO] [1775251256.320487887] [controller_server]: Using critic "RotateToGoal" (dwb_critics::RotateToGoalCritic)
[controller_server-11] [INFO] [1775251256.322065128] [controller_server]: Critic plugin initialized
[controller_server-11] [INFO] [1775251256.322277496] [controller_server]: Using critic "Oscillation" (dwb_critics::OscillationCritic)
[controller_server-11] [INFO] [1775251256.322707987] [controller_server]: Critic plugin initialized
[controller_server-11] [INFO] [1775251256.323568326] [controller_server]: Using critic "BaseObstacle" (dwb_critics::BaseObstacleCritic)
[controller_server-11] [INFO] [1775251256.324342912] [controller_server]: Critic plugin initialized
[controller_server-11] [INFO] [1775251256.324618318] [controller_server]: Using critic "GoalAlign" (dwb_critics::GoalAlignCritic)
[controller_server-11] [INFO] [1775251256.325384137] [controller_server]: Critic plugin initialized
[controller_server-11] [INFO] [1775251256.325672265] [controller_server]: Using critic "PathAlign" (dwb_critics::PathAlignCritic)
[controller_server-11] [INFO] [1775251256.326384269] [controller_server]: Critic plugin initialized
[controller_server-11] [INFO] [1775251256.326641802] [controller_server]: Using critic "PathDist" (dwb_critics::PathDistCritic)
[controller_server-11] [INFO] [1775251256.327222301] [controller_server]: Critic plugin initialized
[controller_server-11] [INFO] [1775251256.327495469] [controller_server]: Using critic "GoalDist" (dwb_critics::GoalDistCritic)
[controller_server-11] [INFO] [1775251256.328190072] [controller_server]: Critic plugin initialized
[controller_server-11] [INFO] [1775251256.328464653] [controller_server]: Using critic "PreferForward" (dwb_critics::PreferForwardCritic)
[controller_server-11] [INFO] [1775251256.329778198] [controller_server]: Critic plugin initialized
[controller_server-11] [INFO] [1775251256.329900346] [controller_server]: Controller Server has FollowPath  controllers available.
[lifecycle_manager-16] [INFO] [1775251256.335773844] [lifecycle_manager_navigation]: [34m[1mConfiguring planner_server[0m[0m
[planner_server-12] [INFO] [1775251256.336114459] [planner_server]: Configuring
[planner_server-12] [INFO] [1775251256.336175824] [global_costmap.global_costmap]: Configuring
[planner_server-12] [INFO] [1775251256.347943921] [global_costmap.global_costmap]: Using plugin "static_layer"
[planner_server-12] [INFO] [1775251256.355623170] [global_costmap.global_costmap]: Subscribing to the map topic (/map) with transient local durability
[planner_server-12] [INFO] [1775251256.358321789] [global_costmap.global_costmap]: Initialized plugin "static_layer"
[planner_server-12] [INFO] [1775251256.358363859] [global_costmap.global_costmap]: Using plugin "obstacle_layer"
[planner_server-12] [INFO] [1775251256.360947626] [global_costmap.global_costmap]: Subscribed to Topics: scan
[planner_server-12] [INFO] [1775251256.372945436] [global_costmap.global_costmap]: Initialized plugin "obstacle_layer"
[planner_server-12] [INFO] [1775251256.373002923] [global_costmap.global_costmap]: Using plugin "voxel_layer"
[planner_server-12] [INFO] [1775251256.377020370] [global_costmap.global_costmap]: Subscribed to Topics: scan
[planner_server-12] [INFO] [1775251256.384056558] [global_costmap.global_costmap]: Initialized plugin "voxel_layer"
[planner_server-12] [INFO] [1775251256.384109384] [global_costmap.global_costmap]: Using plugin "inflation_layer"
[planner_server-12] [INFO] [1775251256.387673111] [global_costmap.global_costmap]: Initialized plugin "inflation_layer"
[lifecycle_manager-10] [INFO] [1775251256.390426092] [lifecycle_manager_localization]: Server map_server connected with bond.
[lifecycle_manager-10] [INFO] [1775251256.390485346] [lifecycle_manager_localization]: [34m[1mActivating amcl[0m[0m
[amcl-9] [INFO] [1775251256.390719261] [amcl]: Activating
[amcl-9] [INFO] [1775251256.390767820] [amcl]: Creating bond (amcl) to lifecycle manager.
[planner_server-12] [INFO] [1775251256.405004403] [global_costmap.global_costmap]: StaticLayer: Resizing costmap to 416 X 249 at 0.050000 m/pix
[planner_server-12] [INFO] [1775251256.409638920] [planner_server]: Created global planner plugin GridBased of type nav2_navfn_planner/NavfnPlanner
[planner_server-12] [INFO] [1775251256.409707160] [planner_server]: Configuring plugin GridBased of type NavfnPlanner
[planner_server-12] [INFO] [1775251256.411038348] [planner_server]: Planner Server has GridBased  planners available.
[lifecycle_manager-16] [INFO] [1775251256.427502339] [lifecycle_manager_navigation]: [34m[1mConfiguring behavior_server[0m[0m
[behavior_server-13] [INFO] [1775251256.427801677] [behavior_server]: Configuring
[behavior_server-13] [INFO] [1775251256.442520859] [behavior_server]: Creating behavior plugin spin of type nav2_behaviors/Spin
[behavior_server-13] [INFO] [1775251256.443522708] [behavior_server]: Configuring spin
[behavior_server-13] [INFO] [1775251256.456087709] [behavior_server]: Creating behavior plugin backup of type nav2_behaviors/BackUp
[behavior_server-13] [INFO] [1775251256.457024177] [behavior_server]: Configuring backup
[behavior_server-13] [INFO] [1775251256.465578936] [behavior_server]: Creating behavior plugin drive_on_heading of type nav2_behaviors/DriveOnHeading
[behavior_server-13] [INFO] [1775251256.466929237] [behavior_server]: Configuring drive_on_heading
[behavior_server-13] [INFO] [1775251256.471425745] [behavior_server]: Creating behavior plugin assisted_teleop of type nav2_behaviors/AssistedTeleop
[behavior_server-13] [INFO] [1775251256.474120304] [behavior_server]: Configuring assisted_teleop
[behavior_server-13] [INFO] [1775251256.480212763] [behavior_server]: Creating behavior plugin wait of type nav2_behaviors/Wait
[behavior_server-13] [INFO] [1775251256.481491273] [behavior_server]: Configuring wait
[lifecycle_manager-16] [INFO] [1775251256.487317865] [lifecycle_manager_navigation]: [34m[1mConfiguring bt_navigator[0m[0m
[bt_navigator-14] [INFO] [1775251256.487672082] [bt_navigator]: Configuring
[lifecycle_manager-10] [INFO] [1775251256.498822887] [lifecycle_manager_localization]: Server amcl connected with bond.
[lifecycle_manager-10] [INFO] [1775251256.498886636] [lifecycle_manager_localization]: [34m[1mManaged nodes are active[0m[0m
[lifecycle_manager-10] [INFO] [1775251256.498906481] [lifecycle_manager_localization]: [34m[1mCreating bond timer...[0m[0m
[lifecycle_manager-16] [INFO] [1775251256.554486029] [lifecycle_manager_navigation]: [34m[1mConfiguring waypoint_follower[0m[0m
[waypoint_follower-15] [INFO] [1775251256.554771257] [waypoint_follower]: Configuring
[joy_node-6] [INFO] [1775251256.555066008] [joy_node]: Opened joystick: Controller 1.05.  deadzone: 0.050000
[waypoint_follower-15] [INFO] [1775251256.562722937] [waypoint_follower]: Created waypoint_task_executor : wait_at_waypoint of type nav2_waypoint_follower::WaitAtWaypoint
[lifecycle_manager-16] [INFO] [1775251256.563749666] [lifecycle_manager_navigation]: [34m[1mActivating controller_server[0m[0m
[controller_server-11] [INFO] [1775251256.563990125] [controller_server]: Activating
[controller_server-11] [INFO] [1775251256.564053166] [local_costmap.local_costmap]: Activating
[controller_server-11] [INFO] [1775251256.564074116] [local_costmap.local_costmap]: Checking transform
[controller_server-11] [INFO] [1775251256.564178396] [local_costmap.local_costmap]: Timed out waiting for transform from base_link to odom to become available, tf error: Invalid frame ID "odom" passed to canTransform argument target_frame - frame does not exist
[INFO] [1775251256.987751338] [object_grasper]: object_grasper started
[scan_to_scan_filter_chain-5] [WARN] [1775251257.035436466] [laser_filter]: diagnostic_updater: No HW_ID was set. This is probably a bug. Please report it. For devices that do not have a HW_ID, set this value to 'none'. This warning only occurs once all diagnostics are OK. It is okay to wait until the device is open before calling setHardwareID.
[controller_server-11] [INFO] [1775251257.064231781] [local_costmap.local_costmap]: Timed out waiting for transform from base_link to odom to become available, tf error: Invalid frame ID "odom" passed to canTransform argument target_frame - frame does not exist
[stretch_driver-3] [0m[INFO] [1775251257.504328635] [stretch_driver]: For use with S T R E T C H (TM) RESEARCH EDITION from Hello Robot Inc.[0m
[stretch_driver-3] [0m[INFO] [1775251257.504616960] [stretch_driver]: stretch_driver started[0m
publisher: beginning loop
publishing #1: geometry_msgs.msg.PoseWithCovarianceStamped(header=std_msgs.msg.Header(stamp=builtin_interfaces.msg.Time(sec=0, nanosec=0), frame_id='map'), pose=geometry_msgs.msg.PoseWithCovariance(pose=geometry_msgs.msg.Pose(position=geometry_msgs.msg.Point(x=0.0, y=0.0, z=0.0), orientation=geometry_msgs.msg.Quaternion(x=0.0, y=0.0, z=0.0, w=1.0)), covariance=array([0.25, 0.  , 0.  , 0.  , 0.  , 0.  , 0.  , 0.25, 0.  , 0.  , 0.  ,
       0.  , 0.  , 0.  , 0.  , 0.  , 0.  , 0.  , 0.  , 0.  , 0.  , 0.  ,
       0.  , 0.  , 0.  , 0.  , 0.  , 0.  , 0.  , 0.  , 0.  , 0.  , 0.  ,
       0.  , 0.  , 0.07])))

[amcl-9] [INFO] [1775251257.525436322] [amcl]: initialPoseReceived
[amcl-9] [INFO] [1775251257.525612374] [amcl]: Setting pose (1775251257.525612): 0.000 0.000 0.000
[controller_server-11] [INFO] [1775251257.564216019] [local_costmap.local_costmap]: Timed out waiting for transform from base_link to odom to become available, tf error: Invalid frame ID "odom" passed to canTransform argument target_frame - frame does not exist
Waiting for AMCL to localize...
[controller_server-11] [INFO] [1775251258.064214815] [local_costmap.local_costmap]: Timed out waiting for transform from base_link to odom to become available, tf error: Invalid frame ID "odom" passed to canTransform argument target_frame - frame does not exist
[stretch_driver-3] Another process is already using Stretch. Try running "stretch_free_robot_process.py"
[stretch_driver-3] [31m[FATAL] [1775251258.534045911] [stretch_driver]: Robot startup failed.[0m
[controller_server-11] [INFO] [1775251258.564248941] [local_costmap.local_costmap]: Timed out waiting for transform from base_link to odom to become available, tf error: Invalid frame ID "odom" passed to canTransform argument target_frame - frame does not exist
[amcl-9] [INFO] [1775251258.603744581] [amcl]: Message Filter dropping message: frame 'laser' at time 1775251256.226 for reason 'the timestamp on the message is earlier than all the data in the transform cache'
[rviz2-17] [INFO] [1775251258.817662322] [rviz2]: Stereo is NOT SUPPORTED
[rviz2-17] [INFO] [1775251258.817760590] [rviz2]: OpenGl version: 4.5 (GLSL 4.5)
[INFO] [stretch_driver-3]: process has finished cleanly [pid 9257]
[controller_server-11] [INFO] [1775251259.064246723] [local_costmap.local_costmap]: Timed out waiting for transform from base_link to odom to become available, tf error: Invalid frame ID "odom" passed to canTransform argument target_frame - frame does not exist
[rviz2-17] [INFO] [1775251259.118758166] [rviz2]: Stereo is NOT SUPPORTED
[amcl-9] [WARN] [1775251259.189077704] [amcl]: New subscription discovered on topic '/particle_cloud', requesting incompatible QoS. No messages will be sent to it. Last incompatible policy: RELIABILITY_QOS_POLICY
[rviz2-17] [INFO] [1775251259.464465845] [rviz2]: Trying to create a map of size 416 x 249 using 1 swatches
[rviz2-17] [ERROR] [1775251259.478030891] [rviz2]: Vertex Program:rviz/glsl120/indexed_8bit_image.vert Fragment Program:rviz/glsl120/indexed_8bit_image.frag GLSL link result : 
[rviz2-17] active samplers with a different type refer to the same texture image unit
[controller_server-11] [INFO] [1775251259.564244599] [local_costmap.local_costmap]: Timed out waiting for transform from base_link to odom to become available, tf error: Invalid frame ID "odom" passed to canTransform argument target_frame - frame does not exist
[controller_server-11] [INFO] [1775251260.064219927] [local_costmap.local_costmap]: Timed out waiting for transform from base_link to odom to become available, tf error: Invalid frame ID "odom" passed to canTransform argument target_frame - frame does not exist
[controller_server-11] [INFO] [1775251260.564214675] [local_costmap.local_costmap]: Timed out waiting for transform from base_link to odom to become available, tf error: Invalid frame ID "odom" passed to canTransform argument target_frame - frame does not exist
[controller_server-11] [INFO] [1775251261.064313820] [local_costmap.local_costmap]: Timed out waiting for transform from base_link to odom to become available, tf error: Invalid frame ID "odom" passed to canTransform argument target_frame - frame does not exist
[rviz2-17] [INFO] [1775251261.220087502] [rviz]: Message Filter dropping message: frame 'laser' at time 1775251259.114 for reason 'discarding message because the queue is full'
[amcl-9] [INFO] [1775251261.231731743] [amcl]: Message Filter dropping message: frame 'laser' at time 1775251260.097 for reason 'the timestamp on the message is earlier than all the data in the transform cache'
[controller_server-11] [INFO] [1775251261.564235120] [local_costmap.local_costmap]: Timed out waiting for transform from base_link to odom to become available, tf error: Invalid frame ID "odom" passed to canTransform argument target_frame - frame does not exist
[realsense2_camera_node-1] [0m[INFO] [1775251261.792183526] [camera]: Device with serial number 239722071445 was found.
[realsense2_camera_node-1] [0m
[realsense2_camera_node-1] [0m[INFO] [1775251261.792285653] [camera]: Device with physical ID /sys/devices/pci0000:00/0000:00:0d.0/usb2/2-1/2-1:1.0/video4linux/video0 was found.[0m
[realsense2_camera_node-1] [0m[INFO] [1775251261.792304541] [camera]: Device with name Intel RealSense D435I was found.[0m
[realsense2_camera_node-1] [0m[INFO] [1775251261.792462397] [camera]: Device with port number 2-1 was found.[0m
[realsense2_camera_node-1] [0m[INFO] [1775251261.792475986] [camera]: Device USB type: 3.2[0m
[realsense2_camera_node-1] [0m[INFO] [1775251261.792549696] [camera]: getParameters...[0m
[controller_server-11] [INFO] [1775251262.064214759] [local_costmap.local_costmap]: Timed out waiting for transform from base_link to odom to become available, tf error: Invalid frame ID "odom" passed to canTransform argument target_frame - frame does not exist
[realsense2_camera_node-1] [0m[INFO] [1775251262.124849516] [camera]: JSON file is loaded! (/home/willy/ament_ws/install/stretch_core/share/stretch_core/config/HighAccuracyPreset.json)[0m
[realsense2_camera_node-1] [0m[INFO] [1775251262.124903578] [camera]: Device Name: Intel RealSense D435I[0m
[realsense2_camera_node-1] [0m[INFO] [1775251262.124910815] [camera]: Device Serial No: 239722071445[0m
[realsense2_camera_node-1] [0m[INFO] [1775251262.124929150] [camera]: Device physical port: /sys/devices/pci0000:00/0000:00:0d.0/usb2/2-1/2-1:1.0/video4linux/video0[0m
[realsense2_camera_node-1] [0m[INFO] [1775251262.124935119] [camera]: Device FW version: 5.16.0.1[0m
[realsense2_camera_node-1] [0m[INFO] [1775251262.124940878] [camera]: Device Product ID: 0x0B3A[0m
[realsense2_camera_node-1] [0m[INFO] [1775251262.124946386] [camera]: Sync Mode: On[0m
[realsense2_camera_node-1] [33m[WARN] [1775251262.241464962] [camera]: re-enable the stream for the change to take effect.[0m
[realsense2_camera_node-1] [33m[WARN] [1775251262.242311076] [camera]: re-enable the stream for the change to take effect.[0m
[realsense2_camera_node-1] [33m[WARN] [1775251262.253344106] [camera]: re-enable the stream for the change to take effect.[0m
[realsense2_camera_node-1] [31m[ERROR] [1775251262.254580021] [camera]: Given value, 63 is invalid. Set ROS param back to: 100[0m
[realsense2_camera_node-1] [0m[INFO] [1775251262.264427738] [camera]: Stopping Sensor: Depth Module[0m
[realsense2_camera_node-1] [0m[INFO] [1775251262.264506282] [camera]: Stopping Sensor: RGB Camera[0m
[realsense2_camera_node-1] [0m[INFO] [1775251262.264523083] [camera]: Stopping Sensor: Motion Module[0m
[realsense2_camera_node-1] [0m[INFO] [1775251262.275608632] [camera]: Starting Sensor: Depth Module[0m
[realsense2_camera_node-1] [0m[INFO] [1775251262.278315613] [camera]: Open profile: stream_type: Depth(0), Format: Z16, Width: 1280, Height: 720, FPS: 15[0m
[realsense2_camera_node-1] [0m[INFO] [1775251262.284404087] [camera]: Starting Sensor: RGB Camera[0m
[realsense2_camera_node-1] [0m[INFO] [1775251262.287650060] [camera]: Open profile: stream_type: Color(0), Format: RGB8, Width: 1280, Height: 720, FPS: 15[0m
[realsense2_camera_node-1] [0m[INFO] [1775251262.311938478] [camera]: Starting Sensor: Motion Module[0m
[realsense2_camera_node-1] [0m[INFO] [1775251262.313122433] [camera]: Open profile: stream_type: Accel(0)Format: MOTION_XYZ32F, FPS: 100[0m
[realsense2_camera_node-1] [0m[INFO] [1775251262.313152138] [camera]: Open profile: stream_type: Gyro(0)Format: MOTION_XYZ32F, FPS: 200[0m
[realsense2_camera_node-1] [0m[INFO] [1775251262.314719700] [camera]: RealSense Node Is Up![0m
[controller_server-11] [INFO] [1775251262.564219986] [local_costmap.local_costmap]: Timed out waiting for transform from base_link to odom to become available, tf error: Invalid frame ID "odom" passed to canTransform argument target_frame - frame does not exist
[controller_server-11] [INFO] [1775251263.064222025] [local_costmap.local_costmap]: Timed out waiting for transform from base_link to odom to become available, tf error: Invalid frame ID "odom" passed to canTransform argument target_frame - frame does not exist
[realsense2_camera_node-1] [33m[WARN] [1775251263.276065351] [camera]: XXX Hardware Notification:Motion Module failure,1.77525e+12,Error,Hardware Error[0m
[realsense2_camera_node-1] [33m[WARN] [1775251263.276152765] [camera]: Hardware Notification:Motion Module failure,1.77525e+12,Error,Hardware Error[0m
[controller_server-11] [INFO] [1775251263.564217568] [local_costmap.local_costmap]: Timed out waiting for transform from base_link to odom to become available, tf error: Invalid frame ID "odom" passed to canTransform argument target_frame - frame does not exist
[amcl-9] [INFO] [1775251263.776585375] [amcl]: Message Filter dropping message: frame 'laser' at time 1775251262.626 for reason 'the timestamp on the message is earlier than all the data in the transform cache'
[rviz2-17] [INFO] [1775251263.778870419] [rviz]: Message Filter dropping message: frame 'laser' at time 1775251261.927 for reason 'discarding message because the queue is full'
[controller_server-11] [INFO] [1775251264.064254950] [local_costmap.local_costmap]: Timed out waiting for transform from base_link to odom to become available, tf error: Invalid frame ID "odom" passed to canTransform argument target_frame - frame does not exist
[controller_server-11] [INFO] [1775251264.564216284] [local_costmap.local_costmap]: Timed out waiting for transform from base_link to odom to become available, tf error: Invalid frame ID "odom" passed to canTransform argument target_frame - frame does not exist
[controller_server-11] [INFO] [1775251265.064213544] [local_costmap.local_costmap]: Timed out waiting for transform from base_link to odom to become available, tf error: Invalid frame ID "odom" passed to canTransform argument target_frame - frame does not exist
[controller_server-11] [INFO] [1775251265.564229047] [local_costmap.local_costmap]: Timed out waiting for transform from base_link to odom to become available, tf error: Invalid frame ID "odom" passed to canTransform argument target_frame - frame does not exist
[controller_server-11] [INFO] [1775251266.064234086] [local_costmap.local_costmap]: Timed out waiting for transform from base_link to odom to become available, tf error: Invalid frame ID "odom" passed to canTransform argument target_frame - frame does not exist
[amcl-9] [INFO] [1775251266.292051693] [amcl]: Message Filter dropping message: frame 'laser' at time 1775251265.157 for reason 'the timestamp on the message is earlier than all the data in the transform cache'
[rviz2-17] [INFO] [1775251266.369889010] [rviz]: Message Filter dropping message: frame 'laser' at time 1775251264.592 for reason 'discarding message because the queue is full'
[controller_server-11] [INFO] [1775251266.564259619] [local_costmap.local_costmap]: Timed out waiting for transform from base_link to odom to become available, tf error: Invalid frame ID "odom" passed to canTransform argument target_frame - frame does not exist
[controller_server-11] [INFO] [1775251267.064227414] [local_costmap.local_costmap]: Timed out waiting for transform from base_link to odom to become available, tf error: Invalid frame ID "odom" passed to canTransform argument target_frame - frame does not exist
[controller_server-11] [INFO] [1775251267.564218195] [local_costmap.local_costmap]: Timed out waiting for transform from base_link to odom to become available, tf error: Invalid frame ID "odom" passed to canTransform argument target_frame - frame does not exist
[controller_server-11] [INFO] [1775251268.064235949] [local_costmap.local_costmap]: Timed out waiting for transform from base_link to odom to become available, tf error: Invalid frame ID "odom" passed to canTransform argument target_frame - frame does not exist
[controller_server-11] [INFO] [1775251268.564224108] [local_costmap.local_costmap]: Timed out waiting for transform from base_link to odom to become available, tf error: Invalid frame ID "odom" passed to canTransform argument target_frame - frame does not exist
[amcl-9] [INFO] [1775251268.834572868] [amcl]: Message Filter dropping message: frame 'laser' at time 1775251267.688 for reason 'the timestamp on the message is earlier than all the data in the transform cache'
[rviz2-17] [INFO] [1775251268.884730948] [rviz]: Message Filter dropping message: frame 'laser' at time 1775251267.269 for reason 'discarding message because the queue is full'
[controller_server-11] [INFO] [1775251269.064230038] [local_costmap.local_costmap]: Timed out waiting for transform from base_link to odom to become available, tf error: Invalid frame ID "odom" passed to canTransform argument target_frame - frame does not exist
[controller_server-11] [INFO] [1775251269.564254644] [local_costmap.local_costmap]: Timed out waiting for transform from base_link to odom to become available, tf error: Invalid frame ID "odom" passed to canTransform argument target_frame - frame does not exist
[controller_server-11] [INFO] [1775251270.064238888] [local_costmap.local_costmap]: Timed out waiting for transform from base_link to odom to become available, tf error: Invalid frame ID "odom" passed to canTransform argument target_frame - frame does not exist
[controller_server-11] [INFO] [1775251270.564224342] [local_costmap.local_costmap]: Timed out waiting for transform from base_link to odom to become available, tf error: Invalid frame ID "odom" passed to canTransform argument target_frame - frame does not exist
[controller_server-11] [INFO] [1775251271.064224132] [local_costmap.local_costmap]: Timed out waiting for transform from base_link to odom to become available, tf error: Invalid frame ID "odom" passed to canTransform argument target_frame - frame does not exist
[amcl-9] [INFO] [1775251271.352333722] [amcl]: Message Filter dropping message: frame 'laser' at time 1775251270.217 for reason 'the timestamp on the message is earlier than all the data in the transform cache'
[rviz2-17] [INFO] [1775251271.424205268] [rviz]: Message Filter dropping message: frame 'laser' at time 1775251269.799 for reason 'discarding message because the queue is full'
[controller_server-11] [INFO] [1775251271.564216579] [local_costmap.local_costmap]: Timed out waiting for transform from base_link to odom to become available, tf error: Invalid frame ID "odom" passed to canTransform argument target_frame - frame does not exist
[controller_server-11] [INFO] [1775251272.064240439] [local_costmap.local_costmap]: Timed out waiting for transform from base_link to odom to become available, tf error: Invalid frame ID "odom" passed to canTransform argument target_frame - frame does not exist
[controller_server-11] [INFO] [1775251272.564215376] [local_costmap.local_costmap]: Timed out waiting for transform from base_link to odom to become available, tf error: Invalid frame ID "odom" passed to canTransform argument target_frame - frame does not exist
[controller_server-11] [INFO] [1775251273.064283999] [local_costmap.local_costmap]: Timed out waiting for transform from base_link to odom to become available, tf error: Invalid frame ID "odom" passed to canTransform argument target_frame - frame does not exist
[controller_server-11] [INFO] [1775251273.564203218] [local_costmap.local_costmap]: Timed out waiting for transform from base_link to odom to become available, tf error: Invalid frame ID "odom" passed to canTransform argument target_frame - frame does not exist
[amcl-9] [INFO] [1775251273.869946630] [amcl]: Message Filter dropping message: frame 'laser' at time 1775251272.735 for reason 'the timestamp on the message is earlier than all the data in the transform cache'
[rviz2-17] [INFO] [1775251274.033886159] [rviz]: Message Filter dropping message: frame 'laser' at time 1775251272.317 for reason 'discarding message because the queue is full'
[controller_server-11] [INFO] [1775251274.064231010] [local_costmap.local_costmap]: Timed out waiting for transform from base_link to odom to become available, tf error: Invalid frame ID "odom" passed to canTransform argument target_frame - frame does not exist
[controller_server-11] [INFO] [1775251274.564232017] [local_costmap.local_costmap]: Timed out waiting for transform from base_link to odom to become available, tf error: Invalid frame ID "odom" passed to canTransform argument target_frame - frame does not exist
[controller_server-11] [INFO] [1775251275.064234480] [local_costmap.local_costmap]: Timed out waiting for transform from base_link to odom to become available, tf error: Invalid frame ID "odom" passed to canTransform argument target_frame - frame does not exist
[controller_server-11] [INFO] [1775251275.564216162] [local_costmap.local_costmap]: Timed out waiting for transform from base_link to odom to become available, tf error: Invalid frame ID "odom" passed to canTransform argument target_frame - frame does not exist
[controller_server-11] [INFO] [1775251276.064239956] [local_costmap.local_costmap]: Timed out waiting for transform from base_link to odom to become available, tf error: Invalid frame ID "odom" passed to canTransform argument target_frame - frame does not exist
[amcl-9] [INFO] [1775251276.401169427] [amcl]: Message Filter dropping message: frame 'laser' at time 1775251275.265 for reason 'the timestamp on the message is earlier than all the data in the transform cache'
[controller_server-11] [INFO] [1775251276.564221819] [local_costmap.local_costmap]: Timed out waiting for transform from base_link to odom to become available, tf error: Invalid frame ID "odom" passed to canTransform argument target_frame - frame does not exist
[rviz2-17] [INFO] [1775251276.629098364] [rviz]: Message Filter dropping message: frame 'laser' at time 1775251274.835 for reason 'discarding message because the queue is full'
[controller_server-11] [INFO] [1775251277.064221350] [local_costmap.local_costmap]: Timed out waiting for transform from base_link to odom to become available, tf error: Invalid frame ID "odom" passed to canTransform argument target_frame - frame does not exist
[controller_server-11] [INFO] [1775251277.564250272] [local_costmap.local_costmap]: Timed out waiting for transform from base_link to odom to become available, tf error: Invalid frame ID "odom" passed to canTransform argument target_frame - frame does not exist
[controller_server-11] [INFO] [1775251278.064221302] [local_costmap.local_costmap]: Timed out waiting for transform from base_link to odom to become available, tf error: Invalid frame ID "odom" passed to canTransform argument target_frame - frame does not exist
[realsense2_camera_node-1] [0m[INFO] [1775251278.110356988] [rclcpp]: signal_handler(SIGINT/SIGTERM)[0m
[realsense2_camera_node-1] [0m[INFO] [1775251278.115248418] [camera]: Stop Sensor: Depth Module[0m
[realsense2_camera_node-1] [0m[INFO] [1775251278.115804529] [camera]: Close Sensor. [0m
[realsense2_camera_node-1] [0m[INFO] [1775251278.120656428] [camera]: Close Sensor - Done. [0m
[realsense2_camera_node-1] [0m[INFO] [1775251278.120735357] [camera]: Stop Sensor: RGB Camera[0m
[realsense2_camera_node-1] [0m[INFO] [1775251278.120752243] [camera]: Close Sensor. [0m
[realsense2_camera_node-1] [0m[INFO] [1775251278.124350385] [camera]: Close Sensor - Done. [0m
[realsense2_camera_node-1] [0m[INFO] [1775251278.124442927] [camera]: Stop Sensor: Motion Module[0m
[realsense2_camera_node-1] [0m[INFO] [1775251278.125328131] [camera]: Close Sensor. [0m
[d435i_accel_correction-2] Traceback (most recent call last):
[d435i_accel_correction-2]   File "/home/willy/ament_ws/install/stretch_core/lib/stretch_core/d435i_accel_correction", line 33, in <module>
[d435i_accel_correction-2]     sys.exit(load_entry_point('stretch-core==0.2.0', 'console_scripts', 'd435i_accel_correction')())
[d435i_accel_correction-2]   File "/home/willy/ament_ws/install/stretch_core/lib/python3.10/site-packages/stretch_core/d435i_accel_correction.py", line 47, in main
[d435i_accel_correction-2]     rclpy.spin(node)
[d435i_accel_correction-2]   File "/opt/ros/humble/local/lib/python3.10/dist-packages/rclpy/__init__.py", line 229, in spin
[d435i_accel_correction-2]     executor.spin_once()
[d435i_accel_correction-2]   File "/opt/ros/humble/local/lib/python3.10/dist-packages/rclpy/executors.py", line 808, in spin_once
[d435i_accel_correction-2]     self._spin_once_impl(timeout_sec)
[d435i_accel_correction-2]   File "/opt/ros/humble/local/lib/python3.10/dist-packages/rclpy/executors.py", line 797, in _spin_once_impl
[d435i_accel_correction-2]     handler, entity, node = self.wait_for_ready_callbacks(timeout_sec=timeout_sec)
[d435i_accel_correction-2]   File "/opt/ros/humble/local/lib/python3.10/dist-packages/rclpy/executors.py", line 780, in wait_for_ready_callbacks
[d435i_accel_correction-2]     return next(self._cb_iter)
[d435i_accel_correction-2]   File "/opt/ros/humble/local/lib/python3.10/dist-packages/rclpy/executors.py", line 681, in _wait_for_ready_callbacks
[d435i_accel_correction-2]     raise ExternalShutdownException()
[d435i_accel_correction-2] rclpy.executors.ExternalShutdownException
Traceback (most recent call last):
  File "/home/willy/tf.py", line 307, in <module>
    main()
  File "/home/willy/tf.py", line 297, in main
    node = ArUcoBaseFrameEstimator()
  File "/home/willy/tf.py", line 29, in __init__
    super().main('aruco_base_frame_estimator', 'aruco_base_frame_estimator', wait_for_first_pointcloud=False)
  File "/home/willy/ament_ws/build/hello_helpers/src/hello_helpers/hello_misc.py", line 302, in main
    server_reached = self.trajectory_client.wait_for_server(timeout_sec=60.0)
  File "/opt/ros/humble/local/lib/python3.10/dist-packages/rclpy/action/client.py", line 606, in wait_for_server
    return self.server_is_ready()
  File "/opt/ros/humble/local/lib/python3.10/dist-packages/rclpy/action/client.py", line 585, in server_is_ready
    return self._client_handle.is_action_server_available()
rclpy._rclpy_pybind11.RCLError: Failed to check if action server is available: rcl node's context is invalid, at ./src/rcl/node.c:428
Traceback (most recent call last):
  File "/home/willy/ament_ws/install/stretch_perception/lib/stretch_perception/altobject", line 33, in <module>
    sys.exit(load_entry_point('stretch-perception==0.0.0', 'console_scripts', 'altobject')())
  File "/home/willy/ament_ws/install/stretch_perception/lib/python3.10/site-packages/stretch_perception/altobject.py", line 267, in main
    node = ObjectGrasper()
  File "/home/willy/ament_ws/install/stretch_perception/lib/python3.10/site-packages/stretch_perception/altobject.py", line 34, in __init__
    super().main('object_grasper', 'object_grasper', wait_for_first_pointcloud=False)
  File "/home/willy/ament_ws/build/hello_helpers/src/hello_helpers/hello_misc.py", line 302, in main
    server_reached = self.trajectory_client.wait_for_server(timeout_sec=60.0)
  File "/opt/ros/humble/local/lib/python3.10/dist-packages/rclpy/action/client.py", line 606, in wait_for_server
    return self.server_is_ready()
  File "/opt/ros/humble/local/lib/python3.10/dist-packages/rclpy/action/client.py", line 585, in server_is_ready
    return self._client_handle.is_action_server_available()
rclpy._rclpy_pybind11.RCLError: Failed to check if action server is available: rcl node's context is invalid, at ./src/rcl/node.c:428
[realsense2_camera_node-1] [0m[INFO] [1775251278.858732614] [camera]: Close Sensor - Done. [0m
[ERROR] [d435i_accel_correction-2]: process has died [pid 9101, exit code 1, cmd '/home/willy/ament_ws/install/stretch_core/lib/stretch_core/d435i_accel_correction --ros-args'].
[ros2run]: Process exited with failure 1
[INFO] [realsense2_camera_node-1]: process has finished cleanly [pid 9099]
