=== dock_pos.sh started at Fri Apr 10 05:21:08 PM EDT 2026 ===
Using named pose 'PC_desk': x=-1.0191 y=-0.04 yaw=173.0°
Goal: x=-1.0191  y=-0.04  yaw=173.0° (z=0.9981347984218669, w=0.06104853953485691)
Waiting for nodes to be ready (launch_nodes.sh)...
Nodes are ready!
requester: making request: std_srvs.srv.Trigger_Request()

response:
std_srvs.srv.Trigger_Response(success=True, message='Now in navigation mode.')

Waiting for controller_server...
Set parameter successful
Yaw tolerance set.
Resetting arm position...
requester: making request: std_srvs.srv.Trigger_Request()

response:
std_srvs.srv.Trigger_Response(success=True, message='Now in position mode.')

[INFO] [1775856074.141455203] [reset_pose]: reset_pose started
[INFO] [1775856074.194396640] [reset_pose]: Node reset_pose connected to /home_the_robot service.
[INFO] [1775856074.196373979] [reset_pose]: Node reset_pose connected to /stow_the_robot service.
[INFO] [1775856074.198096363] [reset_pose]: Node reset_pose connected to /stop_the_robot service.
[INFO] [1775856074.199579274] [reset_pose]: Node reset_pose connected to /switch_to_trajectory_mode service.
[INFO] [1775856074.201147801] [reset_pose]: Node reset_pose connected to /switch_to_position_mode service.
[INFO] [1775856074.202559151] [reset_pose]: Node reset_pose connected to /switch_to_navigation_mode service.
[INFO] [1775856074.202913258] [reset_pose]: Moving to default pose...
[WARN] [1775856074.209796752] [reset_pose]: Currently in  mode. Recommend switching either to position or trajectory mode
[WARN] [1775856074.210536310] [reset_pose]: Commanding joint trajectory server in position mode
[INFO] [1775856074.284386007] [reset_pose]: Arm reset done.
[INFO] [1775856074.284619537] [reset_pose]: Skipping rotation (ROTATE_DEG=0).
[INFO] [1775856074.284791151] [reset_pose]: Done.
Arm reset complete (exit 0).
requester: making request: std_srvs.srv.Trigger_Request()

response:
std_srvs.srv.Trigger_Response(success=True, message='Now in navigation mode.')

=== Navigating to x=-1.0191 y=-0.04 yaw=173.0° ===
Waiting for an action server to become available...
Sending goal:
     pose:
  header:
    stamp:
      sec: 0
      nanosec: 0
    frame_id: map
  pose:
    position:
      x: -1.0191
      y: -0.04
      z: 0.0
    orientation:
      x: 0.0
      y: 0.0
      z: 0.9981347984218669
      w: 0.06104853953485691
behavior_tree: ''

Goal accepted with ID: b6f49ffbe3c546ae9beeb6a41f0d6f93

Result:
    result: {}

Goal finished with status: SUCCEEDED
Navigation succeeded!
=== dock_pos.sh finished at Fri Apr 10 05:21:18 PM EDT 2026 ===
