=== dock_to_origin.sh started at Mon Apr  6 03:47:07 PM EDT 2026 ===
Freeing robot process...
Done!
Releasing LiDAR port...
 34470Launching Nav2...
Waiting for Nav2 action server...
[INFO] [launch]: All log files can be found below /home/willy/.ros/log/2026-04-06-15-47-10-076409-stretch-re2-2204-34815
[INFO] [launch]: Default logging verbosity is set to INFO
[INFO] [stretch_driver-3]: process started with pid [34888]
[INFO] [joint_state_publisher-1]: process started with pid [34884]
[INFO] [robot_state_publisher-2]: process started with pid [34886]
[INFO] [sllidar_node-4]: process started with pid [34890]
[INFO] [scan_to_scan_filter_chain-5]: process started with pid [34892]
[INFO] [joy_node-6]: process started with pid [34894]
[INFO] [teleop_node-7]: process started with pid [34896]
[INFO] [map_server-8]: process started with pid [34898]
[INFO] [amcl-9]: process started with pid [34900]
[INFO] [lifecycle_manager-10]: process started with pid [34902]
[INFO] [controller_server-11]: process started with pid [34904]
[INFO] [planner_server-12]: process started with pid [34906]
[INFO] [behavior_server-13]: process started with pid [34908]
[INFO] [bt_navigator-14]: process started with pid [34912]
[INFO] [waypoint_follower-15]: process started with pid [34916]
[INFO] [lifecycle_manager-16]: process started with pid [34940]
[INFO] [rviz2-17]: process started with pid [34942]
[sllidar_node-4] [INFO] [1775504830.834680610] [sllidar_node]: SLLidar running on ROS2 package SLLidar.ROS2 SDK Version:1.0.1, SLLIDAR SDK Version:2.1.0
[teleop_node-7] [INFO] [1775504830.840661393] [TeleopTwistJoy]: Teleop enable button 4.
[teleop_node-7] [INFO] [1775504830.840727791] [TeleopTwistJoy]: Linear axis x on 4 at scale 0.500000.
[teleop_node-7] [INFO] [1775504830.840740387] [TeleopTwistJoy]: Angular axis yaw on 3 at scale 0.500000.
[controller_server-11] [INFO] [1775504830.841644712] [controller_server]: 
[controller_server-11] 	controller_server lifecycle node launched. 
[controller_server-11] 	Waiting on external lifecycle transitions to activate
[controller_server-11] 	See https://design.ros2.org/articles/node_lifecycle.html for more information.
[controller_server-11] [INFO] [1775504830.869658041] [controller_server]: Creating controller server
[controller_server-11] [INFO] [1775504830.877826089] [local_costmap.local_costmap]: 
[controller_server-11] 	local_costmap lifecycle node launched. 
[controller_server-11] 	Waiting on external lifecycle transitions to activate
[controller_server-11] 	See https://design.ros2.org/articles/node_lifecycle.html for more information.
[planner_server-12] [INFO] [1775504830.882697960] [planner_server]: 
[planner_server-12] 	planner_server lifecycle node launched. 
[planner_server-12] 	Waiting on external lifecycle transitions to activate
[planner_server-12] 	See https://design.ros2.org/articles/node_lifecycle.html for more information.
[controller_server-11] [INFO] [1775504830.883953938] [local_costmap.local_costmap]: Creating Costmap
[lifecycle_manager-10] [INFO] [1775504830.892531213] [lifecycle_manager_localization]: Creating
[behavior_server-13] [INFO] [1775504830.891535891] [behavior_server]: 
[behavior_server-13] 	behavior_server lifecycle node launched. 
[behavior_server-13] 	Waiting on external lifecycle transitions to activate
[behavior_server-13] 	See https://design.ros2.org/articles/node_lifecycle.html for more information.
[planner_server-12] [INFO] [1775504830.901492339] [planner_server]: Creating
[lifecycle_manager-10] [INFO] [1775504830.919224434] [lifecycle_manager_localization]: [34m[1mCreating and initializing lifecycle service clients[0m[0m
[amcl-9] [INFO] [1775504830.921196846] [amcl]: 
[amcl-9] 	amcl lifecycle node launched. 
[amcl-9] 	Waiting on external lifecycle transitions to activate
[amcl-9] 	See https://design.ros2.org/articles/node_lifecycle.html for more information.
[scan_to_scan_filter_chain-5] [INFO] [1775504830.926935146] [laser_filter]: In shadow configure done
[scan_to_scan_filter_chain-5] [WARN] [1775504830.931674693] [rcl.logging_rosout]: Publisher already registered for provided node name. If this is due to multiple nodes with the same name then all logs for that logger name will go out over the existing publisher. As soon as any node with that name is destructed it will unregister the publisher, preventing any further logs for that name from being published on the rosout topic.
[planner_server-12] [INFO] [1775504830.927414107] [global_costmap.global_costmap]: 
[planner_server-12] 	global_costmap lifecycle node launched. 
[planner_server-12] 	Waiting on external lifecycle transitions to activate
[planner_server-12] 	See https://design.ros2.org/articles/node_lifecycle.html for more information.
[planner_server-12] [INFO] [1775504830.928794664] [global_costmap.global_costmap]: Creating Costmap
[waypoint_follower-15] [INFO] [1775504830.932592452] [waypoint_follower]: 
[waypoint_follower-15] 	waypoint_follower lifecycle node launched. 
[waypoint_follower-15] 	Waiting on external lifecycle transitions to activate
[waypoint_follower-15] 	See https://design.ros2.org/articles/node_lifecycle.html for more information.
[waypoint_follower-15] [INFO] [1775504830.933891958] [waypoint_follower]: Creating
[amcl-9] [INFO] [1775504830.934545697] [amcl]: Creating
[bt_navigator-14] [INFO] [1775504830.934662963] [bt_navigator]: 
[bt_navigator-14] 	bt_navigator lifecycle node launched. 
[bt_navigator-14] 	Waiting on external lifecycle transitions to activate
[bt_navigator-14] 	See https://design.ros2.org/articles/node_lifecycle.html for more information.
[bt_navigator-14] [INFO] [1775504830.934812525] [bt_navigator]: Creating
[map_server-8] [INFO] [1775504830.940863634] [map_server]: 
[map_server-8] 	map_server lifecycle node launched. 
[map_server-8] 	Waiting on external lifecycle transitions to activate
[map_server-8] 	See https://design.ros2.org/articles/node_lifecycle.html for more information.
[map_server-8] [INFO] [1775504830.941549979] [map_server]: Creating
[lifecycle_manager-16] [INFO] [1775504830.943608280] [lifecycle_manager_navigation]: Creating
[sllidar_node-4] [INFO] [1775504830.946545955] [sllidar_node]: SLLidar S/N: C394ED93C0EA98C9A5E698F2564A4669
[sllidar_node-4] [INFO] [1775504830.946622478] [sllidar_node]: Firmware Ver: 1.29
[sllidar_node-4] [INFO] [1775504830.946638997] [sllidar_node]: Hardware Rev: 7
[sllidar_node-4] [INFO] [1775504830.948620721] [sllidar_node]: SLLidar health status : 0
[sllidar_node-4] [INFO] [1775504830.948698181] [sllidar_node]: SLLidar health status : OK.
[lifecycle_manager-16] [INFO] [1775504830.972179454] [lifecycle_manager_navigation]: [34m[1mCreating and initializing lifecycle service clients[0m[0m
[lifecycle_manager-10] [INFO] [1775504831.055619227] [lifecycle_manager_localization]: [34m[1mStarting managed nodes bringup...[0m[0m
[lifecycle_manager-10] [INFO] [1775504831.055734647] [lifecycle_manager_localization]: [34m[1mConfiguring map_server[0m[0m
[lifecycle_manager-10] [ERROR] [1775504831.072792830] [lifecycle_manager_localization]: Failed to change state for node: map_server
[lifecycle_manager-10] [ERROR] [1775504831.072924281] [lifecycle_manager_localization]: Failed to bring up all requested nodes. Aborting bringup.
[lifecycle_manager-16] [INFO] [1775504831.116607571] [lifecycle_manager_navigation]: [34m[1mStarting managed nodes bringup...[0m[0m
[lifecycle_manager-16] [INFO] [1775504831.116692038] [lifecycle_manager_navigation]: [34m[1mConfiguring controller_server[0m[0m
[controller_server-11] [INFO] [1775504831.117038088] [controller_server]: Configuring controller interface
[controller_server-11] [INFO] [1775504831.119415565] [controller_server]: getting goal checker plugins..
[controller_server-11] [INFO] [1775504831.119998807] [controller_server]: Controller frequency set to 20.0000Hz
[controller_server-11] [INFO] [1775504831.120090456] [local_costmap.local_costmap]: Configuring
[sllidar_node-4] [INFO] [1775504831.154400467] [sllidar_node]: current scan mode: Boost, sample rate: 8 Khz, max_distance: 12.0 m, scan frequency:10.0 Hz, 
[controller_server-11] [INFO] [1775504831.154915358] [local_costmap.local_costmap]: Using plugin "obstacle_layer"
[controller_server-11] [INFO] [1775504831.169686001] [local_costmap.local_costmap]: Subscribed to Topics: scan
[controller_server-11] [INFO] [1775504831.186485667] [local_costmap.local_costmap]: Initialized plugin "obstacle_layer"
[controller_server-11] [INFO] [1775504831.186597036] [local_costmap.local_costmap]: Using plugin "voxel_layer"
Nav2 is up!
Checking LiDAR...
[controller_server-11] [INFO] [1775504831.197324568] [local_costmap.local_costmap]: Subscribed to Topics: scan
[controller_server-11] [INFO] [1775504831.225321119] [local_costmap.local_costmap]: Initialized plugin "voxel_layer"
[controller_server-11] [INFO] [1775504831.225372758] [local_costmap.local_costmap]: Using plugin "inflation_layer"
[controller_server-11] [INFO] [1775504831.232468995] [local_costmap.local_costmap]: Initialized plugin "inflation_layer"
[controller_server-11] [INFO] [1775504831.250689667] [controller_server]: Created progress_checker : progress_checker of type nav2_controller::SimpleProgressChecker
[controller_server-11] [INFO] [1775504831.255095132] [controller_server]: Created goal checker : general_goal_checker of type nav2_controller::SimpleGoalChecker
[controller_server-11] [INFO] [1775504831.258351398] [controller_server]: Controller Server has general_goal_checker  goal checkers available.
[controller_server-11] [INFO] [1775504831.260179174] [controller_server]: Created controller : FollowPath of type dwb_core::DWBLocalPlanner
[controller_server-11] [INFO] [1775504831.262816273] [controller_server]: Setting transform_tolerance to 0.200000
[controller_server-11] [INFO] [1775504831.277077858] [controller_server]: Using critic "RotateToGoal" (dwb_critics::RotateToGoalCritic)
[controller_server-11] [INFO] [1775504831.278630297] [controller_server]: Critic plugin initialized
[controller_server-11] [INFO] [1775504831.278943387] [controller_server]: Using critic "Oscillation" (dwb_critics::OscillationCritic)
[controller_server-11] [INFO] [1775504831.280138136] [controller_server]: Critic plugin initialized
[controller_server-11] [INFO] [1775504831.280466096] [controller_server]: Using critic "BaseObstacle" (dwb_critics::BaseObstacleCritic)
[controller_server-11] [INFO] [1775504831.281147240] [controller_server]: Critic plugin initialized
[controller_server-11] [INFO] [1775504831.281546069] [controller_server]: Using critic "GoalAlign" (dwb_critics::GoalAlignCritic)
[controller_server-11] [INFO] [1775504831.282476814] [controller_server]: Critic plugin initialized
[controller_server-11] [INFO] [1775504831.282784423] [controller_server]: Using critic "PathAlign" (dwb_critics::PathAlignCritic)
[controller_server-11] [INFO] [1775504831.283604954] [controller_server]: Critic plugin initialized
[controller_server-11] [INFO] [1775504831.283890930] [controller_server]: Using critic "PathDist" (dwb_critics::PathDistCritic)
[controller_server-11] [INFO] [1775504831.284397508] [controller_server]: Critic plugin initialized
[controller_server-11] [INFO] [1775504831.284713320] [controller_server]: Using critic "GoalDist" (dwb_critics::GoalDistCritic)
[controller_server-11] [INFO] [1775504831.285329077] [controller_server]: Critic plugin initialized
[controller_server-11] [INFO] [1775504831.285615884] [controller_server]: Using critic "PreferForward" (dwb_critics::PreferForwardCritic)
[controller_server-11] [INFO] [1775504831.286775259] [controller_server]: Critic plugin initialized
[controller_server-11] [INFO] [1775504831.286826374] [controller_server]: Controller Server has FollowPath  controllers available.
[lifecycle_manager-16] [INFO] [1775504831.294361317] [lifecycle_manager_navigation]: [34m[1mConfiguring planner_server[0m[0m
[planner_server-12] [INFO] [1775504831.294613781] [planner_server]: Configuring
[planner_server-12] [INFO] [1775504831.294663415] [global_costmap.global_costmap]: Configuring
[lifecycle_manager-16] [INFO] [1775504831.295626719] [lifecycle_manager_navigation]: [34m[1mConfiguring behavior_server[0m[0m
[behavior_server-13] [INFO] [1775504831.296305909] [behavior_server]: Configuring
[lifecycle_manager-16] [INFO] [1775504831.299258263] [lifecycle_manager_navigation]: [34m[1mConfiguring bt_navigator[0m[0m
[bt_navigator-14] [INFO] [1775504831.300106309] [bt_navigator]: Configuring
[lifecycle_manager-16] [INFO] [1775504831.304252745] [lifecycle_manager_navigation]: [34m[1mConfiguring waypoint_follower[0m[0m
[waypoint_follower-15] [INFO] [1775504831.306833012] [waypoint_follower]: Configuring
[lifecycle_manager-16] [INFO] [1775504831.307650145] [lifecycle_manager_navigation]: [34m[1mActivating controller_server[0m[0m
[controller_server-11] [INFO] [1775504831.308982597] [controller_server]: Activating
[controller_server-11] [INFO] [1775504831.309053790] [local_costmap.local_costmap]: Activating
[controller_server-11] [INFO] [1775504831.309069475] [local_costmap.local_costmap]: Checking transform
[controller_server-11] [INFO] [1775504831.309157513] [local_costmap.local_costmap]: Timed out waiting for transform from base_link to odom to become available, tf error: Invalid frame ID "odom" passed to canTransform argument target_frame - frame does not exist
[planner_server-12] [INFO] [1775504831.315565378] [global_costmap.global_costmap]: Using plugin "static_layer"
[behavior_server-13] [INFO] [1775504831.316864129] [behavior_server]: Creating behavior plugin spin of type nav2_behaviors/Spin
[behavior_server-13] [INFO] [1775504831.318428830] [behavior_server]: Configuring spin
[planner_server-12] [INFO] [1775504831.336272058] [global_costmap.global_costmap]: Subscribing to the map topic (/map) with transient local durability
[planner_server-12] [INFO] [1775504831.337477897] [global_costmap.global_costmap]: Initialized plugin "static_layer"
[planner_server-12] [INFO] [1775504831.337528483] [global_costmap.global_costmap]: Using plugin "obstacle_layer"
[behavior_server-13] [INFO] [1775504831.336812190] [behavior_server]: Creating behavior plugin backup of type nav2_behaviors/BackUp
[behavior_server-13] [INFO] [1775504831.339993351] [behavior_server]: Configuring backup
[planner_server-12] [INFO] [1775504831.345823983] [global_costmap.global_costmap]: Subscribed to Topics: scan
[behavior_server-13] [INFO] [1775504831.353356080] [behavior_server]: Creating behavior plugin drive_on_heading of type nav2_behaviors/DriveOnHeading
[behavior_server-13] [INFO] [1775504831.354693990] [behavior_server]: Configuring drive_on_heading
[waypoint_follower-15] [INFO] [1775504831.357544442] [waypoint_follower]: Created waypoint_task_executor : wait_at_waypoint of type nav2_waypoint_follower::WaitAtWaypoint
[planner_server-12] [INFO] [1775504831.368262294] [global_costmap.global_costmap]: Initialized plugin "obstacle_layer"
[planner_server-12] [INFO] [1775504831.368369972] [global_costmap.global_costmap]: Using plugin "voxel_layer"
[behavior_server-13] [INFO] [1775504831.374494749] [behavior_server]: Creating behavior plugin assisted_teleop of type nav2_behaviors/AssistedTeleop
[planner_server-12] [INFO] [1775504831.374498290] [global_costmap.global_costmap]: Subscribed to Topics: scan
[behavior_server-13] [INFO] [1775504831.376193492] [behavior_server]: Configuring assisted_teleop
[behavior_server-13] [INFO] [1775504831.389636805] [behavior_server]: Creating behavior plugin wait of type nav2_behaviors/Wait
[behavior_server-13] [INFO] [1775504831.392929467] [behavior_server]: Configuring wait
[planner_server-12] [INFO] [1775504831.396930554] [global_costmap.global_costmap]: Initialized plugin "voxel_layer"
[planner_server-12] [INFO] [1775504831.397020634] [global_costmap.global_costmap]: Using plugin "inflation_layer"
[planner_server-12] [INFO] [1775504831.400634774] [global_costmap.global_costmap]: Initialized plugin "inflation_layer"
[planner_server-12] [INFO] [1775504831.413092454] [global_costmap.global_costmap]: StaticLayer: Resizing costmap to 416 X 249 at 0.050000 m/pix
[planner_server-12] [INFO] [1775504831.413204084] [planner_server]: Created global planner plugin GridBased of type nav2_navfn_planner/NavfnPlanner
[planner_server-12] [INFO] [1775504831.413241330] [planner_server]: Configuring plugin GridBased of type NavfnPlanner
[planner_server-12] [INFO] [1775504831.417340844] [planner_server]: Planner Server has GridBased  planners available.
[joy_node-6] [INFO] [1775504831.740427612] [joy_node]: Opened joystick: Controller 1.05.  deadzone: 0.050000
[controller_server-11] [INFO] [1775504831.811056460] [local_costmap.local_costmap]: Timed out waiting for transform from base_link to odom to become available, tf error: Invalid frame ID "odom" passed to canTransform argument target_frame - frame does not exist
[scan_to_scan_filter_chain-5] [WARN] [1775504831.898708368] [laser_filter]: diagnostic_updater: No HW_ID was set. This is probably a bug. Please report it. For devices that do not have a HW_ID, set this value to 'none'. This warning only occurs once all diagnostics are OK. It is okay to wait until the device is open before calling setHardwareID.
[controller_server-11] [INFO] [1775504832.309200914] [local_costmap.local_costmap]: Timed out waiting for transform from base_link to odom to become available, tf error: Invalid frame ID "odom" passed to canTransform argument target_frame - frame does not exist
[stretch_driver-3] [0m[INFO] [1775504832.401567090] [stretch_driver]: For use with S T R E T C H (TM) RESEARCH EDITION from Hello Robot Inc.[0m
[stretch_driver-3] [0m[INFO] [1775504832.401928929] [stretch_driver]: stretch_driver started[0m
[controller_server-11] [INFO] [1775504832.809198029] [local_costmap.local_costmap]: Timed out waiting for transform from base_link to odom to become available, tf error: Invalid frame ID "odom" passed to canTransform argument target_frame - frame does not exist
[stretch_driver-3] Key mapped to End-Of-Arm Tool: tool_stretch_dex_wrist
[stretch_driver-3] Unable to load URDF: /home/willy/.local/lib/python3.10/site-packages/stretch_urdf/RE2V0/stretch_description_RE2V0_tool_stretch_dex_wrist.urdf. Disabling collision system.
LiDAR OK!
Waiting for AMCL service...
[controller_server-11] [INFO] [1775504833.309208984] [local_costmap.local_costmap]: Timed out waiting for transform from base_link to odom to become available, tf error: Invalid frame ID "odom" passed to canTransform argument target_frame - frame does not exist
[rviz2-17] [INFO] [1775504833.405381145] [rviz2]: Stereo is NOT SUPPORTED
[rviz2-17] [INFO] [1775504833.405459484] [rviz2]: OpenGl version: 4.5 (GLSL 4.5)
[rviz2-17] [INFO] [1775504833.675505795] [rviz2]: Stereo is NOT SUPPORTED
[controller_server-11] [INFO] [1775504833.809205372] [local_costmap.local_costmap]: Timed out waiting for transform from base_link to odom to become available, tf error: Invalid frame ID "odom" passed to canTransform argument target_frame - frame does not exist
[rviz2-17] [INFO] [1775504834.153452553] [rviz2]: Trying to create a map of size 416 x 249 using 1 swatches
[stretch_driver-3] [0m[INFO] [1775504834.159737171] [stretch_driver]: broadcast_odom_tf = True[0m
[rviz2-17] [ERROR] [1775504834.178481840] [rviz2]: Vertex Program:rviz/glsl120/indexed_8bit_image.vert Fragment Program:rviz/glsl120/indexed_8bit_image.frag GLSL link result : 
[rviz2-17] active samplers with a different type refer to the same texture image unit
[stretch_driver-3] [0m[INFO] [1775504834.209648271] [stretch_driver]: rate = 30.0 Hz[0m
[stretch_driver-3] [0m[INFO] [1775504834.211804367] [stretch_driver]: twist timeout = 0.5 s[0m
[stretch_driver-3] [0m[INFO] [1775504834.212552482] [stretch_driver]: base_frame_id = base_link[0m
[stretch_driver-3] [0m[INFO] [1775504834.213834968] [stretch_driver]: odom_frame_id = odom[0m
[stretch_driver-3] [0m[INFO] [1775504834.276456089] [stretch_driver]: Changed to mode = navigation[0m
[controller_server-11] [INFO] [1775504834.309202055] [local_costmap.local_costmap]: Timed out waiting for transform from base_link to odom to become available, tf error: Invalid frame ID "odom" passed to canTransform argument target_frame - frame does not exist
[controller_server-11] [INFO] [1775504834.809721988] [local_costmap.local_costmap]: start
[controller_server-11] [INFO] [1775504835.016965119] [controller_server]: Creating bond (controller_server) to lifecycle manager.
[lifecycle_manager-16] [INFO] [1775504835.075391872] [lifecycle_manager_navigation]: Server controller_server connected with bond.
[lifecycle_manager-16] [INFO] [1775504835.075434959] [lifecycle_manager_navigation]: [34m[1mActivating planner_server[0m[0m
[planner_server-12] [INFO] [1775504835.075700191] [planner_server]: Activating
[planner_server-12] [INFO] [1775504835.075757119] [global_costmap.global_costmap]: Activating
[planner_server-12] [INFO] [1775504835.075779304] [global_costmap.global_costmap]: Checking transform
[planner_server-12] [INFO] [1775504835.075811044] [global_costmap.global_costmap]: Timed out waiting for transform from base_link to map to become available, tf error: Invalid frame ID "map" passed to canTransform argument target_frame - frame does not exist
[planner_server-12] [INFO] [1775504835.575892999] [global_costmap.global_costmap]: Timed out waiting for transform from base_link to map to become available, tf error: Invalid frame ID "map" passed to canTransform argument target_frame - frame does not exist
Setting initial pose...
[planner_server-12] [INFO] [1775504836.075865658] [global_costmap.global_costmap]: Timed out waiting for transform from base_link to map to become available, tf error: Invalid frame ID "map" passed to canTransform argument target_frame - frame does not exist
publisher: beginning loop
publishing #1: geometry_msgs.msg.PoseWithCovarianceStamped(header=std_msgs.msg.Header(stamp=builtin_interfaces.msg.Time(sec=0, nanosec=0), frame_id='map'), pose=geometry_msgs.msg.PoseWithCovariance(pose=geometry_msgs.msg.Pose(position=geometry_msgs.msg.Point(x=0.5688, y=1.6601, z=0.0), orientation=geometry_msgs.msg.Quaternion(x=0.0, y=0.0, z=-0.707, w=0.707)), covariance=array([0.25, 0.  , 0.  , 0.  , 0.  , 0.  , 0.  , 0.25, 0.  , 0.  , 0.  ,
       0.  , 0.  , 0.  , 0.  , 0.  , 0.  , 0.  , 0.  , 0.  , 0.  , 0.  ,
       0.  , 0.  , 0.  , 0.  , 0.  , 0.  , 0.  , 0.  , 0.  , 0.  , 0.  ,
       0.  , 0.  , 0.07])))

[planner_server-12] [INFO] [1775504836.575861771] [global_costmap.global_costmap]: Timed out waiting for transform from base_link to map to become available, tf error: Invalid frame ID "map" passed to canTransform argument target_frame - frame does not exist
[planner_server-12] [INFO] [1775504837.075861752] [global_costmap.global_costmap]: Timed out waiting for transform from base_link to map to become available, tf error: Invalid frame ID "map" passed to canTransform argument target_frame - frame does not exist
[planner_server-12] [INFO] [1775504837.575920107] [global_costmap.global_costmap]: Timed out waiting for transform from base_link to map to become available, tf error: Invalid frame ID "map" passed to canTransform argument target_frame - frame does not exist
[rviz2-17] [INFO] [1775504837.693331791] [rviz]: Message Filter dropping message: frame 'laser' at time 1775504833.747 for reason 'discarding message because the queue is full'
[rviz2-17] [INFO] [1775504838.036041231] [rviz]: Message Filter dropping message: frame 'odom' at time 1775504834.979 for reason 'discarding message because the queue is full'
[planner_server-12] [INFO] [1775504838.075913466] [global_costmap.global_costmap]: Timed out waiting for transform from base_link to map to become available, tf error: Invalid frame ID "map" passed to canTransform argument target_frame - frame does not exist
[planner_server-12] [INFO] [1775504838.575917965] [global_costmap.global_costmap]: Timed out waiting for transform from base_link to map to become available, tf error: Invalid frame ID "map" passed to canTransform argument target_frame - frame does not exist
[planner_server-12] [INFO] [1775504839.076133449] [global_costmap.global_costmap]: Timed out waiting for transform from base_link to map to become available, tf error: Invalid frame ID "map" passed to canTransform argument target_frame - frame does not exist
[planner_server-12] [INFO] [1775504839.575895375] [global_costmap.global_costmap]: Timed out waiting for transform from base_link to map to become available, tf error: Invalid frame ID "map" passed to canTransform argument target_frame - frame does not exist
[planner_server-12] [INFO] [1775504840.075890868] [global_costmap.global_costmap]: Timed out waiting for transform from base_link to map to become available, tf error: Invalid frame ID "map" passed to canTransform argument target_frame - frame does not exist
[rviz2-17] [INFO] [1775504840.270433631] [rviz]: Message Filter dropping message: frame 'laser' at time 1775504837.664 for reason 'discarding message because the queue is full'
[rviz2-17] [INFO] [1775504840.422788168] [rviz]: Message Filter dropping message: frame 'odom' at time 1775504835.011 for reason 'discarding message because the queue is full'
[planner_server-12] [INFO] [1775504840.575867861] [global_costmap.global_costmap]: Timed out waiting for transform from base_link to map to become available, tf error: Invalid frame ID "map" passed to canTransform argument target_frame - frame does not exist
[rviz2-17] [INFO] [1775504840.591788219] [rviz]: Message Filter dropping message: frame 'odom' at time 1775504838.377 for reason 'discarding message because the queue is full'
[planner_server-12] [INFO] [1775504841.075940554] [global_costmap.global_costmap]: Timed out waiting for transform from base_link to map to become available, tf error: Invalid frame ID "map" passed to canTransform argument target_frame - frame does not exist
[planner_server-12] [INFO] [1775504841.575870981] [global_costmap.global_costmap]: Timed out waiting for transform from base_link to map to become available, tf error: Invalid frame ID "map" passed to canTransform argument target_frame - frame does not exist
[planner_server-12] [INFO] [1775504842.075885175] [global_costmap.global_costmap]: Timed out waiting for transform from base_link to map to become available, tf error: Invalid frame ID "map" passed to canTransform argument target_frame - frame does not exist
[planner_server-12] [INFO] [1775504842.575873293] [global_costmap.global_costmap]: Timed out waiting for transform from base_link to map to become available, tf error: Invalid frame ID "map" passed to canTransform argument target_frame - frame does not exist
[rviz2-17] [INFO] [1775504842.846628701] [rviz]: Message Filter dropping message: frame 'laser' at time 1775504840.182 for reason 'discarding message because the queue is full'
[planner_server-12] [INFO] [1775504843.075864422] [global_costmap.global_costmap]: Timed out waiting for transform from base_link to map to become available, tf error: Invalid frame ID "map" passed to canTransform argument target_frame - frame does not exist
[rviz2-17] [INFO] [1775504843.186675591] [rviz]: Message Filter dropping message: frame 'odom' at time 1775504840.777 for reason 'discarding message because the queue is full'
[planner_server-12] [INFO] [1775504843.575926742] [global_costmap.global_costmap]: Timed out waiting for transform from base_link to map to become available, tf error: Invalid frame ID "map" passed to canTransform argument target_frame - frame does not exist
[rviz2-17] [INFO] [1775504843.596564372] [rviz]: Message Filter dropping message: frame 'odom' at time 1775504839.169 for reason 'discarding message because the queue is full'
[planner_server-12] [INFO] [1775504844.075865900] [global_costmap.global_costmap]: Timed out waiting for transform from base_link to map to become available, tf error: Invalid frame ID "map" passed to canTransform argument target_frame - frame does not exist
[planner_server-12] [INFO] [1775504844.575894541] [global_costmap.global_costmap]: Timed out waiting for transform from base_link to map to become available, tf error: Invalid frame ID "map" passed to canTransform argument target_frame - frame does not exist
[planner_server-12] [INFO] [1775504845.075857101] [global_costmap.global_costmap]: Timed out waiting for transform from base_link to map to become available, tf error: Invalid frame ID "map" passed to canTransform argument target_frame - frame does not exist
[rviz2-17] [INFO] [1775504845.440447837] [rviz]: Message Filter dropping message: frame 'laser' at time 1775504842.835 for reason 'discarding message because the queue is full'
[planner_server-12] [INFO] [1775504845.575898161] [global_costmap.global_costmap]: Timed out waiting for transform from base_link to map to become available, tf error: Invalid frame ID "map" passed to canTransform argument target_frame - frame does not exist
[rviz2-17] [INFO] [1775504845.793619184] [rviz]: Message Filter dropping message: frame 'odom' at time 1775504843.544 for reason 'discarding message because the queue is full'
[planner_server-12] [INFO] [1775504846.077062007] [global_costmap.global_costmap]: Timed out waiting for transform from base_link to map to become available, tf error: Invalid frame ID "map" passed to canTransform argument target_frame - frame does not exist
[rviz2-17] [INFO] [1775504846.385153181] [rviz]: Message Filter dropping message: frame 'odom' at time 1775504841.611 for reason 'discarding message because the queue is full'
[planner_server-12] [INFO] [1775504846.575895031] [global_costmap.global_costmap]: Timed out waiting for transform from base_link to map to become available, tf error: Invalid frame ID "map" passed to canTransform argument target_frame - frame does not exist
[planner_server-12] [INFO] [1775504847.075860981] [global_costmap.global_costmap]: Timed out waiting for transform from base_link to map to become available, tf error: Invalid frame ID "map" passed to canTransform argument target_frame - frame does not exist
