=== dock_pos.sh started at Wed Apr  8 02:35:31 PM EDT 2026 ===
Waiting for nodes to be ready (launch_nodes.sh)...
Nodes are ready!
requester: making request: std_srvs.srv.Trigger_Request()

response:
std_srvs.srv.Trigger_Response(success=True, message='Now in navigation mode.')

Waiting for controller_server...
Set parameter successful
Yaw tolerance set.
Resetting arm position...
requester: making request: std_srvs.srv.Trigger_Request()

response:
std_srvs.srv.Trigger_Response(success=True, message='Now in position mode.')

[INFO] [1775673351.241910878] [reset_pose]: reset_pose started
[INFO] [1775673351.307988766] [reset_pose]: Node reset_pose connected to /home_the_robot service.
[INFO] [1775673351.310561001] [reset_pose]: Node reset_pose connected to /stow_the_robot service.
[INFO] [1775673351.312810254] [reset_pose]: Node reset_pose connected to /stop_the_robot service.
[INFO] [1775673351.319561202] [reset_pose]: Node reset_pose connected to /switch_to_trajectory_mode service.
[INFO] [1775673351.322127346] [reset_pose]: Node reset_pose connected to /switch_to_position_mode service.
[INFO] [1775673351.324228817] [reset_pose]: Node reset_pose connected to /switch_to_navigation_mode service.
[INFO] [1775673351.325496432] [reset_pose]: Moving to default pose...
[INFO] [1775673352.809883165] [reset_pose]: Arm reset done.
[INFO] [1775673352.810280673] [reset_pose]: Skipping rotation (ROTATE_DEG=0).
[INFO] [1775673352.810542661] [reset_pose]: Done.
Arm reset complete (exit 0).
requester: making request: std_srvs.srv.Trigger_Request()

response:
std_srvs.srv.Trigger_Response(success=True, message='Now in navigation mode.')

=== Navigating to table ===
requester: making request: std_srvs.srv.Trigger_Request()

response:
std_srvs.srv.Trigger_Response(success=True, message='Now in navigation mode.')

Set parameter successful
Waiting for an action server to become available...
Sending goal:
     pose:
  header:
    stamp:
      sec: 0
      nanosec: 0
    frame_id: map
  pose:
    position:
      x: 0.5688
      y: 1.6601
      z: 0.0
    orientation:
      x: 0.0
      y: 0.0
      z: -0.707
      w: 0.707
behavior_tree: ''

Goal accepted with ID: d0ff6a0e7d1c41c8b354d918aba783e2

Result:
    result: {}

Goal finished with status: SUCCEEDED
Navigation succeeded!
=== dock_pos.sh finished at Wed Apr  8 02:36:18 PM EDT 2026 ===
