=== dock_to_origin.sh started at Mon Apr  6 03:18:56 PM EDT 2026 ===
Freeing robot process...
Done!
Launching Nav2...
Waiting for Nav2 action server...
[INFO] [launch]: All log files can be found below /home/willy/.ros/log/2026-04-06-15-18-56-788404-stretch-re2-2204-26444
[INFO] [launch]: Default logging verbosity is set to INFO
Nav2 is up!
Setting initial pose...
[INFO] [stretch_driver-3]: process started with pid [26517]
[INFO] [joint_state_publisher-1]: process started with pid [26513]
[INFO] [robot_state_publisher-2]: process started with pid [26515]
[INFO] [sllidar_node-4]: process started with pid [26519]
[INFO] [scan_to_scan_filter_chain-5]: process started with pid [26521]
[INFO] [joy_node-6]: process started with pid [26523]
[INFO] [teleop_node-7]: process started with pid [26525]
[INFO] [map_server-8]: process started with pid [26527]
[INFO] [amcl-9]: process started with pid [26529]
[INFO] [lifecycle_manager-10]: process started with pid [26531]
[INFO] [controller_server-11]: process started with pid [26533]
[INFO] [planner_server-12]: process started with pid [26535]
[INFO] [behavior_server-13]: process started with pid [26537]
[INFO] [bt_navigator-14]: process started with pid [26539]
[INFO] [waypoint_follower-15]: process started with pid [26541]
[INFO] [lifecycle_manager-16]: process started with pid [26664]
[INFO] [rviz2-17]: process started with pid [26667]
[sllidar_node-4] [INFO] [1775503137.479272943] [sllidar_node]: SLLidar running on ROS2 package SLLidar.ROS2 SDK Version:1.0.1, SLLIDAR SDK Version:2.1.0
[scan_to_scan_filter_chain-5] [INFO] [1775503137.532221373] [laser_filter]: In shadow configure done
[scan_to_scan_filter_chain-5] [WARN] [1775503137.532642448] [rcl.logging_rosout]: Publisher already registered for provided node name. If this is due to multiple nodes with the same name then all logs for that logger name will go out over the existing publisher. As soon as any node with that name is destructed it will unregister the publisher, preventing any further logs for that name from being published on the rosout topic.
[teleop_node-7] [INFO] [1775503137.474092144] [TeleopTwistJoy]: Teleop enable button 4.
[teleop_node-7] [INFO] [1775503137.474176871] [TeleopTwistJoy]: Linear axis x on 4 at scale 0.500000.
[teleop_node-7] [INFO] [1775503137.474192085] [TeleopTwistJoy]: Angular axis yaw on 3 at scale 0.500000.
[map_server-8] [INFO] [1775503137.586928407] [map_server]: 
[map_server-8] 	map_server lifecycle node launched. 
[map_server-8] 	Waiting on external lifecycle transitions to activate
[map_server-8] 	See https://design.ros2.org/articles/node_lifecycle.html for more information.
[map_server-8] [INFO] [1775503137.587149750] [map_server]: Creating
[amcl-9] [INFO] [1775503137.512756479] [amcl]: 
[amcl-9] 	amcl lifecycle node launched. 
[amcl-9] 	Waiting on external lifecycle transitions to activate
[amcl-9] 	See https://design.ros2.org/articles/node_lifecycle.html for more information.
[amcl-9] [INFO] [1775503137.514059543] [amcl]: Creating
[lifecycle_manager-10] [INFO] [1775503137.498643807] [lifecycle_manager_localization]: Creating
[lifecycle_manager-10] [INFO] [1775503137.513690104] [lifecycle_manager_localization]: [34m[1mCreating and initializing lifecycle service clients[0m[0m
[controller_server-11] [INFO] [1775503137.515621448] [controller_server]: 
[controller_server-11] 	controller_server lifecycle node launched. 
[controller_server-11] 	Waiting on external lifecycle transitions to activate
[controller_server-11] 	See https://design.ros2.org/articles/node_lifecycle.html for more information.
[controller_server-11] [INFO] [1775503137.552984623] [controller_server]: Creating controller server
[controller_server-11] [INFO] [1775503137.576466074] [local_costmap.local_costmap]: 
[controller_server-11] 	local_costmap lifecycle node launched. 
[controller_server-11] 	Waiting on external lifecycle transitions to activate
[controller_server-11] 	See https://design.ros2.org/articles/node_lifecycle.html for more information.
[controller_server-11] [INFO] [1775503137.578250473] [local_costmap.local_costmap]: Creating Costmap
[planner_server-12] [INFO] [1775503137.503561573] [planner_server]: 
[planner_server-12] 	planner_server lifecycle node launched. 
[planner_server-12] 	Waiting on external lifecycle transitions to activate
[planner_server-12] 	See https://design.ros2.org/articles/node_lifecycle.html for more information.
[planner_server-12] [INFO] [1775503137.531139527] [planner_server]: Creating
[planner_server-12] [INFO] [1775503137.550774594] [global_costmap.global_costmap]: 
[planner_server-12] 	global_costmap lifecycle node launched. 
[planner_server-12] 	Waiting on external lifecycle transitions to activate
[planner_server-12] 	See https://design.ros2.org/articles/node_lifecycle.html for more information.
[planner_server-12] [INFO] [1775503137.552216259] [global_costmap.global_costmap]: Creating Costmap
[behavior_server-13] [INFO] [1775503137.526393027] [behavior_server]: 
[behavior_server-13] 	behavior_server lifecycle node launched. 
[behavior_server-13] 	Waiting on external lifecycle transitions to activate
[behavior_server-13] 	See https://design.ros2.org/articles/node_lifecycle.html for more information.
[bt_navigator-14] [INFO] [1775503137.531215685] [bt_navigator]: 
[bt_navigator-14] 	bt_navigator lifecycle node launched. 
[bt_navigator-14] 	Waiting on external lifecycle transitions to activate
[bt_navigator-14] 	See https://design.ros2.org/articles/node_lifecycle.html for more information.
[bt_navigator-14] [INFO] [1775503137.531387542] [bt_navigator]: Creating
[waypoint_follower-15] [INFO] [1775503137.524101195] [waypoint_follower]: 
[waypoint_follower-15] 	waypoint_follower lifecycle node launched. 
[waypoint_follower-15] 	Waiting on external lifecycle transitions to activate
[waypoint_follower-15] 	See https://design.ros2.org/articles/node_lifecycle.html for more information.
[waypoint_follower-15] [INFO] [1775503137.525286907] [waypoint_follower]: Creating
[lifecycle_manager-16] [INFO] [1775503137.626406219] [lifecycle_manager_navigation]: Creating
[lifecycle_manager-16] [INFO] [1775503137.637524605] [lifecycle_manager_navigation]: [34m[1mCreating and initializing lifecycle service clients[0m[0m
[lifecycle_manager-10] [INFO] [1775503137.648140670] [lifecycle_manager_localization]: [34m[1mStarting managed nodes bringup...[0m[0m
[lifecycle_manager-10] [INFO] [1775503137.648217756] [lifecycle_manager_localization]: [34m[1mConfiguring map_server[0m[0m
[map_server-8] [INFO] [1775503137.649729729] [map_server]: Configuring
[map_server-8] [INFO] [1775503137.649824041] [map_io]: Loading yaml file: /home/willy/stretch_user/maps/testing_map.yaml
[map_server-8] [INFO] [1775503137.650305451] [map_io]: resolution: 0.05
[map_server-8] [INFO] [1775503137.650323901] [map_io]: origin[0]: -11.5
[map_server-8] [INFO] [1775503137.650329072] [map_io]: origin[1]: -1.71
[map_server-8] [INFO] [1775503137.650333643] [map_io]: origin[2]: 0
[map_server-8] [INFO] [1775503137.650338939] [map_io]: free_thresh: 0.25
[map_server-8] [INFO] [1775503137.650343662] [map_io]: occupied_thresh: 0.65
[map_server-8] [INFO] [1775503137.650349001] [map_io]: mode: trinary
[map_server-8] [INFO] [1775503137.650355325] [map_io]: negate: 0
[map_server-8] [INFO] [1775503137.650571816] [map_io]: Loading image_file: /home/willy/stretch_user/maps/testing_map.pgm
[lifecycle_manager-16] [INFO] [1775503137.660077273] [lifecycle_manager_navigation]: [34m[1mStarting managed nodes bringup...[0m[0m
[lifecycle_manager-16] [INFO] [1775503137.660142089] [lifecycle_manager_navigation]: [34m[1mConfiguring controller_server[0m[0m
[controller_server-11] [INFO] [1775503137.660418103] [controller_server]: Configuring controller interface
[controller_server-11] [INFO] [1775503137.660757292] [controller_server]: getting goal checker plugins..
[controller_server-11] [INFO] [1775503137.661029836] [controller_server]: Controller frequency set to 20.0000Hz
[controller_server-11] [INFO] [1775503137.661088007] [local_costmap.local_costmap]: Configuring
[map_server-8] [INFO] [1775503137.663006995] [map_io]: Read map /home/willy/stretch_user/maps/testing_map.pgm: 416 X 249 map @ 0.05 m/cell
[controller_server-11] [INFO] [1775503137.669382139] [local_costmap.local_costmap]: Using plugin "obstacle_layer"
[lifecycle_manager-10] [INFO] [1775503137.669762562] [lifecycle_manager_localization]: [34m[1mConfiguring amcl[0m[0m
[amcl-9] [INFO] [1775503137.669967522] [amcl]: Configuring
[amcl-9] [INFO] [1775503137.670042553] [amcl]: initTransforms
[controller_server-11] [INFO] [1775503137.675369914] [local_costmap.local_costmap]: Subscribed to Topics: scan
[amcl-9] [INFO] [1775503137.677926120] [amcl]: initPubSub
[amcl-9] [INFO] [1775503137.680816397] [amcl]: Subscribed to map topic.
[controller_server-11] [INFO] [1775503137.683602705] [local_costmap.local_costmap]: Initialized plugin "obstacle_layer"
[controller_server-11] [INFO] [1775503137.683675727] [local_costmap.local_costmap]: Using plugin "voxel_layer"
[controller_server-11] [INFO] [1775503137.685072306] [local_costmap.local_costmap]: Subscribed to Topics: scan
[lifecycle_manager-10] [INFO] [1775503137.686409560] [lifecycle_manager_localization]: [34m[1mActivating map_server[0m[0m
[map_server-8] [INFO] [1775503137.686773227] [map_server]: Activating
[map_server-8] [INFO] [1775503137.687111063] [map_server]: Creating bond (map_server) to lifecycle manager.
[amcl-9] [INFO] [1775503137.687353851] [amcl]: Received a 416 X 249 map @ 0.050 m/pix
[controller_server-11] [INFO] [1775503137.691673600] [local_costmap.local_costmap]: Initialized plugin "voxel_layer"
[controller_server-11] [INFO] [1775503137.691750372] [local_costmap.local_costmap]: Using plugin "inflation_layer"
[controller_server-11] [INFO] [1775503137.693675028] [local_costmap.local_costmap]: Initialized plugin "inflation_layer"
[controller_server-11] [INFO] [1775503137.701312753] [controller_server]: Created progress_checker : progress_checker of type nav2_controller::SimpleProgressChecker
[controller_server-11] [INFO] [1775503137.702745191] [controller_server]: Created goal checker : general_goal_checker of type nav2_controller::SimpleGoalChecker
[controller_server-11] [INFO] [1775503137.703427428] [controller_server]: Controller Server has general_goal_checker  goal checkers available.
[controller_server-11] [INFO] [1775503137.705678850] [controller_server]: Created controller : FollowPath of type dwb_core::DWBLocalPlanner
[controller_server-11] [INFO] [1775503137.710685551] [controller_server]: Setting transform_tolerance to 0.200000
[lifecycle_manager-10] [INFO] [1775503137.723652917] [lifecycle_manager_localization]: Server map_server connected with bond.
[lifecycle_manager-10] [INFO] [1775503137.723706505] [lifecycle_manager_localization]: [34m[1mActivating amcl[0m[0m
[amcl-9] [INFO] [1775503137.724003360] [amcl]: Activating
[amcl-9] [INFO] [1775503137.724065937] [amcl]: Creating bond (amcl) to lifecycle manager.
[controller_server-11] [INFO] [1775503137.738009904] [controller_server]: Using critic "RotateToGoal" (dwb_critics::RotateToGoalCritic)
[controller_server-11] [INFO] [1775503137.740488743] [controller_server]: Critic plugin initialized
[controller_server-11] [INFO] [1775503137.741283344] [controller_server]: Using critic "Oscillation" (dwb_critics::OscillationCritic)
[controller_server-11] [INFO] [1775503137.744362782] [controller_server]: Critic plugin initialized
[controller_server-11] [INFO] [1775503137.744839178] [controller_server]: Using critic "BaseObstacle" (dwb_critics::BaseObstacleCritic)
[controller_server-11] [INFO] [1775503137.745644232] [controller_server]: Critic plugin initialized
[controller_server-11] [INFO] [1775503137.745890890] [controller_server]: Using critic "GoalAlign" (dwb_critics::GoalAlignCritic)
[controller_server-11] [INFO] [1775503137.747722705] [controller_server]: Critic plugin initialized
[controller_server-11] [INFO] [1775503137.748297115] [controller_server]: Using critic "PathAlign" (dwb_critics::PathAlignCritic)
[controller_server-11] [INFO] [1775503137.749817867] [controller_server]: Critic plugin initialized
[controller_server-11] [INFO] [1775503137.750413496] [controller_server]: Using critic "PathDist" (dwb_critics::PathDistCritic)
[controller_server-11] [INFO] [1775503137.751361855] [controller_server]: Critic plugin initialized
[controller_server-11] [INFO] [1775503137.751599319] [controller_server]: Using critic "GoalDist" (dwb_critics::GoalDistCritic)
[controller_server-11] [INFO] [1775503137.752005946] [controller_server]: Critic plugin initialized
[controller_server-11] [INFO] [1775503137.752220084] [controller_server]: Using critic "PreferForward" (dwb_critics::PreferForwardCritic)
[controller_server-11] [INFO] [1775503137.755900735] [controller_server]: Critic plugin initialized
[controller_server-11] [INFO] [1775503137.755957823] [controller_server]: Controller Server has FollowPath  controllers available.
[lifecycle_manager-16] [INFO] [1775503137.767406752] [lifecycle_manager_navigation]: [34m[1mConfiguring planner_server[0m[0m
[planner_server-12] [INFO] [1775503137.767761982] [planner_server]: Configuring
[planner_server-12] [INFO] [1775503137.767809217] [global_costmap.global_costmap]: Configuring
[planner_server-12] [INFO] [1775503137.790734943] [global_costmap.global_costmap]: Using plugin "static_layer"
[lifecycle_manager-10] [INFO] [1775503137.795301777] [lifecycle_manager_localization]: Server amcl connected with bond.
[lifecycle_manager-10] [INFO] [1775503137.795350427] [lifecycle_manager_localization]: [34m[1mManaged nodes are active[0m[0m
[lifecycle_manager-10] [INFO] [1775503137.795367469] [lifecycle_manager_localization]: [34m[1mCreating bond timer...[0m[0m
[planner_server-12] [INFO] [1775503137.808106005] [global_costmap.global_costmap]: Subscribing to the map topic (/map) with transient local durability
[planner_server-12] [INFO] [1775503137.812442523] [global_costmap.global_costmap]: Initialized plugin "static_layer"
[planner_server-12] [INFO] [1775503137.812489313] [global_costmap.global_costmap]: Using plugin "obstacle_layer"
[planner_server-12] [INFO] [1775503137.817967501] [global_costmap.global_costmap]: Subscribed to Topics: scan
[planner_server-12] [INFO] [1775503137.831580246] [global_costmap.global_costmap]: Initialized plugin "obstacle_layer"
[planner_server-12] [INFO] [1775503137.831628319] [global_costmap.global_costmap]: Using plugin "voxel_layer"
[planner_server-12] [INFO] [1775503137.832804970] [global_costmap.global_costmap]: Subscribed to Topics: scan
[planner_server-12] [INFO] [1775503137.847046100] [global_costmap.global_costmap]: Initialized plugin "voxel_layer"
[planner_server-12] [INFO] [1775503137.847092639] [global_costmap.global_costmap]: Using plugin "inflation_layer"
[planner_server-12] [INFO] [1775503137.852084521] [global_costmap.global_costmap]: Initialized plugin "inflation_layer"
[planner_server-12] [INFO] [1775503137.867696844] [global_costmap.global_costmap]: StaticLayer: Resizing costmap to 416 X 249 at 0.050000 m/pix
[planner_server-12] [INFO] [1775503137.868282951] [planner_server]: Created global planner plugin GridBased of type nav2_navfn_planner/NavfnPlanner
[planner_server-12] [INFO] [1775503137.868321440] [planner_server]: Configuring plugin GridBased of type NavfnPlanner
[planner_server-12] [INFO] [1775503137.871973579] [planner_server]: Planner Server has GridBased  planners available.
[lifecycle_manager-16] [INFO] [1775503137.886264956] [lifecycle_manager_navigation]: [34m[1mConfiguring behavior_server[0m[0m
[behavior_server-13] [INFO] [1775503137.886560306] [behavior_server]: Configuring
[behavior_server-13] [INFO] [1775503137.893620651] [behavior_server]: Creating behavior plugin spin of type nav2_behaviors/Spin
[behavior_server-13] [INFO] [1775503137.894793310] [behavior_server]: Configuring spin
[behavior_server-13] [INFO] [1775503137.900324371] [behavior_server]: Creating behavior plugin backup of type nav2_behaviors/BackUp
[behavior_server-13] [INFO] [1775503137.901393132] [behavior_server]: Configuring backup
[behavior_server-13] [INFO] [1775503137.906214395] [behavior_server]: Creating behavior plugin drive_on_heading of type nav2_behaviors/DriveOnHeading
[behavior_server-13] [INFO] [1775503137.907387309] [behavior_server]: Configuring drive_on_heading
[behavior_server-13] [INFO] [1775503137.911649890] [behavior_server]: Creating behavior plugin assisted_teleop of type nav2_behaviors/AssistedTeleop
[behavior_server-13] [INFO] [1775503137.913840692] [behavior_server]: Configuring assisted_teleop
[behavior_server-13] [INFO] [1775503137.919585076] [behavior_server]: Creating behavior plugin wait of type nav2_behaviors/Wait
[behavior_server-13] [INFO] [1775503137.920575103] [behavior_server]: Configuring wait
[lifecycle_manager-16] [INFO] [1775503137.924624673] [lifecycle_manager_navigation]: [34m[1mConfiguring bt_navigator[0m[0m
[bt_navigator-14] [INFO] [1775503137.924879498] [bt_navigator]: Configuring
[lifecycle_manager-16] [INFO] [1775503138.013175413] [lifecycle_manager_navigation]: [34m[1mConfiguring waypoint_follower[0m[0m
[waypoint_follower-15] [INFO] [1775503138.013495683] [waypoint_follower]: Configuring
[waypoint_follower-15] [INFO] [1775503138.024381337] [waypoint_follower]: Created waypoint_task_executor : wait_at_waypoint of type nav2_waypoint_follower::WaitAtWaypoint
[lifecycle_manager-16] [INFO] [1775503138.025724783] [lifecycle_manager_navigation]: [34m[1mActivating controller_server[0m[0m
[controller_server-11] [INFO] [1775503138.025944537] [controller_server]: Activating
[controller_server-11] [INFO] [1775503138.026027579] [local_costmap.local_costmap]: Activating
[controller_server-11] [INFO] [1775503138.026044639] [local_costmap.local_costmap]: Checking transform
[controller_server-11] [INFO] [1775503138.026100045] [local_costmap.local_costmap]: Timed out waiting for transform from base_link to odom to become available, tf error: Invalid frame ID "odom" passed to canTransform argument target_frame - frame does not exist
publisher: beginning loop
publishing #1: geometry_msgs.msg.PoseWithCovarianceStamped(header=std_msgs.msg.Header(stamp=builtin_interfaces.msg.Time(sec=0, nanosec=0), frame_id='map'), pose=geometry_msgs.msg.PoseWithCovariance(pose=geometry_msgs.msg.Pose(position=geometry_msgs.msg.Point(x=0.0, y=0.0, z=0.0), orientation=geometry_msgs.msg.Quaternion(x=0.0, y=0.0, z=0.0, w=1.0)), covariance=array([0.25, 0.  , 0.  , 0.  , 0.  , 0.  , 0.  , 0.25, 0.  , 0.  , 0.  ,
       0.  , 0.  , 0.  , 0.  , 0.  , 0.  , 0.  , 0.  , 0.  , 0.  , 0.  ,
       0.  , 0.  , 0.  , 0.  , 0.  , 0.  , 0.  , 0.  , 0.  , 0.  , 0.  ,
       0.  , 0.  , 0.07])))

[amcl-9] [INFO] [1775503138.062213203] [amcl]: initialPoseReceived
[amcl-9] [INFO] [1775503138.062339306] [amcl]: Setting pose (1775503138.062339): 0.000 0.000 0.000
[joy_node-6] [INFO] [1775503138.148548780] [joy_node]: Opened joystick: Controller 1.05.  deadzone: 0.050000
[scan_to_scan_filter_chain-5] [WARN] [1775503138.508950761] [laser_filter]: diagnostic_updater: No HW_ID was set. This is probably a bug. Please report it. For devices that do not have a HW_ID, set this value to 'none'. This warning only occurs once all diagnostics are OK. It is okay to wait until the device is open before calling setHardwareID.
[rviz2-17] [INFO] [1775503138.522976257] [rviz2]: Stereo is NOT SUPPORTED
[rviz2-17] [INFO] [1775503138.523090360] [rviz2]: OpenGl version: 4.5 (GLSL 4.5)
[controller_server-11] [INFO] [1775503138.526154790] [local_costmap.local_costmap]: Timed out waiting for transform from base_link to odom to become available, tf error: Invalid frame ID "odom" passed to canTransform argument target_frame - frame does not exist
[rviz2-17] [INFO] [1775503138.629605109] [rviz2]: Stereo is NOT SUPPORTED
[amcl-9] [WARN] [1775503138.711235562] [amcl]: New subscription discovered on topic '/particle_cloud', requesting incompatible QoS. No messages will be sent to it. Last incompatible policy: RELIABILITY_QOS_POLICY
[stretch_driver-3] [0m[INFO] [1775503138.845524266] [stretch_driver]: For use with S T R E T C H (TM) RESEARCH EDITION from Hello Robot Inc.[0m
[stretch_driver-3] [0m[INFO] [1775503138.845804998] [stretch_driver]: stretch_driver started[0m
[rviz2-17] [INFO] [1775503138.970371119] [rviz2]: Trying to create a map of size 416 x 249 using 1 swatches
[rviz2-17] [ERROR] [1775503138.975530264] [rviz2]: Vertex Program:rviz/glsl120/indexed_8bit_image.vert Fragment Program:rviz/glsl120/indexed_8bit_image.frag GLSL link result : 
[rviz2-17] active samplers with a different type refer to the same texture image unit
[controller_server-11] [INFO] [1775503139.028072109] [local_costmap.local_costmap]: Timed out waiting for transform from base_link to odom to become available, tf error: Invalid frame ID "odom" passed to canTransform argument target_frame - frame does not exist
Waiting for AMCL to localize...
[controller_server-11] [INFO] [1775503139.526152079] [local_costmap.local_costmap]: Timed out waiting for transform from base_link to odom to become available, tf error: Invalid frame ID "odom" passed to canTransform argument target_frame - frame does not exist
[sllidar_node-4] [ERROR] [1775503139.584851229] [sllidar_node]: Error, operation time out. SL_RESULT_OPERATION_TIMEOUT! 
[stretch_driver-3] Unable to load URDF: /home/willy/.local/lib/python3.10/site-packages/stretch_urdf/RE2V0/stretch_description_RE2V0_tool_stretch_dex_wrist.urdf. Disabling collision system.
[stretch_driver-3] Key mapped to End-Of-Arm Tool: tool_stretch_dex_wrist
[controller_server-11] [INFO] [1775503140.026135715] [local_costmap.local_costmap]: Timed out waiting for transform from base_link to odom to become available, tf error: Invalid frame ID "odom" passed to canTransform argument target_frame - frame does not exist
[controller_server-11] [INFO] [1775503140.526160573] [local_costmap.local_costmap]: Timed out waiting for transform from base_link to odom to become available, tf error: Invalid frame ID "odom" passed to canTransform argument target_frame - frame does not exist
[stretch_driver-3] [0m[INFO] [1775503140.615496875] [stretch_driver]: broadcast_odom_tf = True[0m
[ERROR] [sllidar_node-4]: process has died [pid 26519, exit code 255, cmd '/home/willy/ament_ws/install/sllidar_ros2/lib/sllidar_ros2/sllidar_node --ros-args -r __node:=sllidar_node --params-file /tmp/launch_params_mks56vly'].
[stretch_driver-3] [0m[INFO] [1775503140.654215153] [stretch_driver]: rate = 30.0 Hz[0m
[stretch_driver-3] [0m[INFO] [1775503140.654742775] [stretch_driver]: twist timeout = 0.5 s[0m
[stretch_driver-3] [0m[INFO] [1775503140.655230418] [stretch_driver]: base_frame_id = base_link[0m
[stretch_driver-3] [0m[INFO] [1775503140.655644009] [stretch_driver]: odom_frame_id = odom[0m
[stretch_driver-3] [0m[INFO] [1775503140.719055702] [stretch_driver]: Changed to mode = navigation[0m
[controller_server-11] [INFO] [1775503141.026313822] [local_costmap.local_costmap]: start
[controller_server-11] [INFO] [1775503141.228710088] [controller_server]: Creating bond (controller_server) to lifecycle manager.
[lifecycle_manager-16] [INFO] [1775503141.334578137] [lifecycle_manager_navigation]: Server controller_server connected with bond.
[lifecycle_manager-16] [INFO] [1775503141.334682568] [lifecycle_manager_navigation]: [34m[1mActivating planner_server[0m[0m
[planner_server-12] [INFO] [1775503141.335301895] [planner_server]: Activating
[planner_server-12] [INFO] [1775503141.335404839] [global_costmap.global_costmap]: Activating
[planner_server-12] [INFO] [1775503141.335448644] [global_costmap.global_costmap]: Checking transform
[planner_server-12] [INFO] [1775503141.335509293] [global_costmap.global_costmap]: Timed out waiting for transform from base_link to map to become available, tf error: Invalid frame ID "map" passed to canTransform argument target_frame - frame does not exist
[planner_server-12] [INFO] [1775503141.835567804] [global_costmap.global_costmap]: Timed out waiting for transform from base_link to map to become available, tf error: Invalid frame ID "map" passed to canTransform argument target_frame - frame does not exist
[planner_server-12] [INFO] [1775503142.335574158] [global_costmap.global_costmap]: Timed out waiting for transform from base_link to map to become available, tf error: Invalid frame ID "map" passed to canTransform argument target_frame - frame does not exist
[planner_server-12] [INFO] [1775503142.835570688] [global_costmap.global_costmap]: Timed out waiting for transform from base_link to map to become available, tf error: Invalid frame ID "map" passed to canTransform argument target_frame - frame does not exist
[rviz2-17] [INFO] [1775503143.264103016] [rviz]: Message Filter dropping message: frame 'odom' at time 1775503141.221 for reason 'discarding message because the queue is full'
[planner_server-12] [INFO] [1775503143.335550780] [global_costmap.global_costmap]: Timed out waiting for transform from base_link to map to become available, tf error: Invalid frame ID "map" passed to canTransform argument target_frame - frame does not exist
[planner_server-12] [INFO] [1775503143.835565240] [global_costmap.global_costmap]: Timed out waiting for transform from base_link to map to become available, tf error: Invalid frame ID "map" passed to canTransform argument target_frame - frame does not exist
[planner_server-12] [INFO] [1775503144.335554186] [global_costmap.global_costmap]: Timed out waiting for transform from base_link to map to become available, tf error: Invalid frame ID "map" passed to canTransform argument target_frame - frame does not exist
[planner_server-12] [INFO] [1775503144.835556167] [global_costmap.global_costmap]: Timed out waiting for transform from base_link to map to become available, tf error: Invalid frame ID "map" passed to canTransform argument target_frame - frame does not exist
[planner_server-12] [INFO] [1775503145.335559702] [global_costmap.global_costmap]: Timed out waiting for transform from base_link to map to become available, tf error: Invalid frame ID "map" passed to canTransform argument target_frame - frame does not exist
[planner_server-12] [INFO] [1775503145.835548157] [global_costmap.global_costmap]: Timed out waiting for transform from base_link to map to become available, tf error: Invalid frame ID "map" passed to canTransform argument target_frame - frame does not exist
[rviz2-17] [INFO] [1775503145.944192291] [rviz]: Message Filter dropping message: frame 'odom' at time 1775503143.821 for reason 'discarding message because the queue is full'
[planner_server-12] [INFO] [1775503146.335531511] [global_costmap.global_costmap]: Timed out waiting for transform from base_link to map to become available, tf error: Invalid frame ID "map" passed to canTransform argument target_frame - frame does not exist
[planner_server-12] [INFO] [1775503146.835553175] [global_costmap.global_costmap]: Timed out waiting for transform from base_link to map to become available, tf error: Invalid frame ID "map" passed to canTransform argument target_frame - frame does not exist
[rviz2-17] [INFO] [1775503147.286494062] [rviz]: Message Filter dropping message: frame 'odom' at time 1775503141.227 for reason 'discarding message because the queue is full'
[planner_server-12] [INFO] [1775503147.335566229] [global_costmap.global_costmap]: Timed out waiting for transform from base_link to map to become available, tf error: Invalid frame ID "map" passed to canTransform argument target_frame - frame does not exist
[planner_server-12] [INFO] [1775503147.835546994] [global_costmap.global_costmap]: Timed out waiting for transform from base_link to map to become available, tf error: Invalid frame ID "map" passed to canTransform argument target_frame - frame does not exist
[planner_server-12] [INFO] [1775503148.335560983] [global_costmap.global_costmap]: Timed out waiting for transform from base_link to map to become available, tf error: Invalid frame ID "map" passed to canTransform argument target_frame - frame does not exist
[rviz2-17] [INFO] [1775503148.495590283] [rviz]: Message Filter dropping message: frame 'odom' at time 1775503146.420 for reason 'discarding message because the queue is full'
[planner_server-12] [INFO] [1775503148.835560121] [global_costmap.global_costmap]: Timed out waiting for transform from base_link to map to become available, tf error: Invalid frame ID "map" passed to canTransform argument target_frame - frame does not exist
[planner_server-12] [INFO] [1775503149.335580524] [global_costmap.global_costmap]: Timed out waiting for transform from base_link to map to become available, tf error: Invalid frame ID "map" passed to canTransform argument target_frame - frame does not exist
[planner_server-12] [INFO] [1775503149.835573818] [global_costmap.global_costmap]: Timed out waiting for transform from base_link to map to become available, tf error: Invalid frame ID "map" passed to canTransform argument target_frame - frame does not exist
[planner_server-12] [INFO] [1775503150.335558196] [global_costmap.global_costmap]: Timed out waiting for transform from base_link to map to become available, tf error: Invalid frame ID "map" passed to canTransform argument target_frame - frame does not exist
[rviz2-17] [INFO] [1775503150.336729601] [rviz]: Message Filter dropping message: frame 'odom' at time 1775503144.227 for reason 'discarding message because the queue is full'
[planner_server-12] [INFO] [1775503150.835556386] [global_costmap.global_costmap]: Timed out waiting for transform from base_link to map to become available, tf error: Invalid frame ID "map" passed to canTransform argument target_frame - frame does not exist
[rviz2-17] [INFO] [1775503151.035346636] [rviz]: Message Filter dropping message: frame 'odom' at time 1775503149.021 for reason 'discarding message because the queue is full'
[planner_server-12] [INFO] [1775503151.335559488] [global_costmap.global_costmap]: Timed out waiting for transform from base_link to map to become available, tf error: Invalid frame ID "map" passed to canTransform argument target_frame - frame does not exist
[planner_server-12] [INFO] [1775503151.835552318] [global_costmap.global_costmap]: Timed out waiting for transform from base_link to map to become available, tf error: Invalid frame ID "map" passed to canTransform argument target_frame - frame does not exist
[planner_server-12] [INFO] [1775503152.335502010] [global_costmap.global_costmap]: Timed out waiting for transform from base_link to map to become available, tf error: Invalid frame ID "map" passed to canTransform argument target_frame - frame does not exist
[planner_server-12] [INFO] [1775503152.835564771] [global_costmap.global_costmap]: Timed out waiting for transform from base_link to map to become available, tf error: Invalid frame ID "map" passed to canTransform argument target_frame - frame does not exist
[planner_server-12] [INFO] [1775503153.335512783] [global_costmap.global_costmap]: Timed out waiting for transform from base_link to map to become available, tf error: Invalid frame ID "map" passed to canTransform argument target_frame - frame does not exist
[rviz2-17] [INFO] [1775503153.344445020] [rviz]: Message Filter dropping message: frame 'odom' at time 1775503147.227 for reason 'discarding message because the queue is full'
[rviz2-17] [INFO] [1775503153.729304344] [rviz]: Message Filter dropping message: frame 'odom' at time 1775503151.624 for reason 'discarding message because the queue is full'
[planner_server-12] [INFO] [1775503153.835560772] [global_costmap.global_costmap]: Timed out waiting for transform from base_link to map to become available, tf error: Invalid frame ID "map" passed to canTransform argument target_frame - frame does not exist
[planner_server-12] [INFO] [1775503154.335557309] [global_costmap.global_costmap]: Timed out waiting for transform from base_link to map to become available, tf error: Invalid frame ID "map" passed to canTransform argument target_frame - frame does not exist
[planner_server-12] [INFO] [1775503154.835550372] [global_costmap.global_costmap]: Timed out waiting for transform from base_link to map to become available, tf error: Invalid frame ID "map" passed to canTransform argument target_frame - frame does not exist
[planner_server-12] [INFO] [1775503155.335560864] [global_costmap.global_costmap]: Timed out waiting for transform from base_link to map to become available, tf error: Invalid frame ID "map" passed to canTransform argument target_frame - frame does not exist
[planner_server-12] [INFO] [1775503155.835557493] [global_costmap.global_costmap]: Timed out waiting for transform from base_link to map to become available, tf error: Invalid frame ID "map" passed to canTransform argument target_frame - frame does not exist
[rviz2-17] [INFO] [1775503156.280378416] [rviz]: Message Filter dropping message: frame 'odom' at time 1775503154.220 for reason 'discarding message because the queue is full'
[rviz2-17] [INFO] [1775503156.280510020] [rviz]: Message Filter dropping message: frame 'odom' at time 1775503150.227 for reason 'discarding message because the queue is full'
[planner_server-12] [INFO] [1775503156.335555405] [global_costmap.global_costmap]: Timed out waiting for transform from base_link to map to become available, tf error: Invalid frame ID "map" passed to canTransform argument target_frame - frame does not exist
[planner_server-12] [INFO] [1775503156.835546783] [global_costmap.global_costmap]: Timed out waiting for transform from base_link to map to become available, tf error: Invalid frame ID "map" passed to canTransform argument target_frame - frame does not exist
[planner_server-12] [INFO] [1775503157.335562286] [global_costmap.global_costmap]: Timed out waiting for transform from base_link to map to become available, tf error: Invalid frame ID "map" passed to canTransform argument target_frame - frame does not exist
[planner_server-12] [INFO] [1775503157.835549947] [global_costmap.global_costmap]: Timed out waiting for transform from base_link to map to become available, tf error: Invalid frame ID "map" passed to canTransform argument target_frame - frame does not exist
[planner_server-12] [INFO] [1775503158.335554301] [global_costmap.global_costmap]: Timed out waiting for transform from base_link to map to become available, tf error: Invalid frame ID "map" passed to canTransform argument target_frame - frame does not exist
[rviz2-17] [INFO] [1775503158.827408457] [rviz]: Message Filter dropping message: frame 'odom' at time 1775503156.820 for reason 'discarding message because the queue is full'
[planner_server-12] [INFO] [1775503158.835546707] [global_costmap.global_costmap]: Timed out waiting for transform from base_link to map to become available, tf error: Invalid frame ID "map" passed to canTransform argument target_frame - frame does not exist
[rviz2-17] [INFO] [1775503159.250114979] [rviz]: Message Filter dropping message: frame 'odom' at time 1775503153.227 for reason 'discarding message because the queue is full'
[planner_server-12] [INFO] [1775503159.335553701] [global_costmap.global_costmap]: Timed out waiting for transform from base_link to map to become available, tf error: Invalid frame ID "map" passed to canTransform argument target_frame - frame does not exist
[planner_server-12] [INFO] [1775503159.835585473] [global_costmap.global_costmap]: Timed out waiting for transform from base_link to map to become available, tf error: Invalid frame ID "map" passed to canTransform argument target_frame - frame does not exist
[planner_server-12] [INFO] [1775503160.335554844] [global_costmap.global_costmap]: Timed out waiting for transform from base_link to map to become available, tf error: Invalid frame ID "map" passed to canTransform argument target_frame - frame does not exist
[planner_server-12] [INFO] [1775503160.835645409] [global_costmap.global_costmap]: Timed out waiting for transform from base_link to map to become available, tf error: Invalid frame ID "map" passed to canTransform argument target_frame - frame does not exist
[planner_server-12] [INFO] [1775503161.335550428] [global_costmap.global_costmap]: Timed out waiting for transform from base_link to map to become available, tf error: Invalid frame ID "map" passed to canTransform argument target_frame - frame does not exist
[rviz2-17] [INFO] [1775503161.507726518] [rviz]: Message Filter dropping message: frame 'odom' at time 1775503159.420 for reason 'discarding message because the queue is full'
[planner_server-12] [INFO] [1775503161.835550512] [global_costmap.global_costmap]: Timed out waiting for transform from base_link to map to become available, tf error: Invalid frame ID "map" passed to canTransform argument target_frame - frame does not exist
[rviz2-17] [INFO] [1775503162.287827789] [rviz]: Message Filter dropping message: frame 'odom' at time 1775503156.227 for reason 'discarding message because the queue is full'
[planner_server-12] [INFO] [1775503162.335543318] [global_costmap.global_costmap]: Timed out waiting for transform from base_link to map to become available, tf error: Invalid frame ID "map" passed to canTransform argument target_frame - frame does not exist
[planner_server-12] [INFO] [1775503162.835547569] [global_costmap.global_costmap]: Timed out waiting for transform from base_link to map to become available, tf error: Invalid frame ID "map" passed to canTransform argument target_frame - frame does not exist
[planner_server-12] [INFO] [1775503163.335548845] [global_costmap.global_costmap]: Timed out waiting for transform from base_link to map to become available, tf error: Invalid frame ID "map" passed to canTransform argument target_frame - frame does not exist
[planner_server-12] [INFO] [1775503163.835573899] [global_costmap.global_costmap]: Timed out waiting for transform from base_link to map to become available, tf error: Invalid frame ID "map" passed to canTransform argument target_frame - frame does not exist
[rviz2-17] [INFO] [1775503164.033343433] [rviz]: Message Filter dropping message: frame 'odom' at time 1775503162.020 for reason 'discarding message because the queue is full'
[planner_server-12] [INFO] [1775503164.335542520] [global_costmap.global_costmap]: Timed out waiting for transform from base_link to map to become available, tf error: Invalid frame ID "map" passed to canTransform argument target_frame - frame does not exist
[planner_server-12] [INFO] [1775503164.835541696] [global_costmap.global_costmap]: Timed out waiting for transform from base_link to map to become available, tf error: Invalid frame ID "map" passed to canTransform argument target_frame - frame does not exist
[rviz2-17] [INFO] [1775503165.276459646] [rviz]: Message Filter dropping message: frame 'odom' at time 1775503159.227 for reason 'discarding message because the queue is full'
[planner_server-12] [INFO] [1775503165.335542379] [global_costmap.global_costmap]: Timed out waiting for transform from base_link to map to become available, tf error: Invalid frame ID "map" passed to canTransform argument target_frame - frame does not exist
[planner_server-12] [INFO] [1775503165.835556117] [global_costmap.global_costmap]: Timed out waiting for transform from base_link to map to become available, tf error: Invalid frame ID "map" passed to canTransform argument target_frame - frame does not exist
[planner_server-12] [INFO] [1775503166.335574570] [global_costmap.global_costmap]: Timed out waiting for transform from base_link to map to become available, tf error: Invalid frame ID "map" passed to canTransform argument target_frame - frame does not exist
[rviz2-17] [INFO] [1775503166.651512935] [rviz]: Message Filter dropping message: frame 'odom' at time 1775503164.620 for reason 'discarding message because the queue is full'
[planner_server-12] [INFO] [1775503166.835550732] [global_costmap.global_costmap]: Timed out waiting for transform from base_link to map to become available, tf error: Invalid frame ID "map" passed to canTransform argument target_frame - frame does not exist
