=== dock_pos.sh started at Fri Apr 10 05:15:47 PM EDT 2026 ===
Using named pose 'PC_desk': x=-1.0191 y=-0.0559 yaw=173.0°
Goal: x=-1.0191  y=-0.0559  yaw=173.0° (z=0.9981347984218669, w=0.06104853953485691)
Waiting for nodes to be ready (launch_nodes.sh)...
Nodes are ready!
requester: making request: std_srvs.srv.Trigger_Request()

response:
std_srvs.srv.Trigger_Response(success=True, message='Now in navigation mode.')

Waiting for controller_server...
Set parameter successful
Yaw tolerance set.
Resetting arm position...
requester: making request: std_srvs.srv.Trigger_Request()

response:
std_srvs.srv.Trigger_Response(success=True, message='Now in position mode.')

[INFO] [1775855752.807619645] [reset_pose]: reset_pose started
[INFO] [1775855752.861483432] [reset_pose]: Node reset_pose connected to /home_the_robot service.
[INFO] [1775855752.863261201] [reset_pose]: Node reset_pose connected to /stow_the_robot service.
[INFO] [1775855752.864850535] [reset_pose]: Node reset_pose connected to /stop_the_robot service.
[INFO] [1775855752.867207956] [reset_pose]: Node reset_pose connected to /switch_to_trajectory_mode service.
[INFO] [1775855752.876129178] [reset_pose]: Node reset_pose connected to /switch_to_position_mode service.
[INFO] [1775855752.878632517] [reset_pose]: Node reset_pose connected to /switch_to_navigation_mode service.
[INFO] [1775855752.879363931] [reset_pose]: Moving to default pose...
[INFO] [1775855752.952422165] [reset_pose]: Arm reset done.
[INFO] [1775855752.952682901] [reset_pose]: Skipping rotation (ROTATE_DEG=0).
[INFO] [1775855752.952872106] [reset_pose]: Done.
Arm reset complete (exit 0).
requester: making request: std_srvs.srv.Trigger_Request()

response:
std_srvs.srv.Trigger_Response(success=True, message='Now in navigation mode.')

=== Navigating to x=-1.0191 y=-0.0559 yaw=173.0° ===
Waiting for an action server to become available...
Sending goal:
     pose:
  header:
    stamp:
      sec: 0
      nanosec: 0
    frame_id: map
  pose:
    position:
      x: -1.0191
      y: -0.0559
      z: 0.0
    orientation:
      x: 0.0
      y: 0.0
      z: 0.9981347984218669
      w: 0.06104853953485691
behavior_tree: ''

Goal accepted with ID: 26ddc07e76b646b09c25c122ebc8061b

Result:
    result: {}

Goal finished with status: SUCCEEDED
Navigation succeeded!
=== dock_pos.sh finished at Fri Apr 10 05:16:07 PM EDT 2026 ===
