=== dock_pos.sh started at Mon Apr 13 06:31:30 PM EDT 2026 ===
Using named pose 'stationB': x=1.1135 y=0.6680 yaw=19.05°
Goal: x=1.1135  y=0.6680  yaw=19.05° (z=0.16547793841345101, w=0.9862134920484682)
Waiting for nodes to be ready (launch_nodes.sh)...
Nodes are ready!
requester: making request: std_srvs.srv.Trigger_Request()

response:
std_srvs.srv.Trigger_Response(success=True, message='Now in navigation mode.')

Waiting for controller_server...
Set parameter successful
Yaw tolerance set.
Resetting arm position...
requester: making request: std_srvs.srv.Trigger_Request()

response:
std_srvs.srv.Trigger_Response(success=True, message='Now in position mode.')

[INFO] [1776119495.474911010] [reset_pose]: reset_pose started
[INFO] [1776119495.522012379] [reset_pose]: Node reset_pose connected to /home_the_robot service.
[INFO] [1776119495.523562215] [reset_pose]: Node reset_pose connected to /stow_the_robot service.
[INFO] [1776119495.525105694] [reset_pose]: Node reset_pose connected to /stop_the_robot service.
[INFO] [1776119495.526498074] [reset_pose]: Node reset_pose connected to /switch_to_trajectory_mode service.
[INFO] [1776119495.527919692] [reset_pose]: Node reset_pose connected to /switch_to_position_mode service.
[INFO] [1776119495.529358973] [reset_pose]: Node reset_pose connected to /switch_to_navigation_mode service.
[INFO] [1776119495.529712046] [reset_pose]: Moving to default pose...
[WARN] [1776119495.533577692] [reset_pose]: Currently in  mode. Recommend switching either to position or trajectory mode
[WARN] [1776119495.534267721] [reset_pose]: Commanding joint trajectory server in position mode
[INFO] [1776119495.585584977] [reset_pose]: Arm reset done.
[INFO] [1776119495.585836348] [reset_pose]: Skipping rotation (ROTATE_DEG=0).
[INFO] [1776119495.586011441] [reset_pose]: Done.
Arm reset complete (exit 0).
requester: making request: std_srvs.srv.Trigger_Request()

response:
std_srvs.srv.Trigger_Response(success=True, message='Now in navigation mode.')

=== Navigating to x=1.1135 y=0.6680 yaw=19.05° ===
Waiting for an action server to become available...
Sending goal:
     pose:
  header:
    stamp:
      sec: 0
      nanosec: 0
    frame_id: map
  pose:
    position:
      x: 1.1135
      y: 0.668
      z: 0.0
    orientation:
      x: 0.0
      y: 0.0
      z: 0.16547793841345101
      w: 0.9862134920484682
behavior_tree: ''

Goal accepted with ID: a391538b67f54fccb7b70b3033544998

Result:
    result: {}

Goal finished with status: SUCCEEDED
Navigation succeeded!
=== dock_pos.sh finished at Mon Apr 13 06:31:48 PM EDT 2026 ===
