=== dock_pos.sh started at Mon Apr 13 06:41:24 PM EDT 2026 ===
Using named pose 'stationB': x=1.1135 y=0.6680 yaw=19.05°
Goal: x=1.1135  y=0.6680  yaw=19.05° (z=0.16547793841345101, w=0.9862134920484682)
Waiting for nodes to be ready (launch_nodes.sh)...
Nodes are ready!
requester: making request: std_srvs.srv.Trigger_Request()

response:
std_srvs.srv.Trigger_Response(success=True, message='Now in navigation mode.')

Waiting for controller_server...
Set parameter successful
Yaw tolerance set.
Resetting arm position...
requester: making request: std_srvs.srv.Trigger_Request()

response:
std_srvs.srv.Trigger_Response(success=True, message='Now in position mode.')

[INFO] [1776120090.538056078] [reset_pose]: reset_pose started
[INFO] [1776120090.582027484] [reset_pose]: Node reset_pose connected to /home_the_robot service.
[INFO] [1776120090.584185920] [reset_pose]: Node reset_pose connected to /stow_the_robot service.
[INFO] [1776120090.585928820] [reset_pose]: Node reset_pose connected to /stop_the_robot service.
[INFO] [1776120090.587611106] [reset_pose]: Node reset_pose connected to /switch_to_trajectory_mode service.
[INFO] [1776120090.589306003] [reset_pose]: Node reset_pose connected to /switch_to_position_mode service.
[INFO] [1776120090.590971737] [reset_pose]: Node reset_pose connected to /switch_to_navigation_mode service.
[INFO] [1776120090.591543612] [reset_pose]: Moving to default pose...
[WARN] [1776120090.592109670] [reset_pose]: Currently in  mode. Recommend switching either to position or trajectory mode
[WARN] [1776120090.592645849] [reset_pose]: Commanding joint trajectory server in position mode
[INFO] [1776120092.063705539] [reset_pose]: Arm reset done.
[INFO] [1776120092.064171874] [reset_pose]: Skipping rotation (ROTATE_DEG=0).
[INFO] [1776120092.064604268] [reset_pose]: Done.
Arm reset complete (exit 0).
requester: making request: std_srvs.srv.Trigger_Request()

response:
std_srvs.srv.Trigger_Response(success=True, message='Now in navigation mode.')

=== Navigating to x=1.1135 y=0.6680 yaw=19.05° ===
Waiting for an action server to become available...
Sending goal:
     pose:
  header:
    stamp:
      sec: 0
      nanosec: 0
    frame_id: map
  pose:
    position:
      x: 1.1135
      y: 0.668
      z: 0.0
    orientation:
      x: 0.0
      y: 0.0
      z: 0.16547793841345101
      w: 0.9862134920484682
behavior_tree: ''

Goal accepted with ID: 1c3202c33c984d4788ce794c7414fbb9

Result:
    result: {}

Goal finished with status: SUCCEEDED
Navigation succeeded!
=== dock_pos.sh finished at Mon Apr 13 06:41:50 PM EDT 2026 ===
