=== dock_pos.sh started at Mon Apr 13 06:34:23 PM EDT 2026 ===
Using named pose 'stationC': x=0.5828 y=1.2324 yaw=-98.58°
Goal: x=0.5828  y=1.2324  yaw=-98.58° (z=-0.7580205120092454, w=0.6522307133010845)
Waiting for nodes to be ready (launch_nodes.sh)...
Nodes are ready!
requester: making request: std_srvs.srv.Trigger_Request()

response:
std_srvs.srv.Trigger_Response(success=True, message='Now in navigation mode.')

Waiting for controller_server...
Set parameter successful
Yaw tolerance set.
Resetting arm position...
requester: making request: std_srvs.srv.Trigger_Request()

response:
std_srvs.srv.Trigger_Response(success=True, message='Now in position mode.')

[INFO] [1776119669.020790456] [reset_pose]: reset_pose started
[INFO] [1776119669.061430496] [reset_pose]: Node reset_pose connected to /home_the_robot service.
[INFO] [1776119669.065203265] [reset_pose]: Node reset_pose connected to /stow_the_robot service.
[INFO] [1776119669.066492765] [reset_pose]: Node reset_pose connected to /stop_the_robot service.
[INFO] [1776119669.067643206] [reset_pose]: Node reset_pose connected to /switch_to_trajectory_mode service.
[INFO] [1776119669.069400023] [reset_pose]: Node reset_pose connected to /switch_to_position_mode service.
[INFO] [1776119669.070863306] [reset_pose]: Node reset_pose connected to /switch_to_navigation_mode service.
[INFO] [1776119669.071399472] [reset_pose]: Moving to default pose...
[INFO] [1776119669.133567043] [reset_pose]: Arm reset done.
[INFO] [1776119669.133960504] [reset_pose]: Skipping rotation (ROTATE_DEG=0).
[INFO] [1776119669.134276265] [reset_pose]: Done.
Arm reset complete (exit 0).
requester: making request: std_srvs.srv.Trigger_Request()

response:
std_srvs.srv.Trigger_Response(success=True, message='Now in navigation mode.')

=== Navigating to x=0.5828 y=1.2324 yaw=-98.58° ===
Waiting for an action server to become available...
Sending goal:
     pose:
  header:
    stamp:
      sec: 0
      nanosec: 0
    frame_id: map
  pose:
    position:
      x: 0.5828
      y: 1.2324
      z: 0.0
    orientation:
      x: 0.0
      y: 0.0
      z: -0.7580205120092454
      w: 0.6522307133010845
behavior_tree: ''

Goal accepted with ID: f8572f80d6444d69ae28a79bac9d2c46

Result:
    result: {}

Goal finished with status: SUCCEEDED
Navigation succeeded!
=== dock_pos.sh finished at Mon Apr 13 06:34:35 PM EDT 2026 ===
