=== launch_nodes.sh started at Sun Apr 12 05:38:27 PM EDT 2026 ===
Freeing robot process...
Done!
Checking if robot needs homing...
Robot not homed. Homing now (this may take ~30s)...
For use with S T R E T C H (R) from Hello Robot Inc.
---------------------------------------------------------------------

Unable to load URDF: /home/willy/.local/lib/python3.10/site-packages/stretch_urdf/RE2V0/stretch_description_RE2V0_tool_stretch_dex_wrist.urdf. Disabling collision system.
[INFO] [robot_monitor]: Guarded contact lift
[INFO] [robot_monitor]: Wrist single tap: 2
[INFO] [robot_monitor]: Wrist single tap: 4
[INFO] [robot_monitor]: Base bump event
[INFO] [robot_monitor]: Base bump event
[INFO] [robot_monitor]: Base bump event
[INFO] [robot_monitor]: Base bump event
[INFO] [robot_monitor]: Wrist single tap: 5
[INFO] [robot_monitor]: Wrist single tap: 7
[INFO] [robot_monitor]: Guarded contact arm
[INFO] [robot_monitor]: Wrist single tap: 10
[INFO] [robot_monitor]: Base bump event
[INFO] [robot_monitor]: Wrist single tap: 12
[INFO] [robot_monitor]: Base bump event
[INFO] [robot_monitor]: Base bump event
[INFO] [robot_monitor]: Base bump event
[INFO] [robot_monitor]: Wrist single tap: 13
[INFO] [robot_monitor]: Wrist single tap: 14
--------- Homing Head ----
--------- Homing Lift ----
Homing Lift...
Hardstop detected at motor position (rad) 64.9684829711914
Marking Lift position to 1.099527 (m)
Marking Lift position to 0.000000 (m)
Lift homing successful
--------- Homing Arm ----
Homing Arm...
Hardstop detected at motor position (rad) -9.718342781066895
Marking Arm position to 0.000000 (m)
Arm homing successful
Moving to first hardstop...
First hardstop contact at position (ticks): -12
-----
Homing offset was 2264
Marking current position to zero ticks
Homing offset is now  2275 (ticks)
-----
Current position (ticks): 43
Moving to calibrated zero: (rad)
Moving to first hardstop...
First hardstop contact at position (ticks): -4207
-----
Homing offset was 711
Marking current position to zero ticks
Homing offset is now  4915 (ticks)
-----
Current position (ticks): 32
Moving to calibrated zero: (rad)
Homing complete.
Launching Nav2...
Launching D435i camera...
Launching ArUco detector...
Launching Grasper...
Waiting for Nav2 action server...
[INFO] [launch]: All log files can be found below /home/willy/.ros/log/2026-04-12-17-39-07-010542-stretch-re2-2204-7745
[INFO] [launch]: Default logging verbosity is set to INFO
[INFO] [launch]: All log files can be found below /home/willy/.ros/log/2026-04-12-17-39-07-012141-stretch-re2-2204-7744
[INFO] [launch]: Default logging verbosity is set to INFO
[INFO] [launch.user]: D435i launched in high resolution
[INFO] [realsense2_camera_node-1]: process started with pid [7837]
[INFO] [d435i_accel_correction-2]: process started with pid [7839]
[INFO] [1776029947.587782389] [aruco_base_frame_estimator]: aruco_base_frame_estimator started
[d435i_accel_correction-2] [INFO] [1776029947.640327868] [d435i_accel_correction_node]: d435i_accel_correction_node started
Nav2 is up!
Waiting for D435i camera...
[realsense2_camera_node-1] [0m[INFO] [1776029947.818398752] [camera]: RealSense ROS v4.55.1[0m
[realsense2_camera_node-1] [0m[INFO] [1776029947.818491654] [camera]: Built with LibRealSense v2.56.4[0m
[realsense2_camera_node-1] [0m[INFO] [1776029947.818511418] [camera]: Running with LibRealSense v2.56.4[0m
[realsense2_camera_node-1] [0m[INFO] [1776029947.834779202] [camera]: Device with serial number 239722071445 was found.
[realsense2_camera_node-1] [0m
[realsense2_camera_node-1] [0m[INFO] [1776029947.834841381] [camera]: Device with physical ID /sys/devices/pci0000:00/0000:00:0d.0/usb2/2-1/2-1:1.0/video4linux/video0 was found.[0m
[realsense2_camera_node-1] [0m[INFO] [1776029947.834849045] [camera]: Device with name Intel RealSense D435I was found.[0m
[realsense2_camera_node-1] [0m[INFO] [1776029947.834973974] [camera]: Device with port number 2-1 was found.[0m
[realsense2_camera_node-1] [0m[INFO] [1776029947.834984066] [camera]: Device USB type: 3.2[0m
[realsense2_camera_node-1] [0m[INFO] [1776029947.834990211] [camera]: Resetting device...[0m
[INFO] [stretch_driver-3]: process started with pid [7990]
[INFO] [joint_state_publisher-1]: process started with pid [7986]
[INFO] [robot_state_publisher-2]: process started with pid [7988]
[INFO] [sllidar_node-4]: process started with pid [7992]
[INFO] [scan_to_scan_filter_chain-5]: process started with pid [7994]
[INFO] [joy_node-6]: process started with pid [7996]
[INFO] [teleop_node-7]: process started with pid [7998]
[INFO] [map_server-8]: process started with pid [8000]
[INFO] [amcl-9]: process started with pid [8002]
[INFO] [lifecycle_manager-10]: process started with pid [8006]
[INFO] [controller_server-11]: process started with pid [8008]
[INFO] [planner_server-12]: process started with pid [8012]
[INFO] [behavior_server-13]: process started with pid [8018]
[INFO] [bt_navigator-14]: process started with pid [8020]
[INFO] [waypoint_follower-15]: process started with pid [8028]
[INFO] [lifecycle_manager-16]: process started with pid [8134]
[INFO] [rviz2-17]: process started with pid [8137]
[sllidar_node-4] [INFO] [1776029947.974934068] [sllidar_node]: SLLidar running on ROS2 package SLLidar.ROS2 SDK Version:1.0.1, SLLIDAR SDK Version:2.1.0
[sllidar_node-4] [INFO] [1776029947.985781746] [sllidar_node]: SLLidar S/N: C394ED93C0EA98C9A5E698F2564A4669
[sllidar_node-4] [INFO] [1776029947.985833767] [sllidar_node]: Firmware Ver: 1.29
[sllidar_node-4] [INFO] [1776029947.985848739] [sllidar_node]: Hardware Rev: 7
[sllidar_node-4] [INFO] [1776029947.987471703] [sllidar_node]: SLLidar health status : 0
[sllidar_node-4] [INFO] [1776029947.987511738] [sllidar_node]: SLLidar health status : OK.
[scan_to_scan_filter_chain-5] [INFO] [1776029948.007207964] [laser_filter]: In shadow configure done
[scan_to_scan_filter_chain-5] [WARN] [1776029948.008728044] [rcl.logging_rosout]: Publisher already registered for provided node name. If this is due to multiple nodes with the same name then all logs for that logger name will go out over the existing publisher. As soon as any node with that name is destructed it will unregister the publisher, preventing any further logs for that name from being published on the rosout topic.
[teleop_node-7] [INFO] [1776029947.984895124] [TeleopTwistJoy]: Teleop enable button 4.
[teleop_node-7] [INFO] [1776029947.984950684] [TeleopTwistJoy]: Linear axis x on 4 at scale 0.500000.
[teleop_node-7] [INFO] [1776029947.984962681] [TeleopTwistJoy]: Angular axis yaw on 3 at scale 0.500000.
[map_server-8] [INFO] [1776029948.027281006] [map_server]: 
[map_server-8] 	map_server lifecycle node launched. 
[map_server-8] 	Waiting on external lifecycle transitions to activate
[map_server-8] 	See https://design.ros2.org/articles/node_lifecycle.html for more information.
[map_server-8] [INFO] [1776029948.027453800] [map_server]: Creating
[amcl-9] [INFO] [1776029948.012544999] [amcl]: 
[amcl-9] 	amcl lifecycle node launched. 
[amcl-9] 	Waiting on external lifecycle transitions to activate
[amcl-9] 	See https://design.ros2.org/articles/node_lifecycle.html for more information.
[amcl-9] [INFO] [1776029948.017491098] [amcl]: Creating
[lifecycle_manager-10] [INFO] [1776029948.009589197] [lifecycle_manager_localization]: Creating
[lifecycle_manager-10] [INFO] [1776029948.023389852] [lifecycle_manager_localization]: [34m[1mCreating and initializing lifecycle service clients[0m[0m
[controller_server-11] [INFO] [1776029948.023688954] [controller_server]: 
[controller_server-11] 	controller_server lifecycle node launched. 
[controller_server-11] 	Waiting on external lifecycle transitions to activate
[controller_server-11] 	See https://design.ros2.org/articles/node_lifecycle.html for more information.
[planner_server-12] [INFO] [1776029948.029121419] [planner_server]: 
[planner_server-12] 	planner_server lifecycle node launched. 
[planner_server-12] 	Waiting on external lifecycle transitions to activate
[planner_server-12] 	See https://design.ros2.org/articles/node_lifecycle.html for more information.
[behavior_server-13] [INFO] [1776029948.027270452] [behavior_server]: 
[behavior_server-13] 	behavior_server lifecycle node launched. 
[behavior_server-13] 	Waiting on external lifecycle transitions to activate
[behavior_server-13] 	See https://design.ros2.org/articles/node_lifecycle.html for more information.
[waypoint_follower-15] [INFO] [1776029948.018180312] [waypoint_follower]: 
[waypoint_follower-15] 	waypoint_follower lifecycle node launched. 
[waypoint_follower-15] 	Waiting on external lifecycle transitions to activate
[waypoint_follower-15] 	See https://design.ros2.org/articles/node_lifecycle.html for more information.
[waypoint_follower-15] [INFO] [1776029948.025313636] [waypoint_follower]: Creating
[planner_server-12] [INFO] [1776029948.041056713] [planner_server]: Creating
[bt_navigator-14] [INFO] [1776029948.044905234] [bt_navigator]: 
[bt_navigator-14] 	bt_navigator lifecycle node launched. 
[bt_navigator-14] 	Waiting on external lifecycle transitions to activate
[bt_navigator-14] 	See https://design.ros2.org/articles/node_lifecycle.html for more information.
[bt_navigator-14] [INFO] [1776029948.045111159] [bt_navigator]: Creating
[controller_server-11] [INFO] [1776029948.045004600] [controller_server]: Creating controller server
[planner_server-12] [INFO] [1776029948.060762218] [global_costmap.global_costmap]: 
[planner_server-12] 	global_costmap lifecycle node launched. 
[planner_server-12] 	Waiting on external lifecycle transitions to activate
[planner_server-12] 	See https://design.ros2.org/articles/node_lifecycle.html for more information.
[controller_server-11] [INFO] [1776029948.062815375] [local_costmap.local_costmap]: 
[controller_server-11] 	local_costmap lifecycle node launched. 
[controller_server-11] 	Waiting on external lifecycle transitions to activate
[controller_server-11] 	See https://design.ros2.org/articles/node_lifecycle.html for more information.
[lifecycle_manager-10] [INFO] [1776029948.066644412] [lifecycle_manager_localization]: [34m[1mStarting managed nodes bringup...[0m[0m
[lifecycle_manager-10] [INFO] [1776029948.066725931] [lifecycle_manager_localization]: [34m[1mConfiguring map_server[0m[0m
[controller_server-11] [INFO] [1776029948.067125872] [local_costmap.local_costmap]: Creating Costmap
[map_server-8] [INFO] [1776029948.067252938] [map_server]: Configuring
[map_server-8] [INFO] [1776029948.067385697] [map_io]: Loading yaml file: /home/willy/stretch_user/maps/testing_map.yaml
[map_server-8] [INFO] [1776029948.068088649] [map_io]: resolution: 0.05
[map_server-8] [INFO] [1776029948.068109502] [map_io]: origin[0]: -11.5
[map_server-8] [INFO] [1776029948.068114531] [map_io]: origin[1]: -1.71
[map_server-8] [INFO] [1776029948.068118574] [map_io]: origin[2]: 0
[map_server-8] [INFO] [1776029948.068122987] [map_io]: free_thresh: 0.25
[map_server-8] [INFO] [1776029948.068127167] [map_io]: occupied_thresh: 0.65
[map_server-8] [INFO] [1776029948.068131768] [map_io]: mode: trinary
[map_server-8] [INFO] [1776029948.068136982] [map_io]: negate: 0
[planner_server-12] [INFO] [1776029948.069392634] [global_costmap.global_costmap]: Creating Costmap
[map_server-8] [INFO] [1776029948.074764289] [map_io]: Loading image_file: /home/willy/stretch_user/maps/testing_map.pgm
[lifecycle_manager-16] [INFO] [1776029948.075599884] [lifecycle_manager_navigation]: Creating
[lifecycle_manager-16] [INFO] [1776029948.078828759] [lifecycle_manager_navigation]: [34m[1mCreating and initializing lifecycle service clients[0m[0m
[map_server-8] [INFO] [1776029948.087913537] [map_io]: Read map /home/willy/stretch_user/maps/testing_map.pgm: 416 X 249 map @ 0.05 m/cell
[lifecycle_manager-10] [INFO] [1776029948.092217598] [lifecycle_manager_localization]: [34m[1mConfiguring amcl[0m[0m
[amcl-9] [INFO] [1776029948.092701359] [amcl]: Configuring
[amcl-9] [INFO] [1776029948.092851720] [amcl]: initTransforms
[lifecycle_manager-16] [INFO] [1776029948.094269700] [lifecycle_manager_navigation]: [34m[1mStarting managed nodes bringup...[0m[0m
[lifecycle_manager-16] [INFO] [1776029948.094321740] [lifecycle_manager_navigation]: [34m[1mConfiguring controller_server[0m[0m
[controller_server-11] [INFO] [1776029948.095584521] [controller_server]: Configuring controller interface
[controller_server-11] [INFO] [1776029948.096010971] [controller_server]: getting goal checker plugins..
[controller_server-11] [INFO] [1776029948.096194027] [controller_server]: Controller frequency set to 20.0000Hz
[controller_server-11] [INFO] [1776029948.096259547] [local_costmap.local_costmap]: Configuring
[amcl-9] [INFO] [1776029948.101412912] [amcl]: initPubSub
[controller_server-11] [INFO] [1776029948.101650945] [local_costmap.local_costmap]: Using plugin "obstacle_layer"
[amcl-9] [INFO] [1776029948.104635586] [amcl]: Subscribed to map topic.
[lifecycle_manager-10] [INFO] [1776029948.107630274] [lifecycle_manager_localization]: [34m[1mActivating map_server[0m[0m
[map_server-8] [INFO] [1776029948.107883154] [map_server]: Activating
[map_server-8] [INFO] [1776029948.108128857] [map_server]: Creating bond (map_server) to lifecycle manager.
[amcl-9] [INFO] [1776029948.108443065] [amcl]: Received a 416 X 249 map @ 0.050 m/pix
[controller_server-11] [INFO] [1776029948.110015253] [local_costmap.local_costmap]: Subscribed to Topics: scan
[controller_server-11] [INFO] [1776029948.113402743] [local_costmap.local_costmap]: Initialized plugin "obstacle_layer"
[controller_server-11] [INFO] [1776029948.113494747] [local_costmap.local_costmap]: Using plugin "voxel_layer"
[controller_server-11] [INFO] [1776029948.114176528] [local_costmap.local_costmap]: Subscribed to Topics: scan
[controller_server-11] [INFO] [1776029948.117577607] [local_costmap.local_costmap]: Initialized plugin "voxel_layer"
[controller_server-11] [INFO] [1776029948.117642301] [local_costmap.local_costmap]: Using plugin "inflation_layer"
[controller_server-11] [INFO] [1776029948.118824093] [local_costmap.local_costmap]: Initialized plugin "inflation_layer"
[controller_server-11] [INFO] [1776029948.128540556] [controller_server]: Created progress_checker : progress_checker of type nav2_controller::SimpleProgressChecker
[controller_server-11] [INFO] [1776029948.130919915] [controller_server]: Created goal checker : general_goal_checker of type nav2_controller::SimpleGoalChecker
[controller_server-11] [INFO] [1776029948.132473247] [controller_server]: Controller Server has general_goal_checker  goal checkers available.
[controller_server-11] [INFO] [1776029948.141297956] [controller_server]: Created controller : FollowPath of type dwb_core::DWBLocalPlanner
[controller_server-11] [INFO] [1776029948.147068679] [controller_server]: Setting transform_tolerance to 0.200000
[controller_server-11] [INFO] [1776029948.171485064] [controller_server]: Using critic "RotateToGoal" (dwb_critics::RotateToGoalCritic)
[controller_server-11] [INFO] [1776029948.176989983] [controller_server]: Critic plugin initialized
[controller_server-11] [INFO] [1776029948.177194974] [controller_server]: Using critic "Oscillation" (dwb_critics::OscillationCritic)
[controller_server-11] [INFO] [1776029948.177792489] [controller_server]: Critic plugin initialized
[controller_server-11] [INFO] [1776029948.177937147] [controller_server]: Using critic "BaseObstacle" (dwb_critics::BaseObstacleCritic)
[controller_server-11] [INFO] [1776029948.178186481] [controller_server]: Critic plugin initialized
[controller_server-11] [INFO] [1776029948.178328991] [controller_server]: Using critic "GoalAlign" (dwb_critics::GoalAlignCritic)
[controller_server-11] [INFO] [1776029948.180046316] [controller_server]: Critic plugin initialized
[controller_server-11] [INFO] [1776029948.180315412] [controller_server]: Using critic "PathAlign" (dwb_critics::PathAlignCritic)
[controller_server-11] [INFO] [1776029948.182575543] [controller_server]: Critic plugin initialized
[controller_server-11] [INFO] [1776029948.183105730] [controller_server]: Using critic "PathDist" (dwb_critics::PathDistCritic)
[sllidar_node-4] [INFO] [1776029948.183621756] [sllidar_node]: current scan mode: Boost, sample rate: 8 Khz, max_distance: 12.0 m, scan frequency:10.0 Hz, 
[controller_server-11] [INFO] [1776029948.185875618] [controller_server]: Critic plugin initialized
[controller_server-11] [INFO] [1776029948.186069485] [controller_server]: Using critic "GoalDist" (dwb_critics::GoalDistCritic)
[controller_server-11] [INFO] [1776029948.186368231] [controller_server]: Critic plugin initialized
[controller_server-11] [INFO] [1776029948.186865631] [controller_server]: Using critic "PreferForward" (dwb_critics::PreferForwardCritic)
[controller_server-11] [INFO] [1776029948.190930630] [controller_server]: Critic plugin initialized
[controller_server-11] [INFO] [1776029948.190970481] [controller_server]: Controller Server has FollowPath  controllers available.
[lifecycle_manager-16] [INFO] [1776029948.202875759] [lifecycle_manager_navigation]: [34m[1mConfiguring planner_server[0m[0m
[planner_server-12] [INFO] [1776029948.203124517] [planner_server]: Configuring
[planner_server-12] [INFO] [1776029948.203170874] [global_costmap.global_costmap]: Configuring
[lifecycle_manager-10] [INFO] [1776029948.212206620] [lifecycle_manager_localization]: Server map_server connected with bond.
[lifecycle_manager-10] [INFO] [1776029948.212265741] [lifecycle_manager_localization]: [34m[1mActivating amcl[0m[0m
[amcl-9] [INFO] [1776029948.212519574] [amcl]: Activating
[amcl-9] [INFO] [1776029948.212561935] [amcl]: Creating bond (amcl) to lifecycle manager.
[planner_server-12] [INFO] [1776029948.212866387] [global_costmap.global_costmap]: Using plugin "static_layer"
[planner_server-12] [INFO] [1776029948.223845680] [global_costmap.global_costmap]: Subscribing to the map topic (/map) with transient local durability
[planner_server-12] [INFO] [1776029948.226168639] [global_costmap.global_costmap]: Initialized plugin "static_layer"
[planner_server-12] [INFO] [1776029948.226210298] [global_costmap.global_costmap]: Using plugin "obstacle_layer"
[planner_server-12] [INFO] [1776029948.229061087] [global_costmap.global_costmap]: Subscribed to Topics: scan
[planner_server-12] [INFO] [1776029948.237478118] [global_costmap.global_costmap]: Initialized plugin "obstacle_layer"
[planner_server-12] [INFO] [1776029948.237531502] [global_costmap.global_costmap]: Using plugin "voxel_layer"
[planner_server-12] [INFO] [1776029948.240814551] [global_costmap.global_costmap]: Subscribed to Topics: scan
[planner_server-12] [INFO] [1776029948.249233367] [global_costmap.global_costmap]: Initialized plugin "voxel_layer"
[planner_server-12] [INFO] [1776029948.249278496] [global_costmap.global_costmap]: Using plugin "inflation_layer"
[planner_server-12] [INFO] [1776029948.250111594] [global_costmap.global_costmap]: Initialized plugin "inflation_layer"
[planner_server-12] [INFO] [1776029948.255281703] [global_costmap.global_costmap]: StaticLayer: Resizing costmap to 416 X 249 at 0.050000 m/pix
[planner_server-12] [INFO] [1776029948.257143325] [planner_server]: Created global planner plugin GridBased of type nav2_navfn_planner/NavfnPlanner
[planner_server-12] [INFO] [1776029948.257204238] [planner_server]: Configuring plugin GridBased of type NavfnPlanner
[planner_server-12] [INFO] [1776029948.259065306] [planner_server]: Planner Server has GridBased  planners available.
[lifecycle_manager-16] [INFO] [1776029948.273779183] [lifecycle_manager_navigation]: [34m[1mConfiguring behavior_server[0m[0m
[behavior_server-13] [INFO] [1776029948.274019972] [behavior_server]: Configuring
[behavior_server-13] [INFO] [1776029948.286347889] [behavior_server]: Creating behavior plugin spin of type nav2_behaviors/Spin
[behavior_server-13] [INFO] [1776029948.288864501] [behavior_server]: Configuring spin
[behavior_server-13] [INFO] [1776029948.294056200] [behavior_server]: Creating behavior plugin backup of type nav2_behaviors/BackUp
[behavior_server-13] [INFO] [1776029948.297526116] [behavior_server]: Configuring backup
[behavior_server-13] [INFO] [1776029948.306310524] [behavior_server]: Creating behavior plugin drive_on_heading of type nav2_behaviors/DriveOnHeading
[behavior_server-13] [INFO] [1776029948.307815354] [behavior_server]: Configuring drive_on_heading
[behavior_server-13] [INFO] [1776029948.312885996] [behavior_server]: Creating behavior plugin assisted_teleop of type nav2_behaviors/AssistedTeleop
[behavior_server-13] [INFO] [1776029948.317681185] [behavior_server]: Configuring assisted_teleop
[lifecycle_manager-10] [INFO] [1776029948.318400814] [lifecycle_manager_localization]: Server amcl connected with bond.
[lifecycle_manager-10] [INFO] [1776029948.318448881] [lifecycle_manager_localization]: [34m[1mManaged nodes are active[0m[0m
[lifecycle_manager-10] [INFO] [1776029948.318473111] [lifecycle_manager_localization]: [34m[1mCreating bond timer...[0m[0m
[behavior_server-13] [INFO] [1776029948.330858163] [behavior_server]: Creating behavior plugin wait of type nav2_behaviors/Wait
[behavior_server-13] [INFO] [1776029948.332595588] [behavior_server]: Configuring wait
[lifecycle_manager-16] [INFO] [1776029948.334750346] [lifecycle_manager_navigation]: [34m[1mConfiguring bt_navigator[0m[0m
[bt_navigator-14] [INFO] [1776029948.335730000] [bt_navigator]: Configuring
[lifecycle_manager-16] [INFO] [1776029948.439037170] [lifecycle_manager_navigation]: [34m[1mConfiguring waypoint_follower[0m[0m
[waypoint_follower-15] [INFO] [1776029948.439276682] [waypoint_follower]: Configuring
[waypoint_follower-15] [INFO] [1776029948.446641245] [waypoint_follower]: Created waypoint_task_executor : wait_at_waypoint of type nav2_waypoint_follower::WaitAtWaypoint
[lifecycle_manager-16] [INFO] [1776029948.447529732] [lifecycle_manager_navigation]: [34m[1mActivating controller_server[0m[0m
[controller_server-11] [INFO] [1776029948.447641045] [controller_server]: Activating
[controller_server-11] [INFO] [1776029948.447676923] [local_costmap.local_costmap]: Activating
[controller_server-11] [INFO] [1776029948.447687536] [local_costmap.local_costmap]: Checking transform
[controller_server-11] [INFO] [1776029948.447732745] [local_costmap.local_costmap]: Timed out waiting for transform from base_link to odom to become available, tf error: Invalid frame ID "odom" passed to canTransform argument target_frame - frame does not exist
[joy_node-6] [INFO] [1776029948.697519726] [joy_node]: No haptic (rumble) available, skipping initialization
[joy_node-6] [INFO] [1776029948.697646386] [joy_node]: Opened joystick: 3Dconnexion Universal Receiver.  deadzone: 0.050000
[INFO] [1776029948.714965448] [object_grasper]: object_grasper started
[controller_server-11] [INFO] [1776029948.947786321] [local_costmap.local_costmap]: Timed out waiting for transform from base_link to odom to become available, tf error: Invalid frame ID "odom" passed to canTransform argument target_frame - frame does not exist
[scan_to_scan_filter_chain-5] [WARN] [1776029948.994258047] [laser_filter]: diagnostic_updater: No HW_ID was set. This is probably a bug. Please report it. For devices that do not have a HW_ID, set this value to 'none'. This warning only occurs once all diagnostics are OK. It is okay to wait until the device is open before calling setHardwareID.
[stretch_driver-3] [0m[INFO] [1776029949.150337615] [stretch_driver]: For use with S T R E T C H (TM) RESEARCH EDITION from Hello Robot Inc.[0m
[stretch_driver-3] [0m[INFO] [1776029949.150616238] [stretch_driver]: stretch_driver started[0m
[controller_server-11] [INFO] [1776029949.447783901] [local_costmap.local_costmap]: Timed out waiting for transform from base_link to odom to become available, tf error: Invalid frame ID "odom" passed to canTransform argument target_frame - frame does not exist
[stretch_driver-3] Key mapped to End-Of-Arm Tool: tool_stretch_dex_wrist
[stretch_driver-3] Unable to load URDF: /home/willy/.local/lib/python3.10/site-packages/stretch_urdf/RE2V0/stretch_description_RE2V0_tool_stretch_dex_wrist.urdf. Disabling collision system.
[controller_server-11] [INFO] [1776029949.947781238] [local_costmap.local_costmap]: Timed out waiting for transform from base_link to odom to become available, tf error: Invalid frame ID "odom" passed to canTransform argument target_frame - frame does not exist
[controller_server-11] [INFO] [1776029950.447827107] [local_costmap.local_costmap]: Timed out waiting for transform from base_link to odom to become available, tf error: Invalid frame ID "odom" passed to canTransform argument target_frame - frame does not exist
[rviz2-17] [INFO] [1776029950.572192011] [rviz2]: Stereo is NOT SUPPORTED
[rviz2-17] [INFO] [1776029950.572258893] [rviz2]: OpenGl version: 4.5 (GLSL 4.5)
[amcl-9] [INFO] [1776029950.574043521] [amcl]: Message Filter dropping message: frame 'laser' at time 1776029948.184 for reason 'the timestamp on the message is earlier than all the data in the transform cache'
[rviz2-17] [INFO] [1776029950.868002225] [rviz2]: Stereo is NOT SUPPORTED
[stretch_driver-3] [0m[INFO] [1776029950.903106578] [stretch_driver]: broadcast_odom_tf = True[0m
[stretch_driver-3] [0m[INFO] [1776029950.930124654] [stretch_driver]: rate = 30.0 Hz[0m
[stretch_driver-3] [0m[INFO] [1776029950.932494461] [stretch_driver]: twist timeout = 0.5 s[0m
[stretch_driver-3] [0m[INFO] [1776029950.934817008] [stretch_driver]: base_frame_id = base_link[0m
[stretch_driver-3] [0m[INFO] [1776029950.937352245] [stretch_driver]: odom_frame_id = odom[0m
[controller_server-11] [INFO] [1776029950.947793594] [local_costmap.local_costmap]: Timed out waiting for transform from base_link to odom to become available, tf error: Invalid frame ID "odom" passed to canTransform argument target_frame - frame does not exist
[amcl-9] [WARN] [1776029950.996792111] [amcl]: New subscription discovered on topic '/particle_cloud', requesting incompatible QoS. No messages will be sent to it. Last incompatible policy: RELIABILITY_QOS_POLICY
[stretch_driver-3] [0m[INFO] [1776029951.002551555] [stretch_driver]: Changed to mode = navigation[0m
[INFO] [1776029951.176458456] [aruco_base_frame_estimator]: Node aruco_base_frame_estimator connected to /home_the_robot service.
[INFO] [1776029951.177872145] [aruco_base_frame_estimator]: Node aruco_base_frame_estimator connected to /stow_the_robot service.
[INFO] [1776029951.178991588] [aruco_base_frame_estimator]: Node aruco_base_frame_estimator connected to /stop_the_robot service.
[INFO] [1776029951.182114960] [aruco_base_frame_estimator]: Node aruco_base_frame_estimator connected to /switch_to_trajectory_mode service.
[INFO] [1776029951.183396099] [aruco_base_frame_estimator]: Node aruco_base_frame_estimator connected to /switch_to_position_mode service.
[INFO] [1776029951.184431788] [aruco_base_frame_estimator]: Node aruco_base_frame_estimator connected to /switch_to_navigation_mode service.
[INFO] [1776029951.184871136] [aruco_base_frame_estimator]: Moving head camera to detection orientation...
[WARN] [1776029951.185192950] [aruco_base_frame_estimator]: Currently in navigation mode. Recommend switching either to position or trajectory mode
[WARN] [1776029951.185451845] [aruco_base_frame_estimator]: Commanding joint trajectory server in position mode
[stretch_driver-3] [0m[INFO] [1776029951.190928213] [stretch_driver]: Received goal request[0m
[stretch_driver-3] [0m[INFO] [1776029951.195001747] [stretch_driver]: stretch_driver joint_traj action: New trajectory received with joint_names = ['joint_head_pan', 'joint_head_tilt'][0m
[INFO] [1776029951.260884870] [object_grasper]: Node object_grasper connected to /home_the_robot service.
[INFO] [1776029951.262881272] [object_grasper]: Node object_grasper connected to /stow_the_robot service.
[INFO] [1776029951.264620168] [object_grasper]: Node object_grasper connected to /stop_the_robot service.
[INFO] [1776029951.266713716] [object_grasper]: Node object_grasper connected to /switch_to_trajectory_mode service.
[INFO] [1776029951.268285846] [object_grasper]: Node object_grasper connected to /switch_to_position_mode service.
[amcl-9] [INFO] [1776029951.269024768] [amcl]: createLaserObject
[INFO] [1776029951.274751204] [object_grasper]: Node object_grasper connected to /switch_to_navigation_mode service.
[amcl-9] [WARN] [1776029951.294039359] [amcl]: AMCL cannot publish a pose or update the transform. Please set the initial pose...
/home/willy/.local/lib/python3.10/site-packages/ikpy/urdf/URDF.py:261: UserWarning: Joint joint_mast is of type: fixed, but has an 'axis' attribute defined. This is not in the URDF spec and thus this axis is ignored
  warnings.warn("Joint {} is of type: fixed, but has an 'axis' attribute defined. This is not in the URDF spec and thus this axis is ignored".format(joint.attrib["name"]))
[controller_server-11] [INFO] [1776029951.447979289] [local_costmap.local_costmap]: start
/home/willy/.local/lib/python3.10/site-packages/ikpy/urdf/URDF.py:261: UserWarning: Joint joint_arm_l4 is of type: fixed, but has an 'axis' attribute defined. This is not in the URDF spec and thus this axis is ignored
  warnings.warn("Joint {} is of type: fixed, but has an 'axis' attribute defined. This is not in the URDF spec and thus this axis is ignored".format(joint.attrib["name"]))
/home/willy/.local/lib/python3.10/site-packages/ikpy/urdf/URDF.py:261: UserWarning: Joint joint_wrist_yaw_bottom is of type: fixed, but has an 'axis' attribute defined. This is not in the URDF spec and thus this axis is ignored
  warnings.warn("Joint {} is of type: fixed, but has an 'axis' attribute defined. This is not in the URDF spec and thus this axis is ignored".format(joint.attrib["name"]))
/home/willy/.local/lib/python3.10/site-packages/ikpy/urdf/URDF.py:261: UserWarning: Joint joint_gripper_s3_body is of type: fixed, but has an 'axis' attribute defined. This is not in the URDF spec and thus this axis is ignored
  warnings.warn("Joint {} is of type: fixed, but has an 'axis' attribute defined. This is not in the URDF spec and thus this axis is ignored".format(joint.attrib["name"]))
/home/willy/.local/lib/python3.10/site-packages/ikpy/urdf/URDF.py:261: UserWarning: Joint joint_grasp_center is of type: fixed, but has an 'axis' attribute defined. This is not in the URDF spec and thus this axis is ignored
  warnings.warn("Joint {} is of type: fixed, but has an 'axis' attribute defined. This is not in the URDF spec and thus this axis is ignored".format(joint.attrib["name"]))
/home/willy/.local/lib/python3.10/site-packages/ikpy/chain.py:60: UserWarning: Link Base link (index: 0) is of type 'fixed' but set as active in the active_links_mask. In practice, this fixed link doesn't provide any transformation so is as it were inactive
  warnings.warn("Link {} (index: {}) is of type 'fixed' but set as active in the active_links_mask. In practice, this fixed link doesn't provide any transformation so is as it were inactive".format(link.name, link_index))
/home/willy/.local/lib/python3.10/site-packages/ikpy/chain.py:60: UserWarning: Link joint_mast (index: 2) is of type 'fixed' but set as active in the active_links_mask. In practice, this fixed link doesn't provide any transformation so is as it were inactive
  warnings.warn("Link {} (index: {}) is of type 'fixed' but set as active in the active_links_mask. In practice, this fixed link doesn't provide any transformation so is as it were inactive".format(link.name, link_index))
/home/willy/.local/lib/python3.10/site-packages/ikpy/chain.py:60: UserWarning: Link joint_arm_l4 (index: 4) is of type 'fixed' but set as active in the active_links_mask. In practice, this fixed link doesn't provide any transformation so is as it were inactive
  warnings.warn("Link {} (index: {}) is of type 'fixed' but set as active in the active_links_mask. In practice, this fixed link doesn't provide any transformation so is as it were inactive".format(link.name, link_index))
/home/willy/.local/lib/python3.10/site-packages/ikpy/chain.py:60: UserWarning: Link joint_wrist_yaw_bottom (index: 10) is of type 'fixed' but set as active in the active_links_mask. In practice, this fixed link doesn't provide any transformation so is as it were inactive
  warnings.warn("Link {} (index: {}) is of type 'fixed' but set as active in the active_links_mask. In practice, this fixed link doesn't provide any transformation so is as it were inactive".format(link.name, link_index))
/home/willy/.local/lib/python3.10/site-packages/ikpy/chain.py:60: UserWarning: Link joint_gripper_s3_body (index: 13) is of type 'fixed' but set as active in the active_links_mask. In practice, this fixed link doesn't provide any transformation so is as it were inactive
  warnings.warn("Link {} (index: {}) is of type 'fixed' but set as active in the active_links_mask. In practice, this fixed link doesn't provide any transformation so is as it were inactive".format(link.name, link_index))
/home/willy/.local/lib/python3.10/site-packages/ikpy/chain.py:60: UserWarning: Link joint_grasp_center (index: 14) is of type 'fixed' but set as active in the active_links_mask. In practice, this fixed link doesn't provide any transformation so is as it were inactive
  warnings.warn("Link {} (index: {}) is of type 'fixed' but set as active in the active_links_mask. In practice, this fixed link doesn't provide any transformation so is as it were inactive".format(link.name, link_index))
[INFO] [1776029951.565561868] [object_grasper]: ============================================================
[INFO] [1776029951.566000478] [object_grasper]: ObjectGrasper ready — waiting for ArUco detections
[INFO] [1776029951.566217193] [object_grasper]: Listening on: /aruco/target_base_link
[INFO] [1776029951.566415999] [object_grasper]: Call service: ros2 service call /grasp_object std_srvs/srv/Trigger {}
[INFO] [1776029951.566636875] [object_grasper]: ============================================================
[controller_server-11] [INFO] [1776029951.649653913] [controller_server]: Creating bond (controller_server) to lifecycle manager.
[lifecycle_manager-16] [INFO] [1776029951.753874405] [lifecycle_manager_navigation]: Server controller_server connected with bond.
[lifecycle_manager-16] [INFO] [1776029951.753927350] [lifecycle_manager_navigation]: [34m[1mActivating planner_server[0m[0m
[planner_server-12] [INFO] [1776029951.754182251] [planner_server]: Activating
[planner_server-12] [INFO] [1776029951.754234823] [global_costmap.global_costmap]: Activating
[planner_server-12] [INFO] [1776029951.754254182] [global_costmap.global_costmap]: Checking transform
[planner_server-12] [INFO] [1776029951.754287777] [global_costmap.global_costmap]: Timed out waiting for transform from base_link to map to become available, tf error: Invalid frame ID "map" passed to canTransform argument target_frame - frame does not exist
[stretch_driver-3] -------------------------------------------
[stretch_driver-3] Finished goal
[stretch_driver-3] [0m[INFO] [1776029952.021208684] [stretch_driver]: stretch_driver joint_traj action: Achieved all target points.[0m
[INFO] [1776029952.023621396] [aruco_base_frame_estimator]: Head camera at detection pose — starting ArUco detection.
[INFO] [1776029952.028156346] [aruco_base_frame_estimator]: Waiting for camera TF (base_link -> camera_color_optical_frame)...
[INFO] [1776029952.082069519] [aruco_base_frame_estimator]: Camera pose acquired:
[INFO] [1776029952.082541270] [aruco_base_frame_estimator]:   Position  : X=+0.0103  Y=-0.0516  Z=+1.2864  (m)
[INFO] [1776029952.082950784] [aruco_base_frame_estimator]:   RPY (deg) : R=-179.12  P=+59.04  Y=+94.58
[INFO] [1776029952.092842172] [aruco_base_frame_estimator]: ============================================================
[INFO] [1776029952.093262042] [aruco_base_frame_estimator]: ArUco Base Frame Estimator Started
[INFO] [1776029952.093652154] [aruco_base_frame_estimator]: Target Marker ID: 202
[INFO] [1776029952.094037571] [aruco_base_frame_estimator]: Marker size: 2.8 cm
[INFO] [1776029952.094414407] [aruco_base_frame_estimator]: Detection timeout: 0.0s (0 = live frames only)
[INFO] [1776029952.094784004] [aruco_base_frame_estimator]: Publishing target on: /aruco/target_base_link
[INFO] [1776029952.095142667] [aruco_base_frame_estimator]: ============================================================
Exception in thread Thread-1 (spin_thread):
Traceback (most recent call last):
  File "/usr/lib/python3.10/threading.py", line 1016, in _bootstrap_inner
    self.run()
  File "/usr/lib/python3.10/threading.py", line 953, in run
    self._target(*self._args, **self._kwargs)
  File "/home/willy/ament_ws/build/hello_helpers/src/hello_helpers/hello_misc.py", line 125, in spin_thread
    executor.spin()
  File "/opt/ros/humble/local/lib/python3.10/dist-packages/rclpy/executors.py", line 323, in spin
    self.spin_once()
  File "/opt/ros/humble/local/lib/python3.10/dist-packages/rclpy/executors.py", line 863, in spin_once
    self._spin_once_impl(timeout_sec)
  File "/opt/ros/humble/local/lib/python3.10/dist-packages/rclpy/executors.py", line 844, in _spin_once_impl
    handler, entity, node = self.wait_for_ready_callbacks(
  File "/opt/ros/humble/local/lib/python3.10/dist-packages/rclpy/executors.py", line 780, in wait_for_ready_callbacks
    return next(self._cb_iter)
  File "/opt/ros/humble/local/lib/python3.10/dist-packages/rclpy/executors.py", line 699, in _wait_for_ready_callbacks
    if wt in waitables and wt.is_ready(wait_set):
  File "/opt/ros/humble/local/lib/python3.10/dist-packages/rclpy/action/client.py", line 233, in is_ready
    ready_entities = self._client_handle.is_ready(wait_set)
rclpy._rclpy_pybind11.RCLError: Failed to get number of ready entities for action client: wait set index for feedback subscription is out of bounds, at ./src/rcl_action/action_client.c:619
[planner_server-12] [INFO] [1776029952.254351688] [global_costmap.global_costmap]: Timed out waiting for transform from base_link to map to become available, tf error: Invalid frame ID "map" passed to canTransform argument target_frame - frame does not exist
[planner_server-12] [INFO] [1776029952.754344196] [global_costmap.global_costmap]: Timed out waiting for transform from base_link to map to become available, tf error: Invalid frame ID "map" passed to canTransform argument target_frame - frame does not exist
[planner_server-12] [INFO] [1776029953.254354531] [global_costmap.global_costmap]: Timed out waiting for transform from base_link to map to become available, tf error: Invalid frame ID "map" passed to canTransform argument target_frame - frame does not exist
[amcl-9] [WARN] [1776029953.369085728] [amcl]: AMCL cannot publish a pose or update the transform. Please set the initial pose...
[rviz2-17] [INFO] [1776029953.679852707] [rviz2]: Trying to create a map of size 416 x 249 using 1 swatches
[planner_server-12] [INFO] [1776029953.754343361] [global_costmap.global_costmap]: Timed out waiting for transform from base_link to map to become available, tf error: Invalid frame ID "map" passed to canTransform argument target_frame - frame does not exist
[rviz2-17] [ERROR] [1776029953.895621451] [rviz2]: Vertex Program:rviz/glsl120/indexed_8bit_image.vert Fragment Program:rviz/glsl120/indexed_8bit_image.frag GLSL link result : 
[rviz2-17] active samplers with a different type refer to the same texture image unit
[realsense2_camera_node-1] [0m[INFO] [1776029953.918022348] [camera]: Device with serial number 239722071445 was found.
[realsense2_camera_node-1] [0m
[realsense2_camera_node-1] [0m[INFO] [1776029953.918073568] [camera]: Device with physical ID /sys/devices/pci0000:00/0000:00:0d.0/usb2/2-1/2-1:1.0/video4linux/video0 was found.[0m
[realsense2_camera_node-1] [0m[INFO] [1776029953.918082805] [camera]: Device with name Intel RealSense D435I was found.[0m
[realsense2_camera_node-1] [0m[INFO] [1776029953.918207439] [camera]: Device with port number 2-1 was found.[0m
[realsense2_camera_node-1] [0m[INFO] [1776029953.918223541] [camera]: Device USB type: 3.2[0m
[realsense2_camera_node-1] [0m[INFO] [1776029953.918473641] [camera]: getParameters...[0m
[realsense2_camera_node-1] [0m[INFO] [1776029954.219307795] [camera]: JSON file is loaded! (/home/willy/ament_ws/install/stretch_core/share/stretch_core/config/HighAccuracyPreset.json)[0m
[realsense2_camera_node-1] [0m[INFO] [1776029954.219380708] [camera]: Device Name: Intel RealSense D435I[0m
[realsense2_camera_node-1] [0m[INFO] [1776029954.219403065] [camera]: Device Serial No: 239722071445[0m
[realsense2_camera_node-1] [0m[INFO] [1776029954.219422389] [camera]: Device physical port: /sys/devices/pci0000:00/0000:00:0d.0/usb2/2-1/2-1:1.0/video4linux/video0[0m
[realsense2_camera_node-1] [0m[INFO] [1776029954.219441611] [camera]: Device FW version: 5.16.0.1[0m
[realsense2_camera_node-1] [0m[INFO] [1776029954.219457705] [camera]: Device Product ID: 0x0B3A[0m
[realsense2_camera_node-1] [0m[INFO] [1776029954.219483652] [camera]: Sync Mode: On[0m
[planner_server-12] [INFO] [1776029954.254341536] [global_costmap.global_costmap]: Timed out waiting for transform from base_link to map to become available, tf error: Invalid frame ID "map" passed to canTransform argument target_frame - frame does not exist
[realsense2_camera_node-1] [33m[WARN] [1776029954.305156123] [camera]: re-enable the stream for the change to take effect.[0m
[realsense2_camera_node-1] [33m[WARN] [1776029954.305774053] [camera]: re-enable the stream for the change to take effect.[0m
[realsense2_camera_node-1] [33m[WARN] [1776029954.315075876] [camera]: re-enable the stream for the change to take effect.[0m
[realsense2_camera_node-1] [31m[ERROR] [1776029954.316926269] [camera]: Given value, 63 is invalid. Set ROS param back to: 100[0m
[realsense2_camera_node-1] [0m[INFO] [1776029954.328862789] [camera]: Stopping Sensor: Depth Module[0m
[realsense2_camera_node-1] [0m[INFO] [1776029954.328938381] [camera]: Stopping Sensor: RGB Camera[0m
[realsense2_camera_node-1] [0m[INFO] [1776029954.328956118] [camera]: Stopping Sensor: Motion Module[0m
[realsense2_camera_node-1] [0m[INFO] [1776029954.349290180] [camera]: Starting Sensor: Depth Module[0m
[realsense2_camera_node-1] [0m[INFO] [1776029954.352731543] [camera]: Open profile: stream_type: Depth(0), Format: Z16, Width: 1280, Height: 720, FPS: 15[0m
[realsense2_camera_node-1] [0m[INFO] [1776029954.361531063] [camera]: Starting Sensor: RGB Camera[0m
[realsense2_camera_node-1] [0m[INFO] [1776029954.364269171] [camera]: Open profile: stream_type: Color(0), Format: RGB8, Width: 1280, Height: 720, FPS: 15[0m
[realsense2_camera_node-1] [0m[INFO] [1776029954.387081274] [camera]: Starting Sensor: Motion Module[0m
[realsense2_camera_node-1] [0m[INFO] [1776029954.388317333] [camera]: Open profile: stream_type: Accel(0)Format: MOTION_XYZ32F, FPS: 100[0m
[realsense2_camera_node-1] [0m[INFO] [1776029954.388349756] [camera]: Open profile: stream_type: Gyro(0)Format: MOTION_XYZ32F, FPS: 200[0m
[realsense2_camera_node-1] [0m[INFO] [1776029954.389842000] [camera]: RealSense Node Is Up![0m
[planner_server-12] [INFO] [1776029954.754342470] [global_costmap.global_costmap]: Timed out waiting for transform from base_link to map to become available, tf error: Invalid frame ID "map" passed to canTransform argument target_frame - frame does not exist
[INFO] [1776029955.135073169] [aruco_base_frame_estimator]: Saved: base_detections/frame_1776029955.jpg
[planner_server-12] [INFO] [1776029955.254347959] [global_costmap.global_costmap]: Timed out waiting for transform from base_link to map to become available, tf error: Invalid frame ID "map" passed to canTransform argument target_frame - frame does not exist
Camera ready!
Setting initial pose...
[amcl-9] [WARN] [1776029955.469598465] [amcl]: AMCL cannot publish a pose or update the transform. Please set the initial pose...
[planner_server-12] [INFO] [1776029955.754358000] [global_costmap.global_costmap]: Timed out waiting for transform from base_link to map to become available, tf error: Invalid frame ID "map" passed to canTransform argument target_frame - frame does not exist
[rviz2-17] [INFO] [1776029956.241154752] [rviz]: Message Filter dropping message: frame 'odom' at time 1776029952.037 for reason 'discarding message because the queue is full'
[rviz2-17] [INFO] [1776029956.241322156] [rviz]: Message Filter dropping message: frame 'laser' at time 1776029952.251 for reason 'discarding message because the queue is full'
[planner_server-12] [INFO] [1776029956.254346406] [global_costmap.global_costmap]: Timed out waiting for transform from base_link to map to become available, tf error: Invalid frame ID "map" passed to canTransform argument target_frame - frame does not exist
publisher: beginning loop
publishing #1: geometry_msgs.msg.PoseWithCovarianceStamped(header=std_msgs.msg.Header(stamp=builtin_interfaces.msg.Time(sec=0, nanosec=0), frame_id='map'), pose=geometry_msgs.msg.PoseWithCovariance(pose=geometry_msgs.msg.Pose(position=geometry_msgs.msg.Point(x=0.0, y=0.0, z=0.0), orientation=geometry_msgs.msg.Quaternion(x=0.0, y=0.0, z=0.0, w=1.0)), covariance=array([0.25, 0.  , 0.  , 0.  , 0.  , 0.  , 0.  , 0.25, 0.  , 0.  , 0.  ,
       0.  , 0.  , 0.  , 0.  , 0.  , 0.  , 0.  , 0.  , 0.  , 0.  , 0.  ,
       0.  , 0.  , 0.  , 0.  , 0.  , 0.  , 0.  , 0.  , 0.  , 0.  , 0.  ,
       0.  , 0.  , 0.07])))

[amcl-9] [INFO] [1776029956.613443108] [amcl]: initialPoseReceived
[amcl-9] [WARN] [1776029956.614056116] [amcl]: Failed to transform initial pose in time (Lookup would require extrapolation into the future.  Requested time 1776029956.613579 but the latest data is at time 1776029956.604067, when looking up transform from frame [base_footprint] to frame [odom])
[amcl-9] [INFO] [1776029956.614126021] [amcl]: Setting pose (1776029956.614126): 0.000 0.000 0.000
[planner_server-12] [INFO] [1776029956.754400499] [global_costmap.global_costmap]: Timed out waiting for transform from base_link to map to become available, tf error: Invalid frame ID "map" passed to canTransform argument target_frame - frame does not exist
Waiting for AMCL to localize...
[planner_server-12] [INFO] [1776029957.254541070] [global_costmap.global_costmap]: Timed out waiting for transform from base_link to map to become available, tf error: Lookup would require extrapolation into the past.  Requested time 1776029957.237269 but the earliest data is at time 1776029957.599264, when looking up transform from frame [base_link] to frame [map]
[planner_server-12] [INFO] [1776029957.754498811] [global_costmap.global_costmap]: start
[rviz2-17] [INFO] [1776029958.029697224] [rviz2]: Trying to create a map of size 60 x 60 using 1 swatches
[INFO] [1776029958.186580125] [aruco_base_frame_estimator]: Saved: base_detections/frame_1776029958.jpg
AMCL localized!
=== All nodes ready. Writing flag: /tmp/stretch_nodes_ready ===
[planner_server-12] [INFO] [1776029958.805896256] [planner_server]: Activating plugin GridBased of type NavfnPlanner
[planner_server-12] [INFO] [1776029958.806923702] [planner_server]: Creating bond (planner_server) to lifecycle manager.
[lifecycle_manager-16] [INFO] [1776029958.910888957] [lifecycle_manager_navigation]: Server planner_server connected with bond.
[lifecycle_manager-16] [INFO] [1776029958.910944450] [lifecycle_manager_navigation]: [34m[1mActivating behavior_server[0m[0m
[behavior_server-13] [INFO] [1776029958.911228787] [behavior_server]: Activating
[behavior_server-13] [INFO] [1776029958.911258902] [behavior_server]: Activating spin
[behavior_server-13] [INFO] [1776029958.911269637] [behavior_server]: Activating backup
[behavior_server-13] [INFO] [1776029958.911280207] [behavior_server]: Activating drive_on_heading
[behavior_server-13] [INFO] [1776029958.911295217] [behavior_server]: Activating assisted_teleop
[behavior_server-13] [INFO] [1776029958.911304013] [behavior_server]: Activating wait
[behavior_server-13] [INFO] [1776029958.911316145] [behavior_server]: Creating bond (behavior_server) to lifecycle manager.
[lifecycle_manager-16] [INFO] [1776029959.014227402] [lifecycle_manager_navigation]: Server behavior_server connected with bond.
[lifecycle_manager-16] [INFO] [1776029959.014302881] [lifecycle_manager_navigation]: [34m[1mActivating bt_navigator[0m[0m
[bt_navigator-14] [INFO] [1776029959.014834091] [bt_navigator]: Activating
[bt_navigator-14] [INFO] [1776029959.082948287] [bt_navigator]: Creating bond (bt_navigator) to lifecycle manager.
[rviz2-17] [INFO] [1776029959.141964961] [rviz2]: Trying to create a map of size 416 x 249 using 1 swatches
[lifecycle_manager-16] [INFO] [1776029959.185875495] [lifecycle_manager_navigation]: Server bt_navigator connected with bond.
[lifecycle_manager-16] [INFO] [1776029959.185961744] [lifecycle_manager_navigation]: [34m[1mActivating waypoint_follower[0m[0m
[waypoint_follower-15] [INFO] [1776029959.186269075] [waypoint_follower]: Activating
[waypoint_follower-15] [INFO] [1776029959.186323655] [waypoint_follower]: Creating bond (waypoint_follower) to lifecycle manager.
[lifecycle_manager-16] [INFO] [1776029959.290036101] [lifecycle_manager_navigation]: Server waypoint_follower connected with bond.
[lifecycle_manager-16] [INFO] [1776029959.290224527] [lifecycle_manager_navigation]: [34m[1mManaged nodes are active[0m[0m
[lifecycle_manager-16] [INFO] [1776029959.290261720] [lifecycle_manager_navigation]: [34m[1mCreating bond timer...[0m[0m
[INFO] [1776029961.198926098] [aruco_base_frame_estimator]: Saved: base_detections/frame_1776029961.jpg
[rviz2-17] [INFO] [1776029962.023938977] [rviz]: Message Filter dropping message: frame 'odom' at time 1776029952.849 for reason 'the timestamp on the message is earlier than all the data in the transform cache'
[INFO] [1776029964.250962581] [aruco_base_frame_estimator]: Saved: base_detections/frame_1776029964.jpg
[rviz2-17] [INFO] [1776029964.474753987] [rviz]: Message Filter dropping message: frame 'odom' at time 1776029955.237 for reason 'the timestamp on the message is earlier than all the data in the transform cache'
[rviz2-17] [INFO] [1776029965.025428035] [rviz]: Message Filter dropping message: frame 'odom' at time 1776029955.849 for reason 'the timestamp on the message is earlier than all the data in the transform cache'
[INFO] [1776029967.260564696] [aruco_base_frame_estimator]: Saved: base_detections/frame_1776029967.jpg
[INFO] [1776029970.261954766] [aruco_base_frame_estimator]: Saved: base_detections/frame_1776029970.jpg
[INFO] [1776029973.266109273] [aruco_base_frame_estimator]: Saved: base_detections/frame_1776029973.jpg
[INFO] [1776029976.337698025] [aruco_base_frame_estimator]: Saved: base_detections/frame_1776029976.jpg
[INFO] [1776029979.403823149] [aruco_base_frame_estimator]: Saved: base_detections/frame_1776029979.jpg
                                                                                                                                                                                                                                                                                                                                                                                                                                                                                                                                                                                                                                                                                                                                                                                                                                                                                                                                                                                                                                                                                                                                                                                                                                                                                                                                                                                                                                                                                                                                                                                                                                                                                                                                                                                 