=== launch_nodes.sh started at Tue Apr  7 02:42:08 PM EDT 2026 ===
Freeing robot process...
Done!
Launching Nav2...
Launching D435i camera...
Launching ArUco detector...
Launching Grasper...
Launching RViz...
Waiting for Nav2 action server...
[INFO] [launch]: All log files can be found below /home/willy/.ros/log/2026-04-07-14-42-08-674321-stretch-re2-2204-24076
[INFO] [launch]: Default logging verbosity is set to INFO
[INFO] [launch.user]: D435i launched in high resolution
[INFO] [realsense2_camera_node-1]: process started with pid [24131]
[INFO] [d435i_accel_correction-2]: process started with pid [24133]
[INFO] [launch]: All log files can be found below /home/willy/.ros/log/2026-04-07-14-42-08-837506-stretch-re2-2204-24075
[INFO] [launch]: Default logging verbosity is set to INFO
[INFO] [1775587329.302529778] [aruco_base_frame_estimator]: aruco_base_frame_estimator started
[d435i_accel_correction-2] [INFO] [1775587329.325995092] [d435i_accel_correction_node]: d435i_accel_correction_node started
[realsense2_camera_node-1] [0m[INFO] [1775587329.388051497] [camera]: RealSense ROS v4.55.1[0m
[realsense2_camera_node-1] [0m[INFO] [1775587329.388171648] [camera]: Built with LibRealSense v2.56.4[0m
[realsense2_camera_node-1] [0m[INFO] [1775587329.388193972] [camera]: Running with LibRealSense v2.56.4[0m
[realsense2_camera_node-1] [0m[INFO] [1775587329.414600183] [camera]: Device with serial number 239722071445 was found.
[realsense2_camera_node-1] [0m
[realsense2_camera_node-1] [0m[INFO] [1775587329.414668730] [camera]: Device with physical ID /sys/devices/pci0000:00/0000:00:0d.0/usb2/2-1/2-1:1.0/video4linux/video0 was found.[0m
[realsense2_camera_node-1] [0m[INFO] [1775587329.414680720] [camera]: Device with name Intel RealSense D435I was found.[0m
[realsense2_camera_node-1] [0m[INFO] [1775587329.414860380] [camera]: Device with port number 2-1 was found.[0m
[realsense2_camera_node-1] [0m[INFO] [1775587329.414876357] [camera]: Device USB type: 3.2[0m
[realsense2_camera_node-1] [0m[INFO] [1775587329.414886903] [camera]: Resetting device...[0m
[INFO] [stretch_driver-3]: process started with pid [24313]
[INFO] [joint_state_publisher-1]: process started with pid [24309]
[INFO] [robot_state_publisher-2]: process started with pid [24311]
[INFO] [sllidar_node-4]: process started with pid [24315]
[INFO] [scan_to_scan_filter_chain-5]: process started with pid [24317]
[INFO] [joy_node-6]: process started with pid [24319]
[INFO] [teleop_node-7]: process started with pid [24321]
[INFO] [map_server-8]: process started with pid [24323]
[INFO] [amcl-9]: process started with pid [24325]
[INFO] [lifecycle_manager-10]: process started with pid [24327]
[INFO] [controller_server-11]: process started with pid [24329]
[INFO] [planner_server-12]: process started with pid [24331]
[INFO] [behavior_server-13]: process started with pid [24333]
[INFO] [bt_navigator-14]: process started with pid [24335]
[INFO] [waypoint_follower-15]: process started with pid [24341]
[INFO] [lifecycle_manager-16]: process started with pid [24459]
[INFO] [rviz2-17]: process started with pid [24461]
[sllidar_node-4] [INFO] [1775587329.685882599] [sllidar_node]: SLLidar running on ROS2 package SLLidar.ROS2 SDK Version:1.0.1, SLLIDAR SDK Version:2.1.0
[sllidar_node-4] [INFO] [1775587329.693062897] [sllidar_node]: SLLidar S/N: C394ED93C0EA98C9A5E698F2564A4669
[sllidar_node-4] [INFO] [1775587329.693137129] [sllidar_node]: Firmware Ver: 1.29
[sllidar_node-4] [INFO] [1775587329.693147829] [sllidar_node]: Hardware Rev: 7
[sllidar_node-4] [INFO] [1775587329.694678730] [sllidar_node]: SLLidar health status : 0
[sllidar_node-4] [INFO] [1775587329.694723626] [sllidar_node]: SLLidar health status : OK.
[scan_to_scan_filter_chain-5] [INFO] [1775587329.741641141] [laser_filter]: In shadow configure done
[scan_to_scan_filter_chain-5] [WARN] [1775587329.748446595] [rcl.logging_rosout]: Publisher already registered for provided node name. If this is due to multiple nodes with the same name then all logs for that logger name will go out over the existing publisher. As soon as any node with that name is destructed it will unregister the publisher, preventing any further logs for that name from being published on the rosout topic.
[teleop_node-7] [INFO] [1775587329.689619890] [TeleopTwistJoy]: Teleop enable button 4.
[teleop_node-7] [INFO] [1775587329.689758395] [TeleopTwistJoy]: Linear axis x on 4 at scale 0.500000.
[teleop_node-7] [INFO] [1775587329.689788742] [TeleopTwistJoy]: Angular axis yaw on 3 at scale 0.500000.
[map_server-8] [INFO] [1775587329.738870876] [map_server]: 
[map_server-8] 	map_server lifecycle node launched. 
[map_server-8] 	Waiting on external lifecycle transitions to activate
[map_server-8] 	See https://design.ros2.org/articles/node_lifecycle.html for more information.
[map_server-8] [INFO] [1775587329.739017694] [map_server]: Creating
[amcl-9] [INFO] [1775587329.725113630] [amcl]: 
[amcl-9] 	amcl lifecycle node launched. 
[amcl-9] 	Waiting on external lifecycle transitions to activate
[amcl-9] 	See https://design.ros2.org/articles/node_lifecycle.html for more information.
[amcl-9] [INFO] [1775587329.726204795] [amcl]: Creating
[lifecycle_manager-10] [INFO] [1775587329.708671415] [lifecycle_manager_localization]: Creating
[lifecycle_manager-10] [INFO] [1775587329.718583607] [lifecycle_manager_localization]: [34m[1mCreating and initializing lifecycle service clients[0m[0m
[controller_server-11] [INFO] [1775587329.708331680] [controller_server]: 
[controller_server-11] 	controller_server lifecycle node launched. 
[controller_server-11] 	Waiting on external lifecycle transitions to activate
[controller_server-11] 	See https://design.ros2.org/articles/node_lifecycle.html for more information.
[controller_server-11] [INFO] [1775587329.736790119] [controller_server]: Creating controller server
[planner_server-12] [INFO] [1775587329.723187594] [planner_server]: 
[planner_server-12] 	planner_server lifecycle node launched. 
[planner_server-12] 	Waiting on external lifecycle transitions to activate
[planner_server-12] 	See https://design.ros2.org/articles/node_lifecycle.html for more information.
[planner_server-12] [INFO] [1775587329.728683797] [planner_server]: Creating
[planner_server-12] [INFO] [1775587329.749476240] [global_costmap.global_costmap]: 
[planner_server-12] 	global_costmap lifecycle node launched. 
[planner_server-12] 	Waiting on external lifecycle transitions to activate
[planner_server-12] 	See https://design.ros2.org/articles/node_lifecycle.html for more information.
[behavior_server-13] [INFO] [1775587329.723087261] [behavior_server]: 
[behavior_server-13] 	behavior_server lifecycle node launched. 
[behavior_server-13] 	Waiting on external lifecycle transitions to activate
[behavior_server-13] 	See https://design.ros2.org/articles/node_lifecycle.html for more information.
[bt_navigator-14] [INFO] [1775587329.743350397] [bt_navigator]: 
[bt_navigator-14] 	bt_navigator lifecycle node launched. 
[bt_navigator-14] 	Waiting on external lifecycle transitions to activate
[bt_navigator-14] 	See https://design.ros2.org/articles/node_lifecycle.html for more information.
[bt_navigator-14] [INFO] [1775587329.743510611] [bt_navigator]: Creating
[waypoint_follower-15] [INFO] [1775587329.722196956] [waypoint_follower]: 
[waypoint_follower-15] 	waypoint_follower lifecycle node launched. 
[waypoint_follower-15] 	Waiting on external lifecycle transitions to activate
[waypoint_follower-15] 	See https://design.ros2.org/articles/node_lifecycle.html for more information.
[waypoint_follower-15] [INFO] [1775587329.728327692] [waypoint_follower]: Creating
[planner_server-12] [INFO] [1775587329.750764715] [global_costmap.global_costmap]: Creating Costmap
[lifecycle_manager-10] [INFO] [1775587329.761496792] [lifecycle_manager_localization]: [34m[1mStarting managed nodes bringup...[0m[0m
[lifecycle_manager-10] [INFO] [1775587329.761620982] [lifecycle_manager_localization]: [34m[1mConfiguring map_server[0m[0m
[map_server-8] [INFO] [1775587329.762216816] [map_server]: Configuring
[map_server-8] [INFO] [1775587329.762308796] [map_io]: Loading yaml file: /home/willy/stretch_user/maps/testing_map.yaml
[map_server-8] [INFO] [1775587329.762686434] [map_io]: resolution: 0.05
[map_server-8] [INFO] [1775587329.762706842] [map_io]: origin[0]: -11.5
[map_server-8] [INFO] [1775587329.762711572] [map_io]: origin[1]: -1.71
[map_server-8] [INFO] [1775587329.762715932] [map_io]: origin[2]: 0
[map_server-8] [INFO] [1775587329.762720500] [map_io]: free_thresh: 0.25
[map_server-8] [INFO] [1775587329.762724958] [map_io]: occupied_thresh: 0.65
[map_server-8] [INFO] [1775587329.762731098] [map_io]: mode: trinary
[map_server-8] [INFO] [1775587329.762736670] [map_io]: negate: 0
[map_server-8] [INFO] [1775587329.762972057] [map_io]: Loading image_file: /home/willy/stretch_user/maps/testing_map.pgm
[controller_server-11] [INFO] [1775587329.763336858] [local_costmap.local_costmap]: 
[controller_server-11] 	local_costmap lifecycle node launched. 
[controller_server-11] 	Waiting on external lifecycle transitions to activate
[controller_server-11] 	See https://design.ros2.org/articles/node_lifecycle.html for more information.
[controller_server-11] [INFO] [1775587329.764638467] [local_costmap.local_costmap]: Creating Costmap
[map_server-8] [INFO] [1775587329.779734119] [map_io]: Read map /home/willy/stretch_user/maps/testing_map.pgm: 416 X 249 map @ 0.05 m/cell
[lifecycle_manager-16] [INFO] [1775587329.783444939] [lifecycle_manager_navigation]: Creating
[lifecycle_manager-10] [INFO] [1775587329.785855835] [lifecycle_manager_localization]: [34m[1mConfiguring amcl[0m[0m
[amcl-9] [INFO] [1775587329.786123104] [amcl]: Configuring
[amcl-9] [INFO] [1775587329.786225455] [amcl]: initTransforms
[lifecycle_manager-16] [INFO] [1775587329.786252287] [lifecycle_manager_navigation]: [34m[1mCreating and initializing lifecycle service clients[0m[0m
Nav2 is up!
Waiting for AMCL...
[amcl-9] [INFO] [1775587329.795750488] [amcl]: initPubSub
[amcl-9] [INFO] [1775587329.798780899] [amcl]: Subscribed to map topic.
[lifecycle_manager-10] [INFO] [1775587329.802491382] [lifecycle_manager_localization]: [34m[1mActivating map_server[0m[0m
[map_server-8] [INFO] [1775587329.802773758] [map_server]: Activating
[map_server-8] [INFO] [1775587329.803090637] [map_server]: Creating bond (map_server) to lifecycle manager.
[amcl-9] [INFO] [1775587329.803393717] [amcl]: Received a 416 X 249 map @ 0.050 m/pix
[lifecycle_manager-16] [INFO] [1775587329.806498201] [lifecycle_manager_navigation]: [34m[1mStarting managed nodes bringup...[0m[0m
[lifecycle_manager-16] [INFO] [1775587329.806590969] [lifecycle_manager_navigation]: [34m[1mConfiguring controller_server[0m[0m
[controller_server-11] [INFO] [1775587329.807558557] [controller_server]: Configuring controller interface
[controller_server-11] [INFO] [1775587329.807766090] [controller_server]: getting goal checker plugins..
[controller_server-11] [INFO] [1775587329.807916080] [controller_server]: Controller frequency set to 20.0000Hz
[controller_server-11] [INFO] [1775587329.807962966] [local_costmap.local_costmap]: Configuring
[controller_server-11] [INFO] [1775587329.811996456] [local_costmap.local_costmap]: Using plugin "obstacle_layer"
[controller_server-11] [INFO] [1775587329.816096383] [local_costmap.local_costmap]: Subscribed to Topics: scan
[controller_server-11] [INFO] [1775587329.818943519] [local_costmap.local_costmap]: Initialized plugin "obstacle_layer"
[controller_server-11] [INFO] [1775587329.819014242] [local_costmap.local_costmap]: Using plugin "voxel_layer"
[controller_server-11] [INFO] [1775587329.819785145] [local_costmap.local_costmap]: Subscribed to Topics: scan
[controller_server-11] [INFO] [1775587329.822938625] [local_costmap.local_costmap]: Initialized plugin "voxel_layer"
[controller_server-11] [INFO] [1775587329.822991581] [local_costmap.local_costmap]: Using plugin "inflation_layer"
[controller_server-11] [INFO] [1775587329.823808495] [local_costmap.local_costmap]: Initialized plugin "inflation_layer"
[controller_server-11] [INFO] [1775587329.830654095] [controller_server]: Created progress_checker : progress_checker of type nav2_controller::SimpleProgressChecker
[controller_server-11] [INFO] [1775587329.832481705] [controller_server]: Created goal checker : general_goal_checker of type nav2_controller::SimpleGoalChecker
[controller_server-11] [INFO] [1775587329.832849737] [controller_server]: Controller Server has general_goal_checker  goal checkers available.
[controller_server-11] [INFO] [1775587329.836203717] [controller_server]: Created controller : FollowPath of type dwb_core::DWBLocalPlanner
[controller_server-11] [INFO] [1775587329.840772855] [controller_server]: Setting transform_tolerance to 0.200000
[controller_server-11] [INFO] [1775587329.856283226] [controller_server]: Using critic "RotateToGoal" (dwb_critics::RotateToGoalCritic)
[controller_server-11] [INFO] [1775587329.860043240] [controller_server]: Critic plugin initialized
[controller_server-11] [INFO] [1775587329.860674495] [controller_server]: Using critic "Oscillation" (dwb_critics::OscillationCritic)
[controller_server-11] [INFO] [1775587329.862851394] [controller_server]: Critic plugin initialized
[controller_server-11] [INFO] [1775587329.863529852] [controller_server]: Using critic "BaseObstacle" (dwb_critics::BaseObstacleCritic)
[controller_server-11] [INFO] [1775587329.864432760] [controller_server]: Critic plugin initialized
[controller_server-11] [INFO] [1775587329.864982372] [controller_server]: Using critic "GoalAlign" (dwb_critics::GoalAlignCritic)
[controller_server-11] [INFO] [1775587329.866427357] [controller_server]: Critic plugin initialized
[controller_server-11] [INFO] [1775587329.866968167] [controller_server]: Using critic "PathAlign" (dwb_critics::PathAlignCritic)
[controller_server-11] [INFO] [1775587329.868265263] [controller_server]: Critic plugin initialized
[controller_server-11] [INFO] [1775587329.868846710] [controller_server]: Using critic "PathDist" (dwb_critics::PathDistCritic)
[controller_server-11] [INFO] [1775587329.869822279] [controller_server]: Critic plugin initialized
[controller_server-11] [INFO] [1775587329.870258403] [controller_server]: Using critic "GoalDist" (dwb_critics::GoalDistCritic)
[controller_server-11] [INFO] [1775587329.871269263] [controller_server]: Critic plugin initialized
[controller_server-11] [INFO] [1775587329.871444331] [controller_server]: Using critic "PreferForward" (dwb_critics::PreferForwardCritic)
[controller_server-11] [INFO] [1775587329.871938964] [controller_server]: Critic plugin initialized
[controller_server-11] [INFO] [1775587329.871960695] [controller_server]: Controller Server has FollowPath  controllers available.
[lifecycle_manager-16] [INFO] [1775587329.879170440] [lifecycle_manager_navigation]: [34m[1mConfiguring planner_server[0m[0m
[planner_server-12] [INFO] [1775587329.879483766] [planner_server]: Configuring
[planner_server-12] [INFO] [1775587329.879531099] [global_costmap.global_costmap]: Configuring
[planner_server-12] [INFO] [1775587329.886958851] [global_costmap.global_costmap]: Using plugin "static_layer"
[sllidar_node-4] [INFO] [1775587329.889464603] [sllidar_node]: current scan mode: Boost, sample rate: 8 Khz, max_distance: 12.0 m, scan frequency:10.0 Hz, 
[planner_server-12] [INFO] [1775587329.894770562] [global_costmap.global_costmap]: Subscribing to the map topic (/map) with transient local durability
[planner_server-12] [INFO] [1775587329.896080365] [global_costmap.global_costmap]: Initialized plugin "static_layer"
[planner_server-12] [INFO] [1775587329.896117124] [global_costmap.global_costmap]: Using plugin "obstacle_layer"
[planner_server-12] [INFO] [1775587329.899783926] [global_costmap.global_costmap]: Subscribed to Topics: scan
[planner_server-12] [INFO] [1775587329.907173227] [global_costmap.global_costmap]: Initialized plugin "obstacle_layer"
[planner_server-12] [INFO] [1775587329.907475453] [global_costmap.global_costmap]: Using plugin "voxel_layer"
[lifecycle_manager-10] [INFO] [1775587329.907221956] [lifecycle_manager_localization]: Server map_server connected with bond.
[lifecycle_manager-10] [INFO] [1775587329.907266984] [lifecycle_manager_localization]: [34m[1mActivating amcl[0m[0m
[amcl-9] [INFO] [1775587329.907527200] [amcl]: Activating
[amcl-9] [INFO] [1775587329.907568591] [amcl]: Creating bond (amcl) to lifecycle manager.
[planner_server-12] [INFO] [1775587329.912062716] [global_costmap.global_costmap]: Subscribed to Topics: scan
[planner_server-12] [INFO] [1775587329.924981353] [global_costmap.global_costmap]: Initialized plugin "voxel_layer"
[planner_server-12] [INFO] [1775587329.925042560] [global_costmap.global_costmap]: Using plugin "inflation_layer"
[planner_server-12] [INFO] [1775587329.928262074] [global_costmap.global_costmap]: Initialized plugin "inflation_layer"
[planner_server-12] [INFO] [1775587329.940188095] [global_costmap.global_costmap]: StaticLayer: Resizing costmap to 416 X 249 at 0.050000 m/pix
[planner_server-12] [INFO] [1775587329.945543878] [planner_server]: Created global planner plugin GridBased of type nav2_navfn_planner/NavfnPlanner
[planner_server-12] [INFO] [1775587329.945601085] [planner_server]: Configuring plugin GridBased of type NavfnPlanner
[planner_server-12] [INFO] [1775587329.946060902] [planner_server]: Planner Server has GridBased  planners available.
[lifecycle_manager-16] [INFO] [1775587329.977607382] [lifecycle_manager_navigation]: [34m[1mConfiguring behavior_server[0m[0m
[behavior_server-13] [INFO] [1775587329.978594749] [behavior_server]: Configuring
[behavior_server-13] [INFO] [1775587329.994223393] [behavior_server]: Creating behavior plugin spin of type nav2_behaviors/Spin
[behavior_server-13] [INFO] [1775587329.995267623] [behavior_server]: Configuring spin
[lifecycle_manager-10] [INFO] [1775587330.012587636] [lifecycle_manager_localization]: Server amcl connected with bond.
[lifecycle_manager-10] [INFO] [1775587330.012641183] [lifecycle_manager_localization]: [34m[1mManaged nodes are active[0m[0m
[lifecycle_manager-10] [INFO] [1775587330.012662707] [lifecycle_manager_localization]: [34m[1mCreating bond timer...[0m[0m
[behavior_server-13] [INFO] [1775587330.013850224] [behavior_server]: Creating behavior plugin backup of type nav2_behaviors/BackUp
[behavior_server-13] [INFO] [1775587330.014974679] [behavior_server]: Configuring backup
[behavior_server-13] [INFO] [1775587330.027191485] [behavior_server]: Creating behavior plugin drive_on_heading of type nav2_behaviors/DriveOnHeading
[behavior_server-13] [INFO] [1775587330.028208987] [behavior_server]: Configuring drive_on_heading
[behavior_server-13] [INFO] [1775587330.042640332] [behavior_server]: Creating behavior plugin assisted_teleop of type nav2_behaviors/AssistedTeleop
[behavior_server-13] [INFO] [1775587330.044596702] [behavior_server]: Configuring assisted_teleop
[behavior_server-13] [INFO] [1775587330.052686300] [behavior_server]: Creating behavior plugin wait of type nav2_behaviors/Wait
[behavior_server-13] [INFO] [1775587330.053841928] [behavior_server]: Configuring wait
[lifecycle_manager-16] [INFO] [1775587330.057171199] [lifecycle_manager_navigation]: [34m[1mConfiguring bt_navigator[0m[0m
[bt_navigator-14] [INFO] [1775587330.057519313] [bt_navigator]: Configuring
[lifecycle_manager-16] [INFO] [1775587330.105756776] [lifecycle_manager_navigation]: [34m[1mConfiguring waypoint_follower[0m[0m
[waypoint_follower-15] [INFO] [1775587330.105981235] [waypoint_follower]: Configuring
[waypoint_follower-15] [INFO] [1775587330.112848553] [waypoint_follower]: Created waypoint_task_executor : wait_at_waypoint of type nav2_waypoint_follower::WaitAtWaypoint
[lifecycle_manager-16] [INFO] [1775587330.113687265] [lifecycle_manager_navigation]: [34m[1mActivating controller_server[0m[0m
[controller_server-11] [INFO] [1775587330.113944999] [controller_server]: Activating
[controller_server-11] [INFO] [1775587330.114005389] [local_costmap.local_costmap]: Activating
[controller_server-11] [INFO] [1775587330.114029414] [local_costmap.local_costmap]: Checking transform
[controller_server-11] [INFO] [1775587330.114105305] [local_costmap.local_costmap]: Timed out waiting for transform from base_link to odom to become available, tf error: Invalid frame ID "odom" passed to canTransform argument target_frame - frame does not exist
[INFO] [1775587330.390584259] [object_grasper]: object_grasper started
[joy_node-6] [INFO] [1775587330.401522436] [joy_node]: Opened joystick: Controller 1.05.  deadzone: 0.050000
[controller_server-11] [INFO] [1775587330.614275689] [local_costmap.local_costmap]: Timed out waiting for transform from base_link to odom to become available, tf error: Invalid frame ID "odom" passed to canTransform argument target_frame - frame does not exist
[scan_to_scan_filter_chain-5] [WARN] [1775587330.717036186] [laser_filter]: diagnostic_updater: No HW_ID was set. This is probably a bug. Please report it. For devices that do not have a HW_ID, set this value to 'none'. This warning only occurs once all diagnostics are OK. It is okay to wait until the device is open before calling setHardwareID.
[stretch_driver-3] [0m[INFO] [1775587330.925572958] [stretch_driver]: For use with S T R E T C H (TM) RESEARCH EDITION from Hello Robot Inc.[0m
[stretch_driver-3] [0m[INFO] [1775587330.925783910] [stretch_driver]: stretch_driver started[0m
[controller_server-11] [INFO] [1775587331.114273136] [local_costmap.local_costmap]: Timed out waiting for transform from base_link to odom to become available, tf error: Invalid frame ID "odom" passed to canTransform argument target_frame - frame does not exist
[INFO] [1775587331.267097381] [rviz2]: Stereo is NOT SUPPORTED
[INFO] [1775587331.267160755] [rviz2]: OpenGl version: 4.5 (GLSL 4.5)
[INFO] [1775587331.472203006] [rviz2]: Stereo is NOT SUPPORTED
[controller_server-11] [INFO] [1775587331.614282085] [local_costmap.local_costmap]: Timed out waiting for transform from base_link to odom to become available, tf error: Invalid frame ID "odom" passed to canTransform argument target_frame - frame does not exist
[stretch_driver-3] Key mapped to End-Of-Arm Tool: tool_stretch_dex_wrist
[stretch_driver-3] Unable to load URDF: /home/willy/.local/lib/python3.10/site-packages/stretch_urdf/RE2V0/stretch_description_RE2V0_tool_stretch_dex_wrist.urdf. Disabling collision system.
[rviz2-17] [INFO] [1775587331.779619839] [rviz2]: Stereo is NOT SUPPORTED
[rviz2-17] [INFO] [1775587331.779684603] [rviz2]: OpenGl version: 4.5 (GLSL 4.5)
[controller_server-11] [INFO] [1775587332.114297002] [local_costmap.local_costmap]: Timed out waiting for transform from base_link to odom to become available, tf error: Invalid frame ID "odom" passed to canTransform argument target_frame - frame does not exist
[amcl-9] [INFO] [1775587332.372456449] [amcl]: Message Filter dropping message: frame 'laser' at time 1775587329.890 for reason 'the timestamp on the message is earlier than all the data in the transform cache'
[rviz2-17] [INFO] [1775587332.589113973] [rviz2]: Stereo is NOT SUPPORTED
[controller_server-11] [INFO] [1775587332.614159270] [local_costmap.local_costmap]: Timed out waiting for transform from base_link to odom to become available, tf error: Invalid frame ID "odom" passed to canTransform argument target_frame - frame does not exist
[amcl-9] [WARN] [1775587332.677111697] [amcl]: New subscription discovered on topic '/particle_cloud', requesting incompatible QoS. No messages will be sent to it. Last incompatible policy: RELIABILITY_QOS_POLICY
[stretch_driver-3] [0m[INFO] [1775587332.681771562] [stretch_driver]: broadcast_odom_tf = True[0m
[stretch_driver-3] [0m[INFO] [1775587332.711525240] [stretch_driver]: rate = 30.0 Hz[0m
[stretch_driver-3] [0m[INFO] [1775587332.712039699] [stretch_driver]: twist timeout = 0.5 s[0m
[stretch_driver-3] [0m[INFO] [1775587332.712563310] [stretch_driver]: base_frame_id = base_link[0m
[stretch_driver-3] [0m[INFO] [1775587332.713664891] [stretch_driver]: odom_frame_id = odom[0m
[stretch_driver-3] [0m[INFO] [1775587332.789284548] [stretch_driver]: Changed to mode = navigation[0m
[INFO] [1775587332.860947992] [aruco_base_frame_estimator]: Node aruco_base_frame_estimator connected to /home_the_robot service.
[INFO] [1775587332.862152294] [aruco_base_frame_estimator]: Node aruco_base_frame_estimator connected to /stow_the_robot service.
[INFO] [1775587332.863223509] [aruco_base_frame_estimator]: Node aruco_base_frame_estimator connected to /stop_the_robot service.
[INFO] [1775587332.864302616] [aruco_base_frame_estimator]: Node aruco_base_frame_estimator connected to /switch_to_trajectory_mode service.
[INFO] [1775587332.865413508] [aruco_base_frame_estimator]: Node aruco_base_frame_estimator connected to /switch_to_position_mode service.
[INFO] [1775587332.866532971] [aruco_base_frame_estimator]: Node aruco_base_frame_estimator connected to /switch_to_navigation_mode service.
[INFO] [1775587332.866987438] [aruco_base_frame_estimator]: Moving head camera to detection orientation...
[WARN] [1775587332.869169650] [aruco_base_frame_estimator]: Currently in navigation mode. Recommend switching either to position or trajectory mode
[WARN] [1775587332.869495630] [aruco_base_frame_estimator]: Commanding joint trajectory server in position mode
[stretch_driver-3] [0m[INFO] [1775587332.874161351] [stretch_driver]: Received goal request[0m
[stretch_driver-3] [0m[INFO] [1775587332.880519577] [stretch_driver]: stretch_driver joint_traj action: New trajectory received with joint_names = ['joint_head_pan', 'joint_head_tilt'][0m
[INFO] [1775587332.969373600] [object_grasper]: Node object_grasper connected to /home_the_robot service.
[INFO] [1775587332.971262762] [object_grasper]: Node object_grasper connected to /stow_the_robot service.
[INFO] [1775587332.972507742] [object_grasper]: Node object_grasper connected to /stop_the_robot service.
[INFO] [1775587332.973734989] [object_grasper]: Node object_grasper connected to /switch_to_trajectory_mode service.
[INFO] [1775587332.975064475] [object_grasper]: Node object_grasper connected to /switch_to_position_mode service.
[INFO] [1775587332.978201706] [object_grasper]: Node object_grasper connected to /switch_to_navigation_mode service.
/home/willy/.local/lib/python3.10/site-packages/ikpy/urdf/URDF.py:261: UserWarning: Joint joint_mast is of type: fixed, but has an 'axis' attribute defined. This is not in the URDF spec and thus this axis is ignored
  warnings.warn("Joint {} is of type: fixed, but has an 'axis' attribute defined. This is not in the URDF spec and thus this axis is ignored".format(joint.attrib["name"]))
[amcl-9] [INFO] [1775587333.103828196] [amcl]: createLaserObject
/home/willy/.local/lib/python3.10/site-packages/ikpy/urdf/URDF.py:261: UserWarning: Joint joint_arm_l4 is of type: fixed, but has an 'axis' attribute defined. This is not in the URDF spec and thus this axis is ignored
  warnings.warn("Joint {} is of type: fixed, but has an 'axis' attribute defined. This is not in the URDF spec and thus this axis is ignored".format(joint.attrib["name"]))
[controller_server-11] [INFO] [1775587333.114273358] [local_costmap.local_costmap]: start
[amcl-9] [WARN] [1775587333.128215516] [amcl]: AMCL cannot publish a pose or update the transform. Please set the initial pose...
/home/willy/.local/lib/python3.10/site-packages/ikpy/urdf/URDF.py:261: UserWarning: Joint joint_wrist_yaw_bottom is of type: fixed, but has an 'axis' attribute defined. This is not in the URDF spec and thus this axis is ignored
  warnings.warn("Joint {} is of type: fixed, but has an 'axis' attribute defined. This is not in the URDF spec and thus this axis is ignored".format(joint.attrib["name"]))
[rviz2-17] [INFO] [1775587333.163992617] [rviz2]: Trying to create a map of size 416 x 249 using 1 swatches
/home/willy/.local/lib/python3.10/site-packages/ikpy/urdf/URDF.py:261: UserWarning: Joint joint_gripper_s3_body is of type: fixed, but has an 'axis' attribute defined. This is not in the URDF spec and thus this axis is ignored
  warnings.warn("Joint {} is of type: fixed, but has an 'axis' attribute defined. This is not in the URDF spec and thus this axis is ignored".format(joint.attrib["name"]))
/home/willy/.local/lib/python3.10/site-packages/ikpy/urdf/URDF.py:261: UserWarning: Joint joint_grasp_center is of type: fixed, but has an 'axis' attribute defined. This is not in the URDF spec and thus this axis is ignored
  warnings.warn("Joint {} is of type: fixed, but has an 'axis' attribute defined. This is not in the URDF spec and thus this axis is ignored".format(joint.attrib["name"]))
/home/willy/.local/lib/python3.10/site-packages/ikpy/chain.py:60: UserWarning: Link Base link (index: 0) is of type 'fixed' but set as active in the active_links_mask. In practice, this fixed link doesn't provide any transformation so is as it were inactive
  warnings.warn("Link {} (index: {}) is of type 'fixed' but set as active in the active_links_mask. In practice, this fixed link doesn't provide any transformation so is as it were inactive".format(link.name, link_index))
/home/willy/.local/lib/python3.10/site-packages/ikpy/chain.py:60: UserWarning: Link joint_mast (index: 2) is of type 'fixed' but set as active in the active_links_mask. In practice, this fixed link doesn't provide any transformation so is as it were inactive
  warnings.warn("Link {} (index: {}) is of type 'fixed' but set as active in the active_links_mask. In practice, this fixed link doesn't provide any transformation so is as it were inactive".format(link.name, link_index))
/home/willy/.local/lib/python3.10/site-packages/ikpy/chain.py:60: UserWarning: Link joint_arm_l4 (index: 4) is of type 'fixed' but set as active in the active_links_mask. In practice, this fixed link doesn't provide any transformation so is as it were inactive
  warnings.warn("Link {} (index: {}) is of type 'fixed' but set as active in the active_links_mask. In practice, this fixed link doesn't provide any transformation so is as it were inactive".format(link.name, link_index))
/home/willy/.local/lib/python3.10/site-packages/ikpy/chain.py:60: UserWarning: Link joint_wrist_yaw_bottom (index: 10) is of type 'fixed' but set as active in the active_links_mask. In practice, this fixed link doesn't provide any transformation so is as it were inactive
  warnings.warn("Link {} (index: {}) is of type 'fixed' but set as active in the active_links_mask. In practice, this fixed link doesn't provide any transformation so is as it were inactive".format(link.name, link_index))
/home/willy/.local/lib/python3.10/site-packages/ikpy/chain.py:60: UserWarning: Link joint_gripper_s3_body (index: 13) is of type 'fixed' but set as active in the active_links_mask. In practice, this fixed link doesn't provide any transformation so is as it were inactive
  warnings.warn("Link {} (index: {}) is of type 'fixed' but set as active in the active_links_mask. In practice, this fixed link doesn't provide any transformation so is as it were inactive".format(link.name, link_index))
/home/willy/.local/lib/python3.10/site-packages/ikpy/chain.py:60: UserWarning: Link joint_grasp_center (index: 14) is of type 'fixed' but set as active in the active_links_mask. In practice, this fixed link doesn't provide any transformation so is as it were inactive
  warnings.warn("Link {} (index: {}) is of type 'fixed' but set as active in the active_links_mask. In practice, this fixed link doesn't provide any transformation so is as it were inactive".format(link.name, link_index))
[INFO] [1775587333.199528287] [object_grasper]: ============================================================
[INFO] [1775587333.199790829] [object_grasper]: ObjectGrasper ready — waiting for ArUco detections
[INFO] [1775587333.199992647] [object_grasper]: Listening on: /aruco/target_base_link
[INFO] [1775587333.200262718] [object_grasper]: Call service: ros2 service call /grasp_object std_srvs/srv/Trigger {}
[INFO] [1775587333.200488607] [object_grasper]: ============================================================
[rviz2-17] [ERROR] [1775587333.204969990] [rviz2]: Vertex Program:rviz/glsl120/indexed_8bit_image.vert Fragment Program:rviz/glsl120/indexed_8bit_image.frag GLSL link result : 
[rviz2-17] active samplers with a different type refer to the same texture image unit
[controller_server-11] [INFO] [1775587333.315475215] [controller_server]: Creating bond (controller_server) to lifecycle manager.
[lifecycle_manager-16] [INFO] [1775587333.419670167] [lifecycle_manager_navigation]: Server controller_server connected with bond.
[lifecycle_manager-16] [INFO] [1775587333.419726245] [lifecycle_manager_navigation]: [34m[1mActivating planner_server[0m[0m
[planner_server-12] [INFO] [1775587333.420004934] [planner_server]: Activating
[planner_server-12] [INFO] [1775587333.420057569] [global_costmap.global_costmap]: Activating
[planner_server-12] [INFO] [1775587333.420077063] [global_costmap.global_costmap]: Checking transform
[planner_server-12] [INFO] [1775587333.420108734] [global_costmap.global_costmap]: Timed out waiting for transform from base_link to map to become available, tf error: Invalid frame ID "map" passed to canTransform argument target_frame - frame does not exist
[stretch_driver-3] -------------------------------------------
[stretch_driver-3] Finished goal
[stretch_driver-3] [0m[INFO] [1775587333.708207854] [stretch_driver]: stretch_driver joint_traj action: Achieved all target points.[0m
[INFO] [1775587333.710072688] [aruco_base_frame_estimator]: Head camera at detection pose — starting ArUco detection.
[INFO] [1775587333.717157522] [aruco_base_frame_estimator]: Waiting for camera TF (base_link -> camera_color_optical_frame)...
[INFO] [1775587333.746242249] [aruco_base_frame_estimator]: Camera pose acquired:
[INFO] [1775587333.746841014] [aruco_base_frame_estimator]:   Position  : X=+0.0103  Y=-0.0516  Z=+1.2865  (m)
[INFO] [1775587333.747285360] [aruco_base_frame_estimator]:   RPY (deg) : R=-179.12  P=+59.12  Y=+94.67
[INFO] [1775587333.751650993] [aruco_base_frame_estimator]: ============================================================
[INFO] [1775587333.751976325] [aruco_base_frame_estimator]: ArUco Base Frame Estimator Started
[INFO] [1775587333.752237680] [aruco_base_frame_estimator]: Target Marker ID: 202
[INFO] [1775587333.752501388] [aruco_base_frame_estimator]: Marker size: 2.8 cm
[INFO] [1775587333.752742974] [aruco_base_frame_estimator]: Marker offset (cam frame): X=0.0  Y=0.0  Z=0.0
[INFO] [1775587333.752971079] [aruco_base_frame_estimator]: Publishing target on: /aruco/target_base_link
[INFO] [1775587333.753198638] [aruco_base_frame_estimator]: ============================================================
[planner_server-12] [INFO] [1775587333.920204267] [global_costmap.global_costmap]: Timed out waiting for transform from base_link to map to become available, tf error: Invalid frame ID "map" passed to canTransform argument target_frame - frame does not exist
[planner_server-12] [INFO] [1775587334.420168728] [global_costmap.global_costmap]: Timed out waiting for transform from base_link to map to become available, tf error: Invalid frame ID "map" passed to canTransform argument target_frame - frame does not exist
[planner_server-12] [INFO] [1775587334.920159049] [global_costmap.global_costmap]: Timed out waiting for transform from base_link to map to become available, tf error: Invalid frame ID "map" passed to canTransform argument target_frame - frame does not exist
[amcl-9] [WARN] [1775587335.130070967] [amcl]: AMCL cannot publish a pose or update the transform. Please set the initial pose...
[planner_server-12] [INFO] [1775587335.420197772] [global_costmap.global_costmap]: Timed out waiting for transform from base_link to map to become available, tf error: Invalid frame ID "map" passed to canTransform argument target_frame - frame does not exist
[realsense2_camera_node-1] [0m[INFO] [1775587335.466089706] [camera]: Device with serial number 239722071445 was found.
[realsense2_camera_node-1] [0m
[realsense2_camera_node-1] [0m[INFO] [1775587335.466143591] [camera]: Device with physical ID /sys/devices/pci0000:00/0000:00:0d.0/usb2/2-1/2-1:1.0/video4linux/video0 was found.[0m
[realsense2_camera_node-1] [0m[INFO] [1775587335.466152706] [camera]: Device with name Intel RealSense D435I was found.[0m
[realsense2_camera_node-1] [0m[INFO] [1775587335.466285719] [camera]: Device with port number 2-1 was found.[0m
[realsense2_camera_node-1] [0m[INFO] [1775587335.466296381] [camera]: Device USB type: 3.2[0m
[realsense2_camera_node-1] [0m[INFO] [1775587335.466359084] [camera]: getParameters...[0m
[realsense2_camera_node-1] [0m[INFO] [1775587335.828447675] [camera]: JSON file is loaded! (/home/willy/ament_ws/install/stretch_core/share/stretch_core/config/HighAccuracyPreset.json)[0m
[realsense2_camera_node-1] [0m[INFO] [1775587335.828565315] [camera]: Device Name: Intel RealSense D435I[0m
[realsense2_camera_node-1] [0m[INFO] [1775587335.828599115] [camera]: Device Serial No: 239722071445[0m
[realsense2_camera_node-1] [0m[INFO] [1775587335.828626850] [camera]: Device physical port: /sys/devices/pci0000:00/0000:00:0d.0/usb2/2-1/2-1:1.0/video4linux/video0[0m
[realsense2_camera_node-1] [0m[INFO] [1775587335.828656429] [camera]: Device FW version: 5.16.0.1[0m
[realsense2_camera_node-1] [0m[INFO] [1775587335.828684538] [camera]: Device Product ID: 0x0B3A[0m
[realsense2_camera_node-1] [0m[INFO] [1775587335.828711016] [camera]: Sync Mode: On[0m
[rviz2-17] [INFO] [1775587335.836224126] [rviz]: Message Filter dropping message: frame 'laser' at time 1775587332.674 for reason 'discarding message because the queue is full'
[planner_server-12] [INFO] [1775587335.920160391] [global_costmap.global_costmap]: Timed out waiting for transform from base_link to map to become available, tf error: Invalid frame ID "map" passed to canTransform argument target_frame - frame does not exist
[realsense2_camera_node-1] [33m[WARN] [1775587335.937036207] [camera]: re-enable the stream for the change to take effect.[0m
[realsense2_camera_node-1] [33m[WARN] [1775587335.937830390] [camera]: re-enable the stream for the change to take effect.[0m
[realsense2_camera_node-1] [33m[WARN] [1775587335.944686415] [camera]: re-enable the stream for the change to take effect.[0m
[realsense2_camera_node-1] [31m[ERROR] [1775587335.945967261] [camera]: Given value, 63 is invalid. Set ROS param back to: 100[0m
[realsense2_camera_node-1] [0m[INFO] [1775587335.962830297] [camera]: Stopping Sensor: Depth Module[0m
[realsense2_camera_node-1] [0m[INFO] [1775587335.963007983] [camera]: Stopping Sensor: RGB Camera[0m
[realsense2_camera_node-1] [0m[INFO] [1775587335.963072590] [camera]: Stopping Sensor: Motion Module[0m
[realsense2_camera_node-1] [0m[INFO] [1775587335.978118774] [camera]: Starting Sensor: Depth Module[0m
[realsense2_camera_node-1] [0m[INFO] [1775587335.981163078] [camera]: Open profile: stream_type: Depth(0), Format: Z16, Width: 1280, Height: 720, FPS: 15[0m
[realsense2_camera_node-1] [0m[INFO] [1775587335.987316095] [camera]: Starting Sensor: RGB Camera[0m
[realsense2_camera_node-1] [0m[INFO] [1775587335.991243571] [camera]: Open profile: stream_type: Color(0), Format: RGB8, Width: 1280, Height: 720, FPS: 15[0m
[rviz2-17] [INFO] [1775587335.996893644] [rviz]: Message Filter dropping message: frame 'odom' at time 1775587333.290 for reason 'discarding message because the queue is full'
[realsense2_camera_node-1] [0m[INFO] [1775587336.017351421] [camera]: Starting Sensor: Motion Module[0m
[realsense2_camera_node-1] [0m[INFO] [1775587336.019004653] [camera]: Open profile: stream_type: Accel(0)Format: MOTION_XYZ32F, FPS: 100[0m
[realsense2_camera_node-1] [0m[INFO] [1775587336.019041962] [camera]: Open profile: stream_type: Gyro(0)Format: MOTION_XYZ32F, FPS: 200[0m
[realsense2_camera_node-1] [0m[INFO] [1775587336.020862626] [camera]: RealSense Node Is Up![0m
[planner_server-12] [INFO] [1775587336.420191967] [global_costmap.global_costmap]: Timed out waiting for transform from base_link to map to become available, tf error: Invalid frame ID "map" passed to canTransform argument target_frame - frame does not exist
[INFO] [1775587336.808021432] [aruco_base_frame_estimator]: Saved: base_detections/frame_1775587336.jpg
[planner_server-12] [INFO] [1775587336.920371377] [global_costmap.global_costmap]: Timed out waiting for transform from base_link to map to become available, tf error: Invalid frame ID "map" passed to canTransform argument target_frame - frame does not exist
[realsense2_camera_node-1] [33m[WARN] [1775587336.978686369] [camera]: XXX Hardware Notification:Motion Module failure,1.77559e+12,Error,Hardware Error[0m
[realsense2_camera_node-1] [33m[WARN] [1775587336.978773218] [camera]: Hardware Notification:Motion Module failure,1.77559e+12,Error,Hardware Error[0m
[amcl-9] [WARN] [1775587337.169082421] [amcl]: AMCL cannot publish a pose or update the transform. Please set the initial pose...
[planner_server-12] [INFO] [1775587337.420183617] [global_costmap.global_costmap]: Timed out waiting for transform from base_link to map to become available, tf error: Invalid frame ID "map" passed to canTransform argument target_frame - frame does not exist
[planner_server-12] [INFO] [1775587337.920173302] [global_costmap.global_costmap]: Timed out waiting for transform from base_link to map to become available, tf error: Invalid frame ID "map" passed to canTransform argument target_frame - frame does not exist
[planner_server-12] [INFO] [1775587338.420186588] [global_costmap.global_costmap]: Timed out waiting for transform from base_link to map to become available, tf error: Invalid frame ID "map" passed to canTransform argument target_frame - frame does not exist
[rviz2-17] [INFO] [1775587338.449138011] [rviz]: Message Filter dropping message: frame 'laser' at time 1775587335.573 for reason 'discarding message because the queue is full'
[rviz2-17] [INFO] [1775587338.561454725] [rviz]: Message Filter dropping message: frame 'odom' at time 1775587336.091 for reason 'discarding message because the queue is full'
[planner_server-12] [INFO] [1775587338.920225203] [global_costmap.global_costmap]: Timed out waiting for transform from base_link to map to become available, tf error: Invalid frame ID "map" passed to canTransform argument target_frame - frame does not exist
[amcl-9] [WARN] [1775587339.196016065] [amcl]: AMCL cannot publish a pose or update the transform. Please set the initial pose...
[planner_server-12] [INFO] [1775587339.420223217] [global_costmap.global_costmap]: Timed out waiting for transform from base_link to map to become available, tf error: Invalid frame ID "map" passed to canTransform argument target_frame - frame does not exist
[INFO] [1775587339.807486652] [aruco_base_frame_estimator]: Saved: base_detections/frame_1775587339.jpg
[planner_server-12] [INFO] [1775587339.920192622] [global_costmap.global_costmap]: Timed out waiting for transform from base_link to map to become available, tf error: Invalid frame ID "map" passed to canTransform argument target_frame - frame does not exist
[rviz2-17] [INFO] [1775587340.150197916] [rviz]: Message Filter dropping message: frame 'odom' at time 1775587333.915 for reason 'discarding message because the queue is full'
[planner_server-12] [INFO] [1775587340.420188728] [global_costmap.global_costmap]: Timed out waiting for transform from base_link to map to become available, tf error: Invalid frame ID "map" passed to canTransform argument target_frame - frame does not exist
[planner_server-12] [INFO] [1775587340.920170036] [global_costmap.global_costmap]: Timed out waiting for transform from base_link to map to become available, tf error: Invalid frame ID "map" passed to canTransform argument target_frame - frame does not exist
[rviz2-17] [INFO] [1775587341.010374927] [rviz]: Message Filter dropping message: frame 'laser' at time 1775587338.324 for reason 'discarding message because the queue is full'
[rviz2-17] [INFO] [1775587341.152218778] [rviz]: Message Filter dropping message: frame 'odom' at time 1775587338.891 for reason 'discarding message because the queue is full'
[amcl-9] [WARN] [1775587341.222072682] [amcl]: AMCL cannot publish a pose or update the transform. Please set the initial pose...
[planner_server-12] [INFO] [1775587341.420163724] [global_costmap.global_costmap]: Timed out waiting for transform from base_link to map to become available, tf error: Invalid frame ID "map" passed to canTransform argument target_frame - frame does not exist
[planner_server-12] [INFO] [1775587341.920195210] [global_costmap.global_costmap]: Timed out waiting for transform from base_link to map to become available, tf error: Invalid frame ID "map" passed to canTransform argument target_frame - frame does not exist
[planner_server-12] [INFO] [1775587342.420166429] [global_costmap.global_costmap]: Timed out waiting for transform from base_link to map to become available, tf error: Invalid frame ID "map" passed to canTransform argument target_frame - frame does not exist
[INFO] [1775587342.819726164] [aruco_base_frame_estimator]: Saved: base_detections/frame_1775587342.jpg
[planner_server-12] [INFO] [1775587342.920194797] [global_costmap.global_costmap]: Timed out waiting for transform from base_link to map to become available, tf error: Invalid frame ID "map" passed to canTransform argument target_frame - frame does not exist
[rviz2-17] [INFO] [1775587343.049765739] [rviz]: Message Filter dropping message: frame 'odom' at time 1775587336.915 for reason 'discarding message because the queue is full'
[amcl-9] [WARN] [1775587343.248797711] [amcl]: AMCL cannot publish a pose or update the transform. Please set the initial pose...
[planner_server-12] [INFO] [1775587343.422335168] [global_costmap.global_costmap]: Timed out waiting for transform from base_link to map to become available, tf error: Invalid frame ID "map" passed to canTransform argument target_frame - frame does not exist
[rviz2-17] [INFO] [1775587343.651971904] [rviz]: Message Filter dropping message: frame 'laser' at time 1775587340.793 for reason 'discarding message because the queue is full'
[planner_server-12] [INFO] [1775587343.920164520] [global_costmap.global_costmap]: Timed out waiting for transform from base_link to map to become available, tf error: Invalid frame ID "map" passed to canTransform argument target_frame - frame does not exist
[rviz2-17] [INFO] [1775587343.943085537] [rviz]: Message Filter dropping message: frame 'odom' at time 1775587341.690 for reason 'discarding message because the queue is full'
[planner_server-12] [INFO] [1775587344.420159029] [global_costmap.global_costmap]: Timed out waiting for transform from base_link to map to become available, tf error: Invalid frame ID "map" passed to canTransform argument target_frame - frame does not exist
[planner_server-12] [INFO] [1775587344.920162271] [global_costmap.global_costmap]: Timed out waiting for transform from base_link to map to become available, tf error: Invalid frame ID "map" passed to canTransform argument target_frame - frame does not exist
[amcl-9] [WARN] [1775587345.250818077] [amcl]: AMCL cannot publish a pose or update the transform. Please set the initial pose...
[planner_server-12] [INFO] [1775587345.420156710] [global_costmap.global_costmap]: Timed out waiting for transform from base_link to map to become available, tf error: Invalid frame ID "map" passed to canTransform argument target_frame - frame does not exist
[INFO] [1775587345.893126750] [aruco_base_frame_estimator]: Saved: base_detections/frame_1775587345.jpg
[planner_server-12] [INFO] [1775587345.920112026] [global_costmap.global_costmap]: Timed out waiting for transform from base_link to map to become available, tf error: Invalid frame ID "map" passed to canTransform argument target_frame - frame does not exist
[rviz2-17] [INFO] [1775587346.059394473] [rviz]: Message Filter dropping message: frame 'odom' at time 1775587339.916 for reason 'discarding message because the queue is full'
[rviz2-17] [INFO] [1775587346.276188173] [rviz]: Message Filter dropping message: frame 'laser' at time 1775587343.679 for reason 'discarding message because the queue is full'
[planner_server-12] [INFO] [1775587346.420157614] [global_costmap.global_costmap]: Timed out waiting for transform from base_link to map to become available, tf error: Invalid frame ID "map" passed to canTransform argument target_frame - frame does not exist
[rviz2-17] [INFO] [1775587346.611949212] [rviz]: Message Filter dropping message: frame 'odom' at time 1775587344.490 for reason 'discarding message because the queue is full'
[planner_server-12] [INFO] [1775587346.920161202] [global_costmap.global_costmap]: Timed out waiting for transform from base_link to map to become available, tf error: Invalid frame ID "map" passed to canTransform argument target_frame - frame does not exist
[amcl-9] [WARN] [1775587347.265562102] [amcl]: AMCL cannot publish a pose or update the transform. Please set the initial pose...
[planner_server-12] [INFO] [1775587347.420162113] [global_costmap.global_costmap]: Timed out waiting for transform from base_link to map to become available, tf error: Invalid frame ID "map" passed to canTransform argument target_frame - frame does not exist
[planner_server-12] [INFO] [1775587347.920189650] [global_costmap.global_costmap]: Timed out waiting for transform from base_link to map to become available, tf error: Invalid frame ID "map" passed to canTransform argument target_frame - frame does not exist
[planner_server-12] [INFO] [1775587348.420160884] [global_costmap.global_costmap]: Timed out waiting for transform from base_link to map to become available, tf error: Invalid frame ID "map" passed to canTransform argument target_frame - frame does not exist
[planner_server-12] [INFO] [1775587348.920160280] [global_costmap.global_costmap]: Timed out waiting for transform from base_link to map to become available, tf error: Invalid frame ID "map" passed to canTransform argument target_frame - frame does not exist
[INFO] [1775587348.951722331] [aruco_base_frame_estimator]: Saved: base_detections/frame_1775587348.jpg
[amcl-9] [WARN] [1775587349.291703042] [amcl]: AMCL cannot publish a pose or update the transform. Please set the initial pose...
[rviz2-17] [INFO] [1775587349.308632238] [rviz]: Message Filter dropping message: frame 'laser' at time 1775587345.976 for reason 'discarding message because the queue is full'
[rviz2-17] [INFO] [1775587349.308776859] [rviz]: Message Filter dropping message: frame 'odom' at time 1775587346.690 for reason 'discarding message because the queue is full'
[rviz2-17] [INFO] [1775587349.308816560] [rviz]: Message Filter dropping message: frame 'odom' at time 1775587342.915 for reason 'discarding message because the queue is full'
[planner_server-12] [INFO] [1775587349.420160288] [global_costmap.global_costmap]: Timed out waiting for transform from base_link to map to become available, tf error: Invalid frame ID "map" passed to canTransform argument target_frame - frame does not exist
[planner_server-12] [INFO] [1775587349.920161113] [global_costmap.global_costmap]: Timed out waiting for transform from base_link to map to become available, tf error: Invalid frame ID "map" passed to canTransform argument target_frame - frame does not exist
[planner_server-12] [INFO] [1775587350.420156748] [global_costmap.global_costmap]: Timed out waiting for transform from base_link to map to become available, tf error: Invalid frame ID "map" passed to canTransform argument target_frame - frame does not exist
[planner_server-12] [INFO] [1775587350.920160924] [global_costmap.global_costmap]: Timed out waiting for transform from base_link to map to become available, tf error: Invalid frame ID "map" passed to canTransform argument target_frame - frame does not exist
[amcl-9] [WARN] [1775587351.318208455] [amcl]: AMCL cannot publish a pose or update the transform. Please set the initial pose...
[planner_server-12] [INFO] [1775587351.420157616] [global_costmap.global_costmap]: Timed out waiting for transform from base_link to map to become available, tf error: Invalid frame ID "map" passed to canTransform argument target_frame - frame does not exist
[planner_server-12] [INFO] [1775587351.920182770] [global_costmap.global_costmap]: Timed out waiting for transform from base_link to map to become available, tf error: Invalid frame ID "map" passed to canTransform argument target_frame - frame does not exist
[INFO] [1775587351.952413498] [aruco_base_frame_estimator]: Saved: base_detections/frame_1775587351.jpg
[planner_server-12] [INFO] [1775587352.420158602] [global_costmap.global_costmap]: Timed out waiting for transform from base_link to map to become available, tf error: Invalid frame ID "map" passed to canTransform argument target_frame - frame does not exist
[planner_server-12] [INFO] [1775587352.920186424] [global_costmap.global_costmap]: Timed out waiting for transform from base_link to map to become available, tf error: Invalid frame ID "map" passed to canTransform argument target_frame - frame does not exist
[amcl-9] [WARN] [1775587353.332588833] [amcl]: AMCL cannot publish a pose or update the transform. Please set the initial pose...
[planner_server-12] [INFO] [1775587353.420159144] [global_costmap.global_costmap]: Timed out waiting for transform from base_link to map to become available, tf error: Invalid frame ID "map" passed to canTransform argument target_frame - frame does not exist
[planner_server-12] [INFO] [1775587353.920162172] [global_costmap.global_costmap]: Timed out waiting for transform from base_link to map to become available, tf error: Invalid frame ID "map" passed to canTransform argument target_frame - frame does not exist
[planner_server-12] [INFO] [1775587354.420161361] [global_costmap.global_costmap]: Timed out waiting for transform from base_link to map to become available, tf error: Invalid frame ID "map" passed to canTransform argument target_frame - frame does not exist
[planner_server-12] [INFO] [1775587354.920165948] [global_costmap.global_costmap]: Timed out waiting for transform from base_link to map to become available, tf error: Invalid frame ID "map" passed to canTransform argument target_frame - frame does not exist
[INFO] [1775587354.952913684] [aruco_base_frame_estimator]: Saved: base_detections/frame_1775587354.jpg
[ERROR] [rviz2-17]: process has died [pid 24461, exit code -11, cmd '/opt/ros/humble/lib/rviz2/rviz2 -d /opt/ros/humble/share/nav2_bringup/rviz/nav2_default_view.rviz --ros-args'].
[INFO] [lifecycle_manager-16]: sending signal 'SIGINT' to process[lifecycle_manager-16]
[INFO] [waypoint_follower-15]: sending signal 'SIGINT' to process[waypoint_follower-15]
[INFO] [bt_navigator-14]: sending signal 'SIGINT' to process[bt_navigator-14]
[INFO] [behavior_server-13]: sending signal 'SIGINT' to process[behavior_server-13]
[INFO] [planner_server-12]: sending signal 'SIGINT' to process[planner_server-12]
[INFO] [controller_server-11]: sending signal 'SIGINT' to process[controller_server-11]
[INFO] [lifecycle_manager-10]: sending signal 'SIGINT' to process[lifecycle_manager-10]
[INFO] [amcl-9]: sending signal 'SIGINT' to process[amcl-9]
[INFO] [map_server-8]: sending signal 'SIGINT' to process[map_server-8]
[INFO] [teleop_node-7]: sending signal 'SIGINT' to process[teleop_node-7]
[INFO] [joy_node-6]: sending signal 'SIGINT' to process[joy_node-6]
[INFO] [scan_to_scan_filter_chain-5]: sending signal 'SIGINT' to process[scan_to_scan_filter_chain-5]
[INFO] [sllidar_node-4]: sending signal 'SIGINT' to process[sllidar_node-4]
[INFO] [stretch_driver-3]: sending signal 'SIGINT' to process[stretch_driver-3]
[INFO] [robot_state_publisher-2]: sending signal 'SIGINT' to process[robot_state_publisher-2]
[INFO] [joint_state_publisher-1]: sending signal 'SIGINT' to process[joint_state_publisher-1]
[lifecycle_manager-16] [INFO] [1775587355.100486101] [rclcpp]: signal_handler(SIGINT/SIGTERM)
[lifecycle_manager-16] [INFO] [1775587355.100633820] [lifecycle_manager_navigation]: Running Nav2 LifecycleManager rcl preshutdown (lifecycle_manager_navigation)
[waypoint_follower-15] [INFO] [1775587355.102008055] [rclcpp]: signal_handler(SIGINT/SIGTERM)
[waypoint_follower-15] [INFO] [1775587355.102102193] [waypoint_follower]: Running Nav2 LifecycleNode rcl preshutdown (waypoint_follower)
[waypoint_follower-15] [INFO] [1775587355.102165344] [waypoint_follower]: Cleaning up
[bt_navigator-14] [INFO] [1775587355.105312917] [rclcpp]: signal_handler(SIGINT/SIGTERM)
[bt_navigator-14] [INFO] [1775587355.105440757] [bt_navigator]: Running Nav2 LifecycleNode rcl preshutdown (bt_navigator)
[bt_navigator-14] [INFO] [1775587355.105502536] [bt_navigator]: Cleaning up
[behavior_server-13] [INFO] [1775587355.108078238] [rclcpp]: signal_handler(SIGINT/SIGTERM)
[behavior_server-13] [INFO] [1775587355.108229779] [behavior_server]: Running Nav2 LifecycleNode rcl preshutdown (behavior_server)
[behavior_server-13] [INFO] [1775587355.108324893] [behavior_server]: Cleaning up
[waypoint_follower-15] [INFO] [1775587355.110487089] [waypoint_follower]: Destroying bond (waypoint_follower) to lifecycle manager.
[planner_server-12] [INFO] [1775587355.112378192] [rclcpp]: signal_handler(SIGINT/SIGTERM)
[planner_server-12] [INFO] [1775587355.112506135] [planner_server]: Running Nav2 LifecycleNode rcl preshutdown (planner_server)
[planner_server-12] [INFO] [1775587355.112572654] [planner_server]: Destroying bond (planner_server) to lifecycle manager.
[planner_server-12] [INFO] [1775587355.113076558] [global_costmap.global_costmap]: start
[planner_server-12] [ERROR] [1775587355.113352831] [global_costmap.global_costmap]: Caught exception in callback for transition 13
[planner_server-12] [ERROR] [1775587355.113360141] [global_costmap.global_costmap]: Original error: could not create subscription: rcl node's context is invalid, at ./src/rcl/node.c:428
[planner_server-12] [ERROR] [1775587355.113388351] [global_costmap.global_costmap]: Failed to finish transition 3. Current state is now: errorprocessing (Could not publish transition: publisher's context is invalid, at ./src/rcl/publisher.c:389, at ./src/rcl_lifecycle.c:368)
[planner_server-12] [INFO] [1775587355.113397228] [planner_server]: Activating plugin GridBased of type NavfnPlanner
[planner_server-12] [ERROR] [1775587355.113457580] [planner_server]: Caught exception in callback for transition 13
[planner_server-12] [ERROR] [1775587355.113460863] [planner_server]: Original error: could not create service: rcl node's context is invalid, at ./src/rcl/node.c:428
[planner_server-12] [ERROR] [1775587355.113467188] [planner_server]: Failed to finish transition 3. Current state is now: errorprocessing (Could not publish transition: publisher's context is invalid, at ./src/rcl/publisher.c:389, at ./src/rcl_lifecycle.c:368)
[controller_server-11] [INFO] [1775587355.113238537] [rclcpp]: signal_handler(SIGINT/SIGTERM)
[controller_server-11] [INFO] [1775587355.113355572] [controller_server]: Running Nav2 LifecycleNode rcl preshutdown (controller_server)
[controller_server-11] [INFO] [1775587355.113447262] [controller_server]: Deactivating
[controller_server-11] [INFO] [1775587355.113503358] [local_costmap.local_costmap]: Deactivating
[behavior_server-13] [INFO] [1775587355.114613386] [behavior_server]: Destroying bond (behavior_server) to lifecycle manager.
[controller_server-11] [INFO] [1775587355.114628376] [controller_server]: Destroying bond (controller_server) to lifecycle manager.
[planner_server-12] [INFO] [1775587355.116311457] [planner_server]: Destroying plugin GridBased of type NavfnPlanner
[lifecycle_manager-10] [INFO] [1775587355.117039886] [rclcpp]: signal_handler(SIGINT/SIGTERM)
[lifecycle_manager-10] [INFO] [1775587355.117176074] [lifecycle_manager_localization]: Running Nav2 LifecycleManager rcl preshutdown (lifecycle_manager_localization)
[lifecycle_manager-10] [INFO] [1775587355.117216786] [lifecycle_manager_localization]: [34m[1mTerminating bond timer...[0m[0m
[waypoint_follower-15] [INFO] [1775587355.118171697] [waypoint_follower]: Destroying
[amcl-9] [INFO] [1775587355.120212632] [rclcpp]: signal_handler(SIGINT/SIGTERM)
[amcl-9] [INFO] [1775587355.120328377] [amcl]: Running Nav2 LifecycleNode rcl preshutdown (amcl)
[amcl-9] [INFO] [1775587355.120442507] [amcl]: Deactivating
[amcl-9] [INFO] [1775587355.120472700] [amcl]: Destroying bond (amcl) to lifecycle manager.
[map_server-8] [INFO] [1775587355.123133498] [rclcpp]: signal_handler(SIGINT/SIGTERM)
[map_server-8] [INFO] [1775587355.123247430] [map_server]: Running Nav2 LifecycleNode rcl preshutdown (map_server)
[map_server-8] [INFO] [1775587355.123384123] [map_server]: Deactivating
[map_server-8] [INFO] [1775587355.123401791] [map_server]: Destroying bond (map_server) to lifecycle manager.
[planner_server-12] Warning: class_loader.ClassLoader: SEVERE WARNING!!! Attempting to unload library while objects created by this loader exist in the heap! You should delete your objects before attempting to unload the library or destroying the ClassLoader. The library will NOT be unloaded.
[planner_server-12]          at line 127 in ./src/class_loader.cpp
[planner_server-12] terminate called without an active exception
[controller_server-11] [INFO] [1775587355.124990077] [controller_server]: Cleaning up
[controller_server-11] [INFO] [1775587355.125219366] [local_costmap.local_costmap]: Cleaning up
[teleop_node-7] [INFO] [1775587355.128501974] [rclcpp]: signal_handler(SIGINT/SIGTERM)
[amcl-9] [INFO] [1775587355.130848547] [amcl]: Cleaning up
[joy_node-6] [INFO] [1775587355.131835326] [rclcpp]: signal_handler(SIGINT/SIGTERM)
[map_server-8] [INFO] [1775587355.134065214] [map_server]: Cleaning up
[map_server-8] [INFO] [1775587355.134175763] [map_server]: Destroying bond (map_server) to lifecycle manager.
[scan_to_scan_filter_chain-5] [INFO] [1775587355.136710621] [rclcpp]: signal_handler(SIGINT/SIGTERM)
[amcl-9] [INFO] [1775587355.141705317] [amcl]: Destroying bond (amcl) to lifecycle manager.
[bt_navigator-14] [INFO] [1775587355.164312981] [bt_navigator]: Completed Cleaning up
[bt_navigator-14] [INFO] [1775587355.164551073] [bt_navigator]: Destroying bond (bt_navigator) to lifecycle manager.
[bt_navigator-14] [INFO] [1775587355.167942352] [bt_navigator]: Destroying
[stretch_driver-3] Caught signal 2
[behavior_server-13] [INFO] [1775587355.176394702] [behavior_server]: Destroying
[joint_state_publisher-1] Traceback (most recent call last):
[joint_state_publisher-1]   File "/opt/ros/humble/lib/joint_state_publisher/joint_state_publisher", line 33, in <module>
[joint_state_publisher-1]     sys.exit(load_entry_point('joint-state-publisher==2.4.0', 'console_scripts', 'joint_state_publisher')())
[joint_state_publisher-1]   File "/opt/ros/humble/lib/python3.10/site-packages/joint_state_publisher/joint_state_publisher.py", line 466, in main
[joint_state_publisher-1]     rclpy.spin(jsp)
[joint_state_publisher-1]   File "/opt/ros/humble/local/lib/python3.10/dist-packages/rclpy/__init__.py", line 229, in spin
[joint_state_publisher-1]     executor.spin_once()
[joint_state_publisher-1]   File "/opt/ros/humble/local/lib/python3.10/dist-packages/rclpy/executors.py", line 808, in spin_once
[joint_state_publisher-1]     self._spin_once_impl(timeout_sec)
[joint_state_publisher-1]   File "/opt/ros/humble/local/lib/python3.10/dist-packages/rclpy/executors.py", line 797, in _spin_once_impl
[joint_state_publisher-1]     handler, entity, node = self.wait_for_ready_callbacks(timeout_sec=timeout_sec)
[joint_state_publisher-1]   File "/opt/ros/humble/local/lib/python3.10/dist-packages/rclpy/executors.py", line 780, in wait_for_ready_callbacks
[joint_state_publisher-1]     return next(self._cb_iter)
[joint_state_publisher-1]   File "/opt/ros/humble/local/lib/python3.10/dist-packages/rclpy/executors.py", line 681, in _wait_for_ready_callbacks
[joint_state_publisher-1]     raise ExternalShutdownException()
[joint_state_publisher-1] rclpy.executors.ExternalShutdownException
[map_server-8] [INFO] [1775587355.307503331] [map_server]: Destroying
[amcl-9] [INFO] [1775587355.313280241] [amcl]: Destroying
[lifecycle_manager-10] [INFO] [1775587355.316491369] [lifecycle_manager_localization]: Destroying lifecycle_manager_localization
[sllidar_node-4] [INFO] [1775587355.324029277] [sllidar_node]: Stop motor
[realsense2_camera_node-1] [0m[INFO] [1775587355.470666070] [rclcpp]: signal_handler(SIGINT/SIGTERM)[0m
[realsense2_camera_node-1] [0m[INFO] [1775587355.471325022] [camera]: Stop Sensor: Depth Module[0m
[realsense2_camera_node-1] [0m[INFO] [1775587355.471389951] [camera]: Close Sensor. [0m
[realsense2_camera_node-1] [0m[INFO] [1775587355.473667526] [camera]: Close Sensor - Done. [0m
[realsense2_camera_node-1] [0m[INFO] [1775587355.473716327] [camera]: Stop Sensor: RGB Camera[0m
[realsense2_camera_node-1] [0m[INFO] [1775587355.473727271] [camera]: Close Sensor. [0m
[realsense2_camera_node-1] [0m[INFO] [1775587355.475785326] [camera]: Close Sensor - Done. [0m
[realsense2_camera_node-1] [0m[INFO] [1775587355.475841238] [camera]: Stop Sensor: Motion Module[0m
[realsense2_camera_node-1] [0m[INFO] [1775587355.476089269] [camera]: Close Sensor. [0m
[d435i_accel_correction-2] Traceback (most recent call last):
[d435i_accel_correction-2]   File "/home/willy/ament_ws/install/stretch_core/lib/stretch_core/d435i_accel_correction", line 33, in <module>
[d435i_accel_correction-2]     sys.exit(load_entry_point('stretch-core==0.2.0', 'console_scripts', 'd435i_accel_correction')())
[d435i_accel_correction-2]   File "/home/willy/ament_ws/install/stretch_core/lib/python3.10/site-packages/stretch_core/d435i_accel_correction.py", line 47, in main
[d435i_accel_correction-2]     rclpy.spin(node)
[d435i_accel_correction-2]   File "/opt/ros/humble/local/lib/python3.10/dist-packages/rclpy/__init__.py", line 229, in spin
[d435i_accel_correction-2]     executor.spin_once()
[d435i_accel_correction-2]   File "/opt/ros/humble/local/lib/python3.10/dist-packages/rclpy/executors.py", line 808, in spin_once
[d435i_accel_correction-2]     self._spin_once_impl(timeout_sec)
[d435i_accel_correction-2]   File "/opt/ros/humble/local/lib/python3.10/dist-packages/rclpy/executors.py", line 797, in _spin_once_impl
[d435i_accel_correction-2]     handler, entity, node = self.wait_for_ready_callbacks(timeout_sec=timeout_sec)
[d435i_accel_correction-2]   File "/opt/ros/humble/local/lib/python3.10/dist-packages/rclpy/executors.py", line 780, in wait_for_ready_callbacks
[d435i_accel_correction-2]     return next(self._cb_iter)
[d435i_accel_correction-2]   File "/opt/ros/humble/local/lib/python3.10/dist-packages/rclpy/executors.py", line 681, in _wait_for_ready_callbacks
[d435i_accel_correction-2]     raise ExternalShutdownException()
[d435i_accel_correction-2] rclpy.executors.ExternalShutdownException
Traceback (most recent call last):
  File "/home/willy/tf.py", line 307, in <module>
    main()
  File "/home/willy/tf.py", line 304, in main
    rclpy.shutdown()
  File "/opt/ros/humble/local/lib/python3.10/dist-packages/rclpy/__init__.py", line 130, in shutdown
    _shutdown(context=context)
  File "/opt/ros/humble/local/lib/python3.10/dist-packages/rclpy/utilities.py", line 58, in shutdown
    return context.shutdown()
  File "/opt/ros/humble/local/lib/python3.10/dist-packages/rclpy/context.py", line 102, in shutdown
    self.__context.shutdown()
rclpy._rclpy_pybind11.RCLError: failed to shutdown: rcl_shutdown already called on the given context, at ./src/rcl/init.c:241
[realsense2_camera_node-1] [0m[INFO] [1775587355.566212790] [camera]: Close Sensor - Done. [0m
[ERROR] [1775587355.698454952] [rclpy.signals]: rcl_trigger_guard_condition() failed: guard condition implementation is invalid, at ./src/rcl/guard_condition.c:172
[realsense2_camera_node-1] [0m[INFO] [1775587355.698368366] [rclcpp]: signal_handler(SIGINT/SIGTERM)[0m
[ERROR] [1775587355.796334670] [rclpy.signals]: rcl_trigger_guard_condition() failed: guard condition implementation is invalid, at ./src/rcl/guard_condition.c:172
[realsense2_camera_node-1] [0m[INFO] [1775587355.796322944] [rclcpp]: signal_handler(SIGINT/SIGTERM)[0m
[ERROR] [1775587355.937784581] [rclpy.signals]: rcl_trigger_guard_condition() failed: guard condition implementation is invalid, at ./src/rcl/guard_condition.c:172
[realsense2_camera_node-1] [0m[INFO] [1775587355.937722805] [rclcpp]: signal_handler(SIGINT/SIGTERM)[0m
[ERROR] [1775587356.061476255] [rclpy.signals]: rcl_trigger_guard_condition() failed: guard condition implementation is invalid, at ./src/rcl/guard_condition.c:172
[realsense2_camera_node-1] [0m[INFO] [1775587356.061422303] [rclcpp]: signal_handler(SIGINT/SIGTERM)[0m
[ERROR] [1775587356.203695081] [rclpy.signals]: rcl_trigger_guard_condition() failed: guard condition implementation is invalid, at ./src/rcl/guard_condition.c:172
[realsense2_camera_node-1] [0m[INFO] [1775587356.203756221] [rclcpp]: signal_handler(SIGINT/SIGTERM)[0m
[ERROR] [1775587356.359420075] [rclpy.signals]: rcl_trigger_guard_condition() failed: guard condition implementation is invalid, at ./src/rcl/guard_condition.c:172
[realsense2_camera_node-1] [0m[INFO] [1775587356.360403200] [rclcpp]: signal_handler(SIGINT/SIGTERM)[0m
[ERROR] [1775587356.512296136] [rclpy.signals]: rcl_trigger_guard_condition() failed: guard condition implementation is invalid, at ./src/rcl/guard_condition.c:172
[realsense2_camera_node-1] [0m[INFO] [1775587356.512196564] [rclcpp]: signal_handler(SIGINT/SIGTERM)[0m
[ERROR] [d435i_accel_correction-2]: process has died [pid 24133, exit code 1, cmd '/home/willy/ament_ws/install/stretch_core/lib/stretch_core/d435i_accel_correction --ros-args'].
[INFO] [realsense2_camera_node-1]: process has finished cleanly [pid 24131]
