=== launch_nodes.sh started at Tue Apr  7 02:51:09 PM EDT 2026 ===
Freeing robot process...
Done!
Launching Nav2...
Launching D435i camera...
Launching ArUco detector...
Launching Grasper...
Launching RViz...
Waiting for Nav2 action server...
[INFO] [launch]: All log files can be found below /home/willy/.ros/log/2026-04-07-14-51-10-127521-stretch-re2-2204-29450
[INFO] [launch]: Default logging verbosity is set to INFO
[INFO] [launch]: All log files can be found below /home/willy/.ros/log/2026-04-07-14-51-10-154460-stretch-re2-2204-29449
[INFO] [launch]: Default logging verbosity is set to INFO
[INFO] [launch.user]: D435i launched in high resolution
[INFO] [realsense2_camera_node-1]: process started with pid [29518]
[INFO] [d435i_accel_correction-2]: process started with pid [29520]
[INFO] [1775587870.794262199] [aruco_base_frame_estimator]: aruco_base_frame_estimator started
[d435i_accel_correction-2] [INFO] [1775587870.814849708] [d435i_accel_correction_node]: d435i_accel_correction_node started
[realsense2_camera_node-1] [0m[INFO] [1775587870.827207537] [camera]: RealSense ROS v4.55.1[0m
[realsense2_camera_node-1] [0m[INFO] [1775587870.827306039] [camera]: Built with LibRealSense v2.56.4[0m
[realsense2_camera_node-1] [0m[INFO] [1775587870.827315884] [camera]: Running with LibRealSense v2.56.4[0m
[realsense2_camera_node-1] [0m[INFO] [1775587870.848448799] [camera]: Device with serial number 239722071445 was found.
[realsense2_camera_node-1] [0m
[realsense2_camera_node-1] [0m[INFO] [1775587870.848575603] [camera]: Device with physical ID /sys/devices/pci0000:00/0000:00:0d.0/usb2/2-1/2-1:1.0/video4linux/video0 was found.[0m
[realsense2_camera_node-1] [0m[INFO] [1775587870.848611645] [camera]: Device with name Intel RealSense D435I was found.[0m
[realsense2_camera_node-1] [0m[INFO] [1775587870.848810342] [camera]: Device with port number 2-1 was found.[0m
[realsense2_camera_node-1] [0m[INFO] [1775587870.848840253] [camera]: Device USB type: 3.2[0m
[realsense2_camera_node-1] [0m[INFO] [1775587870.848854809] [camera]: Resetting device...[0m
[INFO] [stretch_driver-3]: process started with pid [29699]
[INFO] [joint_state_publisher-1]: process started with pid [29695]
[INFO] [robot_state_publisher-2]: process started with pid [29697]
[INFO] [sllidar_node-4]: process started with pid [29701]
[INFO] [scan_to_scan_filter_chain-5]: process started with pid [29703]
[INFO] [joy_node-6]: process started with pid [29705]
[INFO] [teleop_node-7]: process started with pid [29707]
[INFO] [map_server-8]: process started with pid [29709]
[INFO] [amcl-9]: process started with pid [29711]
[INFO] [lifecycle_manager-10]: process started with pid [29713]
[INFO] [controller_server-11]: process started with pid [29715]
[INFO] [planner_server-12]: process started with pid [29717]
[INFO] [behavior_server-13]: process started with pid [29719]
[INFO] [bt_navigator-14]: process started with pid [29723]
[INFO] [waypoint_follower-15]: process started with pid [29727]
[INFO] [lifecycle_manager-16]: process started with pid [29823]
[INFO] [rviz2-17]: process started with pid [29831]
[sllidar_node-4] [INFO] [1775587871.109432321] [sllidar_node]: SLLidar running on ROS2 package SLLidar.ROS2 SDK Version:1.0.1, SLLIDAR SDK Version:2.1.0
[sllidar_node-4] [INFO] [1775587871.122447476] [sllidar_node]: SLLidar S/N: C394ED93C0EA98C9A5E698F2564A4669
[sllidar_node-4] [INFO] [1775587871.122521167] [sllidar_node]: Firmware Ver: 1.29
[sllidar_node-4] [INFO] [1775587871.122531831] [sllidar_node]: Hardware Rev: 7
[scan_to_scan_filter_chain-5] [INFO] [1775587871.118563221] [laser_filter]: In shadow configure done
[scan_to_scan_filter_chain-5] [WARN] [1775587871.123145026] [rcl.logging_rosout]: Publisher already registered for provided node name. If this is due to multiple nodes with the same name then all logs for that logger name will go out over the existing publisher. As soon as any node with that name is destructed it will unregister the publisher, preventing any further logs for that name from being published on the rosout topic.
[teleop_node-7] [INFO] [1775587871.110471729] [TeleopTwistJoy]: Teleop enable button 4.
[teleop_node-7] [INFO] [1775587871.110562716] [TeleopTwistJoy]: Linear axis x on 4 at scale 0.500000.
[teleop_node-7] [INFO] [1775587871.110580977] [TeleopTwistJoy]: Angular axis yaw on 3 at scale 0.500000.
[amcl-9] [INFO] [1775587871.108487155] [amcl]: 
[amcl-9] 	amcl lifecycle node launched. 
[amcl-9] 	Waiting on external lifecycle transitions to activate
[amcl-9] 	See https://design.ros2.org/articles/node_lifecycle.html for more information.
[amcl-9] [INFO] [1775587871.109775761] [amcl]: Creating
[lifecycle_manager-10] [INFO] [1775587871.117441129] [lifecycle_manager_localization]: Creating
[lifecycle_manager-10] [INFO] [1775587871.120157988] [lifecycle_manager_localization]: [34m[1mCreating and initializing lifecycle service clients[0m[0m
[bt_navigator-14] [INFO] [1775587871.126026260] [bt_navigator]: 
[bt_navigator-14] 	bt_navigator lifecycle node launched. 
[bt_navigator-14] 	Waiting on external lifecycle transitions to activate
[bt_navigator-14] 	See https://design.ros2.org/articles/node_lifecycle.html for more information.
[bt_navigator-14] [INFO] [1775587871.126176783] [bt_navigator]: Creating
[sllidar_node-4] [INFO] [1775587871.130561881] [sllidar_node]: SLLidar health status : 0
[sllidar_node-4] [INFO] [1775587871.130626974] [sllidar_node]: SLLidar health status : OK.
[planner_server-12] [INFO] [1775587871.135854087] [planner_server]: 
[planner_server-12] 	planner_server lifecycle node launched. 
[planner_server-12] 	Waiting on external lifecycle transitions to activate
[planner_server-12] 	See https://design.ros2.org/articles/node_lifecycle.html for more information.
[planner_server-12] [INFO] [1775587871.140059864] [planner_server]: Creating
[waypoint_follower-15] [INFO] [1775587871.144357134] [waypoint_follower]: 
[waypoint_follower-15] 	waypoint_follower lifecycle node launched. 
[waypoint_follower-15] 	Waiting on external lifecycle transitions to activate
[waypoint_follower-15] 	See https://design.ros2.org/articles/node_lifecycle.html for more information.
[map_server-8] [INFO] [1775587871.144497553] [map_server]: 
[map_server-8] 	map_server lifecycle node launched. 
[map_server-8] 	Waiting on external lifecycle transitions to activate
[map_server-8] 	See https://design.ros2.org/articles/node_lifecycle.html for more information.
[map_server-8] [INFO] [1775587871.144592672] [map_server]: Creating
[waypoint_follower-15] [INFO] [1775587871.147140325] [waypoint_follower]: Creating
[planner_server-12] [INFO] [1775587871.148940629] [global_costmap.global_costmap]: 
[planner_server-12] 	global_costmap lifecycle node launched. 
[planner_server-12] 	Waiting on external lifecycle transitions to activate
[planner_server-12] 	See https://design.ros2.org/articles/node_lifecycle.html for more information.
[controller_server-11] [INFO] [1775587871.151594648] [controller_server]: 
[controller_server-11] 	controller_server lifecycle node launched. 
[controller_server-11] 	Waiting on external lifecycle transitions to activate
[controller_server-11] 	See https://design.ros2.org/articles/node_lifecycle.html for more information.
[planner_server-12] [INFO] [1775587871.154246948] [global_costmap.global_costmap]: Creating Costmap
[behavior_server-13] [INFO] [1775587871.159065519] [behavior_server]: 
[behavior_server-13] 	behavior_server lifecycle node launched. 
[behavior_server-13] 	Waiting on external lifecycle transitions to activate
[behavior_server-13] 	See https://design.ros2.org/articles/node_lifecycle.html for more information.
[lifecycle_manager-10] [INFO] [1775587871.162126654] [lifecycle_manager_localization]: [34m[1mStarting managed nodes bringup...[0m[0m
[lifecycle_manager-10] [INFO] [1775587871.162196831] [lifecycle_manager_localization]: [34m[1mConfiguring map_server[0m[0m
[lifecycle_manager-16] [INFO] [1775587871.165004891] [lifecycle_manager_navigation]: Creating
[controller_server-11] [INFO] [1775587871.169604480] [controller_server]: Creating controller server
[lifecycle_manager-16] [INFO] [1775587871.175514681] [lifecycle_manager_navigation]: [34m[1mCreating and initializing lifecycle service clients[0m[0m
[map_server-8] [INFO] [1775587871.176786269] [map_server]: Configuring
[map_server-8] [INFO] [1775587871.176873151] [map_io]: Loading yaml file: /home/willy/stretch_user/maps/testing_map.yaml
[map_server-8] [INFO] [1775587871.177157594] [map_io]: resolution: 0.05
[map_server-8] [INFO] [1775587871.177165703] [map_io]: origin[0]: -11.5
[map_server-8] [INFO] [1775587871.177168802] [map_io]: origin[1]: -1.71
[map_server-8] [INFO] [1775587871.177172110] [map_io]: origin[2]: 0
[map_server-8] [INFO] [1775587871.177175353] [map_io]: free_thresh: 0.25
[map_server-8] [INFO] [1775587871.177178425] [map_io]: occupied_thresh: 0.65
[map_server-8] [INFO] [1775587871.177181666] [map_io]: mode: trinary
[map_server-8] [INFO] [1775587871.177185530] [map_io]: negate: 0
[map_server-8] [INFO] [1775587871.177336638] [map_io]: Loading image_file: /home/willy/stretch_user/maps/testing_map.pgm
[controller_server-11] [INFO] [1775587871.191145482] [local_costmap.local_costmap]: 
[controller_server-11] 	local_costmap lifecycle node launched. 
[controller_server-11] 	Waiting on external lifecycle transitions to activate
[controller_server-11] 	See https://design.ros2.org/articles/node_lifecycle.html for more information.
[controller_server-11] [INFO] [1775587871.192620625] [local_costmap.local_costmap]: Creating Costmap
[map_server-8] [INFO] [1775587871.195140934] [map_io]: Read map /home/willy/stretch_user/maps/testing_map.pgm: 416 X 249 map @ 0.05 m/cell
[lifecycle_manager-10] [INFO] [1775587871.200586406] [lifecycle_manager_localization]: [34m[1mConfiguring amcl[0m[0m
Nav2 is up!
Waiting for AMCL...
[amcl-9] [INFO] [1775587871.267451350] [amcl]: Configuring
[amcl-9] [INFO] [1775587871.267567131] [amcl]: initTransforms
[amcl-9] [INFO] [1775587871.289393455] [amcl]: initPubSub
[amcl-9] [INFO] [1775587871.297787420] [amcl]: Subscribed to map topic.
[lifecycle_manager-10] [INFO] [1775587871.309619199] [lifecycle_manager_localization]: [34m[1mActivating map_server[0m[0m
[map_server-8] [INFO] [1775587871.309829150] [map_server]: Activating
[map_server-8] [INFO] [1775587871.310105170] [map_server]: Creating bond (map_server) to lifecycle manager.
[amcl-9] [INFO] [1775587871.311722676] [amcl]: Received a 416 X 249 map @ 0.050 m/pix
[lifecycle_manager-16] [INFO] [1775587871.312837819] [lifecycle_manager_navigation]: [34m[1mStarting managed nodes bringup...[0m[0m
[lifecycle_manager-16] [INFO] [1775587871.312892745] [lifecycle_manager_navigation]: [34m[1mConfiguring controller_server[0m[0m
[controller_server-11] [INFO] [1775587871.313426495] [controller_server]: Configuring controller interface
[controller_server-11] [INFO] [1775587871.313659319] [controller_server]: getting goal checker plugins..
[controller_server-11] [INFO] [1775587871.313822463] [controller_server]: Controller frequency set to 20.0000Hz
[controller_server-11] [INFO] [1775587871.313868622] [local_costmap.local_costmap]: Configuring
[sllidar_node-4] [INFO] [1775587871.327655729] [sllidar_node]: current scan mode: Boost, sample rate: 8 Khz, max_distance: 12.0 m, scan frequency:10.0 Hz, 
[controller_server-11] [INFO] [1775587871.330113896] [local_costmap.local_costmap]: Using plugin "obstacle_layer"
[controller_server-11] [INFO] [1775587871.347074852] [local_costmap.local_costmap]: Subscribed to Topics: scan
[controller_server-11] [INFO] [1775587871.365070279] [local_costmap.local_costmap]: Initialized plugin "obstacle_layer"
[controller_server-11] [INFO] [1775587871.365122369] [local_costmap.local_costmap]: Using plugin "voxel_layer"
[controller_server-11] [INFO] [1775587871.371052817] [local_costmap.local_costmap]: Subscribed to Topics: scan
[controller_server-11] [INFO] [1775587871.394133226] [local_costmap.local_costmap]: Initialized plugin "voxel_layer"
[controller_server-11] [INFO] [1775587871.394184281] [local_costmap.local_costmap]: Using plugin "inflation_layer"
[controller_server-11] [INFO] [1775587871.398829641] [local_costmap.local_costmap]: Initialized plugin "inflation_layer"
[lifecycle_manager-10] [INFO] [1775587871.419381400] [lifecycle_manager_localization]: Server map_server connected with bond.
[lifecycle_manager-10] [INFO] [1775587871.419817613] [lifecycle_manager_localization]: [34m[1mActivating amcl[0m[0m
[amcl-9] [INFO] [1775587871.422413196] [amcl]: Activating
[amcl-9] [INFO] [1775587871.422477209] [amcl]: Creating bond (amcl) to lifecycle manager.
[controller_server-11] [INFO] [1775587871.427133950] [controller_server]: Created progress_checker : progress_checker of type nav2_controller::SimpleProgressChecker
[controller_server-11] [INFO] [1775587871.431159768] [controller_server]: Created goal checker : general_goal_checker of type nav2_controller::SimpleGoalChecker
[controller_server-11] [INFO] [1775587871.433523796] [controller_server]: Controller Server has general_goal_checker  goal checkers available.
[controller_server-11] [INFO] [1775587871.437028001] [controller_server]: Created controller : FollowPath of type dwb_core::DWBLocalPlanner
[controller_server-11] [INFO] [1775587871.438444953] [controller_server]: Setting transform_tolerance to 0.200000
[controller_server-11] [INFO] [1775587871.448730916] [controller_server]: Using critic "RotateToGoal" (dwb_critics::RotateToGoalCritic)
[controller_server-11] [INFO] [1775587871.449641986] [controller_server]: Critic plugin initialized
[controller_server-11] [INFO] [1775587871.449858995] [controller_server]: Using critic "Oscillation" (dwb_critics::OscillationCritic)
[controller_server-11] [INFO] [1775587871.450694518] [controller_server]: Critic plugin initialized
[controller_server-11] [INFO] [1775587871.450866903] [controller_server]: Using critic "BaseObstacle" (dwb_critics::BaseObstacleCritic)
[controller_server-11] [INFO] [1775587871.451161597] [controller_server]: Critic plugin initialized
[controller_server-11] [INFO] [1775587871.451353166] [controller_server]: Using critic "GoalAlign" (dwb_critics::GoalAlignCritic)
[controller_server-11] [INFO] [1775587871.452033474] [controller_server]: Critic plugin initialized
[controller_server-11] [INFO] [1775587871.452202823] [controller_server]: Using critic "PathAlign" (dwb_critics::PathAlignCritic)
[controller_server-11] [INFO] [1775587871.452837705] [controller_server]: Critic plugin initialized
[controller_server-11] [INFO] [1775587871.453061181] [controller_server]: Using critic "PathDist" (dwb_critics::PathDistCritic)
[controller_server-11] [INFO] [1775587871.453418517] [controller_server]: Critic plugin initialized
[controller_server-11] [INFO] [1775587871.453599636] [controller_server]: Using critic "GoalDist" (dwb_critics::GoalDistCritic)
[controller_server-11] [INFO] [1775587871.454019929] [controller_server]: Critic plugin initialized
[controller_server-11] [INFO] [1775587871.454228488] [controller_server]: Using critic "PreferForward" (dwb_critics::PreferForwardCritic)
[controller_server-11] [INFO] [1775587871.454891421] [controller_server]: Critic plugin initialized
[controller_server-11] [INFO] [1775587871.454924519] [controller_server]: Controller Server has FollowPath  controllers available.
[lifecycle_manager-16] [INFO] [1775587871.459707501] [lifecycle_manager_navigation]: [34m[1mConfiguring planner_server[0m[0m
[planner_server-12] [INFO] [1775587871.459946867] [planner_server]: Configuring
[planner_server-12] [INFO] [1775587871.460003251] [global_costmap.global_costmap]: Configuring
[planner_server-12] [INFO] [1775587871.464277344] [global_costmap.global_costmap]: Using plugin "static_layer"
[planner_server-12] [INFO] [1775587871.469091839] [global_costmap.global_costmap]: Subscribing to the map topic (/map) with transient local durability
[planner_server-12] [INFO] [1775587871.469937734] [global_costmap.global_costmap]: Initialized plugin "static_layer"
[planner_server-12] [INFO] [1775587871.469994226] [global_costmap.global_costmap]: Using plugin "obstacle_layer"
[planner_server-12] [INFO] [1775587871.470856352] [global_costmap.global_costmap]: Subscribed to Topics: scan
[planner_server-12] [INFO] [1775587871.474159527] [global_costmap.global_costmap]: Initialized plugin "obstacle_layer"
[planner_server-12] [INFO] [1775587871.474225272] [global_costmap.global_costmap]: Using plugin "voxel_layer"
[planner_server-12] [INFO] [1775587871.475191881] [global_costmap.global_costmap]: Subscribed to Topics: scan
[planner_server-12] [INFO] [1775587871.479255801] [global_costmap.global_costmap]: Initialized plugin "voxel_layer"
[planner_server-12] [INFO] [1775587871.479304799] [global_costmap.global_costmap]: Using plugin "inflation_layer"
[planner_server-12] [INFO] [1775587871.480227837] [global_costmap.global_costmap]: Initialized plugin "inflation_layer"
[planner_server-12] [INFO] [1775587871.485519607] [global_costmap.global_costmap]: StaticLayer: Resizing costmap to 416 X 249 at 0.050000 m/pix
[planner_server-12] [INFO] [1775587871.486044957] [planner_server]: Created global planner plugin GridBased of type nav2_navfn_planner/NavfnPlanner
[planner_server-12] [INFO] [1775587871.486095366] [planner_server]: Configuring plugin GridBased of type NavfnPlanner
[planner_server-12] [INFO] [1775587871.486787396] [planner_server]: Planner Server has GridBased  planners available.
[lifecycle_manager-16] [INFO] [1775587871.494230951] [lifecycle_manager_navigation]: [34m[1mConfiguring behavior_server[0m[0m
[behavior_server-13] [INFO] [1775587871.494408552] [behavior_server]: Configuring
[behavior_server-13] [INFO] [1775587871.499212878] [behavior_server]: Creating behavior plugin spin of type nav2_behaviors/Spin
[behavior_server-13] [INFO] [1775587871.500067943] [behavior_server]: Configuring spin
[behavior_server-13] [INFO] [1775587871.503464232] [behavior_server]: Creating behavior plugin backup of type nav2_behaviors/BackUp
[behavior_server-13] [INFO] [1775587871.504604607] [behavior_server]: Configuring backup
[behavior_server-13] [INFO] [1775587871.508225741] [behavior_server]: Creating behavior plugin drive_on_heading of type nav2_behaviors/DriveOnHeading
[behavior_server-13] [INFO] [1775587871.509316611] [behavior_server]: Configuring drive_on_heading
[behavior_server-13] [INFO] [1775587871.512993218] [behavior_server]: Creating behavior plugin assisted_teleop of type nav2_behaviors/AssistedTeleop
[behavior_server-13] [INFO] [1775587871.515058168] [behavior_server]: Configuring assisted_teleop
[behavior_server-13] [INFO] [1775587871.518976948] [behavior_server]: Creating behavior plugin wait of type nav2_behaviors/Wait
[behavior_server-13] [INFO] [1775587871.519811336] [behavior_server]: Configuring wait
[lifecycle_manager-16] [INFO] [1775587871.522773042] [lifecycle_manager_navigation]: [34m[1mConfiguring bt_navigator[0m[0m
[bt_navigator-14] [INFO] [1775587871.522970759] [bt_navigator]: Configuring
[lifecycle_manager-10] [INFO] [1775587871.533062962] [lifecycle_manager_localization]: Server amcl connected with bond.
[lifecycle_manager-10] [INFO] [1775587871.533126289] [lifecycle_manager_localization]: [34m[1mManaged nodes are active[0m[0m
[lifecycle_manager-10] [INFO] [1775587871.533147222] [lifecycle_manager_localization]: [34m[1mCreating bond timer...[0m[0m
[lifecycle_manager-16] [INFO] [1775587871.580112569] [lifecycle_manager_navigation]: [34m[1mConfiguring waypoint_follower[0m[0m
[waypoint_follower-15] [INFO] [1775587871.580466139] [waypoint_follower]: Configuring
[waypoint_follower-15] [INFO] [1775587871.588219153] [waypoint_follower]: Created waypoint_task_executor : wait_at_waypoint of type nav2_waypoint_follower::WaitAtWaypoint
[lifecycle_manager-16] [INFO] [1775587871.589086374] [lifecycle_manager_navigation]: [34m[1mActivating controller_server[0m[0m
[controller_server-11] [INFO] [1775587871.589244129] [controller_server]: Activating
[controller_server-11] [INFO] [1775587871.589276604] [local_costmap.local_costmap]: Activating
[controller_server-11] [INFO] [1775587871.589286926] [local_costmap.local_costmap]: Checking transform
[controller_server-11] [INFO] [1775587871.589337703] [local_costmap.local_costmap]: Timed out waiting for transform from base_link to odom to become available, tf error: Invalid frame ID "odom" passed to canTransform argument target_frame - frame does not exist
[INFO] [1775587871.777555116] [object_grasper]: object_grasper started
[joy_node-6] [INFO] [1775587871.859806043] [joy_node]: Opened joystick: Controller 1.05.  deadzone: 0.050000
[controller_server-11] [INFO] [1775587872.089492340] [local_costmap.local_costmap]: Timed out waiting for transform from base_link to odom to become available, tf error: Invalid frame ID "odom" passed to canTransform argument target_frame - frame does not exist
[scan_to_scan_filter_chain-5] [WARN] [1775587872.100647789] [laser_filter]: diagnostic_updater: No HW_ID was set. This is probably a bug. Please report it. For devices that do not have a HW_ID, set this value to 'none'. This warning only occurs once all diagnostics are OK. It is okay to wait until the device is open before calling setHardwareID.
[INFO] [1775587872.114579582] [rviz2]: Stereo is NOT SUPPORTED
[INFO] [1775587872.114736270] [rviz2]: OpenGl version: 4.5 (GLSL 4.5)
[INFO] [1775587872.301177003] [rviz2]: Stereo is NOT SUPPORTED
[stretch_driver-3] [0m[INFO] [1775587872.374465096] [stretch_driver]: For use with S T R E T C H (TM) RESEARCH EDITION from Hello Robot Inc.[0m
[stretch_driver-3] [0m[INFO] [1775587872.374746270] [stretch_driver]: stretch_driver started[0m
[amcl-9] [WARN] [1775587872.379227340] [amcl]: New subscription discovered on topic '/particle_cloud', requesting incompatible QoS. No messages will be sent to it. Last incompatible policy: RELIABILITY_QOS_POLICY
[controller_server-11] [INFO] [1775587872.589394425] [local_costmap.local_costmap]: Timed out waiting for transform from base_link to odom to become available, tf error: Invalid frame ID "odom" passed to canTransform argument target_frame - frame does not exist
[INFO] [1775587872.627698963] [rviz2]: Trying to create a map of size 416 x 249 using 1 swatches
[ERROR] [1775587872.632706542] [rviz2]: Vertex Program:rviz/glsl120/indexed_8bit_image.vert Fragment Program:rviz/glsl120/indexed_8bit_image.frag GLSL link result : 
active samplers with a different type refer to the same texture image unit
[controller_server-11] [INFO] [1775587873.089401943] [local_costmap.local_costmap]: Timed out waiting for transform from base_link to odom to become available, tf error: Invalid frame ID "odom" passed to canTransform argument target_frame - frame does not exist
[stretch_driver-3] Key mapped to End-Of-Arm Tool: tool_stretch_dex_wrist
[stretch_driver-3] Unable to load URDF: /home/willy/.local/lib/python3.10/site-packages/stretch_urdf/RE2V0/stretch_description_RE2V0_tool_stretch_dex_wrist.urdf. Disabling collision system.
[controller_server-11] [INFO] [1775587873.589366960] [local_costmap.local_costmap]: Timed out waiting for transform from base_link to odom to become available, tf error: Invalid frame ID "odom" passed to canTransform argument target_frame - frame does not exist
[rviz2-17] [INFO] [1775587873.721476078] [rviz2]: Stereo is NOT SUPPORTED
[rviz2-17] [INFO] [1775587873.721552832] [rviz2]: OpenGl version: 4.5 (GLSL 4.5)
[amcl-9] [INFO] [1775587873.800710687] [amcl]: Message Filter dropping message: frame 'laser' at time 1775587871.328 for reason 'the timestamp on the message is earlier than all the data in the transform cache'
[controller_server-11] [INFO] [1775587874.089362611] [local_costmap.local_costmap]: Timed out waiting for transform from base_link to odom to become available, tf error: Invalid frame ID "odom" passed to canTransform argument target_frame - frame does not exist
[stretch_driver-3] [0m[INFO] [1775587874.129548584] [stretch_driver]: broadcast_odom_tf = True[0m
[stretch_driver-3] [0m[INFO] [1775587874.152406324] [stretch_driver]: rate = 30.0 Hz[0m
[rviz2-17] [INFO] [1775587874.152630386] [rviz2]: Stereo is NOT SUPPORTED
[stretch_driver-3] [0m[INFO] [1775587874.154932017] [stretch_driver]: twist timeout = 0.5 s[0m
[stretch_driver-3] [0m[INFO] [1775587874.159742213] [stretch_driver]: base_frame_id = base_link[0m
[stretch_driver-3] [0m[INFO] [1775587874.161160826] [stretch_driver]: odom_frame_id = odom[0m
[stretch_driver-3] [0m[INFO] [1775587874.221983328] [stretch_driver]: Changed to mode = navigation[0m
[amcl-9] [WARN] [1775587874.236988304] [amcl]: New subscription discovered on topic '/particle_cloud', requesting incompatible QoS. No messages will be sent to it. Last incompatible policy: RELIABILITY_QOS_POLICY
[INFO] [1775587874.346771862] [aruco_base_frame_estimator]: Node aruco_base_frame_estimator connected to /home_the_robot service.
[INFO] [1775587874.352423360] [aruco_base_frame_estimator]: Node aruco_base_frame_estimator connected to /stow_the_robot service.
[INFO] [1775587874.353615380] [aruco_base_frame_estimator]: Node aruco_base_frame_estimator connected to /stop_the_robot service.
[INFO] [1775587874.354684099] [aruco_base_frame_estimator]: Node aruco_base_frame_estimator connected to /switch_to_trajectory_mode service.
[INFO] [1775587874.358410626] [aruco_base_frame_estimator]: Node aruco_base_frame_estimator connected to /switch_to_position_mode service.
[INFO] [1775587874.360732433] [aruco_base_frame_estimator]: Node aruco_base_frame_estimator connected to /switch_to_navigation_mode service.
[INFO] [1775587874.361326706] [aruco_base_frame_estimator]: Moving head camera to detection orientation...
[WARN] [1775587874.361946613] [aruco_base_frame_estimator]: Currently in navigation mode. Recommend switching either to position or trajectory mode
[WARN] [1775587874.362533734] [aruco_base_frame_estimator]: Commanding joint trajectory server in position mode
[INFO] [1775587874.370248241] [object_grasper]: Node object_grasper connected to /home_the_robot service.
[INFO] [1775587874.371284338] [object_grasper]: Node object_grasper connected to /stow_the_robot service.
[stretch_driver-3] [0m[INFO] [1775587874.371366571] [stretch_driver]: Received goal request[0m
[stretch_driver-3] [0m[INFO] [1775587874.377242714] [stretch_driver]: stretch_driver joint_traj action: New trajectory received with joint_names = ['joint_head_pan', 'joint_head_tilt'][0m
[INFO] [1775587874.377942525] [object_grasper]: Node object_grasper connected to /stop_the_robot service.
[INFO] [1775587874.379960112] [object_grasper]: Node object_grasper connected to /switch_to_trajectory_mode service.
[INFO] [1775587874.384563739] [object_grasper]: Node object_grasper connected to /switch_to_position_mode service.
[INFO] [1775587874.385897952] [object_grasper]: Node object_grasper connected to /switch_to_navigation_mode service.
[stretch_driver-3] -------------------------------------------
[stretch_driver-3] Finished goal
[stretch_driver-3] [0m[INFO] [1775587874.396885655] [stretch_driver]: stretch_driver joint_traj action: Achieved all target points.[0m
[INFO] [1775587874.399551181] [aruco_base_frame_estimator]: Head camera at detection pose — starting ArUco detection.
[INFO] [1775587874.402257470] [aruco_base_frame_estimator]: Waiting for camera TF (base_link -> camera_color_optical_frame)...
[INFO] [1775587874.423239225] [aruco_base_frame_estimator]: Camera pose acquired:
[INFO] [1775587874.426593537] [aruco_base_frame_estimator]:   Position  : X=+0.0062  Y=-0.0517  Z=+1.2870  (m)
[INFO] [1775587874.427221848] [aruco_base_frame_estimator]:   RPY (deg) : R=-179.03  P=+59.78  Y=+89.23
[INFO] [1775587874.433327043] [aruco_base_frame_estimator]: ============================================================
[INFO] [1775587874.433653868] [aruco_base_frame_estimator]: ArUco Base Frame Estimator Started
[INFO] [1775587874.433837068] [aruco_base_frame_estimator]: Target Marker ID: 202
[INFO] [1775587874.434015692] [aruco_base_frame_estimator]: Marker size: 2.8 cm
[INFO] [1775587874.434194131] [aruco_base_frame_estimator]: Marker offset (cam frame): X=0.0  Y=0.0  Z=0.0
[INFO] [1775587874.434374962] [aruco_base_frame_estimator]: Publishing target on: /aruco/target_base_link
[INFO] [1775587874.434549016] [aruco_base_frame_estimator]: ============================================================
[INFO] [1775587874.441153957] [rviz]: Message Filter dropping message: frame 'laser' at time 1775587871.328 for reason 'discarding message because the queue is full'
/home/willy/.local/lib/python3.10/site-packages/ikpy/urdf/URDF.py:261: UserWarning: Joint joint_mast is of type: fixed, but has an 'axis' attribute defined. This is not in the URDF spec and thus this axis is ignored
  warnings.warn("Joint {} is of type: fixed, but has an 'axis' attribute defined. This is not in the URDF spec and thus this axis is ignored".format(joint.attrib["name"]))
[amcl-9] [INFO] [1775587874.506949636] [amcl]: createLaserObject
/home/willy/.local/lib/python3.10/site-packages/ikpy/urdf/URDF.py:261: UserWarning: Joint joint_arm_l4 is of type: fixed, but has an 'axis' attribute defined. This is not in the URDF spec and thus this axis is ignored
  warnings.warn("Joint {} is of type: fixed, but has an 'axis' attribute defined. This is not in the URDF spec and thus this axis is ignored".format(joint.attrib["name"]))
[amcl-9] [WARN] [1775587874.523646369] [amcl]: AMCL cannot publish a pose or update the transform. Please set the initial pose...
/home/willy/.local/lib/python3.10/site-packages/ikpy/urdf/URDF.py:261: UserWarning: Joint joint_wrist_yaw_bottom is of type: fixed, but has an 'axis' attribute defined. This is not in the URDF spec and thus this axis is ignored
  warnings.warn("Joint {} is of type: fixed, but has an 'axis' attribute defined. This is not in the URDF spec and thus this axis is ignored".format(joint.attrib["name"]))
/home/willy/.local/lib/python3.10/site-packages/ikpy/urdf/URDF.py:261: UserWarning: Joint joint_gripper_s3_body is of type: fixed, but has an 'axis' attribute defined. This is not in the URDF spec and thus this axis is ignored
  warnings.warn("Joint {} is of type: fixed, but has an 'axis' attribute defined. This is not in the URDF spec and thus this axis is ignored".format(joint.attrib["name"]))
/home/willy/.local/lib/python3.10/site-packages/ikpy/urdf/URDF.py:261: UserWarning: Joint joint_grasp_center is of type: fixed, but has an 'axis' attribute defined. This is not in the URDF spec and thus this axis is ignored
  warnings.warn("Joint {} is of type: fixed, but has an 'axis' attribute defined. This is not in the URDF spec and thus this axis is ignored".format(joint.attrib["name"]))
[controller_server-11] [INFO] [1775587874.589441241] [local_costmap.local_costmap]: start
/home/willy/.local/lib/python3.10/site-packages/ikpy/chain.py:60: UserWarning: Link Base link (index: 0) is of type 'fixed' but set as active in the active_links_mask. In practice, this fixed link doesn't provide any transformation so is as it were inactive
  warnings.warn("Link {} (index: {}) is of type 'fixed' but set as active in the active_links_mask. In practice, this fixed link doesn't provide any transformation so is as it were inactive".format(link.name, link_index))
/home/willy/.local/lib/python3.10/site-packages/ikpy/chain.py:60: UserWarning: Link joint_mast (index: 2) is of type 'fixed' but set as active in the active_links_mask. In practice, this fixed link doesn't provide any transformation so is as it were inactive
  warnings.warn("Link {} (index: {}) is of type 'fixed' but set as active in the active_links_mask. In practice, this fixed link doesn't provide any transformation so is as it were inactive".format(link.name, link_index))
/home/willy/.local/lib/python3.10/site-packages/ikpy/chain.py:60: UserWarning: Link joint_arm_l4 (index: 4) is of type 'fixed' but set as active in the active_links_mask. In practice, this fixed link doesn't provide any transformation so is as it were inactive
  warnings.warn("Link {} (index: {}) is of type 'fixed' but set as active in the active_links_mask. In practice, this fixed link doesn't provide any transformation so is as it were inactive".format(link.name, link_index))
/home/willy/.local/lib/python3.10/site-packages/ikpy/chain.py:60: UserWarning: Link joint_wrist_yaw_bottom (index: 10) is of type 'fixed' but set as active in the active_links_mask. In practice, this fixed link doesn't provide any transformation so is as it were inactive
  warnings.warn("Link {} (index: {}) is of type 'fixed' but set as active in the active_links_mask. In practice, this fixed link doesn't provide any transformation so is as it were inactive".format(link.name, link_index))
/home/willy/.local/lib/python3.10/site-packages/ikpy/chain.py:60: UserWarning: Link joint_gripper_s3_body (index: 13) is of type 'fixed' but set as active in the active_links_mask. In practice, this fixed link doesn't provide any transformation so is as it were inactive
  warnings.warn("Link {} (index: {}) is of type 'fixed' but set as active in the active_links_mask. In practice, this fixed link doesn't provide any transformation so is as it were inactive".format(link.name, link_index))
/home/willy/.local/lib/python3.10/site-packages/ikpy/chain.py:60: UserWarning: Link joint_grasp_center (index: 14) is of type 'fixed' but set as active in the active_links_mask. In practice, this fixed link doesn't provide any transformation so is as it were inactive
  warnings.warn("Link {} (index: {}) is of type 'fixed' but set as active in the active_links_mask. In practice, this fixed link doesn't provide any transformation so is as it were inactive".format(link.name, link_index))
[INFO] [1775587874.598775381] [object_grasper]: ============================================================
[INFO] [1775587874.599041150] [object_grasper]: ObjectGrasper ready — waiting for ArUco detections
[INFO] [1775587874.599218488] [object_grasper]: Listening on: /aruco/target_base_link
[INFO] [1775587874.599407709] [object_grasper]: Call service: ros2 service call /grasp_object std_srvs/srv/Trigger {}
[INFO] [1775587874.599601616] [object_grasper]: ============================================================
[controller_server-11] [INFO] [1775587874.791034873] [controller_server]: Creating bond (controller_server) to lifecycle manager.
[rviz2-17] [INFO] [1775587874.799935793] [rviz2]: Trying to create a map of size 416 x 249 using 1 swatches
[rviz2-17] [ERROR] [1775587874.813131880] [rviz2]: Vertex Program:rviz/glsl120/indexed_8bit_image.vert Fragment Program:rviz/glsl120/indexed_8bit_image.frag GLSL link result : 
[rviz2-17] active samplers with a different type refer to the same texture image unit
[lifecycle_manager-16] [INFO] [1775587874.896444589] [lifecycle_manager_navigation]: Server controller_server connected with bond.
[lifecycle_manager-16] [INFO] [1775587874.896505965] [lifecycle_manager_navigation]: [34m[1mActivating planner_server[0m[0m
[planner_server-12] [INFO] [1775587874.896793455] [planner_server]: Activating
[planner_server-12] [INFO] [1775587874.896851462] [global_costmap.global_costmap]: Activating
[planner_server-12] [INFO] [1775587874.896874011] [global_costmap.global_costmap]: Checking transform
[planner_server-12] [INFO] [1775587874.896911850] [global_costmap.global_costmap]: Timed out waiting for transform from base_link to map to become available, tf error: Invalid frame ID "map" passed to canTransform argument target_frame - frame does not exist
[planner_server-12] [INFO] [1775587875.397006653] [global_costmap.global_costmap]: Timed out waiting for transform from base_link to map to become available, tf error: Invalid frame ID "map" passed to canTransform argument target_frame - frame does not exist
[planner_server-12] [INFO] [1775587875.896960736] [global_costmap.global_costmap]: Timed out waiting for transform from base_link to map to become available, tf error: Invalid frame ID "map" passed to canTransform argument target_frame - frame does not exist
[planner_server-12] [INFO] [1775587876.396962977] [global_costmap.global_costmap]: Timed out waiting for transform from base_link to map to become available, tf error: Invalid frame ID "map" passed to canTransform argument target_frame - frame does not exist
[amcl-9] [WARN] [1775587876.632108641] [amcl]: AMCL cannot publish a pose or update the transform. Please set the initial pose...
[INFO] [1775587876.873497241] [rviz]: Message Filter dropping message: frame 'odom' at time 1775587874.757 for reason 'discarding message because the queue is full'
[realsense2_camera_node-1] [0m[INFO] [1775587876.878709565] [camera]: Device with serial number 239722071445 was found.
[realsense2_camera_node-1] [0m
[realsense2_camera_node-1] [0m[INFO] [1775587876.878760886] [camera]: Device with physical ID /sys/devices/pci0000:00/0000:00:0d.0/usb2/2-1/2-1:1.0/video4linux/video0 was found.[0m
[realsense2_camera_node-1] [0m[INFO] [1775587876.878771179] [camera]: Device with name Intel RealSense D435I was found.[0m
[realsense2_camera_node-1] [0m[INFO] [1775587876.878898497] [camera]: Device with port number 2-1 was found.[0m
[realsense2_camera_node-1] [0m[INFO] [1775587876.878909721] [camera]: Device USB type: 3.2[0m
[realsense2_camera_node-1] [0m[INFO] [1775587876.878967628] [camera]: getParameters...[0m
[planner_server-12] [INFO] [1775587876.896959505] [global_costmap.global_costmap]: Timed out waiting for transform from base_link to map to become available, tf error: Invalid frame ID "map" passed to canTransform argument target_frame - frame does not exist
[INFO] [1775587877.020362595] [rviz]: Message Filter dropping message: frame 'laser' at time 1775587874.789 for reason 'discarding message because the queue is full'
[realsense2_camera_node-1] [0m[INFO] [1775587877.212743330] [camera]: JSON file is loaded! (/home/willy/ament_ws/install/stretch_core/share/stretch_core/config/HighAccuracyPreset.json)[0m
[realsense2_camera_node-1] [0m[INFO] [1775587877.212842069] [camera]: Device Name: Intel RealSense D435I[0m
[realsense2_camera_node-1] [0m[INFO] [1775587877.212861764] [camera]: Device Serial No: 239722071445[0m
[realsense2_camera_node-1] [0m[INFO] [1775587877.212878083] [camera]: Device physical port: /sys/devices/pci0000:00/0000:00:0d.0/usb2/2-1/2-1:1.0/video4linux/video0[0m
[realsense2_camera_node-1] [0m[INFO] [1775587877.212893543] [camera]: Device FW version: 5.16.0.1[0m
[realsense2_camera_node-1] [0m[INFO] [1775587877.212908663] [camera]: Device Product ID: 0x0B3A[0m
[realsense2_camera_node-1] [0m[INFO] [1775587877.212922109] [camera]: Sync Mode: On[0m
[realsense2_camera_node-1] [33m[WARN] [1775587877.368321939] [camera]: re-enable the stream for the change to take effect.[0m
[realsense2_camera_node-1] [33m[WARN] [1775587877.369073477] [camera]: re-enable the stream for the change to take effect.[0m
[realsense2_camera_node-1] [33m[WARN] [1775587877.379488975] [camera]: re-enable the stream for the change to take effect.[0m
[realsense2_camera_node-1] [31m[ERROR] [1775587877.381106489] [camera]: Given value, 63 is invalid. Set ROS param back to: 100[0m
[planner_server-12] [INFO] [1775587877.396960048] [global_costmap.global_costmap]: Timed out waiting for transform from base_link to map to become available, tf error: Invalid frame ID "map" passed to canTransform argument target_frame - frame does not exist
[realsense2_camera_node-1] [0m[INFO] [1775587877.403311277] [camera]: Stopping Sensor: Depth Module[0m
[realsense2_camera_node-1] [0m[INFO] [1775587877.403443974] [camera]: Stopping Sensor: RGB Camera[0m
[realsense2_camera_node-1] [0m[INFO] [1775587877.403483545] [camera]: Stopping Sensor: Motion Module[0m
[realsense2_camera_node-1] [0m[INFO] [1775587877.419368861] [camera]: Starting Sensor: Depth Module[0m
[realsense2_camera_node-1] [0m[INFO] [1775587877.432331524] [camera]: Open profile: stream_type: Depth(0), Format: Z16, Width: 1280, Height: 720, FPS: 15[0m
[realsense2_camera_node-1] [0m[INFO] [1775587877.443495869] [camera]: Starting Sensor: RGB Camera[0m
[realsense2_camera_node-1] [0m[INFO] [1775587877.446285237] [camera]: Open profile: stream_type: Color(0), Format: RGB8, Width: 1280, Height: 720, FPS: 15[0m
[realsense2_camera_node-1] [0m[INFO] [1775587877.479164382] [camera]: Starting Sensor: Motion Module[0m
[realsense2_camera_node-1] [0m[INFO] [1775587877.480413135] [camera]: Open profile: stream_type: Accel(0)Format: MOTION_XYZ32F, FPS: 100[0m
[realsense2_camera_node-1] [0m[INFO] [1775587877.480440748] [camera]: Open profile: stream_type: Gyro(0)Format: MOTION_XYZ32F, FPS: 200[0m
[realsense2_camera_node-1] [0m[INFO] [1775587877.482147792] [camera]: RealSense Node Is Up![0m
[planner_server-12] [INFO] [1775587877.896963211] [global_costmap.global_costmap]: Timed out waiting for transform from base_link to map to become available, tf error: Invalid frame ID "map" passed to canTransform argument target_frame - frame does not exist
[rviz2-17] [INFO] [1775587877.904659828] [rviz]: Message Filter dropping message: frame 'laser' at time 1775587874.224 for reason 'discarding message because the queue is full'
[rviz2-17] [INFO] [1775587877.904827453] [rviz]: Message Filter dropping message: frame 'odom' at time 1775587874.757 for reason 'discarding message because the queue is full'
[INFO] [1775587878.138840276] [aruco_base_frame_estimator]: Saved: base_detections/frame_1775587878.jpg
[planner_server-12] [INFO] [1775587878.396962768] [global_costmap.global_costmap]: Timed out waiting for transform from base_link to map to become available, tf error: Invalid frame ID "map" passed to canTransform argument target_frame - frame does not exist
[realsense2_camera_node-1] [33m[WARN] [1775587878.419852922] [camera]: XXX Hardware Notification:Motion Module failure,1.77559e+12,Error,Hardware Error[0m
[realsense2_camera_node-1] [33m[WARN] [1775587878.419916024] [camera]: Hardware Notification:Motion Module failure,1.77559e+12,Error,Hardware Error[0m
[amcl-9] [WARN] [1775587878.769394656] [amcl]: AMCL cannot publish a pose or update the transform. Please set the initial pose...
[planner_server-12] [INFO] [1775587878.896968894] [global_costmap.global_costmap]: Timed out waiting for transform from base_link to map to become available, tf error: Invalid frame ID "map" passed to canTransform argument target_frame - frame does not exist
[planner_server-12] [INFO] [1775587879.396997307] [global_costmap.global_costmap]: Timed out waiting for transform from base_link to map to become available, tf error: Invalid frame ID "map" passed to canTransform argument target_frame - frame does not exist
[INFO] [1775587879.680177955] [rviz]: Message Filter dropping message: frame 'laser' at time 1775587876.202 for reason 'discarding message because the queue is full'
[INFO] [1775587879.680368619] [rviz]: Message Filter dropping message: frame 'odom' at time 1775587876.958 for reason 'discarding message because the queue is full'
[planner_server-12] [INFO] [1775587879.896967843] [global_costmap.global_costmap]: Timed out waiting for transform from base_link to map to become available, tf error: Invalid frame ID "map" passed to canTransform argument target_frame - frame does not exist
[planner_server-12] [INFO] [1775587880.396968058] [global_costmap.global_costmap]: Timed out waiting for transform from base_link to map to become available, tf error: Invalid frame ID "map" passed to canTransform argument target_frame - frame does not exist
[rviz2-17] [INFO] [1775587880.468642752] [rviz]: Message Filter dropping message: frame 'laser' at time 1775587877.641 for reason 'discarding message because the queue is full'
[rviz2-17] [INFO] [1775587880.468789624] [rviz]: Message Filter dropping message: frame 'odom' at time 1775587877.357 for reason 'discarding message because the queue is full'
[rviz2-17] [INFO] [1775587880.866291811] [rviz]: Message Filter dropping message: frame 'odom' at time 1775587874.790 for reason 'discarding message because the queue is full'
[amcl-9] [WARN] [1775587880.881498788] [amcl]: AMCL cannot publish a pose or update the transform. Please set the initial pose...
[planner_server-12] [INFO] [1775587880.896966018] [global_costmap.global_costmap]: Timed out waiting for transform from base_link to map to become available, tf error: Invalid frame ID "map" passed to canTransform argument target_frame - frame does not exist
[INFO] [1775587880.908794289] [rviz]: Message Filter dropping message: frame 'odom' at time 1775587874.790 for reason 'discarding message because the queue is full'
[INFO] [1775587881.194845031] [aruco_base_frame_estimator]: Saved: base_detections/frame_1775587881.jpg
[planner_server-12] [INFO] [1775587881.396962984] [global_costmap.global_costmap]: Timed out waiting for transform from base_link to map to become available, tf error: Invalid frame ID "map" passed to canTransform argument target_frame - frame does not exist
[planner_server-12] [INFO] [1775587881.896968408] [global_costmap.global_costmap]: Timed out waiting for transform from base_link to map to become available, tf error: Invalid frame ID "map" passed to canTransform argument target_frame - frame does not exist
[INFO] [1775587882.315841279] [rviz]: Message Filter dropping message: frame 'laser' at time 1775587879.481 for reason 'discarding message because the queue is full'
[INFO] [1775587882.316029210] [rviz]: Message Filter dropping message: frame 'odom' at time 1775587879.757 for reason 'discarding message because the queue is full'
[planner_server-12] [INFO] [1775587882.396959927] [global_costmap.global_costmap]: Timed out waiting for transform from base_link to map to become available, tf error: Invalid frame ID "map" passed to canTransform argument target_frame - frame does not exist
[INFO] [1775587882.437860300] [rclcpp]: signal_handler(SIGINT/SIGTERM)

>>> [rcutils|error_handling.c:108] rcutils_set_error_state()
This error state is being overwritten:

  'rcl node's context is invalid, at ./src/rcl/node.c:428'

with this new error message:

  'the given context is not valid, either rcl_init() was not called or rcl_shutdown() was called., at ./src/rcl/wait.c:130'

rcutils_reset_error() should be called after error handling to avoid this.
<<<
terminate called after throwing an instance of 'rclcpp::exceptions::RCLError'
  what():  failed to initialize wait set: the given context is not valid, either rcl_init() was not called or rcl_shutdown() was called., at ./src/rcl/wait.c:130
[realsense2_camera_node-1] [0m[INFO] [1775587882.442199241] [rclcpp]: signal_handler(SIGINT/SIGTERM)[0m
[realsense2_camera_node-1] [0m[INFO] [1775587882.444895522] [camera]: Stop Sensor: Depth Module[0m
[realsense2_camera_node-1] [0m[INFO] [1775587882.444986664] [camera]: Close Sensor. [0m
[realsense2_camera_node-1] [0m[INFO] [1775587882.454548601] [camera]: Close Sensor - Done. [0m
[realsense2_camera_node-1] [0m[INFO] [1775587882.454620522] [camera]: Stop Sensor: RGB Camera[0m
[realsense2_camera_node-1] [0m[INFO] [1775587882.454636871] [camera]: Close Sensor. [0m
[realsense2_camera_node-1] [0m[INFO] [1775587882.457334728] [camera]: Close Sensor - Done. [0m
[realsense2_camera_node-1] [0m[INFO] [1775587882.457419966] [camera]: Stop Sensor: Motion Module[0m
[realsense2_camera_node-1] [0m[INFO] [1775587882.460896813] [camera]: Close Sensor. [0m
[d435i_accel_correction-2] Traceback (most recent call last):
[d435i_accel_correction-2]   File "/home/willy/ament_ws/install/stretch_core/lib/stretch_core/d435i_accel_correction", line 33, in <module>
[d435i_accel_correction-2]     sys.exit(load_entry_point('stretch-core==0.2.0', 'console_scripts', 'd435i_accel_correction')())
[d435i_accel_correction-2]   File "/home/willy/ament_ws/install/stretch_core/lib/python3.10/site-packages/stretch_core/d435i_accel_correction.py", line 47, in main
[d435i_accel_correction-2]     rclpy.spin(node)
[d435i_accel_correction-2]   File "/opt/ros/humble/local/lib/python3.10/dist-packages/rclpy/__init__.py", line 229, in spin
[d435i_accel_correction-2]     executor.spin_once()
[d435i_accel_correction-2]   File "/opt/ros/humble/local/lib/python3.10/dist-packages/rclpy/executors.py", line 808, in spin_once
[d435i_accel_correction-2]     self._spin_once_impl(timeout_sec)
[d435i_accel_correction-2]   File "/opt/ros/humble/local/lib/python3.10/dist-packages/rclpy/executors.py", line 805, in _spin_once_impl
[d435i_accel_correction-2]     raise handler.exception()
[d435i_accel_correction-2]   File "/opt/ros/humble/local/lib/python3.10/dist-packages/rclpy/task.py", line 272, in _execute_coroutine_step
[d435i_accel_correction-2]     result = coro.send(None)
[d435i_accel_correction-2]   File "/opt/ros/humble/local/lib/python3.10/dist-packages/rclpy/executors.py", line 488, in handler
[d435i_accel_correction-2]     await call_coroutine(entity, arg)
[d435i_accel_correction-2]   File "/opt/ros/humble/local/lib/python3.10/dist-packages/rclpy/executors.py", line 407, in _execute_subscription
[d435i_accel_correction-2]     await await_or_execute(sub.callback, msg)
[d435i_accel_correction-2]   File "/opt/ros/humble/local/lib/python3.10/dist-packages/rclpy/executors.py", line 110, in await_or_execute
[d435i_accel_correction-2]     return callback(*args)
[d435i_accel_correction-2]   File "/home/willy/ament_ws/install/stretch_core/lib/python3.10/site-packages/stretch_core/d435i_accel_correction.py", line 40, in accel_callback
[d435i_accel_correction-2]     self.corrected_accel_pub.publish(self.accel)
[d435i_accel_correction-2]   File "/opt/ros/humble/local/lib/python3.10/dist-packages/rclpy/publisher.py", line 70, in publish
[d435i_accel_correction-2]     self.__publisher.publish(msg)
[d435i_accel_correction-2] rclpy._rclpy_pybind11.RCLError: Failed to publish: publisher's context is invalid, at ./src/rcl/publisher.c:389
Traceback (most recent call last):
  File "/home/willy/tf.py", line 307, in <module>
    main()
  File "/home/willy/tf.py", line 304, in main
    rclpy.shutdown()
  File "/opt/ros/humble/local/lib/python3.10/dist-packages/rclpy/__init__.py", line 130, in shutdown
    _shutdown(context=context)
  File "/opt/ros/humble/local/lib/python3.10/dist-packages/rclpy/utilities.py", line 58, in shutdown
    return context.shutdown()
  File "/opt/ros/humble/local/lib/python3.10/dist-packages/rclpy/context.py", line 102, in shutdown
    self.__context.shutdown()
rclpy._rclpy_pybind11.RCLError: failed to shutdown: rcl_shutdown already called on the given context, at ./src/rcl/init.c:241
[realsense2_camera_node-1] [0m[INFO] [1775587882.899249751] [camera]: Close Sensor - Done. [0m
[ERROR] [1775587883.068854859] [rclpy.signals]: rcl_trigger_guard_condition() failed: guard condition implementation is invalid, at ./src/rcl/guard_condition.c:172
[d435i_accel_correction-2] [ERROR] [1775587883.068860243] [rclpy.signals]: rcl_trigger_guard_condition() failed: guard_condition_handle is null, at ./src/rmw_node.cpp:3822, at ./src/rcl/guard_condition.c:161
[realsense2_camera_node-1] [0m[INFO] [1775587883.068890097] [rclcpp]: signal_handler(SIGINT/SIGTERM)[0m
[ERROR] [1775587883.210871330] [rclpy.signals]: rcl_trigger_guard_condition() failed: guard condition implementation is invalid, at ./src/rcl/guard_condition.c:172
[realsense2_camera_node-1] [0m[INFO] [1775587883.210878135] [rclcpp]: signal_handler(SIGINT/SIGTERM)[0m
[d435i_accel_correction-2] [ERROR] [1775587883.210882183] [rclpy.signals]: rcl_trigger_guard_condition() failed: guard_condition_handle is null, at ./src/rmw_node.cpp:3822, at ./src/rcl/guard_condition.c:161
[ERROR] [1775587883.368945181] [rclpy.signals]: rcl_trigger_guard_condition() failed: guard condition implementation is invalid, at ./src/rcl/guard_condition.c:172
[realsense2_camera_node-1] [0m[INFO] [1775587883.369061707] [rclcpp]: signal_handler(SIGINT/SIGTERM)[0m
[d435i_accel_correction-2] [ERROR] [1775587883.369081253] [rclpy.signals]: rcl_trigger_guard_condition() failed: guard_condition_handle is null, at ./src/rmw_node.cpp:3822, at ./src/rcl/guard_condition.c:161
[ros2run]: Aborted
[ERROR] [d435i_accel_correction-2]: process has died [pid 29520, exit code 1, cmd '/home/willy/ament_ws/install/stretch_core/lib/stretch_core/d435i_accel_correction --ros-args'].
[INFO] [realsense2_camera_node-1]: process has finished cleanly [pid 29518]
