=== launch_nodes.sh started at Mon Apr 13 06:14:37 PM EDT 2026 ===
Freeing robot process...
Done!
Checking if robot needs homing...
Robot not homed. Homing now (this may take ~30s)...
For use with S T R E T C H (R) from Hello Robot Inc.
---------------------------------------------------------------------

Unable to load URDF: /home/willy/.local/lib/python3.10/site-packages/stretch_urdf/RE2V0/stretch_description_RE2V0_tool_stretch_dex_wrist.urdf. Disabling collision system.
[INFO] [robot_monitor]: Guarded contact lift
[INFO] [robot_monitor]: Wrist single tap: 8
[INFO] [robot_monitor]: Guarded contact arm
[INFO] [robot_monitor]: Wrist single tap: 12
[INFO] [robot_monitor]: Wrist single tap: 13
--------- Homing Head ----
--------- Homing Lift ----
Homing Lift...
Hardstop detected at motor position (rad) 83.37332916259766
Marking Lift position to 1.099527 (m)
Marking Lift position to 0.000000 (m)
Lift homing successful
--------- Homing Arm ----
Homing Arm...
Hardstop detected at motor position (rad) -16.15581512451172
Marking Arm position to 0.000000 (m)
Arm homing successful
Moving to first hardstop...
First hardstop contact at position (ticks): -5
-----
Homing offset was 2286
Marking current position to zero ticks
Homing offset is now  2285 (ticks)
-----
Current position (ticks): 35
Moving to calibrated zero: (rad)
Moving to first hardstop...
First hardstop contact at position (ticks): 102
-----
Homing offset was 4908
Marking current position to zero ticks
Homing offset is now  4792 (ticks)
-----
Current position (ticks): 38
Moving to calibrated zero: (rad)
Homing complete.
Launching Nav2...
Launching D435i camera...
Launching ArUco detector...
Launching Grasper...
Waiting for Nav2 action server...
[INFO] [launch]: All log files can be found below /home/willy/.ros/log/2026-04-13-18-15-18-621712-stretch-re2-2204-7244
[INFO] [launch]: Default logging verbosity is set to INFO
[INFO] [launch]: All log files can be found below /home/willy/.ros/log/2026-04-13-18-15-18-643832-stretch-re2-2204-7245
[INFO] [launch]: Default logging verbosity is set to INFO
[INFO] [launch.user]: D435i launched in high resolution
[INFO] [realsense2_camera_node-1]: process started with pid [7320]
[INFO] [d435i_accel_correction-2]: process started with pid [7322]
[d435i_accel_correction-2] [INFO] [1776118519.205826055] [d435i_accel_correction_node]: d435i_accel_correction_node started
[INFO] [1776118519.278993469] [aruco_base_frame_estimator]: aruco_base_frame_estimator started
[realsense2_camera_node-1] [0m[INFO] [1776118519.481171686] [camera]: RealSense ROS v4.55.1[0m
[realsense2_camera_node-1] [0m[INFO] [1776118519.481256385] [camera]: Built with LibRealSense v2.56.4[0m
[realsense2_camera_node-1] [0m[INFO] [1776118519.481265963] [camera]: Running with LibRealSense v2.56.4[0m
[realsense2_camera_node-1] [0m[INFO] [1776118519.502992952] [camera]: Device with serial number 239722071445 was found.
[realsense2_camera_node-1] [0m
[realsense2_camera_node-1] [0m[INFO] [1776118519.503052597] [camera]: Device with physical ID /sys/devices/pci0000:00/0000:00:0d.0/usb2/2-1/2-1:1.0/video4linux/video0 was found.[0m
[realsense2_camera_node-1] [0m[INFO] [1776118519.503058990] [camera]: Device with name Intel RealSense D435I was found.[0m
[realsense2_camera_node-1] [0m[INFO] [1776118519.503184613] [camera]: Device with port number 2-1 was found.[0m
[realsense2_camera_node-1] [0m[INFO] [1776118519.503195717] [camera]: Device USB type: 3.2[0m
[realsense2_camera_node-1] [0m[INFO] [1776118519.503201638] [camera]: Resetting device...[0m
Nav2 is up!
Waiting for D435i camera...
[INFO] [stretch_driver-3]: process started with pid [7473]
[INFO] [joint_state_publisher-1]: process started with pid [7469]
[INFO] [robot_state_publisher-2]: process started with pid [7471]
[INFO] [sllidar_node-4]: process started with pid [7475]
[INFO] [scan_to_scan_filter_chain-5]: process started with pid [7477]
[INFO] [joy_node-6]: process started with pid [7479]
[INFO] [teleop_node-7]: process started with pid [7481]
[INFO] [map_server-8]: process started with pid [7483]
[INFO] [amcl-9]: process started with pid [7485]
[INFO] [lifecycle_manager-10]: process started with pid [7487]
[INFO] [controller_server-11]: process started with pid [7489]
[INFO] [planner_server-12]: process started with pid [7491]
[INFO] [behavior_server-13]: process started with pid [7493]
[INFO] [bt_navigator-14]: process started with pid [7495]
[INFO] [waypoint_follower-15]: process started with pid [7499]
[INFO] [lifecycle_manager-16]: process started with pid [7603]
[INFO] [rviz2-17]: process started with pid [7610]
[sllidar_node-4] [INFO] [1776118519.591424619] [sllidar_node]: SLLidar running on ROS2 package SLLidar.ROS2 SDK Version:1.0.1, SLLIDAR SDK Version:2.1.0
[sllidar_node-4] [INFO] [1776118519.600714483] [sllidar_node]: SLLidar S/N: C394ED93C0EA98C9A5E698F2564A4669
[sllidar_node-4] [INFO] [1776118519.600786780] [sllidar_node]: Firmware Ver: 1.29
[sllidar_node-4] [INFO] [1776118519.600798031] [sllidar_node]: Hardware Rev: 7
[sllidar_node-4] [INFO] [1776118519.602380181] [sllidar_node]: SLLidar health status : 0
[sllidar_node-4] [INFO] [1776118519.602430137] [sllidar_node]: SLLidar health status : OK.
[scan_to_scan_filter_chain-5] [INFO] [1776118519.615955944] [laser_filter]: In shadow configure done
[scan_to_scan_filter_chain-5] [WARN] [1776118519.616411223] [rcl.logging_rosout]: Publisher already registered for provided node name. If this is due to multiple nodes with the same name then all logs for that logger name will go out over the existing publisher. As soon as any node with that name is destructed it will unregister the publisher, preventing any further logs for that name from being published on the rosout topic.
[teleop_node-7] [INFO] [1776118519.593626844] [TeleopTwistJoy]: Teleop enable button 4.
[teleop_node-7] [INFO] [1776118519.593716977] [TeleopTwistJoy]: Linear axis x on 4 at scale 0.500000.
[teleop_node-7] [INFO] [1776118519.593733690] [TeleopTwistJoy]: Angular axis yaw on 3 at scale 0.500000.
[amcl-9] [INFO] [1776118519.615938849] [amcl]: 
[amcl-9] 	amcl lifecycle node launched. 
[amcl-9] 	Waiting on external lifecycle transitions to activate
[amcl-9] 	See https://design.ros2.org/articles/node_lifecycle.html for more information.
[amcl-9] [INFO] [1776118519.619756684] [amcl]: Creating
[lifecycle_manager-10] [INFO] [1776118519.612394210] [lifecycle_manager_localization]: Creating
[lifecycle_manager-10] [INFO] [1776118519.618543758] [lifecycle_manager_localization]: [34m[1mCreating and initializing lifecycle service clients[0m[0m
[controller_server-11] [INFO] [1776118519.615982837] [controller_server]: 
[controller_server-11] 	controller_server lifecycle node launched. 
[controller_server-11] 	Waiting on external lifecycle transitions to activate
[controller_server-11] 	See https://design.ros2.org/articles/node_lifecycle.html for more information.
[planner_server-12] [INFO] [1776118519.608506753] [planner_server]: 
[planner_server-12] 	planner_server lifecycle node launched. 
[planner_server-12] 	Waiting on external lifecycle transitions to activate
[planner_server-12] 	See https://design.ros2.org/articles/node_lifecycle.html for more information.
[behavior_server-13] [INFO] [1776118519.619528265] [behavior_server]: 
[behavior_server-13] 	behavior_server lifecycle node launched. 
[behavior_server-13] 	Waiting on external lifecycle transitions to activate
[behavior_server-13] 	See https://design.ros2.org/articles/node_lifecycle.html for more information.
[waypoint_follower-15] [INFO] [1776118519.618766299] [waypoint_follower]: 
[waypoint_follower-15] 	waypoint_follower lifecycle node launched. 
[waypoint_follower-15] 	Waiting on external lifecycle transitions to activate
[waypoint_follower-15] 	See https://design.ros2.org/articles/node_lifecycle.html for more information.
[waypoint_follower-15] [INFO] [1776118519.620987357] [waypoint_follower]: Creating
[planner_server-12] [INFO] [1776118519.623448779] [planner_server]: Creating
[map_server-8] [INFO] [1776118519.625565782] [map_server]: 
[map_server-8] 	map_server lifecycle node launched. 
[map_server-8] 	Waiting on external lifecycle transitions to activate
[map_server-8] 	See https://design.ros2.org/articles/node_lifecycle.html for more information.
[map_server-8] [INFO] [1776118519.625697549] [map_server]: Creating
[lifecycle_manager-10] [INFO] [1776118519.635375308] [lifecycle_manager_localization]: [34m[1mStarting managed nodes bringup...[0m[0m
[lifecycle_manager-10] [INFO] [1776118519.635444325] [lifecycle_manager_localization]: [34m[1mConfiguring map_server[0m[0m
[planner_server-12] [INFO] [1776118519.642458623] [global_costmap.global_costmap]: 
[planner_server-12] 	global_costmap lifecycle node launched. 
[planner_server-12] 	Waiting on external lifecycle transitions to activate
[planner_server-12] 	See https://design.ros2.org/articles/node_lifecycle.html for more information.
[controller_server-11] [INFO] [1776118519.646692767] [controller_server]: Creating controller server
[map_server-8] [INFO] [1776118519.654666287] [map_server]: Configuring
[map_server-8] [INFO] [1776118519.654773786] [map_io]: Loading yaml file: /home/willy/stretch_user/maps/testing_map.yaml
[map_server-8] [INFO] [1776118519.655427091] [map_io]: resolution: 0.05
[map_server-8] [INFO] [1776118519.655446436] [map_io]: origin[0]: -11.5
[map_server-8] [INFO] [1776118519.655451780] [map_io]: origin[1]: -1.71
[map_server-8] [INFO] [1776118519.655456220] [map_io]: origin[2]: 0
[map_server-8] [INFO] [1776118519.655461050] [map_io]: free_thresh: 0.25
[map_server-8] [INFO] [1776118519.655465266] [map_io]: occupied_thresh: 0.65
[map_server-8] [INFO] [1776118519.655470634] [map_io]: mode: trinary
[map_server-8] [INFO] [1776118519.655475769] [map_io]: negate: 0
[planner_server-12] [INFO] [1776118519.658381808] [global_costmap.global_costmap]: Creating Costmap
[map_server-8] [INFO] [1776118519.660173686] [map_io]: Loading image_file: /home/willy/stretch_user/maps/testing_map.pgm
[lifecycle_manager-16] [INFO] [1776118519.664995810] [lifecycle_manager_navigation]: Creating
[controller_server-11] [INFO] [1776118519.665601234] [local_costmap.local_costmap]: 
[controller_server-11] 	local_costmap lifecycle node launched. 
[controller_server-11] 	Waiting on external lifecycle transitions to activate
[controller_server-11] 	See https://design.ros2.org/articles/node_lifecycle.html for more information.
[controller_server-11] [INFO] [1776118519.667254354] [local_costmap.local_costmap]: Creating Costmap
[lifecycle_manager-16] [INFO] [1776118519.671674023] [lifecycle_manager_navigation]: [34m[1mCreating and initializing lifecycle service clients[0m[0m
[map_server-8] [INFO] [1776118519.676374513] [map_io]: Read map /home/willy/stretch_user/maps/testing_map.pgm: 416 X 249 map @ 0.05 m/cell
[lifecycle_manager-10] [INFO] [1776118519.686140863] [lifecycle_manager_localization]: [34m[1mConfiguring amcl[0m[0m
[amcl-9] [INFO] [1776118519.686801132] [amcl]: Configuring
[amcl-9] [INFO] [1776118519.686925552] [amcl]: initTransforms
[bt_navigator-14] [INFO] [1776118519.688785730] [bt_navigator]: 
[bt_navigator-14] 	bt_navigator lifecycle node launched. 
[bt_navigator-14] 	Waiting on external lifecycle transitions to activate
[bt_navigator-14] 	See https://design.ros2.org/articles/node_lifecycle.html for more information.
[bt_navigator-14] [INFO] [1776118519.689002489] [bt_navigator]: Creating
[lifecycle_manager-16] [INFO] [1776118519.693460145] [lifecycle_manager_navigation]: [34m[1mStarting managed nodes bringup...[0m[0m
[lifecycle_manager-16] [INFO] [1776118519.693539274] [lifecycle_manager_navigation]: [34m[1mConfiguring controller_server[0m[0m
[controller_server-11] [INFO] [1776118519.693757592] [controller_server]: Configuring controller interface
[controller_server-11] [INFO] [1776118519.693979797] [controller_server]: getting goal checker plugins..
[controller_server-11] [INFO] [1776118519.694088683] [controller_server]: Controller frequency set to 20.0000Hz
[controller_server-11] [INFO] [1776118519.694127084] [local_costmap.local_costmap]: Configuring
[amcl-9] [INFO] [1776118519.696355068] [amcl]: initPubSub
[controller_server-11] [INFO] [1776118519.697588866] [local_costmap.local_costmap]: Using plugin "obstacle_layer"
[amcl-9] [INFO] [1776118519.699732809] [amcl]: Subscribed to map topic.
[lifecycle_manager-10] [INFO] [1776118519.703409162] [lifecycle_manager_localization]: [34m[1mActivating map_server[0m[0m
[map_server-8] [INFO] [1776118519.703586589] [map_server]: Activating
[map_server-8] [INFO] [1776118519.703914447] [map_server]: Creating bond (map_server) to lifecycle manager.
[amcl-9] [INFO] [1776118519.704134725] [amcl]: Received a 416 X 249 map @ 0.050 m/pix
[controller_server-11] [INFO] [1776118519.706643821] [local_costmap.local_costmap]: Subscribed to Topics: scan
[controller_server-11] [INFO] [1776118519.709943115] [local_costmap.local_costmap]: Initialized plugin "obstacle_layer"
[controller_server-11] [INFO] [1776118519.710011630] [local_costmap.local_costmap]: Using plugin "voxel_layer"
[controller_server-11] [INFO] [1776118519.710687513] [local_costmap.local_costmap]: Subscribed to Topics: scan
[controller_server-11] [INFO] [1776118519.713626628] [local_costmap.local_costmap]: Initialized plugin "voxel_layer"
[controller_server-11] [INFO] [1776118519.713683388] [local_costmap.local_costmap]: Using plugin "inflation_layer"
[controller_server-11] [INFO] [1776118519.714499696] [local_costmap.local_costmap]: Initialized plugin "inflation_layer"
[controller_server-11] [INFO] [1776118519.726247971] [controller_server]: Created progress_checker : progress_checker of type nav2_controller::SimpleProgressChecker
[controller_server-11] [INFO] [1776118519.730456146] [controller_server]: Created goal checker : general_goal_checker of type nav2_controller::SimpleGoalChecker
[controller_server-11] [INFO] [1776118519.732638789] [controller_server]: Controller Server has general_goal_checker  goal checkers available.
[controller_server-11] [INFO] [1776118519.743135740] [controller_server]: Created controller : FollowPath of type dwb_core::DWBLocalPlanner
[controller_server-11] [INFO] [1776118519.749224742] [controller_server]: Setting transform_tolerance to 0.200000
[controller_server-11] [INFO] [1776118519.772846355] [controller_server]: Using critic "RotateToGoal" (dwb_critics::RotateToGoalCritic)
[controller_server-11] [INFO] [1776118519.776500105] [controller_server]: Critic plugin initialized
[controller_server-11] [INFO] [1776118519.777193143] [controller_server]: Using critic "Oscillation" (dwb_critics::OscillationCritic)
[controller_server-11] [INFO] [1776118519.779535954] [controller_server]: Critic plugin initialized
[controller_server-11] [INFO] [1776118519.780112798] [controller_server]: Using critic "BaseObstacle" (dwb_critics::BaseObstacleCritic)
[controller_server-11] [INFO] [1776118519.780398663] [controller_server]: Critic plugin initialized
[controller_server-11] [INFO] [1776118519.780560880] [controller_server]: Using critic "GoalAlign" (dwb_critics::GoalAlignCritic)
[controller_server-11] [INFO] [1776118519.780999733] [controller_server]: Critic plugin initialized
[controller_server-11] [INFO] [1776118519.781152774] [controller_server]: Using critic "PathAlign" (dwb_critics::PathAlignCritic)
[controller_server-11] [INFO] [1776118519.781562222] [controller_server]: Critic plugin initialized
[controller_server-11] [INFO] [1776118519.781722372] [controller_server]: Using critic "PathDist" (dwb_critics::PathDistCritic)
[controller_server-11] [INFO] [1776118519.782015738] [controller_server]: Critic plugin initialized
[controller_server-11] [INFO] [1776118519.782173748] [controller_server]: Using critic "GoalDist" (dwb_critics::GoalDistCritic)
[controller_server-11] [INFO] [1776118519.782459581] [controller_server]: Critic plugin initialized
[controller_server-11] [INFO] [1776118519.782606702] [controller_server]: Using critic "PreferForward" (dwb_critics::PreferForwardCritic)
[controller_server-11] [INFO] [1776118519.783218312] [controller_server]: Critic plugin initialized
[controller_server-11] [INFO] [1776118519.783245661] [controller_server]: Controller Server has FollowPath  controllers available.
[lifecycle_manager-16] [INFO] [1776118519.796574613] [lifecycle_manager_navigation]: [34m[1mConfiguring planner_server[0m[0m
[planner_server-12] [INFO] [1776118519.796777932] [planner_server]: Configuring
[planner_server-12] [INFO] [1776118519.796811826] [global_costmap.global_costmap]: Configuring
[sllidar_node-4] [INFO] [1776118519.803049251] [sllidar_node]: current scan mode: Boost, sample rate: 8 Khz, max_distance: 12.0 m, scan frequency:10.0 Hz, 
[planner_server-12] [INFO] [1776118519.805321030] [global_costmap.global_costmap]: Using plugin "static_layer"
[lifecycle_manager-10] [INFO] [1776118519.807587828] [lifecycle_manager_localization]: Server map_server connected with bond.
[lifecycle_manager-10] [INFO] [1776118519.807634635] [lifecycle_manager_localization]: [34m[1mActivating amcl[0m[0m
[amcl-9] [INFO] [1776118519.807967307] [amcl]: Activating
[amcl-9] [INFO] [1776118519.808006900] [amcl]: Creating bond (amcl) to lifecycle manager.
[planner_server-12] [INFO] [1776118519.816087662] [global_costmap.global_costmap]: Subscribing to the map topic (/map) with transient local durability
[planner_server-12] [INFO] [1776118519.817773744] [global_costmap.global_costmap]: Initialized plugin "static_layer"
[planner_server-12] [INFO] [1776118519.817816278] [global_costmap.global_costmap]: Using plugin "obstacle_layer"
[planner_server-12] [INFO] [1776118519.820045484] [global_costmap.global_costmap]: Subscribed to Topics: scan
[planner_server-12] [INFO] [1776118519.826096348] [global_costmap.global_costmap]: Initialized plugin "obstacle_layer"
[planner_server-12] [INFO] [1776118519.826140815] [global_costmap.global_costmap]: Using plugin "voxel_layer"
[planner_server-12] [INFO] [1776118519.828669003] [global_costmap.global_costmap]: Subscribed to Topics: scan
[planner_server-12] [INFO] [1776118519.837451694] [global_costmap.global_costmap]: Initialized plugin "voxel_layer"
[planner_server-12] [INFO] [1776118519.838086743] [global_costmap.global_costmap]: Using plugin "inflation_layer"
[planner_server-12] [INFO] [1776118519.840899970] [global_costmap.global_costmap]: Initialized plugin "inflation_layer"
[planner_server-12] [INFO] [1776118519.852563136] [global_costmap.global_costmap]: StaticLayer: Resizing costmap to 416 X 249 at 0.050000 m/pix
[planner_server-12] [INFO] [1776118519.853921234] [planner_server]: Created global planner plugin GridBased of type nav2_navfn_planner/NavfnPlanner
[planner_server-12] [INFO] [1776118519.853961356] [planner_server]: Configuring plugin GridBased of type NavfnPlanner
[planner_server-12] [INFO] [1776118519.854344518] [planner_server]: Planner Server has GridBased  planners available.
[lifecycle_manager-16] [INFO] [1776118519.868334083] [lifecycle_manager_navigation]: [34m[1mConfiguring behavior_server[0m[0m
[behavior_server-13] [INFO] [1776118519.868560655] [behavior_server]: Configuring
[behavior_server-13] [INFO] [1776118519.879827593] [behavior_server]: Creating behavior plugin spin of type nav2_behaviors/Spin
[behavior_server-13] [INFO] [1776118519.881461463] [behavior_server]: Configuring spin
[behavior_server-13] [INFO] [1776118519.889505949] [behavior_server]: Creating behavior plugin backup of type nav2_behaviors/BackUp
[behavior_server-13] [INFO] [1776118519.891250242] [behavior_server]: Configuring backup
[behavior_server-13] [INFO] [1776118519.899940662] [behavior_server]: Creating behavior plugin drive_on_heading of type nav2_behaviors/DriveOnHeading
[behavior_server-13] [INFO] [1776118519.901715527] [behavior_server]: Configuring drive_on_heading
[behavior_server-13] [INFO] [1776118519.907052897] [behavior_server]: Creating behavior plugin assisted_teleop of type nav2_behaviors/AssistedTeleop
[lifecycle_manager-10] [INFO] [1776118519.914076585] [lifecycle_manager_localization]: Server amcl connected with bond.
[lifecycle_manager-10] [INFO] [1776118519.914130780] [lifecycle_manager_localization]: [34m[1mManaged nodes are active[0m[0m
[lifecycle_manager-10] [INFO] [1776118519.914148579] [lifecycle_manager_localization]: [34m[1mCreating bond timer...[0m[0m
[behavior_server-13] [INFO] [1776118519.914967111] [behavior_server]: Configuring assisted_teleop
[behavior_server-13] [INFO] [1776118519.917334781] [behavior_server]: Creating behavior plugin wait of type nav2_behaviors/Wait
[behavior_server-13] [INFO] [1776118519.923148845] [behavior_server]: Configuring wait
[lifecycle_manager-16] [INFO] [1776118519.927753952] [lifecycle_manager_navigation]: [34m[1mConfiguring bt_navigator[0m[0m
[bt_navigator-14] [INFO] [1776118519.928033469] [bt_navigator]: Configuring
[lifecycle_manager-16] [INFO] [1776118520.052222814] [lifecycle_manager_navigation]: [34m[1mConfiguring waypoint_follower[0m[0m
[waypoint_follower-15] [INFO] [1776118520.052455460] [waypoint_follower]: Configuring
[waypoint_follower-15] [INFO] [1776118520.074817858] [waypoint_follower]: Created waypoint_task_executor : wait_at_waypoint of type nav2_waypoint_follower::WaitAtWaypoint
[lifecycle_manager-16] [INFO] [1776118520.076479417] [lifecycle_manager_navigation]: [34m[1mActivating controller_server[0m[0m
[controller_server-11] [INFO] [1776118520.076698525] [controller_server]: Activating
[controller_server-11] [INFO] [1776118520.076744977] [local_costmap.local_costmap]: Activating
[controller_server-11] [INFO] [1776118520.076759940] [local_costmap.local_costmap]: Checking transform
[controller_server-11] [INFO] [1776118520.076822738] [local_costmap.local_costmap]: Timed out waiting for transform from base_link to odom to become available, tf error: Invalid frame ID "odom" passed to canTransform argument target_frame - frame does not exist
[joy_node-6] [INFO] [1776118520.319697905] [joy_node]: No haptic (rumble) available, skipping initialization
[joy_node-6] [INFO] [1776118520.319801390] [joy_node]: Opened joystick: 3Dconnexion Universal Receiver.  deadzone: 0.050000
[INFO] [1776118520.399804077] [object_grasper]: object_grasper started
[controller_server-11] [INFO] [1776118520.576879677] [local_costmap.local_costmap]: Timed out waiting for transform from base_link to odom to become available, tf error: Invalid frame ID "odom" passed to canTransform argument target_frame - frame does not exist
[scan_to_scan_filter_chain-5] [WARN] [1776118520.607994183] [laser_filter]: diagnostic_updater: No HW_ID was set. This is probably a bug. Please report it. For devices that do not have a HW_ID, set this value to 'none'. This warning only occurs once all diagnostics are OK. It is okay to wait until the device is open before calling setHardwareID.
[stretch_driver-3] [0m[INFO] [1776118520.823380162] [stretch_driver]: For use with S T R E T C H (TM) RESEARCH EDITION from Hello Robot Inc.[0m
[stretch_driver-3] [0m[INFO] [1776118520.823759691] [stretch_driver]: stretch_driver started[0m
[controller_server-11] [INFO] [1776118521.076869501] [local_costmap.local_costmap]: Timed out waiting for transform from base_link to odom to become available, tf error: Invalid frame ID "odom" passed to canTransform argument target_frame - frame does not exist
[stretch_driver-3] Key mapped to End-Of-Arm Tool: tool_stretch_dex_wrist
[stretch_driver-3] Unable to load URDF: /home/willy/.local/lib/python3.10/site-packages/stretch_urdf/RE2V0/stretch_description_RE2V0_tool_stretch_dex_wrist.urdf. Disabling collision system.
[controller_server-11] [INFO] [1776118521.576880591] [local_costmap.local_costmap]: Timed out waiting for transform from base_link to odom to become available, tf error: Invalid frame ID "odom" passed to canTransform argument target_frame - frame does not exist
[controller_server-11] [INFO] [1776118522.076868581] [local_costmap.local_costmap]: Timed out waiting for transform from base_link to odom to become available, tf error: Invalid frame ID "odom" passed to canTransform argument target_frame - frame does not exist
[rviz2-17] [INFO] [1776118522.158518363] [rviz2]: Stereo is NOT SUPPORTED
[rviz2-17] [INFO] [1776118522.158585023] [rviz2]: OpenGl version: 4.5 (GLSL 4.5)
[amcl-9] [INFO] [1776118522.159751415] [amcl]: Message Filter dropping message: frame 'laser' at time 1776118519.803 for reason 'the timestamp on the message is earlier than all the data in the transform cache'
[rviz2-17] [INFO] [1776118522.456679564] [rviz2]: Stereo is NOT SUPPORTED
[amcl-9] [WARN] [1776118522.547147712] [amcl]: New subscription discovered on topic '/particle_cloud', requesting incompatible QoS. No messages will be sent to it. Last incompatible policy: RELIABILITY_QOS_POLICY
[stretch_driver-3] [0m[INFO] [1776118522.563424595] [stretch_driver]: broadcast_odom_tf = True[0m
[controller_server-11] [INFO] [1776118522.576875290] [local_costmap.local_costmap]: Timed out waiting for transform from base_link to odom to become available, tf error: Invalid frame ID "odom" passed to canTransform argument target_frame - frame does not exist
[stretch_driver-3] [0m[INFO] [1776118522.593334932] [stretch_driver]: rate = 30.0 Hz[0m
[stretch_driver-3] [0m[INFO] [1776118522.595421481] [stretch_driver]: twist timeout = 0.5 s[0m
[stretch_driver-3] [0m[INFO] [1776118522.596154569] [stretch_driver]: base_frame_id = base_link[0m
[stretch_driver-3] [0m[INFO] [1776118522.598049594] [stretch_driver]: odom_frame_id = odom[0m
[stretch_driver-3] [0m[INFO] [1776118522.671121737] [stretch_driver]: Changed to mode = navigation[0m
[INFO] [1776118522.692136119] [object_grasper]: Node object_grasper connected to /home_the_robot service.
[INFO] [1776118522.693438847] [object_grasper]: Node object_grasper connected to /stow_the_robot service.
[INFO] [1776118522.694784381] [object_grasper]: Node object_grasper connected to /stop_the_robot service.
[INFO] [1776118522.696149965] [object_grasper]: Node object_grasper connected to /switch_to_trajectory_mode service.
[INFO] [1776118522.697416259] [object_grasper]: Node object_grasper connected to /switch_to_position_mode service.
[INFO] [1776118522.698594783] [object_grasper]: Node object_grasper connected to /switch_to_navigation_mode service.
/home/willy/.local/lib/python3.10/site-packages/ikpy/urdf/URDF.py:261: UserWarning: Joint joint_mast is of type: fixed, but has an 'axis' attribute defined. This is not in the URDF spec and thus this axis is ignored
  warnings.warn("Joint {} is of type: fixed, but has an 'axis' attribute defined. This is not in the URDF spec and thus this axis is ignored".format(joint.attrib["name"]))
[INFO] [1776118522.863583004] [aruco_base_frame_estimator]: Node aruco_base_frame_estimator connected to /home_the_robot service.
[INFO] [1776118522.867249279] [aruco_base_frame_estimator]: Node aruco_base_frame_estimator connected to /stow_the_robot service.
[INFO] [1776118522.869321547] [aruco_base_frame_estimator]: Node aruco_base_frame_estimator connected to /stop_the_robot service.
[INFO] [1776118522.870373196] [aruco_base_frame_estimator]: Node aruco_base_frame_estimator connected to /switch_to_trajectory_mode service.
[INFO] [1776118522.873657471] [aruco_base_frame_estimator]: Node aruco_base_frame_estimator connected to /switch_to_position_mode service.
[INFO] [1776118522.877786254] [aruco_base_frame_estimator]: Node aruco_base_frame_estimator connected to /switch_to_navigation_mode service.
[INFO] [1776118522.878330781] [aruco_base_frame_estimator]: Moving head camera to detection orientation...
[WARN] [1776118522.878667419] [aruco_base_frame_estimator]: Currently in navigation mode. Recommend switching either to position or trajectory mode
[WARN] [1776118522.881130632] [aruco_base_frame_estimator]: Commanding joint trajectory server in position mode
[stretch_driver-3] [0m[INFO] [1776118522.886642546] [stretch_driver]: Received goal request[0m
[stretch_driver-3] [0m[INFO] [1776118522.892895016] [stretch_driver]: stretch_driver joint_traj action: New trajectory received with joint_names = ['joint_head_pan', 'joint_head_tilt'][0m
/home/willy/.local/lib/python3.10/site-packages/ikpy/urdf/URDF.py:261: UserWarning: Joint joint_arm_l4 is of type: fixed, but has an 'axis' attribute defined. This is not in the URDF spec and thus this axis is ignored
  warnings.warn("Joint {} is of type: fixed, but has an 'axis' attribute defined. This is not in the URDF spec and thus this axis is ignored".format(joint.attrib["name"]))
[amcl-9] [INFO] [1776118522.952612556] [amcl]: createLaserObject
[amcl-9] [WARN] [1776118522.972271424] [amcl]: AMCL cannot publish a pose or update the transform. Please set the initial pose...
/home/willy/.local/lib/python3.10/site-packages/ikpy/urdf/URDF.py:261: UserWarning: Joint joint_wrist_yaw_bottom is of type: fixed, but has an 'axis' attribute defined. This is not in the URDF spec and thus this axis is ignored
  warnings.warn("Joint {} is of type: fixed, but has an 'axis' attribute defined. This is not in the URDF spec and thus this axis is ignored".format(joint.attrib["name"]))
/home/willy/.local/lib/python3.10/site-packages/ikpy/urdf/URDF.py:261: UserWarning: Joint joint_gripper_s3_body is of type: fixed, but has an 'axis' attribute defined. This is not in the URDF spec and thus this axis is ignored
  warnings.warn("Joint {} is of type: fixed, but has an 'axis' attribute defined. This is not in the URDF spec and thus this axis is ignored".format(joint.attrib["name"]))
/home/willy/.local/lib/python3.10/site-packages/ikpy/urdf/URDF.py:261: UserWarning: Joint joint_grasp_center is of type: fixed, but has an 'axis' attribute defined. This is not in the URDF spec and thus this axis is ignored
  warnings.warn("Joint {} is of type: fixed, but has an 'axis' attribute defined. This is not in the URDF spec and thus this axis is ignored".format(joint.attrib["name"]))
/home/willy/.local/lib/python3.10/site-packages/ikpy/chain.py:60: UserWarning: Link Base link (index: 0) is of type 'fixed' but set as active in the active_links_mask. In practice, this fixed link doesn't provide any transformation so is as it were inactive
  warnings.warn("Link {} (index: {}) is of type 'fixed' but set as active in the active_links_mask. In practice, this fixed link doesn't provide any transformation so is as it were inactive".format(link.name, link_index))
/home/willy/.local/lib/python3.10/site-packages/ikpy/chain.py:60: UserWarning: Link joint_mast (index: 2) is of type 'fixed' but set as active in the active_links_mask. In practice, this fixed link doesn't provide any transformation so is as it were inactive
  warnings.warn("Link {} (index: {}) is of type 'fixed' but set as active in the active_links_mask. In practice, this fixed link doesn't provide any transformation so is as it were inactive".format(link.name, link_index))
/home/willy/.local/lib/python3.10/site-packages/ikpy/chain.py:60: UserWarning: Link joint_arm_l4 (index: 4) is of type 'fixed' but set as active in the active_links_mask. In practice, this fixed link doesn't provide any transformation so is as it were inactive
  warnings.warn("Link {} (index: {}) is of type 'fixed' but set as active in the active_links_mask. In practice, this fixed link doesn't provide any transformation so is as it were inactive".format(link.name, link_index))
/home/willy/.local/lib/python3.10/site-packages/ikpy/chain.py:60: UserWarning: Link joint_wrist_yaw_bottom (index: 10) is of type 'fixed' but set as active in the active_links_mask. In practice, this fixed link doesn't provide any transformation so is as it were inactive
  warnings.warn("Link {} (index: {}) is of type 'fixed' but set as active in the active_links_mask. In practice, this fixed link doesn't provide any transformation so is as it were inactive".format(link.name, link_index))
/home/willy/.local/lib/python3.10/site-packages/ikpy/chain.py:60: UserWarning: Link joint_gripper_s3_body (index: 13) is of type 'fixed' but set as active in the active_links_mask. In practice, this fixed link doesn't provide any transformation so is as it were inactive
  warnings.warn("Link {} (index: {}) is of type 'fixed' but set as active in the active_links_mask. In practice, this fixed link doesn't provide any transformation so is as it were inactive".format(link.name, link_index))
/home/willy/.local/lib/python3.10/site-packages/ikpy/chain.py:60: UserWarning: Link joint_grasp_center (index: 14) is of type 'fixed' but set as active in the active_links_mask. In practice, this fixed link doesn't provide any transformation so is as it were inactive
  warnings.warn("Link {} (index: {}) is of type 'fixed' but set as active in the active_links_mask. In practice, this fixed link doesn't provide any transformation so is as it were inactive".format(link.name, link_index))
[INFO] [1776118523.033428485] [object_grasper]: ============================================================
[INFO] [1776118523.033703332] [object_grasper]: ObjectGrasper ready — waiting for ArUco detections
[INFO] [1776118523.033932828] [object_grasper]: Listening on: /aruco/target_base_link
[INFO] [1776118523.034122150] [object_grasper]: Call service: ros2 service call /grasp_object std_srvs/srv/Trigger {}
[INFO] [1776118523.034301670] [object_grasper]: ============================================================
[controller_server-11] [INFO] [1776118523.077052120] [local_costmap.local_costmap]: start
[controller_server-11] [INFO] [1776118523.279073276] [controller_server]: Creating bond (controller_server) to lifecycle manager.
[lifecycle_manager-16] [INFO] [1776118523.383635186] [lifecycle_manager_navigation]: Server controller_server connected with bond.
[lifecycle_manager-16] [INFO] [1776118523.383701682] [lifecycle_manager_navigation]: [34m[1mActivating planner_server[0m[0m
[planner_server-12] [INFO] [1776118523.383992320] [planner_server]: Activating
[planner_server-12] [INFO] [1776118523.384049937] [global_costmap.global_costmap]: Activating
[planner_server-12] [INFO] [1776118523.384069649] [global_costmap.global_costmap]: Checking transform
[planner_server-12] [INFO] [1776118523.384106559] [global_costmap.global_costmap]: Timed out waiting for transform from base_link to map to become available, tf error: Invalid frame ID "map" passed to canTransform argument target_frame - frame does not exist
[stretch_driver-3] -------------------------------------------
[stretch_driver-3] Finished goal
[stretch_driver-3] [0m[INFO] [1776118523.682405575] [stretch_driver]: stretch_driver joint_traj action: Achieved all target points.[0m
[INFO] [1776118523.684715008] [aruco_base_frame_estimator]: Head camera at detection pose — starting ArUco detection.
[INFO] [1776118523.689482922] [aruco_base_frame_estimator]: Waiting for camera TF (base_link -> camera_color_optical_frame)...
[INFO] [1776118523.737984419] [aruco_base_frame_estimator]: Camera pose acquired:
[INFO] [1776118523.738250667] [aruco_base_frame_estimator]:   Position  : X=+0.0125  Y=-0.0514  Z=+1.2865  (m)
[INFO] [1776118523.738436951] [aruco_base_frame_estimator]:   RPY (deg) : R=-179.16  P=+59.10  Y=+97.54
[INFO] [1776118523.743686989] [aruco_base_frame_estimator]: ============================================================
[INFO] [1776118523.743942618] [aruco_base_frame_estimator]: ArUco Base Frame Estimator Started
[INFO] [1776118523.744112767] [aruco_base_frame_estimator]: Target Marker ID: 202
[INFO] [1776118523.744267857] [aruco_base_frame_estimator]: Marker size: 2.8 cm
[INFO] [1776118523.744421026] [aruco_base_frame_estimator]: Detection timeout: 0.0s (0 = live frames only)
[INFO] [1776118523.744581105] [aruco_base_frame_estimator]: Publishing target on: /aruco/target_base_link
[INFO] [1776118523.744750838] [aruco_base_frame_estimator]: ============================================================
[planner_server-12] [INFO] [1776118523.884165048] [global_costmap.global_costmap]: Timed out waiting for transform from base_link to map to become available, tf error: Invalid frame ID "map" passed to canTransform argument target_frame - frame does not exist
[planner_server-12] [INFO] [1776118524.384162584] [global_costmap.global_costmap]: Timed out waiting for transform from base_link to map to become available, tf error: Invalid frame ID "map" passed to canTransform argument target_frame - frame does not exist
[planner_server-12] [INFO] [1776118524.884166515] [global_costmap.global_costmap]: Timed out waiting for transform from base_link to map to become available, tf error: Invalid frame ID "map" passed to canTransform argument target_frame - frame does not exist
[amcl-9] [WARN] [1776118525.040150548] [amcl]: AMCL cannot publish a pose or update the transform. Please set the initial pose...
[planner_server-12] [INFO] [1776118525.384175188] [global_costmap.global_costmap]: Timed out waiting for transform from base_link to map to become available, tf error: Invalid frame ID "map" passed to canTransform argument target_frame - frame does not exist
[rviz2-17] [INFO] [1776118525.413661383] [rviz2]: Trying to create a map of size 416 x 249 using 1 swatches
[realsense2_camera_node-1] [0m[INFO] [1776118525.578315364] [camera]: Device with serial number 239722071445 was found.
[realsense2_camera_node-1] [0m
[realsense2_camera_node-1] [0m[INFO] [1776118525.578453254] [camera]: Device with physical ID /sys/devices/pci0000:00/0000:00:0d.0/usb2/2-1/2-1:1.0/video4linux/video0 was found.[0m
[realsense2_camera_node-1] [0m[INFO] [1776118525.578487485] [camera]: Device with name Intel RealSense D435I was found.[0m
[realsense2_camera_node-1] [0m[INFO] [1776118525.578768636] [camera]: Device with port number 2-1 was found.[0m
[realsense2_camera_node-1] [0m[INFO] [1776118525.578864639] [camera]: Device USB type: 3.2[0m
[realsense2_camera_node-1] [0m[INFO] [1776118525.586311011] [camera]: getParameters...[0m
[rviz2-17] [ERROR] [1776118525.652396553] [rviz2]: Vertex Program:rviz/glsl120/indexed_8bit_image.vert Fragment Program:rviz/glsl120/indexed_8bit_image.frag GLSL link result : 
[rviz2-17] active samplers with a different type refer to the same texture image unit
[realsense2_camera_node-1] [0m[INFO] [1776118525.878958645] [camera]: JSON file is loaded! (/home/willy/ament_ws/install/stretch_core/share/stretch_core/config/HighAccuracyPreset.json)[0m
[realsense2_camera_node-1] [0m[INFO] [1776118525.879023626] [camera]: Device Name: Intel RealSense D435I[0m
[realsense2_camera_node-1] [0m[INFO] [1776118525.879034693] [camera]: Device Serial No: 239722071445[0m
[realsense2_camera_node-1] [0m[INFO] [1776118525.879043509] [camera]: Device physical port: /sys/devices/pci0000:00/0000:00:0d.0/usb2/2-1/2-1:1.0/video4linux/video0[0m
[realsense2_camera_node-1] [0m[INFO] [1776118525.879053604] [camera]: Device FW version: 5.16.0.1[0m
[realsense2_camera_node-1] [0m[INFO] [1776118525.879060971] [camera]: Device Product ID: 0x0B3A[0m
[realsense2_camera_node-1] [0m[INFO] [1776118525.879068371] [camera]: Sync Mode: On[0m
[planner_server-12] [INFO] [1776118525.884162048] [global_costmap.global_costmap]: Timed out waiting for transform from base_link to map to become available, tf error: Invalid frame ID "map" passed to canTransform argument target_frame - frame does not exist
[realsense2_camera_node-1] [33m[WARN] [1776118525.966264715] [camera]: re-enable the stream for the change to take effect.[0m
[realsense2_camera_node-1] [33m[WARN] [1776118525.966799564] [camera]: re-enable the stream for the change to take effect.[0m
[realsense2_camera_node-1] [33m[WARN] [1776118525.975516910] [camera]: re-enable the stream for the change to take effect.[0m
[realsense2_camera_node-1] [31m[ERROR] [1776118525.977351877] [camera]: Given value, 63 is invalid. Set ROS param back to: 100[0m
[realsense2_camera_node-1] [0m[INFO] [1776118525.988434716] [camera]: Stopping Sensor: Depth Module[0m
[realsense2_camera_node-1] [0m[INFO] [1776118525.988534921] [camera]: Stopping Sensor: RGB Camera[0m
[realsense2_camera_node-1] [0m[INFO] [1776118525.988569587] [camera]: Stopping Sensor: Motion Module[0m
[realsense2_camera_node-1] [0m[INFO] [1776118526.012594653] [camera]: Starting Sensor: Depth Module[0m
[realsense2_camera_node-1] [0m[INFO] [1776118526.015918828] [camera]: Open profile: stream_type: Depth(0), Format: Z16, Width: 1280, Height: 720, FPS: 15[0m
[realsense2_camera_node-1] [0m[INFO] [1776118526.022733729] [camera]: Starting Sensor: RGB Camera[0m
[realsense2_camera_node-1] [0m[INFO] [1776118526.025429037] [camera]: Open profile: stream_type: Color(0), Format: RGB8, Width: 1280, Height: 720, FPS: 15[0m
[realsense2_camera_node-1] [0m[INFO] [1776118526.051207215] [camera]: Starting Sensor: Motion Module[0m
[realsense2_camera_node-1] [0m[INFO] [1776118526.053205867] [camera]: Open profile: stream_type: Accel(0)Format: MOTION_XYZ32F, FPS: 100[0m
[realsense2_camera_node-1] [0m[INFO] [1776118526.053270004] [camera]: Open profile: stream_type: Gyro(0)Format: MOTION_XYZ32F, FPS: 200[0m
[realsense2_camera_node-1] [0m[INFO] [1776118526.055366352] [camera]: RealSense Node Is Up![0m
[planner_server-12] [INFO] [1776118526.384181102] [global_costmap.global_costmap]: Timed out waiting for transform from base_link to map to become available, tf error: Invalid frame ID "map" passed to canTransform argument target_frame - frame does not exist
[INFO] [1776118526.787957269] [aruco_base_frame_estimator]: Saved: base_detections/frame_1776118526.jpg
[planner_server-12] [INFO] [1776118526.884275942] [global_costmap.global_costmap]: Timed out waiting for transform from base_link to map to become available, tf error: Invalid frame ID "map" passed to canTransform argument target_frame - frame does not exist
Camera ready!
Setting initial pose...
[amcl-9] [WARN] [1776118527.116126952] [amcl]: AMCL cannot publish a pose or update the transform. Please set the initial pose...
[planner_server-12] [INFO] [1776118527.384169912] [global_costmap.global_costmap]: Timed out waiting for transform from base_link to map to become available, tf error: Invalid frame ID "map" passed to canTransform argument target_frame - frame does not exist
[planner_server-12] [INFO] [1776118527.884162653] [global_costmap.global_costmap]: Timed out waiting for transform from base_link to map to become available, tf error: Invalid frame ID "map" passed to canTransform argument target_frame - frame does not exist
[rviz2-17] [INFO] [1776118528.001750213] [rviz]: Message Filter dropping message: frame 'laser' at time 1776118523.849 for reason 'discarding message because the queue is full'
[rviz2-17] [INFO] [1776118528.002067534] [rviz]: Message Filter dropping message: frame 'odom' at time 1776118523.672 for reason 'discarding message because the queue is full'
publisher: beginning loop
publishing #1: geometry_msgs.msg.PoseWithCovarianceStamped(header=std_msgs.msg.Header(stamp=builtin_interfaces.msg.Time(sec=0, nanosec=0), frame_id='map'), pose=geometry_msgs.msg.PoseWithCovariance(pose=geometry_msgs.msg.Pose(position=geometry_msgs.msg.Point(x=1.1141, y=1.191, z=0.0), orientation=geometry_msgs.msg.Quaternion(x=0.0, y=0.0, z=0.62467433, w=0.78088538)), covariance=array([0.25, 0.  , 0.  , 0.  , 0.  , 0.  , 0.  , 0.25, 0.  , 0.  , 0.  ,
       0.  , 0.  , 0.  , 0.  , 0.  , 0.  , 0.  , 0.  , 0.  , 0.  , 0.  ,
       0.  , 0.  , 0.  , 0.  , 0.  , 0.  , 0.  , 0.  , 0.  , 0.  , 0.  ,
       0.  , 0.  , 0.07])))

[amcl-9] [INFO] [1776118528.383495790] [amcl]: initialPoseReceived
[amcl-9] [WARN] [1776118528.383783937] [amcl]: Failed to transform initial pose in time (Lookup would require extrapolation into the future.  Requested time 1776118528.383545 but the latest data is at time 1776118528.372186, when looking up transform from frame [base_footprint] to frame [odom])
[amcl-9] [INFO] [1776118528.383809926] [amcl]: Setting pose (1776118528.383810): 1.114 1.191 1.349
[planner_server-12] [INFO] [1776118528.384166282] [global_costmap.global_costmap]: Timed out waiting for transform from base_link to map to become available, tf error: Invalid frame ID "map" passed to canTransform argument target_frame - frame does not exist
Waiting for AMCL to localize...
[planner_server-12] [INFO] [1776118528.884234196] [global_costmap.global_costmap]: Timed out waiting for transform from base_link to map to become available, tf error: Lookup would require extrapolation into the past.  Requested time 1776118528.872771 but the earliest data is at time 1776118529.307252, when looking up transform from frame [base_link] to frame [map]
[planner_server-12] [INFO] [1776118529.384280216] [global_costmap.global_costmap]: start
[INFO] [1776118529.822735528] [aruco_base_frame_estimator]: Saved: base_detections/frame_1776118529.jpg
AMCL localized!
=== All nodes ready. Writing flag: /tmp/stretch_nodes_ready ===
[rviz2-17] [INFO] [1776118530.359212829] [rviz2]: Trying to create a map of size 60 x 60 using 1 swatches
[planner_server-12] [INFO] [1776118530.436217778] [planner_server]: Activating plugin GridBased of type NavfnPlanner
[planner_server-12] [INFO] [1776118530.439350319] [planner_server]: Creating bond (planner_server) to lifecycle manager.
[lifecycle_manager-16] [INFO] [1776118530.547227321] [lifecycle_manager_navigation]: Server planner_server connected with bond.
[lifecycle_manager-16] [INFO] [1776118530.547306116] [lifecycle_manager_navigation]: [34m[1mActivating behavior_server[0m[0m
[behavior_server-13] [INFO] [1776118530.547803808] [behavior_server]: Activating
[behavior_server-13] [INFO] [1776118530.547857364] [behavior_server]: Activating spin
[behavior_server-13] [INFO] [1776118530.547882520] [behavior_server]: Activating backup
[behavior_server-13] [INFO] [1776118530.547903454] [behavior_server]: Activating drive_on_heading
[behavior_server-13] [INFO] [1776118530.547923015] [behavior_server]: Activating assisted_teleop
[behavior_server-13] [INFO] [1776118530.547941728] [behavior_server]: Activating wait
[behavior_server-13] [INFO] [1776118530.547967958] [behavior_server]: Creating bond (behavior_server) to lifecycle manager.
[lifecycle_manager-16] [INFO] [1776118530.651970007] [lifecycle_manager_navigation]: Server behavior_server connected with bond.
[lifecycle_manager-16] [INFO] [1776118530.652086415] [lifecycle_manager_navigation]: [34m[1mActivating bt_navigator[0m[0m
[bt_navigator-14] [INFO] [1776118530.652484820] [bt_navigator]: Activating
[bt_navigator-14] [INFO] [1776118530.714074888] [bt_navigator]: Creating bond (bt_navigator) to lifecycle manager.
[rviz2-17] [INFO] [1776118530.793669828] [rviz2]: Trying to create a map of size 416 x 249 using 1 swatches
[lifecycle_manager-16] [INFO] [1776118530.819353783] [lifecycle_manager_navigation]: Server bt_navigator connected with bond.
[lifecycle_manager-16] [INFO] [1776118530.819566176] [lifecycle_manager_navigation]: [34m[1mActivating waypoint_follower[0m[0m
[waypoint_follower-15] [INFO] [1776118530.820488466] [waypoint_follower]: Activating
[waypoint_follower-15] [INFO] [1776118530.820607233] [waypoint_follower]: Creating bond (waypoint_follower) to lifecycle manager.
[lifecycle_manager-16] [INFO] [1776118530.926435294] [lifecycle_manager_navigation]: Server waypoint_follower connected with bond.
[lifecycle_manager-16] [INFO] [1776118530.926573504] [lifecycle_manager_navigation]: [34m[1mManaged nodes are active[0m[0m
[lifecycle_manager-16] [INFO] [1776118530.926603192] [lifecycle_manager_navigation]: [34m[1mCreating bond timer...[0m[0m
[INFO] [1776118532.858303819] [aruco_base_frame_estimator]: Saved: base_detections/frame_1776118532.jpg
[rviz2-17] [INFO] [1776118533.633957759] [rviz]: Message Filter dropping message: frame 'odom' at time 1776118524.478 for reason 'the timestamp on the message is earlier than all the data in the transform cache'
[INFO] [1776118535.874983750] [aruco_base_frame_estimator]: Saved: base_detections/frame_1776118535.jpg
[rviz2-17] [INFO] [1776118536.138759416] [rviz]: Message Filter dropping message: frame 'odom' at time 1776118526.873 for reason 'the timestamp on the message is earlier than all the data in the transform cache'
[rviz2-17] [INFO] [1776118536.138945064] [rviz]: Message Filter dropping message: frame 'odom' at time 1776118526.878 for reason 'the timestamp on the message is earlier than all the data in the transform cache'
[INFO] [1776118539.161537890] [aruco_base_frame_estimator]: Saved: base_detections/frame_1776118539.jpg
[INFO] [1776118542.324915548] [aruco_base_frame_estimator]: Saved: base_detections/frame_1776118542.jpg
[INFO] [1776118545.387805054] [aruco_base_frame_estimator]: Saved: base_detections/frame_1776118545.jpg
[rviz2-17] Start navigation
[rviz2-17] [INFO] [1776118547.256402777] [rviz_navigation_dialog_action_client]: NavigateToPose will be called using the BT Navigator's default behavior tree.
[bt_navigator-14] [INFO] [1776118547.257297907] [bt_navigator]: Begin navigating from current location (1.14, 1.20) to (1.69, 0.35)
[controller_server-11] [INFO] [1776118547.278529914] [controller_server]: Received a goal, begin computing control effort.
[controller_server-11] [WARN] [1776118547.278654426] [controller_server]: No goal checker was specified in parameter 'current_goal_checker'. Server will use only plugin loaded general_goal_checker . This warning will appear once.
[controller_server-11] [INFO] [1776118548.328898682] [controller_server]: Passing new path to controller.
[INFO] [1776118548.462244675] [aruco_base_frame_estimator]: Saved: base_detections/frame_1776118548.jpg
[controller_server-11] [INFO] [1776118549.378888549] [controller_server]: Passing new path to controller.
[controller_server-11] [INFO] [1776118550.378910619] [controller_server]: Passing new path to controller.
[controller_server-11] [INFO] [1776118551.428894582] [controller_server]: Passing new path to controller.
[INFO] [1776118551.521152194] [aruco_base_frame_estimator]: Saved: base_detections/frame_1776118551.jpg
[controller_server-11] [INFO] [1776118552.428883896] [controller_server]: Passing new path to controller.
[controller_server-11] [INFO] [1776118553.478886510] [controller_server]: Passing new path to controller.
[stretch_driver-3] [INFO] [robot_monitor]: Base bump event
[stretch_driver-3] [INFO] [robot_monitor]: Base bump event
[stretch_driver-3] [INFO] [robot_monitor]: Base bump event
[stretch_driver-3] [INFO] [robot_monitor]: Base bump event
[INFO] [1776118554.515492486] [aruco_base_frame_estimator]: Saved: base_detections/frame_1776118554.jpg
[controller_server-11] [INFO] [1776118554.528883675] [controller_server]: Passing new path to controller.
[stretch_driver-3] [INFO] [robot_monitor]: Base bump event
[stretch_driver-3] [INFO] [robot_monitor]: Base bump event
[stretch_driver-3] [INFO] [robot_monitor]: Base bump event
[stretch_driver-3] [INFO] [robot_monitor]: Base bump event
[stretch_driver-3] [INFO] [robot_monitor]: Base bump event
[stretch_driver-3] [INFO] [robot_monitor]: Base bump event
[stretch_driver-3] [INFO] [robot_monitor]: Base bump event
[controller_server-11] [INFO] [1776118555.528885586] [controller_server]: Passing new path to controller.
[stretch_driver-3] [INFO] [robot_monitor]: Base bump event
/home/willy/tf.py:220: DeprecationWarning: Conversion of an array with ndim > 0 to a scalar is deprecated, and will error in future. Ensure you extract a single element from your array before performing this operation. (Deprecated NumPy 1.25.)
  cx, cy, cz = float(tvec[0]), float(tvec[1]), float(tvec[2])
/home/willy/tf.py:155: DeprecationWarning: Conversion of an array with ndim > 0 to a scalar is deprecated, and will error in future. Ensure you extract a single element from your array before performing this operation. (Deprecated NumPy 1.25.)
  t.transform.translation.x = float(tvec_offset[0])
/home/willy/tf.py:156: DeprecationWarning: Conversion of an array with ndim > 0 to a scalar is deprecated, and will error in future. Ensure you extract a single element from your array before performing this operation. (Deprecated NumPy 1.25.)
  t.transform.translation.y = float(tvec_offset[1])
/home/willy/tf.py:157: DeprecationWarning: Conversion of an array with ndim > 0 to a scalar is deprecated, and will error in future. Ensure you extract a single element from your array before performing this operation. (Deprecated NumPy 1.25.)
  t.transform.translation.z = float(tvec_offset[2])
[stretch_driver-3] [INFO] [robot_monitor]: Wrist single tap: 15
[controller_server-11] [INFO] [1776118556.578896181] [controller_server]: Passing new path to controller.
[WARN] [1776118557.013134034] [aruco_base_frame_estimator]: TF lookup failed: "fruit_marker" passed to lookupTransform argument source_frame does not exist. 
/home/willy/tf.py:226: DeprecationWarning: Conversion of an array with ndim > 0 to a scalar is deprecated, and will error in future. Ensure you extract a single element from your array before performing this operation. (Deprecated NumPy 1.25.)
  bx, by, bz = self.transform_camera_to_base(float(tvec[0]), float(tvec[1]), float(tvec[2]))
[INFO] [1776118557.015001305] [object_grasper]: [ArUco] target updated → X=+0.179  Y=-0.314  Z=+0.900
[controller_server-11] [INFO] [1776118557.578889094] [controller_server]: Passing new path to controller.
[WARN] [1776118558.059372084] [aruco_base_frame_estimator]: TF lookup failed: "fruit_marker" passed to lookupTransform argument source_frame does not exist. 
[INFO] [1776118558.060909772] [object_grasper]: [ArUco] target updated → X=+0.162  Y=-0.317  Z=+0.900
[INFO] [1776118558.072865217] [aruco_base_frame_estimator]: Saved: base_detections/frame_1776118558.jpg
[stretch_driver-3] [INFO] [robot_monitor]: Wrist single tap: 16
[controller_server-11] [INFO] [1776118558.628885620] [controller_server]: Passing new path to controller.
[stretch_driver-3] [INFO] [robot_monitor]: Base bump event
[stretch_driver-3] [INFO] [robot_monitor]: Base bump event
[stretch_driver-3] [INFO] [robot_monitor]: Base bump event
[WARN] [1776118559.105513722] [aruco_base_frame_estimator]: TF lookup failed: "fruit_marker" passed to lookupTransform argument source_frame does not exist. 
[stretch_driver-3] [INFO] [robot_monitor]: Base bump event
[INFO] [1776118559.119694762] [object_grasper]: [ArUco] target updated → X=+0.105  Y=-0.290  Z=+0.934
[controller_server-11] [INFO] [1776118559.678911328] [controller_server]: Passing new path to controller.
[INFO] [1776118560.128247276] [aruco_base_frame_estimator]: Marker 202 not visible (1.0s since last detection) — not publishing
[controller_server-11] [INFO] [1776118560.678898255] [controller_server]: Passing new path to controller.
[INFO] [1776118561.142892645] [aruco_base_frame_estimator]: Saved: base_detections/frame_1776118561.jpg
[controller_server-11] [INFO] [1776118561.433554155] [controller_server]: Reached the goal!
[bt_navigator-14] [INFO] [1776118561.467698933] [bt_navigator]: Goal succeeded
[INFO] [1776118562.192841666] [aruco_base_frame_estimator]: Marker 202 not visible (3.1s since last detection) — not publishing
[INFO] [1776118564.140986891] [aruco_base_frame_estimator]: Saved: base_detections/frame_1776118564.jpg
[INFO] [1776118564.259035707] [aruco_base_frame_estimator]: Marker 202 not visible (5.2s since last detection) — not publishing
[rviz2-17] Start navigation
[rviz2-17] [INFO] [1776118566.202629418] [rviz_navigation_dialog_action_client]: NavigateToPose will be called using the BT Navigator's default behavior tree.
[bt_navigator-14] [INFO] [1776118566.203587457] [bt_navigator]: Begin navigating from current location (1.54, 0.27) to (1.88, 0.68)
[controller_server-11] [INFO] [1776118566.224221406] [controller_server]: Received a goal, begin computing control effort.
[INFO] [1776118566.326020214] [aruco_base_frame_estimator]: Marker 202 not visible (7.2s since last detection) — not publishing
[controller_server-11] [INFO] [1776118567.274430483] [controller_server]: Passing new path to controller.
[INFO] [1776118567.277795020] [aruco_base_frame_estimator]: Saved: base_detections/frame_1776118567.jpg
[stretch_driver-3] [INFO] [robot_monitor]: Base bump event
[stretch_driver-3] [INFO] [robot_monitor]: Wrist single tap: 17
[stretch_driver-3] [INFO] [robot_monitor]: Base bump event
[controller_server-11] [INFO] [1776118568.324440936] [controller_server]: Passing new path to controller.
[INFO] [1776118568.335053413] [aruco_base_frame_estimator]: Marker 202 not visible (9.2s since last detection) — not publishing
[stretch_driver-3] [INFO] [robot_monitor]: Base bump event
[stretch_driver-3] [INFO] [robot_monitor]: Base bump event
[stretch_driver-3] [INFO] [robot_monitor]: Base bump event
[controller_server-11] [INFO] [1776118569.324435541] [controller_server]: Passing new path to controller.
[INFO] [1776118570.287270794] [aruco_base_frame_estimator]: Saved: base_detections/frame_1776118570.jpg
[controller_server-11] [INFO] [1776118570.374429872] [controller_server]: Passing new path to controller.
[INFO] [1776118570.397796067] [aruco_base_frame_estimator]: Marker 202 not visible (11.3s since last detection) — not publishing
[controller_server-11] [INFO] [1776118571.374437255] [controller_server]: Passing new path to controller.
[controller_server-11] [INFO] [1776118572.424474869] [controller_server]: Passing new path to controller.
[INFO] [1776118572.466756974] [aruco_base_frame_estimator]: Marker 202 not visible (13.4s since last detection) — not publishing
[INFO] [1776118573.343900856] [aruco_base_frame_estimator]: Saved: base_detections/frame_1776118573.jpg
[controller_server-11] [INFO] [1776118573.474484510] [controller_server]: Passing new path to controller.
[controller_server-11] [INFO] [1776118574.474425033] [controller_server]: Passing new path to controller.
[INFO] [1776118574.501491517] [aruco_base_frame_estimator]: Marker 202 not visible (15.4s since last detection) — not publishing
[controller_server-11] [INFO] [1776118574.578507093] [controller_server]: Reached the goal!
[bt_navigator-14] [INFO] [1776118574.613994750] [bt_navigator]: Goal succeeded
[INFO] [1776118576.352291872] [aruco_base_frame_estimator]: Saved: base_detections/frame_1776118576.jpg
[INFO] [1776118576.530187780] [aruco_base_frame_estimator]: Marker 202 not visible (17.4s since last detection) — not publishing
[INFO] [1776118578.540830801] [aruco_base_frame_estimator]: Marker 202 not visible (19.4s since last detection) — not publishing
[INFO] [1776118579.410705938] [aruco_base_frame_estimator]: Saved: base_detections/frame_1776118579.jpg
[INFO] [1776118580.603586078] [aruco_base_frame_estimator]: Marker 202 not visible (21.5s since last detection) — not publishing
[INFO] [1776118582.480289875] [aruco_base_frame_estimator]: Saved: base_detections/frame_1776118582.jpg
[INFO] [1776118582.676250587] [aruco_base_frame_estimator]: Marker 202 not visible (23.6s since last detection) — not publishing
[INFO] [1776118584.739317652] [aruco_base_frame_estimator]: Marker 202 not visible (25.6s since last detection) — not publishing
[INFO] [1776118585.553265976] [aruco_base_frame_estimator]: Saved: base_detections/frame_1776118585.jpg
Traceback (most recent call last):
  File "/home/willy/tf.py", line 323, in main
    rclpy.spin(node)
  File "/opt/ros/humble/local/lib/python3.10/dist-packages/rclpy/__init__.py", line 229, in spin
    executor.spin_once()
  File "/opt/ros/humble/local/lib/python3.10/dist-packages/rclpy/executors.py", line 808, in spin_once
    self._spin_once_impl(timeout_sec)
  File "/opt/ros/humble/local/lib/python3.10/dist-packages/rclpy/executors.py", line 797, in _spin_once_impl
    handler, entity, node = self.wait_for_ready_callbacks(timeout_sec=timeout_sec)
  File "/opt/ros/humble/local/lib/python3.10/dist-packages/rclpy/executors.py", line 780, in wait_for_ready_callbacks
    return next(self._cb_iter)
  File "/opt/ros/humble/local/lib/python3.10/dist-packages/rclpy/executors.py", line 681, in _wait_for_ready_callbacks
    raise ExternalShutdownException()
rclpy.executors.ExternalShutdownException

During handling of the above exception, another exception occurred:

Traceback (most recent call last):
  File "/home/willy/tf.py", line 331, in <module>
    main()
  File "/home/willy/tf.py", line 328, in main
    rclpy.shutdown()
  File "/opt/ros/humble/local/lib/python3.10/dist-packages/rclpy/__init__.py", line 130, in shutdown
    _shutdown(context=context)
  File "/opt/ros/humble/local/lib/python3.10/dist-packages/rclpy/utilities.py", line 58, in shutdown
    return context.shutdown()
  File "/opt/ros/humble/local/lib/python3.10/dist-packages/rclpy/context.py", line 102, in shutdown
    self.__context.shutdown()
rclpy._rclpy_pybind11.RCLError: failed to shutdown: rcl_shutdown already called on the given context, at ./src/rcl/init.c:241
