=== launch_nodes.sh started at Tue Apr  7 03:02:10 PM EDT 2026 ===
Freeing robot process...
Done!
Launching Nav2...
Launching D435i camera...
Launching ArUco detector...
Launching Grasper...
Waiting for Nav2 action server...
[INFO] [launch]: All log files can be found below /home/willy/.ros/log/2026-04-07-15-02-11-006184-stretch-re2-2204-33556
[INFO] [launch]: Default logging verbosity is set to INFO
[INFO] [launch]: All log files can be found below /home/willy/.ros/log/2026-04-07-15-02-11-016820-stretch-re2-2204-33557
[INFO] [launch]: Default logging verbosity is set to INFO
[INFO] [launch.user]: D435i launched in high resolution
[INFO] [realsense2_camera_node-1]: process started with pid [33638]
[INFO] [d435i_accel_correction-2]: process started with pid [33640]
[d435i_accel_correction-2] [INFO] [1775588531.608195581] [d435i_accel_correction_node]: d435i_accel_correction_node started
[INFO] [1775588531.617233786] [aruco_base_frame_estimator]: aruco_base_frame_estimator started
[realsense2_camera_node-1] [0m[INFO] [1775588531.761616980] [camera]: RealSense ROS v4.55.1[0m
[realsense2_camera_node-1] [0m[INFO] [1775588531.761736225] [camera]: Built with LibRealSense v2.56.4[0m
[realsense2_camera_node-1] [0m[INFO] [1775588531.761762432] [camera]: Running with LibRealSense v2.56.4[0m
[realsense2_camera_node-1] [0m[INFO] [1775588531.786136992] [camera]: Device with serial number 239722071445 was found.
[realsense2_camera_node-1] [0m
[realsense2_camera_node-1] [0m[INFO] [1775588531.786230629] [camera]: Device with physical ID /sys/devices/pci0000:00/0000:00:0d.0/usb2/2-1/2-1:1.0/video4linux/video0 was found.[0m
[realsense2_camera_node-1] [0m[INFO] [1775588531.786237729] [camera]: Device with name Intel RealSense D435I was found.[0m
[realsense2_camera_node-1] [0m[INFO] [1775588531.786371818] [camera]: Device with port number 2-1 was found.[0m
[realsense2_camera_node-1] [0m[INFO] [1775588531.786384563] [camera]: Device USB type: 3.2[0m
[realsense2_camera_node-1] [0m[INFO] [1775588531.786390899] [camera]: Resetting device...[0m
Nav2 is up!
Waiting for AMCL...
[INFO] [stretch_driver-3]: process started with pid [33793]
[INFO] [joint_state_publisher-1]: process started with pid [33789]
[INFO] [robot_state_publisher-2]: process started with pid [33791]
[INFO] [sllidar_node-4]: process started with pid [33795]
[INFO] [scan_to_scan_filter_chain-5]: process started with pid [33797]
[INFO] [joy_node-6]: process started with pid [33799]
[INFO] [teleop_node-7]: process started with pid [33801]
[INFO] [map_server-8]: process started with pid [33803]
[INFO] [amcl-9]: process started with pid [33805]
[INFO] [lifecycle_manager-10]: process started with pid [33807]
[INFO] [controller_server-11]: process started with pid [33809]
[INFO] [planner_server-12]: process started with pid [33811]
[INFO] [behavior_server-13]: process started with pid [33813]
[INFO] [bt_navigator-14]: process started with pid [33815]
[INFO] [waypoint_follower-15]: process started with pid [33831]
[INFO] [lifecycle_manager-16]: process started with pid [33941]
[INFO] [rviz2-17]: process started with pid [33943]
[sllidar_node-4] [INFO] [1775588531.962390809] [sllidar_node]: SLLidar running on ROS2 package SLLidar.ROS2 SDK Version:1.0.1, SLLIDAR SDK Version:2.1.0
[sllidar_node-4] [INFO] [1775588531.972542532] [sllidar_node]: SLLidar S/N: C394ED93C0EA98C9A5E698F2564A4669
[sllidar_node-4] [INFO] [1775588531.972610757] [sllidar_node]: Firmware Ver: 1.29
[sllidar_node-4] [INFO] [1775588531.972620087] [sllidar_node]: Hardware Rev: 7
[sllidar_node-4] [INFO] [1775588531.974102867] [sllidar_node]: SLLidar health status : 0
[sllidar_node-4] [INFO] [1775588531.974151949] [sllidar_node]: SLLidar health status : OK.
[scan_to_scan_filter_chain-5] [INFO] [1775588531.975481357] [laser_filter]: In shadow configure done
[scan_to_scan_filter_chain-5] [WARN] [1775588531.976210954] [rcl.logging_rosout]: Publisher already registered for provided node name. If this is due to multiple nodes with the same name then all logs for that logger name will go out over the existing publisher. As soon as any node with that name is destructed it will unregister the publisher, preventing any further logs for that name from being published on the rosout topic.
[teleop_node-7] [INFO] [1775588531.969484953] [TeleopTwistJoy]: Teleop enable button 4.
[teleop_node-7] [INFO] [1775588531.969555774] [TeleopTwistJoy]: Linear axis x on 4 at scale 0.500000.
[teleop_node-7] [INFO] [1775588531.969570950] [TeleopTwistJoy]: Angular axis yaw on 3 at scale 0.500000.
[map_server-8] [INFO] [1775588532.010998263] [map_server]: 
[map_server-8] 	map_server lifecycle node launched. 
[map_server-8] 	Waiting on external lifecycle transitions to activate
[map_server-8] 	See https://design.ros2.org/articles/node_lifecycle.html for more information.
[map_server-8] [INFO] [1775588532.011096603] [map_server]: Creating
[map_server-8] [INFO] [1775588532.041247117] [map_server]: Configuring
[map_server-8] [INFO] [1775588532.041565577] [map_io]: Loading yaml file: /home/willy/stretch_user/maps/testing_map.yaml
[map_server-8] [INFO] [1775588532.041880988] [map_io]: resolution: 0.05
[map_server-8] [INFO] [1775588532.041892003] [map_io]: origin[0]: -11.5
[map_server-8] [INFO] [1775588532.041897272] [map_io]: origin[1]: -1.71
[map_server-8] [INFO] [1775588532.041902703] [map_io]: origin[2]: 0
[map_server-8] [INFO] [1775588532.041907934] [map_io]: free_thresh: 0.25
[map_server-8] [INFO] [1775588532.041913121] [map_io]: occupied_thresh: 0.65
[map_server-8] [INFO] [1775588532.041918137] [map_io]: mode: trinary
[map_server-8] [INFO] [1775588532.041924721] [map_io]: negate: 0
[map_server-8] [INFO] [1775588532.042860372] [map_io]: Loading image_file: /home/willy/stretch_user/maps/testing_map.pgm
[amcl-9] [INFO] [1775588532.025695311] [amcl]: 
[amcl-9] 	amcl lifecycle node launched. 
[amcl-9] 	Waiting on external lifecycle transitions to activate
[amcl-9] 	See https://design.ros2.org/articles/node_lifecycle.html for more information.
[amcl-9] [INFO] [1775588532.026945300] [amcl]: Creating
[lifecycle_manager-10] [INFO] [1775588531.982196246] [lifecycle_manager_localization]: Creating
[lifecycle_manager-10] [INFO] [1775588531.991932151] [lifecycle_manager_localization]: [34m[1mCreating and initializing lifecycle service clients[0m[0m
[lifecycle_manager-10] [INFO] [1775588532.026854567] [lifecycle_manager_localization]: [34m[1mStarting managed nodes bringup...[0m[0m
[lifecycle_manager-10] [INFO] [1775588532.026920879] [lifecycle_manager_localization]: [34m[1mConfiguring map_server[0m[0m
[controller_server-11] [INFO] [1775588532.010894657] [controller_server]: 
[controller_server-11] 	controller_server lifecycle node launched. 
[controller_server-11] 	Waiting on external lifecycle transitions to activate
[controller_server-11] 	See https://design.ros2.org/articles/node_lifecycle.html for more information.
[planner_server-12] [INFO] [1775588531.987188293] [planner_server]: 
[planner_server-12] 	planner_server lifecycle node launched. 
[planner_server-12] 	Waiting on external lifecycle transitions to activate
[planner_server-12] 	See https://design.ros2.org/articles/node_lifecycle.html for more information.
[planner_server-12] [INFO] [1775588531.996811535] [planner_server]: Creating
[planner_server-12] [INFO] [1775588532.035776787] [global_costmap.global_costmap]: 
[planner_server-12] 	global_costmap lifecycle node launched. 
[planner_server-12] 	Waiting on external lifecycle transitions to activate
[planner_server-12] 	See https://design.ros2.org/articles/node_lifecycle.html for more information.
[planner_server-12] [INFO] [1775588532.037155784] [global_costmap.global_costmap]: Creating Costmap
[behavior_server-13] [INFO] [1775588532.015287194] [behavior_server]: 
[behavior_server-13] 	behavior_server lifecycle node launched. 
[behavior_server-13] 	Waiting on external lifecycle transitions to activate
[behavior_server-13] 	See https://design.ros2.org/articles/node_lifecycle.html for more information.
[bt_navigator-14] [INFO] [1775588532.014723082] [bt_navigator]: 
[bt_navigator-14] 	bt_navigator lifecycle node launched. 
[bt_navigator-14] 	Waiting on external lifecycle transitions to activate
[bt_navigator-14] 	See https://design.ros2.org/articles/node_lifecycle.html for more information.
[bt_navigator-14] [INFO] [1775588532.014890981] [bt_navigator]: Creating
[waypoint_follower-15] [INFO] [1775588531.991903516] [waypoint_follower]: 
[waypoint_follower-15] 	waypoint_follower lifecycle node launched. 
[waypoint_follower-15] 	Waiting on external lifecycle transitions to activate
[waypoint_follower-15] 	See https://design.ros2.org/articles/node_lifecycle.html for more information.
[waypoint_follower-15] [INFO] [1775588531.995449789] [waypoint_follower]: Creating
[controller_server-11] [INFO] [1775588532.043784392] [controller_server]: Creating controller server
[map_server-8] [INFO] [1775588532.056647367] [map_io]: Read map /home/willy/stretch_user/maps/testing_map.pgm: 416 X 249 map @ 0.05 m/cell
[controller_server-11] [INFO] [1775588532.060188291] [local_costmap.local_costmap]: 
[controller_server-11] 	local_costmap lifecycle node launched. 
[controller_server-11] 	Waiting on external lifecycle transitions to activate
[controller_server-11] 	See https://design.ros2.org/articles/node_lifecycle.html for more information.
[controller_server-11] [INFO] [1775588532.061353886] [local_costmap.local_costmap]: Creating Costmap
[lifecycle_manager-10] [INFO] [1775588532.065844627] [lifecycle_manager_localization]: [34m[1mConfiguring amcl[0m[0m
[amcl-9] [INFO] [1775588532.066244680] [amcl]: Configuring
[amcl-9] [INFO] [1775588532.066379789] [amcl]: initTransforms
[lifecycle_manager-16] [INFO] [1775588532.068699251] [lifecycle_manager_navigation]: Creating
[lifecycle_manager-16] [INFO] [1775588532.074074435] [lifecycle_manager_navigation]: [34m[1mCreating and initializing lifecycle service clients[0m[0m
[amcl-9] [INFO] [1775588532.077237720] [amcl]: initPubSub
[amcl-9] [INFO] [1775588532.082081594] [amcl]: Subscribed to map topic.
[lifecycle_manager-16] [INFO] [1775588532.084767485] [lifecycle_manager_navigation]: [34m[1mStarting managed nodes bringup...[0m[0m
[lifecycle_manager-16] [INFO] [1775588532.085006048] [lifecycle_manager_navigation]: [34m[1mConfiguring controller_server[0m[0m
[controller_server-11] [INFO] [1775588532.085237547] [controller_server]: Configuring controller interface
[controller_server-11] [INFO] [1775588532.085489533] [controller_server]: getting goal checker plugins..
[controller_server-11] [INFO] [1775588532.085618403] [controller_server]: Controller frequency set to 20.0000Hz
[controller_server-11] [INFO] [1775588532.085659049] [local_costmap.local_costmap]: Configuring
[lifecycle_manager-10] [INFO] [1775588532.085847193] [lifecycle_manager_localization]: [34m[1mActivating map_server[0m[0m
[map_server-8] [INFO] [1775588532.086102053] [map_server]: Activating
[map_server-8] [INFO] [1775588532.086621194] [map_server]: Creating bond (map_server) to lifecycle manager.
[amcl-9] [INFO] [1775588532.086850314] [amcl]: Received a 416 X 249 map @ 0.050 m/pix
[controller_server-11] [INFO] [1775588532.090025176] [local_costmap.local_costmap]: Using plugin "obstacle_layer"
[controller_server-11] [INFO] [1775588532.093908905] [local_costmap.local_costmap]: Subscribed to Topics: scan
[controller_server-11] [INFO] [1775588532.096961522] [local_costmap.local_costmap]: Initialized plugin "obstacle_layer"
[controller_server-11] [INFO] [1775588532.097009116] [local_costmap.local_costmap]: Using plugin "voxel_layer"
[controller_server-11] [INFO] [1775588532.098062955] [local_costmap.local_costmap]: Subscribed to Topics: scan
[controller_server-11] [INFO] [1775588532.101882221] [local_costmap.local_costmap]: Initialized plugin "voxel_layer"
[controller_server-11] [INFO] [1775588532.101936952] [local_costmap.local_costmap]: Using plugin "inflation_layer"
[controller_server-11] [INFO] [1775588532.102548062] [local_costmap.local_costmap]: Initialized plugin "inflation_layer"
[controller_server-11] [INFO] [1775588532.107146082] [controller_server]: Created progress_checker : progress_checker of type nav2_controller::SimpleProgressChecker
[controller_server-11] [INFO] [1775588532.108100339] [controller_server]: Created goal checker : general_goal_checker of type nav2_controller::SimpleGoalChecker
[controller_server-11] [INFO] [1775588532.108457640] [controller_server]: Controller Server has general_goal_checker  goal checkers available.
[controller_server-11] [INFO] [1775588532.110200957] [controller_server]: Created controller : FollowPath of type dwb_core::DWBLocalPlanner
[controller_server-11] [INFO] [1775588532.110998779] [controller_server]: Setting transform_tolerance to 0.200000
[controller_server-11] [INFO] [1775588532.120556743] [controller_server]: Using critic "RotateToGoal" (dwb_critics::RotateToGoalCritic)
[controller_server-11] [INFO] [1775588532.122472417] [controller_server]: Critic plugin initialized
[controller_server-11] [INFO] [1775588532.123074263] [controller_server]: Using critic "Oscillation" (dwb_critics::OscillationCritic)
[controller_server-11] [INFO] [1775588532.124980505] [controller_server]: Critic plugin initialized
[controller_server-11] [INFO] [1775588532.125456190] [controller_server]: Using critic "BaseObstacle" (dwb_critics::BaseObstacleCritic)
[controller_server-11] [INFO] [1775588532.126240804] [controller_server]: Critic plugin initialized
[controller_server-11] [INFO] [1775588532.126474058] [controller_server]: Using critic "GoalAlign" (dwb_critics::GoalAlignCritic)
[controller_server-11] [INFO] [1775588532.126902625] [controller_server]: Critic plugin initialized
[controller_server-11] [INFO] [1775588532.127068041] [controller_server]: Using critic "PathAlign" (dwb_critics::PathAlignCritic)
[controller_server-11] [INFO] [1775588532.127463772] [controller_server]: Critic plugin initialized
[controller_server-11] [INFO] [1775588532.127623378] [controller_server]: Using critic "PathDist" (dwb_critics::PathDistCritic)
[controller_server-11] [INFO] [1775588532.127888347] [controller_server]: Critic plugin initialized
[controller_server-11] [INFO] [1775588532.128031674] [controller_server]: Using critic "GoalDist" (dwb_critics::GoalDistCritic)
[controller_server-11] [INFO] [1775588532.128299675] [controller_server]: Critic plugin initialized
[controller_server-11] [INFO] [1775588532.129781269] [controller_server]: Using critic "PreferForward" (dwb_critics::PreferForwardCritic)
[controller_server-11] [INFO] [1775588532.131673920] [controller_server]: Critic plugin initialized
[controller_server-11] [INFO] [1775588532.131718163] [controller_server]: Controller Server has FollowPath  controllers available.
[lifecycle_manager-16] [INFO] [1775588532.138796740] [lifecycle_manager_navigation]: [34m[1mConfiguring planner_server[0m[0m
[planner_server-12] [INFO] [1775588532.139029981] [planner_server]: Configuring
[planner_server-12] [INFO] [1775588532.139078416] [global_costmap.global_costmap]: Configuring
[planner_server-12] [INFO] [1775588532.145604458] [global_costmap.global_costmap]: Using plugin "static_layer"
[planner_server-12] [INFO] [1775588532.151970766] [global_costmap.global_costmap]: Subscribing to the map topic (/map) with transient local durability
[planner_server-12] [INFO] [1775588532.153439148] [global_costmap.global_costmap]: Initialized plugin "static_layer"
[planner_server-12] [INFO] [1775588532.153484031] [global_costmap.global_costmap]: Using plugin "obstacle_layer"
[planner_server-12] [INFO] [1775588532.157126717] [global_costmap.global_costmap]: Subscribed to Topics: scan
[planner_server-12] [INFO] [1775588532.166499494] [global_costmap.global_costmap]: Initialized plugin "obstacle_layer"
[planner_server-12] [INFO] [1775588532.166544263] [global_costmap.global_costmap]: Using plugin "voxel_layer"
[planner_server-12] [INFO] [1775588532.167206638] [global_costmap.global_costmap]: Subscribed to Topics: scan
[sllidar_node-4] [INFO] [1775588532.171744660] [sllidar_node]: current scan mode: Boost, sample rate: 8 Khz, max_distance: 12.0 m, scan frequency:10.0 Hz, 
[planner_server-12] [INFO] [1775588532.177177348] [global_costmap.global_costmap]: Initialized plugin "voxel_layer"
[planner_server-12] [INFO] [1775588532.177223795] [global_costmap.global_costmap]: Using plugin "inflation_layer"
[planner_server-12] [INFO] [1775588532.180159907] [global_costmap.global_costmap]: Initialized plugin "inflation_layer"
[planner_server-12] [INFO] [1775588532.192041484] [global_costmap.global_costmap]: StaticLayer: Resizing costmap to 416 X 249 at 0.050000 m/pix
[lifecycle_manager-10] [INFO] [1775588532.192127232] [lifecycle_manager_localization]: Server map_server connected with bond.
[lifecycle_manager-10] [INFO] [1775588532.192169777] [lifecycle_manager_localization]: [34m[1mActivating amcl[0m[0m
[amcl-9] [INFO] [1775588532.192420471] [amcl]: Activating
[amcl-9] [INFO] [1775588532.192466991] [amcl]: Creating bond (amcl) to lifecycle manager.
[planner_server-12] [INFO] [1775588532.193839157] [planner_server]: Created global planner plugin GridBased of type nav2_navfn_planner/NavfnPlanner
[planner_server-12] [INFO] [1775588532.193893560] [planner_server]: Configuring plugin GridBased of type NavfnPlanner
[planner_server-12] [INFO] [1775588532.198520298] [planner_server]: Planner Server has GridBased  planners available.
[lifecycle_manager-16] [INFO] [1775588532.208662476] [lifecycle_manager_navigation]: [34m[1mConfiguring behavior_server[0m[0m
[behavior_server-13] [INFO] [1775588532.209013481] [behavior_server]: Configuring
[behavior_server-13] [INFO] [1775588532.218795264] [behavior_server]: Creating behavior plugin spin of type nav2_behaviors/Spin
[behavior_server-13] [INFO] [1775588532.219863129] [behavior_server]: Configuring spin
[behavior_server-13] [INFO] [1775588532.228247505] [behavior_server]: Creating behavior plugin backup of type nav2_behaviors/BackUp
[behavior_server-13] [INFO] [1775588532.229291906] [behavior_server]: Configuring backup
[behavior_server-13] [INFO] [1775588532.236916076] [behavior_server]: Creating behavior plugin drive_on_heading of type nav2_behaviors/DriveOnHeading
[behavior_server-13] [INFO] [1775588532.237936737] [behavior_server]: Configuring drive_on_heading
[behavior_server-13] [INFO] [1775588532.244840556] [behavior_server]: Creating behavior plugin assisted_teleop of type nav2_behaviors/AssistedTeleop
[behavior_server-13] [INFO] [1775588532.246239664] [behavior_server]: Configuring assisted_teleop
[behavior_server-13] [INFO] [1775588532.249995844] [behavior_server]: Creating behavior plugin wait of type nav2_behaviors/Wait
[behavior_server-13] [INFO] [1775588532.251025007] [behavior_server]: Configuring wait
[lifecycle_manager-16] [INFO] [1775588532.254049190] [lifecycle_manager_navigation]: [34m[1mConfiguring bt_navigator[0m[0m
[bt_navigator-14] [INFO] [1775588532.254367205] [bt_navigator]: Configuring
[lifecycle_manager-10] [INFO] [1775588532.298108950] [lifecycle_manager_localization]: Server amcl connected with bond.
[lifecycle_manager-10] [INFO] [1775588532.298162586] [lifecycle_manager_localization]: [34m[1mManaged nodes are active[0m[0m
[lifecycle_manager-10] [INFO] [1775588532.298181891] [lifecycle_manager_localization]: [34m[1mCreating bond timer...[0m[0m
[lifecycle_manager-16] [INFO] [1775588532.358057563] [lifecycle_manager_navigation]: [34m[1mConfiguring waypoint_follower[0m[0m
[waypoint_follower-15] [INFO] [1775588532.358672891] [waypoint_follower]: Configuring
[waypoint_follower-15] [INFO] [1775588532.381978556] [waypoint_follower]: Created waypoint_task_executor : wait_at_waypoint of type nav2_waypoint_follower::WaitAtWaypoint
[lifecycle_manager-16] [INFO] [1775588532.384543857] [lifecycle_manager_navigation]: [34m[1mActivating controller_server[0m[0m
[controller_server-11] [INFO] [1775588532.384762683] [controller_server]: Activating
[controller_server-11] [INFO] [1775588532.384819977] [local_costmap.local_costmap]: Activating
[controller_server-11] [INFO] [1775588532.384841209] [local_costmap.local_costmap]: Checking transform
[controller_server-11] [INFO] [1775588532.384917373] [local_costmap.local_costmap]: Timed out waiting for transform from base_link to odom to become available, tf error: Invalid frame ID "odom" passed to canTransform argument target_frame - frame does not exist
[joy_node-6] [INFO] [1775588532.720359168] [joy_node]: Opened joystick: Controller 1.05.  deadzone: 0.050000
[INFO] [1775588532.786414850] [object_grasper]: object_grasper started
[controller_server-11] [INFO] [1775588532.885002293] [local_costmap.local_costmap]: Timed out waiting for transform from base_link to odom to become available, tf error: Invalid frame ID "odom" passed to canTransform argument target_frame - frame does not exist
[scan_to_scan_filter_chain-5] [WARN] [1775588532.970402137] [laser_filter]: diagnostic_updater: No HW_ID was set. This is probably a bug. Please report it. For devices that do not have a HW_ID, set this value to 'none'. This warning only occurs once all diagnostics are OK. It is okay to wait until the device is open before calling setHardwareID.
[stretch_driver-3] [0m[INFO] [1775588533.223188471] [stretch_driver]: For use with S T R E T C H (TM) RESEARCH EDITION from Hello Robot Inc.[0m
[stretch_driver-3] [0m[INFO] [1775588533.223433710] [stretch_driver]: stretch_driver started[0m
[controller_server-11] [INFO] [1775588533.384994492] [local_costmap.local_costmap]: Timed out waiting for transform from base_link to odom to become available, tf error: Invalid frame ID "odom" passed to canTransform argument target_frame - frame does not exist
[controller_server-11] [INFO] [1775588533.884995801] [local_costmap.local_costmap]: Timed out waiting for transform from base_link to odom to become available, tf error: Invalid frame ID "odom" passed to canTransform argument target_frame - frame does not exist
[stretch_driver-3] Key mapped to End-Of-Arm Tool: tool_stretch_dex_wrist
[stretch_driver-3] Unable to load URDF: /home/willy/.local/lib/python3.10/site-packages/stretch_urdf/RE2V0/stretch_description_RE2V0_tool_stretch_dex_wrist.urdf. Disabling collision system.
[rviz2-17] [INFO] [1775588534.341229996] [rviz2]: Stereo is NOT SUPPORTED
[rviz2-17] [INFO] [1775588534.341301162] [rviz2]: OpenGl version: 4.5 (GLSL 4.5)
[controller_server-11] [INFO] [1775588534.385014033] [local_costmap.local_costmap]: Timed out waiting for transform from base_link to odom to become available, tf error: Invalid frame ID "odom" passed to canTransform argument target_frame - frame does not exist
[amcl-9] [INFO] [1775588534.592897448] [amcl]: Message Filter dropping message: frame 'laser' at time 1775588532.172 for reason 'the timestamp on the message is earlier than all the data in the transform cache'
[rviz2-17] [INFO] [1775588534.593579880] [rviz2]: Stereo is NOT SUPPORTED
[amcl-9] [WARN] [1775588534.664018909] [amcl]: New subscription discovered on topic '/particle_cloud', requesting incompatible QoS. No messages will be sent to it. Last incompatible policy: RELIABILITY_QOS_POLICY
[controller_server-11] [INFO] [1775588534.885093217] [local_costmap.local_costmap]: Timed out waiting for transform from base_link to odom to become available, tf error: Invalid frame ID "odom" passed to canTransform argument target_frame - frame does not exist
[rviz2-17] [INFO] [1775588534.929537179] [rviz2]: Trying to create a map of size 416 x 249 using 1 swatches
[rviz2-17] [ERROR] [1775588534.945449813] [rviz2]: Vertex Program:rviz/glsl120/indexed_8bit_image.vert Fragment Program:rviz/glsl120/indexed_8bit_image.frag GLSL link result : 
[rviz2-17] active samplers with a different type refer to the same texture image unit
[stretch_driver-3] [0m[INFO] [1775588534.970373504] [stretch_driver]: broadcast_odom_tf = True[0m
[stretch_driver-3] [0m[INFO] [1775588534.996914252] [stretch_driver]: rate = 30.0 Hz[0m
[stretch_driver-3] [0m[INFO] [1775588534.998643878] [stretch_driver]: twist timeout = 0.5 s[0m
[stretch_driver-3] [0m[INFO] [1775588534.999740880] [stretch_driver]: base_frame_id = base_link[0m
[stretch_driver-3] [0m[INFO] [1775588535.000159036] [stretch_driver]: odom_frame_id = odom[0m
[stretch_driver-3] [0m[INFO] [1775588535.046448115] [stretch_driver]: Changed to mode = navigation[0m
[INFO] [1775588535.089107041] [object_grasper]: Node object_grasper connected to /home_the_robot service.
[INFO] [1775588535.091346537] [object_grasper]: Node object_grasper connected to /stow_the_robot service.
[INFO] [1775588535.093155032] [object_grasper]: Node object_grasper connected to /stop_the_robot service.
[INFO] [1775588535.095036055] [object_grasper]: Node object_grasper connected to /switch_to_trajectory_mode service.
[INFO] [1775588535.096747964] [object_grasper]: Node object_grasper connected to /switch_to_position_mode service.
[INFO] [1775588535.098100522] [object_grasper]: Node object_grasper connected to /switch_to_navigation_mode service.
[INFO] [1775588535.175201808] [aruco_base_frame_estimator]: Node aruco_base_frame_estimator connected to /home_the_robot service.
[INFO] [1775588535.176858848] [aruco_base_frame_estimator]: Node aruco_base_frame_estimator connected to /stow_the_robot service.
[INFO] [1775588535.178432281] [aruco_base_frame_estimator]: Node aruco_base_frame_estimator connected to /stop_the_robot service.
[INFO] [1775588535.180045100] [aruco_base_frame_estimator]: Node aruco_base_frame_estimator connected to /switch_to_trajectory_mode service.
[INFO] [1775588535.186535592] [aruco_base_frame_estimator]: Node aruco_base_frame_estimator connected to /switch_to_position_mode service.
[INFO] [1775588535.188236895] [aruco_base_frame_estimator]: Node aruco_base_frame_estimator connected to /switch_to_navigation_mode service.
[INFO] [1775588535.188911540] [aruco_base_frame_estimator]: Moving head camera to detection orientation...
[WARN] [1775588535.189493967] [aruco_base_frame_estimator]: Currently in navigation mode. Recommend switching either to position or trajectory mode
[WARN] [1775588535.189833657] [aruco_base_frame_estimator]: Commanding joint trajectory server in position mode
/home/willy/.local/lib/python3.10/site-packages/ikpy/urdf/URDF.py:261: UserWarning: Joint joint_mast is of type: fixed, but has an 'axis' attribute defined. This is not in the URDF spec and thus this axis is ignored
  warnings.warn("Joint {} is of type: fixed, but has an 'axis' attribute defined. This is not in the URDF spec and thus this axis is ignored".format(joint.attrib["name"]))
[stretch_driver-3] [0m[INFO] [1775588535.198137034] [stretch_driver]: Received goal request[0m
[stretch_driver-3] [0m[INFO] [1775588535.203468104] [stretch_driver]: stretch_driver joint_traj action: New trajectory received with joint_names = ['joint_head_pan', 'joint_head_tilt'][0m
[stretch_driver-3] -------------------------------------------
[stretch_driver-3] Finished goal
[stretch_driver-3] [0m[INFO] [1775588535.221122840] [stretch_driver]: stretch_driver joint_traj action: Achieved all target points.[0m
[INFO] [1775588535.223412907] [aruco_base_frame_estimator]: Head camera at detection pose — starting ArUco detection.
[INFO] [1775588535.231335456] [aruco_base_frame_estimator]: Waiting for camera TF (base_link -> camera_color_optical_frame)...
/home/willy/.local/lib/python3.10/site-packages/ikpy/urdf/URDF.py:261: UserWarning: Joint joint_arm_l4 is of type: fixed, but has an 'axis' attribute defined. This is not in the URDF spec and thus this axis is ignored
  warnings.warn("Joint {} is of type: fixed, but has an 'axis' attribute defined. This is not in the URDF spec and thus this axis is ignored".format(joint.attrib["name"]))
[INFO] [1775588535.254544624] [aruco_base_frame_estimator]: Camera pose acquired:
[INFO] [1775588535.255041645] [aruco_base_frame_estimator]:   Position  : X=+0.0062  Y=-0.0517  Z=+1.2870  (m)
[INFO] [1775588535.255480662] [aruco_base_frame_estimator]:   RPY (deg) : R=-179.03  P=+59.78  Y=+89.23
[INFO] [1775588535.258217469] [aruco_base_frame_estimator]: ============================================================
[INFO] [1775588535.258473301] [aruco_base_frame_estimator]: ArUco Base Frame Estimator Started
[INFO] [1775588535.258654901] [aruco_base_frame_estimator]: Target Marker ID: 202
[INFO] [1775588535.258827352] [aruco_base_frame_estimator]: Marker size: 2.8 cm
[INFO] [1775588535.259005021] [aruco_base_frame_estimator]: Marker offset (cam frame): X=0.0  Y=0.0  Z=0.0
[INFO] [1775588535.259174726] [aruco_base_frame_estimator]: Publishing target on: /aruco/target_base_link
[INFO] [1775588535.259433121] [aruco_base_frame_estimator]: ============================================================
[amcl-9] [INFO] [1775588535.262722892] [amcl]: createLaserObject
/home/willy/.local/lib/python3.10/site-packages/ikpy/urdf/URDF.py:261: UserWarning: Joint joint_wrist_yaw_bottom is of type: fixed, but has an 'axis' attribute defined. This is not in the URDF spec and thus this axis is ignored
  warnings.warn("Joint {} is of type: fixed, but has an 'axis' attribute defined. This is not in the URDF spec and thus this axis is ignored".format(joint.attrib["name"]))
[amcl-9] [WARN] [1775588535.280936482] [amcl]: AMCL cannot publish a pose or update the transform. Please set the initial pose...
/home/willy/.local/lib/python3.10/site-packages/ikpy/urdf/URDF.py:261: UserWarning: Joint joint_gripper_s3_body is of type: fixed, but has an 'axis' attribute defined. This is not in the URDF spec and thus this axis is ignored
  warnings.warn("Joint {} is of type: fixed, but has an 'axis' attribute defined. This is not in the URDF spec and thus this axis is ignored".format(joint.attrib["name"]))
/home/willy/.local/lib/python3.10/site-packages/ikpy/urdf/URDF.py:261: UserWarning: Joint joint_grasp_center is of type: fixed, but has an 'axis' attribute defined. This is not in the URDF spec and thus this axis is ignored
  warnings.warn("Joint {} is of type: fixed, but has an 'axis' attribute defined. This is not in the URDF spec and thus this axis is ignored".format(joint.attrib["name"]))
/home/willy/.local/lib/python3.10/site-packages/ikpy/chain.py:60: UserWarning: Link Base link (index: 0) is of type 'fixed' but set as active in the active_links_mask. In practice, this fixed link doesn't provide any transformation so is as it were inactive
  warnings.warn("Link {} (index: {}) is of type 'fixed' but set as active in the active_links_mask. In practice, this fixed link doesn't provide any transformation so is as it were inactive".format(link.name, link_index))
/home/willy/.local/lib/python3.10/site-packages/ikpy/chain.py:60: UserWarning: Link joint_mast (index: 2) is of type 'fixed' but set as active in the active_links_mask. In practice, this fixed link doesn't provide any transformation so is as it were inactive
  warnings.warn("Link {} (index: {}) is of type 'fixed' but set as active in the active_links_mask. In practice, this fixed link doesn't provide any transformation so is as it were inactive".format(link.name, link_index))
/home/willy/.local/lib/python3.10/site-packages/ikpy/chain.py:60: UserWarning: Link joint_arm_l4 (index: 4) is of type 'fixed' but set as active in the active_links_mask. In practice, this fixed link doesn't provide any transformation so is as it were inactive
  warnings.warn("Link {} (index: {}) is of type 'fixed' but set as active in the active_links_mask. In practice, this fixed link doesn't provide any transformation so is as it were inactive".format(link.name, link_index))
/home/willy/.local/lib/python3.10/site-packages/ikpy/chain.py:60: UserWarning: Link joint_wrist_yaw_bottom (index: 10) is of type 'fixed' but set as active in the active_links_mask. In practice, this fixed link doesn't provide any transformation so is as it were inactive
  warnings.warn("Link {} (index: {}) is of type 'fixed' but set as active in the active_links_mask. In practice, this fixed link doesn't provide any transformation so is as it were inactive".format(link.name, link_index))
/home/willy/.local/lib/python3.10/site-packages/ikpy/chain.py:60: UserWarning: Link joint_gripper_s3_body (index: 13) is of type 'fixed' but set as active in the active_links_mask. In practice, this fixed link doesn't provide any transformation so is as it were inactive
  warnings.warn("Link {} (index: {}) is of type 'fixed' but set as active in the active_links_mask. In practice, this fixed link doesn't provide any transformation so is as it were inactive".format(link.name, link_index))
/home/willy/.local/lib/python3.10/site-packages/ikpy/chain.py:60: UserWarning: Link joint_grasp_center (index: 14) is of type 'fixed' but set as active in the active_links_mask. In practice, this fixed link doesn't provide any transformation so is as it were inactive
  warnings.warn("Link {} (index: {}) is of type 'fixed' but set as active in the active_links_mask. In practice, this fixed link doesn't provide any transformation so is as it were inactive".format(link.name, link_index))
[INFO] [1775588535.314231848] [object_grasper]: ============================================================
[INFO] [1775588535.315301489] [object_grasper]: ObjectGrasper ready — waiting for ArUco detections
[INFO] [1775588535.315783049] [object_grasper]: Listening on: /aruco/target_base_link
[INFO] [1775588535.318366612] [object_grasper]: Call service: ros2 service call /grasp_object std_srvs/srv/Trigger {}
[INFO] [1775588535.319004819] [object_grasper]: ============================================================
[controller_server-11] [INFO] [1775588535.385189687] [local_costmap.local_costmap]: start
[controller_server-11] [INFO] [1775588535.587329621] [controller_server]: Creating bond (controller_server) to lifecycle manager.
[lifecycle_manager-16] [INFO] [1775588535.691326958] [lifecycle_manager_navigation]: Server controller_server connected with bond.
[lifecycle_manager-16] [INFO] [1775588535.691378421] [lifecycle_manager_navigation]: [34m[1mActivating planner_server[0m[0m
[planner_server-12] [INFO] [1775588535.691640445] [planner_server]: Activating
[planner_server-12] [INFO] [1775588535.691693982] [global_costmap.global_costmap]: Activating
[planner_server-12] [INFO] [1775588535.691713152] [global_costmap.global_costmap]: Checking transform
[planner_server-12] [INFO] [1775588535.691743406] [global_costmap.global_costmap]: Timed out waiting for transform from base_link to map to become available, tf error: Invalid frame ID "map" passed to canTransform argument target_frame - frame does not exist
[planner_server-12] [INFO] [1775588536.191826102] [global_costmap.global_costmap]: Timed out waiting for transform from base_link to map to become available, tf error: Invalid frame ID "map" passed to canTransform argument target_frame - frame does not exist
[planner_server-12] [INFO] [1775588536.691814907] [global_costmap.global_costmap]: Timed out waiting for transform from base_link to map to become available, tf error: Invalid frame ID "map" passed to canTransform argument target_frame - frame does not exist
[rviz2-17] [INFO] [1775588536.844385177] [rviz]: Message Filter dropping message: frame 'laser' at time 1775588534.710 for reason 'discarding message because the queue is full'
[planner_server-12] [INFO] [1775588537.191804154] [global_costmap.global_costmap]: Timed out waiting for transform from base_link to map to become available, tf error: Invalid frame ID "map" passed to canTransform argument target_frame - frame does not exist
[amcl-9] [WARN] [1775588537.338803987] [amcl]: AMCL cannot publish a pose or update the transform. Please set the initial pose...
[rviz2-17] [INFO] [1775588537.665446393] [rviz]: Message Filter dropping message: frame 'odom' at time 1775588535.581 for reason 'discarding message because the queue is full'
[planner_server-12] [INFO] [1775588537.691827652] [global_costmap.global_costmap]: Timed out waiting for transform from base_link to map to become available, tf error: Invalid frame ID "map" passed to canTransform argument target_frame - frame does not exist
[realsense2_camera_node-1] [0m[INFO] [1775588537.817634071] [camera]: Device with serial number 239722071445 was found.
[realsense2_camera_node-1] [0m
[realsense2_camera_node-1] [0m[INFO] [1775588537.817738839] [camera]: Device with physical ID /sys/devices/pci0000:00/0000:00:0d.0/usb2/2-1/2-1:1.0/video4linux/video0 was found.[0m
[realsense2_camera_node-1] [0m[INFO] [1775588537.817764245] [camera]: Device with name Intel RealSense D435I was found.[0m
[realsense2_camera_node-1] [0m[INFO] [1775588537.817963240] [camera]: Device with port number 2-1 was found.[0m
[realsense2_camera_node-1] [0m[INFO] [1775588537.817993050] [camera]: Device USB type: 3.2[0m
[realsense2_camera_node-1] [0m[INFO] [1775588537.818102411] [camera]: getParameters...[0m
[planner_server-12] [INFO] [1775588538.191842099] [global_costmap.global_costmap]: Timed out waiting for transform from base_link to map to become available, tf error: Invalid frame ID "map" passed to canTransform argument target_frame - frame does not exist
[realsense2_camera_node-1] [0m[INFO] [1775588538.210614763] [camera]: JSON file is loaded! (/home/willy/ament_ws/install/stretch_core/share/stretch_core/config/HighAccuracyPreset.json)[0m
[realsense2_camera_node-1] [0m[INFO] [1775588538.210708211] [camera]: Device Name: Intel RealSense D435I[0m
[realsense2_camera_node-1] [0m[INFO] [1775588538.210735175] [camera]: Device Serial No: 239722071445[0m
[realsense2_camera_node-1] [0m[INFO] [1775588538.210752034] [camera]: Device physical port: /sys/devices/pci0000:00/0000:00:0d.0/usb2/2-1/2-1:1.0/video4linux/video0[0m
[realsense2_camera_node-1] [0m[INFO] [1775588538.210767538] [camera]: Device FW version: 5.16.0.1[0m
[realsense2_camera_node-1] [0m[INFO] [1775588538.210781928] [camera]: Device Product ID: 0x0B3A[0m
[realsense2_camera_node-1] [0m[INFO] [1775588538.210795941] [camera]: Sync Mode: On[0m
[realsense2_camera_node-1] [33m[WARN] [1775588538.352463100] [camera]: re-enable the stream for the change to take effect.[0m
[realsense2_camera_node-1] [33m[WARN] [1775588538.352884636] [camera]: re-enable the stream for the change to take effect.[0m
[realsense2_camera_node-1] [33m[WARN] [1775588538.362274598] [camera]: re-enable the stream for the change to take effect.[0m
[realsense2_camera_node-1] [31m[ERROR] [1775588538.363588084] [camera]: Given value, 63 is invalid. Set ROS param back to: 100[0m
[realsense2_camera_node-1] [0m[INFO] [1775588538.375498938] [camera]: Stopping Sensor: Depth Module[0m
[realsense2_camera_node-1] [0m[INFO] [1775588538.375620468] [camera]: Stopping Sensor: RGB Camera[0m
[realsense2_camera_node-1] [0m[INFO] [1775588538.375638286] [camera]: Stopping Sensor: Motion Module[0m
[realsense2_camera_node-1] [0m[INFO] [1775588538.390859199] [camera]: Starting Sensor: Depth Module[0m
[realsense2_camera_node-1] [0m[INFO] [1775588538.393691182] [camera]: Open profile: stream_type: Depth(0), Format: Z16, Width: 1280, Height: 720, FPS: 15[0m
[realsense2_camera_node-1] [0m[INFO] [1775588538.399677670] [camera]: Starting Sensor: RGB Camera[0m
[realsense2_camera_node-1] [0m[INFO] [1775588538.402222184] [camera]: Open profile: stream_type: Color(0), Format: RGB8, Width: 1280, Height: 720, FPS: 15[0m
[realsense2_camera_node-1] [0m[INFO] [1775588538.419074396] [camera]: Starting Sensor: Motion Module[0m
[realsense2_camera_node-1] [0m[INFO] [1775588538.420812084] [camera]: Open profile: stream_type: Accel(0)Format: MOTION_XYZ32F, FPS: 100[0m
[realsense2_camera_node-1] [0m[INFO] [1775588538.420859725] [camera]: Open profile: stream_type: Gyro(0)Format: MOTION_XYZ32F, FPS: 200[0m
[realsense2_camera_node-1] [0m[INFO] [1775588538.422767475] [camera]: RealSense Node Is Up![0m
[planner_server-12] [INFO] [1775588538.691792318] [global_costmap.global_costmap]: Timed out waiting for transform from base_link to map to become available, tf error: Invalid frame ID "map" passed to canTransform argument target_frame - frame does not exist
[INFO] [1775588539.103498558] [aruco_base_frame_estimator]: Saved: base_detections/frame_1775588539.jpg
[planner_server-12] [INFO] [1775588539.191809710] [global_costmap.global_costmap]: Timed out waiting for transform from base_link to map to become available, tf error: Invalid frame ID "map" passed to canTransform argument target_frame - frame does not exist
[realsense2_camera_node-1] [33m[WARN] [1775588539.391362109] [camera]: XXX Hardware Notification:Motion Module failure,1.77559e+12,Error,Hardware Error[0m
[realsense2_camera_node-1] [33m[WARN] [1775588539.391468399] [camera]: Hardware Notification:Motion Module failure,1.77559e+12,Error,Hardware Error[0m
[amcl-9] [WARN] [1775588539.426507195] [amcl]: AMCL cannot publish a pose or update the transform. Please set the initial pose...
[rviz2-17] [INFO] [1775588539.521380662] [rviz]: Message Filter dropping message: frame 'laser' at time 1775588537.904 for reason 'discarding message because the queue is full'
[planner_server-12] [INFO] [1775588539.691835148] [global_costmap.global_costmap]: Timed out waiting for transform from base_link to map to become available, tf error: Invalid frame ID "map" passed to canTransform argument target_frame - frame does not exist
[planner_server-12] [INFO] [1775588540.191803329] [global_costmap.global_costmap]: Timed out waiting for transform from base_link to map to become available, tf error: Invalid frame ID "map" passed to canTransform argument target_frame - frame does not exist
[rviz2-17] [INFO] [1775588540.244492928] [rviz]: Message Filter dropping message: frame 'odom' at time 1775588538.148 for reason 'discarding message because the queue is full'
[planner_server-12] [INFO] [1775588540.691793317] [global_costmap.global_costmap]: Timed out waiting for transform from base_link to map to become available, tf error: Invalid frame ID "map" passed to canTransform argument target_frame - frame does not exist
[planner_server-12] [INFO] [1775588541.191798644] [global_costmap.global_costmap]: Timed out waiting for transform from base_link to map to become available, tf error: Invalid frame ID "map" passed to canTransform argument target_frame - frame does not exist
[amcl-9] [WARN] [1775588541.502135111] [amcl]: AMCL cannot publish a pose or update the transform. Please set the initial pose...
[rviz2-17] [INFO] [1775588541.613654277] [rviz]: Message Filter dropping message: frame 'odom' at time 1775588535.586 for reason 'discarding message because the queue is full'
[planner_server-12] [INFO] [1775588541.691791946] [global_costmap.global_costmap]: Timed out waiting for transform from base_link to map to become available, tf error: Invalid frame ID "map" passed to canTransform argument target_frame - frame does not exist
[rviz2-17] [INFO] [1775588542.067574351] [rviz]: Message Filter dropping message: frame 'laser' at time 1775588540.532 for reason 'discarding message because the queue is full'
[INFO] [1775588542.151285953] [aruco_base_frame_estimator]: Saved: base_detections/frame_1775588542.jpg
[planner_server-12] [INFO] [1775588542.191814601] [global_costmap.global_costmap]: Timed out waiting for transform from base_link to map to become available, tf error: Invalid frame ID "map" passed to canTransform argument target_frame - frame does not exist
[planner_server-12] [INFO] [1775588542.691792832] [global_costmap.global_costmap]: Timed out waiting for transform from base_link to map to become available, tf error: Invalid frame ID "map" passed to canTransform argument target_frame - frame does not exist
[rviz2-17] [INFO] [1775588542.794950974] [rviz]: Message Filter dropping message: frame 'odom' at time 1775588540.781 for reason 'discarding message because the queue is full'
[planner_server-12] [INFO] [1775588543.191832493] [global_costmap.global_costmap]: Timed out waiting for transform from base_link to map to become available, tf error: Invalid frame ID "map" passed to canTransform argument target_frame - frame does not exist
[amcl-9] [WARN] [1775588543.565873200] [amcl]: AMCL cannot publish a pose or update the transform. Please set the initial pose...
[planner_server-12] [INFO] [1775588543.691794116] [global_costmap.global_costmap]: Timed out waiting for transform from base_link to map to become available, tf error: Invalid frame ID "map" passed to canTransform argument target_frame - frame does not exist
[planner_server-12] [INFO] [1775588544.191801166] [global_costmap.global_costmap]: Timed out waiting for transform from base_link to map to become available, tf error: Invalid frame ID "map" passed to canTransform argument target_frame - frame does not exist
[rviz2-17] [INFO] [1775588544.664245284] [rviz]: Message Filter dropping message: frame 'odom' at time 1775588538.586 for reason 'discarding message because the queue is full'
[planner_server-12] [INFO] [1775588544.691792459] [global_costmap.global_costmap]: Timed out waiting for transform from base_link to map to become available, tf error: Invalid frame ID "map" passed to canTransform argument target_frame - frame does not exist
[rviz2-17] [INFO] [1775588544.766462670] [rviz]: Message Filter dropping message: frame 'laser' at time 1775588543.160 for reason 'discarding message because the queue is full'
[INFO] [1775588545.157593464] [aruco_base_frame_estimator]: Saved: base_detections/frame_1775588545.jpg
[planner_server-12] [INFO] [1775588545.191798792] [global_costmap.global_costmap]: Timed out waiting for transform from base_link to map to become available, tf error: Invalid frame ID "map" passed to canTransform argument target_frame - frame does not exist
[rviz2-17] [INFO] [1775588545.474248253] [rviz]: Message Filter dropping message: frame 'odom' at time 1775588543.382 for reason 'discarding message because the queue is full'
[amcl-9] [WARN] [1775588545.641535308] [amcl]: AMCL cannot publish a pose or update the transform. Please set the initial pose...
[planner_server-12] [INFO] [1775588545.691789672] [global_costmap.global_costmap]: Timed out waiting for transform from base_link to map to become available, tf error: Invalid frame ID "map" passed to canTransform argument target_frame - frame does not exist
[planner_server-12] [INFO] [1775588546.191803699] [global_costmap.global_costmap]: Timed out waiting for transform from base_link to map to become available, tf error: Invalid frame ID "map" passed to canTransform argument target_frame - frame does not exist
[planner_server-12] [INFO] [1775588546.691804257] [global_costmap.global_costmap]: Timed out waiting for transform from base_link to map to become available, tf error: Invalid frame ID "map" passed to canTransform argument target_frame - frame does not exist
[planner_server-12] [INFO] [1775588547.191802287] [global_costmap.global_costmap]: Timed out waiting for transform from base_link to map to become available, tf error: Invalid frame ID "map" passed to canTransform argument target_frame - frame does not exist
[rviz2-17] [INFO] [1775588547.357959976] [rviz]: Message Filter dropping message: frame 'laser' at time 1775588545.776 for reason 'discarding message because the queue is full'
[rviz2-17] [INFO] [1775588547.593544054] [rviz]: Message Filter dropping message: frame 'odom' at time 1775588541.586 for reason 'discarding message because the queue is full'
[planner_server-12] [INFO] [1775588547.692185498] [global_costmap.global_costmap]: Timed out waiting for transform from base_link to map to become available, tf error: Invalid frame ID "map" passed to canTransform argument target_frame - frame does not exist
[amcl-9] [WARN] [1775588547.717149336] [amcl]: AMCL cannot publish a pose or update the transform. Please set the initial pose...
[rviz2-17] [INFO] [1775588548.029799147] [rviz]: Message Filter dropping message: frame 'odom' at time 1775588545.981 for reason 'discarding message because the queue is full'
[INFO] [1775588548.173933218] [aruco_base_frame_estimator]: Saved: base_detections/frame_1775588548.jpg
[planner_server-12] [INFO] [1775588548.191761078] [global_costmap.global_costmap]: Timed out waiting for transform from base_link to map to become available, tf error: Invalid frame ID "map" passed to canTransform argument target_frame - frame does not exist
[planner_server-12] [INFO] [1775588548.691801457] [global_costmap.global_costmap]: Timed out waiting for transform from base_link to map to become available, tf error: Invalid frame ID "map" passed to canTransform argument target_frame - frame does not exist
[realsense2_camera_node-1] [0m[INFO] [1775588549.130355317] [rclcpp]: signal_handler(SIGINT/SIGTERM)[0m
[realsense2_camera_node-1] [0m[INFO] [1775588549.131788622] [camera]: Stop Sensor: Depth Module[0m
[realsense2_camera_node-1] [0m[INFO] [1775588549.131967152] [camera]: Close Sensor. [0m
[realsense2_camera_node-1] [0m[INFO] [1775588549.137433416] [camera]: Close Sensor - Done. [0m
[realsense2_camera_node-1] [0m[INFO] [1775588549.137759681] [camera]: Stop Sensor: RGB Camera[0m
[realsense2_camera_node-1] [0m[INFO] [1775588549.137787866] [camera]: Close Sensor. [0m
[realsense2_camera_node-1] [0m[INFO] [1775588549.142198928] [camera]: Close Sensor - Done. [0m
[realsense2_camera_node-1] [0m[INFO] [1775588549.142258658] [camera]: Stop Sensor: Motion Module[0m
[realsense2_camera_node-1] [0m[INFO] [1775588549.142690520] [camera]: Close Sensor. [0m
[d435i_accel_correction-2] Traceback (most recent call last):
[d435i_accel_correction-2]   File "/home/willy/ament_ws/install/stretch_core/lib/stretch_core/d435i_accel_correction", line 33, in <module>
[d435i_accel_correction-2]     sys.exit(load_entry_point('stretch-core==0.2.0', 'console_scripts', 'd435i_accel_correction')())
[d435i_accel_correction-2]   File "/home/willy/ament_ws/install/stretch_core/lib/python3.10/site-packages/stretch_core/d435i_accel_correction.py", line 47, in main
[d435i_accel_correction-2]     rclpy.spin(node)
[d435i_accel_correction-2]   File "/opt/ros/humble/local/lib/python3.10/dist-packages/rclpy/__init__.py", line 229, in spin
[d435i_accel_correction-2]     executor.spin_once()
[d435i_accel_correction-2]   File "/opt/ros/humble/local/lib/python3.10/dist-packages/rclpy/executors.py", line 808, in spin_once
[d435i_accel_correction-2]     self._spin_once_impl(timeout_sec)
[d435i_accel_correction-2]   File "/opt/ros/humble/local/lib/python3.10/dist-packages/rclpy/executors.py", line 797, in _spin_once_impl
[d435i_accel_correction-2]     handler, entity, node = self.wait_for_ready_callbacks(timeout_sec=timeout_sec)
[d435i_accel_correction-2]   File "/opt/ros/humble/local/lib/python3.10/dist-packages/rclpy/executors.py", line 780, in wait_for_ready_callbacks
[d435i_accel_correction-2]     return next(self._cb_iter)
[d435i_accel_correction-2]   File "/opt/ros/humble/local/lib/python3.10/dist-packages/rclpy/executors.py", line 681, in _wait_for_ready_callbacks
[d435i_accel_correction-2]     raise ExternalShutdownException()
[d435i_accel_correction-2] rclpy.executors.ExternalShutdownException
Traceback (most recent call last):
  File "/home/willy/tf.py", line 299, in main
    rclpy.spin(node)
  File "/opt/ros/humble/local/lib/python3.10/dist-packages/rclpy/__init__.py", line 229, in spin
    executor.spin_once()
  File "/opt/ros/humble/local/lib/python3.10/dist-packages/rclpy/executors.py", line 808, in spin_once
    self._spin_once_impl(timeout_sec)
  File "/opt/ros/humble/local/lib/python3.10/dist-packages/rclpy/executors.py", line 797, in _spin_once_impl
    handler, entity, node = self.wait_for_ready_callbacks(timeout_sec=timeout_sec)
  File "/opt/ros/humble/local/lib/python3.10/dist-packages/rclpy/executors.py", line 780, in wait_for_ready_callbacks
    return next(self._cb_iter)
  File "/opt/ros/humble/local/lib/python3.10/dist-packages/rclpy/executors.py", line 681, in _wait_for_ready_callbacks
    raise ExternalShutdownException()
rclpy.executors.ExternalShutdownException

During handling of the above exception, another exception occurred:

Traceback (most recent call last):
  File "/home/willy/tf.py", line 307, in <module>
    main()
  File "/home/willy/tf.py", line 304, in main
    rclpy.shutdown()
  File "/opt/ros/humble/local/lib/python3.10/dist-packages/rclpy/__init__.py", line 130, in shutdown
    _shutdown(context=context)
  File "/opt/ros/humble/local/lib/python3.10/dist-packages/rclpy/utilities.py", line 58, in shutdown
    return context.shutdown()
  File "/opt/ros/humble/local/lib/python3.10/dist-packages/rclpy/context.py", line 102, in shutdown
    self.__context.shutdown()
rclpy._rclpy_pybind11.RCLError: failed to shutdown: rcl_shutdown already called on the given context, at ./src/rcl/init.c:241
[realsense2_camera_node-1] [0m[INFO] [1775588549.960226973] [camera]: Close Sensor - Done. [0m
[ERROR] [d435i_accel_correction-2]: process has died [pid 33640, exit code 1, cmd '/home/willy/ament_ws/install/stretch_core/lib/stretch_core/d435i_accel_correction --ros-args'].
[INFO] [realsense2_camera_node-1]: process has finished cleanly [pid 33638]
