=== launch_nodes.sh started at Tue Apr  7 02:28:39 PM EDT 2026 ===
Freeing robot process...
Done!
Launching Nav2...
Launching D435i camera...
Launching ArUco detector...
Launching Grasper...
Launching RViz...
Waiting for Nav2 action server...
[INFO] [launch]: All log files can be found below /home/willy/.ros/log/2026-04-07-14-28-40-397735-stretch-re2-2204-18354
[INFO] [launch]: Default logging verbosity is set to INFO
[INFO] [launch]: All log files can be found below /home/willy/.ros/log/2026-04-07-14-28-40-580882-stretch-re2-2204-18355
[INFO] [launch]: Default logging verbosity is set to INFO
[INFO] [launch.user]: D435i launched in high resolution
[INFO] [realsense2_camera_node-1]: process started with pid [18447]
[INFO] [d435i_accel_correction-2]: process started with pid [18449]
qt.qpa.xcb: could not connect to display 192.168.1.20:0.0
qt.qpa.plugin: Could not load the Qt platform plugin "xcb" in "" even though it was found.
This application failed to start because no Qt platform plugin could be initialized. Reinstalling the application may fix this problem.

Available platform plugins are: eglfs, linuxfb, minimal, minimalegl, offscreen, vnc, xcb.

[INFO] [1775586521.009525147] [aruco_base_frame_estimator]: aruco_base_frame_estimator started
[d435i_accel_correction-2] [INFO] [1775586521.119145941] [d435i_accel_correction_node]: d435i_accel_correction_node started
[realsense2_camera_node-1] [0m[INFO] [1775586521.283153435] [camera]: RealSense ROS v4.55.1[0m
[realsense2_camera_node-1] [0m[INFO] [1775586521.283262713] [camera]: Built with LibRealSense v2.56.4[0m
[realsense2_camera_node-1] [0m[INFO] [1775586521.283278667] [camera]: Running with LibRealSense v2.56.4[0m
[realsense2_camera_node-1] [0m[INFO] [1775586521.320024025] [camera]: Device with serial number 239722071445 was found.
[realsense2_camera_node-1] [0m
[realsense2_camera_node-1] [0m[INFO] [1775586521.320141885] [camera]: Device with physical ID /sys/devices/pci0000:00/0000:00:0d.0/usb2/2-1/2-1:1.0/video4linux/video0 was found.[0m
[realsense2_camera_node-1] [0m[INFO] [1775586521.320150468] [camera]: Device with name Intel RealSense D435I was found.[0m
[realsense2_camera_node-1] [0m[INFO] [1775586521.320275459] [camera]: Device with port number 2-1 was found.[0m
[realsense2_camera_node-1] [0m[INFO] [1775586521.320285954] [camera]: Device USB type: 3.2[0m
[realsense2_camera_node-1] [0m[INFO] [1775586521.320291318] [camera]: Resetting device...[0m
[INFO] [stretch_driver-3]: process started with pid [18599]
[INFO] [joint_state_publisher-1]: process started with pid [18595]
[INFO] [robot_state_publisher-2]: process started with pid [18597]
[INFO] [sllidar_node-4]: process started with pid [18601]
[INFO] [scan_to_scan_filter_chain-5]: process started with pid [18603]
[INFO] [joy_node-6]: process started with pid [18605]
[INFO] [teleop_node-7]: process started with pid [18607]
[INFO] [map_server-8]: process started with pid [18609]
[INFO] [amcl-9]: process started with pid [18611]
[INFO] [lifecycle_manager-10]: process started with pid [18613]
[INFO] [controller_server-11]: process started with pid [18615]
[INFO] [planner_server-12]: process started with pid [18617]
[INFO] [behavior_server-13]: process started with pid [18619]
[INFO] [bt_navigator-14]: process started with pid [18623]
[INFO] [waypoint_follower-15]: process started with pid [18626]
[INFO] [lifecycle_manager-16]: process started with pid [18747]
[INFO] [rviz2-17]: process started with pid [18749]
[sllidar_node-4] [INFO] [1775586521.443084685] [sllidar_node]: SLLidar running on ROS2 package SLLidar.ROS2 SDK Version:1.0.1, SLLIDAR SDK Version:2.1.0
[sllidar_node-4] [INFO] [1775586521.453699973] [sllidar_node]: SLLidar S/N: C394ED93C0EA98C9A5E698F2564A4669
[sllidar_node-4] [INFO] [1775586521.453795258] [sllidar_node]: Firmware Ver: 1.29
[sllidar_node-4] [INFO] [1775586521.453808185] [sllidar_node]: Hardware Rev: 7
[sllidar_node-4] [INFO] [1775586521.455579021] [sllidar_node]: SLLidar health status : 0
[sllidar_node-4] [INFO] [1775586521.455668844] [sllidar_node]: SLLidar health status : OK.
[scan_to_scan_filter_chain-5] [INFO] [1775586521.459555847] [laser_filter]: In shadow configure done
[scan_to_scan_filter_chain-5] [WARN] [1775586521.460092255] [rcl.logging_rosout]: Publisher already registered for provided node name. If this is due to multiple nodes with the same name then all logs for that logger name will go out over the existing publisher. As soon as any node with that name is destructed it will unregister the publisher, preventing any further logs for that name from being published on the rosout topic.
[teleop_node-7] [INFO] [1775586521.450701594] [TeleopTwistJoy]: Teleop enable button 4.
[teleop_node-7] [INFO] [1775586521.450787405] [TeleopTwistJoy]: Linear axis x on 4 at scale 0.500000.
[teleop_node-7] [INFO] [1775586521.450801367] [TeleopTwistJoy]: Angular axis yaw on 3 at scale 0.500000.
[map_server-8] [INFO] [1775586521.504841149] [map_server]: 
[map_server-8] 	map_server lifecycle node launched. 
[map_server-8] 	Waiting on external lifecycle transitions to activate
[map_server-8] 	See https://design.ros2.org/articles/node_lifecycle.html for more information.
[map_server-8] [INFO] [1775586521.505037281] [map_server]: Creating
[map_server-8] [INFO] [1775586521.505585442] [map_server]: Configuring
[map_server-8] [INFO] [1775586521.505693984] [map_io]: Loading yaml file: /home/willy/stretch_user/maps/testing_map.yaml
[map_server-8] [INFO] [1775586521.506096119] [map_io]: resolution: 0.05
[map_server-8] [INFO] [1775586521.506107026] [map_io]: origin[0]: -11.5
[map_server-8] [INFO] [1775586521.506110202] [map_io]: origin[1]: -1.71
[map_server-8] [INFO] [1775586521.506113149] [map_io]: origin[2]: 0
[map_server-8] [INFO] [1775586521.506116116] [map_io]: free_thresh: 0.25
[map_server-8] [INFO] [1775586521.506119221] [map_io]: occupied_thresh: 0.65
[map_server-8] [INFO] [1775586521.506123127] [map_io]: mode: trinary
[map_server-8] [INFO] [1775586521.506128061] [map_io]: negate: 0
[map_server-8] [INFO] [1775586521.506321112] [map_io]: Loading image_file: /home/willy/stretch_user/maps/testing_map.pgm
[amcl-9] [INFO] [1775586521.466099602] [amcl]: 
[amcl-9] 	amcl lifecycle node launched. 
[amcl-9] 	Waiting on external lifecycle transitions to activate
[amcl-9] 	See https://design.ros2.org/articles/node_lifecycle.html for more information.
[amcl-9] [INFO] [1775586521.470687528] [amcl]: Creating
[lifecycle_manager-10] [INFO] [1775586521.456607037] [lifecycle_manager_localization]: Creating
[lifecycle_manager-10] [INFO] [1775586521.481730666] [lifecycle_manager_localization]: [34m[1mCreating and initializing lifecycle service clients[0m[0m
[lifecycle_manager-10] [INFO] [1775586521.501838865] [lifecycle_manager_localization]: [34m[1mStarting managed nodes bringup...[0m[0m
[lifecycle_manager-10] [INFO] [1775586521.501931635] [lifecycle_manager_localization]: [34m[1mConfiguring map_server[0m[0m
[controller_server-11] [INFO] [1775586521.455589305] [controller_server]: 
[controller_server-11] 	controller_server lifecycle node launched. 
[controller_server-11] 	Waiting on external lifecycle transitions to activate
[controller_server-11] 	See https://design.ros2.org/articles/node_lifecycle.html for more information.
[controller_server-11] [INFO] [1775586521.467239767] [controller_server]: Creating controller server
[controller_server-11] [INFO] [1775586521.495447911] [local_costmap.local_costmap]: 
[controller_server-11] 	local_costmap lifecycle node launched. 
[controller_server-11] 	Waiting on external lifecycle transitions to activate
[controller_server-11] 	See https://design.ros2.org/articles/node_lifecycle.html for more information.
[controller_server-11] [INFO] [1775586521.497106437] [local_costmap.local_costmap]: Creating Costmap
[planner_server-12] [INFO] [1775586521.463842153] [planner_server]: 
[planner_server-12] 	planner_server lifecycle node launched. 
[planner_server-12] 	Waiting on external lifecycle transitions to activate
[planner_server-12] 	See https://design.ros2.org/articles/node_lifecycle.html for more information.
[planner_server-12] [INFO] [1775586521.479957936] [planner_server]: Creating
[planner_server-12] [INFO] [1775586521.514226848] [global_costmap.global_costmap]: 
[planner_server-12] 	global_costmap lifecycle node launched. 
[planner_server-12] 	Waiting on external lifecycle transitions to activate
[planner_server-12] 	See https://design.ros2.org/articles/node_lifecycle.html for more information.
[planner_server-12] [INFO] [1775586521.516548991] [global_costmap.global_costmap]: Creating Costmap
[behavior_server-13] [INFO] [1775586521.502358675] [behavior_server]: 
[behavior_server-13] 	behavior_server lifecycle node launched. 
[behavior_server-13] 	Waiting on external lifecycle transitions to activate
[behavior_server-13] 	See https://design.ros2.org/articles/node_lifecycle.html for more information.
[bt_navigator-14] [INFO] [1775586521.475374605] [bt_navigator]: 
[bt_navigator-14] 	bt_navigator lifecycle node launched. 
[bt_navigator-14] 	Waiting on external lifecycle transitions to activate
[bt_navigator-14] 	See https://design.ros2.org/articles/node_lifecycle.html for more information.
[bt_navigator-14] [INFO] [1775586521.475554791] [bt_navigator]: Creating
[waypoint_follower-15] [INFO] [1775586521.502534962] [waypoint_follower]: 
[waypoint_follower-15] 	waypoint_follower lifecycle node launched. 
[waypoint_follower-15] 	Waiting on external lifecycle transitions to activate
[waypoint_follower-15] 	See https://design.ros2.org/articles/node_lifecycle.html for more information.
[waypoint_follower-15] [INFO] [1775586521.504792814] [waypoint_follower]: Creating
[map_server-8] [INFO] [1775586521.518997641] [map_io]: Read map /home/willy/stretch_user/maps/testing_map.pgm: 416 X 249 map @ 0.05 m/cell
[lifecycle_manager-10] [INFO] [1775586521.525674780] [lifecycle_manager_localization]: [34m[1mConfiguring amcl[0m[0m
[amcl-9] [INFO] [1775586521.526032597] [amcl]: Configuring
[amcl-9] [INFO] [1775586521.526147401] [amcl]: initTransforms
[amcl-9] [INFO] [1775586521.534713829] [amcl]: initPubSub
[lifecycle_manager-16] [INFO] [1775586521.536911112] [lifecycle_manager_navigation]: Creating
[lifecycle_manager-16] [INFO] [1775586521.539495554] [lifecycle_manager_navigation]: [34m[1mCreating and initializing lifecycle service clients[0m[0m
[amcl-9] [INFO] [1775586521.540411809] [amcl]: Subscribed to map topic.
[lifecycle_manager-10] [INFO] [1775586521.545497267] [lifecycle_manager_localization]: [34m[1mActivating map_server[0m[0m
[map_server-8] [INFO] [1775586521.545811524] [map_server]: Activating
[map_server-8] [INFO] [1775586521.546140777] [map_server]: Creating bond (map_server) to lifecycle manager.
[amcl-9] [INFO] [1775586521.546422022] [amcl]: Received a 416 X 249 map @ 0.050 m/pix
[rviz2-17] qt.qpa.xcb: could not connect to display 192.168.1.20:0.0
[rviz2-17] qt.qpa.plugin: Could not load the Qt platform plugin "xcb" in "/usr/lib/x86_64-linux-gnu/qt5/plugins/platforms/libqxcb.so" even though it was found.
[rviz2-17] This application failed to start because no Qt platform plugin could be initialized. Reinstalling the application may fix this problem.
[rviz2-17] 
[rviz2-17] Available platform plugins are: eglfs, linuxfb, minimal, minimalegl, offscreen, vnc, xcb.
[rviz2-17] 
[lifecycle_manager-16] [INFO] [1775586521.561828876] [lifecycle_manager_navigation]: [34m[1mStarting managed nodes bringup...[0m[0m
[lifecycle_manager-16] [INFO] [1775586521.561923019] [lifecycle_manager_navigation]: [34m[1mConfiguring controller_server[0m[0m
[controller_server-11] [INFO] [1775586521.562284348] [controller_server]: Configuring controller interface
[controller_server-11] [INFO] [1775586521.563322749] [controller_server]: getting goal checker plugins..
[controller_server-11] [INFO] [1775586521.563795094] [controller_server]: Controller frequency set to 20.0000Hz
[controller_server-11] [INFO] [1775586521.563930735] [local_costmap.local_costmap]: Configuring
[controller_server-11] [INFO] [1775586521.571824057] [local_costmap.local_costmap]: Using plugin "obstacle_layer"
[controller_server-11] [INFO] [1775586521.576067350] [local_costmap.local_costmap]: Subscribed to Topics: scan
[controller_server-11] [INFO] [1775586521.578556147] [local_costmap.local_costmap]: Initialized plugin "obstacle_layer"
[controller_server-11] [INFO] [1775586521.578657178] [local_costmap.local_costmap]: Using plugin "voxel_layer"
[controller_server-11] [INFO] [1775586521.579723274] [local_costmap.local_costmap]: Subscribed to Topics: scan
[controller_server-11] [INFO] [1775586521.584085257] [local_costmap.local_costmap]: Initialized plugin "voxel_layer"
[controller_server-11] [INFO] [1775586521.584163933] [local_costmap.local_costmap]: Using plugin "inflation_layer"
[controller_server-11] [INFO] [1775586521.585629567] [local_costmap.local_costmap]: Initialized plugin "inflation_layer"
[controller_server-11] [INFO] [1775586521.593811547] [controller_server]: Created progress_checker : progress_checker of type nav2_controller::SimpleProgressChecker
[controller_server-11] [INFO] [1775586521.595247337] [controller_server]: Created goal checker : general_goal_checker of type nav2_controller::SimpleGoalChecker
[controller_server-11] [INFO] [1775586521.595760399] [controller_server]: Controller Server has general_goal_checker  goal checkers available.
Nav2 is up!
Waiting for AMCL...
[controller_server-11] [INFO] [1775586521.599264127] [controller_server]: Created controller : FollowPath of type dwb_core::DWBLocalPlanner
[controller_server-11] [INFO] [1775586521.600573588] [controller_server]: Setting transform_tolerance to 0.200000
[controller_server-11] [INFO] [1775586521.609941274] [controller_server]: Using critic "RotateToGoal" (dwb_critics::RotateToGoalCritic)
[controller_server-11] [INFO] [1775586521.610675421] [controller_server]: Critic plugin initialized
[controller_server-11] [INFO] [1775586521.610856361] [controller_server]: Using critic "Oscillation" (dwb_critics::OscillationCritic)
[controller_server-11] [INFO] [1775586521.611409975] [controller_server]: Critic plugin initialized
[controller_server-11] [INFO] [1775586521.611579358] [controller_server]: Using critic "BaseObstacle" (dwb_critics::BaseObstacleCritic)
[controller_server-11] [INFO] [1775586521.611791645] [controller_server]: Critic plugin initialized
[controller_server-11] [INFO] [1775586521.611938783] [controller_server]: Using critic "GoalAlign" (dwb_critics::GoalAlignCritic)
[controller_server-11] [INFO] [1775586521.612333798] [controller_server]: Critic plugin initialized
[controller_server-11] [INFO] [1775586521.613028678] [controller_server]: Using critic "PathAlign" (dwb_critics::PathAlignCritic)
[controller_server-11] [INFO] [1775586521.613484461] [controller_server]: Critic plugin initialized
[controller_server-11] [INFO] [1775586521.613644369] [controller_server]: Using critic "PathDist" (dwb_critics::PathDistCritic)
[controller_server-11] [INFO] [1775586521.613946354] [controller_server]: Critic plugin initialized
[controller_server-11] [INFO] [1775586521.614110906] [controller_server]: Using critic "GoalDist" (dwb_critics::GoalDistCritic)
[controller_server-11] [INFO] [1775586521.614401837] [controller_server]: Critic plugin initialized
[controller_server-11] [INFO] [1775586521.614551404] [controller_server]: Using critic "PreferForward" (dwb_critics::PreferForwardCritic)
[controller_server-11] [INFO] [1775586521.615127412] [controller_server]: Critic plugin initialized
[controller_server-11] [INFO] [1775586521.615156348] [controller_server]: Controller Server has FollowPath  controllers available.
[lifecycle_manager-16] [INFO] [1775586521.623943170] [lifecycle_manager_navigation]: [34m[1mConfiguring planner_server[0m[0m
[planner_server-12] [INFO] [1775586521.624168182] [planner_server]: Configuring
[planner_server-12] [INFO] [1775586521.624207144] [global_costmap.global_costmap]: Configuring
[planner_server-12] [INFO] [1775586521.637976856] [global_costmap.global_costmap]: Using plugin "static_layer"
[planner_server-12] [INFO] [1775586521.647323658] [global_costmap.global_costmap]: Subscribing to the map topic (/map) with transient local durability
[planner_server-12] [INFO] [1775586521.649350582] [global_costmap.global_costmap]: Initialized plugin "static_layer"
[planner_server-12] [INFO] [1775586521.649394297] [global_costmap.global_costmap]: Using plugin "obstacle_layer"
[planner_server-12] [INFO] [1775586521.651828922] [global_costmap.global_costmap]: Subscribed to Topics: scan
[sllidar_node-4] [INFO] [1775586521.654931263] [sllidar_node]: current scan mode: Boost, sample rate: 8 Khz, max_distance: 12.0 m, scan frequency:10.0 Hz, 
[lifecycle_manager-10] [INFO] [1775586521.655483808] [lifecycle_manager_localization]: Server map_server connected with bond.
[lifecycle_manager-10] [INFO] [1775586521.655535195] [lifecycle_manager_localization]: [34m[1mActivating amcl[0m[0m
[amcl-9] [INFO] [1775586521.655818490] [amcl]: Activating
[amcl-9] [INFO] [1775586521.655869266] [amcl]: Creating bond (amcl) to lifecycle manager.
[planner_server-12] [INFO] [1775586521.659363254] [global_costmap.global_costmap]: Initialized plugin "obstacle_layer"
[planner_server-12] [INFO] [1775586521.659431482] [global_costmap.global_costmap]: Using plugin "voxel_layer"
[planner_server-12] [INFO] [1775586521.662132688] [global_costmap.global_costmap]: Subscribed to Topics: scan
[planner_server-12] [INFO] [1775586521.672873504] [global_costmap.global_costmap]: Initialized plugin "voxel_layer"
[planner_server-12] [INFO] [1775586521.672922541] [global_costmap.global_costmap]: Using plugin "inflation_layer"
[planner_server-12] [INFO] [1775586521.674752074] [global_costmap.global_costmap]: Initialized plugin "inflation_layer"
[planner_server-12] [INFO] [1775586521.684831223] [global_costmap.global_costmap]: StaticLayer: Resizing costmap to 416 X 249 at 0.050000 m/pix
[planner_server-12] [INFO] [1775586521.685474134] [planner_server]: Created global planner plugin GridBased of type nav2_navfn_planner/NavfnPlanner
[planner_server-12] [INFO] [1775586521.685522426] [planner_server]: Configuring plugin GridBased of type NavfnPlanner
[planner_server-12] [INFO] [1775586521.688062232] [planner_server]: Planner Server has GridBased  planners available.
[lifecycle_manager-16] [INFO] [1775586521.696859272] [lifecycle_manager_navigation]: [34m[1mConfiguring behavior_server[0m[0m
[behavior_server-13] [INFO] [1775586521.697187411] [behavior_server]: Configuring
[behavior_server-13] [INFO] [1775586521.713584665] [behavior_server]: Creating behavior plugin spin of type nav2_behaviors/Spin
[behavior_server-13] [INFO] [1775586521.714833055] [behavior_server]: Configuring spin
[behavior_server-13] [INFO] [1775586521.737770118] [behavior_server]: Creating behavior plugin backup of type nav2_behaviors/BackUp
[behavior_server-13] [INFO] [1775586521.738834521] [behavior_server]: Configuring backup
[behavior_server-13] [INFO] [1775586521.752661896] [behavior_server]: Creating behavior plugin drive_on_heading of type nav2_behaviors/DriveOnHeading
[behavior_server-13] [INFO] [1775586521.753731090] [behavior_server]: Configuring drive_on_heading
[behavior_server-13] [INFO] [1775586521.761808753] [behavior_server]: Creating behavior plugin assisted_teleop of type nav2_behaviors/AssistedTeleop
[lifecycle_manager-10] [INFO] [1775586521.764313748] [lifecycle_manager_localization]: Server amcl connected with bond.
[lifecycle_manager-10] [INFO] [1775586521.764383388] [lifecycle_manager_localization]: [34m[1mManaged nodes are active[0m[0m
[lifecycle_manager-10] [INFO] [1775586521.764402963] [lifecycle_manager_localization]: [34m[1mCreating bond timer...[0m[0m
[behavior_server-13] [INFO] [1775586521.765359790] [behavior_server]: Configuring assisted_teleop
[behavior_server-13] [INFO] [1775586521.774856862] [behavior_server]: Creating behavior plugin wait of type nav2_behaviors/Wait
[behavior_server-13] [INFO] [1775586521.775874225] [behavior_server]: Configuring wait
[lifecycle_manager-16] [INFO] [1775586521.784256740] [lifecycle_manager_navigation]: [34m[1mConfiguring bt_navigator[0m[0m
[bt_navigator-14] [INFO] [1775586521.784474572] [bt_navigator]: Configuring
[lifecycle_manager-16] [INFO] [1775586521.851526828] [lifecycle_manager_navigation]: [34m[1mConfiguring waypoint_follower[0m[0m
[waypoint_follower-15] [INFO] [1775586521.851732117] [waypoint_follower]: Configuring
[waypoint_follower-15] [INFO] [1775586521.859184760] [waypoint_follower]: Created waypoint_task_executor : wait_at_waypoint of type nav2_waypoint_follower::WaitAtWaypoint
[lifecycle_manager-16] [INFO] [1775586521.860667678] [lifecycle_manager_navigation]: [34m[1mActivating controller_server[0m[0m
[controller_server-11] [INFO] [1775586521.861106848] [controller_server]: Activating
[controller_server-11] [INFO] [1775586521.861229642] [local_costmap.local_costmap]: Activating
[controller_server-11] [INFO] [1775586521.861262343] [local_costmap.local_costmap]: Checking transform
[controller_server-11] [INFO] [1775586521.861403970] [local_costmap.local_costmap]: Timed out waiting for transform from base_link to odom to become available, tf error: Invalid frame ID "odom" passed to canTransform argument target_frame - frame does not exist
[ros2run]: Aborted
[joy_node-6] [INFO] [1775586522.221366132] [joy_node]: Opened joystick: Controller 1.05.  deadzone: 0.050000
[INFO] [1775586522.306830525] [object_grasper]: object_grasper started
[controller_server-11] [INFO] [1775586522.361462830] [local_costmap.local_costmap]: Timed out waiting for transform from base_link to odom to become available, tf error: Invalid frame ID "odom" passed to canTransform argument target_frame - frame does not exist
[scan_to_scan_filter_chain-5] [WARN] [1775586522.451461151] [laser_filter]: diagnostic_updater: No HW_ID was set. This is probably a bug. Please report it. For devices that do not have a HW_ID, set this value to 'none'. This warning only occurs once all diagnostics are OK. It is okay to wait until the device is open before calling setHardwareID.
[stretch_driver-3] [0m[INFO] [1775586522.718519916] [stretch_driver]: For use with S T R E T C H (TM) RESEARCH EDITION from Hello Robot Inc.[0m
[stretch_driver-3] [0m[INFO] [1775586522.718751060] [stretch_driver]: stretch_driver started[0m
[controller_server-11] [INFO] [1775586522.861436192] [local_costmap.local_costmap]: Timed out waiting for transform from base_link to odom to become available, tf error: Invalid frame ID "odom" passed to canTransform argument target_frame - frame does not exist
[ERROR] [rviz2-17]: process has died [pid 18749, exit code -6, cmd '/opt/ros/humble/lib/rviz2/rviz2 -d /opt/ros/humble/share/nav2_bringup/rviz/nav2_default_view.rviz --ros-args'].
[INFO] [lifecycle_manager-16]: sending signal 'SIGINT' to process[lifecycle_manager-16]
[INFO] [waypoint_follower-15]: sending signal 'SIGINT' to process[waypoint_follower-15]
[INFO] [bt_navigator-14]: sending signal 'SIGINT' to process[bt_navigator-14]
[INFO] [behavior_server-13]: sending signal 'SIGINT' to process[behavior_server-13]
[INFO] [planner_server-12]: sending signal 'SIGINT' to process[planner_server-12]
[INFO] [controller_server-11]: sending signal 'SIGINT' to process[controller_server-11]
[INFO] [lifecycle_manager-10]: sending signal 'SIGINT' to process[lifecycle_manager-10]
[INFO] [amcl-9]: sending signal 'SIGINT' to process[amcl-9]
[INFO] [map_server-8]: sending signal 'SIGINT' to process[map_server-8]
[INFO] [teleop_node-7]: sending signal 'SIGINT' to process[teleop_node-7]
[INFO] [joy_node-6]: sending signal 'SIGINT' to process[joy_node-6]
[INFO] [scan_to_scan_filter_chain-5]: sending signal 'SIGINT' to process[scan_to_scan_filter_chain-5]
[INFO] [sllidar_node-4]: sending signal 'SIGINT' to process[sllidar_node-4]
[INFO] [stretch_driver-3]: sending signal 'SIGINT' to process[stretch_driver-3]
[INFO] [robot_state_publisher-2]: sending signal 'SIGINT' to process[robot_state_publisher-2]
[INFO] [joint_state_publisher-1]: sending signal 'SIGINT' to process[joint_state_publisher-1]
[lifecycle_manager-16] [INFO] [1775586522.913696143] [rclcpp]: signal_handler(SIGINT/SIGTERM)
[lifecycle_manager-16] [INFO] [1775586522.913815005] [lifecycle_manager_navigation]: Running Nav2 LifecycleManager rcl preshutdown (lifecycle_manager_navigation)
[waypoint_follower-15] [INFO] [1775586522.914951534] [rclcpp]: signal_handler(SIGINT/SIGTERM)
[waypoint_follower-15] [INFO] [1775586522.915046117] [waypoint_follower]: Running Nav2 LifecycleNode rcl preshutdown (waypoint_follower)
[waypoint_follower-15] [INFO] [1775586522.915123109] [waypoint_follower]: Cleaning up
[bt_navigator-14] [INFO] [1775586522.916540903] [rclcpp]: signal_handler(SIGINT/SIGTERM)
[bt_navigator-14] [INFO] [1775586522.916624503] [bt_navigator]: Running Nav2 LifecycleNode rcl preshutdown (bt_navigator)
[bt_navigator-14] [INFO] [1775586522.916695960] [bt_navigator]: Cleaning up
[behavior_server-13] [INFO] [1775586522.918774758] [rclcpp]: signal_handler(SIGINT/SIGTERM)
[behavior_server-13] [INFO] [1775586522.918898225] [behavior_server]: Running Nav2 LifecycleNode rcl preshutdown (behavior_server)
[behavior_server-13] [INFO] [1775586522.918948499] [behavior_server]: Cleaning up
[planner_server-12] [INFO] [1775586522.921077474] [rclcpp]: signal_handler(SIGINT/SIGTERM)
[planner_server-12] [INFO] [1775586522.921214739] [planner_server]: Running Nav2 LifecycleNode rcl preshutdown (planner_server)
[planner_server-12] [INFO] [1775586522.921304465] [planner_server]: Cleaning up
[behavior_server-13] [INFO] [1775586522.923411404] [behavior_server]: Destroying bond (behavior_server) to lifecycle manager.
[controller_server-11] [INFO] [1775586522.923496255] [rclcpp]: signal_handler(SIGINT/SIGTERM)
[controller_server-11] [INFO] [1775586522.923629451] [controller_server]: Running Nav2 LifecycleNode rcl preshutdown (controller_server)
[controller_server-11] [INFO] [1775586522.923706168] [controller_server]: Destroying bond (controller_server) to lifecycle manager.
[controller_server-11] [INFO] [1775586522.924144427] [local_costmap.local_costmap]: start
[controller_server-11] [ERROR] [1775586522.924441657] [local_costmap.local_costmap]: Caught exception in callback for transition 13
[controller_server-11] [ERROR] [1775586522.924450415] [local_costmap.local_costmap]: Original error: could not create subscription: rcl node's context is invalid, at ./src/rcl/node.c:428
[controller_server-11] [ERROR] [1775586522.924479411] [local_costmap.local_costmap]: Failed to finish transition 3. Current state is now: errorprocessing (Could not publish transition: publisher's context is invalid, at ./src/rcl/publisher.c:389, at ./src/rcl_lifecycle.c:368)
[controller_server-11] [INFO] [1775586522.924514831] [controller_server]: Creating bond (controller_server) to lifecycle manager.
[controller_server-11] [ERROR] [1775586522.924743469] [controller_server]: Caught exception in callback for transition 13
[controller_server-11] [ERROR] [1775586522.924750154] [controller_server]: Original error: could not create publisher: rcl node's context is invalid, at ./src/rcl/node.c:428
[controller_server-11] [ERROR] [1775586522.924758008] [controller_server]: Failed to finish transition 3. Current state is now: errorprocessing (Could not publish transition: publisher's context is invalid, at ./src/rcl/publisher.c:389, at ./src/rcl_lifecycle.c:368)
[waypoint_follower-15] [INFO] [1775586522.923793460] [waypoint_follower]: Destroying bond (waypoint_follower) to lifecycle manager.
[lifecycle_manager-10] [INFO] [1775586522.926729525] [rclcpp]: signal_handler(SIGINT/SIGTERM)
[lifecycle_manager-10] [INFO] [1775586522.926859880] [lifecycle_manager_localization]: Running Nav2 LifecycleManager rcl preshutdown (lifecycle_manager_localization)
[lifecycle_manager-10] [INFO] [1775586522.926916776] [lifecycle_manager_localization]: [34m[1mTerminating bond timer...[0m[0m
[amcl-9] [INFO] [1775586522.931400477] [rclcpp]: signal_handler(SIGINT/SIGTERM)
[amcl-9] [INFO] [1775586522.931557239] [amcl]: Running Nav2 LifecycleNode rcl preshutdown (amcl)
[amcl-9] [INFO] [1775586522.931641191] [amcl]: Deactivating
[amcl-9] [INFO] [1775586522.931673819] [amcl]: Destroying bond (amcl) to lifecycle manager.
[waypoint_follower-15] [INFO] [1775586522.934146540] [waypoint_follower]: Destroying
[map_server-8] [INFO] [1775586522.934407403] [rclcpp]: signal_handler(SIGINT/SIGTERM)
[map_server-8] [INFO] [1775586522.934533810] [map_server]: Running Nav2 LifecycleNode rcl preshutdown (map_server)
[map_server-8] [INFO] [1775586522.934633416] [map_server]: Deactivating
[map_server-8] [INFO] [1775586522.934655810] [map_server]: Destroying bond (map_server) to lifecycle manager.
[teleop_node-7] [INFO] [1775586522.938630460] [rclcpp]: signal_handler(SIGINT/SIGTERM)
[joy_node-6] [INFO] [1775586522.941252143] [rclcpp]: signal_handler(SIGINT/SIGTERM)
[amcl-9] [INFO] [1775586522.942310867] [amcl]: Cleaning up
[planner_server-12] [INFO] [1775586522.943108095] [global_costmap.global_costmap]: Cleaning up
[map_server-8] [INFO] [1775586522.946175874] [map_server]: Cleaning up
[map_server-8] [INFO] [1775586522.946300019] [map_server]: Destroying bond (map_server) to lifecycle manager.
[controller_server-11] Warning: class_loader.ClassLoader: SEVERE WARNING!!! Attempting to unload library while objects created by this loader exist in the heap! You should delete your objects before attempting to unload the library or destroying the ClassLoader. The library will NOT be unloaded.
[controller_server-11]          at line 127 in ./src/class_loader.cpp
[controller_server-11] terminate called without an active exception
[planner_server-12] [INFO] [1775586522.949492582] [planner_server]: Cleaning up plugin GridBased of type NavfnPlanner
[planner_server-12] [INFO] [1775586522.949984695] [planner_server]: Destroying plugin GridBased of type NavfnPlanner
[scan_to_scan_filter_chain-5] [INFO] [1775586522.950936272] [rclcpp]: signal_handler(SIGINT/SIGTERM)
[amcl-9] [INFO] [1775586522.953765921] [amcl]: Destroying bond (amcl) to lifecycle manager.
[map_server-8] [INFO] [1775586522.956656888] [map_server]: Destroying
[bt_navigator-14] [INFO] [1775586522.958845770] [bt_navigator]: Completed Cleaning up
[bt_navigator-14] [INFO] [1775586522.958977393] [bt_navigator]: Destroying bond (bt_navigator) to lifecycle manager.
[bt_navigator-14] [INFO] [1775586522.961294694] [bt_navigator]: Destroying
[planner_server-12] [INFO] [1775586522.972778619] [planner_server]: Destroying bond (planner_server) to lifecycle manager.
[planner_server-12] [INFO] [1775586522.974999906] [global_costmap.global_costmap]: Destroying
[behavior_server-13] [INFO] [1775586522.985576132] [behavior_server]: Destroying
[stretch_driver-3] Traceback (most recent call last):
[stretch_driver-3]   File "/home/willy/ament_ws/install/stretch_core/lib/stretch_core/stretch_driver", line 33, in <module>
[stretch_driver-3]     sys.exit(load_entry_point('stretch-core==0.2.0', 'console_scripts', 'stretch_driver')())
[stretch_driver-3]   File "/home/willy/ament_ws/install/stretch_core/lib/python3.10/site-packages/stretch_core/stretch_driver.py", line 1116, in main
[stretch_driver-3]     node = StretchDriver()
[stretch_driver-3]   File "/home/willy/ament_ws/install/stretch_core/lib/python3.10/site-packages/stretch_core/stretch_driver.py", line 90, in __init__
[stretch_driver-3]     self.ros_setup()
[stretch_driver-3]   File "/home/willy/ament_ws/install/stretch_core/lib/python3.10/site-packages/stretch_core/stretch_driver.py", line 880, in ros_setup
[stretch_driver-3]     if not self.robot.startup(start_non_dxl_thread=False,
[stretch_driver-3]   File "/home/willy/.local/lib/python3.10/site-packages/stretch_body/robot.py", line 299, in startup
[planner_server-12] [INFO] [1775586523.003972391] [planner_server]: Destroying
[stretch_driver-3]     if not self.devices[k].startup(threaded=False):
[stretch_driver-3]   File "/home/willy/.local/lib/python3.10/site-packages/stretch_body/head.py", line 24, in startup
[stretch_driver-3]     return DynamixelXChain.startup(self, threaded=threaded)
[stretch_driver-3]   File "/home/willy/.local/lib/python3.10/site-packages/stretch_body/dynamixel_X_chain.py", line 87, in startup
[stretch_driver-3]     if not self.motors[mk].startup(threaded=False):
[stretch_driver-3]   File "/home/willy/.local/lib/python3.10/site-packages/stretch_body/dynamixel_hello_XL430.py", line 222, in startup
[stretch_driver-3]     self.pull_status()
[stretch_driver-3]   File "/home/willy/.local/lib/python3.10/site-packages/stretch_body/dynamixel_hello_XL430.py", line 274, in pull_status
[stretch_driver-3]     x = self.motor.get_pos()
[stretch_driver-3]   File "/home/willy/.local/lib/python3.10/site-packages/stretch_body/dynamixel_XL430.py", line 675, in get_pos
[stretch_driver-3]     with DelayedKeyboardInterrupt():
[stretch_driver-3]   File "/home/willy/.local/lib/python3.10/site-packages/stretch_body/dynamixel_XL430.py", line 129, in __exit__
[stretch_driver-3]     self.old_handler(*self.signal_received)
[stretch_driver-3] TypeError: 'Handlers' object is not callable
[joint_state_publisher-1] Traceback (most recent call last):
[joint_state_publisher-1]   File "/opt/ros/humble/lib/joint_state_publisher/joint_state_publisher", line 33, in <module>
[joint_state_publisher-1]     sys.exit(load_entry_point('joint-state-publisher==2.4.0', 'console_scripts', 'joint_state_publisher')())
[joint_state_publisher-1]   File "/opt/ros/humble/lib/python3.10/site-packages/joint_state_publisher/joint_state_publisher.py", line 466, in main
[joint_state_publisher-1]     rclpy.spin(jsp)
[joint_state_publisher-1]   File "/opt/ros/humble/local/lib/python3.10/dist-packages/rclpy/__init__.py", line 229, in spin
[joint_state_publisher-1]     executor.spin_once()
[joint_state_publisher-1]   File "/opt/ros/humble/local/lib/python3.10/dist-packages/rclpy/executors.py", line 808, in spin_once
[joint_state_publisher-1]     self._spin_once_impl(timeout_sec)
[joint_state_publisher-1]   File "/opt/ros/humble/local/lib/python3.10/dist-packages/rclpy/executors.py", line 797, in _spin_once_impl
[joint_state_publisher-1]     handler, entity, node = self.wait_for_ready_callbacks(timeout_sec=timeout_sec)
[joint_state_publisher-1]   File "/opt/ros/humble/local/lib/python3.10/dist-packages/rclpy/executors.py", line 780, in wait_for_ready_callbacks
[joint_state_publisher-1]     return next(self._cb_iter)
[joint_state_publisher-1]   File "/opt/ros/humble/local/lib/python3.10/dist-packages/rclpy/executors.py", line 681, in _wait_for_ready_callbacks
[joint_state_publisher-1]     raise ExternalShutdownException()
[joint_state_publisher-1] rclpy.executors.ExternalShutdownException
[lifecycle_manager-10] [INFO] [1775586523.063375430] [lifecycle_manager_localization]: Destroying lifecycle_manager_localization
[amcl-9] [INFO] [1775586523.064074282] [amcl]: Destroying
[sllidar_node-4] [INFO] [1775586523.244058307] [sllidar_node]: Stop motor
[INFO] [teleop_node-7]: process has finished cleanly [pid 18607]
[INFO] [waypoint_follower-15]: process has finished cleanly [pid 18626]
[INFO] [map_server-8]: process has finished cleanly [pid 18609]
[INFO] [bt_navigator-14]: process has finished cleanly [pid 18623]
[INFO] [scan_to_scan_filter_chain-5]: process has finished cleanly [pid 18603]
[INFO] [behavior_server-13]: process has finished cleanly [pid 18619]
[INFO] [planner_server-12]: process has finished cleanly [pid 18617]
[INFO] [joy_node-6]: process has finished cleanly [pid 18605]
[INFO] [lifecycle_manager-10]: process has finished cleanly [pid 18613]
[INFO] [amcl-9]: process has finished cleanly [pid 18611]
[ERROR] [controller_server-11]: process has died [pid 18615, exit code -6, cmd '/opt/ros/humble/lib/nav2_controller/controller_server --ros-args --params-file /tmp/tmpqeghc9wy -r /tf:=tf -r /tf_static:=tf_static -r /cmd_vel:=/stretch/cmd_vel'].
[ERROR] [joint_state_publisher-1]: process has died [pid 18595, exit code 1, cmd '/opt/ros/humble/lib/joint_state_publisher/joint_state_publisher --ros-args --log-level error --ros-args --params-file /tmp/launch_params_ftd2i7sy --params-file /tmp/launch_params_e1sixmud'].
[INFO] [sllidar_node-4]: process has finished cleanly [pid 18601]
[ERROR] [stretch_driver-3]: process has died [pid 18599, exit code 1, cmd '/home/willy/ament_ws/install/stretch_core/lib/stretch_core/stretch_driver --ros-args --params-file /tmp/launch_params_8_p8f_ly -r cmd_vel:=/stretch/cmd_vel -r joint_states:=/stretch/joint_states'].
[lifecycle_manager-16] [ERROR] [1775586524.925819604] [lifecycle_manager_navigation]: Failed to change state for node: controller_server. Exception: controller_server/get_state service client: async_send_request failed.
[lifecycle_manager-16] [ERROR] [1775586524.926007991] [lifecycle_manager_navigation]: Failed to bring up all requested nodes. Aborting bringup.
[lifecycle_manager-16] [INFO] [1775586524.947841112] [lifecycle_manager_navigation]: Destroying lifecycle_manager_navigation
[INFO] [robot_state_publisher-2]: process has finished cleanly [pid 18597]
[INFO] [lifecycle_manager-16]: process has finished cleanly [pid 18747]
[realsense2_camera_node-1] [0m[INFO] [1775586527.357771905] [camera]: Device with serial number 239722071445 was found.
[realsense2_camera_node-1] [0m
[realsense2_camera_node-1] [0m[INFO] [1775586527.357890617] [camera]: Device with physical ID /sys/devices/pci0000:00/0000:00:0d.0/usb2/2-1/2-1:1.0/video4linux/video0 was found.[0m
[realsense2_camera_node-1] [0m[INFO] [1775586527.357913285] [camera]: Device with name Intel RealSense D435I was found.[0m
[realsense2_camera_node-1] [0m[INFO] [1775586527.358313761] [camera]: Device with port number 2-1 was found.[0m
[realsense2_camera_node-1] [0m[INFO] [1775586527.358356375] [camera]: Device USB type: 3.2[0m
[realsense2_camera_node-1] [0m[INFO] [1775586527.358541526] [camera]: getParameters...[0m
[realsense2_camera_node-1] [0m[INFO] [1775586527.687622172] [camera]: JSON file is loaded! (/home/willy/ament_ws/install/stretch_core/share/stretch_core/config/HighAccuracyPreset.json)[0m
[realsense2_camera_node-1] [0m[INFO] [1775586527.687835357] [camera]: Device Name: Intel RealSense D435I[0m
[realsense2_camera_node-1] [0m[INFO] [1775586527.687884620] [camera]: Device Serial No: 239722071445[0m
[realsense2_camera_node-1] [0m[INFO] [1775586527.687917193] [camera]: Device physical port: /sys/devices/pci0000:00/0000:00:0d.0/usb2/2-1/2-1:1.0/video4linux/video0[0m
[realsense2_camera_node-1] [0m[INFO] [1775586527.687948041] [camera]: Device FW version: 5.16.0.1[0m
[realsense2_camera_node-1] [0m[INFO] [1775586527.687983726] [camera]: Device Product ID: 0x0B3A[0m
[realsense2_camera_node-1] [0m[INFO] [1775586527.688016952] [camera]: Sync Mode: On[0m
[realsense2_camera_node-1] [33m[WARN] [1775586527.810003534] [camera]: re-enable the stream for the change to take effect.[0m
[realsense2_camera_node-1] [33m[WARN] [1775586527.810786435] [camera]: re-enable the stream for the change to take effect.[0m
[realsense2_camera_node-1] [33m[WARN] [1775586527.818560555] [camera]: re-enable the stream for the change to take effect.[0m
[realsense2_camera_node-1] [31m[ERROR] [1775586527.819290938] [camera]: Given value, 63 is invalid. Set ROS param back to: 100[0m
[realsense2_camera_node-1] [0m[INFO] [1775586527.823173890] [camera]: Stopping Sensor: Depth Module[0m
[realsense2_camera_node-1] [0m[INFO] [1775586527.823235844] [camera]: Stopping Sensor: RGB Camera[0m
[realsense2_camera_node-1] [0m[INFO] [1775586527.823251079] [camera]: Stopping Sensor: Motion Module[0m
[realsense2_camera_node-1] [0m[INFO] [1775586527.831241896] [camera]: Starting Sensor: Depth Module[0m
[realsense2_camera_node-1] [0m[INFO] [1775586527.844332576] [camera]: Open profile: stream_type: Depth(0), Format: Z16, Width: 1280, Height: 720, FPS: 15[0m
[realsense2_camera_node-1] [0m[INFO] [1775586527.846268423] [camera]: Starting Sensor: RGB Camera[0m
[realsense2_camera_node-1] [0m[INFO] [1775586527.848521254] [camera]: Open profile: stream_type: Color(0), Format: RGB8, Width: 1280, Height: 720, FPS: 15[0m
[realsense2_camera_node-1] [0m[INFO] [1775586527.880244340] [camera]: Starting Sensor: Motion Module[0m
[realsense2_camera_node-1] [0m[INFO] [1775586527.882933766] [camera]: Open profile: stream_type: Accel(0)Format: MOTION_XYZ32F, FPS: 100[0m
[realsense2_camera_node-1] [0m[INFO] [1775586527.882988074] [camera]: Open profile: stream_type: Gyro(0)Format: MOTION_XYZ32F, FPS: 200[0m
[realsense2_camera_node-1] [0m[INFO] [1775586527.885324105] [camera]: RealSense Node Is Up![0m
[realsense2_camera_node-1] [33m[WARN] [1775586528.831705607] [camera]: XXX Hardware Notification:Motion Module failure,1.77559e+12,Error,Hardware Error[0m
[realsense2_camera_node-1] [33m[WARN] [1775586528.831787463] [camera]: Hardware Notification:Motion Module failure,1.77559e+12,Error,Hardware Error[0m
[ERROR] [1775586581.167183359] [aruco_base_frame_estimator]: Unable to connect to arm action server. Timeout exceeded.
[ERROR] [1775586582.429525480] [object_grasper]: Unable to connect to arm action server. Timeout exceeded.
[realsense2_camera_node-1] [0m[INFO] [1775586803.543329937] [rclcpp]: signal_handler(SIGINT/SIGTERM)[0m
[realsense2_camera_node-1] [0m[INFO] [1775586803.543987833] [camera]: Stop Sensor: Depth Module[0m
[realsense2_camera_node-1] [0m[INFO] [1775586803.544024531] [camera]: Close Sensor. [0m
[realsense2_camera_node-1] [0m[INFO] [1775586803.546829398] [camera]: Close Sensor - Done. [0m
[realsense2_camera_node-1] [0m[INFO] [1775586803.546863707] [camera]: Stop Sensor: RGB Camera[0m
[realsense2_camera_node-1] [0m[INFO] [1775586803.546877664] [camera]: Close Sensor. [0m
[realsense2_camera_node-1] [0m[INFO] [1775586803.566585475] [camera]: Close Sensor - Done. [0m
[realsense2_camera_node-1] [0m[INFO] [1775586803.566609180] [camera]: Stop Sensor: Motion Module[0m
[realsense2_camera_node-1] [0m[INFO] [1775586803.566840238] [camera]: Close Sensor. [0m
[d435i_accel_correction-2] Traceback (most recent call last):
[d435i_accel_correction-2]   File "/home/willy/ament_ws/install/stretch_core/lib/stretch_core/d435i_accel_correction", line 33, in <module>
[d435i_accel_correction-2]     sys.exit(load_entry_point('stretch-core==0.2.0', 'console_scripts', 'd435i_accel_correction')())
[d435i_accel_correction-2]   File "/home/willy/ament_ws/install/stretch_core/lib/python3.10/site-packages/stretch_core/d435i_accel_correction.py", line 47, in main
[d435i_accel_correction-2]     rclpy.spin(node)
[d435i_accel_correction-2]   File "/opt/ros/humble/local/lib/python3.10/dist-packages/rclpy/__init__.py", line 229, in spin
[d435i_accel_correction-2]     executor.spin_once()
[d435i_accel_correction-2]   File "/opt/ros/humble/local/lib/python3.10/dist-packages/rclpy/executors.py", line 808, in spin_once
[d435i_accel_correction-2]     self._spin_once_impl(timeout_sec)
[d435i_accel_correction-2]   File "/opt/ros/humble/local/lib/python3.10/dist-packages/rclpy/executors.py", line 797, in _spin_once_impl
[d435i_accel_correction-2]     handler, entity, node = self.wait_for_ready_callbacks(timeout_sec=timeout_sec)
[d435i_accel_correction-2]   File "/opt/ros/humble/local/lib/python3.10/dist-packages/rclpy/executors.py", line 780, in wait_for_ready_callbacks
[d435i_accel_correction-2]     return next(self._cb_iter)
[d435i_accel_correction-2]   File "/opt/ros/humble/local/lib/python3.10/dist-packages/rclpy/executors.py", line 681, in _wait_for_ready_callbacks
[d435i_accel_correction-2]     raise ExternalShutdownException()
[d435i_accel_correction-2] rclpy.executors.ExternalShutdownException
[ERROR] [d435i_accel_correction-2]: process has died [pid 18449, exit code 1, cmd '/home/willy/ament_ws/install/stretch_core/lib/stretch_core/d435i_accel_correction --ros-args'].
[realsense2_camera_node-1] [0m[INFO] [1775586804.544821803] [camera]: Close Sensor - Done. [0m
[INFO] [realsense2_camera_node-1]: process has finished cleanly [pid 18447]
