=== launch_nodes.sh started at Wed Apr  8 02:21:38 PM EDT 2026 ===
Freeing robot process...
Done!
Checking if robot needs homing...
Robot not homed. Homing now (this may take ~30s)...
For use with S T R E T C H (R) from Hello Robot Inc.
---------------------------------------------------------------------

Unable to load URDF: /home/willy/.local/lib/python3.10/site-packages/stretch_urdf/RE2V0/stretch_description_RE2V0_tool_stretch_dex_wrist.urdf. Disabling collision system.
[INFO] [robot_monitor]: Guarded contact lift
[INFO] [robot_monitor]: Wrist single tap: 16
[INFO] [robot_monitor]: Wrist single tap: 17
[INFO] [robot_monitor]: Base bump event
[INFO] [robot_monitor]: Base bump event
[INFO] [robot_monitor]: Base bump event
[INFO] [robot_monitor]: Base bump event
[INFO] [robot_monitor]: Base bump event
[INFO] [robot_monitor]: Base bump event
[INFO] [robot_monitor]: Base bump event
[INFO] [robot_monitor]: Base bump event
[INFO] [robot_monitor]: Guarded contact arm
[INFO] [robot_monitor]: Wrist single tap: 19
[INFO] [robot_monitor]: Wrist single tap: 20
[INFO] [robot_monitor]: Wrist single tap: 21
--------- Homing Head ----
--------- Homing Lift ----
Homing Lift...
Hardstop detected at motor position (rad) 115.26956939697266
Marking Lift position to 1.099527 (m)
Marking Lift position to 0.000000 (m)
Lift homing successful
--------- Homing Arm ----
Homing Arm...
Hardstop detected at motor position (rad) 0.24504438042640686
Marking Arm position to 0.000000 (m)
Arm homing successful
Moving to first hardstop...
First hardstop contact at position (ticks): 25
-----
Homing offset was 2307
Marking current position to zero ticks
Homing offset is now  2279 (ticks)
-----
Current position (ticks): 40
Moving to calibrated zero: (rad)
Moving to first hardstop...
First hardstop contact at position (ticks): 11
-----
Homing offset was 4817
Marking current position to zero ticks
Homing offset is now  4804 (ticks)
-----
Current position (ticks): 22
Moving to calibrated zero: (rad)
Homing complete.
Launching Nav2...
Launching D435i camera...
Launching ArUco detector...
Launching Grasper...
Waiting for Nav2 action server...
[INFO] [launch]: All log files can be found below /home/willy/.ros/log/2026-04-08-14-22-10-631810-stretch-re2-2204-30435
[INFO] [launch]: Default logging verbosity is set to INFO
[INFO] [launch]: All log files can be found below /home/willy/.ros/log/2026-04-08-14-22-10-662972-stretch-re2-2204-30434
[INFO] [launch]: Default logging verbosity is set to INFO
[INFO] [launch.user]: D435i launched in high resolution
[INFO] [realsense2_camera_node-1]: process started with pid [30485]
[INFO] [d435i_accel_correction-2]: process started with pid [30487]
Nav2 is up!
Waiting for D435i camera...
[INFO] [1775672531.269431212] [aruco_base_frame_estimator]: aruco_base_frame_estimator started
[d435i_accel_correction-2] [INFO] [1775672531.323717829] [d435i_accel_correction_node]: d435i_accel_correction_node started
[realsense2_camera_node-1] [0m[INFO] [1775672531.400085447] [camera]: RealSense ROS v4.55.1[0m
[realsense2_camera_node-1] [0m[INFO] [1775672531.400215692] [camera]: Built with LibRealSense v2.56.4[0m
[realsense2_camera_node-1] [0m[INFO] [1775672531.400242223] [camera]: Running with LibRealSense v2.56.4[0m
[realsense2_camera_node-1] [0m[INFO] [1775672531.451196193] [camera]: Device with serial number 239722071445 was found.
[realsense2_camera_node-1] [0m
[realsense2_camera_node-1] [0m[INFO] [1775672531.451324129] [camera]: Device with physical ID /sys/devices/pci0000:00/0000:00:0d.0/usb2/2-1/2-1:1.0/video4linux/video0 was found.[0m
[realsense2_camera_node-1] [0m[INFO] [1775672531.453209028] [camera]: Device with name Intel RealSense D435I was found.[0m
[realsense2_camera_node-1] [0m[INFO] [1775672531.453414444] [camera]: Device with port number 2-1 was found.[0m
[realsense2_camera_node-1] [0m[INFO] [1775672531.453452676] [camera]: Device USB type: 3.2[0m
[realsense2_camera_node-1] [0m[INFO] [1775672531.453477964] [camera]: Resetting device...[0m
[INFO] [stretch_driver-3]: process started with pid [30648]
[INFO] [joint_state_publisher-1]: process started with pid [30644]
[INFO] [robot_state_publisher-2]: process started with pid [30646]
[INFO] [sllidar_node-4]: process started with pid [30650]
[INFO] [scan_to_scan_filter_chain-5]: process started with pid [30652]
[INFO] [joy_node-6]: process started with pid [30654]
[INFO] [teleop_node-7]: process started with pid [30656]
[INFO] [map_server-8]: process started with pid [30658]
[INFO] [amcl-9]: process started with pid [30660]
[INFO] [lifecycle_manager-10]: process started with pid [30662]
[INFO] [controller_server-11]: process started with pid [30664]
[INFO] [planner_server-12]: process started with pid [30666]
[INFO] [behavior_server-13]: process started with pid [30668]
[INFO] [bt_navigator-14]: process started with pid [30670]
[INFO] [waypoint_follower-15]: process started with pid [30672]
[INFO] [lifecycle_manager-16]: process started with pid [30794]
[INFO] [rviz2-17]: process started with pid [30796]
[sllidar_node-4] [INFO] [1775672531.827908566] [sllidar_node]: SLLidar running on ROS2 package SLLidar.ROS2 SDK Version:1.0.1, SLLIDAR SDK Version:2.1.0
[teleop_node-7] [INFO] [1775672531.807318822] [TeleopTwistJoy]: Teleop enable button 4.
[teleop_node-7] [INFO] [1775672531.807409861] [TeleopTwistJoy]: Linear axis x on 4 at scale 0.500000.
[teleop_node-7] [INFO] [1775672531.807425532] [TeleopTwistJoy]: Angular axis yaw on 3 at scale 0.500000.
[amcl-9] [INFO] [1775672531.818455503] [amcl]: 
[amcl-9] 	amcl lifecycle node launched. 
[amcl-9] 	Waiting on external lifecycle transitions to activate
[amcl-9] 	See https://design.ros2.org/articles/node_lifecycle.html for more information.
[amcl-9] [INFO] [1775672531.820157261] [amcl]: Creating
[lifecycle_manager-10] [INFO] [1775672531.829128495] [lifecycle_manager_localization]: Creating
[lifecycle_manager-10] [INFO] [1775672531.832729278] [lifecycle_manager_localization]: [34m[1mCreating and initializing lifecycle service clients[0m[0m
[controller_server-11] [INFO] [1775672531.809372821] [controller_server]: 
[controller_server-11] 	controller_server lifecycle node launched. 
[controller_server-11] 	Waiting on external lifecycle transitions to activate
[controller_server-11] 	See https://design.ros2.org/articles/node_lifecycle.html for more information.
[controller_server-11] [INFO] [1775672531.823540830] [controller_server]: Creating controller server
[controller_server-11] [INFO] [1775672531.830225362] [local_costmap.local_costmap]: 
[controller_server-11] 	local_costmap lifecycle node launched. 
[controller_server-11] 	Waiting on external lifecycle transitions to activate
[controller_server-11] 	See https://design.ros2.org/articles/node_lifecycle.html for more information.
[controller_server-11] [INFO] [1775672531.831523545] [local_costmap.local_costmap]: Creating Costmap
[planner_server-12] [INFO] [1775672531.802123184] [planner_server]: 
[planner_server-12] 	planner_server lifecycle node launched. 
[planner_server-12] 	Waiting on external lifecycle transitions to activate
[planner_server-12] 	See https://design.ros2.org/articles/node_lifecycle.html for more information.
[planner_server-12] [INFO] [1775672531.805738559] [planner_server]: Creating
[planner_server-12] [INFO] [1775672531.809707351] [global_costmap.global_costmap]: 
[planner_server-12] 	global_costmap lifecycle node launched. 
[planner_server-12] 	Waiting on external lifecycle transitions to activate
[planner_server-12] 	See https://design.ros2.org/articles/node_lifecycle.html for more information.
[planner_server-12] [INFO] [1775672531.810992611] [global_costmap.global_costmap]: Creating Costmap
[behavior_server-13] [INFO] [1775672531.819674524] [behavior_server]: 
[behavior_server-13] 	behavior_server lifecycle node launched. 
[behavior_server-13] 	Waiting on external lifecycle transitions to activate
[behavior_server-13] 	See https://design.ros2.org/articles/node_lifecycle.html for more information.
[waypoint_follower-15] [INFO] [1775672531.823572178] [waypoint_follower]: 
[waypoint_follower-15] 	waypoint_follower lifecycle node launched. 
[waypoint_follower-15] 	Waiting on external lifecycle transitions to activate
[waypoint_follower-15] 	See https://design.ros2.org/articles/node_lifecycle.html for more information.
[waypoint_follower-15] [INFO] [1775672531.824830136] [waypoint_follower]: Creating
[scan_to_scan_filter_chain-5] [INFO] [1775672531.850693001] [laser_filter]: In shadow configure done
[scan_to_scan_filter_chain-5] [WARN] [1775672531.853008580] [rcl.logging_rosout]: Publisher already registered for provided node name. If this is due to multiple nodes with the same name then all logs for that logger name will go out over the existing publisher. As soon as any node with that name is destructed it will unregister the publisher, preventing any further logs for that name from being published on the rosout topic.
[map_server-8] [INFO] [1775672531.864390275] [map_server]: 
[map_server-8] 	map_server lifecycle node launched. 
[map_server-8] 	Waiting on external lifecycle transitions to activate
[map_server-8] 	See https://design.ros2.org/articles/node_lifecycle.html for more information.
[map_server-8] [INFO] [1775672531.864590595] [map_server]: Creating
[lifecycle_manager-16] [INFO] [1775672531.868398454] [lifecycle_manager_navigation]: Creating
[lifecycle_manager-16] [INFO] [1775672531.871976195] [lifecycle_manager_navigation]: [34m[1mCreating and initializing lifecycle service clients[0m[0m
[bt_navigator-14] [INFO] [1775672531.892873953] [bt_navigator]: 
[bt_navigator-14] 	bt_navigator lifecycle node launched. 
[bt_navigator-14] 	Waiting on external lifecycle transitions to activate
[bt_navigator-14] 	See https://design.ros2.org/articles/node_lifecycle.html for more information.
[bt_navigator-14] [INFO] [1775672531.893107968] [bt_navigator]: Creating
[lifecycle_manager-10] [INFO] [1775672531.905941554] [lifecycle_manager_localization]: [34m[1mStarting managed nodes bringup...[0m[0m
[lifecycle_manager-10] [INFO] [1775672531.906047058] [lifecycle_manager_localization]: [34m[1mConfiguring map_server[0m[0m
[sllidar_node-4] [INFO] [1775672531.938472155] [sllidar_node]: SLLidar S/N: C394ED93C0EA98C9A5E698F2564A4669
[sllidar_node-4] [INFO] [1775672531.938566826] [sllidar_node]: Firmware Ver: 1.29
[sllidar_node-4] [INFO] [1775672531.938577735] [sllidar_node]: Hardware Rev: 7
[sllidar_node-4] [INFO] [1775672531.940249323] [sllidar_node]: SLLidar health status : 0
[sllidar_node-4] [INFO] [1775672531.940334956] [sllidar_node]: SLLidar health status : OK.
[lifecycle_manager-16] [INFO] [1775672531.952184086] [lifecycle_manager_navigation]: [34m[1mStarting managed nodes bringup...[0m[0m
[lifecycle_manager-16] [INFO] [1775672531.952296917] [lifecycle_manager_navigation]: [34m[1mConfiguring controller_server[0m[0m
[controller_server-11] [INFO] [1775672532.031925069] [controller_server]: Configuring controller interface
[controller_server-11] [INFO] [1775672532.032378155] [controller_server]: getting goal checker plugins..
[controller_server-11] [INFO] [1775672532.032533887] [controller_server]: Controller frequency set to 20.0000Hz
[controller_server-11] [INFO] [1775672532.032581122] [local_costmap.local_costmap]: Configuring
[controller_server-11] [INFO] [1775672532.045051225] [local_costmap.local_costmap]: Using plugin "obstacle_layer"
[controller_server-11] [INFO] [1775672532.050319901] [local_costmap.local_costmap]: Subscribed to Topics: scan
[controller_server-11] [INFO] [1775672532.057971052] [local_costmap.local_costmap]: Initialized plugin "obstacle_layer"
[controller_server-11] [INFO] [1775672532.058020791] [local_costmap.local_costmap]: Using plugin "voxel_layer"
[controller_server-11] [INFO] [1775672532.062242297] [local_costmap.local_costmap]: Subscribed to Topics: scan
[controller_server-11] [INFO] [1775672532.074459605] [local_costmap.local_costmap]: Initialized plugin "voxel_layer"
[controller_server-11] [INFO] [1775672532.074527013] [local_costmap.local_costmap]: Using plugin "inflation_layer"
[controller_server-11] [INFO] [1775672532.076277549] [local_costmap.local_costmap]: Initialized plugin "inflation_layer"
[controller_server-11] [INFO] [1775672532.089342010] [controller_server]: Created progress_checker : progress_checker of type nav2_controller::SimpleProgressChecker
[controller_server-11] [INFO] [1775672532.092575892] [controller_server]: Created goal checker : general_goal_checker of type nav2_controller::SimpleGoalChecker
[controller_server-11] [INFO] [1775672532.093007380] [controller_server]: Controller Server has general_goal_checker  goal checkers available.
[controller_server-11] [INFO] [1775672532.095538582] [controller_server]: Created controller : FollowPath of type dwb_core::DWBLocalPlanner
[controller_server-11] [INFO] [1775672532.099426323] [controller_server]: Setting transform_tolerance to 0.200000
[controller_server-11] [INFO] [1775672532.113329531] [controller_server]: Using critic "RotateToGoal" (dwb_critics::RotateToGoalCritic)
[controller_server-11] [INFO] [1775672532.114087350] [controller_server]: Critic plugin initialized
[controller_server-11] [INFO] [1775672532.115235965] [controller_server]: Using critic "Oscillation" (dwb_critics::OscillationCritic)
[controller_server-11] [INFO] [1775672532.116878277] [controller_server]: Critic plugin initialized
[controller_server-11] [INFO] [1775672532.117091444] [controller_server]: Using critic "BaseObstacle" (dwb_critics::BaseObstacleCritic)
[controller_server-11] [INFO] [1775672532.117414714] [controller_server]: Critic plugin initialized
[controller_server-11] [INFO] [1775672532.117599563] [controller_server]: Using critic "GoalAlign" (dwb_critics::GoalAlignCritic)
[controller_server-11] [INFO] [1775672532.118117280] [controller_server]: Critic plugin initialized
[controller_server-11] [INFO] [1775672532.118301867] [controller_server]: Using critic "PathAlign" (dwb_critics::PathAlignCritic)
[controller_server-11] [INFO] [1775672532.118772828] [controller_server]: Critic plugin initialized
[controller_server-11] [INFO] [1775672532.118950143] [controller_server]: Using critic "PathDist" (dwb_critics::PathDistCritic)
[controller_server-11] [INFO] [1775672532.120465975] [controller_server]: Critic plugin initialized
[controller_server-11] [INFO] [1775672532.121342609] [controller_server]: Using critic "GoalDist" (dwb_critics::GoalDistCritic)
[controller_server-11] [INFO] [1775672532.121692412] [controller_server]: Critic plugin initialized
[controller_server-11] [INFO] [1775672532.121862063] [controller_server]: Using critic "PreferForward" (dwb_critics::PreferForwardCritic)
[controller_server-11] [INFO] [1775672532.122545960] [controller_server]: Critic plugin initialized
[controller_server-11] [INFO] [1775672532.122573347] [controller_server]: Controller Server has FollowPath  controllers available.
[lifecycle_manager-16] [INFO] [1775672532.133459670] [lifecycle_manager_navigation]: [34m[1mConfiguring planner_server[0m[0m
[planner_server-12] [INFO] [1775672532.133939194] [planner_server]: Configuring
[planner_server-12] [INFO] [1775672532.133997842] [global_costmap.global_costmap]: Configuring
[planner_server-12] [INFO] [1775672532.148262098] [global_costmap.global_costmap]: Using plugin "static_layer"
[sllidar_node-4] [INFO] [1775672532.151024994] [sllidar_node]: current scan mode: Boost, sample rate: 8 Khz, max_distance: 12.0 m, scan frequency:10.0 Hz, 
[planner_server-12] [INFO] [1775672532.155891831] [global_costmap.global_costmap]: Subscribing to the map topic (/map) with transient local durability
[planner_server-12] [INFO] [1775672532.158065673] [global_costmap.global_costmap]: Initialized plugin "static_layer"
[planner_server-12] [INFO] [1775672532.158122036] [global_costmap.global_costmap]: Using plugin "obstacle_layer"
[planner_server-12] [INFO] [1775672532.161757070] [global_costmap.global_costmap]: Subscribed to Topics: scan
[planner_server-12] [INFO] [1775672532.171367980] [global_costmap.global_costmap]: Initialized plugin "obstacle_layer"
[planner_server-12] [INFO] [1775672532.171481638] [global_costmap.global_costmap]: Using plugin "voxel_layer"
[planner_server-12] [INFO] [1775672532.172829328] [global_costmap.global_costmap]: Subscribed to Topics: scan
[planner_server-12] [INFO] [1775672532.180839617] [global_costmap.global_costmap]: Initialized plugin "voxel_layer"
[planner_server-12] [INFO] [1775672532.180930180] [global_costmap.global_costmap]: Using plugin "inflation_layer"
[planner_server-12] [INFO] [1775672532.182276554] [global_costmap.global_costmap]: Initialized plugin "inflation_layer"
[planner_server-12] [INFO] [1775672532.190701655] [planner_server]: Created global planner plugin GridBased of type nav2_navfn_planner/NavfnPlanner
[planner_server-12] [INFO] [1775672532.190759512] [planner_server]: Configuring plugin GridBased of type NavfnPlanner
[planner_server-12] [INFO] [1775672532.191828121] [planner_server]: Planner Server has GridBased  planners available.
[lifecycle_manager-16] [INFO] [1775672532.201403363] [lifecycle_manager_navigation]: [34m[1mConfiguring behavior_server[0m[0m
[behavior_server-13] [INFO] [1775672532.201644272] [behavior_server]: Configuring
[behavior_server-13] [INFO] [1775672532.214506111] [behavior_server]: Creating behavior plugin spin of type nav2_behaviors/Spin
[behavior_server-13] [INFO] [1775672532.216327557] [behavior_server]: Configuring spin
[behavior_server-13] [INFO] [1775672532.230019453] [behavior_server]: Creating behavior plugin backup of type nav2_behaviors/BackUp
[behavior_server-13] [INFO] [1775672532.231125251] [behavior_server]: Configuring backup
[behavior_server-13] [INFO] [1775672532.247799931] [behavior_server]: Creating behavior plugin drive_on_heading of type nav2_behaviors/DriveOnHeading
[behavior_server-13] [INFO] [1775672532.249750325] [behavior_server]: Configuring drive_on_heading
[behavior_server-13] [INFO] [1775672532.265346714] [behavior_server]: Creating behavior plugin assisted_teleop of type nav2_behaviors/AssistedTeleop
[behavior_server-13] [INFO] [1775672532.267628743] [behavior_server]: Configuring assisted_teleop
[behavior_server-13] [INFO] [1775672532.285093914] [behavior_server]: Creating behavior plugin wait of type nav2_behaviors/Wait
[behavior_server-13] [INFO] [1775672532.286967422] [behavior_server]: Configuring wait
[lifecycle_manager-16] [INFO] [1775672532.298738476] [lifecycle_manager_navigation]: [34m[1mConfiguring bt_navigator[0m[0m
[bt_navigator-14] [INFO] [1775672532.299154241] [bt_navigator]: Configuring
[lifecycle_manager-16] [INFO] [1775672532.380753853] [lifecycle_manager_navigation]: [34m[1mConfiguring waypoint_follower[0m[0m
[waypoint_follower-15] [INFO] [1775672532.381115821] [waypoint_follower]: Configuring
[waypoint_follower-15] [INFO] [1775672532.396033105] [waypoint_follower]: Created waypoint_task_executor : wait_at_waypoint of type nav2_waypoint_follower::WaitAtWaypoint
[lifecycle_manager-16] [INFO] [1775672532.398788116] [lifecycle_manager_navigation]: [34m[1mActivating controller_server[0m[0m
[controller_server-11] [INFO] [1775672532.399060816] [controller_server]: Activating
[controller_server-11] [INFO] [1775672532.399124667] [local_costmap.local_costmap]: Activating
[controller_server-11] [INFO] [1775672532.399164013] [local_costmap.local_costmap]: Checking transform
[controller_server-11] [INFO] [1775672532.399264853] [local_costmap.local_costmap]: Timed out waiting for transform from base_link to odom to become available, tf error: Invalid frame ID "odom" passed to canTransform argument target_frame - frame does not exist
[INFO] [1775672532.653057222] [object_grasper]: object_grasper started
[scan_to_scan_filter_chain-5] [WARN] [1775672532.833819276] [laser_filter]: diagnostic_updater: No HW_ID was set. This is probably a bug. Please report it. For devices that do not have a HW_ID, set this value to 'none'. This warning only occurs once all diagnostics are OK. It is okay to wait until the device is open before calling setHardwareID.
[controller_server-11] [INFO] [1775672532.899320691] [local_costmap.local_costmap]: Timed out waiting for transform from base_link to odom to become available, tf error: Invalid frame ID "odom" passed to canTransform argument target_frame - frame does not exist
[stretch_driver-3] [0m[INFO] [1775672533.346041102] [stretch_driver]: For use with S T R E T C H (TM) RESEARCH EDITION from Hello Robot Inc.[0m
[stretch_driver-3] [0m[INFO] [1775672533.346382654] [stretch_driver]: stretch_driver started[0m
[controller_server-11] [INFO] [1775672533.399376419] [local_costmap.local_costmap]: Timed out waiting for transform from base_link to odom to become available, tf error: Invalid frame ID "odom" passed to canTransform argument target_frame - frame does not exist
[controller_server-11] [INFO] [1775672533.899308172] [local_costmap.local_costmap]: Timed out waiting for transform from base_link to odom to become available, tf error: Invalid frame ID "odom" passed to canTransform argument target_frame - frame does not exist
[stretch_driver-3] Key mapped to End-Of-Arm Tool: tool_stretch_dex_wrist
[stretch_driver-3] Unable to load URDF: /home/willy/.local/lib/python3.10/site-packages/stretch_urdf/RE2V0/stretch_description_RE2V0_tool_stretch_dex_wrist.urdf. Disabling collision system.
[controller_server-11] [INFO] [1775672534.399314109] [local_costmap.local_costmap]: Timed out waiting for transform from base_link to odom to become available, tf error: Invalid frame ID "odom" passed to canTransform argument target_frame - frame does not exist
[rviz2-17] [INFO] [1775672534.710923425] [rviz2]: Stereo is NOT SUPPORTED
[rviz2-17] [INFO] [1775672534.711018471] [rviz2]: OpenGl version: 4.5 (GLSL 4.5)
[controller_server-11] [INFO] [1775672534.899328528] [local_costmap.local_costmap]: Timed out waiting for transform from base_link to odom to become available, tf error: Invalid frame ID "odom" passed to canTransform argument target_frame - frame does not exist
[rviz2-17] [INFO] [1775672535.005726390] [rviz2]: Stereo is NOT SUPPORTED
[stretch_driver-3] [0m[INFO] [1775672535.111587424] [stretch_driver]: broadcast_odom_tf = True[0m
[stretch_driver-3] [0m[INFO] [1775672535.157436245] [stretch_driver]: rate = 30.0 Hz[0m
[stretch_driver-3] [0m[INFO] [1775672535.158415967] [stretch_driver]: twist timeout = 0.5 s[0m
[stretch_driver-3] [0m[INFO] [1775672535.160260120] [stretch_driver]: base_frame_id = base_link[0m
[stretch_driver-3] [0m[INFO] [1775672535.161564063] [stretch_driver]: odom_frame_id = odom[0m
[stretch_driver-3] [0m[INFO] [1775672535.222074668] [stretch_driver]: Changed to mode = navigation[0m
[INFO] [1775672535.263592476] [object_grasper]: Node object_grasper connected to /home_the_robot service.
[INFO] [1775672535.265613015] [object_grasper]: Node object_grasper connected to /stow_the_robot service.
[INFO] [1775672535.267133228] [object_grasper]: Node object_grasper connected to /stop_the_robot service.
[INFO] [1775672535.268526753] [object_grasper]: Node object_grasper connected to /switch_to_trajectory_mode service.
[INFO] [1775672535.270089719] [object_grasper]: Node object_grasper connected to /switch_to_position_mode service.
[INFO] [1775672535.273660355] [object_grasper]: Node object_grasper connected to /switch_to_navigation_mode service.
[INFO] [1775672535.350009620] [aruco_base_frame_estimator]: Node aruco_base_frame_estimator connected to /home_the_robot service.
[INFO] [1775672535.351991199] [aruco_base_frame_estimator]: Node aruco_base_frame_estimator connected to /stow_the_robot service.
[INFO] [1775672535.354276836] [aruco_base_frame_estimator]: Node aruco_base_frame_estimator connected to /stop_the_robot service.
[INFO] [1775672535.356528411] [aruco_base_frame_estimator]: Node aruco_base_frame_estimator connected to /switch_to_trajectory_mode service.
[INFO] [1775672535.361678695] [aruco_base_frame_estimator]: Node aruco_base_frame_estimator connected to /switch_to_position_mode service.
[INFO] [1775672535.363830639] [aruco_base_frame_estimator]: Node aruco_base_frame_estimator connected to /switch_to_navigation_mode service.
[INFO] [1775672535.364286371] [aruco_base_frame_estimator]: Moving head camera to detection orientation...
[WARN] [1775672535.364600937] [aruco_base_frame_estimator]: Currently in navigation mode. Recommend switching either to position or trajectory mode
[WARN] [1775672535.364921301] [aruco_base_frame_estimator]: Commanding joint trajectory server in position mode
[stretch_driver-3] [0m[INFO] [1775672535.370651160] [stretch_driver]: Received goal request[0m
[stretch_driver-3] [0m[INFO] [1775672535.382126969] [stretch_driver]: stretch_driver joint_traj action: New trajectory received with joint_names = ['joint_head_pan', 'joint_head_tilt'][0m
/home/willy/.local/lib/python3.10/site-packages/ikpy/urdf/URDF.py:261: UserWarning: Joint joint_mast is of type: fixed, but has an 'axis' attribute defined. This is not in the URDF spec and thus this axis is ignored
  warnings.warn("Joint {} is of type: fixed, but has an 'axis' attribute defined. This is not in the URDF spec and thus this axis is ignored".format(joint.attrib["name"]))
[controller_server-11] [INFO] [1775672535.399571055] [local_costmap.local_costmap]: start
/home/willy/.local/lib/python3.10/site-packages/ikpy/urdf/URDF.py:261: UserWarning: Joint joint_arm_l4 is of type: fixed, but has an 'axis' attribute defined. This is not in the URDF spec and thus this axis is ignored
  warnings.warn("Joint {} is of type: fixed, but has an 'axis' attribute defined. This is not in the URDF spec and thus this axis is ignored".format(joint.attrib["name"]))
[joy_node-6] [INFO] [1775672535.574435004] [joy_node]: Opened joystick: Controller 1.05.  deadzone: 0.050000
[controller_server-11] [INFO] [1775672535.601461786] [controller_server]: Creating bond (controller_server) to lifecycle manager.
/home/willy/.local/lib/python3.10/site-packages/ikpy/urdf/URDF.py:261: UserWarning: Joint joint_wrist_yaw_bottom is of type: fixed, but has an 'axis' attribute defined. This is not in the URDF spec and thus this axis is ignored
  warnings.warn("Joint {} is of type: fixed, but has an 'axis' attribute defined. This is not in the URDF spec and thus this axis is ignored".format(joint.attrib["name"]))
/home/willy/.local/lib/python3.10/site-packages/ikpy/urdf/URDF.py:261: UserWarning: Joint joint_gripper_s3_body is of type: fixed, but has an 'axis' attribute defined. This is not in the URDF spec and thus this axis is ignored
  warnings.warn("Joint {} is of type: fixed, but has an 'axis' attribute defined. This is not in the URDF spec and thus this axis is ignored".format(joint.attrib["name"]))
/home/willy/.local/lib/python3.10/site-packages/ikpy/urdf/URDF.py:261: UserWarning: Joint joint_grasp_center is of type: fixed, but has an 'axis' attribute defined. This is not in the URDF spec and thus this axis is ignored
  warnings.warn("Joint {} is of type: fixed, but has an 'axis' attribute defined. This is not in the URDF spec and thus this axis is ignored".format(joint.attrib["name"]))
/home/willy/.local/lib/python3.10/site-packages/ikpy/chain.py:60: UserWarning: Link Base link (index: 0) is of type 'fixed' but set as active in the active_links_mask. In practice, this fixed link doesn't provide any transformation so is as it were inactive
  warnings.warn("Link {} (index: {}) is of type 'fixed' but set as active in the active_links_mask. In practice, this fixed link doesn't provide any transformation so is as it were inactive".format(link.name, link_index))
/home/willy/.local/lib/python3.10/site-packages/ikpy/chain.py:60: UserWarning: Link joint_mast (index: 2) is of type 'fixed' but set as active in the active_links_mask. In practice, this fixed link doesn't provide any transformation so is as it were inactive
  warnings.warn("Link {} (index: {}) is of type 'fixed' but set as active in the active_links_mask. In practice, this fixed link doesn't provide any transformation so is as it were inactive".format(link.name, link_index))
/home/willy/.local/lib/python3.10/site-packages/ikpy/chain.py:60: UserWarning: Link joint_arm_l4 (index: 4) is of type 'fixed' but set as active in the active_links_mask. In practice, this fixed link doesn't provide any transformation so is as it were inactive
  warnings.warn("Link {} (index: {}) is of type 'fixed' but set as active in the active_links_mask. In practice, this fixed link doesn't provide any transformation so is as it were inactive".format(link.name, link_index))
/home/willy/.local/lib/python3.10/site-packages/ikpy/chain.py:60: UserWarning: Link joint_wrist_yaw_bottom (index: 10) is of type 'fixed' but set as active in the active_links_mask. In practice, this fixed link doesn't provide any transformation so is as it were inactive
  warnings.warn("Link {} (index: {}) is of type 'fixed' but set as active in the active_links_mask. In practice, this fixed link doesn't provide any transformation so is as it were inactive".format(link.name, link_index))
/home/willy/.local/lib/python3.10/site-packages/ikpy/chain.py:60: UserWarning: Link joint_gripper_s3_body (index: 13) is of type 'fixed' but set as active in the active_links_mask. In practice, this fixed link doesn't provide any transformation so is as it were inactive
  warnings.warn("Link {} (index: {}) is of type 'fixed' but set as active in the active_links_mask. In practice, this fixed link doesn't provide any transformation so is as it were inactive".format(link.name, link_index))
/home/willy/.local/lib/python3.10/site-packages/ikpy/chain.py:60: UserWarning: Link joint_grasp_center (index: 14) is of type 'fixed' but set as active in the active_links_mask. In practice, this fixed link doesn't provide any transformation so is as it were inactive
  warnings.warn("Link {} (index: {}) is of type 'fixed' but set as active in the active_links_mask. In practice, this fixed link doesn't provide any transformation so is as it were inactive".format(link.name, link_index))
[INFO] [1775672535.687673873] [object_grasper]: ============================================================
[INFO] [1775672535.688858372] [object_grasper]: ObjectGrasper ready — waiting for ArUco detections
[INFO] [1775672535.689345743] [object_grasper]: Listening on: /aruco/target_base_link
[INFO] [1775672535.689782349] [object_grasper]: Call service: ros2 service call /grasp_object std_srvs/srv/Trigger {}
[INFO] [1775672535.690206946] [object_grasper]: ============================================================
[lifecycle_manager-16] [INFO] [1775672535.707857879] [lifecycle_manager_navigation]: Server controller_server connected with bond.
[lifecycle_manager-16] [INFO] [1775672535.707960269] [lifecycle_manager_navigation]: [34m[1mActivating planner_server[0m[0m
[planner_server-12] [INFO] [1775672535.708666235] [planner_server]: Activating
[planner_server-12] [INFO] [1775672535.708781706] [global_costmap.global_costmap]: Activating
[planner_server-12] [INFO] [1775672535.708814477] [global_costmap.global_costmap]: Checking transform
[planner_server-12] [INFO] [1775672535.708871953] [global_costmap.global_costmap]: Timed out waiting for transform from base_link to map to become available, tf error: Invalid frame ID "map" passed to canTransform argument target_frame - frame does not exist
[planner_server-12] [INFO] [1775672536.208944201] [global_costmap.global_costmap]: Timed out waiting for transform from base_link to map to become available, tf error: Invalid frame ID "map" passed to canTransform argument target_frame - frame does not exist
[stretch_driver-3] -------------------------------------------
[stretch_driver-3] Finished goal
[stretch_driver-3] [0m[INFO] [1775672536.221794234] [stretch_driver]: stretch_driver joint_traj action: Achieved all target points.[0m
[INFO] [1775672536.227223429] [aruco_base_frame_estimator]: Head camera at detection pose — starting ArUco detection.
[INFO] [1775672536.235283601] [aruco_base_frame_estimator]: Waiting for camera TF (base_link -> camera_color_optical_frame)...
[INFO] [1775672536.256334063] [aruco_base_frame_estimator]: Camera pose acquired:
[INFO] [1775672536.256595893] [aruco_base_frame_estimator]:   Position  : X=+0.0095  Y=-0.0517  Z=+1.2865  (m)
[INFO] [1775672536.259222060] [aruco_base_frame_estimator]:   RPY (deg) : R=-179.11  P=+59.13  Y=+93.63
[INFO] [1775672536.263123211] [aruco_base_frame_estimator]: ============================================================
[INFO] [1775672536.263509034] [aruco_base_frame_estimator]: ArUco Base Frame Estimator Started
[INFO] [1775672536.263755003] [aruco_base_frame_estimator]: Target Marker ID: 202
[INFO] [1775672536.263948019] [aruco_base_frame_estimator]: Marker size: 2.8 cm
[INFO] [1775672536.264124466] [aruco_base_frame_estimator]: Marker offset (cam frame): X=0.0  Y=0.0  Z=0.0
[INFO] [1775672536.264308185] [aruco_base_frame_estimator]: Publishing target on: /aruco/target_base_link
[INFO] [1775672536.264489931] [aruco_base_frame_estimator]: ============================================================
[planner_server-12] [INFO] [1775672536.708931505] [global_costmap.global_costmap]: Timed out waiting for transform from base_link to map to become available, tf error: Invalid frame ID "map" passed to canTransform argument target_frame - frame does not exist
[planner_server-12] [INFO] [1775672537.208905433] [global_costmap.global_costmap]: Timed out waiting for transform from base_link to map to become available, tf error: Invalid frame ID "map" passed to canTransform argument target_frame - frame does not exist
[realsense2_camera_node-1] [0m[INFO] [1775672537.471697809] [camera]: Device with serial number 239722071445 was found.
[realsense2_camera_node-1] [0m
[realsense2_camera_node-1] [0m[INFO] [1775672537.471782295] [camera]: Device with physical ID /sys/devices/pci0000:00/0000:00:0d.0/usb2/2-1/2-1:1.0/video4linux/video0 was found.[0m
[realsense2_camera_node-1] [0m[INFO] [1775672537.471804953] [camera]: Device with name Intel RealSense D435I was found.[0m
[realsense2_camera_node-1] [0m[INFO] [1775672537.471990926] [camera]: Device with port number 2-1 was found.[0m
[realsense2_camera_node-1] [0m[INFO] [1775672537.472018699] [camera]: Device USB type: 3.2[0m
[realsense2_camera_node-1] [0m[INFO] [1775672537.472123348] [camera]: getParameters...[0m
[planner_server-12] [INFO] [1775672537.708910688] [global_costmap.global_costmap]: Timed out waiting for transform from base_link to map to become available, tf error: Invalid frame ID "map" passed to canTransform argument target_frame - frame does not exist
[realsense2_camera_node-1] [0m[INFO] [1775672537.803521224] [camera]: JSON file is loaded! (/home/willy/ament_ws/install/stretch_core/share/stretch_core/config/HighAccuracyPreset.json)[0m
[realsense2_camera_node-1] [0m[INFO] [1775672537.803594378] [camera]: Device Name: Intel RealSense D435I[0m
[realsense2_camera_node-1] [0m[INFO] [1775672537.803617526] [camera]: Device Serial No: 239722071445[0m
[realsense2_camera_node-1] [0m[INFO] [1775672537.803634755] [camera]: Device physical port: /sys/devices/pci0000:00/0000:00:0d.0/usb2/2-1/2-1:1.0/video4linux/video0[0m
[realsense2_camera_node-1] [0m[INFO] [1775672537.803652361] [camera]: Device FW version: 5.16.0.1[0m
[realsense2_camera_node-1] [0m[INFO] [1775672537.803669704] [camera]: Device Product ID: 0x0B3A[0m
[realsense2_camera_node-1] [0m[INFO] [1775672537.803685809] [camera]: Sync Mode: On[0m
[realsense2_camera_node-1] [33m[WARN] [1775672537.949326494] [camera]: re-enable the stream for the change to take effect.[0m
[realsense2_camera_node-1] [33m[WARN] [1775672537.950381127] [camera]: re-enable the stream for the change to take effect.[0m
[realsense2_camera_node-1] [33m[WARN] [1775672537.962684639] [camera]: re-enable the stream for the change to take effect.[0m
[realsense2_camera_node-1] [31m[ERROR] [1775672537.965127086] [camera]: Given value, 63 is invalid. Set ROS param back to: 100[0m
[realsense2_camera_node-1] [0m[INFO] [1775672537.976628850] [camera]: Stopping Sensor: Depth Module[0m
[realsense2_camera_node-1] [0m[INFO] [1775672537.976719024] [camera]: Stopping Sensor: RGB Camera[0m
[realsense2_camera_node-1] [0m[INFO] [1775672537.976739116] [camera]: Stopping Sensor: Motion Module[0m
[realsense2_camera_node-1] [0m[INFO] [1775672537.989531786] [camera]: Starting Sensor: Depth Module[0m
[realsense2_camera_node-1] [0m[INFO] [1775672537.993436318] [camera]: Open profile: stream_type: Depth(0), Format: Z16, Width: 1280, Height: 720, FPS: 15[0m
[realsense2_camera_node-1] [0m[INFO] [1775672538.002788165] [camera]: Starting Sensor: RGB Camera[0m
[realsense2_camera_node-1] [0m[INFO] [1775672538.006434920] [camera]: Open profile: stream_type: Color(0), Format: RGB8, Width: 1280, Height: 720, FPS: 15[0m
[realsense2_camera_node-1] [0m[INFO] [1775672538.022294815] [camera]: Starting Sensor: Motion Module[0m
[realsense2_camera_node-1] [0m[INFO] [1775672538.023540703] [camera]: Open profile: stream_type: Accel(0)Format: MOTION_XYZ32F, FPS: 100[0m
[realsense2_camera_node-1] [0m[INFO] [1775672538.023572998] [camera]: Open profile: stream_type: Gyro(0)Format: MOTION_XYZ32F, FPS: 200[0m
[realsense2_camera_node-1] [0m[INFO] [1775672538.025814135] [camera]: RealSense Node Is Up![0m
[planner_server-12] [INFO] [1775672538.208907474] [global_costmap.global_costmap]: Timed out waiting for transform from base_link to map to become available, tf error: Invalid frame ID "map" passed to canTransform argument target_frame - frame does not exist
[planner_server-12] [INFO] [1775672538.708909244] [global_costmap.global_costmap]: Timed out waiting for transform from base_link to map to become available, tf error: Invalid frame ID "map" passed to canTransform argument target_frame - frame does not exist
Camera ready!
Setting initial pose...
[realsense2_camera_node-1] [33m[WARN] [1775672538.990041660] [camera]: XXX Hardware Notification:Motion Module failure,1.77567e+12,Error,Hardware Error[0m
[realsense2_camera_node-1] [33m[WARN] [1775672538.990200429] [camera]: Hardware Notification:Motion Module failure,1.77567e+12,Error,Hardware Error[0m
[planner_server-12] [INFO] [1775672539.208928159] [global_costmap.global_costmap]: Timed out waiting for transform from base_link to map to become available, tf error: Invalid frame ID "map" passed to canTransform argument target_frame - frame does not exist
[INFO] [1775672539.284695095] [aruco_base_frame_estimator]: Saved: base_detections/frame_1775672539.jpg
[planner_server-12] [INFO] [1775672539.709064678] [global_costmap.global_costmap]: Timed out waiting for transform from base_link to map to become available, tf error: Invalid frame ID "map" passed to canTransform argument target_frame - frame does not exist
[planner_server-12] [INFO] [1775672540.208934388] [global_costmap.global_costmap]: Timed out waiting for transform from base_link to map to become available, tf error: Invalid frame ID "map" passed to canTransform argument target_frame - frame does not exist
Waiting for at least 1 matching subscription(s)...
[planner_server-12] [INFO] [1775672540.708922836] [global_costmap.global_costmap]: Timed out waiting for transform from base_link to map to become available, tf error: Invalid frame ID "map" passed to canTransform argument target_frame - frame does not exist
[rviz2-17] [INFO] [1775672540.793081749] [rviz]: Message Filter dropping message: frame 'laser' at time 1775672536.556 for reason 'discarding message because the queue is full'
[rviz2-17] [INFO] [1775672540.793474358] [rviz]: Message Filter dropping message: frame 'odom' at time 1775672536.390 for reason 'discarding message because the queue is full'
[planner_server-12] [INFO] [1775672541.208919493] [global_costmap.global_costmap]: Timed out waiting for transform from base_link to map to become available, tf error: Invalid frame ID "map" passed to canTransform argument target_frame - frame does not exist
Waiting for at least 1 matching subscription(s)...
[planner_server-12] [INFO] [1775672541.708910103] [global_costmap.global_costmap]: Timed out waiting for transform from base_link to map to become available, tf error: Invalid frame ID "map" passed to canTransform argument target_frame - frame does not exist
[planner_server-12] [INFO] [1775672542.208935745] [global_costmap.global_costmap]: Timed out waiting for transform from base_link to map to become available, tf error: Invalid frame ID "map" passed to canTransform argument target_frame - frame does not exist
[INFO] [1775672542.351311868] [aruco_base_frame_estimator]: Saved: base_detections/frame_1775672542.jpg
Waiting for at least 1 matching subscription(s)...
[planner_server-12] [INFO] [1775672542.708925580] [global_costmap.global_costmap]: Timed out waiting for transform from base_link to map to become available, tf error: Invalid frame ID "map" passed to canTransform argument target_frame - frame does not exist
[planner_server-12] [INFO] [1775672543.208916330] [global_costmap.global_costmap]: Timed out waiting for transform from base_link to map to become available, tf error: Invalid frame ID "map" passed to canTransform argument target_frame - frame does not exist
Waiting for at least 1 matching subscription(s)...
[rviz2-17] [INFO] [1775672543.505798134] [rviz]: Message Filter dropping message: frame 'laser' at time 1775672540.314 for reason 'discarding message because the queue is full'
[rviz2-17] [INFO] [1775672543.505942967] [rviz]: Message Filter dropping message: frame 'odom' at time 1775672536.800 for reason 'discarding message because the queue is full'
[rviz2-17] [INFO] [1775672543.505978738] [rviz]: Message Filter dropping message: frame 'odom' at time 1775672540.190 for reason 'discarding message because the queue is full'
[planner_server-12] [INFO] [1775672543.708917802] [global_costmap.global_costmap]: Timed out waiting for transform from base_link to map to become available, tf error: Invalid frame ID "map" passed to canTransform argument target_frame - frame does not exist
[planner_server-12] [INFO] [1775672544.208916359] [global_costmap.global_costmap]: Timed out waiting for transform from base_link to map to become available, tf error: Invalid frame ID "map" passed to canTransform argument target_frame - frame does not exist
Waiting for at least 1 matching subscription(s)...
[planner_server-12] [INFO] [1775672544.708923185] [global_costmap.global_costmap]: Timed out waiting for transform from base_link to map to become available, tf error: Invalid frame ID "map" passed to canTransform argument target_frame - frame does not exist
[planner_server-12] [INFO] [1775672545.208914634] [global_costmap.global_costmap]: Timed out waiting for transform from base_link to map to become available, tf error: Invalid frame ID "map" passed to canTransform argument target_frame - frame does not exist
[INFO] [1775672545.356672181] [aruco_base_frame_estimator]: Saved: base_detections/frame_1775672545.jpg
Waiting for at least 1 matching subscription(s)...
[planner_server-12] [INFO] [1775672545.708904879] [global_costmap.global_costmap]: Timed out waiting for transform from base_link to map to become available, tf error: Invalid frame ID "map" passed to canTransform argument target_frame - frame does not exist
[rviz2-17] [INFO] [1775672546.200993867] [rviz]: Message Filter dropping message: frame 'laser' at time 1775672542.968 for reason 'discarding message because the queue is full'
[rviz2-17] [INFO] [1775672546.201164010] [rviz]: Message Filter dropping message: frame 'odom' at time 1775672542.790 for reason 'discarding message because the queue is full'
[planner_server-12] [INFO] [1775672546.208909734] [global_costmap.global_costmap]: Timed out waiting for transform from base_link to map to become available, tf error: Invalid frame ID "map" passed to canTransform argument target_frame - frame does not exist
Waiting for at least 1 matching subscription(s)...
[rviz2-17] [INFO] [1775672546.471857188] [rviz]: Message Filter dropping message: frame 'odom' at time 1775672540.401 for reason 'discarding message because the queue is full'
[planner_server-12] [INFO] [1775672546.708911732] [global_costmap.global_costmap]: Timed out waiting for transform from base_link to map to become available, tf error: Invalid frame ID "map" passed to canTransform argument target_frame - frame does not exist
[planner_server-12] [INFO] [1775672547.208919350] [global_costmap.global_costmap]: Timed out waiting for transform from base_link to map to become available, tf error: Invalid frame ID "map" passed to canTransform argument target_frame - frame does not exist
Waiting for at least 1 matching subscription(s)...
[planner_server-12] [INFO] [1775672547.708914349] [global_costmap.global_costmap]: Timed out waiting for transform from base_link to map to become available, tf error: Invalid frame ID "map" passed to canTransform argument target_frame - frame does not exist
[planner_server-12] [INFO] [1775672548.208885680] [global_costmap.global_costmap]: Timed out waiting for transform from base_link to map to become available, tf error: Invalid frame ID "map" passed to canTransform argument target_frame - frame does not exist
[INFO] [1775672548.363327308] [aruco_base_frame_estimator]: Saved: base_detections/frame_1775672548.jpg
Waiting for at least 1 matching subscription(s)...
[stretch_driver-3] [INFO] [robot_monitor]: Base bump event
[stretch_driver-3] [INFO] [robot_monitor]: Base bump event
[stretch_driver-3] [INFO] [robot_monitor]: Base bump event
[planner_server-12] [INFO] [1775672548.708908123] [global_costmap.global_costmap]: Timed out waiting for transform from base_link to map to become available, tf error: Invalid frame ID "map" passed to canTransform argument target_frame - frame does not exist
[stretch_driver-3] [INFO] [robot_monitor]: Base bump event
[rviz2-17] [INFO] [1775672548.920429939] [rviz]: Message Filter dropping message: frame 'laser' at time 1775672545.755 for reason 'discarding message because the queue is full'
[rviz2-17] [INFO] [1775672548.920592105] [rviz]: Message Filter dropping message: frame 'odom' at time 1775672545.591 for reason 'discarding message because the queue is full'
[planner_server-12] [INFO] [1775672549.208912343] [global_costmap.global_costmap]: Timed out waiting for transform from base_link to map to become available, tf error: Invalid frame ID "map" passed to canTransform argument target_frame - frame does not exist
Waiting for at least 1 matching subscription(s)...
[rviz2-17] [INFO] [1775672549.447325135] [rviz]: Message Filter dropping message: frame 'odom' at time 1775672543.401 for reason 'discarding message because the queue is full'
[planner_server-12] [INFO] [1775672549.708905631] [global_costmap.global_costmap]: Timed out waiting for transform from base_link to map to become available, tf error: Invalid frame ID "map" passed to canTransform argument target_frame - frame does not exist
[planner_server-12] [INFO] [1775672550.208913121] [global_costmap.global_costmap]: Timed out waiting for transform from base_link to map to become available, tf error: Invalid frame ID "map" passed to canTransform argument target_frame - frame does not exist
Waiting for at least 1 matching subscription(s)...
[planner_server-12] [INFO] [1775672550.708916008] [global_costmap.global_costmap]: Timed out waiting for transform from base_link to map to become available, tf error: Invalid frame ID "map" passed to canTransform argument target_frame - frame does not exist
[planner_server-12] [INFO] [1775672551.208927925] [global_costmap.global_costmap]: Timed out waiting for transform from base_link to map to become available, tf error: Invalid frame ID "map" passed to canTransform argument target_frame - frame does not exist
Waiting for at least 1 matching subscription(s)...
[INFO] [1775672551.421104627] [aruco_base_frame_estimator]: Saved: base_detections/frame_1775672551.jpg
[rviz2-17] [INFO] [1775672551.668669554] [rviz]: Message Filter dropping message: frame 'laser' at time 1775672548.420 for reason 'discarding message because the queue is full'
[rviz2-17] [INFO] [1775672551.668799618] [rviz]: Message Filter dropping message: frame 'odom' at time 1775672548.190 for reason 'discarding message because the queue is full'
[planner_server-12] [INFO] [1775672551.708938040] [global_costmap.global_costmap]: Timed out waiting for transform from base_link to map to become available, tf error: Invalid frame ID "map" passed to canTransform argument target_frame - frame does not exist
[planner_server-12] [INFO] [1775672552.208914720] [global_costmap.global_costmap]: Timed out waiting for transform from base_link to map to become available, tf error: Invalid frame ID "map" passed to canTransform argument target_frame - frame does not exist
Waiting for at least 1 matching subscription(s)...
[rviz2-17] [INFO] [1775672552.497203842] [rviz]: Message Filter dropping message: frame 'odom' at time 1775672546.400 for reason 'discarding message because the queue is full'
[planner_server-12] [INFO] [1775672552.708909601] [global_costmap.global_costmap]: Timed out waiting for transform from base_link to map to become available, tf error: Invalid frame ID "map" passed to canTransform argument target_frame - frame does not exist
[planner_server-12] [INFO] [1775672553.208947857] [global_costmap.global_costmap]: Timed out waiting for transform from base_link to map to become available, tf error: Invalid frame ID "map" passed to canTransform argument target_frame - frame does not exist
Waiting for at least 1 matching subscription(s)...
/home/willy/tf.py:207: DeprecationWarning: Conversion of an array with ndim > 0 to a scalar is deprecated, and will error in future. Ensure you extract a single element from your array before performing this operation. (Deprecated NumPy 1.25.)
  cx, cy, cz = float(tvec[0]), float(tvec[1]), float(tvec[2])
/home/willy/tf.py:139: DeprecationWarning: Conversion of an array with ndim > 0 to a scalar is deprecated, and will error in future. Ensure you extract a single element from your array before performing this operation. (Deprecated NumPy 1.25.)
  t.transform.translation.x = float(tvec_offset[0])
/home/willy/tf.py:140: DeprecationWarning: Conversion of an array with ndim > 0 to a scalar is deprecated, and will error in future. Ensure you extract a single element from your array before performing this operation. (Deprecated NumPy 1.25.)
  t.transform.translation.y = float(tvec_offset[1])
/home/willy/tf.py:141: DeprecationWarning: Conversion of an array with ndim > 0 to a scalar is deprecated, and will error in future. Ensure you extract a single element from your array before performing this operation. (Deprecated NumPy 1.25.)
  t.transform.translation.z = float(tvec_offset[2])
[planner_server-12] [INFO] [1775672553.708909494] [global_costmap.global_costmap]: Timed out waiting for transform from base_link to map to become available, tf error: Invalid frame ID "map" passed to canTransform argument target_frame - frame does not exist
[planner_server-12] [INFO] [1775672554.208913333] [global_costmap.global_costmap]: Timed out waiting for transform from base_link to map to become available, tf error: Invalid frame ID "map" passed to canTransform argument target_frame - frame does not exist
[rviz2-17] [INFO] [1775672554.318792688] [rviz]: Message Filter dropping message: frame 'laser' at time 1775672551.209 for reason 'discarding message because the queue is full'
[rviz2-17] [INFO] [1775672554.319030171] [rviz]: Message Filter dropping message: frame 'odom' at time 1775672550.991 for reason 'discarding message because the queue is full'
Waiting for at least 1 matching subscription(s)...
[WARN] [1775672554.499846302] [aruco_base_frame_estimator]: TF lookup failed: "fruit_marker" passed to lookupTransform argument source_frame does not exist. 
/home/willy/tf.py:215: DeprecationWarning: Conversion of an array with ndim > 0 to a scalar is deprecated, and will error in future. Ensure you extract a single element from your array before performing this operation. (Deprecated NumPy 1.25.)
  bx, by, bz = self.transform_camera_to_base(float(tvec[0]), float(tvec[1]), float(tvec[2]))
[INFO] [1775672554.501289437] [object_grasper]: [ArUco] target updated → X=-0.200  Y=-0.710  Z=+0.930
[INFO] [1775672554.504590263] [aruco_base_frame_estimator]: Saved: base_detections/frame_1775672554.jpg
[planner_server-12] [INFO] [1775672554.708949483] [global_costmap.global_costmap]: Timed out waiting for transform from base_link to map to become available, tf error: Invalid frame ID "map" passed to canTransform argument target_frame - frame does not exist
[planner_server-12] [INFO] [1775672555.208911878] [global_costmap.global_costmap]: Timed out waiting for transform from base_link to map to become available, tf error: Invalid frame ID "map" passed to canTransform argument target_frame - frame does not exist
Waiting for at least 1 matching subscription(s)...
[rviz2-17] [INFO] [1775672555.498303776] [rviz]: Message Filter dropping message: frame 'odom' at time 1775672549.401 for reason 'discarding message because the queue is full'
[WARN] [1775672555.537525068] [aruco_base_frame_estimator]: TF lookup failed: "fruit_marker" passed to lookupTransform argument source_frame does not exist. 
[INFO] [1775672555.544809130] [object_grasper]: [ArUco] target updated → X=-0.209  Y=-0.729  Z=+0.919
[planner_server-12] [INFO] [1775672555.710598183] [global_costmap.global_costmap]: Timed out waiting for transform from base_link to map to become available, tf error: Invalid frame ID "map" passed to canTransform argument target_frame - frame does not exist
[planner_server-12] [INFO] [1775672556.208950662] [global_costmap.global_costmap]: Timed out waiting for transform from base_link to map to become available, tf error: Invalid frame ID "map" passed to canTransform argument target_frame - frame does not exist
Waiting for at least 1 matching subscription(s)...
[WARN] [1775672556.567795349] [aruco_base_frame_estimator]: TF lookup failed: "fruit_marker" passed to lookupTransform argument source_frame does not exist. 
[INFO] [1775672556.569161858] [object_grasper]: [ArUco] target updated → X=-0.150  Y=-0.732  Z=+0.926
[planner_server-12] [INFO] [1775672556.708915835] [global_costmap.global_costmap]: Timed out waiting for transform from base_link to map to become available, tf error: Invalid frame ID "map" passed to canTransform argument target_frame - frame does not exist
[rviz2-17] [INFO] [1775672556.924732159] [rviz]: Message Filter dropping message: frame 'laser' at time 1775672553.714 for reason 'discarding message because the queue is full'
[rviz2-17] [INFO] [1775672556.924884033] [rviz]: Message Filter dropping message: frame 'odom' at time 1775672553.590 for reason 'discarding message because the queue is full'
[planner_server-12] [INFO] [1775672557.208972814] [global_costmap.global_costmap]: Timed out waiting for transform from base_link to map to become available, tf error: Invalid frame ID "map" passed to canTransform argument target_frame - frame does not exist
Waiting for at least 1 matching subscription(s)...
[WARN] [1775672557.600832206] [aruco_base_frame_estimator]: TF lookup failed: "fruit_marker" passed to lookupTransform argument source_frame does not exist. 
[INFO] [1775672557.602914916] [object_grasper]: [ArUco] target updated → X=-0.147  Y=-0.714  Z=+0.935
[INFO] [1775672557.606883619] [aruco_base_frame_estimator]: Saved: base_detections/frame_1775672557.jpg
[planner_server-12] [INFO] [1775672557.708917575] [global_costmap.global_costmap]: Timed out waiting for transform from base_link to map to become available, tf error: Invalid frame ID "map" passed to canTransform argument target_frame - frame does not exist
[planner_server-12] [INFO] [1775672558.208897029] [global_costmap.global_costmap]: Timed out waiting for transform from base_link to map to become available, tf error: Invalid frame ID "map" passed to canTransform argument target_frame - frame does not exist
Waiting for at least 1 matching subscription(s)...
[rviz2-17] [INFO] [1775672558.448670200] [rviz]: Message Filter dropping message: frame 'odom' at time 1775672552.400 for reason 'discarding message because the queue is full'
[WARN] [1775672558.636646568] [aruco_base_frame_estimator]: TF lookup failed: "fruit_marker" passed to lookupTransform argument source_frame does not exist. 
[INFO] [1775672558.640274539] [object_grasper]: [ArUco] target updated → X=-0.151  Y=-0.733  Z=+0.926
[planner_server-12] [INFO] [1775672558.708899695] [global_costmap.global_costmap]: Timed out waiting for transform from base_link to map to become available, tf error: Invalid frame ID "map" passed to canTransform argument target_frame - frame does not exist
[planner_server-12] [INFO] [1775672559.208974265] [global_costmap.global_costmap]: Timed out waiting for transform from base_link to map to become available, tf error: Invalid frame ID "map" passed to canTransform argument target_frame - frame does not exist
Waiting for at least 1 matching subscription(s)...
[rviz2-17] [INFO] [1775672559.580756197] [rviz]: Message Filter dropping message: frame 'laser' at time 1775672556.502 for reason 'discarding message because the queue is full'
[rviz2-17] [INFO] [1775672559.580916477] [rviz]: Message Filter dropping message: frame 'odom' at time 1775672556.190 for reason 'discarding message because the queue is full'
[WARN] [1775672559.676889098] [aruco_base_frame_estimator]: TF lookup failed: "fruit_marker" passed to lookupTransform argument source_frame does not exist. 
[INFO] [1775672559.688582769] [object_grasper]: [ArUco] target updated → X=-0.148  Y=-0.720  Z=+0.932
[planner_server-12] [INFO] [1775672559.708941179] [global_costmap.global_costmap]: Timed out waiting for transform from base_link to map to become available, tf error: Invalid frame ID "map" passed to canTransform argument target_frame - frame does not exist
[planner_server-12] [INFO] [1775672560.208990851] [global_costmap.global_costmap]: Timed out waiting for transform from base_link to map to become available, tf error: Invalid frame ID "map" passed to canTransform argument target_frame - frame does not exist
Waiting for at least 1 matching subscription(s)...
[planner_server-12] [INFO] [1775672560.708897524] [global_costmap.global_costmap]: Timed out waiting for transform from base_link to map to become available, tf error: Invalid frame ID "map" passed to canTransform argument target_frame - frame does not exist
[WARN] [1775672560.712095940] [aruco_base_frame_estimator]: TF lookup failed: "fruit_marker" passed to lookupTransform argument source_frame does not exist. 
[INFO] [1775672560.714811371] [object_grasper]: [ArUco] target updated → X=-0.150  Y=-0.732  Z=+0.926
[INFO] [1775672560.720779598] [aruco_base_frame_estimator]: Saved: base_detections/frame_1775672560.jpg
[planner_server-12] [INFO] [1775672561.208908132] [global_costmap.global_costmap]: Timed out waiting for transform from base_link to map to become available, tf error: Invalid frame ID "map" passed to canTransform argument target_frame - frame does not exist
Waiting for at least 1 matching subscription(s)...
[rviz2-17] [INFO] [1775672561.410836612] [rviz]: Message Filter dropping message: frame 'odom' at time 1775672555.400 for reason 'discarding message because the queue is full'
[planner_server-12] [INFO] [1775672561.708894753] [global_costmap.global_costmap]: Timed out waiting for transform from base_link to map to become available, tf error: Invalid frame ID "map" passed to canTransform argument target_frame - frame does not exist
[WARN] [1775672561.758548837] [aruco_base_frame_estimator]: TF lookup failed: "fruit_marker" passed to lookupTransform argument source_frame does not exist. 
[INFO] [1775672561.760933292] [object_grasper]: [ArUco] target updated → X=-0.150  Y=-0.732  Z=+0.926
[rviz2-17] [INFO] [1775672562.101315802] [rviz]: Message Filter dropping message: frame 'laser' at time 1775672558.872 for reason 'discarding message because the queue is full'
[rviz2-17] [INFO] [1775672562.101485386] [rviz]: Message Filter dropping message: frame 'odom' at time 1775672558.590 for reason 'discarding message because the queue is full'
[planner_server-12] [INFO] [1775672562.208913838] [global_costmap.global_costmap]: Timed out waiting for transform from base_link to map to become available, tf error: Invalid frame ID "map" passed to canTransform argument target_frame - frame does not exist
Waiting for at least 1 matching subscription(s)...
[planner_server-12] [INFO] [1775672562.708938736] [global_costmap.global_costmap]: Timed out waiting for transform from base_link to map to become available, tf error: Invalid frame ID "map" passed to canTransform argument target_frame - frame does not exist
[WARN] [1775672562.794913879] [aruco_base_frame_estimator]: TF lookup failed: "fruit_marker" passed to lookupTransform argument source_frame does not exist. 
[INFO] [1775672562.796812345] [object_grasper]: [ArUco] target updated → X=-0.150  Y=-0.732  Z=+0.926
[planner_server-12] [INFO] [1775672563.208909375] [global_costmap.global_costmap]: Timed out waiting for transform from base_link to map to become available, tf error: Invalid frame ID "map" passed to canTransform argument target_frame - frame does not exist
Waiting for at least 1 matching subscription(s)...
[planner_server-12] [INFO] [1775672563.708900125] [global_costmap.global_costmap]: Timed out waiting for transform from base_link to map to become available, tf error: Invalid frame ID "map" passed to canTransform argument target_frame - frame does not exist
[WARN] [1775672563.837824637] [aruco_base_frame_estimator]: TF lookup failed: "fruit_marker" passed to lookupTransform argument source_frame does not exist. 
[INFO] [1775672563.842579066] [object_grasper]: [ArUco] target updated → X=-0.150  Y=-0.731  Z=+0.926
[INFO] [1775672563.842982922] [aruco_base_frame_estimator]: Saved: base_detections/frame_1775672563.jpg
[rviz2-17] [INFO] [1775672563.961759009] [rviz]: Message Filter dropping message: frame 'odom' at time 1775672557.800 for reason 'discarding message because the queue is full'
[planner_server-12] [INFO] [1775672564.208911491] [global_costmap.global_costmap]: Timed out waiting for transform from base_link to map to become available, tf error: Invalid frame ID "map" passed to canTransform argument target_frame - frame does not exist
Waiting for at least 1 matching subscription(s)...
[planner_server-12] [INFO] [1775672564.708899641] [global_costmap.global_costmap]: Timed out waiting for transform from base_link to map to become available, tf error: Invalid frame ID "map" passed to canTransform argument target_frame - frame does not exist
[rviz2-17] [INFO] [1775672564.724282548] [rviz]: Message Filter dropping message: frame 'laser' at time 1775672561.648 for reason 'discarding message because the queue is full'
[rviz2-17] [INFO] [1775672564.724532719] [rviz]: Message Filter dropping message: frame 'odom' at time 1775672561.390 for reason 'discarding message because the queue is full'
[WARN] [1775672564.886660178] [aruco_base_frame_estimator]: TF lookup failed: "fruit_marker" passed to lookupTransform argument source_frame does not exist. 
[INFO] [1775672564.903205916] [object_grasper]: [ArUco] target updated → X=-0.150  Y=-0.731  Z=+0.926
[planner_server-12] [INFO] [1775672565.208902121] [global_costmap.global_costmap]: Timed out waiting for transform from base_link to map to become available, tf error: Invalid frame ID "map" passed to canTransform argument target_frame - frame does not exist
Waiting for at least 1 matching subscription(s)...
[planner_server-12] [INFO] [1775672565.708934519] [global_costmap.global_costmap]: Timed out waiting for transform from base_link to map to become available, tf error: Invalid frame ID "map" passed to canTransform argument target_frame - frame does not exist
[WARN] [1775672565.925586214] [aruco_base_frame_estimator]: TF lookup failed: "fruit_marker" passed to lookupTransform argument source_frame does not exist. 
[INFO] [1775672565.930673586] [object_grasper]: [ArUco] target updated → X=-0.153  Y=-0.744  Z=+0.920
[planner_server-12] [INFO] [1775672566.208951707] [global_costmap.global_costmap]: Timed out waiting for transform from base_link to map to become available, tf error: Invalid frame ID "map" passed to canTransform argument target_frame - frame does not exist
Waiting for at least 1 matching subscription(s)...
[planner_server-12] [INFO] [1775672566.708974655] [global_costmap.global_costmap]: Timed out waiting for transform from base_link to map to become available, tf error: Invalid frame ID "map" passed to canTransform argument target_frame - frame does not exist
[WARN] [1775672566.961883423] [aruco_base_frame_estimator]: TF lookup failed: "fruit_marker" passed to lookupTransform argument source_frame does not exist. 
[INFO] [1775672566.966763834] [aruco_base_frame_estimator]: Saved: base_detections/frame_1775672566.jpg
[INFO] [1775672566.969259117] [object_grasper]: [ArUco] target updated → X=-0.150  Y=-0.732  Z=+0.926
[rviz2-17] [INFO] [1775672567.019356210] [rviz]: Message Filter dropping message: frame 'odom' at time 1775672560.801 for reason 'discarding message because the queue is full'
[planner_server-12] [INFO] [1775672567.208943546] [global_costmap.global_costmap]: Timed out waiting for transform from base_link to map to become available, tf error: Invalid frame ID "map" passed to canTransform argument target_frame - frame does not exist
[rviz2-17] [INFO] [1775672567.237471313] [rviz]: Message Filter dropping message: frame 'laser' at time 1775672564.227 for reason 'discarding message because the queue is full'
[rviz2-17] [INFO] [1775672567.237636655] [rviz]: Message Filter dropping message: frame 'odom' at time 1775672563.990 for reason 'discarding message because the queue is full'
Waiting for at least 1 matching subscription(s)...
[planner_server-12] [INFO] [1775672567.708937628] [global_costmap.global_costmap]: Timed out waiting for transform from base_link to map to become available, tf error: Invalid frame ID "map" passed to canTransform argument target_frame - frame does not exist
[WARN] [1775672567.998433604] [aruco_base_frame_estimator]: TF lookup failed: "fruit_marker" passed to lookupTransform argument source_frame does not exist. 
[INFO] [1775672568.000220890] [object_grasper]: [ArUco] target updated → X=-0.153  Y=-0.744  Z=+0.920
[planner_server-12] [INFO] [1775672568.208903283] [global_costmap.global_costmap]: Timed out waiting for transform from base_link to map to become available, tf error: Invalid frame ID "map" passed to canTransform argument target_frame - frame does not exist
Waiting for at least 1 matching subscription(s)...
[planner_server-12] [INFO] [1775672568.708950504] [global_costmap.global_costmap]: Timed out waiting for transform from base_link to map to become available, tf error: Invalid frame ID "map" passed to canTransform argument target_frame - frame does not exist
[WARN] [1775672569.037594843] [aruco_base_frame_estimator]: TF lookup failed: "fruit_marker" passed to lookupTransform argument source_frame does not exist. 
[INFO] [1775672569.038961479] [object_grasper]: [ArUco] target updated → X=-0.150  Y=-0.731  Z=+0.926
[planner_server-12] [INFO] [1775672569.208935576] [global_costmap.global_costmap]: Timed out waiting for transform from base_link to map to become available, tf error: Invalid frame ID "map" passed to canTransform argument target_frame - frame does not exist
Waiting for at least 1 matching subscription(s)...
[planner_server-12] [INFO] [1775672569.708937575] [global_costmap.global_costmap]: Timed out waiting for transform from base_link to map to become available, tf error: Invalid frame ID "map" passed to canTransform argument target_frame - frame does not exist
[rviz2-17] [INFO] [1775672569.839054125] [rviz]: Message Filter dropping message: frame 'laser' at time 1775672566.438 for reason 'discarding message because the queue is full'
[rviz2-17] [INFO] [1775672569.839190761] [rviz]: Message Filter dropping message: frame 'odom' at time 1775672563.801 for reason 'discarding message because the queue is full'
[rviz2-17] [INFO] [1775672569.839227615] [rviz]: Message Filter dropping message: frame 'odom' at time 1775672566.390 for reason 'discarding message because the queue is full'
[WARN] [1775672570.074642418] [aruco_base_frame_estimator]: TF lookup failed: "fruit_marker" passed to lookupTransform argument source_frame does not exist. 
[INFO] [1775672570.078594283] [object_grasper]: [ArUco] target updated → X=-0.147  Y=-0.720  Z=+0.932
[INFO] [1775672570.080555747] [aruco_base_frame_estimator]: Saved: base_detections/frame_1775672570.jpg
[planner_server-12] [INFO] [1775672570.208934098] [global_costmap.global_costmap]: Timed out waiting for transform from base_link to map to become available, tf error: Invalid frame ID "map" passed to canTransform argument target_frame - frame does not exist
Waiting for at least 1 matching subscription(s)...
[planner_server-12] [INFO] [1775672570.708891245] [global_costmap.global_costmap]: Timed out waiting for transform from base_link to map to become available, tf error: Invalid frame ID "map" passed to canTransform argument target_frame - frame does not exist
[WARN] [1775672571.116406621] [aruco_base_frame_estimator]: TF lookup failed: "fruit_marker" passed to lookupTransform argument source_frame does not exist. 
[INFO] [1775672571.118343615] [object_grasper]: [ArUco] target updated → X=-0.153  Y=-0.744  Z=+0.920
[planner_server-12] [INFO] [1775672571.208939511] [global_costmap.global_costmap]: Timed out waiting for transform from base_link to map to become available, tf error: Invalid frame ID "map" passed to canTransform argument target_frame - frame does not exist
Waiting for at least 1 matching subscription(s)...
[planner_server-12] [INFO] [1775672571.708905995] [global_costmap.global_costmap]: Timed out waiting for transform from base_link to map to become available, tf error: Invalid frame ID "map" passed to canTransform argument target_frame - frame does not exist
[WARN] [1775672572.152580220] [aruco_base_frame_estimator]: TF lookup failed: "fruit_marker" passed to lookupTransform argument source_frame does not exist. 
[INFO] [1775672572.154693500] [object_grasper]: [ArUco] target updated → X=-0.150  Y=-0.731  Z=+0.926
[planner_server-12] [INFO] [1775672572.208910581] [global_costmap.global_costmap]: Timed out waiting for transform from base_link to map to become available, tf error: Invalid frame ID "map" passed to canTransform argument target_frame - frame does not exist
[rviz2-17] [INFO] [1775672572.393978960] [rviz]: Message Filter dropping message: frame 'laser' at time 1775672569.349 for reason 'discarding message because the queue is full'
[rviz2-17] [INFO] [1775672572.394241768] [rviz]: Message Filter dropping message: frame 'odom' at time 1775672566.200 for reason 'discarding message because the queue is full'
[rviz2-17] [INFO] [1775672572.394325727] [rviz]: Message Filter dropping message: frame 'odom' at time 1775672569.190 for reason 'discarding message because the queue is full'
Waiting for at least 1 matching subscription(s)...
[planner_server-12] [INFO] [1775672572.708954175] [global_costmap.global_costmap]: Timed out waiting for transform from base_link to map to become available, tf error: Invalid frame ID "map" passed to canTransform argument target_frame - frame does not exist
[WARN] [1775672573.186196442] [aruco_base_frame_estimator]: TF lookup failed: "fruit_marker" passed to lookupTransform argument source_frame does not exist. 
[INFO] [1775672573.189218850] [object_grasper]: [ArUco] target updated → X=-0.150  Y=-0.731  Z=+0.926
[INFO] [1775672573.192123099] [aruco_base_frame_estimator]: Saved: base_detections/frame_1775672573.jpg
[planner_server-12] [INFO] [1775672573.208912810] [global_costmap.global_costmap]: Timed out waiting for transform from base_link to map to become available, tf error: Invalid frame ID "map" passed to canTransform argument target_frame - frame does not exist
Waiting for at least 1 matching subscription(s)...
[planner_server-12] [INFO] [1775672573.708907894] [global_costmap.global_costmap]: Timed out waiting for transform from base_link to map to become available, tf error: Invalid frame ID "map" passed to canTransform argument target_frame - frame does not exist
[planner_server-12] [INFO] [1775672574.208946791] [global_costmap.global_costmap]: Timed out waiting for transform from base_link to map to become available, tf error: Invalid frame ID "map" passed to canTransform argument target_frame - frame does not exist
[WARN] [1775672574.233068332] [aruco_base_frame_estimator]: TF lookup failed: "fruit_marker" passed to lookupTransform argument source_frame does not exist. 
[INFO] [1775672574.235503394] [object_grasper]: [ArUco] target updated → X=-0.150  Y=-0.731  Z=+0.926
Waiting for at least 1 matching subscription(s)...
[planner_server-12] [INFO] [1775672574.708906545] [global_costmap.global_costmap]: Timed out waiting for transform from base_link to map to become available, tf error: Invalid frame ID "map" passed to canTransform argument target_frame - frame does not exist
[rviz2-17] [INFO] [1775672574.931200615] [rviz]: Message Filter dropping message: frame 'laser' at time 1775672571.573 for reason 'discarding message because the queue is full'
[rviz2-17] [INFO] [1775672574.931355447] [rviz]: Message Filter dropping message: frame 'odom' at time 1775672571.390 for reason 'discarding message because the queue is full'
[planner_server-12] [INFO] [1775672575.208964881] [global_costmap.global_costmap]: Timed out waiting for transform from base_link to map to become available, tf error: Invalid frame ID "map" passed to canTransform argument target_frame - frame does not exist
[WARN] [1775672575.266056884] [aruco_base_frame_estimator]: TF lookup failed: "fruit_marker" passed to lookupTransform argument source_frame does not exist. 
[INFO] [1775672575.268729939] [object_grasper]: [ArUco] target updated → X=-0.150  Y=-0.731  Z=+0.926
[rviz2-17] [INFO] [1775672575.373536720] [rviz]: Message Filter dropping message: frame 'odom' at time 1775672569.201 for reason 'discarding message because the queue is full'
Waiting for at least 1 matching subscription(s)...
[planner_server-12] [INFO] [1775672575.708908757] [global_costmap.global_costmap]: Timed out waiting for transform from base_link to map to become available, tf error: Invalid frame ID "map" passed to canTransform argument target_frame - frame does not exist
[realsense2_camera_node-1] [0m[INFO] [1775672575.944297863] [rclcpp]: signal_handler(SIGINT/SIGTERM)[0m
[realsense2_camera_node-1] [0m[INFO] [1775672575.949866653] [camera]: Stop Sensor: Depth Module[0m
[realsense2_camera_node-1] [0m[INFO] [1775672575.950657347] [camera]: Close Sensor. [0m
[realsense2_camera_node-1] [0m[INFO] [1775672575.957999286] [camera]: Close Sensor - Done. [0m
[realsense2_camera_node-1] [0m[INFO] [1775672575.958096295] [camera]: Stop Sensor: RGB Camera[0m
[realsense2_camera_node-1] [0m[INFO] [1775672575.958115426] [camera]: Close Sensor. [0m
[realsense2_camera_node-1] [0m[INFO] [1775672575.966445183] [camera]: Close Sensor - Done. [0m
[realsense2_camera_node-1] [0m[INFO] [1775672575.966515308] [camera]: Stop Sensor: Motion Module[0m
[realsense2_camera_node-1] [0m[INFO] [1775672575.967143518] [camera]: Close Sensor. [0m
[d435i_accel_correction-2] Traceback (most recent call last):
[d435i_accel_correction-2]   File "/home/willy/ament_ws/install/stretch_core/lib/stretch_core/d435i_accel_correction", line 33, in <module>
[d435i_accel_correction-2]     sys.exit(load_entry_point('stretch-core==0.2.0', 'console_scripts', 'd435i_accel_correction')())
[d435i_accel_correction-2]   File "/home/willy/ament_ws/install/stretch_core/lib/python3.10/site-packages/stretch_core/d435i_accel_correction.py", line 47, in main
[d435i_accel_correction-2]     rclpy.spin(node)
[d435i_accel_correction-2]   File "/opt/ros/humble/local/lib/python3.10/dist-packages/rclpy/__init__.py", line 229, in spin
[d435i_accel_correction-2]     executor.spin_once()
[d435i_accel_correction-2]   File "/opt/ros/humble/local/lib/python3.10/dist-packages/rclpy/executors.py", line 808, in spin_once
[d435i_accel_correction-2]     self._spin_once_impl(timeout_sec)
[d435i_accel_correction-2]   File "/opt/ros/humble/local/lib/python3.10/dist-packages/rclpy/executors.py", line 805, in _spin_once_impl
[d435i_accel_correction-2]     raise handler.exception()
[d435i_accel_correction-2]   File "/opt/ros/humble/local/lib/python3.10/dist-packages/rclpy/task.py", line 272, in _execute_coroutine_step
[d435i_accel_correction-2]     result = coro.send(None)
[d435i_accel_correction-2]   File "/opt/ros/humble/local/lib/python3.10/dist-packages/rclpy/executors.py", line 488, in handler
[d435i_accel_correction-2]     await call_coroutine(entity, arg)
[d435i_accel_correction-2]   File "/opt/ros/humble/local/lib/python3.10/dist-packages/rclpy/executors.py", line 407, in _execute_subscription
[d435i_accel_correction-2]     await await_or_execute(sub.callback, msg)
[d435i_accel_correction-2]   File "/opt/ros/humble/local/lib/python3.10/dist-packages/rclpy/executors.py", line 110, in await_or_execute
[d435i_accel_correction-2]     return callback(*args)
[d435i_accel_correction-2]   File "/home/willy/ament_ws/install/stretch_core/lib/python3.10/site-packages/stretch_core/d435i_accel_correction.py", line 40, in accel_callback
[d435i_accel_correction-2]     self.corrected_accel_pub.publish(self.accel)
[d435i_accel_correction-2]   File "/opt/ros/humble/local/lib/python3.10/dist-packages/rclpy/publisher.py", line 70, in publish
[d435i_accel_correction-2]     self.__publisher.publish(msg)
[d435i_accel_correction-2] rclpy._rclpy_pybind11.RCLError: Failed to publish: publisher's context is invalid, at ./src/rcl/publisher.c:389
[realsense2_camera_node-1] [0m[INFO] [1775672576.149469618] [rclcpp]: signal_handler(SIGINT/SIGTERM)[0m
[d435i_accel_correction-2] [ERROR] [1775672576.149490422] [rclpy.signals]: rcl_trigger_guard_condition() failed: guard condition implementation is invalid, at ./src/rcl/guard_condition.c:172
[realsense2_camera_node-1] [0m[INFO] [1775672576.201177563] [rclcpp]: signal_handler(SIGINT/SIGTERM)[0m
[d435i_accel_correction-2] [ERROR] [1775672576.201631172] [rclpy.signals]: rcl_trigger_guard_condition() failed: guard condition implementation is invalid, at ./src/rcl/guard_condition.c:172
[WARN] [1775672576.314852468] [aruco_base_frame_estimator]: TF lookup failed: "fruit_marker" passed to lookupTransform argument source_frame does not exist. 
Failed to publish log message to rosout: publisher's context is invalid, at ./src/rcl/publisher.c:389
[ERROR] [1775672576.316882477] [aruco_base_frame_estimator]: Error: Failed to publish: publisher's context is invalid, at ./src/rcl/publisher.c:389
Failed to publish log message to rosout: publisher's context is invalid, at ./src/rcl/publisher.c:389
[d435i_accel_correction-2] [ERROR] [1775672576.354532708] [rclpy.signals]: rcl_trigger_guard_condition() failed: guard condition implementation is invalid, at ./src/rcl/guard_condition.c:172
[realsense2_camera_node-1] [0m[INFO] [1775672576.355030140] [rclcpp]: signal_handler(SIGINT/SIGTERM)[0m
Traceback (most recent call last):
  File "/home/willy/tf.py", line 307, in <module>
    main()
  File "/home/willy/tf.py", line 304, in main
    rclpy.shutdown()
  File "/opt/ros/humble/local/lib/python3.10/dist-packages/rclpy/__init__.py", line 130, in shutdown
    _shutdown(context=context)
  File "/opt/ros/humble/local/lib/python3.10/dist-packages/rclpy/utilities.py", line 58, in shutdown
    return context.shutdown()
  File "/opt/ros/humble/local/lib/python3.10/dist-packages/rclpy/context.py", line 102, in shutdown
    self.__context.shutdown()
rclpy._rclpy_pybind11.RCLError: failed to shutdown: rcl_shutdown already called on the given context, at ./src/rcl/init.c:241
[d435i_accel_correction-2] [ERROR] [1775672576.455819965] [rclpy.signals]: rcl_trigger_guard_condition() failed: guard condition implementation is invalid, at ./src/rcl/guard_condition.c:172
[realsense2_camera_node-1] [0m[INFO] [1775672576.455822767] [rclcpp]: signal_handler(SIGINT/SIGTERM)[0m
[realsense2_camera_node-1] [0m[INFO] [1775672576.503997020] [camera]: Close Sensor - Done. [0m
[d435i_accel_correction-2] [ERROR] [1775672576.661702054] [rclpy.signals]: rcl_trigger_guard_condition() failed: guard condition implementation is invalid, at ./src/rcl/guard_condition.c:172
[realsense2_camera_node-1] [0m[INFO] [1775672576.661716911] [rclcpp]: signal_handler(SIGINT/SIGTERM)[0m
[d435i_accel_correction-2] [ERROR] [1775672576.751380326] [rclpy.signals]: rcl_trigger_guard_condition() failed: guard condition implementation is invalid, at ./src/rcl/guard_condition.c:172
[realsense2_camera_node-1] [0m[INFO] [1775672576.751385813] [rclcpp]: signal_handler(SIGINT/SIGTERM)[0m
[realsense2_camera_node-1] [0m[INFO] [1775672576.968192083] [rclcpp]: signal_handler(SIGINT/SIGTERM)[0m
[d435i_accel_correction-2] [ERROR] [1775672576.968326358] [rclpy.signals]: rcl_trigger_guard_condition() failed: guard condition implementation is invalid, at ./src/rcl/guard_condition.c:172
[ERROR] [d435i_accel_correction-2]: process has died [pid 30487, exit code 1, cmd '/home/willy/ament_ws/install/stretch_core/lib/stretch_core/d435i_accel_correction --ros-args'].
[INFO] [realsense2_camera_node-1]: process has finished cleanly [pid 30485]
