=== launch_nodes.sh started at Tue Apr  7 04:09:18 PM EDT 2026 ===
Freeing robot process...
Done!
Checking if robot needs homing...
Robot not homed. Homing now (this may take ~30s)...
For use with S T R E T C H (R) from Hello Robot Inc.
---------------------------------------------------------------------

Unable to load URDF: /home/willy/.local/lib/python3.10/site-packages/stretch_urdf/RE2V0/stretch_description_RE2V0_tool_stretch_dex_wrist.urdf. Disabling collision system.
[INFO] [robot_monitor]: Guarded contact lift
[INFO] [robot_monitor]: Wrist single tap: 22
[INFO] [robot_monitor]: Base bump event
[INFO] [robot_monitor]: Wrist single tap: 25
[INFO] [robot_monitor]: Base bump event
[INFO] [robot_monitor]: Wrist single tap: 26
[INFO] [robot_monitor]: Base bump event
[INFO] [robot_monitor]: Base bump event
[INFO] [robot_monitor]: Base bump event
[INFO] [robot_monitor]: Guarded contact arm
[INFO] [robot_monitor]: Wrist single tap: 28
[INFO] [robot_monitor]: Wrist single tap: 29
--------- Homing Head ----
--------- Homing Lift ----
Homing Lift...
Hardstop detected at motor position (rad) 115.3355484008789
Marking Lift position to 1.099527 (m)
Marking Lift position to 0.000000 (m)
Lift homing successful
--------- Homing Arm ----
Homing Arm...
Hardstop detected at motor position (rad) -0.25010544061660767
Marking Arm position to 0.000000 (m)
Arm homing successful
Moving to first hardstop...
First hardstop contact at position (ticks): 56
-----
Homing offset was 2320
Marking current position to zero ticks
Homing offset is now  2258 (ticks)
-----
Current position (ticks): 19
Moving to calibrated zero: (rad)
Moving to first hardstop...
First hardstop contact at position (ticks): -5
-----
Homing offset was 4807
Marking current position to zero ticks
Homing offset is now  4807 (ticks)
-----
Current position (ticks): 25
Moving to calibrated zero: (rad)
Homing complete.
Launching Nav2...
Launching D435i camera...
Launching ArUco detector...
Launching Grasper...
Waiting for Nav2 action server...
[INFO] [launch]: All log files can be found below /home/willy/.ros/log/2026-04-07-16-09-57-944642-stretch-re2-2204-57032
[INFO] [launch]: Default logging verbosity is set to INFO
[INFO] [launch]: All log files can be found below /home/willy/.ros/log/2026-04-07-16-09-58-005690-stretch-re2-2204-57031
[INFO] [launch]: Default logging verbosity is set to INFO
[INFO] [launch.user]: D435i launched in high resolution
[INFO] [realsense2_camera_node-1]: process started with pid [57098]
[INFO] [d435i_accel_correction-2]: process started with pid [57100]
[d435i_accel_correction-2] [INFO] [1775592598.495715966] [d435i_accel_correction_node]: d435i_accel_correction_node started
[INFO] [1775592598.520616095] [aruco_base_frame_estimator]: aruco_base_frame_estimator started
[realsense2_camera_node-1] [0m[INFO] [1775592598.692748947] [camera]: RealSense ROS v4.55.1[0m
[realsense2_camera_node-1] [0m[INFO] [1775592598.692847982] [camera]: Built with LibRealSense v2.56.4[0m
[realsense2_camera_node-1] [0m[INFO] [1775592598.692874520] [camera]: Running with LibRealSense v2.56.4[0m
[realsense2_camera_node-1] [0m[INFO] [1775592598.743127217] [camera]: Device with serial number 239722071445 was found.
[realsense2_camera_node-1] [0m
[realsense2_camera_node-1] [0m[INFO] [1775592598.743221372] [camera]: Device with physical ID /sys/devices/pci0000:00/0000:00:0d.0/usb2/2-1/2-1:1.0/video4linux/video0 was found.[0m
[realsense2_camera_node-1] [0m[INFO] [1775592598.743228528] [camera]: Device with name Intel RealSense D435I was found.[0m
[realsense2_camera_node-1] [0m[INFO] [1775592598.743352721] [camera]: Device with port number 2-1 was found.[0m
[realsense2_camera_node-1] [0m[INFO] [1775592598.743376236] [camera]: Device USB type: 3.2[0m
[realsense2_camera_node-1] [0m[INFO] [1775592598.743381833] [camera]: Resetting device...[0m
Nav2 is up!
Waiting for D435i camera...
[INFO] [stretch_driver-3]: process started with pid [57270]
[INFO] [joint_state_publisher-1]: process started with pid [57265]
[INFO] [robot_state_publisher-2]: process started with pid [57268]
[INFO] [sllidar_node-4]: process started with pid [57272]
[INFO] [scan_to_scan_filter_chain-5]: process started with pid [57274]
[INFO] [joy_node-6]: process started with pid [57276]
[INFO] [teleop_node-7]: process started with pid [57278]
[INFO] [map_server-8]: process started with pid [57280]
[INFO] [amcl-9]: process started with pid [57282]
[INFO] [lifecycle_manager-10]: process started with pid [57284]
[INFO] [controller_server-11]: process started with pid [57286]
[INFO] [planner_server-12]: process started with pid [57290]
[INFO] [behavior_server-13]: process started with pid [57292]
[INFO] [bt_navigator-14]: process started with pid [57294]
[INFO] [waypoint_follower-15]: process started with pid [57296]
[INFO] [lifecycle_manager-16]: process started with pid [57415]
[INFO] [rviz2-17]: process started with pid [57418]
[sllidar_node-4] [INFO] [1775592598.953004761] [sllidar_node]: SLLidar running on ROS2 package SLLidar.ROS2 SDK Version:1.0.1, SLLIDAR SDK Version:2.1.0
[sllidar_node-4] [INFO] [1775592598.963050695] [sllidar_node]: SLLidar S/N: C394ED93C0EA98C9A5E698F2564A4669
[sllidar_node-4] [INFO] [1775592598.963110980] [sllidar_node]: Firmware Ver: 1.29
[sllidar_node-4] [INFO] [1775592598.963125982] [sllidar_node]: Hardware Rev: 7
[sllidar_node-4] [INFO] [1775592598.965518272] [sllidar_node]: SLLidar health status : 0
[sllidar_node-4] [INFO] [1775592598.965580861] [sllidar_node]: SLLidar health status : OK.
[scan_to_scan_filter_chain-5] [INFO] [1775592598.975949080] [laser_filter]: In shadow configure done
[scan_to_scan_filter_chain-5] [WARN] [1775592598.976254271] [rcl.logging_rosout]: Publisher already registered for provided node name. If this is due to multiple nodes with the same name then all logs for that logger name will go out over the existing publisher. As soon as any node with that name is destructed it will unregister the publisher, preventing any further logs for that name from being published on the rosout topic.
[teleop_node-7] [INFO] [1775592598.963577778] [TeleopTwistJoy]: Teleop enable button 4.
[teleop_node-7] [INFO] [1775592598.963632861] [TeleopTwistJoy]: Linear axis x on 4 at scale 0.500000.
[teleop_node-7] [INFO] [1775592598.963647508] [TeleopTwistJoy]: Angular axis yaw on 3 at scale 0.500000.
[map_server-8] [INFO] [1775592598.985178166] [map_server]: 
[map_server-8] 	map_server lifecycle node launched. 
[map_server-8] 	Waiting on external lifecycle transitions to activate
[map_server-8] 	See https://design.ros2.org/articles/node_lifecycle.html for more information.
[map_server-8] [INFO] [1775592598.985330397] [map_server]: Creating
[amcl-9] [INFO] [1775592598.972915206] [amcl]: 
[amcl-9] 	amcl lifecycle node launched. 
[amcl-9] 	Waiting on external lifecycle transitions to activate
[amcl-9] 	See https://design.ros2.org/articles/node_lifecycle.html for more information.
[amcl-9] [INFO] [1775592598.973939132] [amcl]: Creating
[lifecycle_manager-10] [INFO] [1775592598.964699464] [lifecycle_manager_localization]: Creating
[lifecycle_manager-10] [INFO] [1775592598.973020924] [lifecycle_manager_localization]: [34m[1mCreating and initializing lifecycle service clients[0m[0m
[lifecycle_manager-10] [INFO] [1775592599.003847820] [lifecycle_manager_localization]: [34m[1mStarting managed nodes bringup...[0m[0m
[lifecycle_manager-10] [INFO] [1775592599.003916469] [lifecycle_manager_localization]: [34m[1mConfiguring map_server[0m[0m
[controller_server-11] [INFO] [1775592598.976464339] [controller_server]: 
[controller_server-11] 	controller_server lifecycle node launched. 
[controller_server-11] 	Waiting on external lifecycle transitions to activate
[controller_server-11] 	See https://design.ros2.org/articles/node_lifecycle.html for more information.
[controller_server-11] [INFO] [1775592598.985851920] [controller_server]: Creating controller server
[controller_server-11] [INFO] [1775592598.995418243] [local_costmap.local_costmap]: 
[controller_server-11] 	local_costmap lifecycle node launched. 
[controller_server-11] 	Waiting on external lifecycle transitions to activate
[controller_server-11] 	See https://design.ros2.org/articles/node_lifecycle.html for more information.
[controller_server-11] [INFO] [1775592598.996866758] [local_costmap.local_costmap]: Creating Costmap
[planner_server-12] [INFO] [1775592598.970608321] [planner_server]: 
[planner_server-12] 	planner_server lifecycle node launched. 
[planner_server-12] 	Waiting on external lifecycle transitions to activate
[planner_server-12] 	See https://design.ros2.org/articles/node_lifecycle.html for more information.
[planner_server-12] [INFO] [1775592598.975324965] [planner_server]: Creating
[planner_server-12] [INFO] [1775592598.998574636] [global_costmap.global_costmap]: 
[planner_server-12] 	global_costmap lifecycle node launched. 
[planner_server-12] 	Waiting on external lifecycle transitions to activate
[planner_server-12] 	See https://design.ros2.org/articles/node_lifecycle.html for more information.
[planner_server-12] [INFO] [1775592599.002485639] [global_costmap.global_costmap]: Creating Costmap
[behavior_server-13] [INFO] [1775592598.987399923] [behavior_server]: 
[behavior_server-13] 	behavior_server lifecycle node launched. 
[behavior_server-13] 	Waiting on external lifecycle transitions to activate
[behavior_server-13] 	See https://design.ros2.org/articles/node_lifecycle.html for more information.
[bt_navigator-14] [INFO] [1775592599.009524051] [bt_navigator]: 
[bt_navigator-14] 	bt_navigator lifecycle node launched. 
[bt_navigator-14] 	Waiting on external lifecycle transitions to activate
[bt_navigator-14] 	See https://design.ros2.org/articles/node_lifecycle.html for more information.
[bt_navigator-14] [INFO] [1775592599.009676623] [bt_navigator]: Creating
[waypoint_follower-15] [INFO] [1775592598.987607553] [waypoint_follower]: 
[waypoint_follower-15] 	waypoint_follower lifecycle node launched. 
[waypoint_follower-15] 	Waiting on external lifecycle transitions to activate
[waypoint_follower-15] 	See https://design.ros2.org/articles/node_lifecycle.html for more information.
[waypoint_follower-15] [INFO] [1775592598.988595817] [waypoint_follower]: Creating
[map_server-8] [INFO] [1775592599.026168477] [map_server]: Configuring
[map_server-8] [INFO] [1775592599.026316478] [map_io]: Loading yaml file: /home/willy/stretch_user/maps/testing_map.yaml
[map_server-8] [INFO] [1775592599.026883062] [map_io]: resolution: 0.05
[map_server-8] [INFO] [1775592599.026906687] [map_io]: origin[0]: -11.5
[map_server-8] [INFO] [1775592599.026911275] [map_io]: origin[1]: -1.71
[map_server-8] [INFO] [1775592599.026916506] [map_io]: origin[2]: 0
[map_server-8] [INFO] [1775592599.026920869] [map_io]: free_thresh: 0.25
[map_server-8] [INFO] [1775592599.026925428] [map_io]: occupied_thresh: 0.65
[map_server-8] [INFO] [1775592599.026930672] [map_io]: mode: trinary
[map_server-8] [INFO] [1775592599.026938629] [map_io]: negate: 0
[map_server-8] [INFO] [1775592599.027182531] [map_io]: Loading image_file: /home/willy/stretch_user/maps/testing_map.pgm
[lifecycle_manager-16] [INFO] [1775592599.032203445] [lifecycle_manager_navigation]: Creating
[lifecycle_manager-16] [INFO] [1775592599.035669769] [lifecycle_manager_navigation]: [34m[1mCreating and initializing lifecycle service clients[0m[0m
[map_server-8] [INFO] [1775592599.039161287] [map_io]: Read map /home/willy/stretch_user/maps/testing_map.pgm: 416 X 249 map @ 0.05 m/cell
[lifecycle_manager-10] [INFO] [1775592599.048700463] [lifecycle_manager_localization]: [34m[1mConfiguring amcl[0m[0m
[amcl-9] [INFO] [1775592599.048948328] [amcl]: Configuring
[amcl-9] [INFO] [1775592599.049070982] [amcl]: initTransforms
[amcl-9] [INFO] [1775592599.056785892] [amcl]: initPubSub
[amcl-9] [INFO] [1775592599.060528029] [amcl]: Subscribed to map topic.
[lifecycle_manager-10] [INFO] [1775592599.063079373] [lifecycle_manager_localization]: [34m[1mActivating map_server[0m[0m
[map_server-8] [INFO] [1775592599.063267651] [map_server]: Activating
[map_server-8] [INFO] [1775592599.063565504] [map_server]: Creating bond (map_server) to lifecycle manager.
[amcl-9] [INFO] [1775592599.063794414] [amcl]: Received a 416 X 249 map @ 0.050 m/pix
[lifecycle_manager-16] [INFO] [1775592599.153021830] [lifecycle_manager_navigation]: [34m[1mStarting managed nodes bringup...[0m[0m
[lifecycle_manager-16] [INFO] [1775592599.153086460] [lifecycle_manager_navigation]: [34m[1mConfiguring controller_server[0m[0m
[controller_server-11] [INFO] [1775592599.153588226] [controller_server]: Configuring controller interface
[controller_server-11] [INFO] [1775592599.154606540] [controller_server]: getting goal checker plugins..
[controller_server-11] [INFO] [1775592599.154885202] [controller_server]: Controller frequency set to 20.0000Hz
[controller_server-11] [INFO] [1775592599.154937671] [local_costmap.local_costmap]: Configuring
[lifecycle_manager-10] [INFO] [1775592599.166779074] [lifecycle_manager_localization]: Server map_server connected with bond.
[lifecycle_manager-10] [INFO] [1775592599.166836145] [lifecycle_manager_localization]: [34m[1mActivating amcl[0m[0m
[amcl-9] [INFO] [1775592599.167053285] [amcl]: Activating
[amcl-9] [INFO] [1775592599.167091561] [amcl]: Creating bond (amcl) to lifecycle manager.
[sllidar_node-4] [INFO] [1775592599.170467963] [sllidar_node]: current scan mode: Boost, sample rate: 8 Khz, max_distance: 12.0 m, scan frequency:10.0 Hz, 
[controller_server-11] [INFO] [1775592599.172315048] [local_costmap.local_costmap]: Using plugin "obstacle_layer"
[controller_server-11] [INFO] [1775592599.188028214] [local_costmap.local_costmap]: Subscribed to Topics: scan
[controller_server-11] [INFO] [1775592599.203481274] [local_costmap.local_costmap]: Initialized plugin "obstacle_layer"
[controller_server-11] [INFO] [1775592599.203927395] [local_costmap.local_costmap]: Using plugin "voxel_layer"
[controller_server-11] [INFO] [1775592599.207825649] [local_costmap.local_costmap]: Subscribed to Topics: scan
[controller_server-11] [INFO] [1775592599.213876819] [local_costmap.local_costmap]: Initialized plugin "voxel_layer"
[controller_server-11] [INFO] [1775592599.213930526] [local_costmap.local_costmap]: Using plugin "inflation_layer"
[controller_server-11] [INFO] [1775592599.214805281] [local_costmap.local_costmap]: Initialized plugin "inflation_layer"
[controller_server-11] [INFO] [1775592599.222385514] [controller_server]: Created progress_checker : progress_checker of type nav2_controller::SimpleProgressChecker
[controller_server-11] [INFO] [1775592599.223856071] [controller_server]: Created goal checker : general_goal_checker of type nav2_controller::SimpleGoalChecker
[controller_server-11] [INFO] [1775592599.224446087] [controller_server]: Controller Server has general_goal_checker  goal checkers available.
[controller_server-11] [INFO] [1775592599.227650946] [controller_server]: Created controller : FollowPath of type dwb_core::DWBLocalPlanner
[controller_server-11] [INFO] [1775592599.229514621] [controller_server]: Setting transform_tolerance to 0.200000
[controller_server-11] [INFO] [1775592599.239604619] [controller_server]: Using critic "RotateToGoal" (dwb_critics::RotateToGoalCritic)
[controller_server-11] [INFO] [1775592599.240566391] [controller_server]: Critic plugin initialized
[controller_server-11] [INFO] [1775592599.240815433] [controller_server]: Using critic "Oscillation" (dwb_critics::OscillationCritic)
[controller_server-11] [INFO] [1775592599.241598153] [controller_server]: Critic plugin initialized
[controller_server-11] [INFO] [1775592599.241773773] [controller_server]: Using critic "BaseObstacle" (dwb_critics::BaseObstacleCritic)
[controller_server-11] [INFO] [1775592599.242098479] [controller_server]: Critic plugin initialized
[controller_server-11] [INFO] [1775592599.242274420] [controller_server]: Using critic "GoalAlign" (dwb_critics::GoalAlignCritic)
[controller_server-11] [INFO] [1775592599.242823681] [controller_server]: Critic plugin initialized
[controller_server-11] [INFO] [1775592599.243012734] [controller_server]: Using critic "PathAlign" (dwb_critics::PathAlignCritic)
[controller_server-11] [INFO] [1775592599.243676423] [controller_server]: Critic plugin initialized
[controller_server-11] [INFO] [1775592599.243894653] [controller_server]: Using critic "PathDist" (dwb_critics::PathDistCritic)
[controller_server-11] [INFO] [1775592599.244232006] [controller_server]: Critic plugin initialized
[controller_server-11] [INFO] [1775592599.244480645] [controller_server]: Using critic "GoalDist" (dwb_critics::GoalDistCritic)
[controller_server-11] [INFO] [1775592599.244834266] [controller_server]: Critic plugin initialized
[controller_server-11] [INFO] [1775592599.245082701] [controller_server]: Using critic "PreferForward" (dwb_critics::PreferForwardCritic)
[controller_server-11] [INFO] [1775592599.245749854] [controller_server]: Critic plugin initialized
[controller_server-11] [INFO] [1775592599.245787823] [controller_server]: Controller Server has FollowPath  controllers available.
[lifecycle_manager-16] [INFO] [1775592599.250703180] [lifecycle_manager_navigation]: [34m[1mConfiguring planner_server[0m[0m
[planner_server-12] [INFO] [1775592599.251047293] [planner_server]: Configuring
[planner_server-12] [INFO] [1775592599.251097175] [global_costmap.global_costmap]: Configuring
[planner_server-12] [INFO] [1775592599.255786114] [global_costmap.global_costmap]: Using plugin "static_layer"
[planner_server-12] [INFO] [1775592599.260642259] [global_costmap.global_costmap]: Subscribing to the map topic (/map) with transient local durability
[planner_server-12] [INFO] [1775592599.262662133] [global_costmap.global_costmap]: Initialized plugin "static_layer"
[planner_server-12] [INFO] [1775592599.262722074] [global_costmap.global_costmap]: Using plugin "obstacle_layer"
[planner_server-12] [INFO] [1775592599.267804380] [global_costmap.global_costmap]: Subscribed to Topics: scan
[lifecycle_manager-10] [INFO] [1775592599.274925264] [lifecycle_manager_localization]: Server amcl connected with bond.
[lifecycle_manager-10] [INFO] [1775592599.274986797] [lifecycle_manager_localization]: [34m[1mManaged nodes are active[0m[0m
[lifecycle_manager-10] [INFO] [1775592599.275006473] [lifecycle_manager_localization]: [34m[1mCreating bond timer...[0m[0m
[planner_server-12] [INFO] [1775592599.275497266] [global_costmap.global_costmap]: Initialized plugin "obstacle_layer"
[planner_server-12] [INFO] [1775592599.275549945] [global_costmap.global_costmap]: Using plugin "voxel_layer"
[planner_server-12] [INFO] [1775592599.281598429] [global_costmap.global_costmap]: Subscribed to Topics: scan
[planner_server-12] [INFO] [1775592599.300498371] [global_costmap.global_costmap]: Initialized plugin "voxel_layer"
[planner_server-12] [INFO] [1775592599.300551013] [global_costmap.global_costmap]: Using plugin "inflation_layer"
[planner_server-12] [INFO] [1775592599.301295799] [global_costmap.global_costmap]: Initialized plugin "inflation_layer"
[planner_server-12] [INFO] [1775592599.321555460] [global_costmap.global_costmap]: StaticLayer: Resizing costmap to 416 X 249 at 0.050000 m/pix
[planner_server-12] [INFO] [1775592599.322001670] [planner_server]: Created global planner plugin GridBased of type nav2_navfn_planner/NavfnPlanner
[planner_server-12] [INFO] [1775592599.322042697] [planner_server]: Configuring plugin GridBased of type NavfnPlanner
[planner_server-12] [INFO] [1775592599.322590118] [planner_server]: Planner Server has GridBased  planners available.
[lifecycle_manager-16] [INFO] [1775592599.345193700] [lifecycle_manager_navigation]: [34m[1mConfiguring behavior_server[0m[0m
[behavior_server-13] [INFO] [1775592599.345540899] [behavior_server]: Configuring
[behavior_server-13] [INFO] [1775592599.355287768] [behavior_server]: Creating behavior plugin spin of type nav2_behaviors/Spin
[behavior_server-13] [INFO] [1775592599.358915112] [behavior_server]: Configuring spin
[behavior_server-13] [INFO] [1775592599.376743202] [behavior_server]: Creating behavior plugin backup of type nav2_behaviors/BackUp
[behavior_server-13] [INFO] [1775592599.377755085] [behavior_server]: Configuring backup
[behavior_server-13] [INFO] [1775592599.388194791] [behavior_server]: Creating behavior plugin drive_on_heading of type nav2_behaviors/DriveOnHeading
[behavior_server-13] [INFO] [1775592599.389334075] [behavior_server]: Configuring drive_on_heading
[behavior_server-13] [INFO] [1775592599.392712679] [behavior_server]: Creating behavior plugin assisted_teleop of type nav2_behaviors/AssistedTeleop
[behavior_server-13] [INFO] [1775592599.394699333] [behavior_server]: Configuring assisted_teleop
[behavior_server-13] [INFO] [1775592599.399038488] [behavior_server]: Creating behavior plugin wait of type nav2_behaviors/Wait
[behavior_server-13] [INFO] [1775592599.400087778] [behavior_server]: Configuring wait
[lifecycle_manager-16] [INFO] [1775592599.403432963] [lifecycle_manager_navigation]: [34m[1mConfiguring bt_navigator[0m[0m
[bt_navigator-14] [INFO] [1775592599.403724188] [bt_navigator]: Configuring
[lifecycle_manager-16] [INFO] [1775592599.451110350] [lifecycle_manager_navigation]: [34m[1mConfiguring waypoint_follower[0m[0m
[waypoint_follower-15] [INFO] [1775592599.451321021] [waypoint_follower]: Configuring
[waypoint_follower-15] [INFO] [1775592599.458302631] [waypoint_follower]: Created waypoint_task_executor : wait_at_waypoint of type nav2_waypoint_follower::WaitAtWaypoint
[lifecycle_manager-16] [INFO] [1775592599.459139107] [lifecycle_manager_navigation]: [34m[1mActivating controller_server[0m[0m
[controller_server-11] [INFO] [1775592599.459364194] [controller_server]: Activating
[controller_server-11] [INFO] [1775592599.459417176] [local_costmap.local_costmap]: Activating
[controller_server-11] [INFO] [1775592599.459438356] [local_costmap.local_costmap]: Checking transform
[controller_server-11] [INFO] [1775592599.459508510] [local_costmap.local_costmap]: Timed out waiting for transform from base_link to odom to become available, tf error: Invalid frame ID "odom" passed to canTransform argument target_frame - frame does not exist
[INFO] [1775592599.609998017] [object_grasper]: object_grasper started
[joy_node-6] [INFO] [1775592599.737611440] [joy_node]: Opened joystick: Controller 1.05.  deadzone: 0.050000
[controller_server-11] [INFO] [1775592599.959569167] [local_costmap.local_costmap]: Timed out waiting for transform from base_link to odom to become available, tf error: Invalid frame ID "odom" passed to canTransform argument target_frame - frame does not exist
[scan_to_scan_filter_chain-5] [WARN] [1775592599.972888067] [laser_filter]: diagnostic_updater: No HW_ID was set. This is probably a bug. Please report it. For devices that do not have a HW_ID, set this value to 'none'. This warning only occurs once all diagnostics are OK. It is okay to wait until the device is open before calling setHardwareID.
[stretch_driver-3] [0m[INFO] [1775592600.155842643] [stretch_driver]: For use with S T R E T C H (TM) RESEARCH EDITION from Hello Robot Inc.[0m
[stretch_driver-3] [0m[INFO] [1775592600.156098004] [stretch_driver]: stretch_driver started[0m
[controller_server-11] [INFO] [1775592600.459566775] [local_costmap.local_costmap]: Timed out waiting for transform from base_link to odom to become available, tf error: Invalid frame ID "odom" passed to canTransform argument target_frame - frame does not exist
[stretch_driver-3] Key mapped to End-Of-Arm Tool: tool_stretch_dex_wrist
[stretch_driver-3] Unable to load URDF: /home/willy/.local/lib/python3.10/site-packages/stretch_urdf/RE2V0/stretch_description_RE2V0_tool_stretch_dex_wrist.urdf. Disabling collision system.
[controller_server-11] [INFO] [1775592600.959566040] [local_costmap.local_costmap]: Timed out waiting for transform from base_link to odom to become available, tf error: Invalid frame ID "odom" passed to canTransform argument target_frame - frame does not exist
[rviz2-17] [INFO] [1775592601.317865792] [rviz2]: Stereo is NOT SUPPORTED
[rviz2-17] [INFO] [1775592601.317933655] [rviz2]: OpenGl version: 4.5 (GLSL 4.5)
[controller_server-11] [INFO] [1775592601.459564005] [local_costmap.local_costmap]: Timed out waiting for transform from base_link to odom to become available, tf error: Invalid frame ID "odom" passed to canTransform argument target_frame - frame does not exist
[amcl-9] [INFO] [1775592601.605509325] [amcl]: Message Filter dropping message: frame 'laser' at time 1775592599.171 for reason 'the timestamp on the message is earlier than all the data in the transform cache'
[rviz2-17] [INFO] [1775592601.637057875] [rviz2]: Stereo is NOT SUPPORTED
[amcl-9] [WARN] [1775592601.706656325] [amcl]: New subscription discovered on topic '/particle_cloud', requesting incompatible QoS. No messages will be sent to it. Last incompatible policy: RELIABILITY_QOS_POLICY
[stretch_driver-3] [0m[INFO] [1775592601.955839072] [stretch_driver]: broadcast_odom_tf = True[0m
[controller_server-11] [INFO] [1775592601.959574284] [local_costmap.local_costmap]: Timed out waiting for transform from base_link to odom to become available, tf error: Invalid frame ID "odom" passed to canTransform argument target_frame - frame does not exist
[stretch_driver-3] [0m[INFO] [1775592601.986454349] [stretch_driver]: rate = 30.0 Hz[0m
[stretch_driver-3] [0m[INFO] [1775592601.990312283] [stretch_driver]: twist timeout = 0.5 s[0m
[stretch_driver-3] [0m[INFO] [1775592601.992059302] [stretch_driver]: base_frame_id = base_link[0m
[stretch_driver-3] [0m[INFO] [1775592601.993005426] [stretch_driver]: odom_frame_id = odom[0m
[stretch_driver-3] [0m[INFO] [1775592602.042330069] [stretch_driver]: Changed to mode = navigation[0m
[INFO] [1775592602.066751789] [aruco_base_frame_estimator]: Node aruco_base_frame_estimator connected to /home_the_robot service.
[INFO] [1775592602.068118399] [aruco_base_frame_estimator]: Node aruco_base_frame_estimator connected to /stow_the_robot service.
[INFO] [1775592602.069270705] [aruco_base_frame_estimator]: Node aruco_base_frame_estimator connected to /stop_the_robot service.
[INFO] [1775592602.070605224] [aruco_base_frame_estimator]: Node aruco_base_frame_estimator connected to /switch_to_trajectory_mode service.
[INFO] [1775592602.071939238] [aruco_base_frame_estimator]: Node aruco_base_frame_estimator connected to /switch_to_position_mode service.
[INFO] [1775592602.075754818] [aruco_base_frame_estimator]: Node aruco_base_frame_estimator connected to /switch_to_navigation_mode service.
[INFO] [1775592602.076289162] [aruco_base_frame_estimator]: Moving head camera to detection orientation...
[WARN] [1775592602.076787713] [aruco_base_frame_estimator]: Currently in  mode. Recommend switching either to position or trajectory mode
[WARN] [1775592602.078602101] [aruco_base_frame_estimator]: Commanding joint trajectory server in position mode
[stretch_driver-3] [0m[INFO] [1775592602.084133314] [stretch_driver]: Received goal request[0m
[stretch_driver-3] [0m[INFO] [1775592602.089632220] [stretch_driver]: stretch_driver joint_traj action: New trajectory received with joint_names = ['joint_head_pan', 'joint_head_tilt'][0m
[INFO] [1775592602.209253226] [object_grasper]: Node object_grasper connected to /home_the_robot service.
[INFO] [1775592602.215450540] [object_grasper]: Node object_grasper connected to /stow_the_robot service.
[INFO] [1775592602.218010156] [object_grasper]: Node object_grasper connected to /stop_the_robot service.
[INFO] [1775592602.220349489] [object_grasper]: Node object_grasper connected to /switch_to_trajectory_mode service.
[INFO] [1775592602.223862370] [object_grasper]: Node object_grasper connected to /switch_to_position_mode service.
[INFO] [1775592602.226293433] [object_grasper]: Node object_grasper connected to /switch_to_navigation_mode service.
[amcl-9] [INFO] [1775592602.238566601] [amcl]: createLaserObject
[amcl-9] [WARN] [1775592602.256539681] [amcl]: AMCL cannot publish a pose or update the transform. Please set the initial pose...
/home/willy/.local/lib/python3.10/site-packages/ikpy/urdf/URDF.py:261: UserWarning: Joint joint_mast is of type: fixed, but has an 'axis' attribute defined. This is not in the URDF spec and thus this axis is ignored
  warnings.warn("Joint {} is of type: fixed, but has an 'axis' attribute defined. This is not in the URDF spec and thus this axis is ignored".format(joint.attrib["name"]))
/home/willy/.local/lib/python3.10/site-packages/ikpy/urdf/URDF.py:261: UserWarning: Joint joint_arm_l4 is of type: fixed, but has an 'axis' attribute defined. This is not in the URDF spec and thus this axis is ignored
  warnings.warn("Joint {} is of type: fixed, but has an 'axis' attribute defined. This is not in the URDF spec and thus this axis is ignored".format(joint.attrib["name"]))
[controller_server-11] [INFO] [1775592602.459663876] [local_costmap.local_costmap]: start
/home/willy/.local/lib/python3.10/site-packages/ikpy/urdf/URDF.py:261: UserWarning: Joint joint_wrist_yaw_bottom is of type: fixed, but has an 'axis' attribute defined. This is not in the URDF spec and thus this axis is ignored
  warnings.warn("Joint {} is of type: fixed, but has an 'axis' attribute defined. This is not in the URDF spec and thus this axis is ignored".format(joint.attrib["name"]))
/home/willy/.local/lib/python3.10/site-packages/ikpy/urdf/URDF.py:261: UserWarning: Joint joint_gripper_s3_body is of type: fixed, but has an 'axis' attribute defined. This is not in the URDF spec and thus this axis is ignored
  warnings.warn("Joint {} is of type: fixed, but has an 'axis' attribute defined. This is not in the URDF spec and thus this axis is ignored".format(joint.attrib["name"]))
/home/willy/.local/lib/python3.10/site-packages/ikpy/urdf/URDF.py:261: UserWarning: Joint joint_grasp_center is of type: fixed, but has an 'axis' attribute defined. This is not in the URDF spec and thus this axis is ignored
  warnings.warn("Joint {} is of type: fixed, but has an 'axis' attribute defined. This is not in the URDF spec and thus this axis is ignored".format(joint.attrib["name"]))
/home/willy/.local/lib/python3.10/site-packages/ikpy/chain.py:60: UserWarning: Link Base link (index: 0) is of type 'fixed' but set as active in the active_links_mask. In practice, this fixed link doesn't provide any transformation so is as it were inactive
  warnings.warn("Link {} (index: {}) is of type 'fixed' but set as active in the active_links_mask. In practice, this fixed link doesn't provide any transformation so is as it were inactive".format(link.name, link_index))
/home/willy/.local/lib/python3.10/site-packages/ikpy/chain.py:60: UserWarning: Link joint_mast (index: 2) is of type 'fixed' but set as active in the active_links_mask. In practice, this fixed link doesn't provide any transformation so is as it were inactive
  warnings.warn("Link {} (index: {}) is of type 'fixed' but set as active in the active_links_mask. In practice, this fixed link doesn't provide any transformation so is as it were inactive".format(link.name, link_index))
/home/willy/.local/lib/python3.10/site-packages/ikpy/chain.py:60: UserWarning: Link joint_arm_l4 (index: 4) is of type 'fixed' but set as active in the active_links_mask. In practice, this fixed link doesn't provide any transformation so is as it were inactive
  warnings.warn("Link {} (index: {}) is of type 'fixed' but set as active in the active_links_mask. In practice, this fixed link doesn't provide any transformation so is as it were inactive".format(link.name, link_index))
/home/willy/.local/lib/python3.10/site-packages/ikpy/chain.py:60: UserWarning: Link joint_wrist_yaw_bottom (index: 10) is of type 'fixed' but set as active in the active_links_mask. In practice, this fixed link doesn't provide any transformation so is as it were inactive
  warnings.warn("Link {} (index: {}) is of type 'fixed' but set as active in the active_links_mask. In practice, this fixed link doesn't provide any transformation so is as it were inactive".format(link.name, link_index))
/home/willy/.local/lib/python3.10/site-packages/ikpy/chain.py:60: UserWarning: Link joint_gripper_s3_body (index: 13) is of type 'fixed' but set as active in the active_links_mask. In practice, this fixed link doesn't provide any transformation so is as it were inactive
  warnings.warn("Link {} (index: {}) is of type 'fixed' but set as active in the active_links_mask. In practice, this fixed link doesn't provide any transformation so is as it were inactive".format(link.name, link_index))
/home/willy/.local/lib/python3.10/site-packages/ikpy/chain.py:60: UserWarning: Link joint_grasp_center (index: 14) is of type 'fixed' but set as active in the active_links_mask. In practice, this fixed link doesn't provide any transformation so is as it were inactive
  warnings.warn("Link {} (index: {}) is of type 'fixed' but set as active in the active_links_mask. In practice, this fixed link doesn't provide any transformation so is as it were inactive".format(link.name, link_index))
[INFO] [1775592602.554836748] [object_grasper]: ============================================================
[INFO] [1775592602.555099380] [object_grasper]: ObjectGrasper ready — waiting for ArUco detections
[INFO] [1775592602.555280978] [object_grasper]: Listening on: /aruco/target_base_link
[INFO] [1775592602.555473527] [object_grasper]: Call service: ros2 service call /grasp_object std_srvs/srv/Trigger {}
[INFO] [1775592602.555701041] [object_grasper]: ============================================================
[controller_server-11] [INFO] [1775592602.660918310] [controller_server]: Creating bond (controller_server) to lifecycle manager.
[lifecycle_manager-16] [INFO] [1775592602.766030246] [lifecycle_manager_navigation]: Server controller_server connected with bond.
[lifecycle_manager-16] [INFO] [1775592602.766115646] [lifecycle_manager_navigation]: [34m[1mActivating planner_server[0m[0m
[planner_server-12] [INFO] [1775592602.766462568] [planner_server]: Activating
[planner_server-12] [INFO] [1775592602.766518901] [global_costmap.global_costmap]: Activating
[planner_server-12] [INFO] [1775592602.766540504] [global_costmap.global_costmap]: Checking transform
[planner_server-12] [INFO] [1775592602.766574519] [global_costmap.global_costmap]: Timed out waiting for transform from base_link to map to become available, tf error: Invalid frame ID "map" passed to canTransform argument target_frame - frame does not exist
[stretch_driver-3] -------------------------------------------
[stretch_driver-3] Finished goal
[stretch_driver-3] [0m[INFO] [1775592602.937565484] [stretch_driver]: stretch_driver joint_traj action: Achieved all target points.[0m
[INFO] [1775592602.942803583] [aruco_base_frame_estimator]: Head camera at detection pose — starting ArUco detection.
[INFO] [1775592602.951543383] [aruco_base_frame_estimator]: Waiting for camera TF (base_link -> camera_color_optical_frame)...
[INFO] [1775592602.993002485] [aruco_base_frame_estimator]: Camera pose acquired:
[INFO] [1775592602.993467872] [aruco_base_frame_estimator]:   Position  : X=+0.0091  Y=-0.0517  Z=+1.2865  (m)
[INFO] [1775592602.993866788] [aruco_base_frame_estimator]:   RPY (deg) : R=-179.10  P=+59.13  Y=+93.11
[INFO] [1775592602.996378852] [aruco_base_frame_estimator]: ============================================================
[INFO] [1775592602.996621610] [aruco_base_frame_estimator]: ArUco Base Frame Estimator Started
[INFO] [1775592602.996801502] [aruco_base_frame_estimator]: Target Marker ID: 202
[INFO] [1775592602.996977615] [aruco_base_frame_estimator]: Marker size: 2.8 cm
[INFO] [1775592602.997143780] [aruco_base_frame_estimator]: Marker offset (cam frame): X=0.0  Y=0.0  Z=0.0
[INFO] [1775592602.997313540] [aruco_base_frame_estimator]: Publishing target on: /aruco/target_base_link
[INFO] [1775592602.997491284] [aruco_base_frame_estimator]: ============================================================
[planner_server-12] [INFO] [1775592603.266634614] [global_costmap.global_costmap]: Timed out waiting for transform from base_link to map to become available, tf error: Invalid frame ID "map" passed to canTransform argument target_frame - frame does not exist
[planner_server-12] [INFO] [1775592603.766626761] [global_costmap.global_costmap]: Timed out waiting for transform from base_link to map to become available, tf error: Invalid frame ID "map" passed to canTransform argument target_frame - frame does not exist
[planner_server-12] [INFO] [1775592604.266632929] [global_costmap.global_costmap]: Timed out waiting for transform from base_link to map to become available, tf error: Invalid frame ID "map" passed to canTransform argument target_frame - frame does not exist
[amcl-9] [WARN] [1775592604.277260221] [amcl]: AMCL cannot publish a pose or update the transform. Please set the initial pose...
[realsense2_camera_node-1] [0m[INFO] [1775592604.757263196] [camera]: Device with serial number 239722071445 was found.
[realsense2_camera_node-1] [0m
[realsense2_camera_node-1] [0m[INFO] [1775592604.757311491] [camera]: Device with physical ID /sys/devices/pci0000:00/0000:00:0d.0/usb2/2-1/2-1:1.0/video4linux/video0 was found.[0m
[realsense2_camera_node-1] [0m[INFO] [1775592604.757322639] [camera]: Device with name Intel RealSense D435I was found.[0m
[realsense2_camera_node-1] [0m[INFO] [1775592604.757490648] [camera]: Device with port number 2-1 was found.[0m
[realsense2_camera_node-1] [0m[INFO] [1775592604.757502308] [camera]: Device USB type: 3.2[0m
[realsense2_camera_node-1] [0m[INFO] [1775592604.757556698] [camera]: getParameters...[0m
[planner_server-12] [INFO] [1775592604.766621593] [global_costmap.global_costmap]: Timed out waiting for transform from base_link to map to become available, tf error: Invalid frame ID "map" passed to canTransform argument target_frame - frame does not exist
[rviz2-17] [INFO] [1775592604.781750722] [rviz2]: Trying to create a map of size 416 x 249 using 1 swatches
[rviz2-17] [ERROR] [1775592604.928358012] [rviz2]: Vertex Program:rviz/glsl120/indexed_8bit_image.vert Fragment Program:rviz/glsl120/indexed_8bit_image.frag GLSL link result : 
[rviz2-17] active samplers with a different type refer to the same texture image unit
[realsense2_camera_node-1] [0m[INFO] [1775592605.130016607] [camera]: JSON file is loaded! (/home/willy/ament_ws/install/stretch_core/share/stretch_core/config/HighAccuracyPreset.json)[0m
[realsense2_camera_node-1] [0m[INFO] [1775592605.130144890] [camera]: Device Name: Intel RealSense D435I[0m
[realsense2_camera_node-1] [0m[INFO] [1775592605.130192454] [camera]: Device Serial No: 239722071445[0m
[realsense2_camera_node-1] [0m[INFO] [1775592605.130231529] [camera]: Device physical port: /sys/devices/pci0000:00/0000:00:0d.0/usb2/2-1/2-1:1.0/video4linux/video0[0m
[realsense2_camera_node-1] [0m[INFO] [1775592605.130268698] [camera]: Device FW version: 5.16.0.1[0m
[realsense2_camera_node-1] [0m[INFO] [1775592605.130304020] [camera]: Device Product ID: 0x0B3A[0m
[realsense2_camera_node-1] [0m[INFO] [1775592605.130336407] [camera]: Sync Mode: On[0m
[planner_server-12] [INFO] [1775592605.266636995] [global_costmap.global_costmap]: Timed out waiting for transform from base_link to map to become available, tf error: Invalid frame ID "map" passed to canTransform argument target_frame - frame does not exist
[realsense2_camera_node-1] [0m[INFO] [1775592605.273705223] [rclcpp]: signal_handler(SIGINT/SIGTERM)[0m
[realsense2_camera_node-1] [33m[WARN] [1775592605.290332902] [camera]: re-enable the stream for the change to take effect.[0m
[realsense2_camera_node-1] [33m[WARN] [1775592605.296519607] [camera]: re-enable the stream for the change to take effect.[0m
[realsense2_camera_node-1] [33m[WARN] [1775592605.317832102] [camera]: re-enable the stream for the change to take effect.[0m
[realsense2_camera_node-1] [31m[ERROR] [1775592605.319181219] [camera]: Given value, 63 is invalid. Set ROS param back to: 100[0m
[realsense2_camera_node-1] [33m[WARN] [1775592605.324853849] [camera]: Set parameter {pointcloud.enable} failed: could not create publisher: rcl node's context is invalid, at ./src/rcl/node.c:428[0m
[realsense2_camera_node-1] [0m[INFO] [1775592605.328800312] [camera]: Stopping Sensor: Depth Module[0m
[realsense2_camera_node-1] [0m[INFO] [1775592605.328907199] [camera]: Stopping Sensor: RGB Camera[0m
[realsense2_camera_node-1] [0m[INFO] [1775592605.328930333] [camera]: Stopping Sensor: Motion Module[0m
[realsense2_camera_node-1] [31m[ERROR] [1775592605.331931198] [camera]: Failed to load plugin image_transport/compressed_pub, error string: could not create publisher: rcl node's context is invalid, at ./src/rcl/node.c:428
[realsense2_camera_node-1] [0m
[realsense2_camera_node-1] [31m[ERROR] [1775592605.335024380] [camera]: Failed to load plugin image_transport/compressedDepth_pub, error string: could not create publisher: rcl node's context is invalid, at ./src/rcl/node.c:428
[realsense2_camera_node-1] [0m
[realsense2_camera_node-1] [31m[ERROR] [1775592605.336630160] [camera]: Failed to load plugin image_transport/raw_pub, error string: could not create publisher: rcl node's context is invalid, at ./src/rcl/node.c:428
[realsense2_camera_node-1] [0m
[realsense2_camera_node-1] [31m[ERROR] [1775592605.343264405] [camera]: Failed to load plugin image_transport/theora_pub, error string: could not create publisher: rcl node's context is invalid, at ./src/rcl/node.c:428
[realsense2_camera_node-1] [0m
[realsense2_camera_node-1] [31m[ERROR] [1775592605.343401241] [camera]: /home/willy/ament_ws/src/realsense-ros/realsense2_camera/src/rs_node_setup.cpp:487:An exception has been thrown: No plugins found! Does `rospack plugins --attrib=plugin image_transport` find any packages?[0m
[realsense2_camera_node-1] [31m[ERROR] [1775592605.343421092] [camera]: /home/willy/ament_ws/src/realsense-ros/realsense2_camera/src/rs_node_setup.cpp:369:An exception has been thrown: No plugins found! Does `rospack plugins --attrib=plugin image_transport` find any packages?[0m
[realsense2_camera_node-1] [31m[ERROR] [1775592605.343447330] [camera]: Error starting device: No plugins found! Does `rospack plugins --attrib=plugin image_transport` find any packages?[0m
[realsense2_camera_node-1] [0m[INFO] [1775592605.343643656] [camera]: Stopping Sensor: Depth Module[0m
[realsense2_camera_node-1] [0m[INFO] [1775592605.343727925] [camera]: Stopping Sensor: RGB Camera[0m
[realsense2_camera_node-1] [0m[INFO] [1775592605.343749451] [camera]: Stopping Sensor: Motion Module[0m
[realsense2_camera_node-1] [31m[ERROR] [1775592605.343990142] [camera]: Failed to load plugin image_transport/compressed_pub, error string: could not create publisher: rcl node's context is invalid, at ./src/rcl/node.c:428
[realsense2_camera_node-1] [0m
[realsense2_camera_node-1] [31m[ERROR] [1775592605.344059389] [camera]: Failed to load plugin image_transport/compressedDepth_pub, error string: could not create publisher: rcl node's context is invalid, at ./src/rcl/node.c:428
[realsense2_camera_node-1] [0m
[realsense2_camera_node-1] [31m[ERROR] [1775592605.344115666] [camera]: Failed to load plugin image_transport/raw_pub, error string: could not create publisher: rcl node's context is invalid, at ./src/rcl/node.c:428
[realsense2_camera_node-1] [0m
[realsense2_camera_node-1] [31m[ERROR] [1775592605.344167728] [camera]: Failed to load plugin image_transport/theora_pub, error string: could not create publisher: rcl node's context is invalid, at ./src/rcl/node.c:428
[realsense2_camera_node-1] [0m
[realsense2_camera_node-1] [31m[ERROR] [1775592605.344214605] [camera]: /home/willy/ament_ws/src/realsense-ros/realsense2_camera/src/rs_node_setup.cpp:487:An exception has been thrown: No plugins found! Does `rospack plugins --attrib=plugin image_transport` find any packages?[0m
[realsense2_camera_node-1] [31m[ERROR] [1775592605.344232911] [camera]: /home/willy/ament_ws/src/realsense-ros/realsense2_camera/src/rs_node_setup.cpp:369:An exception has been thrown: No plugins found! Does `rospack plugins --attrib=plugin image_transport` find any packages?[0m
[realsense2_camera_node-1] [31m[ERROR] [1775592605.344249748] [camera]: Error updating the sensors: No plugins found! Does `rospack plugins --attrib=plugin image_transport` find any packages?[0m
[d435i_accel_correction-2] Traceback (most recent call last):
[d435i_accel_correction-2]   File "/home/willy/ament_ws/install/stretch_core/lib/stretch_core/d435i_accel_correction", line 33, in <module>
[d435i_accel_correction-2]     sys.exit(load_entry_point('stretch-core==0.2.0', 'console_scripts', 'd435i_accel_correction')())
[d435i_accel_correction-2]   File "/home/willy/ament_ws/install/stretch_core/lib/python3.10/site-packages/stretch_core/d435i_accel_correction.py", line 47, in main
[d435i_accel_correction-2]     rclpy.spin(node)
[d435i_accel_correction-2]   File "/opt/ros/humble/local/lib/python3.10/dist-packages/rclpy/__init__.py", line 229, in spin
[d435i_accel_correction-2]     executor.spin_once()
[d435i_accel_correction-2]   File "/opt/ros/humble/local/lib/python3.10/dist-packages/rclpy/executors.py", line 808, in spin_once
[d435i_accel_correction-2]     self._spin_once_impl(timeout_sec)
[d435i_accel_correction-2]   File "/opt/ros/humble/local/lib/python3.10/dist-packages/rclpy/executors.py", line 797, in _spin_once_impl
[d435i_accel_correction-2]     handler, entity, node = self.wait_for_ready_callbacks(timeout_sec=timeout_sec)
[d435i_accel_correction-2]   File "/opt/ros/humble/local/lib/python3.10/dist-packages/rclpy/executors.py", line 780, in wait_for_ready_callbacks
[d435i_accel_correction-2]     return next(self._cb_iter)
[d435i_accel_correction-2]   File "/opt/ros/humble/local/lib/python3.10/dist-packages/rclpy/executors.py", line 681, in _wait_for_ready_callbacks
[d435i_accel_correction-2]     raise ExternalShutdownException()
[d435i_accel_correction-2] rclpy.executors.ExternalShutdownException
[realsense2_camera_node-1] [0m[INFO] [1775592605.377427990] [rclcpp]: signal_handler(SIGINT/SIGTERM)[0m
Traceback (most recent call last):
  File "/home/willy/tf.py", line 299, in main
    rclpy.spin(node)
  File "/opt/ros/humble/local/lib/python3.10/dist-packages/rclpy/__init__.py", line 229, in spin
    executor.spin_once()
  File "/opt/ros/humble/local/lib/python3.10/dist-packages/rclpy/executors.py", line 808, in spin_once
    self._spin_once_impl(timeout_sec)
  File "/opt/ros/humble/local/lib/python3.10/dist-packages/rclpy/executors.py", line 797, in _spin_once_impl
    handler, entity, node = self.wait_for_ready_callbacks(timeout_sec=timeout_sec)
  File "/opt/ros/humble/local/lib/python3.10/dist-packages/rclpy/executors.py", line 780, in wait_for_ready_callbacks
    return next(self._cb_iter)
  File "/opt/ros/humble/local/lib/python3.10/dist-packages/rclpy/executors.py", line 681, in _wait_for_ready_callbacks
    raise ExternalShutdownException()
rclpy.executors.ExternalShutdownException

During handling of the above exception, another exception occurred:

Traceback (most recent call last):
  File "/home/willy/tf.py", line 307, in <module>
    main()
  File "/home/willy/tf.py", line 304, in main
    rclpy.shutdown()
  File "/opt/ros/humble/local/lib/python3.10/dist-packages/rclpy/__init__.py", line 130, in shutdown
    _shutdown(context=context)
  File "/opt/ros/humble/local/lib/python3.10/dist-packages/rclpy/utilities.py", line 58, in shutdown
    return context.shutdown()
  File "/opt/ros/humble/local/lib/python3.10/dist-packages/rclpy/context.py", line 102, in shutdown
    self.__context.shutdown()
rclpy._rclpy_pybind11.RCLError: failed to shutdown: rcl_shutdown already called on the given context, at ./src/rcl/init.c:241
[realsense2_camera_node-1] [0m[INFO] [1775592605.519222859] [rclcpp]: signal_handler(SIGINT/SIGTERM)[0m
[realsense2_camera_node-1] [0m[INFO] [1775592605.669687070] [rclcpp]: signal_handler(SIGINT/SIGTERM)[0m
[realsense2_camera_node-1] [0m[INFO] [1775592605.814218293] [rclcpp]: signal_handler(SIGINT/SIGTERM)[0m
[realsense2_camera_node-1] [0m[INFO] [1775592605.958276028] [rclcpp]: signal_handler(SIGINT/SIGTERM)[0m
[realsense2_camera_node-1] [0m[INFO] [1775592606.094855576] [rclcpp]: signal_handler(SIGINT/SIGTERM)[0m
[realsense2_camera_node-1] [0m[INFO] [1775592606.249743536] [rclcpp]: signal_handler(SIGINT/SIGTERM)[0m
[ERROR] [d435i_accel_correction-2]: process has died [pid 57100, exit code 1, cmd '/home/willy/ament_ws/install/stretch_core/lib/stretch_core/d435i_accel_correction --ros-args'].
[INFO] [realsense2_camera_node-1]: process has finished cleanly [pid 57098]
