=== launch_nodes.sh started at Sun Apr 12 05:25:52 PM EDT 2026 ===
Freeing robot process...
Done!
Checking if robot needs homing...
Robot not homed. Homing now (this may take ~30s)...
For use with S T R E T C H (R) from Hello Robot Inc.
---------------------------------------------------------------------

Unable to load URDF: /home/willy/.local/lib/python3.10/site-packages/stretch_urdf/RE2V0/stretch_description_RE2V0_tool_stretch_dex_wrist.urdf. Disabling collision system.
[INFO] [robot_monitor]: Guarded contact lift
[INFO] [robot_monitor]: Wrist single tap: 3
[INFO] [robot_monitor]: Base bump event
[INFO] [robot_monitor]: Wrist single tap: 4
[INFO] [robot_monitor]: Base bump event
[INFO] [robot_monitor]: Base bump event
[INFO] [robot_monitor]: Base bump event
[INFO] [robot_monitor]: Wrist single tap: 6
[INFO] [robot_monitor]: Wrist single tap: 7
[INFO] [robot_monitor]: Wrist single tap: 8
[INFO] [robot_monitor]: Guarded contact arm
[INFO] [robot_monitor]: Wrist single tap: 10
[INFO] [robot_monitor]: Wrist single tap: 11
--------- Homing Head ----
--------- Homing Lift ----
Homing Lift...
Hardstop detected at motor position (rad) 65.0384750366211
Marking Lift position to 1.099527 (m)
Marking Lift position to 0.000000 (m)
Lift homing successful
--------- Homing Arm ----
Homing Arm...
Hardstop detected at motor position (rad) -28.47347640991211
Marking Arm position to 0.000000 (m)
Arm homing successful
Moving to first hardstop...
First hardstop contact at position (ticks): -274
-----
Homing offset was 1993
Marking current position to zero ticks
Homing offset is now  2264 (ticks)
-----
Current position (ticks): 27
Moving to calibrated zero: (rad)
Moving to first hardstop...
First hardstop contact at position (ticks): 4205
-----
Homing offset was 4919
Marking current position to zero ticks
Homing offset is now  711 (ticks)
-----
Current position (ticks): 35
Moving to calibrated zero: (rad)
Homing complete.
Launching Nav2...
Launching D435i camera...
Launching ArUco detector...
Launching Grasper...
Waiting for Nav2 action server...
[INFO] [launch]: All log files can be found below /home/willy/.ros/log/2026-04-12-17-26-29-801271-stretch-re2-2204-7867
[INFO] [launch]: Default logging verbosity is set to INFO
[INFO] [launch]: All log files can be found below /home/willy/.ros/log/2026-04-12-17-26-29-807415-stretch-re2-2204-7868
[INFO] [launch]: Default logging verbosity is set to INFO
[INFO] [launch.user]: D435i launched in high resolution
[INFO] [realsense2_camera_node-1]: process started with pid [7943]
[INFO] [d435i_accel_correction-2]: process started with pid [7945]
[d435i_accel_correction-2] [INFO] [1776029190.377671289] [d435i_accel_correction_node]: d435i_accel_correction_node started
[INFO] [1776029190.414829443] [aruco_base_frame_estimator]: aruco_base_frame_estimator started
Nav2 is up!
Waiting for D435i camera...
[realsense2_camera_node-1] [0m[INFO] [1776029190.628938940] [camera]: RealSense ROS v4.55.1[0m
[realsense2_camera_node-1] [0m[INFO] [1776029190.629022027] [camera]: Built with LibRealSense v2.56.4[0m
[realsense2_camera_node-1] [0m[INFO] [1776029190.629031838] [camera]: Running with LibRealSense v2.56.4[0m
[realsense2_camera_node-1] [0m[INFO] [1776029190.656917684] [camera]: Device with serial number 239722071445 was found.
[realsense2_camera_node-1] [0m
[realsense2_camera_node-1] [0m[INFO] [1776029190.656998733] [camera]: Device with physical ID /sys/devices/pci0000:00/0000:00:0d.0/usb2/2-1/2-1:1.0/video4linux/video0 was found.[0m
[realsense2_camera_node-1] [0m[INFO] [1776029190.657017428] [camera]: Device with name Intel RealSense D435I was found.[0m
[realsense2_camera_node-1] [0m[INFO] [1776029190.657191726] [camera]: Device with port number 2-1 was found.[0m
[realsense2_camera_node-1] [0m[INFO] [1776029190.657215617] [camera]: Device USB type: 3.2[0m
[realsense2_camera_node-1] [0m[INFO] [1776029190.657229359] [camera]: Resetting device...[0m
[INFO] [stretch_driver-3]: process started with pid [8099]
[INFO] [joint_state_publisher-1]: process started with pid [8095]
[INFO] [robot_state_publisher-2]: process started with pid [8097]
[INFO] [sllidar_node-4]: process started with pid [8101]
[INFO] [scan_to_scan_filter_chain-5]: process started with pid [8103]
[INFO] [joy_node-6]: process started with pid [8105]
[INFO] [teleop_node-7]: process started with pid [8107]
[INFO] [map_server-8]: process started with pid [8109]
[INFO] [amcl-9]: process started with pid [8111]
[INFO] [lifecycle_manager-10]: process started with pid [8113]
[INFO] [controller_server-11]: process started with pid [8115]
[INFO] [planner_server-12]: process started with pid [8117]
[INFO] [behavior_server-13]: process started with pid [8119]
[INFO] [bt_navigator-14]: process started with pid [8121]
[INFO] [waypoint_follower-15]: process started with pid [8124]
[INFO] [lifecycle_manager-16]: process started with pid [8229]
[INFO] [rviz2-17]: process started with pid [8238]
[sllidar_node-4] [INFO] [1776029190.740550657] [sllidar_node]: SLLidar running on ROS2 package SLLidar.ROS2 SDK Version:1.0.1, SLLIDAR SDK Version:2.1.0
[sllidar_node-4] [INFO] [1776029190.757366215] [sllidar_node]: SLLidar S/N: C394ED93C0EA98C9A5E698F2564A4669
[sllidar_node-4] [INFO] [1776029190.757445659] [sllidar_node]: Firmware Ver: 1.29
[sllidar_node-4] [INFO] [1776029190.757462501] [sllidar_node]: Hardware Rev: 7
[sllidar_node-4] [INFO] [1776029190.758988011] [sllidar_node]: SLLidar health status : 0
[sllidar_node-4] [INFO] [1776029190.759281116] [sllidar_node]: SLLidar health status : OK.
[teleop_node-7] [INFO] [1776029190.747816922] [TeleopTwistJoy]: Teleop enable button 4.
[teleop_node-7] [INFO] [1776029190.747899603] [TeleopTwistJoy]: Linear axis x on 4 at scale 0.500000.
[teleop_node-7] [INFO] [1776029190.747915593] [TeleopTwistJoy]: Angular axis yaw on 3 at scale 0.500000.
[map_server-8] [INFO] [1776029190.763757782] [map_server]: 
[map_server-8] 	map_server lifecycle node launched. 
[map_server-8] 	Waiting on external lifecycle transitions to activate
[map_server-8] 	See https://design.ros2.org/articles/node_lifecycle.html for more information.
[map_server-8] [INFO] [1776029190.763860579] [map_server]: Creating
[amcl-9] [INFO] [1776029190.761569482] [amcl]: 
[amcl-9] 	amcl lifecycle node launched. 
[amcl-9] 	Waiting on external lifecycle transitions to activate
[amcl-9] 	See https://design.ros2.org/articles/node_lifecycle.html for more information.
[amcl-9] [INFO] [1776029190.772770605] [amcl]: Creating
[lifecycle_manager-10] [INFO] [1776029190.748021859] [lifecycle_manager_localization]: Creating
[lifecycle_manager-10] [INFO] [1776029190.753457067] [lifecycle_manager_localization]: [34m[1mCreating and initializing lifecycle service clients[0m[0m
[planner_server-12] [INFO] [1776029190.760297363] [planner_server]: 
[planner_server-12] 	planner_server lifecycle node launched. 
[planner_server-12] 	Waiting on external lifecycle transitions to activate
[planner_server-12] 	See https://design.ros2.org/articles/node_lifecycle.html for more information.
[bt_navigator-14] [INFO] [1776029190.763165199] [bt_navigator]: 
[bt_navigator-14] 	bt_navigator lifecycle node launched. 
[bt_navigator-14] 	Waiting on external lifecycle transitions to activate
[bt_navigator-14] 	See https://design.ros2.org/articles/node_lifecycle.html for more information.
[bt_navigator-14] [INFO] [1776029190.763361872] [bt_navigator]: Creating
[waypoint_follower-15] [INFO] [1776029190.763783555] [waypoint_follower]: 
[waypoint_follower-15] 	waypoint_follower lifecycle node launched. 
[waypoint_follower-15] 	Waiting on external lifecycle transitions to activate
[waypoint_follower-15] 	See https://design.ros2.org/articles/node_lifecycle.html for more information.
[scan_to_scan_filter_chain-5] [INFO] [1776029190.776132396] [laser_filter]: In shadow configure done
[controller_server-11] [INFO] [1776029190.776233551] [controller_server]: 
[controller_server-11] 	controller_server lifecycle node launched. 
[controller_server-11] 	Waiting on external lifecycle transitions to activate
[controller_server-11] 	See https://design.ros2.org/articles/node_lifecycle.html for more information.
[waypoint_follower-15] [INFO] [1776029190.777779294] [waypoint_follower]: Creating
[scan_to_scan_filter_chain-5] [WARN] [1776029190.779392775] [rcl.logging_rosout]: Publisher already registered for provided node name. If this is due to multiple nodes with the same name then all logs for that logger name will go out over the existing publisher. As soon as any node with that name is destructed it will unregister the publisher, preventing any further logs for that name from being published on the rosout topic.
[planner_server-12] [INFO] [1776029190.788966256] [planner_server]: Creating
[behavior_server-13] [INFO] [1776029190.791381092] [behavior_server]: 
[behavior_server-13] 	behavior_server lifecycle node launched. 
[behavior_server-13] 	Waiting on external lifecycle transitions to activate
[behavior_server-13] 	See https://design.ros2.org/articles/node_lifecycle.html for more information.
[controller_server-11] [INFO] [1776029190.798368333] [controller_server]: Creating controller server
[lifecycle_manager-10] [INFO] [1776029190.799850115] [lifecycle_manager_localization]: [34m[1mStarting managed nodes bringup...[0m[0m
[lifecycle_manager-10] [INFO] [1776029190.799929719] [lifecycle_manager_localization]: [34m[1mConfiguring map_server[0m[0m
[map_server-8] [INFO] [1776029190.801152522] [map_server]: Configuring
[map_server-8] [INFO] [1776029190.801248391] [map_io]: Loading yaml file: /home/willy/stretch_user/maps/testing_map.yaml
[map_server-8] [INFO] [1776029190.802630485] [map_io]: resolution: 0.05
[map_server-8] [INFO] [1776029190.802660159] [map_io]: origin[0]: -11.5
[map_server-8] [INFO] [1776029190.802665926] [map_io]: origin[1]: -1.71
[map_server-8] [INFO] [1776029190.802670924] [map_io]: origin[2]: 0
[map_server-8] [INFO] [1776029190.802676368] [map_io]: free_thresh: 0.25
[map_server-8] [INFO] [1776029190.802681379] [map_io]: occupied_thresh: 0.65
[map_server-8] [INFO] [1776029190.802686307] [map_io]: mode: trinary
[map_server-8] [INFO] [1776029190.802692025] [map_io]: negate: 0
[lifecycle_manager-16] [INFO] [1776029190.803537266] [lifecycle_manager_navigation]: Creating
[lifecycle_manager-16] [INFO] [1776029190.806224553] [lifecycle_manager_navigation]: [34m[1mCreating and initializing lifecycle service clients[0m[0m
[planner_server-12] [INFO] [1776029190.807739928] [global_costmap.global_costmap]: 
[planner_server-12] 	global_costmap lifecycle node launched. 
[planner_server-12] 	Waiting on external lifecycle transitions to activate
[planner_server-12] 	See https://design.ros2.org/articles/node_lifecycle.html for more information.
[map_server-8] [INFO] [1776029190.810091686] [map_io]: Loading image_file: /home/willy/stretch_user/maps/testing_map.pgm
[planner_server-12] [INFO] [1776029190.810977678] [global_costmap.global_costmap]: Creating Costmap
[controller_server-11] [INFO] [1776029190.817262750] [local_costmap.local_costmap]: 
[controller_server-11] 	local_costmap lifecycle node launched. 
[controller_server-11] 	Waiting on external lifecycle transitions to activate
[controller_server-11] 	See https://design.ros2.org/articles/node_lifecycle.html for more information.
[controller_server-11] [INFO] [1776029190.818642337] [local_costmap.local_costmap]: Creating Costmap
[map_server-8] [INFO] [1776029190.826661276] [map_io]: Read map /home/willy/stretch_user/maps/testing_map.pgm: 416 X 249 map @ 0.05 m/cell
[lifecycle_manager-10] [INFO] [1776029190.831830595] [lifecycle_manager_localization]: [34m[1mConfiguring amcl[0m[0m
[amcl-9] [INFO] [1776029190.832304489] [amcl]: Configuring
[amcl-9] [INFO] [1776029190.832674029] [amcl]: initTransforms
[lifecycle_manager-16] [INFO] [1776029190.833353810] [lifecycle_manager_navigation]: [34m[1mStarting managed nodes bringup...[0m[0m
[lifecycle_manager-16] [INFO] [1776029190.833400474] [lifecycle_manager_navigation]: [34m[1mConfiguring controller_server[0m[0m
[amcl-9] [INFO] [1776029190.849803200] [amcl]: initPubSub
[amcl-9] [INFO] [1776029190.855014019] [amcl]: Subscribed to map topic.
[lifecycle_manager-10] [INFO] [1776029190.858818217] [lifecycle_manager_localization]: [34m[1mActivating map_server[0m[0m
[map_server-8] [INFO] [1776029190.858997407] [map_server]: Activating
[map_server-8] [INFO] [1776029190.859255014] [map_server]: Creating bond (map_server) to lifecycle manager.
[amcl-9] [INFO] [1776029190.859656036] [amcl]: Received a 416 X 249 map @ 0.050 m/pix
[controller_server-11] [INFO] [1776029190.931463628] [controller_server]: Configuring controller interface
[controller_server-11] [INFO] [1776029190.931841817] [controller_server]: getting goal checker plugins..
[controller_server-11] [INFO] [1776029190.932079213] [controller_server]: Controller frequency set to 20.0000Hz
[controller_server-11] [INFO] [1776029190.932127518] [local_costmap.local_costmap]: Configuring
[controller_server-11] [INFO] [1776029190.944944262] [local_costmap.local_costmap]: Using plugin "obstacle_layer"
[sllidar_node-4] [INFO] [1776029190.957107711] [sllidar_node]: current scan mode: Boost, sample rate: 8 Khz, max_distance: 12.0 m, scan frequency:10.0 Hz, 
[controller_server-11] [INFO] [1776029190.960160329] [local_costmap.local_costmap]: Subscribed to Topics: scan
[lifecycle_manager-10] [INFO] [1776029190.967322370] [lifecycle_manager_localization]: Server map_server connected with bond.
[lifecycle_manager-10] [INFO] [1776029190.967373486] [lifecycle_manager_localization]: [34m[1mActivating amcl[0m[0m
[amcl-9] [INFO] [1776029190.969847243] [amcl]: Activating
[amcl-9] [INFO] [1776029190.969894065] [amcl]: Creating bond (amcl) to lifecycle manager.
[controller_server-11] [INFO] [1776029190.973558658] [local_costmap.local_costmap]: Initialized plugin "obstacle_layer"
[controller_server-11] [INFO] [1776029190.973610079] [local_costmap.local_costmap]: Using plugin "voxel_layer"
[controller_server-11] [INFO] [1776029190.977890508] [local_costmap.local_costmap]: Subscribed to Topics: scan
[controller_server-11] [INFO] [1776029190.992550985] [local_costmap.local_costmap]: Initialized plugin "voxel_layer"
[controller_server-11] [INFO] [1776029190.992595368] [local_costmap.local_costmap]: Using plugin "inflation_layer"
[controller_server-11] [INFO] [1776029190.993339574] [local_costmap.local_costmap]: Initialized plugin "inflation_layer"
[controller_server-11] [INFO] [1776029191.014988064] [controller_server]: Created progress_checker : progress_checker of type nav2_controller::SimpleProgressChecker
[controller_server-11] [INFO] [1776029191.017257965] [controller_server]: Created goal checker : general_goal_checker of type nav2_controller::SimpleGoalChecker
[controller_server-11] [INFO] [1776029191.017696192] [controller_server]: Controller Server has general_goal_checker  goal checkers available.
[controller_server-11] [INFO] [1776029191.024788073] [controller_server]: Created controller : FollowPath of type dwb_core::DWBLocalPlanner
[controller_server-11] [INFO] [1776029191.029390313] [controller_server]: Setting transform_tolerance to 0.200000
[controller_server-11] [INFO] [1776029191.048130618] [controller_server]: Using critic "RotateToGoal" (dwb_critics::RotateToGoalCritic)
[controller_server-11] [INFO] [1776029191.050672860] [controller_server]: Critic plugin initialized
[controller_server-11] [INFO] [1776029191.050990986] [controller_server]: Using critic "Oscillation" (dwb_critics::OscillationCritic)
[controller_server-11] [INFO] [1776029191.053942119] [controller_server]: Critic plugin initialized
[controller_server-11] [INFO] [1776029191.054268627] [controller_server]: Using critic "BaseObstacle" (dwb_critics::BaseObstacleCritic)
[controller_server-11] [INFO] [1776029191.055139212] [controller_server]: Critic plugin initialized
[controller_server-11] [INFO] [1776029191.056296691] [controller_server]: Using critic "GoalAlign" (dwb_critics::GoalAlignCritic)
[controller_server-11] [INFO] [1776029191.057423732] [controller_server]: Critic plugin initialized
[controller_server-11] [INFO] [1776029191.057887805] [controller_server]: Using critic "PathAlign" (dwb_critics::PathAlignCritic)
[controller_server-11] [INFO] [1776029191.059182645] [controller_server]: Critic plugin initialized
[controller_server-11] [INFO] [1776029191.059726901] [controller_server]: Using critic "PathDist" (dwb_critics::PathDistCritic)
[controller_server-11] [INFO] [1776029191.060623708] [controller_server]: Critic plugin initialized
[controller_server-11] [INFO] [1776029191.061180034] [controller_server]: Using critic "GoalDist" (dwb_critics::GoalDistCritic)
[controller_server-11] [INFO] [1776029191.061919728] [controller_server]: Critic plugin initialized
[controller_server-11] [INFO] [1776029191.062404205] [controller_server]: Using critic "PreferForward" (dwb_critics::PreferForwardCritic)
[controller_server-11] [INFO] [1776029191.064420940] [controller_server]: Critic plugin initialized
[controller_server-11] [INFO] [1776029191.064470214] [controller_server]: Controller Server has FollowPath  controllers available.
[lifecycle_manager-16] [INFO] [1776029191.070386052] [lifecycle_manager_navigation]: [34m[1mConfiguring planner_server[0m[0m
[planner_server-12] [INFO] [1776029191.070586619] [planner_server]: Configuring
[planner_server-12] [INFO] [1776029191.070621863] [global_costmap.global_costmap]: Configuring
[planner_server-12] [INFO] [1776029191.074695592] [global_costmap.global_costmap]: Using plugin "static_layer"
[lifecycle_manager-10] [INFO] [1776029191.076140919] [lifecycle_manager_localization]: Server amcl connected with bond.
[lifecycle_manager-10] [INFO] [1776029191.076207568] [lifecycle_manager_localization]: [34m[1mManaged nodes are active[0m[0m
[lifecycle_manager-10] [INFO] [1776029191.076233118] [lifecycle_manager_localization]: [34m[1mCreating bond timer...[0m[0m
[planner_server-12] [INFO] [1776029191.078834965] [global_costmap.global_costmap]: Subscribing to the map topic (/map) with transient local durability
[planner_server-12] [INFO] [1776029191.079607363] [global_costmap.global_costmap]: Initialized plugin "static_layer"
[planner_server-12] [INFO] [1776029191.079651872] [global_costmap.global_costmap]: Using plugin "obstacle_layer"
[planner_server-12] [INFO] [1776029191.080359233] [global_costmap.global_costmap]: Subscribed to Topics: scan
[planner_server-12] [INFO] [1776029191.083028891] [global_costmap.global_costmap]: Initialized plugin "obstacle_layer"
[planner_server-12] [INFO] [1776029191.083094907] [global_costmap.global_costmap]: Using plugin "voxel_layer"
[planner_server-12] [INFO] [1776029191.083659214] [global_costmap.global_costmap]: Subscribed to Topics: scan
[planner_server-12] [INFO] [1776029191.086074545] [global_costmap.global_costmap]: Initialized plugin "voxel_layer"
[planner_server-12] [INFO] [1776029191.086131419] [global_costmap.global_costmap]: Using plugin "inflation_layer"
[planner_server-12] [INFO] [1776029191.086750815] [global_costmap.global_costmap]: Initialized plugin "inflation_layer"
[planner_server-12] [INFO] [1776029191.090707001] [global_costmap.global_costmap]: StaticLayer: Resizing costmap to 416 X 249 at 0.050000 m/pix
[planner_server-12] [INFO] [1776029191.091639269] [planner_server]: Created global planner plugin GridBased of type nav2_navfn_planner/NavfnPlanner
[planner_server-12] [INFO] [1776029191.091704649] [planner_server]: Configuring plugin GridBased of type NavfnPlanner
[planner_server-12] [INFO] [1776029191.092164777] [planner_server]: Planner Server has GridBased  planners available.
[lifecycle_manager-16] [INFO] [1776029191.097383492] [lifecycle_manager_navigation]: [34m[1mConfiguring behavior_server[0m[0m
[behavior_server-13] [INFO] [1776029191.097619103] [behavior_server]: Configuring
[behavior_server-13] [INFO] [1776029191.103927966] [behavior_server]: Creating behavior plugin spin of type nav2_behaviors/Spin
[behavior_server-13] [INFO] [1776029191.105559367] [behavior_server]: Configuring spin
[behavior_server-13] [INFO] [1776029191.108575914] [behavior_server]: Creating behavior plugin backup of type nav2_behaviors/BackUp
[behavior_server-13] [INFO] [1776029191.110307730] [behavior_server]: Configuring backup
[behavior_server-13] [INFO] [1776029191.112337686] [behavior_server]: Creating behavior plugin drive_on_heading of type nav2_behaviors/DriveOnHeading
[behavior_server-13] [INFO] [1776029191.113554476] [behavior_server]: Configuring drive_on_heading
[behavior_server-13] [INFO] [1776029191.116116017] [behavior_server]: Creating behavior plugin assisted_teleop of type nav2_behaviors/AssistedTeleop
[behavior_server-13] [INFO] [1776029191.119544046] [behavior_server]: Configuring assisted_teleop
[behavior_server-13] [INFO] [1776029191.123036129] [behavior_server]: Creating behavior plugin wait of type nav2_behaviors/Wait
[behavior_server-13] [INFO] [1776029191.124599222] [behavior_server]: Configuring wait
[lifecycle_manager-16] [INFO] [1776029191.127232419] [lifecycle_manager_navigation]: [34m[1mConfiguring bt_navigator[0m[0m
[bt_navigator-14] [INFO] [1776029191.127488382] [bt_navigator]: Configuring
[lifecycle_manager-16] [INFO] [1776029191.199477210] [lifecycle_manager_navigation]: [34m[1mConfiguring waypoint_follower[0m[0m
[waypoint_follower-15] [INFO] [1776029191.199862358] [waypoint_follower]: Configuring
[waypoint_follower-15] [INFO] [1776029191.214066518] [waypoint_follower]: Created waypoint_task_executor : wait_at_waypoint of type nav2_waypoint_follower::WaitAtWaypoint
[lifecycle_manager-16] [INFO] [1776029191.215824199] [lifecycle_manager_navigation]: [34m[1mActivating controller_server[0m[0m
[controller_server-11] [INFO] [1776029191.216116184] [controller_server]: Activating
[controller_server-11] [INFO] [1776029191.216185696] [local_costmap.local_costmap]: Activating
[controller_server-11] [INFO] [1776029191.216209900] [local_costmap.local_costmap]: Checking transform
[controller_server-11] [INFO] [1776029191.216301030] [local_costmap.local_costmap]: Timed out waiting for transform from base_link to odom to become available, tf error: Invalid frame ID "odom" passed to canTransform argument target_frame - frame does not exist
[joy_node-6] [INFO] [1776029191.380757753] [joy_node]: No haptic (rumble) available, skipping initialization
[joy_node-6] [INFO] [1776029191.380860901] [joy_node]: Opened joystick: 3Dconnexion Universal Receiver.  deadzone: 0.050000
[INFO] [1776029191.560767010] [object_grasper]: object_grasper started
[controller_server-11] [INFO] [1776029191.716389116] [local_costmap.local_costmap]: Timed out waiting for transform from base_link to odom to become available, tf error: Invalid frame ID "odom" passed to canTransform argument target_frame - frame does not exist
[scan_to_scan_filter_chain-5] [WARN] [1776029191.762802231] [laser_filter]: diagnostic_updater: No HW_ID was set. This is probably a bug. Please report it. For devices that do not have a HW_ID, set this value to 'none'. This warning only occurs once all diagnostics are OK. It is okay to wait until the device is open before calling setHardwareID.
[stretch_driver-3] [0m[INFO] [1776029191.965032564] [stretch_driver]: For use with S T R E T C H (TM) RESEARCH EDITION from Hello Robot Inc.[0m
[stretch_driver-3] [0m[INFO] [1776029191.965270007] [stretch_driver]: stretch_driver started[0m
[controller_server-11] [INFO] [1776029192.216352784] [local_costmap.local_costmap]: Timed out waiting for transform from base_link to odom to become available, tf error: Invalid frame ID "odom" passed to canTransform argument target_frame - frame does not exist
[stretch_driver-3] Key mapped to End-Of-Arm Tool: tool_stretch_dex_wrist
[stretch_driver-3] Unable to load URDF: /home/willy/.local/lib/python3.10/site-packages/stretch_urdf/RE2V0/stretch_description_RE2V0_tool_stretch_dex_wrist.urdf. Disabling collision system.
[controller_server-11] [INFO] [1776029192.716391834] [local_costmap.local_costmap]: Timed out waiting for transform from base_link to odom to become available, tf error: Invalid frame ID "odom" passed to canTransform argument target_frame - frame does not exist
[controller_server-11] [INFO] [1776029193.216387650] [local_costmap.local_costmap]: Timed out waiting for transform from base_link to odom to become available, tf error: Invalid frame ID "odom" passed to canTransform argument target_frame - frame does not exist
[rviz2-17] [INFO] [1776029193.317907889] [rviz2]: Stereo is NOT SUPPORTED
[rviz2-17] [INFO] [1776029193.317966978] [rviz2]: OpenGl version: 4.5 (GLSL 4.5)
[amcl-9] [INFO] [1776029193.389413202] [amcl]: Message Filter dropping message: frame 'laser' at time 1776029190.957 for reason 'the timestamp on the message is earlier than all the data in the transform cache'
[rviz2-17] [INFO] [1776029193.603181550] [rviz2]: Stereo is NOT SUPPORTED
[controller_server-11] [INFO] [1776029193.716345259] [local_costmap.local_costmap]: Timed out waiting for transform from base_link to odom to become available, tf error: Invalid frame ID "odom" passed to canTransform argument target_frame - frame does not exist
[stretch_driver-3] [0m[INFO] [1776029193.716900077] [stretch_driver]: broadcast_odom_tf = True[0m
[amcl-9] [WARN] [1776029193.738552429] [amcl]: New subscription discovered on topic '/particle_cloud', requesting incompatible QoS. No messages will be sent to it. Last incompatible policy: RELIABILITY_QOS_POLICY
[stretch_driver-3] [0m[INFO] [1776029193.752938675] [stretch_driver]: rate = 30.0 Hz[0m
[stretch_driver-3] [0m[INFO] [1776029193.754597301] [stretch_driver]: twist timeout = 0.5 s[0m
[stretch_driver-3] [0m[INFO] [1776029193.755429155] [stretch_driver]: base_frame_id = base_link[0m
[stretch_driver-3] [0m[INFO] [1776029193.757005582] [stretch_driver]: odom_frame_id = odom[0m
[stretch_driver-3] [0m[INFO] [1776029193.824944494] [stretch_driver]: Changed to mode = navigation[0m
[INFO] [1776029193.850844449] [object_grasper]: Node object_grasper connected to /home_the_robot service.
[INFO] [1776029193.855616655] [object_grasper]: Node object_grasper connected to /stow_the_robot service.
[INFO] [1776029193.856891428] [object_grasper]: Node object_grasper connected to /stop_the_robot service.
[INFO] [1776029193.858248855] [object_grasper]: Node object_grasper connected to /switch_to_trajectory_mode service.
[INFO] [1776029193.862515742] [object_grasper]: Node object_grasper connected to /switch_to_position_mode service.
[INFO] [1776029193.864240229] [object_grasper]: Node object_grasper connected to /switch_to_navigation_mode service.
/home/willy/.local/lib/python3.10/site-packages/ikpy/urdf/URDF.py:261: UserWarning: Joint joint_mast is of type: fixed, but has an 'axis' attribute defined. This is not in the URDF spec and thus this axis is ignored
  warnings.warn("Joint {} is of type: fixed, but has an 'axis' attribute defined. This is not in the URDF spec and thus this axis is ignored".format(joint.attrib["name"]))
/home/willy/.local/lib/python3.10/site-packages/ikpy/urdf/URDF.py:261: UserWarning: Joint joint_arm_l4 is of type: fixed, but has an 'axis' attribute defined. This is not in the URDF spec and thus this axis is ignored
  warnings.warn("Joint {} is of type: fixed, but has an 'axis' attribute defined. This is not in the URDF spec and thus this axis is ignored".format(joint.attrib["name"]))
[INFO] [1776029194.014686226] [aruco_base_frame_estimator]: Node aruco_base_frame_estimator connected to /home_the_robot service.
[INFO] [1776029194.016408916] [aruco_base_frame_estimator]: Node aruco_base_frame_estimator connected to /stow_the_robot service.
[INFO] [1776029194.017769573] [aruco_base_frame_estimator]: Node aruco_base_frame_estimator connected to /stop_the_robot service.
[INFO] [1776029194.019183478] [aruco_base_frame_estimator]: Node aruco_base_frame_estimator connected to /switch_to_trajectory_mode service.
[INFO] [1776029194.020631116] [aruco_base_frame_estimator]: Node aruco_base_frame_estimator connected to /switch_to_position_mode service.
[INFO] [1776029194.022003131] [aruco_base_frame_estimator]: Node aruco_base_frame_estimator connected to /switch_to_navigation_mode service.
/home/willy/.local/lib/python3.10/site-packages/ikpy/urdf/URDF.py:261: UserWarning: Joint joint_wrist_yaw_bottom is of type: fixed, but has an 'axis' attribute defined. This is not in the URDF spec and thus this axis is ignored
  warnings.warn("Joint {} is of type: fixed, but has an 'axis' attribute defined. This is not in the URDF spec and thus this axis is ignored".format(joint.attrib["name"]))
[INFO] [1776029194.022428481] [aruco_base_frame_estimator]: Moving head camera to detection orientation...
[WARN] [1776029194.022765710] [aruco_base_frame_estimator]: Currently in  mode. Recommend switching either to position or trajectory mode
[WARN] [1776029194.023031411] [aruco_base_frame_estimator]: Commanding joint trajectory server in position mode
[stretch_driver-3] [0m[INFO] [1776029194.031870969] [stretch_driver]: Received goal request[0m
[stretch_driver-3] [0m[INFO] [1776029194.038044331] [stretch_driver]: stretch_driver joint_traj action: New trajectory received with joint_names = ['joint_head_pan', 'joint_head_tilt'][0m
/home/willy/.local/lib/python3.10/site-packages/ikpy/urdf/URDF.py:261: UserWarning: Joint joint_gripper_s3_body is of type: fixed, but has an 'axis' attribute defined. This is not in the URDF spec and thus this axis is ignored
  warnings.warn("Joint {} is of type: fixed, but has an 'axis' attribute defined. This is not in the URDF spec and thus this axis is ignored".format(joint.attrib["name"]))
/home/willy/.local/lib/python3.10/site-packages/ikpy/urdf/URDF.py:261: UserWarning: Joint joint_grasp_center is of type: fixed, but has an 'axis' attribute defined. This is not in the URDF spec and thus this axis is ignored
  warnings.warn("Joint {} is of type: fixed, but has an 'axis' attribute defined. This is not in the URDF spec and thus this axis is ignored".format(joint.attrib["name"]))
/home/willy/.local/lib/python3.10/site-packages/ikpy/chain.py:60: UserWarning: Link Base link (index: 0) is of type 'fixed' but set as active in the active_links_mask. In practice, this fixed link doesn't provide any transformation so is as it were inactive
  warnings.warn("Link {} (index: {}) is of type 'fixed' but set as active in the active_links_mask. In practice, this fixed link doesn't provide any transformation so is as it were inactive".format(link.name, link_index))
/home/willy/.local/lib/python3.10/site-packages/ikpy/chain.py:60: UserWarning: Link joint_mast (index: 2) is of type 'fixed' but set as active in the active_links_mask. In practice, this fixed link doesn't provide any transformation so is as it were inactive
  warnings.warn("Link {} (index: {}) is of type 'fixed' but set as active in the active_links_mask. In practice, this fixed link doesn't provide any transformation so is as it were inactive".format(link.name, link_index))
/home/willy/.local/lib/python3.10/site-packages/ikpy/chain.py:60: UserWarning: Link joint_arm_l4 (index: 4) is of type 'fixed' but set as active in the active_links_mask. In practice, this fixed link doesn't provide any transformation so is as it were inactive
  warnings.warn("Link {} (index: {}) is of type 'fixed' but set as active in the active_links_mask. In practice, this fixed link doesn't provide any transformation so is as it were inactive".format(link.name, link_index))
/home/willy/.local/lib/python3.10/site-packages/ikpy/chain.py:60: UserWarning: Link joint_wrist_yaw_bottom (index: 10) is of type 'fixed' but set as active in the active_links_mask. In practice, this fixed link doesn't provide any transformation so is as it were inactive
  warnings.warn("Link {} (index: {}) is of type 'fixed' but set as active in the active_links_mask. In practice, this fixed link doesn't provide any transformation so is as it were inactive".format(link.name, link_index))
/home/willy/.local/lib/python3.10/site-packages/ikpy/chain.py:60: UserWarning: Link joint_gripper_s3_body (index: 13) is of type 'fixed' but set as active in the active_links_mask. In practice, this fixed link doesn't provide any transformation so is as it were inactive
  warnings.warn("Link {} (index: {}) is of type 'fixed' but set as active in the active_links_mask. In practice, this fixed link doesn't provide any transformation so is as it were inactive".format(link.name, link_index))
/home/willy/.local/lib/python3.10/site-packages/ikpy/chain.py:60: UserWarning: Link joint_grasp_center (index: 14) is of type 'fixed' but set as active in the active_links_mask. In practice, this fixed link doesn't provide any transformation so is as it were inactive
  warnings.warn("Link {} (index: {}) is of type 'fixed' but set as active in the active_links_mask. In practice, this fixed link doesn't provide any transformation so is as it were inactive".format(link.name, link_index))
[INFO] [1776029194.068642516] [object_grasper]: ============================================================
[INFO] [1776029194.068981482] [object_grasper]: ObjectGrasper ready — waiting for ArUco detections
[INFO] [1776029194.069232826] [object_grasper]: Listening on: /aruco/target_base_link
[INFO] [1776029194.069478887] [object_grasper]: Call service: ros2 service call /grasp_object std_srvs/srv/Trigger {}
[INFO] [1776029194.069704814] [object_grasper]: ============================================================
[amcl-9] [INFO] [1776029194.108341631] [amcl]: createLaserObject
[amcl-9] [WARN] [1776029194.125458528] [amcl]: AMCL cannot publish a pose or update the transform. Please set the initial pose...
[controller_server-11] [INFO] [1776029194.216512358] [local_costmap.local_costmap]: start
[controller_server-11] [INFO] [1776029194.417663463] [controller_server]: Creating bond (controller_server) to lifecycle manager.
[lifecycle_manager-16] [INFO] [1776029194.521602574] [lifecycle_manager_navigation]: Server controller_server connected with bond.
[lifecycle_manager-16] [INFO] [1776029194.521674032] [lifecycle_manager_navigation]: [34m[1mActivating planner_server[0m[0m
[planner_server-12] [INFO] [1776029194.521976981] [planner_server]: Activating
[planner_server-12] [INFO] [1776029194.522045268] [global_costmap.global_costmap]: Activating
[planner_server-12] [INFO] [1776029194.522067896] [global_costmap.global_costmap]: Checking transform
[planner_server-12] [INFO] [1776029194.522115849] [global_costmap.global_costmap]: Timed out waiting for transform from base_link to map to become available, tf error: Invalid frame ID "map" passed to canTransform argument target_frame - frame does not exist
[stretch_driver-3] -------------------------------------------
[stretch_driver-3] Finished goal
[stretch_driver-3] [0m[INFO] [1776029194.835894793] [stretch_driver]: stretch_driver joint_traj action: Achieved all target points.[0m
[INFO] [1776029194.838945993] [aruco_base_frame_estimator]: Head camera at detection pose — starting ArUco detection.
[INFO] [1776029194.844495372] [aruco_base_frame_estimator]: Waiting for camera TF (base_link -> camera_color_optical_frame)...
[INFO] [1776029194.873599168] [aruco_base_frame_estimator]: Camera pose acquired:
[INFO] [1776029194.873873175] [aruco_base_frame_estimator]:   Position  : X=+0.0119  Y=-0.0515  Z=+1.2864  (m)
[INFO] [1776029194.874092719] [aruco_base_frame_estimator]:   RPY (deg) : R=-179.15  P=+59.02  Y=+96.75
[INFO] [1776029194.877158278] [aruco_base_frame_estimator]: ============================================================
[INFO] [1776029194.877390120] [aruco_base_frame_estimator]: ArUco Base Frame Estimator Started
[INFO] [1776029194.877586804] [aruco_base_frame_estimator]: Target Marker ID: 202
[INFO] [1776029194.877799857] [aruco_base_frame_estimator]: Marker size: 2.8 cm
[INFO] [1776029194.878006874] [aruco_base_frame_estimator]: Detection timeout: 0.0s (0 = live frames only)
[INFO] [1776029194.878192776] [aruco_base_frame_estimator]: Publishing target on: /aruco/target_base_link
[INFO] [1776029194.878425115] [aruco_base_frame_estimator]: ============================================================
[planner_server-12] [INFO] [1776029195.022174500] [global_costmap.global_costmap]: Timed out waiting for transform from base_link to map to become available, tf error: Invalid frame ID "map" passed to canTransform argument target_frame - frame does not exist
[planner_server-12] [INFO] [1776029195.522159132] [global_costmap.global_costmap]: Timed out waiting for transform from base_link to map to become available, tf error: Invalid frame ID "map" passed to canTransform argument target_frame - frame does not exist
[planner_server-12] [INFO] [1776029196.022170543] [global_costmap.global_costmap]: Timed out waiting for transform from base_link to map to become available, tf error: Invalid frame ID "map" passed to canTransform argument target_frame - frame does not exist
[amcl-9] [WARN] [1776029196.245532562] [amcl]: AMCL cannot publish a pose or update the transform. Please set the initial pose...
[rviz2-17] [INFO] [1776029196.470131937] [rviz2]: Trying to create a map of size 416 x 249 using 1 swatches
[planner_server-12] [INFO] [1776029196.522158586] [global_costmap.global_costmap]: Timed out waiting for transform from base_link to map to become available, tf error: Invalid frame ID "map" passed to canTransform argument target_frame - frame does not exist
[rviz2-17] [ERROR] [1776029196.729979489] [rviz2]: Vertex Program:rviz/glsl120/indexed_8bit_image.vert Fragment Program:rviz/glsl120/indexed_8bit_image.frag GLSL link result : 
[rviz2-17] active samplers with a different type refer to the same texture image unit
[realsense2_camera_node-1] [0m[INFO] [1776029196.732228723] [camera]: Device with serial number 239722071445 was found.
[realsense2_camera_node-1] [0m
[realsense2_camera_node-1] [0m[INFO] [1776029196.732316386] [camera]: Device with physical ID /sys/devices/pci0000:00/0000:00:0d.0/usb2/2-1/2-1:1.0/video4linux/video0 was found.[0m
[realsense2_camera_node-1] [0m[INFO] [1776029196.732327922] [camera]: Device with name Intel RealSense D435I was found.[0m
[realsense2_camera_node-1] [0m[INFO] [1776029196.732476537] [camera]: Device with port number 2-1 was found.[0m
[realsense2_camera_node-1] [0m[INFO] [1776029196.732488789] [camera]: Device USB type: 3.2[0m
[realsense2_camera_node-1] [0m[INFO] [1776029196.732779061] [camera]: getParameters...[0m
[planner_server-12] [INFO] [1776029197.022166089] [global_costmap.global_costmap]: Timed out waiting for transform from base_link to map to become available, tf error: Invalid frame ID "map" passed to canTransform argument target_frame - frame does not exist
[realsense2_camera_node-1] [0m[INFO] [1776029197.034682425] [camera]: JSON file is loaded! (/home/willy/ament_ws/install/stretch_core/share/stretch_core/config/HighAccuracyPreset.json)[0m
[realsense2_camera_node-1] [0m[INFO] [1776029197.034756279] [camera]: Device Name: Intel RealSense D435I[0m
[realsense2_camera_node-1] [0m[INFO] [1776029197.034765156] [camera]: Device Serial No: 239722071445[0m
[realsense2_camera_node-1] [0m[INFO] [1776029197.034771911] [camera]: Device physical port: /sys/devices/pci0000:00/0000:00:0d.0/usb2/2-1/2-1:1.0/video4linux/video0[0m
[realsense2_camera_node-1] [0m[INFO] [1776029197.034778191] [camera]: Device FW version: 5.16.0.1[0m
[realsense2_camera_node-1] [0m[INFO] [1776029197.034784501] [camera]: Device Product ID: 0x0B3A[0m
[realsense2_camera_node-1] [0m[INFO] [1776029197.034790367] [camera]: Sync Mode: On[0m
[realsense2_camera_node-1] [33m[WARN] [1776029197.137328152] [camera]: re-enable the stream for the change to take effect.[0m
[realsense2_camera_node-1] [33m[WARN] [1776029197.138157083] [camera]: re-enable the stream for the change to take effect.[0m
[realsense2_camera_node-1] [33m[WARN] [1776029197.145050781] [camera]: re-enable the stream for the change to take effect.[0m
[realsense2_camera_node-1] [31m[ERROR] [1776029197.146593023] [camera]: Given value, 63 is invalid. Set ROS param back to: 100[0m
[realsense2_camera_node-1] [0m[INFO] [1776029197.157880919] [camera]: Stopping Sensor: Depth Module[0m
[realsense2_camera_node-1] [0m[INFO] [1776029197.157952264] [camera]: Stopping Sensor: RGB Camera[0m
[realsense2_camera_node-1] [0m[INFO] [1776029197.157968491] [camera]: Stopping Sensor: Motion Module[0m
[realsense2_camera_node-1] [0m[INFO] [1776029197.177048242] [camera]: Starting Sensor: Depth Module[0m
[realsense2_camera_node-1] [0m[INFO] [1776029197.179600498] [camera]: Open profile: stream_type: Depth(0), Format: Z16, Width: 1280, Height: 720, FPS: 15[0m
[realsense2_camera_node-1] [0m[INFO] [1776029197.184850166] [camera]: Starting Sensor: RGB Camera[0m
[realsense2_camera_node-1] [0m[INFO] [1776029197.187400082] [camera]: Open profile: stream_type: Color(0), Format: RGB8, Width: 1280, Height: 720, FPS: 15[0m
[realsense2_camera_node-1] [0m[INFO] [1776029197.206326132] [camera]: Starting Sensor: Motion Module[0m
[realsense2_camera_node-1] [0m[INFO] [1776029197.207952595] [camera]: Open profile: stream_type: Accel(0)Format: MOTION_XYZ32F, FPS: 100[0m
[realsense2_camera_node-1] [0m[INFO] [1776029197.208011132] [camera]: Open profile: stream_type: Gyro(0)Format: MOTION_XYZ32F, FPS: 200[0m
[realsense2_camera_node-1] [0m[INFO] [1776029197.210146574] [camera]: RealSense Node Is Up![0m
[planner_server-12] [INFO] [1776029197.522160971] [global_costmap.global_costmap]: Timed out waiting for transform from base_link to map to become available, tf error: Invalid frame ID "map" passed to canTransform argument target_frame - frame does not exist
[INFO] [1776029197.884397176] [aruco_base_frame_estimator]: Saved: base_detections/frame_1776029197.jpg
[planner_server-12] [INFO] [1776029198.022162800] [global_costmap.global_costmap]: Timed out waiting for transform from base_link to map to become available, tf error: Invalid frame ID "map" passed to canTransform argument target_frame - frame does not exist
Camera ready!
Setting initial pose...
[amcl-9] [WARN] [1776029198.247795649] [amcl]: AMCL cannot publish a pose or update the transform. Please set the initial pose...
[planner_server-12] [INFO] [1776029198.522167306] [global_costmap.global_costmap]: Timed out waiting for transform from base_link to map to become available, tf error: Invalid frame ID "map" passed to canTransform argument target_frame - frame does not exist
[rviz2-17] [INFO] [1776029198.923536485] [rviz]: Message Filter dropping message: frame 'laser' at time 1776029194.956 for reason 'discarding message because the queue is full'
[rviz2-17] [INFO] [1776029198.923698763] [rviz]: Message Filter dropping message: frame 'odom' at time 1776029194.793 for reason 'discarding message because the queue is full'
[planner_server-12] [INFO] [1776029199.022245590] [global_costmap.global_costmap]: Timed out waiting for transform from base_link to map to become available, tf error: Invalid frame ID "map" passed to canTransform argument target_frame - frame does not exist
publisher: beginning loop
publishing #1: geometry_msgs.msg.PoseWithCovarianceStamped(header=std_msgs.msg.Header(stamp=builtin_interfaces.msg.Time(sec=0, nanosec=0), frame_id='map'), pose=geometry_msgs.msg.PoseWithCovariance(pose=geometry_msgs.msg.Pose(position=geometry_msgs.msg.Point(x=0.0, y=0.0, z=0.0), orientation=geometry_msgs.msg.Quaternion(x=0.0, y=0.0, z=0.0, w=1.0)), covariance=array([0.25, 0.  , 0.  , 0.  , 0.  , 0.  , 0.  , 0.25, 0.  , 0.  , 0.  ,
       0.  , 0.  , 0.  , 0.  , 0.  , 0.  , 0.  , 0.  , 0.  , 0.  , 0.  ,
       0.  , 0.  , 0.  , 0.  , 0.  , 0.  , 0.  , 0.  , 0.  , 0.  , 0.  ,
       0.  , 0.  , 0.07])))

[amcl-9] [INFO] [1776029199.462401012] [amcl]: initialPoseReceived
[amcl-9] [WARN] [1776029199.462865203] [amcl]: Failed to transform initial pose in time (Lookup would require extrapolation into the future.  Requested time 1776029199.462474 but the latest data is at time 1776029199.459349, when looking up transform from frame [base_footprint] to frame [odom])
[amcl-9] [INFO] [1776029199.462909414] [amcl]: Setting pose (1776029199.462909): 0.000 0.000 0.000
[planner_server-12] [INFO] [1776029199.522160267] [global_costmap.global_costmap]: Timed out waiting for transform from base_link to map to become available, tf error: Invalid frame ID "map" passed to canTransform argument target_frame - frame does not exist
Waiting for AMCL to localize...
[planner_server-12] [INFO] [1776029200.022230403] [global_costmap.global_costmap]: Timed out waiting for transform from base_link to map to become available, tf error: Lookup would require extrapolation into the past.  Requested time 1776029199.993321 but the earliest data is at time 1776029200.389579, when looking up transform from frame [base_link] to frame [map]
[planner_server-12] [INFO] [1776029200.522276773] [global_costmap.global_costmap]: start
[planner_server-12] [INFO] [1776029200.833029850] [global_costmap.global_costmap]: Message Filter dropping message: frame 'laser' at time 1776029200.385 for reason 'the timestamp on the message is earlier than all the data in the transform cache'
[rviz2-17] [INFO] [1776029200.858197278] [rviz2]: Trying to create a map of size 60 x 60 using 1 swatches
[INFO] [1776029200.934458832] [aruco_base_frame_estimator]: Saved: base_detections/frame_1776029200.jpg
AMCL localized!
=== All nodes ready. Writing flag: /tmp/stretch_nodes_ready ===
[rviz2-17] [INFO] [1776029201.476502196] [rviz]: Message Filter dropping message: frame 'laser' at time 1776029198.112 for reason 'discarding message because the queue is full'
[rviz2-17] [INFO] [1776029201.476618817] [rviz]: Message Filter dropping message: frame 'odom' at time 1776029197.992 for reason 'discarding message because the queue is full'
[planner_server-12] [INFO] [1776029201.573621411] [planner_server]: Activating plugin GridBased of type NavfnPlanner
[planner_server-12] [INFO] [1776029201.574610269] [planner_server]: Creating bond (planner_server) to lifecycle manager.
[lifecycle_manager-16] [INFO] [1776029201.678081418] [lifecycle_manager_navigation]: Server planner_server connected with bond.
[lifecycle_manager-16] [INFO] [1776029201.678140367] [lifecycle_manager_navigation]: [34m[1mActivating behavior_server[0m[0m
[behavior_server-13] [INFO] [1776029201.678404556] [behavior_server]: Activating
[behavior_server-13] [INFO] [1776029201.678444984] [behavior_server]: Activating spin
[behavior_server-13] [INFO] [1776029201.678464156] [behavior_server]: Activating backup
[behavior_server-13] [INFO] [1776029201.678478817] [behavior_server]: Activating drive_on_heading
[behavior_server-13] [INFO] [1776029201.678493213] [behavior_server]: Activating assisted_teleop
[behavior_server-13] [INFO] [1776029201.678507063] [behavior_server]: Activating wait
[behavior_server-13] [INFO] [1776029201.678523342] [behavior_server]: Creating bond (behavior_server) to lifecycle manager.
[lifecycle_manager-16] [INFO] [1776029201.781735351] [lifecycle_manager_navigation]: Server behavior_server connected with bond.
[lifecycle_manager-16] [INFO] [1776029201.781807190] [lifecycle_manager_navigation]: [34m[1mActivating bt_navigator[0m[0m
[bt_navigator-14] [INFO] [1776029201.782181789] [bt_navigator]: Activating
[bt_navigator-14] [INFO] [1776029201.837482268] [bt_navigator]: Creating bond (bt_navigator) to lifecycle manager.
[rviz2-17] [INFO] [1776029201.888402808] [rviz2]: Trying to create a map of size 416 x 249 using 1 swatches
[lifecycle_manager-16] [INFO] [1776029201.942050186] [lifecycle_manager_navigation]: Server bt_navigator connected with bond.
[lifecycle_manager-16] [INFO] [1776029201.942107790] [lifecycle_manager_navigation]: [34m[1mActivating waypoint_follower[0m[0m
[waypoint_follower-15] [INFO] [1776029201.942534300] [waypoint_follower]: Activating
[waypoint_follower-15] [INFO] [1776029201.942571346] [waypoint_follower]: Creating bond (waypoint_follower) to lifecycle manager.
[lifecycle_manager-16] [INFO] [1776029202.044924184] [lifecycle_manager_navigation]: Server waypoint_follower connected with bond.
[lifecycle_manager-16] [INFO] [1776029202.045013633] [lifecycle_manager_navigation]: [34m[1mManaged nodes are active[0m[0m
[lifecycle_manager-16] [INFO] [1776029202.045037646] [lifecycle_manager_navigation]: [34m[1mCreating bond timer...[0m[0m
[INFO] [1776029203.949734953] [aruco_base_frame_estimator]: Saved: base_detections/frame_1776029203.jpg
[rviz2-17] [INFO] [1776029204.814197837] [rviz]: Message Filter dropping message: frame 'odom' at time 1776029195.617 for reason 'the timestamp on the message is earlier than all the data in the transform cache'
[INFO] [1776029207.003559985] [aruco_base_frame_estimator]: Saved: base_detections/frame_1776029206.jpg
[rviz2-17] [INFO] [1776029207.349081912] [rviz]: Message Filter dropping message: frame 'odom' at time 1776029198.193 for reason 'the timestamp on the message is earlier than all the data in the transform cache'
[rviz2-17] [INFO] [1776029207.767286666] [rviz]: Message Filter dropping message: frame 'odom' at time 1776029198.617 for reason 'the timestamp on the message is earlier than all the data in the transform cache'
[INFO] [1776029210.150908213] [aruco_base_frame_estimator]: Saved: base_detections/frame_1776029210.jpg
[rviz2-17] Start navigation
[rviz2-17] [INFO] [1776029212.268285157] [rviz_navigation_dialog_action_client]: NavigateToPose will be called using the BT Navigator's default behavior tree.
[bt_navigator-14] [INFO] [1776029212.268815074] [bt_navigator]: Begin navigating from current location (0.01, -0.02) to (0.99, 1.11)
[controller_server-11] [INFO] [1776029212.279499143] [controller_server]: Received a goal, begin computing control effort.
[controller_server-11] [WARN] [1776029212.279565639] [controller_server]: No goal checker was specified in parameter 'current_goal_checker'. Server will use only plugin loaded general_goal_checker . This warning will appear once.
[INFO] [1776029213.225007376] [aruco_base_frame_estimator]: Saved: base_detections/frame_1776029213.jpg
[controller_server-11] [INFO] [1776029213.329800876] [controller_server]: Passing new path to controller.
[controller_server-11] [INFO] [1776029214.379794458] [controller_server]: Passing new path to controller.
[controller_server-11] [INFO] [1776029215.379815862] [controller_server]: Passing new path to controller.
[stretch_driver-3] [INFO] [robot_monitor]: Base bump event
[stretch_driver-3] [INFO] [robot_monitor]: Base bump event
[stretch_driver-3] [INFO] [robot_monitor]: Base bump event
[stretch_driver-3] [INFO] [robot_monitor]: Base bump event
[INFO] [1776029216.279366319] [aruco_base_frame_estimator]: Saved: base_detections/frame_1776029216.jpg
[stretch_driver-3] [INFO] [robot_monitor]: Wrist single tap: 12
[controller_server-11] [INFO] [1776029216.429796527] [controller_server]: Passing new path to controller.
[stretch_driver-3] [INFO] [robot_monitor]: Base bump event
[stretch_driver-3] [INFO] [robot_monitor]: Base bump event
[stretch_driver-3] [INFO] [robot_monitor]: Base bump event
[stretch_driver-3] [INFO] [robot_monitor]: Base bump event
[controller_server-11] [INFO] [1776029217.429795009] [controller_server]: Passing new path to controller.
[stretch_driver-3] [INFO] [robot_monitor]: Base bump event
[stretch_driver-3] [INFO] [robot_monitor]: Base bump event
[stretch_driver-3] [INFO] [robot_monitor]: Base bump event
[stretch_driver-3] [INFO] [robot_monitor]: Base bump event
[controller_server-11] [INFO] [1776029218.479786635] [controller_server]: Passing new path to controller.
[stretch_driver-3] [INFO] [robot_monitor]: Base bump event
[stretch_driver-3] [INFO] [robot_monitor]: Base bump event
[stretch_driver-3] [INFO] [robot_monitor]: Base bump event
[INFO] [1776029219.349439713] [aruco_base_frame_estimator]: Saved: base_detections/frame_1776029219.jpg
[stretch_driver-3] [INFO] [robot_monitor]: Base bump event
[stretch_driver-3] [INFO] [robot_monitor]: Base bump event
[controller_server-11] [INFO] [1776029219.529787627] [controller_server]: Passing new path to controller.
[controller_server-11] [INFO] [1776029220.529809971] [controller_server]: Passing new path to controller.
                                                                                                                                                                                                                                                                                                                            