=== launch_nodes.sh started at Thu Apr  9 05:43:18 PM EDT 2026 ===
Freeing robot process...
Done!
Checking if robot needs homing...
Robot not homed. Homing now (this may take ~30s)...
[WARNING] [wrist_yaw]: WARNING: Servo wrist_yaw in error state: overload_error. Reboot servo with stretch_robot_dynamixel_reboot.py
For use with S T R E T C H (R) from Hello Robot Inc.
---------------------------------------------------------------------

Dnamixel Com error: 
Unable to load URDF: /home/willy/.local/lib/python3.10/site-packages/stretch_urdf/RE2V0/stretch_description_RE2V0_tool_stretch_dex_wrist.urdf. Disabling collision system.
Homing complete.
Launching Nav2...
Launching D435i camera...
Launching ArUco detector...
Launching Grasper...
Waiting for Nav2 action server...
[INFO] [launch]: All log files can be found below /home/willy/.ros/log/2026-04-09-17-43-20-958087-stretch-re2-2204-17783
[INFO] [launch]: Default logging verbosity is set to INFO
[INFO] [launch]: All log files can be found below /home/willy/.ros/log/2026-04-09-17-43-21-139405-stretch-re2-2204-17784
[INFO] [launch]: Default logging verbosity is set to INFO
[INFO] [launch.user]: D435i launched in high resolution
[INFO] [realsense2_camera_node-1]: process started with pid [17892]
[INFO] [d435i_accel_correction-2]: process started with pid [17894]
[INFO] [1775771001.599056020] [aruco_base_frame_estimator]: aruco_base_frame_estimator started
[d435i_accel_correction-2] [INFO] [1775771001.739600945] [d435i_accel_correction_node]: d435i_accel_correction_node started
[realsense2_camera_node-1] [0m[INFO] [1775771001.861774099] [camera]: RealSense ROS v4.55.1[0m
[realsense2_camera_node-1] [0m[INFO] [1775771001.861895942] [camera]: Built with LibRealSense v2.56.4[0m
[realsense2_camera_node-1] [0m[INFO] [1775771001.861918893] [camera]: Running with LibRealSense v2.56.4[0m
Nav2 is up!
Waiting for D435i camera...
[realsense2_camera_node-1] [0m[INFO] [1775771001.883401705] [camera]: Device with serial number 239722071445 was found.
[realsense2_camera_node-1] [0m
[realsense2_camera_node-1] [0m[INFO] [1775771001.883500847] [camera]: Device with physical ID /sys/devices/pci0000:00/0000:00:0d.0/usb2/2-1/2-1:1.0/video4linux/video0 was found.[0m
[realsense2_camera_node-1] [0m[INFO] [1775771001.883518545] [camera]: Device with name Intel RealSense D435I was found.[0m
[realsense2_camera_node-1] [0m[INFO] [1775771001.883680437] [camera]: Device with port number 2-1 was found.[0m
[realsense2_camera_node-1] [0m[INFO] [1775771001.883702031] [camera]: Device USB type: 3.2[0m
[realsense2_camera_node-1] [0m[INFO] [1775771001.883714343] [camera]: Resetting device...[0m
[INFO] [stretch_driver-3]: process started with pid [18015]
[INFO] [joint_state_publisher-1]: process started with pid [18011]
[INFO] [robot_state_publisher-2]: process started with pid [18013]
[INFO] [sllidar_node-4]: process started with pid [18017]
[INFO] [scan_to_scan_filter_chain-5]: process started with pid [18019]
[INFO] [joy_node-6]: process started with pid [18021]
[INFO] [teleop_node-7]: process started with pid [18023]
[INFO] [map_server-8]: process started with pid [18025]
[INFO] [amcl-9]: process started with pid [18027]
[INFO] [lifecycle_manager-10]: process started with pid [18029]
[INFO] [controller_server-11]: process started with pid [18031]
[INFO] [planner_server-12]: process started with pid [18033]
[INFO] [behavior_server-13]: process started with pid [18035]
[INFO] [bt_navigator-14]: process started with pid [18037]
[INFO] [waypoint_follower-15]: process started with pid [18048]
[INFO] [lifecycle_manager-16]: process started with pid [18161]
[INFO] [rviz2-17]: process started with pid [18163]
[sllidar_node-4] [INFO] [1775771001.991016306] [sllidar_node]: SLLidar running on ROS2 package SLLidar.ROS2 SDK Version:1.0.1, SLLIDAR SDK Version:2.1.0
[sllidar_node-4] [INFO] [1775771001.999658712] [sllidar_node]: SLLidar S/N: C394ED93C0EA98C9A5E698F2564A4669
[sllidar_node-4] [INFO] [1775771001.999781716] [sllidar_node]: Firmware Ver: 1.29
[sllidar_node-4] [INFO] [1775771001.999794558] [sllidar_node]: Hardware Rev: 7
[sllidar_node-4] [INFO] [1775771002.001451751] [sllidar_node]: SLLidar health status : 0
[sllidar_node-4] [INFO] [1775771002.001595652] [sllidar_node]: SLLidar health status : OK.
[scan_to_scan_filter_chain-5] [INFO] [1775771002.012195452] [laser_filter]: In shadow configure done
[scan_to_scan_filter_chain-5] [WARN] [1775771002.020438209] [rcl.logging_rosout]: Publisher already registered for provided node name. If this is due to multiple nodes with the same name then all logs for that logger name will go out over the existing publisher. As soon as any node with that name is destructed it will unregister the publisher, preventing any further logs for that name from being published on the rosout topic.
[teleop_node-7] [INFO] [1775771002.027401662] [TeleopTwistJoy]: Teleop enable button 4.
[teleop_node-7] [INFO] [1775771002.027468516] [TeleopTwistJoy]: Linear axis x on 4 at scale 0.500000.
[teleop_node-7] [INFO] [1775771002.027484261] [TeleopTwistJoy]: Angular axis yaw on 3 at scale 0.500000.
[amcl-9] [INFO] [1775771002.026184596] [amcl]: 
[amcl-9] 	amcl lifecycle node launched. 
[amcl-9] 	Waiting on external lifecycle transitions to activate
[amcl-9] 	See https://design.ros2.org/articles/node_lifecycle.html for more information.
[amcl-9] [INFO] [1775771002.027129393] [amcl]: Creating
[lifecycle_manager-10] [INFO] [1775771002.009887460] [lifecycle_manager_localization]: Creating
[lifecycle_manager-10] [INFO] [1775771002.012070721] [lifecycle_manager_localization]: [34m[1mCreating and initializing lifecycle service clients[0m[0m
[controller_server-11] [INFO] [1775771002.018018182] [controller_server]: 
[controller_server-11] 	controller_server lifecycle node launched. 
[controller_server-11] 	Waiting on external lifecycle transitions to activate
[controller_server-11] 	See https://design.ros2.org/articles/node_lifecycle.html for more information.
[controller_server-11] [INFO] [1775771002.052747536] [controller_server]: Creating controller server
[planner_server-12] [INFO] [1775771002.013892047] [planner_server]: 
[planner_server-12] 	planner_server lifecycle node launched. 
[planner_server-12] 	Waiting on external lifecycle transitions to activate
[planner_server-12] 	See https://design.ros2.org/articles/node_lifecycle.html for more information.
[planner_server-12] [INFO] [1775771002.026289047] [planner_server]: Creating
[bt_navigator-14] [INFO] [1775771002.022411557] [bt_navigator]: 
[bt_navigator-14] 	bt_navigator lifecycle node launched. 
[bt_navigator-14] 	Waiting on external lifecycle transitions to activate
[bt_navigator-14] 	See https://design.ros2.org/articles/node_lifecycle.html for more information.
[bt_navigator-14] [INFO] [1775771002.022550643] [bt_navigator]: Creating
[waypoint_follower-15] [INFO] [1775771002.042498866] [waypoint_follower]: 
[waypoint_follower-15] 	waypoint_follower lifecycle node launched. 
[waypoint_follower-15] 	Waiting on external lifecycle transitions to activate
[waypoint_follower-15] 	See https://design.ros2.org/articles/node_lifecycle.html for more information.
[waypoint_follower-15] [INFO] [1775771002.043848497] [waypoint_follower]: Creating
[behavior_server-13] [INFO] [1775771002.052053487] [behavior_server]: 
[behavior_server-13] 	behavior_server lifecycle node launched. 
[behavior_server-13] 	Waiting on external lifecycle transitions to activate
[behavior_server-13] 	See https://design.ros2.org/articles/node_lifecycle.html for more information.
[map_server-8] [INFO] [1775771002.063713354] [map_server]: 
[map_server-8] 	map_server lifecycle node launched. 
[map_server-8] 	Waiting on external lifecycle transitions to activate
[map_server-8] 	See https://design.ros2.org/articles/node_lifecycle.html for more information.
[map_server-8] [INFO] [1775771002.063955325] [map_server]: Creating
[planner_server-12] [INFO] [1775771002.066238302] [global_costmap.global_costmap]: 
[planner_server-12] 	global_costmap lifecycle node launched. 
[planner_server-12] 	Waiting on external lifecycle transitions to activate
[planner_server-12] 	See https://design.ros2.org/articles/node_lifecycle.html for more information.
[planner_server-12] [INFO] [1775771002.067793613] [global_costmap.global_costmap]: Creating Costmap
[lifecycle_manager-16] [INFO] [1775771002.077365536] [lifecycle_manager_navigation]: Creating
[lifecycle_manager-16] [INFO] [1775771002.081295441] [lifecycle_manager_navigation]: [34m[1mCreating and initializing lifecycle service clients[0m[0m
[controller_server-11] [INFO] [1775771002.081504597] [local_costmap.local_costmap]: 
[controller_server-11] 	local_costmap lifecycle node launched. 
[controller_server-11] 	Waiting on external lifecycle transitions to activate
[controller_server-11] 	See https://design.ros2.org/articles/node_lifecycle.html for more information.
[controller_server-11] [INFO] [1775771002.083392162] [local_costmap.local_costmap]: Creating Costmap
[lifecycle_manager-16] [INFO] [1775771002.102719607] [lifecycle_manager_navigation]: [34m[1mStarting managed nodes bringup...[0m[0m
[lifecycle_manager-16] [INFO] [1775771002.102806118] [lifecycle_manager_navigation]: [34m[1mConfiguring controller_server[0m[0m
[lifecycle_manager-10] [INFO] [1775771002.177076766] [lifecycle_manager_localization]: [34m[1mStarting managed nodes bringup...[0m[0m
[lifecycle_manager-10] [INFO] [1775771002.177153614] [lifecycle_manager_localization]: [34m[1mConfiguring map_server[0m[0m
[map_server-8] [INFO] [1775771002.177823577] [map_server]: Configuring
[map_server-8] [INFO] [1775771002.177980433] [map_io]: Loading yaml file: /home/willy/stretch_user/maps/testing_map.yaml
[map_server-8] [INFO] [1775771002.178314124] [map_io]: resolution: 0.05
[map_server-8] [INFO] [1775771002.178329091] [map_io]: origin[0]: -11.5
[map_server-8] [INFO] [1775771002.178336875] [map_io]: origin[1]: -1.71
[map_server-8] [INFO] [1775771002.178343720] [map_io]: origin[2]: 0
[map_server-8] [INFO] [1775771002.178351339] [map_io]: free_thresh: 0.25
[map_server-8] [INFO] [1775771002.178358066] [map_io]: occupied_thresh: 0.65
[map_server-8] [INFO] [1775771002.178365405] [map_io]: mode: trinary
[map_server-8] [INFO] [1775771002.178373120] [map_io]: negate: 0
[map_server-8] [INFO] [1775771002.178573742] [map_io]: Loading image_file: /home/willy/stretch_user/maps/testing_map.pgm
[sllidar_node-4] [INFO] [1775771002.200328118] [sllidar_node]: current scan mode: Boost, sample rate: 8 Khz, max_distance: 12.0 m, scan frequency:10.0 Hz, 
[controller_server-11] [INFO] [1775771002.200388046] [controller_server]: Configuring controller interface
[controller_server-11] [INFO] [1775771002.201313279] [controller_server]: getting goal checker plugins..
[controller_server-11] [INFO] [1775771002.202015821] [controller_server]: Controller frequency set to 20.0000Hz
[controller_server-11] [INFO] [1775771002.202070270] [local_costmap.local_costmap]: Configuring
[map_server-8] [INFO] [1775771002.214427303] [map_io]: Read map /home/willy/stretch_user/maps/testing_map.pgm: 416 X 249 map @ 0.05 m/cell
[controller_server-11] [INFO] [1775771002.216994532] [local_costmap.local_costmap]: Using plugin "obstacle_layer"
[controller_server-11] [INFO] [1775771002.232519116] [local_costmap.local_costmap]: Subscribed to Topics: scan
[lifecycle_manager-10] [INFO] [1775771002.236001805] [lifecycle_manager_localization]: [34m[1mConfiguring amcl[0m[0m
[amcl-9] [INFO] [1775771002.238215426] [amcl]: Configuring
[amcl-9] [INFO] [1775771002.238353792] [amcl]: initTransforms
[controller_server-11] [INFO] [1775771002.242655434] [local_costmap.local_costmap]: Initialized plugin "obstacle_layer"
[controller_server-11] [INFO] [1775771002.242710516] [local_costmap.local_costmap]: Using plugin "voxel_layer"
[controller_server-11] [INFO] [1775771002.248397065] [local_costmap.local_costmap]: Subscribed to Topics: scan
[controller_server-11] [INFO] [1775771002.265973214] [local_costmap.local_costmap]: Initialized plugin "voxel_layer"
[controller_server-11] [INFO] [1775771002.266033129] [local_costmap.local_costmap]: Using plugin "inflation_layer"
[amcl-9] [INFO] [1775771002.267347122] [amcl]: initPubSub
[controller_server-11] [INFO] [1775771002.267621430] [local_costmap.local_costmap]: Initialized plugin "inflation_layer"
[amcl-9] [INFO] [1775771002.274299980] [amcl]: Subscribed to map topic.
[lifecycle_manager-10] [INFO] [1775771002.280185737] [lifecycle_manager_localization]: [34m[1mActivating map_server[0m[0m
[map_server-8] [INFO] [1775771002.280464079] [map_server]: Activating
[map_server-8] [INFO] [1775771002.280761238] [map_server]: Creating bond (map_server) to lifecycle manager.
[amcl-9] [INFO] [1775771002.281456230] [amcl]: Received a 416 X 249 map @ 0.050 m/pix
[controller_server-11] [INFO] [1775771002.285986124] [controller_server]: Created progress_checker : progress_checker of type nav2_controller::SimpleProgressChecker
[controller_server-11] [INFO] [1775771002.289280048] [controller_server]: Created goal checker : general_goal_checker of type nav2_controller::SimpleGoalChecker
[controller_server-11] [INFO] [1775771002.291682608] [controller_server]: Controller Server has general_goal_checker  goal checkers available.
[controller_server-11] [INFO] [1775771002.295378357] [controller_server]: Created controller : FollowPath of type dwb_core::DWBLocalPlanner
[controller_server-11] [INFO] [1775771002.300734066] [controller_server]: Setting transform_tolerance to 0.200000
[controller_server-11] [INFO] [1775771002.314190758] [controller_server]: Using critic "RotateToGoal" (dwb_critics::RotateToGoalCritic)
[controller_server-11] [INFO] [1775771002.316960287] [controller_server]: Critic plugin initialized
[controller_server-11] [INFO] [1775771002.317559631] [controller_server]: Using critic "Oscillation" (dwb_critics::OscillationCritic)
[controller_server-11] [INFO] [1775771002.320305654] [controller_server]: Critic plugin initialized
[controller_server-11] [INFO] [1775771002.320871824] [controller_server]: Using critic "BaseObstacle" (dwb_critics::BaseObstacleCritic)
[controller_server-11] [INFO] [1775771002.322030027] [controller_server]: Critic plugin initialized
[controller_server-11] [INFO] [1775771002.322576915] [controller_server]: Using critic "GoalAlign" (dwb_critics::GoalAlignCritic)
[controller_server-11] [INFO] [1775771002.323569089] [controller_server]: Critic plugin initialized
[controller_server-11] [INFO] [1775771002.323719812] [controller_server]: Using critic "PathAlign" (dwb_critics::PathAlignCritic)
[controller_server-11] [INFO] [1775771002.324039419] [controller_server]: Critic plugin initialized
[controller_server-11] [INFO] [1775771002.324165767] [controller_server]: Using critic "PathDist" (dwb_critics::PathDistCritic)
[controller_server-11] [INFO] [1775771002.324385236] [controller_server]: Critic plugin initialized
[controller_server-11] [INFO] [1775771002.324502277] [controller_server]: Using critic "GoalDist" (dwb_critics::GoalDistCritic)
[controller_server-11] [INFO] [1775771002.324734752] [controller_server]: Critic plugin initialized
[controller_server-11] [INFO] [1775771002.324853819] [controller_server]: Using critic "PreferForward" (dwb_critics::PreferForwardCritic)
[controller_server-11] [INFO] [1775771002.329352717] [controller_server]: Critic plugin initialized
[controller_server-11] [INFO] [1775771002.329405406] [controller_server]: Controller Server has FollowPath  controllers available.
[lifecycle_manager-16] [INFO] [1775771002.338735332] [lifecycle_manager_navigation]: [34m[1mConfiguring planner_server[0m[0m
[planner_server-12] [INFO] [1775771002.339204676] [planner_server]: Configuring
[planner_server-12] [INFO] [1775771002.339254213] [global_costmap.global_costmap]: Configuring
[planner_server-12] [INFO] [1775771002.352290680] [global_costmap.global_costmap]: Using plugin "static_layer"
[planner_server-12] [INFO] [1775771002.359432216] [global_costmap.global_costmap]: Subscribing to the map topic (/map) with transient local durability
[planner_server-12] [INFO] [1775771002.360203671] [global_costmap.global_costmap]: Initialized plugin "static_layer"
[planner_server-12] [INFO] [1775771002.360234202] [global_costmap.global_costmap]: Using plugin "obstacle_layer"
[planner_server-12] [INFO] [1775771002.360809148] [global_costmap.global_costmap]: Subscribed to Topics: scan
[planner_server-12] [INFO] [1775771002.372442476] [global_costmap.global_costmap]: Initialized plugin "obstacle_layer"
[planner_server-12] [INFO] [1775771002.372495689] [global_costmap.global_costmap]: Using plugin "voxel_layer"
[planner_server-12] [INFO] [1775771002.376098545] [global_costmap.global_costmap]: Subscribed to Topics: scan
[planner_server-12] [INFO] [1775771002.387019103] [global_costmap.global_costmap]: Initialized plugin "voxel_layer"
[planner_server-12] [INFO] [1775771002.387067202] [global_costmap.global_costmap]: Using plugin "inflation_layer"
[planner_server-12] [INFO] [1775771002.387754013] [global_costmap.global_costmap]: Initialized plugin "inflation_layer"
[lifecycle_manager-10] [INFO] [1775771002.390531347] [lifecycle_manager_localization]: Server map_server connected with bond.
[lifecycle_manager-10] [INFO] [1775771002.390593342] [lifecycle_manager_localization]: [34m[1mActivating amcl[0m[0m
[amcl-9] [INFO] [1775771002.390830529] [amcl]: Activating
[amcl-9] [INFO] [1775771002.390887307] [amcl]: Creating bond (amcl) to lifecycle manager.
[planner_server-12] [INFO] [1775771002.412248126] [planner_server]: Created global planner plugin GridBased of type nav2_navfn_planner/NavfnPlanner
[planner_server-12] [INFO] [1775771002.412314172] [planner_server]: Configuring plugin GridBased of type NavfnPlanner
[planner_server-12] [INFO] [1775771002.412247743] [global_costmap.global_costmap]: StaticLayer: Resizing costmap to 416 X 249 at 0.050000 m/pix
[planner_server-12] [INFO] [1775771002.418450007] [planner_server]: Planner Server has GridBased  planners available.
[lifecycle_manager-16] [INFO] [1775771002.445257802] [lifecycle_manager_navigation]: [34m[1mConfiguring behavior_server[0m[0m
[behavior_server-13] [INFO] [1775771002.445649351] [behavior_server]: Configuring
[behavior_server-13] [INFO] [1775771002.454997217] [behavior_server]: Creating behavior plugin spin of type nav2_behaviors/Spin
[behavior_server-13] [INFO] [1775771002.455879208] [behavior_server]: Configuring spin
[behavior_server-13] [INFO] [1775771002.460962136] [behavior_server]: Creating behavior plugin backup of type nav2_behaviors/BackUp
[behavior_server-13] [INFO] [1775771002.462164487] [behavior_server]: Configuring backup
[behavior_server-13] [INFO] [1775771002.465539561] [behavior_server]: Creating behavior plugin drive_on_heading of type nav2_behaviors/DriveOnHeading
[behavior_server-13] [INFO] [1775771002.467609688] [behavior_server]: Configuring drive_on_heading
[behavior_server-13] [INFO] [1775771002.471689374] [behavior_server]: Creating behavior plugin assisted_teleop of type nav2_behaviors/AssistedTeleop
[behavior_server-13] [INFO] [1775771002.474480481] [behavior_server]: Configuring assisted_teleop
[behavior_server-13] [INFO] [1775771002.480142260] [behavior_server]: Creating behavior plugin wait of type nav2_behaviors/Wait
[behavior_server-13] [INFO] [1775771002.481360262] [behavior_server]: Configuring wait
[lifecycle_manager-16] [INFO] [1775771002.485565288] [lifecycle_manager_navigation]: [34m[1mConfiguring bt_navigator[0m[0m
[bt_navigator-14] [INFO] [1775771002.485863486] [bt_navigator]: Configuring
[lifecycle_manager-10] [INFO] [1775771002.497689572] [lifecycle_manager_localization]: Server amcl connected with bond.
[lifecycle_manager-10] [INFO] [1775771002.497772435] [lifecycle_manager_localization]: [34m[1mManaged nodes are active[0m[0m
[lifecycle_manager-10] [INFO] [1775771002.497808998] [lifecycle_manager_localization]: [34m[1mCreating bond timer...[0m[0m
[lifecycle_manager-16] [INFO] [1775771002.538971927] [lifecycle_manager_navigation]: [34m[1mConfiguring waypoint_follower[0m[0m
[waypoint_follower-15] [INFO] [1775771002.539219699] [waypoint_follower]: Configuring
[waypoint_follower-15] [INFO] [1775771002.545644477] [waypoint_follower]: Created waypoint_task_executor : wait_at_waypoint of type nav2_waypoint_follower::WaitAtWaypoint
[lifecycle_manager-16] [INFO] [1775771002.546655030] [lifecycle_manager_navigation]: [34m[1mActivating controller_server[0m[0m
[controller_server-11] [INFO] [1775771002.546845588] [controller_server]: Activating
[controller_server-11] [INFO] [1775771002.546902120] [local_costmap.local_costmap]: Activating
[controller_server-11] [INFO] [1775771002.546930405] [local_costmap.local_costmap]: Checking transform
[controller_server-11] [INFO] [1775771002.547016457] [local_costmap.local_costmap]: Timed out waiting for transform from base_link to odom to become available, tf error: Invalid frame ID "odom" passed to canTransform argument target_frame - frame does not exist
[joy_node-6] [INFO] [1775771002.547917501] [joy_node]: Opened joystick: Controller 1.05.  deadzone: 0.050000
[INFO] [1775771002.832726321] [object_grasper]: object_grasper started
[scan_to_scan_filter_chain-5] [WARN] [1775771003.007879444] [laser_filter]: diagnostic_updater: No HW_ID was set. This is probably a bug. Please report it. For devices that do not have a HW_ID, set this value to 'none'. This warning only occurs once all diagnostics are OK. It is okay to wait until the device is open before calling setHardwareID.
[controller_server-11] [INFO] [1775771003.047178181] [local_costmap.local_costmap]: Timed out waiting for transform from base_link to odom to become available, tf error: Invalid frame ID "odom" passed to canTransform argument target_frame - frame does not exist
[stretch_driver-3] [0m[INFO] [1775771003.239457937] [stretch_driver]: For use with S T R E T C H (TM) RESEARCH EDITION from Hello Robot Inc.[0m
[stretch_driver-3] [0m[INFO] [1775771003.239717193] [stretch_driver]: stretch_driver started[0m
[controller_server-11] [INFO] [1775771003.547074076] [local_costmap.local_costmap]: Timed out waiting for transform from base_link to odom to become available, tf error: Invalid frame ID "odom" passed to canTransform argument target_frame - frame does not exist
[stretch_driver-3] [WARNING] [wrist_yaw]: WARNING: Servo wrist_yaw in error state: overload_error. Reboot servo with stretch_robot_dynamixel_reboot.py
[stretch_driver-3] Dnamixel Com error: 
[stretch_driver-3] [31m[FATAL] [1775771003.958338087] [stretch_driver]: Robot startup failed.[0m
[stretch_driver-3] Unable to load URDF: /home/willy/.local/lib/python3.10/site-packages/stretch_urdf/RE2V0/stretch_description_RE2V0_tool_stretch_dex_wrist.urdf. Disabling collision system.
[controller_server-11] [INFO] [1775771004.047103360] [local_costmap.local_costmap]: Timed out waiting for transform from base_link to odom to become available, tf error: Invalid frame ID "odom" passed to canTransform argument target_frame - frame does not exist
[rviz2-17] [INFO] [1775771004.431722016] [rviz2]: Stereo is NOT SUPPORTED
[rviz2-17] [INFO] [1775771004.431801437] [rviz2]: OpenGl version: 4.5 (GLSL 4.5)
[controller_server-11] [INFO] [1775771004.547126709] [local_costmap.local_costmap]: Timed out waiting for transform from base_link to odom to become available, tf error: Invalid frame ID "odom" passed to canTransform argument target_frame - frame does not exist
[INFO] [stretch_driver-3]: process has finished cleanly [pid 18015]
[amcl-9] [INFO] [1775771004.599809272] [amcl]: Message Filter dropping message: frame 'laser' at time 1775771002.200 for reason 'the timestamp on the message is earlier than all the data in the transform cache'
[rviz2-17] [INFO] [1775771004.726293277] [rviz2]: Stereo is NOT SUPPORTED
[amcl-9] [WARN] [1775771004.784076166] [amcl]: New subscription discovered on topic '/particle_cloud', requesting incompatible QoS. No messages will be sent to it. Last incompatible policy: RELIABILITY_QOS_POLICY
[controller_server-11] [INFO] [1775771005.047097749] [local_costmap.local_costmap]: Timed out waiting for transform from base_link to odom to become available, tf error: Invalid frame ID "odom" passed to canTransform argument target_frame - frame does not exist
[controller_server-11] [INFO] [1775771005.547096050] [local_costmap.local_costmap]: Timed out waiting for transform from base_link to odom to become available, tf error: Invalid frame ID "odom" passed to canTransform argument target_frame - frame does not exist
[controller_server-11] [INFO] [1775771006.047086878] [local_costmap.local_costmap]: Timed out waiting for transform from base_link to odom to become available, tf error: Invalid frame ID "odom" passed to canTransform argument target_frame - frame does not exist
[controller_server-11] [INFO] [1775771006.547065066] [local_costmap.local_costmap]: Timed out waiting for transform from base_link to odom to become available, tf error: Invalid frame ID "odom" passed to canTransform argument target_frame - frame does not exist
[controller_server-11] [INFO] [1775771007.047069948] [local_costmap.local_costmap]: Timed out waiting for transform from base_link to odom to become available, tf error: Invalid frame ID "odom" passed to canTransform argument target_frame - frame does not exist
[rviz2-17] [INFO] [1775771007.134894372] [rviz2]: Trying to create a map of size 416 x 249 using 1 swatches
[amcl-9] [INFO] [1775771007.166934892] [amcl]: Message Filter dropping message: frame 'laser' at time 1775771006.031 for reason 'the timestamp on the message is earlier than all the data in the transform cache'
[rviz2-17] [ERROR] [1775771007.294318123] [rviz2]: Vertex Program:rviz/glsl120/indexed_8bit_image.vert Fragment Program:rviz/glsl120/indexed_8bit_image.frag GLSL link result : 
[rviz2-17] active samplers with a different type refer to the same texture image unit
[controller_server-11] [INFO] [1775771007.547063981] [local_costmap.local_costmap]: Timed out waiting for transform from base_link to odom to become available, tf error: Invalid frame ID "odom" passed to canTransform argument target_frame - frame does not exist
[realsense2_camera_node-1] [0m[INFO] [1775771007.927866396] [camera]: Device with serial number 239722071445 was found.
[realsense2_camera_node-1] [0m
[realsense2_camera_node-1] [0m[INFO] [1775771007.928016621] [camera]: Device with physical ID /sys/devices/pci0000:00/0000:00:0d.0/usb2/2-1/2-1:1.0/video4linux/video0 was found.[0m
[realsense2_camera_node-1] [0m[INFO] [1775771007.928044654] [camera]: Device with name Intel RealSense D435I was found.[0m
[realsense2_camera_node-1] [0m[INFO] [1775771007.928426915] [camera]: Device with port number 2-1 was found.[0m
[realsense2_camera_node-1] [0m[INFO] [1775771007.928457227] [camera]: Device USB type: 3.2[0m
[realsense2_camera_node-1] [0m[INFO] [1775771007.928576703] [camera]: getParameters...[0m
[controller_server-11] [INFO] [1775771008.047068069] [local_costmap.local_costmap]: Timed out waiting for transform from base_link to odom to become available, tf error: Invalid frame ID "odom" passed to canTransform argument target_frame - frame does not exist
[realsense2_camera_node-1] [0m[INFO] [1775771008.281820945] [camera]: JSON file is loaded! (/home/willy/ament_ws/install/stretch_core/share/stretch_core/config/HighAccuracyPreset.json)[0m
[realsense2_camera_node-1] [0m[INFO] [1775771008.281889572] [camera]: Device Name: Intel RealSense D435I[0m
[realsense2_camera_node-1] [0m[INFO] [1775771008.281898455] [camera]: Device Serial No: 239722071445[0m
[realsense2_camera_node-1] [0m[INFO] [1775771008.281905696] [camera]: Device physical port: /sys/devices/pci0000:00/0000:00:0d.0/usb2/2-1/2-1:1.0/video4linux/video0[0m
[realsense2_camera_node-1] [0m[INFO] [1775771008.281917590] [camera]: Device FW version: 5.16.0.1[0m
[realsense2_camera_node-1] [0m[INFO] [1775771008.281924944] [camera]: Device Product ID: 0x0B3A[0m
[realsense2_camera_node-1] [0m[INFO] [1775771008.281931029] [camera]: Sync Mode: On[0m
[realsense2_camera_node-1] [33m[WARN] [1775771008.424897206] [camera]: re-enable the stream for the change to take effect.[0m
[realsense2_camera_node-1] [33m[WARN] [1775771008.425898169] [camera]: re-enable the stream for the change to take effect.[0m
[realsense2_camera_node-1] [33m[WARN] [1775771008.434907707] [camera]: re-enable the stream for the change to take effect.[0m
[realsense2_camera_node-1] [31m[ERROR] [1775771008.435958446] [camera]: Given value, 63 is invalid. Set ROS param back to: 100[0m
[realsense2_camera_node-1] [0m[INFO] [1775771008.446903483] [camera]: Stopping Sensor: Depth Module[0m
[realsense2_camera_node-1] [0m[INFO] [1775771008.446991433] [camera]: Stopping Sensor: RGB Camera[0m
[realsense2_camera_node-1] [0m[INFO] [1775771008.447009651] [camera]: Stopping Sensor: Motion Module[0m
[realsense2_camera_node-1] [0m[INFO] [1775771008.457506075] [camera]: Starting Sensor: Depth Module[0m
[realsense2_camera_node-1] [0m[INFO] [1775771008.470738399] [camera]: Open profile: stream_type: Depth(0), Format: Z16, Width: 1280, Height: 720, FPS: 15[0m
[realsense2_camera_node-1] [0m[INFO] [1775771008.478591773] [camera]: Starting Sensor: RGB Camera[0m
[realsense2_camera_node-1] [0m[INFO] [1775771008.481445483] [camera]: Open profile: stream_type: Color(0), Format: RGB8, Width: 1280, Height: 720, FPS: 15[0m
[realsense2_camera_node-1] [0m[INFO] [1775771008.504433852] [camera]: Starting Sensor: Motion Module[0m
[realsense2_camera_node-1] [0m[INFO] [1775771008.508236048] [camera]: Open profile: stream_type: Accel(0)Format: MOTION_XYZ32F, FPS: 100[0m
[realsense2_camera_node-1] [0m[INFO] [1775771008.508384482] [camera]: Open profile: stream_type: Gyro(0)Format: MOTION_XYZ32F, FPS: 200[0m
[realsense2_camera_node-1] [0m[INFO] [1775771008.510928861] [camera]: RealSense Node Is Up![0m
[controller_server-11] [INFO] [1775771008.547061252] [local_costmap.local_costmap]: Timed out waiting for transform from base_link to odom to become available, tf error: Invalid frame ID "odom" passed to canTransform argument target_frame - frame does not exist
[controller_server-11] [INFO] [1775771009.047069077] [local_costmap.local_costmap]: Timed out waiting for transform from base_link to odom to become available, tf error: Invalid frame ID "odom" passed to canTransform argument target_frame - frame does not exist
[realsense2_camera_node-1] [33m[WARN] [1775771009.458004958] [camera]: XXX Hardware Notification:Motion Module failure,1.77577e+12,Error,Hardware Error[0m
[realsense2_camera_node-1] [33m[WARN] [1775771009.458089184] [camera]: Hardware Notification:Motion Module failure,1.77577e+12,Error,Hardware Error[0m
[rviz2-17] [INFO] [1775771009.474444883] [rviz]: Message Filter dropping message: frame 'laser' at time 1775771005.761 for reason 'discarding message because the queue is full'
[controller_server-11] [INFO] [1775771009.547174465] [local_costmap.local_costmap]: Timed out waiting for transform from base_link to odom to become available, tf error: Invalid frame ID "odom" passed to canTransform argument target_frame - frame does not exist
[amcl-9] [INFO] [1775771009.733662770] [amcl]: Message Filter dropping message: frame 'laser' at time 1775771008.598 for reason 'the timestamp on the message is earlier than all the data in the transform cache'
Camera ready!
Setting initial pose...
[controller_server-11] [INFO] [1775771010.047098777] [local_costmap.local_costmap]: Timed out waiting for transform from base_link to odom to become available, tf error: Invalid frame ID "odom" passed to canTransform argument target_frame - frame does not exist
[controller_server-11] [INFO] [1775771010.547064451] [local_costmap.local_costmap]: Timed out waiting for transform from base_link to odom to become available, tf error: Invalid frame ID "odom" passed to canTransform argument target_frame - frame does not exist
[controller_server-11] [INFO] [1775771011.047079822] [local_costmap.local_costmap]: Timed out waiting for transform from base_link to odom to become available, tf error: Invalid frame ID "odom" passed to canTransform argument target_frame - frame does not exist
publisher: beginning loop
publishing #1: geometry_msgs.msg.PoseWithCovarianceStamped(header=std_msgs.msg.Header(stamp=builtin_interfaces.msg.Time(sec=0, nanosec=0), frame_id='map'), pose=geometry_msgs.msg.PoseWithCovariance(pose=geometry_msgs.msg.Pose(position=geometry_msgs.msg.Point(x=0.0, y=0.0, z=0.0), orientation=geometry_msgs.msg.Quaternion(x=0.0, y=0.0, z=0.0, w=1.0)), covariance=array([0.25, 0.  , 0.  , 0.  , 0.  , 0.  , 0.  , 0.25, 0.  , 0.  , 0.  ,
       0.  , 0.  , 0.  , 0.  , 0.  , 0.  , 0.  , 0.  , 0.  , 0.  , 0.  ,
       0.  , 0.  , 0.  , 0.  , 0.  , 0.  , 0.  , 0.  , 0.  , 0.  , 0.  ,
       0.  , 0.  , 0.07])))

[amcl-9] [INFO] [1775771011.181097149] [amcl]: initialPoseReceived
[amcl-9] [INFO] [1775771011.181242003] [amcl]: Setting pose (1775771011.181242): 0.000 0.000 0.000
[controller_server-11] [INFO] [1775771011.547081623] [local_costmap.local_costmap]: Timed out waiting for transform from base_link to odom to become available, tf error: Invalid frame ID "odom" passed to canTransform argument target_frame - frame does not exist
Waiting for AMCL to localize...
[controller_server-11] [INFO] [1775771012.047175352] [local_costmap.local_costmap]: Timed out waiting for transform from base_link to odom to become available, tf error: Invalid frame ID "odom" passed to canTransform argument target_frame - frame does not exist
[rviz2-17] [INFO] [1775771012.105380576] [rviz]: Message Filter dropping message: frame 'laser' at time 1775771009.139 for reason 'discarding message because the queue is full'
[amcl-9] [INFO] [1775771012.300545724] [amcl]: Message Filter dropping message: frame 'laser' at time 1775771011.165 for reason 'the timestamp on the message is earlier than all the data in the transform cache'
[controller_server-11] [INFO] [1775771012.547172196] [local_costmap.local_costmap]: Timed out waiting for transform from base_link to odom to become available, tf error: Invalid frame ID "odom" passed to canTransform argument target_frame - frame does not exist
[controller_server-11] [INFO] [1775771013.047144243] [local_costmap.local_costmap]: Timed out waiting for transform from base_link to odom to become available, tf error: Invalid frame ID "odom" passed to canTransform argument target_frame - frame does not exist
[controller_server-11] [INFO] [1775771013.547169439] [local_costmap.local_costmap]: Timed out waiting for transform from base_link to odom to become available, tf error: Invalid frame ID "odom" passed to canTransform argument target_frame - frame does not exist
[controller_server-11] [INFO] [1775771014.047073197] [local_costmap.local_costmap]: Timed out waiting for transform from base_link to odom to become available, tf error: Invalid frame ID "odom" passed to canTransform argument target_frame - frame does not exist
[controller_server-11] [INFO] [1775771014.547094692] [local_costmap.local_costmap]: Timed out waiting for transform from base_link to odom to become available, tf error: Invalid frame ID "odom" passed to canTransform argument target_frame - frame does not exist
[rviz2-17] [INFO] [1775771014.655822702] [rviz]: Message Filter dropping message: frame 'laser' at time 1775771011.976 for reason 'discarding message because the queue is full'
[amcl-9] [INFO] [1775771014.868082836] [amcl]: Message Filter dropping message: frame 'laser' at time 1775771013.732 for reason 'the timestamp on the message is earlier than all the data in the transform cache'
[controller_server-11] [INFO] [1775771015.047099134] [local_costmap.local_costmap]: Timed out waiting for transform from base_link to odom to become available, tf error: Invalid frame ID "odom" passed to canTransform argument target_frame - frame does not exist
[controller_server-11] [INFO] [1775771015.547074632] [local_costmap.local_costmap]: Timed out waiting for transform from base_link to odom to become available, tf error: Invalid frame ID "odom" passed to canTransform argument target_frame - frame does not exist
[controller_server-11] [INFO] [1775771016.047117536] [local_costmap.local_costmap]: Timed out waiting for transform from base_link to odom to become available, tf error: Invalid frame ID "odom" passed to canTransform argument target_frame - frame does not exist
[controller_server-11] [INFO] [1775771016.547064713] [local_costmap.local_costmap]: Timed out waiting for transform from base_link to odom to become available, tf error: Invalid frame ID "odom" passed to canTransform argument target_frame - frame does not exist
[controller_server-11] [INFO] [1775771017.047152732] [local_costmap.local_costmap]: Timed out waiting for transform from base_link to odom to become available, tf error: Invalid frame ID "odom" passed to canTransform argument target_frame - frame does not exist
[rviz2-17] [INFO] [1775771017.316895087] [rviz]: Message Filter dropping message: frame 'laser' at time 1775771014.544 for reason 'discarding message because the queue is full'
[amcl-9] [INFO] [1775771017.410178772] [amcl]: Message Filter dropping message: frame 'laser' at time 1775771016.275 for reason 'the timestamp on the message is earlier than all the data in the transform cache'
[controller_server-11] [INFO] [1775771017.547065177] [local_costmap.local_costmap]: Timed out waiting for transform from base_link to odom to become available, tf error: Invalid frame ID "odom" passed to canTransform argument target_frame - frame does not exist
[controller_server-11] [INFO] [1775771018.047106796] [local_costmap.local_costmap]: Timed out waiting for transform from base_link to odom to become available, tf error: Invalid frame ID "odom" passed to canTransform argument target_frame - frame does not exist
[controller_server-11] [INFO] [1775771018.547057518] [local_costmap.local_costmap]: Timed out waiting for transform from base_link to odom to become available, tf error: Invalid frame ID "odom" passed to canTransform argument target_frame - frame does not exist
[controller_server-11] [INFO] [1775771019.047065261] [local_costmap.local_costmap]: Timed out waiting for transform from base_link to odom to become available, tf error: Invalid frame ID "odom" passed to canTransform argument target_frame - frame does not exist
[controller_server-11] [INFO] [1775771019.547164674] [local_costmap.local_costmap]: Timed out waiting for transform from base_link to odom to become available, tf error: Invalid frame ID "odom" passed to canTransform argument target_frame - frame does not exist
[rviz2-17] [INFO] [1775771019.925623730] [rviz]: Message Filter dropping message: frame 'laser' at time 1775771017.221 for reason 'discarding message because the queue is full'
[amcl-9] [INFO] [1775771019.964903636] [amcl]: Message Filter dropping message: frame 'laser' at time 1775771018.830 for reason 'the timestamp on the message is earlier than all the data in the transform cache'
[controller_server-11] [INFO] [1775771020.047134383] [local_costmap.local_costmap]: Timed out waiting for transform from base_link to odom to become available, tf error: Invalid frame ID "odom" passed to canTransform argument target_frame - frame does not exist
[controller_server-11] [INFO] [1775771020.547971764] [local_costmap.local_costmap]: Timed out waiting for transform from base_link to odom to become available, tf error: Invalid frame ID "odom" passed to canTransform argument target_frame - frame does not exist
[controller_server-11] [INFO] [1775771021.047182318] [local_costmap.local_costmap]: Timed out waiting for transform from base_link to odom to become available, tf error: Invalid frame ID "odom" passed to canTransform argument target_frame - frame does not exist
[controller_server-11] [INFO] [1775771021.547068216] [local_costmap.local_costmap]: Timed out waiting for transform from base_link to odom to become available, tf error: Invalid frame ID "odom" passed to canTransform argument target_frame - frame does not exist
[controller_server-11] [INFO] [1775771022.047173153] [local_costmap.local_costmap]: Timed out waiting for transform from base_link to odom to become available, tf error: Invalid frame ID "odom" passed to canTransform argument target_frame - frame does not exist
[amcl-9] [INFO] [1775771022.531622243] [amcl]: Message Filter dropping message: frame 'laser' at time 1775771021.396 for reason 'the timestamp on the message is earlier than all the data in the transform cache'
[controller_server-11] [INFO] [1775771022.547178069] [local_costmap.local_costmap]: Timed out waiting for transform from base_link to odom to become available, tf error: Invalid frame ID "odom" passed to canTransform argument target_frame - frame does not exist
[rviz2-17] [INFO] [1775771022.653331723] [rviz]: Message Filter dropping message: frame 'laser' at time 1775771019.910 for reason 'discarding message because the queue is full'
[controller_server-11] [INFO] [1775771023.047098521] [local_costmap.local_costmap]: Timed out waiting for transform from base_link to odom to become available, tf error: Invalid frame ID "odom" passed to canTransform argument target_frame - frame does not exist
[controller_server-11] [INFO] [1775771023.547062205] [local_costmap.local_costmap]: Timed out waiting for transform from base_link to odom to become available, tf error: Invalid frame ID "odom" passed to canTransform argument target_frame - frame does not exist
[controller_server-11] [INFO] [1775771024.047119527] [local_costmap.local_costmap]: Timed out waiting for transform from base_link to odom to become available, tf error: Invalid frame ID "odom" passed to canTransform argument target_frame - frame does not exist
[controller_server-11] [INFO] [1775771024.547067541] [local_costmap.local_costmap]: Timed out waiting for transform from base_link to odom to become available, tf error: Invalid frame ID "odom" passed to canTransform argument target_frame - frame does not exist
[controller_server-11] [INFO] [1775771025.047069008] [local_costmap.local_costmap]: Timed out waiting for transform from base_link to odom to become available, tf error: Invalid frame ID "odom" passed to canTransform argument target_frame - frame does not exist
[amcl-9] [INFO] [1775771025.086866106] [amcl]: Message Filter dropping message: frame 'laser' at time 1775771023.951 for reason 'the timestamp on the message is earlier than all the data in the transform cache'
[rviz2-17] [INFO] [1775771025.285838881] [rviz]: Message Filter dropping message: frame 'laser' at time 1775771022.465 for reason 'discarding message because the queue is full'
[controller_server-11] [INFO] [1775771025.547067825] [local_costmap.local_costmap]: Timed out waiting for transform from base_link to odom to become available, tf error: Invalid frame ID "odom" passed to canTransform argument target_frame - frame does not exist
[controller_server-11] [INFO] [1775771026.047082429] [local_costmap.local_costmap]: Timed out waiting for transform from base_link to odom to become available, tf error: Invalid frame ID "odom" passed to canTransform argument target_frame - frame does not exist
[controller_server-11] [INFO] [1775771026.547069707] [local_costmap.local_costmap]: Timed out waiting for transform from base_link to odom to become available, tf error: Invalid frame ID "odom" passed to canTransform argument target_frame - frame does not exist
[controller_server-11] [INFO] [1775771027.047104018] [local_costmap.local_costmap]: Timed out waiting for transform from base_link to odom to become available, tf error: Invalid frame ID "odom" passed to canTransform argument target_frame - frame does not exist
[controller_server-11] [INFO] [1775771027.547060347] [local_costmap.local_costmap]: Timed out waiting for transform from base_link to odom to become available, tf error: Invalid frame ID "odom" passed to canTransform argument target_frame - frame does not exist
[amcl-9] [INFO] [1775771027.642281769] [amcl]: Message Filter dropping message: frame 'laser' at time 1775771026.506 for reason 'the timestamp on the message is earlier than all the data in the transform cache'
[rviz2-17] [INFO] [1775771027.964908784] [rviz]: Message Filter dropping message: frame 'laser' at time 1775771025.155 for reason 'discarding message because the queue is full'
[controller_server-11] [INFO] [1775771028.047102109] [local_costmap.local_costmap]: Timed out waiting for transform from base_link to odom to become available, tf error: Invalid frame ID "odom" passed to canTransform argument target_frame - frame does not exist
[controller_server-11] [INFO] [1775771028.547056374] [local_costmap.local_costmap]: Timed out waiting for transform from base_link to odom to become available, tf error: Invalid frame ID "odom" passed to canTransform argument target_frame - frame does not exist
[controller_server-11] [INFO] [1775771029.047184638] [local_costmap.local_costmap]: Timed out waiting for transform from base_link to odom to become available, tf error: Invalid frame ID "odom" passed to canTransform argument target_frame - frame does not exist
[controller_server-11] [INFO] [1775771029.547064164] [local_costmap.local_costmap]: Timed out waiting for transform from base_link to odom to become available, tf error: Invalid frame ID "odom" passed to canTransform argument target_frame - frame does not exist
[controller_server-11] [INFO] [1775771030.047196976] [local_costmap.local_costmap]: Timed out waiting for transform from base_link to odom to become available, tf error: Invalid frame ID "odom" passed to canTransform argument target_frame - frame does not exist
[amcl-9] [INFO] [1775771030.208034405] [amcl]: Message Filter dropping message: frame 'laser' at time 1775771029.073 for reason 'the timestamp on the message is earlier than all the data in the transform cache'
[controller_server-11] [INFO] [1775771030.547127765] [local_costmap.local_costmap]: Timed out waiting for transform from base_link to odom to become available, tf error: Invalid frame ID "odom" passed to canTransform argument target_frame - frame does not exist
[rviz2-17] [INFO] [1775771030.561062785] [rviz]: Message Filter dropping message: frame 'laser' at time 1775771027.858 for reason 'discarding message because the queue is full'
[controller_server-11] [INFO] [1775771031.047097251] [local_costmap.local_costmap]: Timed out waiting for transform from base_link to odom to become available, tf error: Invalid frame ID "odom" passed to canTransform argument target_frame - frame does not exist
[controller_server-11] [INFO] [1775771031.547064004] [local_costmap.local_costmap]: Timed out waiting for transform from base_link to odom to become available, tf error: Invalid frame ID "odom" passed to canTransform argument target_frame - frame does not exist
[controller_server-11] [INFO] [1775771032.047172693] [local_costmap.local_costmap]: Timed out waiting for transform from base_link to odom to become available, tf error: Invalid frame ID "odom" passed to canTransform argument target_frame - frame does not exist
[controller_server-11] [INFO] [1775771032.547208822] [local_costmap.local_costmap]: Timed out waiting for transform from base_link to odom to become available, tf error: Invalid frame ID "odom" passed to canTransform argument target_frame - frame does not exist
[amcl-9] [INFO] [1775771032.789068543] [amcl]: Message Filter dropping message: frame 'laser' at time 1775771031.653 for reason 'the timestamp on the message is earlier than all the data in the transform cache'
[controller_server-11] [INFO] [1775771033.047181106] [local_costmap.local_costmap]: Timed out waiting for transform from base_link to odom to become available, tf error: Invalid frame ID "odom" passed to canTransform argument target_frame - frame does not exist
[rviz2-17] [INFO] [1775771033.159967169] [rviz]: Message Filter dropping message: frame 'laser' at time 1775771030.166 for reason 'discarding message because the queue is full'
[controller_server-11] [INFO] [1775771033.547067761] [local_costmap.local_costmap]: Timed out waiting for transform from base_link to odom to become available, tf error: Invalid frame ID "odom" passed to canTransform argument target_frame - frame does not exist
[controller_server-11] [INFO] [1775771034.047182148] [local_costmap.local_costmap]: Timed out waiting for transform from base_link to odom to become available, tf error: Invalid frame ID "odom" passed to canTransform argument target_frame - frame does not exist
[controller_server-11] [INFO] [1775771034.547065214] [local_costmap.local_costmap]: Timed out waiting for transform from base_link to odom to become available, tf error: Invalid frame ID "odom" passed to canTransform argument target_frame - frame does not exist
[controller_server-11] [INFO] [1775771035.047065845] [local_costmap.local_costmap]: Timed out waiting for transform from base_link to odom to become available, tf error: Invalid frame ID "odom" passed to canTransform argument target_frame - frame does not exist
[amcl-9] [INFO] [1775771035.354354300] [amcl]: Message Filter dropping message: frame 'laser' at time 1775771034.219 for reason 'the timestamp on the message is earlier than all the data in the transform cache'
[controller_server-11] [INFO] [1775771035.547064279] [local_costmap.local_costmap]: Timed out waiting for transform from base_link to odom to become available, tf error: Invalid frame ID "odom" passed to canTransform argument target_frame - frame does not exist
[rviz2-17] [INFO] [1775771035.817433227] [rviz]: Message Filter dropping message: frame 'laser' at time 1775771032.991 for reason 'discarding message because the queue is full'
[controller_server-11] [INFO] [1775771036.047116030] [local_costmap.local_costmap]: Timed out waiting for transform from base_link to odom to become available, tf error: Invalid frame ID "odom" passed to canTransform argument target_frame - frame does not exist
[controller_server-11] [INFO] [1775771036.547069029] [local_costmap.local_costmap]: Timed out waiting for transform from base_link to odom to become available, tf error: Invalid frame ID "odom" passed to canTransform argument target_frame - frame does not exist
[controller_server-11] [INFO] [1775771037.047085792] [local_costmap.local_costmap]: Timed out waiting for transform from base_link to odom to become available, tf error: Invalid frame ID "odom" passed to canTransform argument target_frame - frame does not exist
[controller_server-11] [INFO] [1775771037.547086526] [local_costmap.local_costmap]: Timed out waiting for transform from base_link to odom to become available, tf error: Invalid frame ID "odom" passed to canTransform argument target_frame - frame does not exist
[amcl-9] [INFO] [1775771037.921127725] [amcl]: Message Filter dropping message: frame 'laser' at time 1775771036.787 for reason 'the timestamp on the message is earlier than all the data in the transform cache'
[controller_server-11] [INFO] [1775771038.047198491] [local_costmap.local_costmap]: Timed out waiting for transform from base_link to odom to become available, tf error: Invalid frame ID "odom" passed to canTransform argument target_frame - frame does not exist
[rviz2-17] [INFO] [1775771038.352845387] [rviz]: Message Filter dropping message: frame 'laser' at time 1775771035.582 for reason 'discarding message because the queue is full'
[controller_server-11] [INFO] [1775771038.547065946] [local_costmap.local_costmap]: Timed out waiting for transform from base_link to odom to become available, tf error: Invalid frame ID "odom" passed to canTransform argument target_frame - frame does not exist
[controller_server-11] [INFO] [1775771039.047065944] [local_costmap.local_costmap]: Timed out waiting for transform from base_link to odom to become available, tf error: Invalid frame ID "odom" passed to canTransform argument target_frame - frame does not exist
[controller_server-11] [INFO] [1775771039.547065885] [local_costmap.local_costmap]: Timed out waiting for transform from base_link to odom to become available, tf error: Invalid frame ID "odom" passed to canTransform argument target_frame - frame does not exist
[controller_server-11] [INFO] [1775771040.047067034] [local_costmap.local_costmap]: Timed out waiting for transform from base_link to odom to become available, tf error: Invalid frame ID "odom" passed to canTransform argument target_frame - frame does not exist
[amcl-9] [INFO] [1775771040.488057860] [amcl]: Message Filter dropping message: frame 'laser' at time 1775771039.353 for reason 'the timestamp on the message is earlier than all the data in the transform cache'
[controller_server-11] [INFO] [1775771040.547060710] [local_costmap.local_costmap]: Timed out waiting for transform from base_link to odom to become available, tf error: Invalid frame ID "odom" passed to canTransform argument target_frame - frame does not exist
[rviz2-17] [INFO] [1775771040.871547772] [rviz]: Message Filter dropping message: frame 'laser' at time 1775771038.137 for reason 'discarding message because the queue is full'
[controller_server-11] [INFO] [1775771041.047163657] [local_costmap.local_costmap]: Timed out waiting for transform from base_link to odom to become available, tf error: Invalid frame ID "odom" passed to canTransform argument target_frame - frame does not exist
[controller_server-11] [INFO] [1775771041.547204694] [local_costmap.local_costmap]: Timed out waiting for transform from base_link to odom to become available, tf error: Invalid frame ID "odom" passed to canTransform argument target_frame - frame does not exist
[controller_server-11] [INFO] [1775771042.047164904] [local_costmap.local_costmap]: Timed out waiting for transform from base_link to odom to become available, tf error: Invalid frame ID "odom" passed to canTransform argument target_frame - frame does not exist
[controller_server-11] [INFO] [1775771042.547059223] [local_costmap.local_costmap]: Timed out waiting for transform from base_link to odom to become available, tf error: Invalid frame ID "odom" passed to canTransform argument target_frame - frame does not exist
[amcl-9] [INFO] [1775771043.006056869] [amcl]: Message Filter dropping message: frame 'laser' at time 1775771041.871 for reason 'the timestamp on the message is earlier than all the data in the transform cache'
[controller_server-11] [INFO] [1775771043.047104034] [local_costmap.local_costmap]: Timed out waiting for transform from base_link to odom to become available, tf error: Invalid frame ID "odom" passed to canTransform argument target_frame - frame does not exist
[rviz2-17] [INFO] [1775771043.509080463] [rviz]: Message Filter dropping message: frame 'laser' at time 1775771040.938 for reason 'discarding message because the queue is full'
[controller_server-11] [INFO] [1775771043.547059566] [local_costmap.local_costmap]: Timed out waiting for transform from base_link to odom to become available, tf error: Invalid frame ID "odom" passed to canTransform argument target_frame - frame does not exist
[controller_server-11] [INFO] [1775771044.047127258] [local_costmap.local_costmap]: Timed out waiting for transform from base_link to odom to become available, tf error: Invalid frame ID "odom" passed to canTransform argument target_frame - frame does not exist
[controller_server-11] [INFO] [1775771044.547069147] [local_costmap.local_costmap]: Timed out waiting for transform from base_link to odom to become available, tf error: Invalid frame ID "odom" passed to canTransform argument target_frame - frame does not exist
[controller_server-11] [INFO] [1775771045.047061263] [local_costmap.local_costmap]: Timed out waiting for transform from base_link to odom to become available, tf error: Invalid frame ID "odom" passed to canTransform argument target_frame - frame does not exist
[realsense2_camera_node-1] [0m[INFO] [1775771045.424355493] [rclcpp]: signal_handler(SIGINT/SIGTERM)[0m
[realsense2_camera_node-1] [0m[INFO] [1775771045.428059930] [camera]: Stop Sensor: Depth Module[0m
[realsense2_camera_node-1] [0m[INFO] [1775771045.428190906] [camera]: Close Sensor. [0m
[realsense2_camera_node-1] [0m[INFO] [1775771045.432380570] [camera]: Close Sensor - Done. [0m
[realsense2_camera_node-1] [0m[INFO] [1775771045.432888654] [camera]: Stop Sensor: RGB Camera[0m
[realsense2_camera_node-1] [0m[INFO] [1775771045.433115498] [camera]: Close Sensor. [0m
[realsense2_camera_node-1] [0m[INFO] [1775771045.440815277] [camera]: Close Sensor - Done. [0m
[realsense2_camera_node-1] [0m[INFO] [1775771045.440877025] [camera]: Stop Sensor: Motion Module[0m
[realsense2_camera_node-1] [0m[INFO] [1775771045.442952546] [camera]: Close Sensor. [0m
[d435i_accel_correction-2] Traceback (most recent call last):
[d435i_accel_correction-2]   File "/home/willy/ament_ws/install/stretch_core/lib/stretch_core/d435i_accel_correction", line 33, in <module>
[d435i_accel_correction-2]     sys.exit(load_entry_point('stretch-core==0.2.0', 'console_scripts', 'd435i_accel_correction')())
[d435i_accel_correction-2]   File "/home/willy/ament_ws/install/stretch_core/lib/python3.10/site-packages/stretch_core/d435i_accel_correction.py", line 47, in main
[d435i_accel_correction-2]     rclpy.spin(node)
[d435i_accel_correction-2]   File "/opt/ros/humble/local/lib/python3.10/dist-packages/rclpy/__init__.py", line 229, in spin
[d435i_accel_correction-2]     executor.spin_once()
[d435i_accel_correction-2]   File "/opt/ros/humble/local/lib/python3.10/dist-packages/rclpy/executors.py", line 808, in spin_once
[d435i_accel_correction-2]     self._spin_once_impl(timeout_sec)
[d435i_accel_correction-2]   File "/opt/ros/humble/local/lib/python3.10/dist-packages/rclpy/executors.py", line 797, in _spin_once_impl
[d435i_accel_correction-2]     handler, entity, node = self.wait_for_ready_callbacks(timeout_sec=timeout_sec)
[d435i_accel_correction-2]   File "/opt/ros/humble/local/lib/python3.10/dist-packages/rclpy/executors.py", line 780, in wait_for_ready_callbacks
[d435i_accel_correction-2]     return next(self._cb_iter)
[d435i_accel_correction-2]   File "/opt/ros/humble/local/lib/python3.10/dist-packages/rclpy/executors.py", line 681, in _wait_for_ready_callbacks
[d435i_accel_correction-2]     raise ExternalShutdownException()
[d435i_accel_correction-2] rclpy.executors.ExternalShutdownException
Traceback (most recent call last):
  File "/home/willy/tf.py", line 331, in <module>
    main()
  File "/home/willy/tf.py", line 321, in main
    node = ArUcoBaseFrameEstimator()
  File "/home/willy/tf.py", line 28, in __init__
    super().main('aruco_base_frame_estimator', 'aruco_base_frame_estimator', wait_for_first_pointcloud=False)
  File "/home/willy/ament_ws/build/hello_helpers/src/hello_helpers/hello_misc.py", line 302, in main
    server_reached = self.trajectory_client.wait_for_server(timeout_sec=60.0)
  File "/opt/ros/humble/local/lib/python3.10/dist-packages/rclpy/action/client.py", line 606, in wait_for_server
Traceback (most recent call last):
  File "/home/willy/ament_ws/install/stretch_perception/lib/stretch_perception/altobject", line 33, in <module>
    sys.exit(load_entry_point('stretch-perception==0.0.0', 'console_scripts', 'altobject')())
  File "/home/willy/ament_ws/install/stretch_perception/lib/python3.10/site-packages/stretch_perception/altobject.py", line 273, in main
    node = ObjectGrasper()
  File "/home/willy/ament_ws/install/stretch_perception/lib/python3.10/site-packages/stretch_perception/altobject.py", line 36, in __init__
    super().main('object_grasper', 'object_grasper', wait_for_first_pointcloud=False)
  File "/home/willy/ament_ws/build/hello_helpers/src/hello_helpers/hello_misc.py", line 302, in main
    server_reached = self.trajectory_client.wait_for_server(timeout_sec=60.0)
  File "/opt/ros/humble/local/lib/python3.10/dist-packages/rclpy/action/client.py", line 606, in wait_for_server
    return self.server_is_ready()
  File "/opt/ros/humble/local/lib/python3.10/dist-packages/rclpy/action/client.py", line 585, in server_is_ready
    return self.server_is_ready()
  File "/opt/ros/humble/local/lib/python3.10/dist-packages/rclpy/action/client.py", line 585, in server_is_ready
    return self._client_handle.is_action_server_available()
    return self._client_handle.is_action_server_available()
rclpy._rclpy_pybind11.RCLError: Failed to check if action server is available: rcl node's context is invalid, at ./src/rcl/node.c:428
rclpy._rclpy_pybind11.RCLError: Failed to check if action server is available: rcl node's context is invalid, at ./src/rcl/node.c:428
[realsense2_camera_node-1] [0m[INFO] [1775771045.837548053] [rclcpp]: signal_handler(SIGINT/SIGTERM)[0m
[realsense2_camera_node-1] [0m[INFO] [1775771045.954516354] [rclcpp]: signal_handler(SIGINT/SIGTERM)[0m
[realsense2_camera_node-1] [0m[INFO] [1775771046.097590051] [camera]: Close Sensor - Done. [0m
[realsense2_camera_node-1] [0m[INFO] [1775771046.144201677] [rclcpp]: signal_handler(SIGINT/SIGTERM)[0m
[ERROR] [d435i_accel_correction-2]: process has died [pid 17894, exit code 1, cmd '/home/willy/ament_ws/install/stretch_core/lib/stretch_core/d435i_accel_correction --ros-args'].
[ros2run]: Process exited with failure 1
[INFO] [realsense2_camera_node-1]: process has finished cleanly [pid 17892]
