=== pick_object.sh started at Fri Apr 10 03:27:06 PM EDT 2026 ===
Target ArUco marker ID: 201
Waiting for nodes to be ready (launch_nodes.sh)...
Nodes are ready!
Setting target marker ID to 201...
Set parameter successful
Resetting arm position for camera view...
requester: making request: std_srvs.srv.Trigger_Request()

response:
std_srvs.srv.Trigger_Response(success=True, message='Now in position mode.')

[INFO] [1775849230.400304974] [reset_pose]: reset_pose started
[INFO] [1775849230.480227464] [reset_pose]: Node reset_pose connected to /home_the_robot service.
[INFO] [1775849230.482728897] [reset_pose]: Node reset_pose connected to /stow_the_robot service.
[INFO] [1775849230.489338126] [reset_pose]: Node reset_pose connected to /stop_the_robot service.
[INFO] [1775849230.493748042] [reset_pose]: Node reset_pose connected to /switch_to_trajectory_mode service.
[INFO] [1775849230.497594316] [reset_pose]: Node reset_pose connected to /switch_to_position_mode service.
[INFO] [1775849230.527946933] [reset_pose]: Node reset_pose connected to /switch_to_navigation_mode service.
[INFO] [1775849230.528310653] [reset_pose]: Moving to default pose...
[INFO] [1775849230.603949483] [reset_pose]: Arm reset done.
[INFO] [1775849230.604239279] [reset_pose]: Skipping rotation (ROTATE_DEG=0).
[INFO] [1775849230.604511155] [reset_pose]: Done.
Arm reset complete.
requester: making request: std_srvs.srv.Trigger_Request()

response:
std_srvs.srv.Trigger_Response(success=True, message='Now in navigation mode.')

Waiting for live marker detection (confirming stamp is advancing)...
