=== pick_object.sh started at Fri Apr 10 02:26:53 PM EDT 2026 ===
Target ArUco marker ID: 202
Waiting for nodes to be ready (launch_nodes.sh)...
Nodes are ready!
Setting target marker ID to 202...
Set parameter successful
Resetting arm position for camera view...
requester: making request: std_srvs.srv.Trigger_Request()

response:
std_srvs.srv.Trigger_Response(success=True, message='Now in position mode.')

[INFO] [1775845617.406586276] [reset_pose]: reset_pose started
[INFO] [1775845617.462059118] [reset_pose]: Node reset_pose connected to /home_the_robot service.
[INFO] [1775845617.464317735] [reset_pose]: Node reset_pose connected to /stow_the_robot service.
[INFO] [1775845617.466175036] [reset_pose]: Node reset_pose connected to /stop_the_robot service.
[INFO] [1775845617.467883788] [reset_pose]: Node reset_pose connected to /switch_to_trajectory_mode service.
[INFO] [1775845617.469819545] [reset_pose]: Node reset_pose connected to /switch_to_position_mode service.
[INFO] [1775845617.471418093] [reset_pose]: Node reset_pose connected to /switch_to_navigation_mode service.
[INFO] [1775845617.472033125] [reset_pose]: Moving to default pose...
[WARN] [1775845617.472643047] [reset_pose]: Currently in  mode. Recommend switching either to position or trajectory mode
[WARN] [1775845617.473228777] [reset_pose]: Commanding joint trajectory server in position mode
[INFO] [1775845627.576497512] [reset_pose]: Arm reset done.
[INFO] [1775845627.576970070] [reset_pose]: Skipping rotation (ROTATE_DEG=0).
[INFO] [1775845627.577357935] [reset_pose]: Done.
Arm reset complete.
requester: making request: std_srvs.srv.Trigger_Request()

response:
std_srvs.srv.Trigger_Response(success=True, message='Now in navigation mode.')

Waiting for live marker detection (confirming stamp is advancing)...
Live detection confirmed! (stamp advancing: 1775845629 → 1775845631)
Live pose:
  x: -0.17367564800894875
  y: -0.6399305771093279
  z: 0.9226916184181151
Waiting for grasp service...
Grasp service ready!
=== Triggering grasp ===
requester: making request: std_srvs.srv.Trigger_Request()

response:
std_srvs.srv.Trigger_Response(success=True, message='Now in position mode.')

requester: making request: std_srvs.srv.Trigger_Request()

response:
std_srvs.srv.Trigger_Response(success=True, message='')
Grasp succeeded!
=== pick_object.sh finished at Fri Apr 10 02:27:36 PM EDT 2026 ===
