=== pick_object.sh started at Thu Apr  9 05:47:16 PM EDT 2026 ===
Target ArUco marker ID: 202
Waiting for nodes to be ready (launch_nodes.sh)...
Nodes are ready!
Setting target marker ID to 202...
Set parameter successful
Resetting arm position for camera view...
requester: making request: std_srvs.srv.Trigger_Request()

response:
std_srvs.srv.Trigger_Response(success=True, message='Now in position mode.')

[INFO] [1775771240.218012860] [reset_pose]: reset_pose started
[INFO] [1775771240.266294562] [reset_pose]: Node reset_pose connected to /home_the_robot service.
[INFO] [1775771240.271569529] [reset_pose]: Node reset_pose connected to /stow_the_robot service.
[INFO] [1775771240.273814964] [reset_pose]: Node reset_pose connected to /stop_the_robot service.
[INFO] [1775771240.276018537] [reset_pose]: Node reset_pose connected to /switch_to_trajectory_mode service.
[INFO] [1775771240.278924857] [reset_pose]: Node reset_pose connected to /switch_to_position_mode service.
[INFO] [1775771240.281517793] [reset_pose]: Node reset_pose connected to /switch_to_navigation_mode service.
[INFO] [1775771240.282245469] [reset_pose]: Moving to default pose...
[INFO] [1775771244.916628915] [reset_pose]: Arm reset done.
[INFO] [1775771244.917170397] [reset_pose]: Skipping rotation (ROTATE_DEG=0).
[INFO] [1775771244.918829198] [reset_pose]: Done.
Arm reset complete.
requester: making request: std_srvs.srv.Trigger_Request()

response:
std_srvs.srv.Trigger_Response(success=True, message='Now in navigation mode.')

Waiting for live marker detection (confirming stamp is advancing)...
Live detection confirmed! (stamp advancing: 1775771247 → 1775771249)
Live pose:
  x: 0.1840978388520253
  y: -0.5418486512042984
  z: 0.9228572889966273
Waiting for grasp service...
Grasp service ready!
=== Triggering grasp ===
requester: making request: std_srvs.srv.Trigger_Request()

response:
std_srvs.srv.Trigger_Response(success=True, message='Now in position mode.')

requester: making request: std_srvs.srv.Trigger_Request()

response:
std_srvs.srv.Trigger_Response(success=True, message='')
Grasp succeeded!
=== pick_object.sh finished at Thu Apr  9 05:47:54 PM EDT 2026 ===
