=== pick_object.sh started at Mon Apr 13 07:00:42 PM EDT 2026 ===
Target ArUco marker ID: 200
Waiting for nodes to be ready (launch_nodes.sh)...
Nodes are ready!
Setting target marker ID to 200...
Set parameter successful
Resetting arm position for camera view...
requester: making request: std_srvs.srv.Trigger_Request()

response:
std_srvs.srv.Trigger_Response(success=True, message='Now in position mode.')

[INFO] [1776121246.276994528] [reset_pose]: reset_pose started
[INFO] [1776121246.325894893] [reset_pose]: Node reset_pose connected to /home_the_robot service.
[INFO] [1776121246.328849797] [reset_pose]: Node reset_pose connected to /stow_the_robot service.
[INFO] [1776121246.331287518] [reset_pose]: Node reset_pose connected to /stop_the_robot service.
[INFO] [1776121246.339447046] [reset_pose]: Node reset_pose connected to /switch_to_trajectory_mode service.
[INFO] [1776121246.342082688] [reset_pose]: Node reset_pose connected to /switch_to_position_mode service.
[INFO] [1776121246.344316457] [reset_pose]: Node reset_pose connected to /switch_to_navigation_mode service.
[INFO] [1776121246.344956361] [reset_pose]: Moving to default pose...
[INFO] [1776121246.412213377] [reset_pose]: Arm reset done.
[INFO] [1776121246.412652721] [reset_pose]: Skipping rotation (ROTATE_DEG=0).
[INFO] [1776121246.413009732] [reset_pose]: Done.
Arm reset complete.
requester: making request: std_srvs.srv.Trigger_Request()

response:
std_srvs.srv.Trigger_Response(success=True, message='Now in navigation mode.')

Waiting for live marker detection (confirming stamp is advancing)...
