=== pick_object.sh started at Mon Apr 13 06:35:06 PM EDT 2026 ===
Target ArUco marker ID: 200
Waiting for nodes to be ready (launch_nodes.sh)...
Nodes are ready!
Setting target marker ID to 200...
Set parameter successful
Resetting arm position for camera view...
requester: making request: std_srvs.srv.Trigger_Request()

response:
std_srvs.srv.Trigger_Response(success=True, message='Now in position mode.')

[INFO] [1776119709.338663116] [reset_pose]: reset_pose started
[INFO] [1776119709.376711179] [reset_pose]: Node reset_pose connected to /home_the_robot service.
[INFO] [1776119709.377911623] [reset_pose]: Node reset_pose connected to /stow_the_robot service.
[INFO] [1776119709.378975089] [reset_pose]: Node reset_pose connected to /stop_the_robot service.
[INFO] [1776119709.380124025] [reset_pose]: Node reset_pose connected to /switch_to_trajectory_mode service.
[INFO] [1776119709.383084148] [reset_pose]: Node reset_pose connected to /switch_to_position_mode service.
[INFO] [1776119709.384433220] [reset_pose]: Node reset_pose connected to /switch_to_navigation_mode service.
[INFO] [1776119709.384755800] [reset_pose]: Moving to default pose...
[WARN] [1776119709.385075625] [reset_pose]: Currently in  mode. Recommend switching either to position or trajectory mode
[WARN] [1776119709.385338264] [reset_pose]: Commanding joint trajectory server in position mode
[INFO] [1776119709.439057072] [reset_pose]: Arm reset done.
[INFO] [1776119709.439300019] [reset_pose]: Skipping rotation (ROTATE_DEG=0).
[INFO] [1776119709.439470113] [reset_pose]: Done.
Arm reset complete.
requester: making request: std_srvs.srv.Trigger_Request()

response:
std_srvs.srv.Trigger_Response(success=True, message='Now in navigation mode.')

Waiting for live marker detection (confirming stamp is advancing)...
