=== pick_object.sh started at Mon Apr 13 06:52:26 PM EDT 2026 ===
Target ArUco marker ID: 200
Waiting for nodes to be ready (launch_nodes.sh)...
Nodes are ready!
Setting target marker ID to 200...
Set parameter successful
Resetting arm position for camera view...
requester: making request: std_srvs.srv.Trigger_Request()

response:
std_srvs.srv.Trigger_Response(success=True, message='Now in position mode.')

[INFO] [1776120750.098781846] [reset_pose]: reset_pose started
[INFO] [1776120750.146609578] [reset_pose]: Node reset_pose connected to /home_the_robot service.
[INFO] [1776120750.148449071] [reset_pose]: Node reset_pose connected to /stow_the_robot service.
[INFO] [1776120750.149743323] [reset_pose]: Node reset_pose connected to /stop_the_robot service.
[INFO] [1776120750.150992854] [reset_pose]: Node reset_pose connected to /switch_to_trajectory_mode service.
[INFO] [1776120750.152303606] [reset_pose]: Node reset_pose connected to /switch_to_position_mode service.
[INFO] [1776120750.153931600] [reset_pose]: Node reset_pose connected to /switch_to_navigation_mode service.
[INFO] [1776120750.154310340] [reset_pose]: Moving to default pose...
[INFO] [1776120754.961176163] [reset_pose]: Arm reset done.
[INFO] [1776120754.961628107] [reset_pose]: Skipping rotation (ROTATE_DEG=0).
[INFO] [1776120754.962022860] [reset_pose]: Done.
Arm reset complete.
requester: making request: std_srvs.srv.Trigger_Request()

response:
std_srvs.srv.Trigger_Response(success=True, message='Now in navigation mode.')

Waiting for live marker detection (confirming stamp is advancing)...
Live detection confirmed! (stamp advancing: 1776120757 → 1776120758)
Live pose:
  x: -0.14027187180329326
  y: -0.7230506706889079
  z: 0.9289561445985385
Waiting for grasp service...
Grasp service ready!
=== Triggering grasp ===
requester: making request: std_srvs.srv.Trigger_Request()

response:
std_srvs.srv.Trigger_Response(success=True, message='Now in position mode.')

waiting for service to become available...
requester: making request: std_srvs.srv.Trigger_Request()

response:
std_srvs.srv.Trigger_Response(success=True, message='')
Grasp succeeded!
=== pick_object.sh finished at Mon Apr 13 06:53:04 PM EDT 2026 ===
