=== pick_object.sh started at Fri Apr 10 03:06:45 PM EDT 2026 ===
Target ArUco marker ID: 202
Waiting for nodes to be ready (launch_nodes.sh)...
Nodes are ready!
Setting target marker ID to 202...
Set parameter successful
Resetting arm position for camera view...
requester: making request: std_srvs.srv.Trigger_Request()

response:
std_srvs.srv.Trigger_Response(success=True, message='Now in position mode.')

[INFO] [1775848009.089834964] [reset_pose]: reset_pose started
[INFO] [1775848009.154537372] [reset_pose]: Node reset_pose connected to /home_the_robot service.
[INFO] [1775848009.156530158] [reset_pose]: Node reset_pose connected to /stow_the_robot service.
[INFO] [1775848009.158593528] [reset_pose]: Node reset_pose connected to /stop_the_robot service.
[INFO] [1775848009.161439829] [reset_pose]: Node reset_pose connected to /switch_to_trajectory_mode service.
[INFO] [1775848009.164149962] [reset_pose]: Node reset_pose connected to /switch_to_position_mode service.
[INFO] [1775848009.166337697] [reset_pose]: Node reset_pose connected to /switch_to_navigation_mode service.
[INFO] [1775848009.167085517] [reset_pose]: Moving to default pose...
[WARN] [1775848009.167776221] [reset_pose]: Currently in  mode. Recommend switching either to position or trajectory mode
[WARN] [1775848009.168144286] [reset_pose]: Commanding joint trajectory server in position mode
[INFO] [1775848019.247121076] [reset_pose]: Arm reset done.
[INFO] [1775848019.247612142] [reset_pose]: Skipping rotation (ROTATE_DEG=0).
[INFO] [1775848019.247975452] [reset_pose]: Done.
Arm reset complete.
requester: making request: std_srvs.srv.Trigger_Request()

response:
std_srvs.srv.Trigger_Response(success=True, message='Now in navigation mode.')

Waiting for live marker detection (confirming stamp is advancing)...
Live detection confirmed! (stamp advancing: 1775848021 → 1775848023)
Live pose:
  x: 0.08354011664417124
  y: -0.7621700152886519
  z: 0.9158107267461953
Waiting for grasp service...
Grasp service ready!
=== Triggering grasp ===
requester: making request: std_srvs.srv.Trigger_Request()

response:
std_srvs.srv.Trigger_Response(success=True, message='Now in position mode.')

