=== pick_object.sh started at Thu Apr  9 05:28:11 PM EDT 2026 ===
Target ArUco marker ID: 202
Waiting for nodes to be ready (launch_nodes.sh)...
Nodes are ready!
Setting target marker ID to 202...
Set parameter successful
Resetting arm position for camera view...
requester: making request: std_srvs.srv.Trigger_Request()

response:
std_srvs.srv.Trigger_Response(success=True, message='Now in position mode.')

[INFO] [1775770095.360232717] [reset_pose]: reset_pose started
[INFO] [1775770095.412064761] [reset_pose]: Node reset_pose connected to /home_the_robot service.
[INFO] [1775770095.413765394] [reset_pose]: Node reset_pose connected to /stow_the_robot service.
[INFO] [1775770095.415483898] [reset_pose]: Node reset_pose connected to /stop_the_robot service.
[INFO] [1775770095.417122287] [reset_pose]: Node reset_pose connected to /switch_to_trajectory_mode service.
[INFO] [1775770095.418527136] [reset_pose]: Node reset_pose connected to /switch_to_position_mode service.
[INFO] [1775770095.420067287] [reset_pose]: Node reset_pose connected to /switch_to_navigation_mode service.
[INFO] [1775770095.420597796] [reset_pose]: Moving to default pose...
[INFO] [1775770097.613844814] [reset_pose]: Arm reset done.
[INFO] [1775770097.614177378] [reset_pose]: Skipping rotation (ROTATE_DEG=0).
[INFO] [1775770097.614362279] [reset_pose]: Done.
Arm reset complete.
requester: making request: std_srvs.srv.Trigger_Request()

response:
std_srvs.srv.Trigger_Response(success=True, message='Now in navigation mode.')

Waiting for live marker detection (confirming stamp is advancing)...
Live detection confirmed! (stamp advancing: 1775770099 → 1775770101)
Live pose:
  x: 0.021737146306852098
  y: -0.6004698180260821
  z: 0.9110916129167483
Waiting for grasp service...
Grasp service ready!
=== Triggering grasp ===
requester: making request: std_srvs.srv.Trigger_Request()

response:
std_srvs.srv.Trigger_Response(success=True, message='Now in position mode.')

requester: making request: std_srvs.srv.Trigger_Request()

response:
std_srvs.srv.Trigger_Response(success=True, message='')
Grasp succeeded!
=== pick_object.sh finished at Thu Apr  9 05:28:45 PM EDT 2026 ===
