=== pick_object.sh started at Thu Apr  9 05:46:18 PM EDT 2026 ===
Target ArUco marker ID: 202
Waiting for nodes to be ready (launch_nodes.sh)...
Nodes are ready!
Setting target marker ID to 202...
Set parameter successful
Resetting arm position for camera view...
requester: making request: std_srvs.srv.Trigger_Request()

response:
std_srvs.srv.Trigger_Response(success=True, message='Now in position mode.')

[INFO] [1775771182.118240558] [reset_pose]: reset_pose started
[INFO] [1775771182.179629970] [reset_pose]: Node reset_pose connected to /home_the_robot service.
[INFO] [1775771182.181326810] [reset_pose]: Node reset_pose connected to /stow_the_robot service.
[INFO] [1775771182.182564829] [reset_pose]: Node reset_pose connected to /stop_the_robot service.
[INFO] [1775771182.183794583] [reset_pose]: Node reset_pose connected to /switch_to_trajectory_mode service.
[INFO] [1775771182.184939069] [reset_pose]: Node reset_pose connected to /switch_to_position_mode service.
[INFO] [1775771182.186235394] [reset_pose]: Node reset_pose connected to /switch_to_navigation_mode service.
[INFO] [1775771182.186565719] [reset_pose]: Moving to default pose...
[INFO] [1775771186.838039866] [reset_pose]: Arm reset done.
[INFO] [1775771186.838345939] [reset_pose]: Skipping rotation (ROTATE_DEG=0).
[INFO] [1775771186.838539297] [reset_pose]: Done.
Arm reset complete.
requester: making request: std_srvs.srv.Trigger_Request()

response:
std_srvs.srv.Trigger_Response(success=True, message='Now in navigation mode.')

Waiting for live marker detection (confirming stamp is advancing)...
Live detection confirmed! (stamp advancing: 1775771189 → 1775771191)
Live pose:
  x: 0.09288397377593541
  y: -0.5691915345344366
  z: 0.9108829939014914
Waiting for grasp service...
Grasp service ready!
=== Triggering grasp ===
requester: making request: std_srvs.srv.Trigger_Request()

response:
std_srvs.srv.Trigger_Response(success=True, message='Now in position mode.')

requester: making request: std_srvs.srv.Trigger_Request()

response:
std_srvs.srv.Trigger_Response(success=True, message='')
Grasp succeeded!
=== pick_object.sh finished at Thu Apr  9 05:46:54 PM EDT 2026 ===
