=== pick_object.sh started at Thu Apr  9 04:11:10 PM EDT 2026 ===
Target ArUco marker ID: 202
Waiting for nodes to be ready (launch_nodes.sh)...
Nodes are ready!
Setting target marker ID to 202...
Set parameter successful
Waiting for stale target to expire (6s)...
Marker ID set and target cleared.
Resetting arm position for camera view...
requester: making request: std_srvs.srv.Trigger_Request()

response:
std_srvs.srv.Trigger_Response(success=True, message='Now in position mode.')

[INFO] [1775765480.191917851] [reset_pose]: reset_pose started
[INFO] [1775765480.255129133] [reset_pose]: Node reset_pose connected to /home_the_robot service.
[INFO] [1775765480.257411878] [reset_pose]: Node reset_pose connected to /stow_the_robot service.
[INFO] [1775765480.260631169] [reset_pose]: Node reset_pose connected to /stop_the_robot service.
[INFO] [1775765480.263980494] [reset_pose]: Node reset_pose connected to /switch_to_trajectory_mode service.
[INFO] [1775765480.266947433] [reset_pose]: Node reset_pose connected to /switch_to_position_mode service.
[INFO] [1775765480.269168546] [reset_pose]: Node reset_pose connected to /switch_to_navigation_mode service.
[INFO] [1775765480.270780444] [reset_pose]: Moving to default pose...
[INFO] [1775765484.917141081] [reset_pose]: Arm reset done.
[INFO] [1775765484.921695650] [reset_pose]: Skipping rotation (ROTATE_DEG=0).
[INFO] [1775765484.922351595] [reset_pose]: Done.
./pick_object.sh: line 40:  8895 Segmentation fault      (core dumped) python3 ~/test1.py
Arm reset complete.
requester: making request: std_srvs.srv.Trigger_Request()

response:
std_srvs.srv.Trigger_Response(success=True, message='Now in navigation mode.')

Waiting for grasp service...
Grasp service ready!
=== Triggering grasp ===
requester: making request: std_srvs.srv.Trigger_Request()

response:
std_srvs.srv.Trigger_Response(success=True, message='Now in position mode.')

requester: making request: std_srvs.srv.Trigger_Request()

response:
std_srvs.srv.Trigger_Response(success=True, message='')
Grasp succeeded!
=== pick_object.sh finished at Thu Apr  9 04:11:49 PM EDT 2026 ===
