=== pick_object.sh started at Fri Apr 10 05:33:05 PM EDT 2026 ===
Target ArUco marker ID: 202
Waiting for nodes to be ready (launch_nodes.sh)...
Nodes are ready!
Setting target marker ID to 202...
Set parameter successful
Resetting arm position for camera view...
requester: making request: std_srvs.srv.Trigger_Request()

response:
std_srvs.srv.Trigger_Response(success=True, message='Now in position mode.')

[INFO] [1775856789.008606311] [reset_pose]: reset_pose started
[INFO] [1775856789.060041020] [reset_pose]: Node reset_pose connected to /home_the_robot service.
[INFO] [1775856789.061322162] [reset_pose]: Node reset_pose connected to /stow_the_robot service.
[INFO] [1775856789.062931495] [reset_pose]: Node reset_pose connected to /stop_the_robot service.
[INFO] [1775856789.064252600] [reset_pose]: Node reset_pose connected to /switch_to_trajectory_mode service.
[INFO] [1775856789.068690918] [reset_pose]: Node reset_pose connected to /switch_to_position_mode service.
[INFO] [1775856789.070384601] [reset_pose]: Node reset_pose connected to /switch_to_navigation_mode service.
[INFO] [1775856789.070725200] [reset_pose]: Moving to default pose...
[INFO] [1775856789.122734026] [reset_pose]: Arm reset done.
[INFO] [1775856789.123097279] [reset_pose]: Skipping rotation (ROTATE_DEG=0).
[INFO] [1775856789.123290874] [reset_pose]: Done.
Arm reset complete.
requester: making request: std_srvs.srv.Trigger_Request()

response:
std_srvs.srv.Trigger_Response(success=True, message='Now in navigation mode.')

Waiting for live marker detection (confirming stamp is advancing)...
Live detection confirmed! (stamp advancing: 1775856791 → 1775856793)
Live pose:
  x: -0.01403234580668633
  y: -0.6454752226487472
  z: 0.9164302222641888
Waiting for grasp service...
Grasp service ready!
=== Triggering grasp ===
requester: making request: std_srvs.srv.Trigger_Request()

response:
std_srvs.srv.Trigger_Response(success=True, message='Now in position mode.')

requester: making request: std_srvs.srv.Trigger_Request()

response:
std_srvs.srv.Trigger_Response(success=True, message='')
Grasp succeeded!
=== pick_object.sh finished at Fri Apr 10 05:33:35 PM EDT 2026 ===
