=== pick_object.sh started at Fri Apr 10 02:26:03 PM EDT 2026 ===
Target ArUco marker ID: 202
Waiting for nodes to be ready (launch_nodes.sh)...
Nodes are ready!
Setting target marker ID to 202...
Set parameter successful
Resetting arm position for camera view...
requester: making request: std_srvs.srv.Trigger_Request()

response:
std_srvs.srv.Trigger_Response(success=True, message='Now in position mode.')

[INFO] [1775845567.454998112] [reset_pose]: reset_pose started
[INFO] [1775845567.501340461] [reset_pose]: Node reset_pose connected to /home_the_robot service.
[INFO] [1775845567.502984666] [reset_pose]: Node reset_pose connected to /stow_the_robot service.
[INFO] [1775845567.505733915] [reset_pose]: Node reset_pose connected to /stop_the_robot service.
[INFO] [1775845567.512413748] [reset_pose]: Node reset_pose connected to /switch_to_trajectory_mode service.
[INFO] [1775845567.514415665] [reset_pose]: Node reset_pose connected to /switch_to_position_mode service.
[INFO] [1775845567.518633466] [reset_pose]: Node reset_pose connected to /switch_to_navigation_mode service.
[INFO] [1775845567.519345475] [reset_pose]: Moving to default pose...
[INFO] [1775845577.604141628] [reset_pose]: Arm reset done.
[INFO] [1775845577.604548015] [reset_pose]: Skipping rotation (ROTATE_DEG=0).
[INFO] [1775845577.604933455] [reset_pose]: Done.
Arm reset complete.
requester: making request: std_srvs.srv.Trigger_Request()

response:
std_srvs.srv.Trigger_Response(success=True, message='Now in navigation mode.')

Waiting for live marker detection (confirming stamp is advancing)...
Live detection confirmed! (stamp advancing: 1775845579 → 1775845581)
Live pose:
  x: 0.09681326734564769
  y: -0.6334806066271809
  z: 0.9106739879550309
Waiting for grasp service...
Grasp service ready!
=== Triggering grasp ===
requester: making request: std_srvs.srv.Trigger_Request()

response:
std_srvs.srv.Trigger_Response(success=True, message='Now in position mode.')

requester: making request: std_srvs.srv.Trigger_Request()

response:
std_srvs.srv.Trigger_Response(success=True, message='')
Grasp succeeded!
=== pick_object.sh finished at Fri Apr 10 02:26:45 PM EDT 2026 ===
