=== pick_object.sh started at Fri Apr 10 05:24:22 PM EDT 2026 ===
Target ArUco marker ID: 202
Waiting for nodes to be ready (launch_nodes.sh)...
Nodes are ready!
Setting target marker ID to 202...
Set parameter successful
Resetting arm position for camera view...
requester: making request: std_srvs.srv.Trigger_Request()

response:
std_srvs.srv.Trigger_Response(success=True, message='Now in position mode.')

[INFO] [1775856265.710032417] [reset_pose]: reset_pose started
[INFO] [1775856265.761757938] [reset_pose]: Node reset_pose connected to /home_the_robot service.
[INFO] [1775856265.763658560] [reset_pose]: Node reset_pose connected to /stow_the_robot service.
[INFO] [1775856265.765522008] [reset_pose]: Node reset_pose connected to /stop_the_robot service.
[INFO] [1775856265.771343459] [reset_pose]: Node reset_pose connected to /switch_to_trajectory_mode service.
[INFO] [1775856265.774552954] [reset_pose]: Node reset_pose connected to /switch_to_position_mode service.
[INFO] [1775856265.777883639] [reset_pose]: Node reset_pose connected to /switch_to_navigation_mode service.
[INFO] [1775856265.778907264] [reset_pose]: Moving to default pose...
[INFO] [1775856267.274870877] [reset_pose]: Arm reset done.
[INFO] [1775856267.275382569] [reset_pose]: Skipping rotation (ROTATE_DEG=0).
[INFO] [1775856267.275618518] [reset_pose]: Done.
Arm reset complete.
requester: making request: std_srvs.srv.Trigger_Request()

response:
std_srvs.srv.Trigger_Response(success=True, message='Now in navigation mode.')

Waiting for live marker detection (confirming stamp is advancing)...
Live detection confirmed! (stamp advancing: 1775856269 → 1775856271)
Live pose:
  x: 0.063489138848804
  y: -0.6482758606095383
  z: 0.913829479008048
Waiting for grasp service...
Grasp service ready!
=== Triggering grasp ===
requester: making request: std_srvs.srv.Trigger_Request()

response:
std_srvs.srv.Trigger_Response(success=True, message='Now in position mode.')

requester: making request: std_srvs.srv.Trigger_Request()

response:
std_srvs.srv.Trigger_Response(success=True, message='')
Grasp succeeded!
=== pick_object.sh finished at Fri Apr 10 05:24:54 PM EDT 2026 ===
