=== pick_object.sh started at Fri Apr 10 03:32:59 PM EDT 2026 ===
Target ArUco marker ID: 202
Waiting for nodes to be ready (launch_nodes.sh)...
Nodes are ready!
Setting target marker ID to 202...
Set parameter successful
Resetting arm position for camera view...
requester: making request: std_srvs.srv.Trigger_Request()

response:
std_srvs.srv.Trigger_Response(success=True, message='Now in position mode.')

[INFO] [1775849583.326809708] [reset_pose]: reset_pose started
[INFO] [1775849583.382381352] [reset_pose]: Node reset_pose connected to /home_the_robot service.
[INFO] [1775849583.386016419] [reset_pose]: Node reset_pose connected to /stow_the_robot service.
[INFO] [1775849583.387461697] [reset_pose]: Node reset_pose connected to /stop_the_robot service.
[INFO] [1775849583.388821054] [reset_pose]: Node reset_pose connected to /switch_to_trajectory_mode service.
[INFO] [1775849583.390040402] [reset_pose]: Node reset_pose connected to /switch_to_position_mode service.
[INFO] [1775849583.391377331] [reset_pose]: Node reset_pose connected to /switch_to_navigation_mode service.
[INFO] [1775849583.391695557] [reset_pose]: Moving to default pose...
[INFO] [1775849583.444928441] [reset_pose]: Arm reset done.
[INFO] [1775849583.445386548] [reset_pose]: Skipping rotation (ROTATE_DEG=0).
[INFO] [1775849583.445739429] [reset_pose]: Done.
./pick_object.sh: line 35:  9184 Segmentation fault      (core dumped) python3 ~/test1.py
Arm reset complete.
requester: making request: std_srvs.srv.Trigger_Request()

response:
std_srvs.srv.Trigger_Response(success=True, message='Now in navigation mode.')

Waiting for live marker detection (confirming stamp is advancing)...
Live detection confirmed! (stamp advancing: 1775849586 → 1775849588)
Live pose:
  x: 0.15324166895664024
  y: -0.6269272110552305
  z: 0.9054146121393316
Waiting for grasp service...
Grasp service ready!
=== Triggering grasp ===
requester: making request: std_srvs.srv.Trigger_Request()

response:
std_srvs.srv.Trigger_Response(success=True, message='Now in position mode.')

requester: making request: std_srvs.srv.Trigger_Request()

response:
std_srvs.srv.Trigger_Response(success=True, message='')
Grasp succeeded!
=== pick_object.sh finished at Fri Apr 10 03:33:32 PM EDT 2026 ===
