=== pick_object.sh started at Fri Apr 10 02:37:06 PM EDT 2026 ===
Target ArUco marker ID: 202
Waiting for nodes to be ready (launch_nodes.sh)...
Nodes are ready!
Setting target marker ID to 202...
Set parameter successful
Resetting arm position for camera view...
requester: making request: std_srvs.srv.Trigger_Request()

response:
std_srvs.srv.Trigger_Response(success=True, message='Now in position mode.')

[INFO] [1775846229.620766185] [reset_pose]: reset_pose started
[INFO] [1775846229.676076486] [reset_pose]: Node reset_pose connected to /home_the_robot service.
[INFO] [1775846229.678234721] [reset_pose]: Node reset_pose connected to /stow_the_robot service.
[INFO] [1775846229.680004359] [reset_pose]: Node reset_pose connected to /stop_the_robot service.
[INFO] [1775846229.681626482] [reset_pose]: Node reset_pose connected to /switch_to_trajectory_mode service.
[INFO] [1775846229.686334556] [reset_pose]: Node reset_pose connected to /switch_to_position_mode service.
[INFO] [1775846229.690786616] [reset_pose]: Node reset_pose connected to /switch_to_navigation_mode service.
[INFO] [1775846229.691465469] [reset_pose]: Moving to default pose...
[INFO] [1775846239.753518229] [reset_pose]: Arm reset done.
[INFO] [1775846239.753801881] [reset_pose]: Skipping rotation (ROTATE_DEG=0).
[INFO] [1775846239.754005968] [reset_pose]: Done.
Arm reset complete.
requester: making request: std_srvs.srv.Trigger_Request()

response:
std_srvs.srv.Trigger_Response(success=True, message='Now in navigation mode.')

Waiting for live marker detection (confirming stamp is advancing)...
Live detection confirmed! (stamp advancing: 1775846242 → 1775846244)
Live pose:
  x: -0.17324486136449857
  y: -0.6396831573408704
  z: 0.9226247784089707
Waiting for grasp service...
Grasp service ready!
=== Triggering grasp ===
requester: making request: std_srvs.srv.Trigger_Request()

response:
std_srvs.srv.Trigger_Response(success=True, message='Now in position mode.')

requester: making request: std_srvs.srv.Trigger_Request()

response:
std_srvs.srv.Trigger_Response(success=True, message='')
Grasp succeeded!
=== pick_object.sh finished at Fri Apr 10 02:37:48 PM EDT 2026 ===
