=== pick_object.sh started at Thu Apr  9 05:45:13 PM EDT 2026 ===
Target ArUco marker ID: 202
Waiting for nodes to be ready (launch_nodes.sh)...
Nodes are ready!
Setting target marker ID to 202...
Set parameter successful
Resetting arm position for camera view...
requester: making request: std_srvs.srv.Trigger_Request()

response:
std_srvs.srv.Trigger_Response(success=True, message='Now in position mode.')

[INFO] [1775771145.767726801] [reset_pose]: reset_pose started
[INFO] [1775771145.822209918] [reset_pose]: Node reset_pose connected to /home_the_robot service.
[INFO] [1775771145.824949515] [reset_pose]: Node reset_pose connected to /stow_the_robot service.
[INFO] [1775771145.829370810] [reset_pose]: Node reset_pose connected to /stop_the_robot service.
[INFO] [1775771145.832061948] [reset_pose]: Node reset_pose connected to /switch_to_trajectory_mode service.
[INFO] [1775771145.838020969] [reset_pose]: Node reset_pose connected to /switch_to_position_mode service.
[INFO] [1775771145.840305491] [reset_pose]: Node reset_pose connected to /switch_to_navigation_mode service.
[INFO] [1775771145.840869048] [reset_pose]: Moving to default pose...
[INFO] [1775771147.304471731] [reset_pose]: Arm reset done.
[INFO] [1775771147.305471904] [reset_pose]: Skipping rotation (ROTATE_DEG=0).
[INFO] [1775771147.306334249] [reset_pose]: Done.
Arm reset complete.
requester: making request: std_srvs.srv.Trigger_Request()

response:
std_srvs.srv.Trigger_Response(success=True, message='Now in navigation mode.')

Waiting for live marker detection (confirming stamp is advancing)...
Live detection confirmed! (stamp advancing: 1775771149 → 1775771151)
Live pose:
  x: -0.06373561955294268
  y: -0.5726617478905067
  z: 0.9125566543636491
Waiting for grasp service...
Grasp service ready!
=== Triggering grasp ===
requester: making request: std_srvs.srv.Trigger_Request()

response:
std_srvs.srv.Trigger_Response(success=True, message='Now in position mode.')

requester: making request: std_srvs.srv.Trigger_Request()

response:
std_srvs.srv.Trigger_Response(success=True, message='')
Grasp succeeded!
=== pick_object.sh finished at Thu Apr  9 05:46:14 PM EDT 2026 ===
