=== pick_object.sh started at Mon Apr 13 06:47:39 PM EDT 2026 ===
Target ArUco marker ID: 200
Waiting for nodes to be ready (launch_nodes.sh)...
Nodes are ready!
Setting target marker ID to 200...
Set parameter successful
Resetting arm position for camera view...
requester: making request: std_srvs.srv.Trigger_Request()

response:
std_srvs.srv.Trigger_Response(success=True, message='Now in position mode.')

[INFO] [1776120462.810902637] [reset_pose]: reset_pose started
[INFO] [1776120462.856677646] [reset_pose]: Node reset_pose connected to /home_the_robot service.
[INFO] [1776120462.862365598] [reset_pose]: Node reset_pose connected to /stow_the_robot service.
[INFO] [1776120462.867128902] [reset_pose]: Node reset_pose connected to /stop_the_robot service.
[INFO] [1776120462.872315995] [reset_pose]: Node reset_pose connected to /switch_to_trajectory_mode service.
[INFO] [1776120462.874662789] [reset_pose]: Node reset_pose connected to /switch_to_position_mode service.
[INFO] [1776120462.876804880] [reset_pose]: Node reset_pose connected to /switch_to_navigation_mode service.
[INFO] [1776120462.877476386] [reset_pose]: Moving to default pose...
[INFO] [1776120462.981574868] [reset_pose]: Arm reset done.
[INFO] [1776120462.982085060] [reset_pose]: Skipping rotation (ROTATE_DEG=0).
[INFO] [1776120462.982550524] [reset_pose]: Done.
./pick_object.sh: line 35:  9616 Segmentation fault      (core dumped) python3 ~/test1.py
Arm reset complete.
requester: making request: std_srvs.srv.Trigger_Request()

response:
std_srvs.srv.Trigger_Response(success=True, message='Now in navigation mode.')

Waiting for live marker detection (confirming stamp is advancing)...
Live detection confirmed! (stamp advancing: 1776120465 → 1776120467)
Live pose:
  x: -0.2131805970891915
  y: -0.6191447845802551
  z: 0.9433847720344796
Waiting for grasp service...
Grasp service ready!
=== Triggering grasp ===
requester: making request: std_srvs.srv.Trigger_Request()

response:
std_srvs.srv.Trigger_Response(success=True, message='Now in position mode.')

requester: making request: std_srvs.srv.Trigger_Request()

response:
std_srvs.srv.Trigger_Response(success=True, message='')
Grasp succeeded!
=== pick_object.sh finished at Mon Apr 13 06:48:11 PM EDT 2026 ===
