=== pick_object.sh started at Thu Apr  9 05:51:24 PM EDT 2026 ===
Target ArUco marker ID: 202
Waiting for nodes to be ready (launch_nodes.sh)...
Nodes are ready!
Setting target marker ID to 202...
Set parameter successful
Resetting arm position for camera view...
requester: making request: std_srvs.srv.Trigger_Request()

response:
std_srvs.srv.Trigger_Response(success=True, message='Now in position mode.')

[INFO] [1775771488.204323117] [reset_pose]: reset_pose started
[INFO] [1775771488.263058910] [reset_pose]: Node reset_pose connected to /home_the_robot service.
[INFO] [1775771488.265698057] [reset_pose]: Node reset_pose connected to /stow_the_robot service.
[INFO] [1775771488.267590143] [reset_pose]: Node reset_pose connected to /stop_the_robot service.
[INFO] [1775771488.273892966] [reset_pose]: Node reset_pose connected to /switch_to_trajectory_mode service.
[INFO] [1775771488.276827263] [reset_pose]: Node reset_pose connected to /switch_to_position_mode service.
[INFO] [1775771488.279076076] [reset_pose]: Node reset_pose connected to /switch_to_navigation_mode service.
[INFO] [1775771488.279802745] [reset_pose]: Moving to default pose...
[WARN] [1775771488.280395502] [reset_pose]: Currently in  mode. Recommend switching either to position or trajectory mode
[WARN] [1775771488.280713206] [reset_pose]: Commanding joint trajectory server in position mode
[INFO] [1775771493.009058105] [reset_pose]: Arm reset done.
[INFO] [1775771493.009374637] [reset_pose]: Skipping rotation (ROTATE_DEG=0).
[INFO] [1775771493.009682674] [reset_pose]: Done.
Arm reset complete.
requester: making request: std_srvs.srv.Trigger_Request()

response:
std_srvs.srv.Trigger_Response(success=True, message='Now in navigation mode.')

Waiting for live marker detection (confirming stamp is advancing)...
Live detection confirmed! (stamp advancing: 1775771495 → 1775771497)
Live pose:
  x: 0.1840978388520253
  y: -0.5418486512042984
  z: 0.9228572889966273
Waiting for grasp service...
Grasp service ready!
=== Triggering grasp ===
requester: making request: std_srvs.srv.Trigger_Request()

response:
std_srvs.srv.Trigger_Response(success=True, message='Now in position mode.')

requester: making request: std_srvs.srv.Trigger_Request()

response:
std_srvs.srv.Trigger_Response(success=True, message='')
Grasp succeeded!
=== pick_object.sh finished at Thu Apr  9 05:52:02 PM EDT 2026 ===
