=== place_object.sh started at Mon Apr 13 06:43:09 PM EDT 2026 ===
Switching to position mode...
requester: making request: std_srvs.srv.Trigger_Request()

response:
std_srvs.srv.Trigger_Response(success=True, message='Now in position mode.')

Extending arm to place position...
[INFO] [1776120191.994504820] [place_object]: place_object started
[INFO] [1776120192.062858974] [place_object]: Node place_object connected to /home_the_robot service.
[INFO] [1776120192.070195013] [place_object]: Node place_object connected to /stow_the_robot service.
[INFO] [1776120192.072029144] [place_object]: Node place_object connected to /stop_the_robot service.
[INFO] [1776120192.073691669] [place_object]: Node place_object connected to /switch_to_trajectory_mode service.
[INFO] [1776120192.075195357] [place_object]: Node place_object connected to /switch_to_position_mode service.
[INFO] [1776120192.076713553] [place_object]: Node place_object connected to /switch_to_navigation_mode service.
[INFO] [1776120192.076979560] [place_object]: Centering wrist yaw...
[INFO] [1776120193.269081198] [place_object]: Moving to place position...
[INFO] [1776120195.351455855] [place_object]: Place position reached.
[INFO] [1776120195.351985596] [place_object]: Opening gripper to release object...
[INFO] [1776120196.919106163] [place_object]: Gripper opened, object released.
[INFO] [1776120196.919747942] [place_object]: Retracting arm...
[INFO] [1776120196.937948169] [place_object]: Arm retracted.
[INFO] [1776120196.938423635] [place_object]: Done.
Object placed successfully.
Resetting arm to travel position...
[INFO] [1776120197.696271693] [reset_pose]: reset_pose started
[INFO] [1776120197.748262563] [reset_pose]: Node reset_pose connected to /home_the_robot service.
[INFO] [1776120197.750801797] [reset_pose]: Node reset_pose connected to /stow_the_robot service.
[INFO] [1776120197.752813805] [reset_pose]: Node reset_pose connected to /stop_the_robot service.
[INFO] [1776120197.754748648] [reset_pose]: Node reset_pose connected to /switch_to_trajectory_mode service.
[INFO] [1776120197.756339299] [reset_pose]: Node reset_pose connected to /switch_to_position_mode service.
[INFO] [1776120197.758522897] [reset_pose]: Node reset_pose connected to /switch_to_navigation_mode service.
[INFO] [1776120197.759203522] [reset_pose]: Moving to default pose...
[WARN] [1776120197.759873723] [reset_pose]: Currently in  mode. Recommend switching either to position or trajectory mode
[WARN] [1776120197.760513207] [reset_pose]: Commanding joint trajectory server in position mode
[INFO] [1776120200.198541859] [reset_pose]: Arm reset done.
[INFO] [1776120200.199095135] [reset_pose]: Skipping rotation (ROTATE_DEG=0).
[INFO] [1776120200.203590267] [reset_pose]: Done.
Arm reset complete.
=== place_object.sh finished at Mon Apr 13 06:43:20 PM EDT 2026 ===
