=== place_object.sh started at Wed Apr  8 02:59:49 PM EDT 2026 ===
Switching to position mode...
requester: making request: std_srvs.srv.Trigger_Request()

response:
std_srvs.srv.Trigger_Response(success=True, message='Now in position mode.')

Extending arm to place position (extend 25cm, lower 8cm)...
[INFO] [1775674791.522265410] [place_object]: place_object started
[INFO] [1775674791.578590578] [place_object]: Node place_object connected to /home_the_robot service.
[INFO] [1775674791.584009081] [place_object]: Node place_object connected to /stow_the_robot service.
[INFO] [1775674791.585693079] [place_object]: Node place_object connected to /stop_the_robot service.
[INFO] [1775674791.587375879] [place_object]: Node place_object connected to /switch_to_trajectory_mode service.
[INFO] [1775674791.588786140] [place_object]: Node place_object connected to /switch_to_position_mode service.
[INFO] [1775674791.590375996] [place_object]: Node place_object connected to /switch_to_navigation_mode service.
[INFO] [1775674791.590826516] [place_object]: Moving to place position...
[INFO] [1775674791.605560641] [place_object]: Place position reached.
[INFO] [1775674791.606078785] [place_object]: Opening gripper to release object...
[INFO] [1775674795.095349595] [place_object]: Gripper opened, object released.
[INFO] [1775674795.095846325] [place_object]: Retracting arm...
[INFO] [1775674797.660176412] [place_object]: Arm retracted.
[INFO] [1775674797.660477793] [place_object]: Done.
Object placed successfully.
Resetting arm to travel position...
[INFO] [1775674798.447076734] [reset_pose]: reset_pose started
[INFO] [1775674798.504475822] [reset_pose]: Node reset_pose connected to /home_the_robot service.
[INFO] [1775674798.506312351] [reset_pose]: Node reset_pose connected to /stow_the_robot service.
[INFO] [1775674798.508239523] [reset_pose]: Node reset_pose connected to /stop_the_robot service.
[INFO] [1775674798.510634102] [reset_pose]: Node reset_pose connected to /switch_to_trajectory_mode service.
[INFO] [1775674798.513449582] [reset_pose]: Node reset_pose connected to /switch_to_position_mode service.
[INFO] [1775674798.516303519] [reset_pose]: Node reset_pose connected to /switch_to_navigation_mode service.
[INFO] [1775674798.517193725] [reset_pose]: Moving to default pose...
[WARN] [1775674798.532672721] [reset_pose]: Currently in  mode. Recommend switching either to position or trajectory mode
[WARN] [1775674798.533577947] [reset_pose]: Commanding joint trajectory server in position mode
[INFO] [1775674802.524823240] [reset_pose]: Arm reset done.
[INFO] [1775674802.525236618] [reset_pose]: Skipping rotation (ROTATE_DEG=0).
[INFO] [1775674802.525529804] [reset_pose]: Done.
Arm reset complete.
=== place_object.sh finished at Wed Apr  8 03:00:02 PM EDT 2026 ===
