=== place_object.sh started at Thu Apr  9 12:43:58 PM EDT 2026 ===
Switching to position mode...
requester: making request: std_srvs.srv.Trigger_Request()

response:
std_srvs.srv.Trigger_Response(success=True, message='Now in position mode.')

Extending arm to place position (extend 25cm, lower 8cm)...
[INFO] [1775753040.797373275] [place_object]: place_object started
[INFO] [1775753040.865669661] [place_object]: Node place_object connected to /home_the_robot service.
[INFO] [1775753040.868013703] [place_object]: Node place_object connected to /stow_the_robot service.
[INFO] [1775753040.870271351] [place_object]: Node place_object connected to /stop_the_robot service.
[INFO] [1775753040.872191349] [place_object]: Node place_object connected to /switch_to_trajectory_mode service.
[INFO] [1775753040.874228231] [place_object]: Node place_object connected to /switch_to_position_mode service.
[INFO] [1775753040.876101688] [place_object]: Node place_object connected to /switch_to_navigation_mode service.
[INFO] [1775753040.876661367] [place_object]: Moving to place position...
[INFO] [1775753043.456430701] [place_object]: Place position reached.
[INFO] [1775753043.456966918] [place_object]: Opening gripper to release object...
[INFO] [1775753046.912856136] [place_object]: Gripper opened, object released.
[INFO] [1775753046.913382314] [place_object]: Retracting arm...
[INFO] [1775753049.483076092] [place_object]: Arm retracted.
[INFO] [1775753049.483546432] [place_object]: Done.
./place_object.sh: line 54: 24064 Segmentation fault      (core dumped) python3 - <<'EOF'
import rclpy
from hello_helpers.hello_misc import HelloNode
import math

class PlaceObject(HelloNode):
    def __init__(self):
        super().__init__()
        super().main('place_object', 'place_object', wait_for_first_pointcloud=False)
        self.get_logger().info("Moving to place position...")
        self.move_to_pose({
            'joint_lift': 0.9118,
            'joint_arm':  0.25,
        }, blocking=True)
        self.get_logger().info("Place position reached.")

        self.get_logger().info("Opening gripper to release object...")
        self.move_to_pose({
            'joint_gripper_finger_left': 0.6,
        }, blocking=True)
        self.get_logger().info("Gripper opened, object released.")

        self.get_logger().info("Retracting arm...")
        self.move_to_pose({
            'joint_arm': 0.0,
        }, blocking=True)
        self.get_logger().info("Arm retracted.")

        self.get_logger().info("Done.")

def main():
    node = PlaceObject()
    node.destroy_node()
    rclpy.shutdown()

if __name__ == '__main__':
    main()
EOF

Object placed successfully.
Resetting arm to travel position...
[INFO] [1775753051.212000765] [reset_pose]: reset_pose started
[INFO] [1775753051.271877315] [reset_pose]: Node reset_pose connected to /home_the_robot service.
[INFO] [1775753051.273122594] [reset_pose]: Node reset_pose connected to /stow_the_robot service.
[INFO] [1775753051.274172069] [reset_pose]: Node reset_pose connected to /stop_the_robot service.
[INFO] [1775753051.275341405] [reset_pose]: Node reset_pose connected to /switch_to_trajectory_mode service.
[INFO] [1775753051.277081751] [reset_pose]: Node reset_pose connected to /switch_to_position_mode service.
[INFO] [1775753051.278382615] [reset_pose]: Node reset_pose connected to /switch_to_navigation_mode service.
[INFO] [1775753051.278701708] [reset_pose]: Moving to default pose...
[WARN] [1775753051.279012215] [reset_pose]: Currently in  mode. Recommend switching either to position or trajectory mode
[WARN] [1775753051.279261934] [reset_pose]: Commanding joint trajectory server in position mode
[INFO] [1775753055.274157163] [reset_pose]: Arm reset done.
[INFO] [1775753055.274676803] [reset_pose]: Skipping rotation (ROTATE_DEG=0).
[INFO] [1775753055.274906548] [reset_pose]: Done.
Arm reset complete.
=== place_object.sh finished at Thu Apr  9 12:44:15 PM EDT 2026 ===
