=== place_object.sh started at Fri Apr 10 03:25:35 PM EDT 2026 ===
Switching to position mode...
requester: making request: std_srvs.srv.Trigger_Request()

response:
std_srvs.srv.Trigger_Response(success=True, message='Now in position mode.')

Extending arm to place position...
[INFO] [1775849137.844253854] [place_object]: place_object started
[INFO] [1775849137.906313566] [place_object]: Node place_object connected to /home_the_robot service.
[INFO] [1775849137.907578033] [place_object]: Node place_object connected to /stow_the_robot service.
[INFO] [1775849137.908618431] [place_object]: Node place_object connected to /stop_the_robot service.
[INFO] [1775849137.910509409] [place_object]: Node place_object connected to /switch_to_trajectory_mode service.
[INFO] [1775849137.912233987] [place_object]: Node place_object connected to /switch_to_position_mode service.
[INFO] [1775849137.914975989] [place_object]: Node place_object connected to /switch_to_navigation_mode service.
[INFO] [1775849137.915797840] [place_object]: Centering wrist yaw...
[WARN] [1775849137.916768823] [place_object]: Currently in  mode. Recommend switching either to position or trajectory mode
[WARN] [1775849137.917846322] [place_object]: Commanding joint trajectory server in position mode
[INFO] [1775849139.103759977] [place_object]: Moving to place position...
[INFO] [1775849141.637232064] [place_object]: Place position reached.
[INFO] [1775849141.637525209] [place_object]: Opening gripper to release object...
[INFO] [1775849143.204111146] [place_object]: Gripper opened, object released.
[INFO] [1775849143.204665332] [place_object]: Retracting arm...
[INFO] [1775849145.801532146] [place_object]: Arm retracted.
[INFO] [1775849145.802025120] [place_object]: Done.
Object placed successfully.
Resetting arm to travel position...
[INFO] [1775849146.800992433] [reset_pose]: reset_pose started
[INFO] [1775849146.855573440] [reset_pose]: Node reset_pose connected to /home_the_robot service.
[INFO] [1775849146.857732791] [reset_pose]: Node reset_pose connected to /stow_the_robot service.
[INFO] [1775849146.859253542] [reset_pose]: Node reset_pose connected to /stop_the_robot service.
[INFO] [1775849146.861414161] [reset_pose]: Node reset_pose connected to /switch_to_trajectory_mode service.
[INFO] [1775849146.863493519] [reset_pose]: Node reset_pose connected to /switch_to_position_mode service.
[INFO] [1775849146.867677103] [reset_pose]: Node reset_pose connected to /switch_to_navigation_mode service.
[INFO] [1775849146.868043582] [reset_pose]: Moving to default pose...
[INFO] [1775849149.268391810] [reset_pose]: Arm reset done.
[INFO] [1775849149.268955675] [reset_pose]: Skipping rotation (ROTATE_DEG=0).
[INFO] [1775849149.269392325] [reset_pose]: Done.
Arm reset complete.
=== place_object.sh finished at Fri Apr 10 03:25:49 PM EDT 2026 ===
