=== place_object.sh started at Fri Apr 10 03:26:37 PM EDT 2026 ===
Switching to position mode...
requester: making request: std_srvs.srv.Trigger_Request()

response:
std_srvs.srv.Trigger_Response(success=True, message='Now in position mode.')

Extending arm to place position...
[INFO] [1775849199.404492932] [place_object]: place_object started
[INFO] [1775849199.459289663] [place_object]: Node place_object connected to /home_the_robot service.
[INFO] [1775849199.461700638] [place_object]: Node place_object connected to /stow_the_robot service.
[INFO] [1775849199.467575578] [place_object]: Node place_object connected to /stop_the_robot service.
[INFO] [1775849199.469318700] [place_object]: Node place_object connected to /switch_to_trajectory_mode service.
[INFO] [1775849199.470902481] [place_object]: Node place_object connected to /switch_to_position_mode service.
[INFO] [1775849199.472457773] [place_object]: Node place_object connected to /switch_to_navigation_mode service.
[INFO] [1775849199.472971099] [place_object]: Centering wrist yaw...
[INFO] [1775849200.315902090] [place_object]: Moving to place position...
[INFO] [1775849202.856896219] [place_object]: Place position reached.
[INFO] [1775849202.857386989] [place_object]: Opening gripper to release object...
[INFO] [1775849206.272879918] [place_object]: Gripper opened, object released.
[INFO] [1775849206.273471651] [place_object]: Retracting arm...
[INFO] [1775849208.835542088] [place_object]: Arm retracted.
[INFO] [1775849208.835993029] [place_object]: Done.
./place_object.sh: line 52:  8595 Segmentation fault      (core dumped) python3 - <<'EOF'
import rclpy
from hello_helpers.hello_misc import HelloNode

class PlaceObject(HelloNode):
    def __init__(self):
        super().__init__()
        super().main('place_object', 'place_object', wait_for_first_pointcloud=False)

        self.get_logger().info("Centering wrist yaw...")
        self.move_to_pose({'joint_wrist_yaw': 0.95}, blocking=True)

        self.get_logger().info("Moving to place position...")
        self.move_to_pose({
            'joint_lift': 0.9118,
            'joint_arm':  0.25,
        }, blocking=True)
        self.get_logger().info("Place position reached.")

        self.get_logger().info("Opening gripper to release object...")
        self.move_to_pose({'joint_gripper_finger_left': 0.6}, blocking=True)
        self.get_logger().info("Gripper opened, object released.")

        self.get_logger().info("Retracting arm...")
        self.move_to_pose({'joint_arm': 0.0}, blocking=True)
        self.get_logger().info("Arm retracted.")

        self.get_logger().info("Done.")

def main():
    node = PlaceObject()
    node.destroy_node()
    rclpy.shutdown()

if __name__ == '__main__':
    main()
EOF

Object placed successfully.
Resetting arm to travel position...
[INFO] [1775849210.695291316] [reset_pose]: reset_pose started
[INFO] [1775849210.768395921] [reset_pose]: Node reset_pose connected to /home_the_robot service.
[INFO] [1775849210.770480030] [reset_pose]: Node reset_pose connected to /stow_the_robot service.
[INFO] [1775849210.772273975] [reset_pose]: Node reset_pose connected to /stop_the_robot service.
[INFO] [1775849210.774188018] [reset_pose]: Node reset_pose connected to /switch_to_trajectory_mode service.
[INFO] [1775849210.776984283] [reset_pose]: Node reset_pose connected to /switch_to_position_mode service.
[INFO] [1775849210.779968120] [reset_pose]: Node reset_pose connected to /switch_to_navigation_mode service.
[INFO] [1775849210.780704544] [reset_pose]: Moving to default pose...
[INFO] [1775849214.786688324] [reset_pose]: Arm reset done.
[INFO] [1775849214.787042545] [reset_pose]: Skipping rotation (ROTATE_DEG=0).
[INFO] [1775849214.787267314] [reset_pose]: Done.
Arm reset complete.
=== place_object.sh finished at Fri Apr 10 03:26:55 PM EDT 2026 ===
