=== place_object.sh started at Fri Apr 10 03:20:58 PM EDT 2026 ===
Switching to position mode...
requester: making request: std_srvs.srv.Trigger_Request()

response:
std_srvs.srv.Trigger_Response(success=True, message='Now in position mode.')

Extending arm to place position (extend 25cm, lower 8cm)...
[INFO] [1775848860.614032460] [place_object]: place_object started
[INFO] [1775848860.671661071] [place_object]: Node place_object connected to /home_the_robot service.
[INFO] [1775848860.673828006] [place_object]: Node place_object connected to /stow_the_robot service.
[INFO] [1775848860.675498115] [place_object]: Node place_object connected to /stop_the_robot service.
[INFO] [1775848860.677363041] [place_object]: Node place_object connected to /switch_to_trajectory_mode service.
[INFO] [1775848860.678918663] [place_object]: Node place_object connected to /switch_to_position_mode service.
[INFO] [1775848860.680566723] [place_object]: Node place_object connected to /switch_to_navigation_mode service.
[INFO] [1775848860.680807609] [place_object]: Moving to place position...
[WARN] [1775848860.681069802] [place_object]: Currently in  mode. Recommend switching either to position or trajectory mode
[WARN] [1775848860.681314166] [place_object]: Commanding joint trajectory server in position mode
[INFO] [1775848863.266943284] [place_object]: Place position reached.
[INFO] [1775848863.267603342] [place_object]: Opening gripper to release object...
[INFO] [1775848866.727700682] [place_object]: Gripper opened, object released.
[INFO] [1775848866.728313590] [place_object]: Retracting arm...
[INFO] [1775848869.322082692] [place_object]: Arm retracted.
[INFO] [1775848869.322690890] [place_object]: Done.
./place_object.sh: line 54:  8066 Segmentation fault      (core dumped) python3 - <<'EOF'
import rclpy
from hello_helpers.hello_misc import HelloNode
import math

class PlaceObject(HelloNode):
    def __init__(self):
        super().__init__()
        super().main('place_object', 'place_object', wait_for_first_pointcloud=False)
        self.get_logger().info("Moving to place position...")
        self.move_to_pose({
            'joint_lift': 0.9118,
            'joint_arm':  0.25,
        }, blocking=True)
        self.get_logger().info("Place position reached.")

        self.get_logger().info("Opening gripper to release object...")
        self.move_to_pose({
            'joint_gripper_finger_left': 0.6,
        }, blocking=True)
        self.get_logger().info("Gripper opened, object released.")

        self.get_logger().info("Retracting arm...")
        self.move_to_pose({
            'joint_arm': 0.0,
        }, blocking=True)
        self.get_logger().info("Arm retracted.")

        self.get_logger().info("Done.")

def main():
    node = PlaceObject()
    node.destroy_node()
    rclpy.shutdown()

if __name__ == '__main__':
    main()
EOF

Object placed successfully.
Resetting arm to travel position...
[INFO] [1775848871.152756309] [reset_pose]: reset_pose started
[INFO] [1775848871.205520065] [reset_pose]: Node reset_pose connected to /home_the_robot service.
[INFO] [1775848871.206927813] [reset_pose]: Node reset_pose connected to /stow_the_robot service.
[INFO] [1775848871.208451192] [reset_pose]: Node reset_pose connected to /stop_the_robot service.
[INFO] [1775848871.210193365] [reset_pose]: Node reset_pose connected to /switch_to_trajectory_mode service.
[INFO] [1775848871.211083363] [reset_pose]: Node reset_pose connected to /switch_to_position_mode service.
[INFO] [1775848871.211908020] [reset_pose]: Node reset_pose connected to /switch_to_navigation_mode service.
[INFO] [1775848871.212230113] [reset_pose]: Moving to default pose...
[WARN] [1775848871.212505567] [reset_pose]: Currently in  mode. Recommend switching either to position or trajectory mode
[WARN] [1775848871.212729088] [reset_pose]: Commanding joint trajectory server in position mode
[INFO] [1775848875.214045776] [reset_pose]: Arm reset done.
[INFO] [1775848875.214380161] [reset_pose]: Skipping rotation (ROTATE_DEG=0).
[INFO] [1775848875.214971301] [reset_pose]: Done.
Arm reset complete.
=== place_object.sh finished at Fri Apr 10 03:21:15 PM EDT 2026 ===
