=== place_object.sh started at Thu Apr  9 12:04:17 PM EDT 2026 ===
Switching to position mode...
requester: making request: std_srvs.srv.Trigger_Request()

response:
std_srvs.srv.Trigger_Response(success=True, message='Now in position mode.')

Extending arm to place position (extend 25cm, lower 8cm)...
[INFO] [1775750659.476643530] [place_object]: place_object started
[INFO] [1775750659.536854393] [place_object]: Node place_object connected to /home_the_robot service.
[INFO] [1775750659.538368349] [place_object]: Node place_object connected to /stow_the_robot service.
[INFO] [1775750659.539911018] [place_object]: Node place_object connected to /stop_the_robot service.
[INFO] [1775750659.541288919] [place_object]: Node place_object connected to /switch_to_trajectory_mode service.
[INFO] [1775750659.542941011] [place_object]: Node place_object connected to /switch_to_position_mode service.
[INFO] [1775750659.544539172] [place_object]: Node place_object connected to /switch_to_navigation_mode service.
[INFO] [1775750659.545020772] [place_object]: Moving to place position...
[WARN] [1775750659.545599752] [place_object]: Currently in  mode. Recommend switching either to position or trajectory mode
[WARN] [1775750659.546135070] [place_object]: Commanding joint trajectory server in position mode
[INFO] [1775750662.094794078] [place_object]: Place position reached.
[INFO] [1775750662.095312100] [place_object]: Opening gripper to release object...
[INFO] [1775750665.553928629] [place_object]: Gripper opened, object released.
[INFO] [1775750665.554327195] [place_object]: Retracting arm...
[INFO] [1775750668.081992202] [place_object]: Arm retracted.
[INFO] [1775750668.082231488] [place_object]: Done.
Object placed successfully.
Resetting arm to travel position...
[INFO] [1775750668.837595120] [reset_pose]: reset_pose started
[INFO] [1775750668.910820470] [reset_pose]: Node reset_pose connected to /home_the_robot service.
[INFO] [1775750668.912224101] [reset_pose]: Node reset_pose connected to /stow_the_robot service.
[INFO] [1775750668.913678562] [reset_pose]: Node reset_pose connected to /stop_the_robot service.
[INFO] [1775750668.915453169] [reset_pose]: Node reset_pose connected to /switch_to_trajectory_mode service.
[INFO] [1775750668.917701527] [reset_pose]: Node reset_pose connected to /switch_to_position_mode service.
[INFO] [1775750668.923970822] [reset_pose]: Node reset_pose connected to /switch_to_navigation_mode service.
[INFO] [1775750668.924362879] [reset_pose]: Moving to default pose...
[INFO] [1775750672.907289805] [reset_pose]: Arm reset done.
[INFO] [1775750672.907515022] [reset_pose]: Skipping rotation (ROTATE_DEG=0).
[INFO] [1775750672.907700340] [reset_pose]: Done.
Arm reset complete.
=== place_object.sh finished at Thu Apr  9 12:04:33 PM EDT 2026 ===
