=== return_home.sh started at Wed Apr  8 02:44:11 PM EDT 2026 ===
Waiting for nodes to be ready (launch_nodes.sh)...
Nodes are ready!
requester: making request: std_srvs.srv.Trigger_Request()

response:
std_srvs.srv.Trigger_Response(success=True, message='Now in navigation mode.')

Waiting for controller_server...
Set parameter successful
Yaw tolerance set.
=== Navigating back to origin ===
Waiting for an action server to become available...
Sending goal:
     pose:
  header:
    stamp:
      sec: 0
      nanosec: 0
    frame_id: map
  pose:
    position:
      x: 0.0
      y: 0.0
      z: 0.0
    orientation:
      x: 0.0
      y: 0.0
      z: 0.0
      w: 1.0
behavior_tree: ''

Goal accepted with ID: 6a2c552ca7484210a44251d57aa28e50

Result:
    result: {}

Goal finished with status: SUCCEEDED
Navigation to origin succeeded!
Resetting arm position...
requester: making request: std_srvs.srv.Trigger_Request()

response:
std_srvs.srv.Trigger_Response(success=True, message='Now in position mode.')

[INFO] [1775673874.088944380] [reset_pose]: reset_pose started
[INFO] [1775673874.142182934] [reset_pose]: Node reset_pose connected to /home_the_robot service.
[INFO] [1775673874.144213832] [reset_pose]: Node reset_pose connected to /stow_the_robot service.
[INFO] [1775673874.151758704] [reset_pose]: Node reset_pose connected to /stop_the_robot service.
[INFO] [1775673874.153764197] [reset_pose]: Node reset_pose connected to /switch_to_trajectory_mode service.
[INFO] [1775673874.155955922] [reset_pose]: Node reset_pose connected to /switch_to_position_mode service.
[INFO] [1775673874.158514239] [reset_pose]: Node reset_pose connected to /switch_to_navigation_mode service.
[INFO] [1775673874.159124328] [reset_pose]: Moving to default pose...
[INFO] [1775673878.932332705] [reset_pose]: Arm reset done.
[INFO] [1775673878.932582738] [reset_pose]: Skipping rotation (ROTATE_DEG=0).
[INFO] [1775673878.932767340] [reset_pose]: Done.
Arm reset complete (exit 0).
=== return_home.sh finished at Wed Apr  8 02:44:39 PM EDT 2026 ===
