=== run_task.sh started at Tue Apr  7 03:40:36 PM EDT 2026 ===
Waiting for nodes to be ready (launch_nodes.sh)...
Nodes are ready!
requester: making request: std_srvs.srv.Trigger_Request()

response:
std_srvs.srv.Trigger_Response(success=True, message='Now in navigation mode.')

Waiting for controller_server...
Set parameter successful
Yaw tolerance set.
Resetting arm position...
requester: making request: std_srvs.srv.Trigger_Request()

response:
std_srvs.srv.Trigger_Response(success=True, message='Now in position mode.')

[INFO] [1775590841.399711884] [reset_pose]: reset_pose started
[INFO] [1775590841.453618506] [reset_pose]: Node reset_pose connected to /home_the_robot service.
[INFO] [1775590841.456678930] [reset_pose]: Node reset_pose connected to /stow_the_robot service.
[INFO] [1775590841.470736961] [reset_pose]: Node reset_pose connected to /stop_the_robot service.
[INFO] [1775590841.472748292] [reset_pose]: Node reset_pose connected to /switch_to_trajectory_mode service.
[INFO] [1775590841.474591733] [reset_pose]: Node reset_pose connected to /switch_to_position_mode service.
[INFO] [1775590841.475752777] [reset_pose]: Node reset_pose connected to /switch_to_navigation_mode service.
[INFO] [1775590841.476104802] [reset_pose]: Moving to default pose...
[INFO] [1775590846.295506110] [reset_pose]: Arm reset done.
[INFO] [1775590846.295901062] [reset_pose]: Skipping rotation (ROTATE_DEG=0).
[INFO] [1775590846.296129974] [reset_pose]: Done.
Arm reset complete (exit 0).
requester: making request: std_srvs.srv.Trigger_Request()

response:
std_srvs.srv.Trigger_Response(success=True, message='Now in navigation mode.')

=== Navigating to table ===
requester: making request: std_srvs.srv.Trigger_Request()

response:
std_srvs.srv.Trigger_Response(success=True, message='Now in navigation mode.')

Set parameter successful
Waiting for an action server to become available...
Sending goal:
     pose:
  header:
    stamp:
      sec: 0
      nanosec: 0
    frame_id: map
  pose:
    position:
      x: 0.5688
      y: 1.6601
      z: 0.0
    orientation:
      x: 0.0
      y: 0.0
      z: -0.707
      w: 0.707
behavior_tree: ''

Goal accepted with ID: 4afdbc3c85c84f2692e13089464ddb2c

Result:
    result: {}

Goal finished with status: SUCCEEDED
Navigation succeeded!
Waiting for grasp service...
Grasp service ready!
=== Triggering grasp ===
requester: making request: std_srvs.srv.Trigger_Request()

response:
std_srvs.srv.Trigger_Response(success=True, message='Now in position mode.')

requester: making request: std_srvs.srv.Trigger_Request()

response:
std_srvs.srv.Trigger_Response(success=False, message='')
ERROR: Grasp failed.
