=== run_task.sh started at Tue Apr  7 03:26:41 PM EDT 2026 ===
Waiting for nodes to be ready (launch_nodes.sh)...
Nodes are ready!
requester: making request: std_srvs.srv.Trigger_Request()

response:
std_srvs.srv.Trigger_Response(success=True, message='Now in navigation mode.')

Waiting for controller_server...
Set parameter successful
Yaw tolerance set.
Resetting arm position...
requester: making request: std_srvs.srv.Trigger_Request()

response:
std_srvs.srv.Trigger_Response(success=True, message='Now in position mode.')

[INFO] [1775590025.895707275] [reset_pose]: reset_pose started
[INFO] [1775590025.941776160] [reset_pose]: Node reset_pose connected to /home_the_robot service.
[INFO] [1775590025.943409204] [reset_pose]: Node reset_pose connected to /stow_the_robot service.
[INFO] [1775590025.945487122] [reset_pose]: Node reset_pose connected to /stop_the_robot service.
[INFO] [1775590025.947415211] [reset_pose]: Node reset_pose connected to /switch_to_trajectory_mode service.
[INFO] [1775590025.952185539] [reset_pose]: Node reset_pose connected to /switch_to_position_mode service.
[INFO] [1775590025.958518715] [reset_pose]: Node reset_pose connected to /switch_to_navigation_mode service.
[INFO] [1775590025.959092790] [reset_pose]: Moving to default pose...
[INFO] [1775590030.727712526] [reset_pose]: Arm reset done.
[INFO] [1775590030.727951872] [reset_pose]: Skipping rotation (ROTATE_DEG=0).
[INFO] [1775590030.728140701] [reset_pose]: Done.
Arm reset complete (exit 0).
requester: making request: std_srvs.srv.Trigger_Request()

response:
std_srvs.srv.Trigger_Response(success=True, message='Now in navigation mode.')

=== Navigating to table ===
requester: making request: std_srvs.srv.Trigger_Request()

response:
std_srvs.srv.Trigger_Response(success=True, message='Now in navigation mode.')

Set parameter successful
Waiting for an action server to become available...
Sending goal:
     pose:
  header:
    stamp:
      sec: 0
      nanosec: 0
    frame_id: map
  pose:
    position:
      x: 0.5688
      y: 1.6601
      z: 0.0
    orientation:
      x: 0.0
      y: 0.0
      z: -0.707
      w: 0.707
behavior_tree: ''

Goal accepted with ID: 4cb98725183c4c389163946d1de8ecd6

Result:
    result: {}

Goal finished with status: SUCCEEDED
Navigation succeeded!
Waiting for grasp service...
Grasp service ready!
=== Triggering grasp ===
requester: making request: std_srvs.srv.Trigger_Request()

response:
std_srvs.srv.Trigger_Response(success=True, message='Now in position mode.')

requester: making request: std_srvs.srv.Trigger_Request()

response:
std_srvs.srv.Trigger_Response(success=True, message='')
Grasp succeeded!
=== run_task.sh finished at Tue Apr  7 03:27:56 PM EDT 2026 ===
