=== run_task.sh started at Wed Apr  8 02:25:58 PM EDT 2026 ===
Waiting for nodes to be ready (launch_nodes.sh)...
Nodes are ready!
requester: making request: std_srvs.srv.Trigger_Request()

response:
std_srvs.srv.Trigger_Response(success=True, message='Now in navigation mode.')

Waiting for controller_server...
Set parameter successful
Yaw tolerance set.
Resetting arm position...
requester: making request: std_srvs.srv.Trigger_Request()

response:
std_srvs.srv.Trigger_Response(success=True, message='Now in position mode.')

[INFO] [1775672764.136164628] [reset_pose]: reset_pose started
[INFO] [1775672764.187080084] [reset_pose]: Node reset_pose connected to /home_the_robot service.
[INFO] [1775672764.188720915] [reset_pose]: Node reset_pose connected to /stow_the_robot service.
[INFO] [1775672764.190089596] [reset_pose]: Node reset_pose connected to /stop_the_robot service.
[INFO] [1775672764.191490014] [reset_pose]: Node reset_pose connected to /switch_to_trajectory_mode service.
[INFO] [1775672764.193110542] [reset_pose]: Node reset_pose connected to /switch_to_position_mode service.
[INFO] [1775672764.194940651] [reset_pose]: Node reset_pose connected to /switch_to_navigation_mode service.
[INFO] [1775672764.195366082] [reset_pose]: Moving to default pose...
[WARN] [1775672764.195684639] [reset_pose]: Currently in  mode. Recommend switching either to position or trajectory mode
[WARN] [1775672764.196001717] [reset_pose]: Commanding joint trajectory server in position mode
[INFO] [1775672765.698586797] [reset_pose]: Arm reset done.
[INFO] [1775672765.699013961] [reset_pose]: Skipping rotation (ROTATE_DEG=0).
[INFO] [1775672765.699315686] [reset_pose]: Done.
Arm reset complete (exit 0).
requester: making request: std_srvs.srv.Trigger_Request()

response:
std_srvs.srv.Trigger_Response(success=True, message='Now in navigation mode.')

=== Navigating to table ===
requester: making request: std_srvs.srv.Trigger_Request()

response:
std_srvs.srv.Trigger_Response(success=True, message='Now in navigation mode.')

Set parameter successful
Waiting for an action server to become available...
Sending goal:
     pose:
  header:
    stamp:
      sec: 0
      nanosec: 0
    frame_id: map
  pose:
    position:
      x: 0.5688
      y: 1.6601
      z: 0.0
    orientation:
      x: 0.0
      y: 0.0
      z: -0.707
      w: 0.707
behavior_tree: ''

Goal accepted with ID: 70d267e7d2c040ebb582e7d8df374976

Result:
    result: {}

Goal finished with status: SUCCEEDED
Navigation succeeded!
Waiting for grasp service...
Grasp service ready!
=== Triggering grasp ===
requester: making request: std_srvs.srv.Trigger_Request()

response:
std_srvs.srv.Trigger_Response(success=True, message='Now in position mode.')

