=== run_task.sh started at Tue Apr  7 03:09:03 PM EDT 2026 ===
Waiting for nodes to be ready (launch_nodes.sh)...
Nodes are ready!
Setting initial pose...
publisher: beginning loop
publishing #1: geometry_msgs.msg.PoseWithCovarianceStamped(header=std_msgs.msg.Header(stamp=builtin_interfaces.msg.Time(sec=0, nanosec=0), frame_id='map'), pose=geometry_msgs.msg.PoseWithCovariance(pose=geometry_msgs.msg.Pose(position=geometry_msgs.msg.Point(x=0.0, y=0.0, z=0.0), orientation=geometry_msgs.msg.Quaternion(x=0.0, y=0.0, z=0.0, w=1.0)), covariance=array([0.25, 0.  , 0.  , 0.  , 0.  , 0.  , 0.  , 0.25, 0.  , 0.  , 0.  ,
       0.  , 0.  , 0.  , 0.  , 0.  , 0.  , 0.  , 0.  , 0.  , 0.  , 0.  ,
       0.  , 0.  , 0.  , 0.  , 0.  , 0.  , 0.  , 0.  , 0.  , 0.  , 0.  ,
       0.  , 0.  , 0.07])))

requester: making request: std_srvs.srv.Trigger_Request()

response:
std_srvs.srv.Trigger_Response(success=True, message='Now in navigation mode.')

Waiting for controller_server...
Set parameter successful
Yaw tolerance set.
Resetting arm position...
requester: making request: std_srvs.srv.Trigger_Request()

response:
std_srvs.srv.Trigger_Response(success=True, message='Now in position mode.')

[INFO] [1775588951.243281125] [reset_pose]: reset_pose started
[INFO] [1775588951.303405869] [reset_pose]: Node reset_pose connected to /home_the_robot service.
[INFO] [1775588951.304661017] [reset_pose]: Node reset_pose connected to /stow_the_robot service.
[INFO] [1775588951.305824363] [reset_pose]: Node reset_pose connected to /stop_the_robot service.
[INFO] [1775588951.307040567] [reset_pose]: Node reset_pose connected to /switch_to_trajectory_mode service.
[INFO] [1775588951.311581383] [reset_pose]: Node reset_pose connected to /switch_to_position_mode service.
[INFO] [1775588951.313549435] [reset_pose]: Node reset_pose connected to /switch_to_navigation_mode service.
[INFO] [1775588951.314133862] [reset_pose]: Moving to default pose...
[WARN] [1775588951.314742742] [reset_pose]: Currently in  mode. Recommend switching either to position or trajectory mode
[WARN] [1775588951.315254490] [reset_pose]: Commanding joint trajectory server in position mode
[INFO] [1775588951.493818026] [reset_pose]: Arm reset done.
[INFO] [1775588951.494264719] [reset_pose]: Skipping rotation (ROTATE_DEG=0).
[INFO] [1775588951.494700987] [reset_pose]: Done.
Arm reset complete (exit 0).
requester: making request: std_srvs.srv.Trigger_Request()

response:
std_srvs.srv.Trigger_Response(success=True, message='Now in navigation mode.')

=== Navigating to table ===
requester: making request: std_srvs.srv.Trigger_Request()

response:
std_srvs.srv.Trigger_Response(success=True, message='Now in navigation mode.')

Set parameter successful
Waiting for an action server to become available...
Sending goal:
     pose:
  header:
    stamp:
      sec: 0
      nanosec: 0
    frame_id: map
  pose:
    position:
      x: 0.5688
      y: 1.6601
      z: 0.0
    orientation:
      x: 0.0
      y: 0.0
      z: -0.707
      w: 0.707
behavior_tree: ''

Goal accepted with ID: 66acd1ef047d4e0bb56b48704e32c0fa

Result:
    result: {}

Goal finished with status: SUCCEEDED
Navigation succeeded!
Waiting for grasp service...
Grasp service ready!
=== Triggering grasp ===
requester: making request: std_srvs.srv.Trigger_Request()

response:
std_srvs.srv.Trigger_Response(success=True, message='Now in position mode.')

requester: making request: std_srvs.srv.Trigger_Request()

response:
std_srvs.srv.Trigger_Response(success=True, message='')
Grasp succeeded!
=== run_task.sh finished at Tue Apr  7 03:09:57 PM EDT 2026 ===
