=== run_task.sh started at Wed Apr  8 02:19:25 PM EDT 2026 ===
Waiting for nodes to be ready (launch_nodes.sh)...
Nodes are ready!
requester: making request: std_srvs.srv.Trigger_Request()

response:
std_srvs.srv.Trigger_Response(success=True, message='Now in navigation mode.')

Waiting for controller_server...
Set parameter successful
Yaw tolerance set.
Resetting arm position...
requester: making request: std_srvs.srv.Trigger_Request()

response:
std_srvs.srv.Trigger_Response(success=True, message='Now in position mode.')

[INFO] [1775672371.237359119] [reset_pose]: reset_pose started
[INFO] [1775672371.290847497] [reset_pose]: Node reset_pose connected to /home_the_robot service.
[INFO] [1775672371.292273220] [reset_pose]: Node reset_pose connected to /stow_the_robot service.
[INFO] [1775672371.293438135] [reset_pose]: Node reset_pose connected to /stop_the_robot service.
[INFO] [1775672371.294952743] [reset_pose]: Node reset_pose connected to /switch_to_trajectory_mode service.
[INFO] [1775672371.296376980] [reset_pose]: Node reset_pose connected to /switch_to_position_mode service.
[INFO] [1775672371.297754288] [reset_pose]: Node reset_pose connected to /switch_to_navigation_mode service.
[INFO] [1775672371.298270308] [reset_pose]: Moving to default pose...
[WARN] [1775672371.298787446] [reset_pose]: Currently in  mode. Recommend switching either to position or trajectory mode
[WARN] [1775672371.299272344] [reset_pose]: Commanding joint trajectory server in position mode
[INFO] [1775672371.355342528] [reset_pose]: Arm reset done.
[INFO] [1775672371.355599442] [reset_pose]: Skipping rotation (ROTATE_DEG=0).
[INFO] [1775672371.355787483] [reset_pose]: Done.
Arm reset complete (exit 0).
requester: making request: std_srvs.srv.Trigger_Request()

response:
std_srvs.srv.Trigger_Response(success=True, message='Now in navigation mode.')

=== Navigating to table ===
requester: making request: std_srvs.srv.Trigger_Request()

response:
std_srvs.srv.Trigger_Response(success=True, message='Now in navigation mode.')

Set parameter successful
Waiting for an action server to become available...
Sending goal:
     pose:
  header:
    stamp:
      sec: 0
      nanosec: 0
    frame_id: map
  pose:
    position:
      x: 0.5688
      y: 1.6601
      z: 0.0
    orientation:
      x: 0.0
      y: 0.0
      z: -0.707
      w: 0.707
behavior_tree: ''

Goal accepted with ID: 3e9e041d163441ec8861879678ff0a5f

Result:
    result: {}

Goal finished with status: SUCCEEDED
Navigation succeeded!
Waiting for grasp service...
Grasp service ready!
=== Triggering grasp ===
requester: making request: std_srvs.srv.Trigger_Request()

response:
std_srvs.srv.Trigger_Response(success=True, message='Now in position mode.')

